PT_F39-2_bit_flip-100 Test Num : 1
Inject into ../bin/hello
----- Type : 2_bit_flip Pos : PT_F39 -----
There are 1 faults will be injected in faulttable...
101015 microseconds
Fault on PT_F39(0X7ffc46221e50 -> 0X7efc46221e70)
3000097 microseconds
timeout
[  2016-10-27 9:7:13]Process 20585 termed with signal 14(SIGALRM)
PT_F39-2_bit_flip-100 Test Num : 2
Inject into ../bin/hello
----- Type : 2_bit_flip Pos : PT_F39 -----
There are 1 faults will be injected in faulttable...
100982 microseconds
Fault on PT_F39(0X7ffe36994460 -> 0X807f7e36994460)
3000091 microseconds
timeout
[  2016-10-27 9:7:16]Process 20587 termed with signal 14(SIGALRM)
PT_F39-2_bit_flip-100 Test Num : 3
Inject into ../bin/hello
----- Type : 2_bit_flip Pos : PT_F39 -----
There are 1 faults will be injected in faulttable...
101071 microseconds
Fault on PT_F39(0X7ffc600b6be0 -> 0X7ffc600bebe8)
3000112 microseconds
timeout
[  2016-10-27 9:7:19]Process 20589 termed with signal 14(SIGALRM)
PT_F39-2_bit_flip-100 Test Num : 4
Inject into ../bin/hello
----- Type : 2_bit_flip Pos : PT_F39 -----
There are 1 faults will be injected in faulttable...
100366 microseconds
Fault on PT_F39(0X7fffaf9d13a0 -> 0X107fffaf9d13b0)
3000065 microseconds
timeout
[  2016-10-27 9:7:22]Process 20591 termed with signal 14(SIGALRM)
PT_F39-2_bit_flip-100 Test Num : 5
Inject into ../bin/hello
----- Type : 2_bit_flip Pos : PT_F39 -----
There are 1 faults will be injected in faulttable...
101055 microseconds
Fault on PT_F39(0X7ffc37fe3060 -> 0X40007ffc37ee3060)
3000112 microseconds
timeout
[  2016-10-27 9:7:26]Process 20593 termed with signal 14(SIGALRM)
PT_F39-2_bit_flip-100 Test Num : 6
Inject into ../bin/hello
----- Type : 2_bit_flip Pos : PT_F39 -----
There are 1 faults will be injected in faulttable...
101024 microseconds
Fault on PT_F39(0X7ffcff68dc80 -> 0X7ffcbf6cdc80)
3000092 microseconds
timeout
[  2016-10-27 9:7:29]Process 20595 termed with signal 14(SIGALRM)
PT_F39-2_bit_flip-100 Test Num : 7
Inject into ../bin/hello
----- Type : 2_bit_flip Pos : PT_F39 -----
There are 1 faults will be injected in faulttable...
101028 microseconds
Fault on PT_F39(0X7ffd78a25c70 -> 0X7eff78a25c70)
3000112 microseconds
timeout
[  2016-10-27 9:7:32]Process 20597 termed with signal 14(SIGALRM)
PT_F39-2_bit_flip-100 Test Num : 8
Inject into ../bin/hello
----- Type : 2_bit_flip Pos : PT_F39 -----
There are 1 faults will be injected in faulttable...
101216 microseconds
Fault on PT_F39(0X7ffee2a64be0 -> 0X4007ffee2a64be4)
3000065 microseconds
timeout
[  2016-10-27 9:7:35]Process 20599 termed with signal 14(SIGALRM)
PT_F39-2_bit_flip-100 Test Num : 9
Inject into ../bin/hello
----- Type : 2_bit_flip Pos : PT_F39 -----
There are 1 faults will be injected in faulttable...
100067 microseconds
Fault on PT_F39(0X7ffc77c12530 -> 0X7ffc77c125f0)
3000076 microseconds
timeout
[  2016-10-27 9:7:38]Process 20601 termed with signal 14(SIGALRM)
PT_F39-2_bit_flip-100 Test Num : 10
Inject into ../bin/hello
----- Type : 2_bit_flip Pos : PT_F39 -----
There are 1 faults will be injected in faulttable...
101018 microseconds
Fault on PT_F39(0X7fff15b52270 -> 0X7efb15b52270)
3000086 microseconds
timeout
[  2016-10-27 9:7:41]Process 20603 termed with signal 14(SIGALRM)
PT_F39-2_bit_flip-100 Test Num : 11
Inject into ../bin/hello
----- Type : 2_bit_flip Pos : PT_F39 -----
There are 1 faults will be injected in faulttable...
100879 microseconds
Fault on PT_F39(0X7ffec1f480a0 -> 0X7ffec1f490a4)
3000057 microseconds
timeout
[  2016-10-27 9:7:44]Process 20605 termed with signal 14(SIGALRM)
PT_F39-2_bit_flip-100 Test Num : 12
Inject into ../bin/hello
----- Type : 2_bit_flip Pos : PT_F39 -----
There are 1 faults will be injected in faulttable...
101009 microseconds
Fault on PT_F39(0X7ffe9e3c7cf0 -> 0X2007ffe9e1c7cf0)
3000081 microseconds
timeout
[  2016-10-27 9:7:47]Process 20608 termed with signal 14(SIGALRM)
PT_F39-2_bit_flip-100 Test Num : 13
Inject into ../bin/hello
----- Type : 2_bit_flip Pos : PT_F39 -----
There are 1 faults will be injected in faulttable...
100282 microseconds
Fault on PT_F39(0X7fff6838bc30 -> 0X7fbf6838be30)
3000081 microseconds
timeout
[  2016-10-27 9:7:50]Process 20632 termed with signal 14(SIGALRM)
PT_F39-2_bit_flip-100 Test Num : 14
Inject into ../bin/hello
----- Type : 2_bit_flip Pos : PT_F39 -----
There are 1 faults will be injected in faulttable...
101067 microseconds
Fault on PT_F39(0X7ffd1b0d2010 -> 0X10007ffd1b0d2014)
3000082 microseconds
timeout
[  2016-10-27 9:7:54]Process 20634 termed with signal 14(SIGALRM)
PT_F39-2_bit_flip-100 Test Num : 15
Inject into ../bin/hello
----- Type : 2_bit_flip Pos : PT_F39 -----
There are 1 faults will be injected in faulttable...
101165 microseconds
Fault on PT_F39(0X7ffd65cd0fc0 -> 0X7efd658d0fc0)
3000094 microseconds
timeout
[  2016-10-27 9:7:57]Process 20636 termed with signal 14(SIGALRM)
PT_F39-2_bit_flip-100 Test Num : 16
Inject into ../bin/hello
----- Type : 2_bit_flip Pos : PT_F39 -----
There are 1 faults will be injected in faulttable...
101351 microseconds
Fault on PT_F39(0X7ffed7cf27e0 -> 0X15ffed7cf27e0)
3000072 microseconds
timeout
[   2016-10-27 9:8:0]Process 20640 termed with signal 14(SIGALRM)
PT_F39-2_bit_flip-100 Test Num : 17
Inject into ../bin/hello
----- Type : 2_bit_flip Pos : PT_F39 -----
There are 1 faults will be injected in faulttable...
101047 microseconds
Fault on PT_F39(0X7ffcf01c5700 -> 0X7ffef01c4700)
3000104 microseconds
timeout
[   2016-10-27 9:8:3]Process 20643 termed with signal 14(SIGALRM)
PT_F39-2_bit_flip-100 Test Num : 18
Inject into ../bin/hello
----- Type : 2_bit_flip Pos : PT_F39 -----
There are 1 faults will be injected in faulttable...
101073 microseconds
Fault on PT_F39(0X7ffc174466d0 -> 0Xfffc154466d0)
3000089 microseconds
timeout
[   2016-10-27 9:8:6]Process 20645 termed with signal 14(SIGALRM)
PT_F39-2_bit_flip-100 Test Num : 19
Inject into ../bin/hello
----- Type : 2_bit_flip Pos : PT_F39 -----
There are 1 faults will be injected in faulttable...
100977 microseconds
Fault on PT_F39(0X7ffff3dea850 -> 0X87ffff7dea850)
3000074 microseconds
timeout
[   2016-10-27 9:8:9]Process 20647 termed with signal 14(SIGALRM)
PT_F39-2_bit_flip-100 Test Num : 20
Inject into ../bin/hello
----- Type : 2_bit_flip Pos : PT_F39 -----
There are 1 faults will be injected in faulttable...
101056 microseconds
Fault on PT_F39(0X7ffd7c589c00 -> 0X8007ffd7d589c00)
3000058 microseconds
timeout
[  2016-10-27 9:8:12]Process 20650 termed with signal 14(SIGALRM)
PT_F39-2_bit_flip-100 Test Num : 21
Inject into ../bin/hello
----- Type : 2_bit_flip Pos : PT_F39 -----
There are 1 faults will be injected in faulttable...
100914 microseconds
Fault on PT_F39(0X7ffd6d02b740 -> 0Xfffd6d02b7c0)
3000085 microseconds
timeout
[  2016-10-27 9:8:15]Process 20652 termed with signal 14(SIGALRM)
PT_F39-2_bit_flip-100 Test Num : 22
Inject into ../bin/hello
----- Type : 2_bit_flip Pos : PT_F39 -----
There are 1 faults will be injected in faulttable...
100932 microseconds
Fault on PT_F39(0X7ffcfa36e470 -> 0X6ffcfab6e470)
3000100 microseconds
timeout
[  2016-10-27 9:8:18]Process 20654 termed with signal 14(SIGALRM)
PT_F39-2_bit_flip-100 Test Num : 23
Inject into ../bin/hello
----- Type : 2_bit_flip Pos : PT_F39 -----
There are 1 faults will be injected in faulttable...
101081 microseconds
Fault on PT_F39(0X7ffee0a1ae80 -> 0X6ffee4a1ae80)
3000123 microseconds
timeout
[  2016-10-27 9:8:22]Process 20656 termed with signal 14(SIGALRM)
PT_F39-2_bit_flip-100 Test Num : 24
Inject into ../bin/hello
----- Type : 2_bit_flip Pos : PT_F39 -----
There are 1 faults will be injected in faulttable...
101330 microseconds
Fault on PT_F39(0X7ffc7514b0c0 -> 0X7ff47514a0c0)
3000071 microseconds
timeout
[  2016-10-27 9:8:25]Process 20658 termed with signal 14(SIGALRM)
PT_F39-2_bit_flip-100 Test Num : 25
Inject into ../bin/hello
----- Type : 2_bit_flip Pos : PT_F39 -----
There are 1 faults will be injected in faulttable...
101015 microseconds
Fault on PT_F39(0X7ffc1a600270 -> 0X6fbc1a600270)
3000059 microseconds
timeout
[  2016-10-27 9:8:28]Process 20660 termed with signal 14(SIGALRM)
PT_F39-2_bit_flip-100 Test Num : 26
Inject into ../bin/hello
----- Type : 2_bit_flip Pos : PT_F39 -----
There are 1 faults will be injected in faulttable...
100957 microseconds
Fault on PT_F39(0X7ffe03d2acc0 -> 0X7ffe07d28cc0)
3000064 microseconds
timeout
[  2016-10-27 9:8:31]Process 20662 termed with signal 14(SIGALRM)
PT_F39-2_bit_flip-100 Test Num : 27
Inject into ../bin/hello
----- Type : 2_bit_flip Pos : PT_F39 -----
There are 1 faults will be injected in faulttable...
100946 microseconds
Fault on PT_F39(0X7ffe47a303a0 -> 0X6ffe47e303a0)
3000062 microseconds
timeout
[  2016-10-27 9:8:34]Process 20664 termed with signal 14(SIGALRM)
PT_F39-2_bit_flip-100 Test Num : 28
Inject into ../bin/hello
----- Type : 2_bit_flip Pos : PT_F39 -----
There are 1 faults will be injected in faulttable...
101052 microseconds
Fault on PT_F39(0X7fff2fd8ed10 -> 0X207f7f2fd8ed10)
3000067 microseconds
timeout
[  2016-10-27 9:8:37]Process 20666 termed with signal 14(SIGALRM)
PT_F39-2_bit_flip-100 Test Num : 29
Inject into ../bin/hello
----- Type : 2_bit_flip Pos : PT_F39 -----
There are 1 faults will be injected in faulttable...
100924 microseconds
Fault on PT_F39(0X7ffee872e8f0 -> 0X2007ffee872e9f0)
3000096 microseconds
timeout
[  2016-10-27 9:8:40]Process 20668 termed with signal 14(SIGALRM)
PT_F39-2_bit_flip-100 Test Num : 30
Inject into ../bin/hello
----- Type : 2_bit_flip Pos : PT_F39 -----
There are 1 faults will be injected in faulttable...
100137 microseconds
Fault on PT_F39(0X7ffdd7c9d010 -> 0X80047ffdd7c9d010)
3000076 microseconds
timeout
[  2016-10-27 9:8:43]Process 20670 termed with signal 14(SIGALRM)
PT_F39-2_bit_flip-100 Test Num : 31
Inject into ../bin/hello
----- Type : 2_bit_flip Pos : PT_F39 -----
There are 1 faults will be injected in faulttable...
101059 microseconds
Fault on PT_F39(0X7ffd49097020 -> 0X7ffd41097021)
3000079 microseconds
timeout
[  2016-10-27 9:8:46]Process 20672 termed with signal 14(SIGALRM)
PT_F39-2_bit_flip-100 Test Num : 32
Inject into ../bin/hello
----- Type : 2_bit_flip Pos : PT_F39 -----
There are 1 faults will be injected in faulttable...
101004 microseconds
Fault on PT_F39(0X7fff48a04620 -> 0X107fff48a04e20)
3000137 microseconds
timeout
[  2016-10-27 9:8:50]Process 20674 termed with signal 14(SIGALRM)
PT_F39-2_bit_flip-100 Test Num : 33
Inject into ../bin/hello
----- Type : 2_bit_flip Pos : PT_F39 -----
There are 1 faults will be injected in faulttable...
101479 microseconds
Fault on PT_F39(0X7ffeb5cbb480 -> 0Xfffeb5cbb580)
3000090 microseconds
timeout
[  2016-10-27 9:8:53]Process 20676 termed with signal 14(SIGALRM)
PT_F39-2_bit_flip-100 Test Num : 34
Inject into ../bin/hello
----- Type : 2_bit_flip Pos : PT_F39 -----
There are 1 faults will be injected in faulttable...
101028 microseconds
Fault on PT_F39(0X7ffd44827720 -> 0X7efd4482f720)
3000068 microseconds
timeout
[  2016-10-27 9:8:56]Process 20678 termed with signal 14(SIGALRM)
PT_F39-2_bit_flip-100 Test Num : 35
Inject into ../bin/hello
----- Type : 2_bit_flip Pos : PT_F39 -----
There are 1 faults will be injected in faulttable...
100987 microseconds
Fault on PT_F39(0X7ffd83e136d0 -> 0X1007ffdc3e136d0)
3000130 microseconds
timeout
[  2016-10-27 9:8:59]Process 20680 termed with signal 14(SIGALRM)
PT_F39-2_bit_flip-100 Test Num : 36
Inject into ../bin/hello
----- Type : 2_bit_flip Pos : PT_F39 -----
There are 1 faults will be injected in faulttable...
101087 microseconds
Fault on PT_F39(0X7ffe9a55d270 -> 0X45ffe9a55d270)
3000089 microseconds
timeout
[   2016-10-27 9:9:2]Process 20682 termed with signal 14(SIGALRM)
PT_F39-2_bit_flip-100 Test Num : 37
Inject into ../bin/hello
----- Type : 2_bit_flip Pos : PT_F39 -----
There are 1 faults will be injected in faulttable...
101123 microseconds
Fault on PT_F39(0X7ffcf0bea3d0 -> 0X7ffcf2bea3d1)
3000092 microseconds
timeout
[   2016-10-27 9:9:5]Process 20684 termed with signal 14(SIGALRM)
PT_F39-2_bit_flip-100 Test Num : 38
Inject into ../bin/hello
----- Type : 2_bit_flip Pos : PT_F39 -----
There are 1 faults will be injected in faulttable...
101027 microseconds
Fault on PT_F39(0X7ffc1caebd10 -> 0X47ffc1daebd10)
3000080 microseconds
timeout
[   2016-10-27 9:9:8]Process 20686 termed with signal 14(SIGALRM)
PT_F39-2_bit_flip-100 Test Num : 39
Inject into ../bin/hello
----- Type : 2_bit_flip Pos : PT_F39 -----
There are 1 faults will be injected in faulttable...
101090 microseconds
Fault on PT_F39(0X7ffe0e9dbb30 -> 0X7efe069dbb30)
3000104 microseconds
timeout
[  2016-10-27 9:9:11]Process 20688 termed with signal 14(SIGALRM)
PT_F39-2_bit_flip-100 Test Num : 40
Inject into ../bin/hello
----- Type : 2_bit_flip Pos : PT_F39 -----
There are 1 faults will be injected in faulttable...
101208 microseconds
Fault on PT_F39(0X7ffc8fee0cf0 -> 0X7ffc8fec0cf8)
3000073 microseconds
timeout
[  2016-10-27 9:9:14]Process 20690 termed with signal 14(SIGALRM)
PT_F39-2_bit_flip-100 Test Num : 41
Inject into ../bin/hello
----- Type : 2_bit_flip Pos : PT_F39 -----
There are 1 faults will be injected in faulttable...
100991 microseconds
Fault on PT_F39(0X7fff56ef9b20 -> 0X10007fff56ed9b20)
3000089 microseconds
timeout
[  2016-10-27 9:9:18]Process 20692 termed with signal 14(SIGALRM)
PT_F39-2_bit_flip-100 Test Num : 42
Inject into ../bin/hello
----- Type : 2_bit_flip Pos : PT_F39 -----
There are 1 faults will be injected in faulttable...
101044 microseconds
Fault on PT_F39(0X7ffdd6b54c80 -> 0X8005ffdd6b54c80)
3000060 microseconds
timeout
[  2016-10-27 9:9:21]Process 20694 termed with signal 14(SIGALRM)
PT_F39-2_bit_flip-100 Test Num : 43
Inject into ../bin/hello
----- Type : 2_bit_flip Pos : PT_F39 -----
There are 1 faults will be injected in faulttable...
101118 microseconds
Fault on PT_F39(0X7ffce1ebb4d0 -> 0X80007ffde1ebb4d0)
3000106 microseconds
timeout
[  2016-10-27 9:9:24]Process 20696 termed with signal 14(SIGALRM)
PT_F39-2_bit_flip-100 Test Num : 44
Inject into ../bin/hello
----- Type : 2_bit_flip Pos : PT_F39 -----
There are 1 faults will be injected in faulttable...
100873 microseconds
Fault on PT_F39(0X7fff40fce8b0 -> 0X7dff40fce8a0)
3000135 microseconds
timeout
[  2016-10-27 9:9:27]Process 20698 termed with signal 14(SIGALRM)
PT_F39-2_bit_flip-100 Test Num : 45
Inject into ../bin/hello
----- Type : 2_bit_flip Pos : PT_F39 -----
There are 1 faults will be injected in faulttable...
100072 microseconds
Fault on PT_F39(0X7fff5fd05c80 -> 0X4006fff5fd05c80)
3000090 microseconds
timeout
[  2016-10-27 9:9:30]Process 20700 termed with signal 14(SIGALRM)
PT_F39-2_bit_flip-100 Test Num : 46
Inject into ../bin/hello
----- Type : 2_bit_flip Pos : PT_F39 -----
There are 1 faults will be injected in faulttable...
100099 microseconds
Fault on PT_F39(0X7ffffb6c06c0 -> 0X7ffdfb6c26c0)
3000074 microseconds
timeout
[  2016-10-27 9:9:33]Process 20702 termed with signal 14(SIGALRM)
PT_F39-2_bit_flip-100 Test Num : 47
Inject into ../bin/hello
----- Type : 2_bit_flip Pos : PT_F39 -----
There are 1 faults will be injected in faulttable...
101031 microseconds
Fault on PT_F39(0X7fff9f762ca0 -> 0X7f7f9f766ca0)
3000098 microseconds
timeout
[  2016-10-27 9:9:36]Process 20704 termed with signal 14(SIGALRM)
PT_F39-2_bit_flip-100 Test Num : 48
Inject into ../bin/hello
----- Type : 2_bit_flip Pos : PT_F39 -----
There are 1 faults will be injected in faulttable...
101423 microseconds
Fault on PT_F39(0X7ffd3552ab50 -> 0X7dfd3552a950)
3000160 microseconds
timeout
[  2016-10-27 9:9:39]Process 20706 termed with signal 14(SIGALRM)
PT_F39-2_bit_flip-100 Test Num : 49
Inject into ../bin/hello
----- Type : 2_bit_flip Pos : PT_F39 -----
There are 1 faults will be injected in faulttable...
100978 microseconds
Fault on PT_F39(0X7fffd5af9610 -> 0X7fffd5af9610)
3000075 microseconds
timeout
[  2016-10-27 9:9:42]Process 20708 termed with signal 14(SIGALRM)
PT_F39-2_bit_flip-100 Test Num : 50
Inject into ../bin/hello
----- Type : 2_bit_flip Pos : PT_F39 -----
There are 1 faults will be injected in faulttable...
100973 microseconds
Fault on PT_F39(0X7ffd40067c00 -> 0X7ffd40077c40)
3000091 microseconds
timeout
[  2016-10-27 9:9:46]Process 20710 termed with signal 14(SIGALRM)
PT_F39-2_bit_flip-100 Test Num : 51
Inject into ../bin/hello
----- Type : 2_bit_flip Pos : PT_F39 -----
There are 1 faults will be injected in faulttable...
101046 microseconds
Fault on PT_F39(0X7ffe5a24a840 -> 0X17ffe5824a840)
3000096 microseconds
timeout
[  2016-10-27 9:9:49]Process 20712 termed with signal 14(SIGALRM)
PT_F39-2_bit_flip-100 Test Num : 52
Inject into ../bin/hello
----- Type : 2_bit_flip Pos : PT_F39 -----
There are 1 faults will be injected in faulttable...
101186 microseconds
Fault on PT_F39(0X7ffcead550f0 -> 0X7ffce8dd50f0)
3000068 microseconds
timeout
[  2016-10-27 9:9:52]Process 20714 termed with signal 14(SIGALRM)
PT_F39-2_bit_flip-100 Test Num : 53
Inject into ../bin/hello
----- Type : 2_bit_flip Pos : PT_F39 -----
There are 1 faults will be injected in faulttable...
101041 microseconds
Fault on PT_F39(0X7ffe1aa590b0 -> 0X4007ffe1aa190b0)
3000072 microseconds
timeout
[  2016-10-27 9:9:55]Process 20716 termed with signal 14(SIGALRM)
PT_F39-2_bit_flip-100 Test Num : 54
Inject into ../bin/hello
----- Type : 2_bit_flip Pos : PT_F39 -----
There are 1 faults will be injected in faulttable...
101168 microseconds
Fault on PT_F39(0X7fff9dddde10 -> 0X7ff79ddddf10)
3000063 microseconds
timeout
[  2016-10-27 9:9:58]Process 20718 termed with signal 14(SIGALRM)
PT_F39-2_bit_flip-100 Test Num : 55
Inject into ../bin/hello
----- Type : 2_bit_flip Pos : PT_F39 -----
There are 1 faults will be injected in faulttable...
101097 microseconds
Fault on PT_F39(0X7ffe7e8a4a80 -> 0X7ffe7e824ac0)
3000069 microseconds
timeout
[  2016-10-27 9:10:1]Process 20720 termed with signal 14(SIGALRM)
PT_F39-2_bit_flip-100 Test Num : 56
Inject into ../bin/hello
----- Type : 2_bit_flip Pos : PT_F39 -----
There are 1 faults will be injected in faulttable...
101162 microseconds
Fault on PT_F39(0X7ffc40f34b50 -> 0X87ff840f34b50)
3000093 microseconds
timeout
[  2016-10-27 9:10:4]Process 20722 termed with signal 14(SIGALRM)
PT_F39-2_bit_flip-100 Test Num : 57
Inject into ../bin/hello
----- Type : 2_bit_flip Pos : PT_F39 -----
There are 1 faults will be injected in faulttable...
100150 microseconds
Fault on PT_F39(0X7ffc23a5c6b0 -> 0X7ffc33a5c6b8)
3000070 microseconds
timeout
[  2016-10-27 9:10:7]Process 20724 termed with signal 14(SIGALRM)
PT_F39-2_bit_flip-100 Test Num : 58
Inject into ../bin/hello
----- Type : 2_bit_flip Pos : PT_F39 -----
There are 1 faults will be injected in faulttable...
100099 microseconds
Fault on PT_F39(0X7ffe32167d70 -> 0X7fee32167d72)
3000123 microseconds
timeout
[ 2016-10-27 9:10:10]Process 20781 termed with signal 14(SIGALRM)
PT_F39-2_bit_flip-100 Test Num : 59
Inject into ../bin/hello
----- Type : 2_bit_flip Pos : PT_F39 -----
There are 1 faults will be injected in faulttable...
100999 microseconds
Fault on PT_F39(0X7ffe94edb690 -> 0X6ffe94fdb690)
3000069 microseconds
timeout
[ 2016-10-27 9:10:14]Process 20799 termed with signal 14(SIGALRM)
PT_F39-2_bit_flip-100 Test Num : 60
Inject into ../bin/hello
----- Type : 2_bit_flip Pos : PT_F39 -----
There are 1 faults will be injected in faulttable...
101043 microseconds
Fault on PT_F39(0X7ffec1677640 -> 0X10007ffec1673640)
3000090 microseconds
timeout
[ 2016-10-27 9:10:17]Process 20801 termed with signal 14(SIGALRM)
PT_F39-2_bit_flip-100 Test Num : 61
Inject into ../bin/hello
----- Type : 2_bit_flip Pos : PT_F39 -----
There are 1 faults will be injected in faulttable...
100990 microseconds
Fault on PT_F39(0X7ffd4c8d2f80 -> 0X7fbd448d2f80)
3000069 microseconds
timeout
[ 2016-10-27 9:10:20]Process 20803 termed with signal 14(SIGALRM)
PT_F39-2_bit_flip-100 Test Num : 62
Inject into ../bin/hello
----- Type : 2_bit_flip Pos : PT_F39 -----
There are 1 faults will be injected in faulttable...
100921 microseconds
Fault on PT_F39(0X7ffea362f810 -> 0X10107ffea362f810)
3000103 microseconds
timeout
[ 2016-10-27 9:10:23]Process 20805 termed with signal 14(SIGALRM)
PT_F39-2_bit_flip-100 Test Num : 63
Inject into ../bin/hello
----- Type : 2_bit_flip Pos : PT_F39 -----
There are 1 faults will be injected in faulttable...
100112 microseconds
Fault on PT_F39(0X7ffd4b4183f0 -> 0X7fff434183f0)
3000062 microseconds
timeout
[ 2016-10-27 9:10:26]Process 20807 termed with signal 14(SIGALRM)
PT_F39-2_bit_flip-100 Test Num : 64
Inject into ../bin/hello
----- Type : 2_bit_flip Pos : PT_F39 -----
There are 1 faults will be injected in faulttable...
100980 microseconds
Fault on PT_F39(0X7ffd26f8c380 -> 0X1107ffd26f8c380)
3000085 microseconds
timeout
[ 2016-10-27 9:10:29]Process 20809 termed with signal 14(SIGALRM)
PT_F39-2_bit_flip-100 Test Num : 65
Inject into ../bin/hello
----- Type : 2_bit_flip Pos : PT_F39 -----
There are 1 faults will be injected in faulttable...
100933 microseconds
Fault on PT_F39(0X7ffdf8232a50 -> 0X5ffdf9232a50)
3000080 microseconds
timeout
[ 2016-10-27 9:10:32]Process 20811 termed with signal 14(SIGALRM)
PT_F39-2_bit_flip-100 Test Num : 66
Inject into ../bin/hello
----- Type : 2_bit_flip Pos : PT_F39 -----
There are 1 faults will be injected in faulttable...
101065 microseconds
Fault on PT_F39(0X7ffd9f876b20 -> 0X407fff9f876b20)
3000083 microseconds
timeout
[ 2016-10-27 9:10:35]Process 20813 termed with signal 14(SIGALRM)
PT_F39-2_bit_flip-100 Test Num : 67
Inject into ../bin/hello
----- Type : 2_bit_flip Pos : PT_F39 -----
There are 1 faults will be injected in faulttable...
101263 microseconds
Fault on PT_F39(0X7ffcf2ee9160 -> 0X3ffcf2ea9160)
3000084 microseconds
timeout
[ 2016-10-27 9:10:38]Process 20815 termed with signal 14(SIGALRM)
PT_F39-2_bit_flip-100 Test Num : 68
Inject into ../bin/hello
----- Type : 2_bit_flip Pos : PT_F39 -----
There are 1 faults will be injected in faulttable...
101052 microseconds
Fault on PT_F39(0X7ffeb9732bc0 -> 0X20007efeb9732bc0)
3000068 microseconds
timeout
[ 2016-10-27 9:10:42]Process 20817 termed with signal 14(SIGALRM)
PT_F39-2_bit_flip-100 Test Num : 69
Inject into ../bin/hello
----- Type : 2_bit_flip Pos : PT_F39 -----
There are 1 faults will be injected in faulttable...
101048 microseconds
Fault on PT_F39(0X7ffd60930a00 -> 0X7ffd60930e80)
3000077 microseconds
timeout
[ 2016-10-27 9:10:45]Process 20819 termed with signal 14(SIGALRM)
PT_F39-2_bit_flip-100 Test Num : 70
Inject into ../bin/hello
----- Type : 2_bit_flip Pos : PT_F39 -----
There are 1 faults will be injected in faulttable...
101065 microseconds
Fault on PT_F39(0X7ffd26ab6d60 -> 0X7efd26ab2d60)
3000078 microseconds
timeout
[ 2016-10-27 9:10:48]Process 20821 termed with signal 14(SIGALRM)
PT_F39-2_bit_flip-100 Test Num : 71
Inject into ../bin/hello
----- Type : 2_bit_flip Pos : PT_F39 -----
There are 1 faults will be injected in faulttable...
101813 microseconds
Fault on PT_F39(0X7ffd0f6c5050 -> 0Xc7ffd0f6c5050)
3000092 microseconds
timeout
[ 2016-10-27 9:10:51]Process 20823 termed with signal 14(SIGALRM)
PT_F39-2_bit_flip-100 Test Num : 72
Inject into ../bin/hello
----- Type : 2_bit_flip Pos : PT_F39 -----
There are 1 faults will be injected in faulttable...
101035 microseconds
Fault on PT_F39(0X7fffbee22220 -> 0X4007fff3ee22220)
3000081 microseconds
timeout
[ 2016-10-27 9:10:54]Process 20826 termed with signal 14(SIGALRM)
PT_F39-2_bit_flip-100 Test Num : 73
Inject into ../bin/hello
----- Type : 2_bit_flip Pos : PT_F39 -----
There are 1 faults will be injected in faulttable...
100080 microseconds
Fault on PT_F39(0X7ffc6da8ee80 -> 0X7ff86da8ee00)
3000078 microseconds
timeout
[ 2016-10-27 9:10:57]Process 20828 termed with signal 14(SIGALRM)
PT_F39-2_bit_flip-100 Test Num : 74
Inject into ../bin/hello
----- Type : 2_bit_flip Pos : PT_F39 -----
There are 1 faults will be injected in faulttable...
100945 microseconds
Fault on PT_F39(0X7ffc8617ff10 -> 0X6ffc8617ff14)
3000062 microseconds
timeout
[  2016-10-27 9:11:0]Process 20831 termed with signal 14(SIGALRM)
PT_F39-2_bit_flip-100 Test Num : 75
Inject into ../bin/hello
----- Type : 2_bit_flip Pos : PT_F39 -----
There are 1 faults will be injected in faulttable...
101050 microseconds
Fault on PT_F39(0X7ffc323c6d00 -> 0X107ffc32bc6d00)
3000081 microseconds
timeout
[  2016-10-27 9:11:3]Process 20834 termed with signal 14(SIGALRM)
PT_F39-2_bit_flip-100 Test Num : 76
Inject into ../bin/hello
----- Type : 2_bit_flip Pos : PT_F39 -----
There are 1 faults will be injected in faulttable...
101007 microseconds
Fault on PT_F39(0X7ffcd8b5b3f0 -> 0X807ffcd8bdb3f0)
3000075 microseconds
timeout
[  2016-10-27 9:11:6]Process 20837 termed with signal 14(SIGALRM)
PT_F39-2_bit_flip-100 Test Num : 77
Inject into ../bin/hello
----- Type : 2_bit_flip Pos : PT_F39 -----
There are 1 faults will be injected in faulttable...
101025 microseconds
Fault on PT_F39(0X7ffc240ea600 -> 0X47ffc240ea608)
3000092 microseconds
timeout
[ 2016-10-27 9:11:10]Process 20839 termed with signal 14(SIGALRM)
PT_F39-2_bit_flip-100 Test Num : 78
Inject into ../bin/hello
----- Type : 2_bit_flip Pos : PT_F39 -----
There are 1 faults will be injected in faulttable...
101069 microseconds
Fault on PT_F39(0X7ffe4f27d610 -> 0X7ffe4d07d610)
3000108 microseconds
timeout
[ 2016-10-27 9:11:13]Process 20841 termed with signal 14(SIGALRM)
PT_F39-2_bit_flip-100 Test Num : 79
Inject into ../bin/hello
----- Type : 2_bit_flip Pos : PT_F39 -----
There are 1 faults will be injected in faulttable...
100947 microseconds
Fault on PT_F39(0X7ffe2f1e0200 -> 0X7ffe2f1a0280)
3000107 microseconds
timeout
[ 2016-10-27 9:11:16]Process 20843 termed with signal 14(SIGALRM)
PT_F39-2_bit_flip-100 Test Num : 80
Inject into ../bin/hello
----- Type : 2_bit_flip Pos : PT_F39 -----
There are 1 faults will be injected in faulttable...
101100 microseconds
Fault on PT_F39(0X7fffc19cbfe0 -> 0X7fffc19caf60)
3000075 microseconds
timeout
[ 2016-10-27 9:11:19]Process 20845 termed with signal 14(SIGALRM)
PT_F39-2_bit_flip-100 Test Num : 81
Inject into ../bin/hello
----- Type : 2_bit_flip Pos : PT_F39 -----
There are 1 faults will be injected in faulttable...
100060 microseconds
Fault on PT_F39(0X7ffd5320c4a0 -> 0X3ffd532084a0)
3000076 microseconds
timeout
[ 2016-10-27 9:11:22]Process 20847 termed with signal 14(SIGALRM)
PT_F39-2_bit_flip-100 Test Num : 82
Inject into ../bin/hello
----- Type : 2_bit_flip Pos : PT_F39 -----
There are 1 faults will be injected in faulttable...
100937 microseconds
Fault on PT_F39(0X7ffcf435ee90 -> 0X7f7cf435fe90)
3000117 microseconds
timeout
[ 2016-10-27 9:11:25]Process 20849 termed with signal 14(SIGALRM)
PT_F39-2_bit_flip-100 Test Num : 83
Inject into ../bin/hello
----- Type : 2_bit_flip Pos : PT_F39 -----
There are 1 faults will be injected in faulttable...
100986 microseconds
Fault on PT_F39(0X7fff2350e270 -> 0X7ffb6350e270)
3000074 microseconds
timeout
[ 2016-10-27 9:11:28]Process 20851 termed with signal 14(SIGALRM)
PT_F39-2_bit_flip-100 Test Num : 84
Inject into ../bin/hello
----- Type : 2_bit_flip Pos : PT_F39 -----
There are 1 faults will be injected in faulttable...
101310 microseconds
Fault on PT_F39(0X7ffd4839a790 -> 0X80007ffd4839a390)
3000132 microseconds
timeout
[ 2016-10-27 9:11:31]Process 20853 termed with signal 14(SIGALRM)
PT_F39-2_bit_flip-100 Test Num : 85
Inject into ../bin/hello
----- Type : 2_bit_flip Pos : PT_F39 -----
There are 1 faults will be injected in faulttable...
101259 microseconds
Fault on PT_F39(0X7ffdaec11a70 -> 0X77ddaec11a70)
3000084 microseconds
timeout
[ 2016-10-27 9:11:35]Process 20855 termed with signal 14(SIGALRM)
PT_F39-2_bit_flip-100 Test Num : 86
Inject into ../bin/hello
----- Type : 2_bit_flip Pos : PT_F39 -----
There are 1 faults will be injected in faulttable...
101096 microseconds
Fault on PT_F39(0X7ffca7d4e1e0 -> 0X7fbc87d4e1e0)
3000096 microseconds
timeout
[ 2016-10-27 9:11:38]Process 20857 termed with signal 14(SIGALRM)
PT_F39-2_bit_flip-100 Test Num : 87
Inject into ../bin/hello
----- Type : 2_bit_flip Pos : PT_F39 -----
There are 1 faults will be injected in faulttable...
101647 microseconds
Fault on PT_F39(0X7fff4a5d6620 -> 0X7fff4a5d67a0)
3000050 microseconds
timeout
[ 2016-10-27 9:11:41]Process 20859 termed with signal 14(SIGALRM)
PT_F39-2_bit_flip-100 Test Num : 88
Inject into ../bin/hello
----- Type : 2_bit_flip Pos : PT_F39 -----
There are 1 faults will be injected in faulttable...
100988 microseconds
Fault on PT_F39(0X7ffcaec22e60 -> 0X5ffca6c22e60)
3000066 microseconds
timeout
[ 2016-10-27 9:11:44]Process 20862 termed with signal 14(SIGALRM)
PT_F39-2_bit_flip-100 Test Num : 89
Inject into ../bin/hello
----- Type : 2_bit_flip Pos : PT_F39 -----
There are 1 faults will be injected in faulttable...
100946 microseconds
Fault on PT_F39(0X7ffd4879fc30 -> 0X7ffd4a78fc30)
3000102 microseconds
timeout
[ 2016-10-27 9:11:47]Process 20864 termed with signal 14(SIGALRM)
PT_F39-2_bit_flip-100 Test Num : 90
Inject into ../bin/hello
----- Type : 2_bit_flip Pos : PT_F39 -----
There are 1 faults will be injected in faulttable...
101002 microseconds
Fault on PT_F39(0X7ffd5cf12b50 -> 0X107ffd5cf12b58)
3000101 microseconds
timeout
[ 2016-10-27 9:11:50]Process 20868 termed with signal 14(SIGALRM)
PT_F39-2_bit_flip-100 Test Num : 91
Inject into ../bin/hello
----- Type : 2_bit_flip Pos : PT_F39 -----
There are 1 faults will be injected in faulttable...
100980 microseconds
Fault on PT_F39(0X7ffd39a60c20 -> 0X7f7db9a60c20)
3000113 microseconds
timeout
[ 2016-10-27 9:11:53]Process 20871 termed with signal 14(SIGALRM)
PT_F39-2_bit_flip-100 Test Num : 92
Inject into ../bin/hello
----- Type : 2_bit_flip Pos : PT_F39 -----
There are 1 faults will be injected in faulttable...
101125 microseconds
Fault on PT_F39(0X7ffc4c63bce0 -> 0X7ff44c63bde0)
3000075 microseconds
timeout
[ 2016-10-27 9:11:56]Process 20874 termed with signal 14(SIGALRM)
PT_F39-2_bit_flip-100 Test Num : 93
Inject into ../bin/hello
----- Type : 2_bit_flip Pos : PT_F39 -----
There are 1 faults will be injected in faulttable...
101118 microseconds
Fault on PT_F39(0X7ffef04e1b00 -> 0X8007ffef06e1b00)
3000094 microseconds
timeout
[ 2016-10-27 9:11:59]Process 20876 termed with signal 14(SIGALRM)
PT_F39-2_bit_flip-100 Test Num : 94
Inject into ../bin/hello
----- Type : 2_bit_flip Pos : PT_F39 -----
There are 1 faults will be injected in faulttable...
101058 microseconds
Fault on PT_F39(0X7ffd23503cb0 -> 0X3ffd23583cb0)
3000106 microseconds
timeout
[  2016-10-27 9:12:3]Process 20878 termed with signal 14(SIGALRM)
PT_F39-2_bit_flip-100 Test Num : 95
Inject into ../bin/hello
----- Type : 2_bit_flip Pos : PT_F39 -----
There are 1 faults will be injected in faulttable...
101385 microseconds
Fault on PT_F39(0X7ffe94ce7530 -> 0X7ffe94ce3538)
3000105 microseconds
timeout
[  2016-10-27 9:12:6]Process 20880 termed with signal 14(SIGALRM)
PT_F39-2_bit_flip-100 Test Num : 96
Inject into ../bin/hello
----- Type : 2_bit_flip Pos : PT_F39 -----
There are 1 faults will be injected in faulttable...
101115 microseconds
Fault on PT_F39(0X7ffd754e0960 -> 0X7bbd754e0960)
3000100 microseconds
timeout
[  2016-10-27 9:12:9]Process 20882 termed with signal 14(SIGALRM)
PT_F39-2_bit_flip-100 Test Num : 97
Inject into ../bin/hello
----- Type : 2_bit_flip Pos : PT_F39 -----
There are 1 faults will be injected in faulttable...
101101 microseconds
Fault on PT_F39(0X7ffdc1dcda10 -> 0X203ffdc1dcda10)
3000067 microseconds
timeout
[ 2016-10-27 9:12:12]Process 20885 termed with signal 14(SIGALRM)
PT_F39-2_bit_flip-100 Test Num : 98
Inject into ../bin/hello
----- Type : 2_bit_flip Pos : PT_F39 -----
There are 1 faults will be injected in faulttable...
101080 microseconds
Fault on PT_F39(0X7ffe61aa3f70 -> 0X6ffe61ae3f70)
3000086 microseconds
timeout
[ 2016-10-27 9:12:15]Process 20887 termed with signal 14(SIGALRM)
PT_F39-2_bit_flip-100 Test Num : 99
Inject into ../bin/hello
----- Type : 2_bit_flip Pos : PT_F39 -----
There are 1 faults will be injected in faulttable...
100070 microseconds
Fault on PT_F39(0X7ffeae319a50 -> 0X200077feae319a50)
3000175 microseconds
timeout
[ 2016-10-27 9:12:18]Process 20889 termed with signal 14(SIGALRM)
PT_F39-2_bit_flip-100 Test Num : 100
Inject into ../bin/hello
----- Type : 2_bit_flip Pos : PT_F39 -----
There are 1 faults will be injected in faulttable...
101076 microseconds
Fault on PT_F39(0X7ffdefd34c10 -> 0X4007ff9efd34c10)
3000057 microseconds
timeout
[ 2016-10-27 9:12:21]Process 20891 termed with signal 14(SIGALRM)
