PT_F39-plus_1-100 Test Num : 1
Inject into ../bin/hello
----- Type : plus_1 Pos : PT_F39 -----
There are 1 faults will be injected in faulttable...
101147 microseconds
Fault on PT_F39(0X7ffef8157c10 -> 0X7ffef8157c11)
3000087 microseconds
timeout
[ 2016-10-27 9:48:43]Process 25218 termed with signal 14(SIGALRM)
PT_F39-plus_1-100 Test Num : 2
Inject into ../bin/hello
----- Type : plus_1 Pos : PT_F39 -----
There are 1 faults will be injected in faulttable...
101079 microseconds
Fault on PT_F39(0X7ffe63a46280 -> 0X7ffe63a46281)
3000070 microseconds
timeout
[ 2016-10-27 9:48:47]Process 25220 termed with signal 14(SIGALRM)
PT_F39-plus_1-100 Test Num : 3
Inject into ../bin/hello
----- Type : plus_1 Pos : PT_F39 -----
There are 1 faults will be injected in faulttable...
100913 microseconds
Fault on PT_F39(0X7ffe0c1c3f90 -> 0X7ffe0c1c3f91)
3000083 microseconds
timeout
[ 2016-10-27 9:48:50]Process 25222 termed with signal 14(SIGALRM)
PT_F39-plus_1-100 Test Num : 4
Inject into ../bin/hello
----- Type : plus_1 Pos : PT_F39 -----
There are 1 faults will be injected in faulttable...
100977 microseconds
Fault on PT_F39(0X7ffee682cdc0 -> 0X7ffee682cdc1)
3000156 microseconds
timeout
[ 2016-10-27 9:48:53]Process 25224 termed with signal 14(SIGALRM)
PT_F39-plus_1-100 Test Num : 5
Inject into ../bin/hello
----- Type : plus_1 Pos : PT_F39 -----
There are 1 faults will be injected in faulttable...
101011 microseconds
Fault on PT_F39(0X7ffddb5ed650 -> 0X7ffddb5ed651)
3000077 microseconds
timeout
[ 2016-10-27 9:48:56]Process 25226 termed with signal 14(SIGALRM)
PT_F39-plus_1-100 Test Num : 6
Inject into ../bin/hello
----- Type : plus_1 Pos : PT_F39 -----
There are 1 faults will be injected in faulttable...
101040 microseconds
Fault on PT_F39(0X7fff1e204f50 -> 0X7fff1e204f51)
3000130 microseconds
timeout
[ 2016-10-27 9:48:59]Process 25228 termed with signal 14(SIGALRM)
PT_F39-plus_1-100 Test Num : 7
Inject into ../bin/hello
----- Type : plus_1 Pos : PT_F39 -----
There are 1 faults will be injected in faulttable...
101257 microseconds
Fault on PT_F39(0X7fff262b6d10 -> 0X7fff262b6d11)
3000122 microseconds
timeout
[  2016-10-27 9:49:2]Process 25230 termed with signal 14(SIGALRM)
PT_F39-plus_1-100 Test Num : 8
Inject into ../bin/hello
----- Type : plus_1 Pos : PT_F39 -----
There are 1 faults will be injected in faulttable...
100067 microseconds
Fault on PT_F39(0X7fffbe763420 -> 0X7fffbe763421)
3000093 microseconds
timeout
[  2016-10-27 9:49:5]Process 25232 termed with signal 14(SIGALRM)
PT_F39-plus_1-100 Test Num : 9
Inject into ../bin/hello
----- Type : plus_1 Pos : PT_F39 -----
There are 1 faults will be injected in faulttable...
100997 microseconds
Fault on PT_F39(0X7ffd48b33f80 -> 0X7ffd48b33f81)
3000103 microseconds
timeout
[  2016-10-27 9:49:8]Process 25234 termed with signal 14(SIGALRM)
PT_F39-plus_1-100 Test Num : 10
Inject into ../bin/hello
----- Type : plus_1 Pos : PT_F39 -----
There are 1 faults will be injected in faulttable...
101019 microseconds
Fault on PT_F39(0X7fff9943a020 -> 0X7fff9943a021)
3000061 microseconds
timeout
[ 2016-10-27 9:49:11]Process 25236 termed with signal 14(SIGALRM)
PT_F39-plus_1-100 Test Num : 11
Inject into ../bin/hello
----- Type : plus_1 Pos : PT_F39 -----
There are 1 faults will be injected in faulttable...
100988 microseconds
Fault on PT_F39(0X7ffdb5019d30 -> 0X7ffdb5019d31)
3000077 microseconds
timeout
[ 2016-10-27 9:49:15]Process 25238 termed with signal 14(SIGALRM)
PT_F39-plus_1-100 Test Num : 12
Inject into ../bin/hello
----- Type : plus_1 Pos : PT_F39 -----
There are 1 faults will be injected in faulttable...
101000 microseconds
Fault on PT_F39(0X7ffcf43fd150 -> 0X7ffcf43fd151)
3000110 microseconds
timeout
[ 2016-10-27 9:49:18]Process 25240 termed with signal 14(SIGALRM)
PT_F39-plus_1-100 Test Num : 13
Inject into ../bin/hello
----- Type : plus_1 Pos : PT_F39 -----
There are 1 faults will be injected in faulttable...
101021 microseconds
Fault on PT_F39(0X7ffe77098370 -> 0X7ffe77098371)
3000065 microseconds
timeout
[ 2016-10-27 9:49:21]Process 25242 termed with signal 14(SIGALRM)
PT_F39-plus_1-100 Test Num : 14
Inject into ../bin/hello
----- Type : plus_1 Pos : PT_F39 -----
There are 1 faults will be injected in faulttable...
101024 microseconds
Fault on PT_F39(0X7fffeedcac60 -> 0X7fffeedcac61)
3000097 microseconds
timeout
[ 2016-10-27 9:49:24]Process 25244 termed with signal 14(SIGALRM)
PT_F39-plus_1-100 Test Num : 15
Inject into ../bin/hello
----- Type : plus_1 Pos : PT_F39 -----
There are 1 faults will be injected in faulttable...
101006 microseconds
Fault on PT_F39(0X7ffd6bdffbe0 -> 0X7ffd6bdffbe1)
3000091 microseconds
timeout
[ 2016-10-27 9:49:27]Process 25246 termed with signal 14(SIGALRM)
PT_F39-plus_1-100 Test Num : 16
Inject into ../bin/hello
----- Type : plus_1 Pos : PT_F39 -----
There are 1 faults will be injected in faulttable...
101056 microseconds
Fault on PT_F39(0X7ffdb6da9480 -> 0X7ffdb6da9481)
3000058 microseconds
timeout
[ 2016-10-27 9:49:30]Process 25248 termed with signal 14(SIGALRM)
PT_F39-plus_1-100 Test Num : 17
Inject into ../bin/hello
----- Type : plus_1 Pos : PT_F39 -----
There are 1 faults will be injected in faulttable...
101034 microseconds
Fault on PT_F39(0X7fffc2109120 -> 0X7fffc2109121)
3000085 microseconds
timeout
[ 2016-10-27 9:49:33]Process 25250 termed with signal 14(SIGALRM)
PT_F39-plus_1-100 Test Num : 18
Inject into ../bin/hello
----- Type : plus_1 Pos : PT_F39 -----
There are 1 faults will be injected in faulttable...
101027 microseconds
Fault on PT_F39(0X7ffda314af20 -> 0X7ffda314af21)
3000113 microseconds
timeout
[ 2016-10-27 9:49:36]Process 25252 termed with signal 14(SIGALRM)
PT_F39-plus_1-100 Test Num : 19
Inject into ../bin/hello
----- Type : plus_1 Pos : PT_F39 -----
There are 1 faults will be injected in faulttable...
100956 microseconds
Fault on PT_F39(0X7ffc6b392a30 -> 0X7ffc6b392a31)
3000066 microseconds
timeout
[ 2016-10-27 9:49:39]Process 25254 termed with signal 14(SIGALRM)
PT_F39-plus_1-100 Test Num : 20
Inject into ../bin/hello
----- Type : plus_1 Pos : PT_F39 -----
There are 1 faults will be injected in faulttable...
100904 microseconds
Fault on PT_F39(0X7ffc60bc9040 -> 0X7ffc60bc9041)
3000094 microseconds
timeout
[ 2016-10-27 9:49:43]Process 25373 termed with signal 14(SIGALRM)
PT_F39-plus_1-100 Test Num : 21
Inject into ../bin/hello
----- Type : plus_1 Pos : PT_F39 -----
There are 1 faults will be injected in faulttable...
100971 microseconds
Fault on PT_F39(0X7ffd6a8ea1c0 -> 0X7ffd6a8ea1c1)
3000097 microseconds
timeout
[ 2016-10-27 9:49:46]Process 25414 termed with signal 14(SIGALRM)
PT_F39-plus_1-100 Test Num : 22
Inject into ../bin/hello
----- Type : plus_1 Pos : PT_F39 -----
There are 1 faults will be injected in faulttable...
100266 microseconds
Fault on PT_F39(0X7ffed2fc02d0 -> 0X7ffed2fc02d1)
3000091 microseconds
timeout
[ 2016-10-27 9:49:49]Process 25416 termed with signal 14(SIGALRM)
PT_F39-plus_1-100 Test Num : 23
Inject into ../bin/hello
----- Type : plus_1 Pos : PT_F39 -----
There are 1 faults will be injected in faulttable...
101344 microseconds
Fault on PT_F39(0X7ffcb081f190 -> 0X7ffcb081f191)
3000085 microseconds
timeout
[ 2016-10-27 9:49:52]Process 25418 termed with signal 14(SIGALRM)
PT_F39-plus_1-100 Test Num : 24
Inject into ../bin/hello
----- Type : plus_1 Pos : PT_F39 -----
There are 1 faults will be injected in faulttable...
101022 microseconds
Fault on PT_F39(0X7ffd35fe2f00 -> 0X7ffd35fe2f01)
3000137 microseconds
timeout
[ 2016-10-27 9:49:55]Process 25420 termed with signal 14(SIGALRM)
PT_F39-plus_1-100 Test Num : 25
Inject into ../bin/hello
----- Type : plus_1 Pos : PT_F39 -----
There are 1 faults will be injected in faulttable...
100071 microseconds
Fault on PT_F39(0X7fffa3d76cb0 -> 0X7fffa3d76cb1)
3000070 microseconds
timeout
[ 2016-10-27 9:49:58]Process 25422 termed with signal 14(SIGALRM)
PT_F39-plus_1-100 Test Num : 26
Inject into ../bin/hello
----- Type : plus_1 Pos : PT_F39 -----
There are 1 faults will be injected in faulttable...
101041 microseconds
Fault on PT_F39(0X7fffd34dd7c0 -> 0X7fffd34dd7c1)
3000076 microseconds
timeout
[  2016-10-27 9:50:1]Process 25424 termed with signal 14(SIGALRM)
PT_F39-plus_1-100 Test Num : 27
Inject into ../bin/hello
----- Type : plus_1 Pos : PT_F39 -----
There are 1 faults will be injected in faulttable...
100253 microseconds
Fault on PT_F39(0X7ffd553c3630 -> 0X7ffd553c3631)
3000067 microseconds
timeout
[  2016-10-27 9:50:4]Process 25426 termed with signal 14(SIGALRM)
PT_F39-plus_1-100 Test Num : 28
Inject into ../bin/hello
----- Type : plus_1 Pos : PT_F39 -----
There are 1 faults will be injected in faulttable...
101087 microseconds
Fault on PT_F39(0X7ffdd7b7bc40 -> 0X7ffdd7b7bc41)
3000128 microseconds
timeout
[  2016-10-27 9:50:7]Process 25428 termed with signal 14(SIGALRM)
PT_F39-plus_1-100 Test Num : 29
Inject into ../bin/hello
----- Type : plus_1 Pos : PT_F39 -----
There are 1 faults will be injected in faulttable...
101088 microseconds
Fault on PT_F39(0X7fff133733c0 -> 0X7fff133733c1)
3000057 microseconds
timeout
[ 2016-10-27 9:50:11]Process 25430 termed with signal 14(SIGALRM)
PT_F39-plus_1-100 Test Num : 30
Inject into ../bin/hello
----- Type : plus_1 Pos : PT_F39 -----
There are 1 faults will be injected in faulttable...
101047 microseconds
Fault on PT_F39(0X7ffeedccfd20 -> 0X7ffeedccfd21)
3000090 microseconds
timeout
[ 2016-10-27 9:50:14]Process 25432 termed with signal 14(SIGALRM)
PT_F39-plus_1-100 Test Num : 31
Inject into ../bin/hello
----- Type : plus_1 Pos : PT_F39 -----
There are 1 faults will be injected in faulttable...
101042 microseconds
Fault on PT_F39(0X7fff8fb76a50 -> 0X7fff8fb76a51)
3000088 microseconds
timeout
[ 2016-10-27 9:50:17]Process 25436 termed with signal 14(SIGALRM)
PT_F39-plus_1-100 Test Num : 32
Inject into ../bin/hello
----- Type : plus_1 Pos : PT_F39 -----
There are 1 faults will be injected in faulttable...
101136 microseconds
Fault on PT_F39(0X7fff06d91f00 -> 0X7fff06d91f01)
3000098 microseconds
timeout
[ 2016-10-27 9:50:20]Process 25438 termed with signal 14(SIGALRM)
PT_F39-plus_1-100 Test Num : 33
Inject into ../bin/hello
----- Type : plus_1 Pos : PT_F39 -----
There are 1 faults will be injected in faulttable...
100083 microseconds
Fault on PT_F39(0X7ffe866c5390 -> 0X7ffe866c5391)
3000111 microseconds
timeout
[ 2016-10-27 9:50:23]Process 25440 termed with signal 14(SIGALRM)
PT_F39-plus_1-100 Test Num : 34
Inject into ../bin/hello
----- Type : plus_1 Pos : PT_F39 -----
There are 1 faults will be injected in faulttable...
100869 microseconds
Fault on PT_F39(0X7ffd8564baa0 -> 0X7ffd8564baa1)
3000069 microseconds
timeout
[ 2016-10-27 9:50:26]Process 25442 termed with signal 14(SIGALRM)
PT_F39-plus_1-100 Test Num : 35
Inject into ../bin/hello
----- Type : plus_1 Pos : PT_F39 -----
There are 1 faults will be injected in faulttable...
100112 microseconds
Fault on PT_F39(0X7fff5c759220 -> 0X7fff5c759221)
3000108 microseconds
timeout
[ 2016-10-27 9:50:29]Process 25444 termed with signal 14(SIGALRM)
PT_F39-plus_1-100 Test Num : 36
Inject into ../bin/hello
----- Type : plus_1 Pos : PT_F39 -----
There are 1 faults will be injected in faulttable...
100963 microseconds
Fault on PT_F39(0X7fff695f7a80 -> 0X7fff695f7a81)
3000065 microseconds
timeout
[ 2016-10-27 9:50:32]Process 25446 termed with signal 14(SIGALRM)
PT_F39-plus_1-100 Test Num : 37
Inject into ../bin/hello
----- Type : plus_1 Pos : PT_F39 -----
There are 1 faults will be injected in faulttable...
100117 microseconds
Fault on PT_F39(0X7ffebdaf7b30 -> 0X7ffebdaf7b31)
3000083 microseconds
timeout
[ 2016-10-27 9:50:35]Process 25448 termed with signal 14(SIGALRM)
PT_F39-plus_1-100 Test Num : 38
Inject into ../bin/hello
----- Type : plus_1 Pos : PT_F39 -----
There are 1 faults will be injected in faulttable...
101063 microseconds
Fault on PT_F39(0X7ffedaa92430 -> 0X7ffedaa92431)
3000070 microseconds
timeout
[ 2016-10-27 9:50:39]Process 25450 termed with signal 14(SIGALRM)
PT_F39-plus_1-100 Test Num : 39
Inject into ../bin/hello
----- Type : plus_1 Pos : PT_F39 -----
There are 1 faults will be injected in faulttable...
101148 microseconds
Fault on PT_F39(0X7ffc8aa85620 -> 0X7ffc8aa85621)
3000082 microseconds
timeout
[ 2016-10-27 9:50:42]Process 25454 termed with signal 14(SIGALRM)
PT_F39-plus_1-100 Test Num : 40
Inject into ../bin/hello
----- Type : plus_1 Pos : PT_F39 -----
There are 1 faults will be injected in faulttable...
101182 microseconds
Fault on PT_F39(0X7ffcaafc5a20 -> 0X7ffcaafc5a21)
3000081 microseconds
timeout
[ 2016-10-27 9:50:45]Process 25463 termed with signal 14(SIGALRM)
PT_F39-plus_1-100 Test Num : 41
Inject into ../bin/hello
----- Type : plus_1 Pos : PT_F39 -----
There are 1 faults will be injected in faulttable...
101076 microseconds
Fault on PT_F39(0X7fff7c839cd0 -> 0X7fff7c839cd1)
3000095 microseconds
timeout
[ 2016-10-27 9:50:48]Process 25465 termed with signal 14(SIGALRM)
PT_F39-plus_1-100 Test Num : 42
Inject into ../bin/hello
----- Type : plus_1 Pos : PT_F39 -----
There are 1 faults will be injected in faulttable...
101256 microseconds
Fault on PT_F39(0X7fff0de4f9e0 -> 0X7fff0de4f9e1)
3000057 microseconds
timeout
[ 2016-10-27 9:50:51]Process 25467 termed with signal 14(SIGALRM)
PT_F39-plus_1-100 Test Num : 43
Inject into ../bin/hello
----- Type : plus_1 Pos : PT_F39 -----
There are 1 faults will be injected in faulttable...
101040 microseconds
Fault on PT_F39(0X7fff02749ab0 -> 0X7fff02749ab1)
3000061 microseconds
timeout
[ 2016-10-27 9:50:54]Process 25470 termed with signal 14(SIGALRM)
PT_F39-plus_1-100 Test Num : 44
Inject into ../bin/hello
----- Type : plus_1 Pos : PT_F39 -----
There are 1 faults will be injected in faulttable...
100102 microseconds
Fault on PT_F39(0X7ffd23681a30 -> 0X7ffd23681a31)
3000103 microseconds
timeout
[ 2016-10-27 9:50:57]Process 25472 termed with signal 14(SIGALRM)
PT_F39-plus_1-100 Test Num : 45
Inject into ../bin/hello
----- Type : plus_1 Pos : PT_F39 -----
There are 1 faults will be injected in faulttable...
101073 microseconds
Fault on PT_F39(0X7ffcc5dceb20 -> 0X7ffcc5dceb21)
3000108 microseconds
timeout
[  2016-10-27 9:51:0]Process 25474 termed with signal 14(SIGALRM)
PT_F39-plus_1-100 Test Num : 46
Inject into ../bin/hello
----- Type : plus_1 Pos : PT_F39 -----
There are 1 faults will be injected in faulttable...
101053 microseconds
Fault on PT_F39(0X7ffc5a2c4020 -> 0X7ffc5a2c4021)
3000124 microseconds
timeout
[  2016-10-27 9:51:3]Process 25477 termed with signal 14(SIGALRM)
PT_F39-plus_1-100 Test Num : 47
Inject into ../bin/hello
----- Type : plus_1 Pos : PT_F39 -----
There are 1 faults will be injected in faulttable...
100077 microseconds
Fault on PT_F39(0X7ffe8a27b150 -> 0X7ffe8a27b151)
3000079 microseconds
timeout
[  2016-10-27 9:51:7]Process 25479 termed with signal 14(SIGALRM)
PT_F39-plus_1-100 Test Num : 48
Inject into ../bin/hello
----- Type : plus_1 Pos : PT_F39 -----
There are 1 faults will be injected in faulttable...
100074 microseconds
Fault on PT_F39(0X7fff0f41c2b0 -> 0X7fff0f41c2b1)
3000057 microseconds
timeout
[ 2016-10-27 9:51:10]Process 25481 termed with signal 14(SIGALRM)
PT_F39-plus_1-100 Test Num : 49
Inject into ../bin/hello
----- Type : plus_1 Pos : PT_F39 -----
There are 1 faults will be injected in faulttable...
101100 microseconds
Fault on PT_F39(0X7fff572913f0 -> 0X7fff572913f1)
3000094 microseconds
timeout
[ 2016-10-27 9:51:13]Process 25483 termed with signal 14(SIGALRM)
PT_F39-plus_1-100 Test Num : 50
Inject into ../bin/hello
----- Type : plus_1 Pos : PT_F39 -----
There are 1 faults will be injected in faulttable...
101792 microseconds
Fault on PT_F39(0X7ffef3e2ac30 -> 0X7ffef3e2ac31)
3000087 microseconds
timeout
[ 2016-10-27 9:51:16]Process 25485 termed with signal 14(SIGALRM)
PT_F39-plus_1-100 Test Num : 51
Inject into ../bin/hello
----- Type : plus_1 Pos : PT_F39 -----
There are 1 faults will be injected in faulttable...
101305 microseconds
Fault on PT_F39(0X7ffe7c870dc0 -> 0X7ffe7c870dc1)
3000083 microseconds
timeout
[ 2016-10-27 9:51:19]Process 25487 termed with signal 14(SIGALRM)
PT_F39-plus_1-100 Test Num : 52
Inject into ../bin/hello
----- Type : plus_1 Pos : PT_F39 -----
There are 1 faults will be injected in faulttable...
101037 microseconds
Fault on PT_F39(0X7ffebc2e91a0 -> 0X7ffebc2e91a1)
3000119 microseconds
timeout
[ 2016-10-27 9:51:22]Process 25489 termed with signal 14(SIGALRM)
PT_F39-plus_1-100 Test Num : 53
Inject into ../bin/hello
----- Type : plus_1 Pos : PT_F39 -----
There are 1 faults will be injected in faulttable...
101143 microseconds
Fault on PT_F39(0X7fff4ece73d0 -> 0X7fff4ece73d1)
3000095 microseconds
timeout
[ 2016-10-27 9:51:25]Process 25491 termed with signal 14(SIGALRM)
PT_F39-plus_1-100 Test Num : 54
Inject into ../bin/hello
----- Type : plus_1 Pos : PT_F39 -----
There are 1 faults will be injected in faulttable...
101014 microseconds
Fault on PT_F39(0X7fff88363460 -> 0X7fff88363461)
3000105 microseconds
timeout
[ 2016-10-27 9:51:28]Process 25493 termed with signal 14(SIGALRM)
PT_F39-plus_1-100 Test Num : 55
Inject into ../bin/hello
----- Type : plus_1 Pos : PT_F39 -----
There are 1 faults will be injected in faulttable...
101038 microseconds
Fault on PT_F39(0X7ffcb1d94520 -> 0X7ffcb1d94521)
3000061 microseconds
timeout
[ 2016-10-27 9:51:31]Process 25495 termed with signal 14(SIGALRM)
PT_F39-plus_1-100 Test Num : 56
Inject into ../bin/hello
----- Type : plus_1 Pos : PT_F39 -----
There are 1 faults will be injected in faulttable...
100915 microseconds
Fault on PT_F39(0X7ffdce448210 -> 0X7ffdce448211)
3000070 microseconds
timeout
[ 2016-10-27 9:51:35]Process 25497 termed with signal 14(SIGALRM)
PT_F39-plus_1-100 Test Num : 57
Inject into ../bin/hello
----- Type : plus_1 Pos : PT_F39 -----
There are 1 faults will be injected in faulttable...
101372 microseconds
Fault on PT_F39(0X7ffd97f89540 -> 0X7ffd97f89541)
3000062 microseconds
timeout
[ 2016-10-27 9:51:38]Process 25499 termed with signal 14(SIGALRM)
PT_F39-plus_1-100 Test Num : 58
Inject into ../bin/hello
----- Type : plus_1 Pos : PT_F39 -----
There are 1 faults will be injected in faulttable...
100991 microseconds
Fault on PT_F39(0X7ffee2d96640 -> 0X7ffee2d96641)
3000233 microseconds
timeout
[ 2016-10-27 9:51:41]Process 25501 termed with signal 14(SIGALRM)
PT_F39-plus_1-100 Test Num : 59
Inject into ../bin/hello
----- Type : plus_1 Pos : PT_F39 -----
There are 1 faults will be injected in faulttable...
100160 microseconds
Fault on PT_F39(0X7ffffceb8020 -> 0X7ffffceb8021)
3000087 microseconds
timeout
[ 2016-10-27 9:51:44]Process 25503 termed with signal 14(SIGALRM)
PT_F39-plus_1-100 Test Num : 60
Inject into ../bin/hello
----- Type : plus_1 Pos : PT_F39 -----
There are 1 faults will be injected in faulttable...
101122 microseconds
Fault on PT_F39(0X7fffa1f92900 -> 0X7fffa1f92901)
3000084 microseconds
timeout
[ 2016-10-27 9:51:47]Process 25505 termed with signal 14(SIGALRM)
PT_F39-plus_1-100 Test Num : 61
Inject into ../bin/hello
----- Type : plus_1 Pos : PT_F39 -----
There are 1 faults will be injected in faulttable...
101000 microseconds
Fault on PT_F39(0X7ffc22b311a0 -> 0X7ffc22b311a1)
3000080 microseconds
timeout
[ 2016-10-27 9:51:50]Process 25507 termed with signal 14(SIGALRM)
PT_F39-plus_1-100 Test Num : 62
Inject into ../bin/hello
----- Type : plus_1 Pos : PT_F39 -----
There are 1 faults will be injected in faulttable...
100984 microseconds
Fault on PT_F39(0X7ffd671d4550 -> 0X7ffd671d4551)
3000081 microseconds
timeout
[ 2016-10-27 9:51:53]Process 25509 termed with signal 14(SIGALRM)
PT_F39-plus_1-100 Test Num : 63
Inject into ../bin/hello
----- Type : plus_1 Pos : PT_F39 -----
There are 1 faults will be injected in faulttable...
101003 microseconds
Fault on PT_F39(0X7ffd740bf160 -> 0X7ffd740bf161)
3000087 microseconds
timeout
[ 2016-10-27 9:51:56]Process 25511 termed with signal 14(SIGALRM)
PT_F39-plus_1-100 Test Num : 64
Inject into ../bin/hello
----- Type : plus_1 Pos : PT_F39 -----
There are 1 faults will be injected in faulttable...
101027 microseconds
Fault on PT_F39(0X7ffcc4df2c10 -> 0X7ffcc4df2c11)
3000148 microseconds
timeout
[  2016-10-27 9:52:0]Process 25513 termed with signal 14(SIGALRM)
PT_F39-plus_1-100 Test Num : 65
Inject into ../bin/hello
----- Type : plus_1 Pos : PT_F39 -----
There are 1 faults will be injected in faulttable...
101630 microseconds
Fault on PT_F39(0X7ffd578cd320 -> 0X7ffd578cd321)
3000135 microseconds
timeout
[  2016-10-27 9:52:3]Process 25515 termed with signal 14(SIGALRM)
PT_F39-plus_1-100 Test Num : 66
Inject into ../bin/hello
----- Type : plus_1 Pos : PT_F39 -----
There are 1 faults will be injected in faulttable...
101163 microseconds
Fault on PT_F39(0X7ffda62d3e80 -> 0X7ffda62d3e81)
3000190 microseconds
timeout
[  2016-10-27 9:52:6]Process 25517 termed with signal 14(SIGALRM)
PT_F39-plus_1-100 Test Num : 67
Inject into ../bin/hello
----- Type : plus_1 Pos : PT_F39 -----
There are 1 faults will be injected in faulttable...
101064 microseconds
Fault on PT_F39(0X7ffd3ba2fa70 -> 0X7ffd3ba2fa71)
3000060 microseconds
timeout
[  2016-10-27 9:52:9]Process 25519 termed with signal 14(SIGALRM)
PT_F39-plus_1-100 Test Num : 68
Inject into ../bin/hello
----- Type : plus_1 Pos : PT_F39 -----
There are 1 faults will be injected in faulttable...
100148 microseconds
Fault on PT_F39(0X7fffcb143bd0 -> 0X7fffcb143bd1)
3000096 microseconds
timeout
[ 2016-10-27 9:52:12]Process 25521 termed with signal 14(SIGALRM)
PT_F39-plus_1-100 Test Num : 69
Inject into ../bin/hello
----- Type : plus_1 Pos : PT_F39 -----
There are 1 faults will be injected in faulttable...
101082 microseconds
Fault on PT_F39(0X7ffc1b99d590 -> 0X7ffc1b99d591)
3000066 microseconds
timeout
[ 2016-10-27 9:52:15]Process 25523 termed with signal 14(SIGALRM)
PT_F39-plus_1-100 Test Num : 70
Inject into ../bin/hello
----- Type : plus_1 Pos : PT_F39 -----
There are 1 faults will be injected in faulttable...
100974 microseconds
Fault on PT_F39(0X7fffb3e84350 -> 0X7fffb3e84351)
3000095 microseconds
timeout
[ 2016-10-27 9:52:18]Process 25525 termed with signal 14(SIGALRM)
PT_F39-plus_1-100 Test Num : 71
Inject into ../bin/hello
----- Type : plus_1 Pos : PT_F39 -----
There are 1 faults will be injected in faulttable...
101265 microseconds
Fault on PT_F39(0X7ffdfa6021a0 -> 0X7ffdfa6021a1)
3000059 microseconds
timeout
[ 2016-10-27 9:52:21]Process 25527 termed with signal 14(SIGALRM)
PT_F39-plus_1-100 Test Num : 72
Inject into ../bin/hello
----- Type : plus_1 Pos : PT_F39 -----
There are 1 faults will be injected in faulttable...
100930 microseconds
Fault on PT_F39(0X7ffc2bdb0b40 -> 0X7ffc2bdb0b41)
3000086 microseconds
timeout
[ 2016-10-27 9:52:24]Process 25529 termed with signal 14(SIGALRM)
PT_F39-plus_1-100 Test Num : 73
Inject into ../bin/hello
----- Type : plus_1 Pos : PT_F39 -----
There are 1 faults will be injected in faulttable...
101288 microseconds
Fault on PT_F39(0X7ffd09ad0710 -> 0X7ffd09ad0711)
3000078 microseconds
timeout
[ 2016-10-27 9:52:28]Process 25531 termed with signal 14(SIGALRM)
PT_F39-plus_1-100 Test Num : 74
Inject into ../bin/hello
----- Type : plus_1 Pos : PT_F39 -----
There are 1 faults will be injected in faulttable...
101092 microseconds
Fault on PT_F39(0X7ffc1fba4680 -> 0X7ffc1fba4681)
3000064 microseconds
timeout
[ 2016-10-27 9:52:31]Process 25533 termed with signal 14(SIGALRM)
PT_F39-plus_1-100 Test Num : 75
Inject into ../bin/hello
----- Type : plus_1 Pos : PT_F39 -----
There are 1 faults will be injected in faulttable...
100096 microseconds
Fault on PT_F39(0X7ffd796c3730 -> 0X7ffd796c3731)
3000063 microseconds
timeout
[ 2016-10-27 9:52:34]Process 25535 termed with signal 14(SIGALRM)
PT_F39-plus_1-100 Test Num : 76
Inject into ../bin/hello
----- Type : plus_1 Pos : PT_F39 -----
There are 1 faults will be injected in faulttable...
101051 microseconds
Fault on PT_F39(0X7fff415b3ba0 -> 0X7fff415b3ba1)
3000073 microseconds
timeout
[ 2016-10-27 9:52:37]Process 25537 termed with signal 14(SIGALRM)
PT_F39-plus_1-100 Test Num : 77
Inject into ../bin/hello
----- Type : plus_1 Pos : PT_F39 -----
There are 1 faults will be injected in faulttable...
100084 microseconds
Fault on PT_F39(0X7ffff0e94cb0 -> 0X7ffff0e94cb1)
3000107 microseconds
timeout
[ 2016-10-27 9:52:40]Process 25539 termed with signal 14(SIGALRM)
PT_F39-plus_1-100 Test Num : 78
Inject into ../bin/hello
----- Type : plus_1 Pos : PT_F39 -----
There are 1 faults will be injected in faulttable...
101360 microseconds
Fault on PT_F39(0X7ffe05d3f850 -> 0X7ffe05d3f851)
3000066 microseconds
timeout
[ 2016-10-27 9:52:43]Process 25541 termed with signal 14(SIGALRM)
PT_F39-plus_1-100 Test Num : 79
Inject into ../bin/hello
----- Type : plus_1 Pos : PT_F39 -----
There are 1 faults will be injected in faulttable...
100992 microseconds
Fault on PT_F39(0X7ffda13c4de0 -> 0X7ffda13c4de1)
3000122 microseconds
timeout
[ 2016-10-27 9:52:46]Process 25543 termed with signal 14(SIGALRM)
PT_F39-plus_1-100 Test Num : 80
Inject into ../bin/hello
----- Type : plus_1 Pos : PT_F39 -----
There are 1 faults will be injected in faulttable...
101244 microseconds
Fault on PT_F39(0X7ffd6b6493a0 -> 0X7ffd6b6493a1)
3000141 microseconds
timeout
[ 2016-10-27 9:52:49]Process 25545 termed with signal 14(SIGALRM)
PT_F39-plus_1-100 Test Num : 81
Inject into ../bin/hello
----- Type : plus_1 Pos : PT_F39 -----
There are 1 faults will be injected in faulttable...
101164 microseconds
Fault on PT_F39(0X7fff0c24b660 -> 0X7fff0c24b661)
3000074 microseconds
timeout
[ 2016-10-27 9:52:52]Process 25547 termed with signal 14(SIGALRM)
PT_F39-plus_1-100 Test Num : 82
Inject into ../bin/hello
----- Type : plus_1 Pos : PT_F39 -----
There are 1 faults will be injected in faulttable...
101104 microseconds
Fault on PT_F39(0X7ffcd0026730 -> 0X7ffcd0026731)
3000086 microseconds
timeout
[ 2016-10-27 9:52:56]Process 25549 termed with signal 14(SIGALRM)
PT_F39-plus_1-100 Test Num : 83
Inject into ../bin/hello
----- Type : plus_1 Pos : PT_F39 -----
There are 1 faults will be injected in faulttable...
100072 microseconds
Fault on PT_F39(0X7ffde27c0060 -> 0X7ffde27c0061)
3000114 microseconds
timeout
[ 2016-10-27 9:52:59]Process 25551 termed with signal 14(SIGALRM)
PT_F39-plus_1-100 Test Num : 84
Inject into ../bin/hello
----- Type : plus_1 Pos : PT_F39 -----
There are 1 faults will be injected in faulttable...
101146 microseconds
Fault on PT_F39(0X7ffe304da3d0 -> 0X7ffe304da3d1)
3000064 microseconds
timeout
[  2016-10-27 9:53:2]Process 25553 termed with signal 14(SIGALRM)
PT_F39-plus_1-100 Test Num : 85
Inject into ../bin/hello
----- Type : plus_1 Pos : PT_F39 -----
There are 1 faults will be injected in faulttable...
101071 microseconds
Fault on PT_F39(0X7ffef5938ea0 -> 0X7ffef5938ea1)
3000086 microseconds
timeout
[  2016-10-27 9:53:5]Process 25555 termed with signal 14(SIGALRM)
PT_F39-plus_1-100 Test Num : 86
Inject into ../bin/hello
----- Type : plus_1 Pos : PT_F39 -----
There are 1 faults will be injected in faulttable...
100123 microseconds
Fault on PT_F39(0X7ffe1998db80 -> 0X7ffe1998db81)
3000108 microseconds
timeout
[  2016-10-27 9:53:8]Process 25557 termed with signal 14(SIGALRM)
PT_F39-plus_1-100 Test Num : 87
Inject into ../bin/hello
----- Type : plus_1 Pos : PT_F39 -----
There are 1 faults will be injected in faulttable...
101309 microseconds
Fault on PT_F39(0X7ffe9ae17b70 -> 0X7ffe9ae17b71)
3000057 microseconds
timeout
[ 2016-10-27 9:53:11]Process 25559 termed with signal 14(SIGALRM)
PT_F39-plus_1-100 Test Num : 88
Inject into ../bin/hello
----- Type : plus_1 Pos : PT_F39 -----
There are 1 faults will be injected in faulttable...
100929 microseconds
Fault on PT_F39(0X7ffeaac82260 -> 0X7ffeaac82261)
3000085 microseconds
timeout
[ 2016-10-27 9:53:14]Process 25561 termed with signal 14(SIGALRM)
PT_F39-plus_1-100 Test Num : 89
Inject into ../bin/hello
----- Type : plus_1 Pos : PT_F39 -----
There are 1 faults will be injected in faulttable...
100095 microseconds
Fault on PT_F39(0X7fffeeb37090 -> 0X7fffeeb37091)
3000073 microseconds
timeout
[ 2016-10-27 9:53:17]Process 25563 termed with signal 14(SIGALRM)
PT_F39-plus_1-100 Test Num : 90
Inject into ../bin/hello
----- Type : plus_1 Pos : PT_F39 -----
There are 1 faults will be injected in faulttable...
101104 microseconds
Fault on PT_F39(0X7fffa35c00b0 -> 0X7fffa35c00b1)
3000090 microseconds
timeout
[ 2016-10-27 9:53:20]Process 25565 termed with signal 14(SIGALRM)
PT_F39-plus_1-100 Test Num : 91
Inject into ../bin/hello
----- Type : plus_1 Pos : PT_F39 -----
There are 1 faults will be injected in faulttable...
100904 microseconds
Fault on PT_F39(0X7fffc2283200 -> 0X7fffc2283201)
3000094 microseconds
timeout
[ 2016-10-27 9:53:24]Process 25567 termed with signal 14(SIGALRM)
PT_F39-plus_1-100 Test Num : 92
Inject into ../bin/hello
----- Type : plus_1 Pos : PT_F39 -----
There are 1 faults will be injected in faulttable...
100980 microseconds
Fault on PT_F39(0X7ffc5677f8c0 -> 0X7ffc5677f8c1)
3000110 microseconds
timeout
[ 2016-10-27 9:53:27]Process 25641 termed with signal 14(SIGALRM)
PT_F39-plus_1-100 Test Num : 93
Inject into ../bin/hello
----- Type : plus_1 Pos : PT_F39 -----
There are 1 faults will be injected in faulttable...
101166 microseconds
Fault on PT_F39(0X7fff6ec42940 -> 0X7fff6ec42941)
3000096 microseconds
timeout
[ 2016-10-27 9:53:30]Process 25643 termed with signal 14(SIGALRM)
PT_F39-plus_1-100 Test Num : 94
Inject into ../bin/hello
----- Type : plus_1 Pos : PT_F39 -----
There are 1 faults will be injected in faulttable...
101033 microseconds
Fault on PT_F39(0X7ffc7a40a130 -> 0X7ffc7a40a131)
3000063 microseconds
timeout
[ 2016-10-27 9:53:33]Process 25684 termed with signal 14(SIGALRM)
PT_F39-plus_1-100 Test Num : 95
Inject into ../bin/hello
----- Type : plus_1 Pos : PT_F39 -----
There are 1 faults will be injected in faulttable...
101121 microseconds
Fault on PT_F39(0X7ffc0e686500 -> 0X7ffc0e686501)
3000090 microseconds
timeout
[ 2016-10-27 9:53:36]Process 25686 termed with signal 14(SIGALRM)
PT_F39-plus_1-100 Test Num : 96
Inject into ../bin/hello
----- Type : plus_1 Pos : PT_F39 -----
There are 1 faults will be injected in faulttable...
101167 microseconds
Fault on PT_F39(0X7ffc00d28700 -> 0X7ffc00d28701)
3000057 microseconds
timeout
[ 2016-10-27 9:53:39]Process 25688 termed with signal 14(SIGALRM)
PT_F39-plus_1-100 Test Num : 97
Inject into ../bin/hello
----- Type : plus_1 Pos : PT_F39 -----
There are 1 faults will be injected in faulttable...
101014 microseconds
Fault on PT_F39(0X7ffdc29f61b0 -> 0X7ffdc29f61b1)
3000080 microseconds
timeout
[ 2016-10-27 9:53:42]Process 25690 termed with signal 14(SIGALRM)
PT_F39-plus_1-100 Test Num : 98
Inject into ../bin/hello
----- Type : plus_1 Pos : PT_F39 -----
There are 1 faults will be injected in faulttable...
100975 microseconds
Fault on PT_F39(0X7fff4a45c330 -> 0X7fff4a45c331)
3000083 microseconds
timeout
[ 2016-10-27 9:53:45]Process 25692 termed with signal 14(SIGALRM)
PT_F39-plus_1-100 Test Num : 99
Inject into ../bin/hello
----- Type : plus_1 Pos : PT_F39 -----
There are 1 faults will be injected in faulttable...
100968 microseconds
Fault on PT_F39(0X7ffc0e282130 -> 0X7ffc0e282131)
3000074 microseconds
timeout
[ 2016-10-27 9:53:48]Process 25694 termed with signal 14(SIGALRM)
PT_F39-plus_1-100 Test Num : 100
Inject into ../bin/hello
----- Type : plus_1 Pos : PT_F39 -----
There are 1 faults will be injected in faulttable...
101027 microseconds
Fault on PT_F39(0X7fffcfc11b50 -> 0X7fffcfc11b51)
3000074 microseconds
timeout
[ 2016-10-27 9:53:52]Process 25696 termed with signal 14(SIGALRM)
