PT_F39-plus_5-100 Test Num : 1
Inject into ../bin/hello
----- Type : plus_5 Pos : PT_F39 -----
There are 1 faults will be injected in faulttable...
101263 microseconds
Fault on PT_F39(0X7ffd5b6ea8d0 -> 0X7ffd5b6ea8d5)
3000054 microseconds
timeout
[ 2016-10-27 10:9:29]Process 30309 termed with signal 14(SIGALRM)
PT_F39-plus_5-100 Test Num : 2
Inject into ../bin/hello
----- Type : plus_5 Pos : PT_F39 -----
There are 1 faults will be injected in faulttable...
101208 microseconds
Fault on PT_F39(0X7fff95e1b1a0 -> 0X7fff95e1b1a5)
3000068 microseconds
timeout
[ 2016-10-27 10:9:32]Process 30311 termed with signal 14(SIGALRM)
PT_F39-plus_5-100 Test Num : 3
Inject into ../bin/hello
----- Type : plus_5 Pos : PT_F39 -----
There are 1 faults will be injected in faulttable...
100991 microseconds
Fault on PT_F39(0X7ffca56a3d70 -> 0X7ffca56a3d75)
3000079 microseconds
timeout
[ 2016-10-27 10:9:35]Process 30313 termed with signal 14(SIGALRM)
PT_F39-plus_5-100 Test Num : 4
Inject into ../bin/hello
----- Type : plus_5 Pos : PT_F39 -----
There are 1 faults will be injected in faulttable...
100939 microseconds
Fault on PT_F39(0X7ffcf8404050 -> 0X7ffcf8404055)
3000066 microseconds
timeout
[ 2016-10-27 10:9:38]Process 30315 termed with signal 14(SIGALRM)
PT_F39-plus_5-100 Test Num : 5
Inject into ../bin/hello
----- Type : plus_5 Pos : PT_F39 -----
There are 1 faults will be injected in faulttable...
100108 microseconds
Fault on PT_F39(0X7fff6c773d60 -> 0X7fff6c773d65)
3000101 microseconds
timeout
[ 2016-10-27 10:9:41]Process 30317 termed with signal 14(SIGALRM)
PT_F39-plus_5-100 Test Num : 6
Inject into ../bin/hello
----- Type : plus_5 Pos : PT_F39 -----
There are 1 faults will be injected in faulttable...
101336 microseconds
Fault on PT_F39(0X7ffd1727ae50 -> 0X7ffd1727ae55)
3000131 microseconds
timeout
[ 2016-10-27 10:9:44]Process 30319 termed with signal 14(SIGALRM)
PT_F39-plus_5-100 Test Num : 7
Inject into ../bin/hello
----- Type : plus_5 Pos : PT_F39 -----
There are 1 faults will be injected in faulttable...
101515 microseconds
Fault on PT_F39(0X7ffcb7eec810 -> 0X7ffcb7eec815)
3000098 microseconds
timeout
[ 2016-10-27 10:9:47]Process 30321 termed with signal 14(SIGALRM)
PT_F39-plus_5-100 Test Num : 8
Inject into ../bin/hello
----- Type : plus_5 Pos : PT_F39 -----
There are 1 faults will be injected in faulttable...
101026 microseconds
Fault on PT_F39(0X7ffeff9799e0 -> 0X7ffeff9799e5)
3000065 microseconds
timeout
[ 2016-10-27 10:9:50]Process 30323 termed with signal 14(SIGALRM)
PT_F39-plus_5-100 Test Num : 9
Inject into ../bin/hello
----- Type : plus_5 Pos : PT_F39 -----
There are 1 faults will be injected in faulttable...
101096 microseconds
Fault on PT_F39(0X7ffdc03c19c0 -> 0X7ffdc03c19c5)
3000100 microseconds
timeout
[ 2016-10-27 10:9:54]Process 30325 termed with signal 14(SIGALRM)
PT_F39-plus_5-100 Test Num : 10
Inject into ../bin/hello
----- Type : plus_5 Pos : PT_F39 -----
There are 1 faults will be injected in faulttable...
101330 microseconds
Fault on PT_F39(0X7ffeb08c43a0 -> 0X7ffeb08c43a5)
3000075 microseconds
timeout
[ 2016-10-27 10:9:57]Process 30327 termed with signal 14(SIGALRM)
PT_F39-plus_5-100 Test Num : 11
Inject into ../bin/hello
----- Type : plus_5 Pos : PT_F39 -----
There are 1 faults will be injected in faulttable...
100935 microseconds
Fault on PT_F39(0X7ffcad0dede0 -> 0X7ffcad0dede5)
3000066 microseconds
timeout
[ 2016-10-27 10:10:0]Process 30329 termed with signal 14(SIGALRM)
PT_F39-plus_5-100 Test Num : 12
Inject into ../bin/hello
----- Type : plus_5 Pos : PT_F39 -----
There are 1 faults will be injected in faulttable...
100932 microseconds
Fault on PT_F39(0X7ffc9f5c9bb0 -> 0X7ffc9f5c9bb5)
3000211 microseconds
timeout
[ 2016-10-27 10:10:3]Process 30331 termed with signal 14(SIGALRM)
PT_F39-plus_5-100 Test Num : 13
Inject into ../bin/hello
----- Type : plus_5 Pos : PT_F39 -----
There are 1 faults will be injected in faulttable...
101043 microseconds
Fault on PT_F39(0X7ffc760bf050 -> 0X7ffc760bf055)
3000057 microseconds
timeout
[ 2016-10-27 10:10:6]Process 30333 termed with signal 14(SIGALRM)
PT_F39-plus_5-100 Test Num : 14
Inject into ../bin/hello
----- Type : plus_5 Pos : PT_F39 -----
There are 1 faults will be injected in faulttable...
100969 microseconds
Fault on PT_F39(0X7ffe4087b410 -> 0X7ffe4087b415)
3000075 microseconds
timeout
[ 2016-10-27 10:10:9]Process 30335 termed with signal 14(SIGALRM)
PT_F39-plus_5-100 Test Num : 15
Inject into ../bin/hello
----- Type : plus_5 Pos : PT_F39 -----
There are 1 faults will be injected in faulttable...
101018 microseconds
Fault on PT_F39(0X7ffcbc0c7ee0 -> 0X7ffcbc0c7ee5)
3000106 microseconds
timeout
[2016-10-27 10:10:12]Process 30337 termed with signal 14(SIGALRM)
PT_F39-plus_5-100 Test Num : 16
Inject into ../bin/hello
----- Type : plus_5 Pos : PT_F39 -----
There are 1 faults will be injected in faulttable...
101162 microseconds
Fault on PT_F39(0X7ffce8776310 -> 0X7ffce8776315)
3000086 microseconds
timeout
[2016-10-27 10:10:15]Process 30339 termed with signal 14(SIGALRM)
PT_F39-plus_5-100 Test Num : 17
Inject into ../bin/hello
----- Type : plus_5 Pos : PT_F39 -----
There are 1 faults will be injected in faulttable...
101109 microseconds
Fault on PT_F39(0X7fff17812230 -> 0X7fff17812235)
3000073 microseconds
timeout
[2016-10-27 10:10:18]Process 30341 termed with signal 14(SIGALRM)
PT_F39-plus_5-100 Test Num : 18
Inject into ../bin/hello
----- Type : plus_5 Pos : PT_F39 -----
There are 1 faults will be injected in faulttable...
100967 microseconds
Fault on PT_F39(0X7ffc57530360 -> 0X7ffc57530365)
3000082 microseconds
timeout
[2016-10-27 10:10:22]Process 30343 termed with signal 14(SIGALRM)
PT_F39-plus_5-100 Test Num : 19
Inject into ../bin/hello
----- Type : plus_5 Pos : PT_F39 -----
There are 1 faults will be injected in faulttable...
100917 microseconds
Fault on PT_F39(0X7ffcd6665740 -> 0X7ffcd6665745)
3000076 microseconds
timeout
[2016-10-27 10:10:25]Process 30345 termed with signal 14(SIGALRM)
PT_F39-plus_5-100 Test Num : 20
Inject into ../bin/hello
----- Type : plus_5 Pos : PT_F39 -----
There are 1 faults will be injected in faulttable...
100955 microseconds
Fault on PT_F39(0X7fff448a6d90 -> 0X7fff448a6d95)
3000074 microseconds
timeout
[2016-10-27 10:10:28]Process 30347 termed with signal 14(SIGALRM)
PT_F39-plus_5-100 Test Num : 21
Inject into ../bin/hello
----- Type : plus_5 Pos : PT_F39 -----
There are 1 faults will be injected in faulttable...
101152 microseconds
Fault on PT_F39(0X7ffe8b601470 -> 0X7ffe8b601475)
3000098 microseconds
timeout
[2016-10-27 10:10:31]Process 30387 termed with signal 14(SIGALRM)
PT_F39-plus_5-100 Test Num : 22
Inject into ../bin/hello
----- Type : plus_5 Pos : PT_F39 -----
There are 1 faults will be injected in faulttable...
101194 microseconds
Fault on PT_F39(0X7ffd179fd2c0 -> 0X7ffd179fd2c5)
3000071 microseconds
timeout
[2016-10-27 10:10:34]Process 30500 termed with signal 14(SIGALRM)
PT_F39-plus_5-100 Test Num : 23
Inject into ../bin/hello
----- Type : plus_5 Pos : PT_F39 -----
There are 1 faults will be injected in faulttable...
101123 microseconds
Fault on PT_F39(0X7ffd1f915ed0 -> 0X7ffd1f915ed5)
3000109 microseconds
timeout
[2016-10-27 10:10:37]Process 30651 termed with signal 14(SIGALRM)
PT_F39-plus_5-100 Test Num : 24
Inject into ../bin/hello
----- Type : plus_5 Pos : PT_F39 -----
There are 1 faults will be injected in faulttable...
101074 microseconds
Fault on PT_F39(0X7fff065dba20 -> 0X7fff065dba25)
3000112 microseconds
timeout
[2016-10-27 10:10:40]Process 30840 termed with signal 14(SIGALRM)
PT_F39-plus_5-100 Test Num : 25
Inject into ../bin/hello
----- Type : plus_5 Pos : PT_F39 -----
There are 1 faults will be injected in faulttable...
101038 microseconds
Fault on PT_F39(0X7ffdcdaaac90 -> 0X7ffdcdaaac95)
3000074 microseconds
timeout
[2016-10-27 10:10:43]Process 30880 termed with signal 14(SIGALRM)
PT_F39-plus_5-100 Test Num : 26
Inject into ../bin/hello
----- Type : plus_5 Pos : PT_F39 -----
There are 1 faults will be injected in faulttable...
100124 microseconds
Fault on PT_F39(0X7ffc1903e5b0 -> 0X7ffc1903e5b5)
3000074 microseconds
timeout
[2016-10-27 10:10:46]Process 30882 termed with signal 14(SIGALRM)
PT_F39-plus_5-100 Test Num : 27
Inject into ../bin/hello
----- Type : plus_5 Pos : PT_F39 -----
There are 1 faults will be injected in faulttable...
101244 microseconds
Fault on PT_F39(0X7ffffcd41c40 -> 0X7ffffcd41c45)
3000112 microseconds
timeout
[2016-10-27 10:10:50]Process 30884 termed with signal 14(SIGALRM)
PT_F39-plus_5-100 Test Num : 28
Inject into ../bin/hello
----- Type : plus_5 Pos : PT_F39 -----
There are 1 faults will be injected in faulttable...
101053 microseconds
Fault on PT_F39(0X7ffc5ae80760 -> 0X7ffc5ae80765)
3000108 microseconds
timeout
[2016-10-27 10:10:53]Process 30886 termed with signal 14(SIGALRM)
PT_F39-plus_5-100 Test Num : 29
Inject into ../bin/hello
----- Type : plus_5 Pos : PT_F39 -----
There are 1 faults will be injected in faulttable...
101028 microseconds
Fault on PT_F39(0X7fff1687f280 -> 0X7fff1687f285)
3000057 microseconds
timeout
[2016-10-27 10:10:56]Process 30888 termed with signal 14(SIGALRM)
PT_F39-plus_5-100 Test Num : 30
Inject into ../bin/hello
----- Type : plus_5 Pos : PT_F39 -----
There are 1 faults will be injected in faulttable...
100961 microseconds
Fault on PT_F39(0X7ffe4e54f1e0 -> 0X7ffe4e54f1e5)
3000083 microseconds
timeout
[2016-10-27 10:10:59]Process 30890 termed with signal 14(SIGALRM)
PT_F39-plus_5-100 Test Num : 31
Inject into ../bin/hello
----- Type : plus_5 Pos : PT_F39 -----
There are 1 faults will be injected in faulttable...
100946 microseconds
Fault on PT_F39(0X7ffc67a69280 -> 0X7ffc67a69285)
3000067 microseconds
timeout
[ 2016-10-27 10:11:2]Process 30892 termed with signal 14(SIGALRM)
PT_F39-plus_5-100 Test Num : 32
Inject into ../bin/hello
----- Type : plus_5 Pos : PT_F39 -----
There are 1 faults will be injected in faulttable...
101287 microseconds
Fault on PT_F39(0X7ffe1023e530 -> 0X7ffe1023e535)
3000092 microseconds
timeout
[ 2016-10-27 10:11:5]Process 30894 termed with signal 14(SIGALRM)
PT_F39-plus_5-100 Test Num : 33
Inject into ../bin/hello
----- Type : plus_5 Pos : PT_F39 -----
There are 1 faults will be injected in faulttable...
101588 microseconds
Fault on PT_F39(0X7ffe8f2aa480 -> 0X7ffe8f2aa485)
3000106 microseconds
timeout
[ 2016-10-27 10:11:8]Process 30897 termed with signal 14(SIGALRM)
PT_F39-plus_5-100 Test Num : 34
Inject into ../bin/hello
----- Type : plus_5 Pos : PT_F39 -----
There are 1 faults will be injected in faulttable...
101010 microseconds
Fault on PT_F39(0X7ffd04c697d0 -> 0X7ffd04c697d5)
3000140 microseconds
timeout
[2016-10-27 10:11:11]Process 30899 termed with signal 14(SIGALRM)
PT_F39-plus_5-100 Test Num : 35
Inject into ../bin/hello
----- Type : plus_5 Pos : PT_F39 -----
There are 1 faults will be injected in faulttable...
100127 microseconds
Fault on PT_F39(0X7ffc69b68750 -> 0X7ffc69b68755)
3000081 microseconds
timeout
[2016-10-27 10:11:15]Process 30901 termed with signal 14(SIGALRM)
PT_F39-plus_5-100 Test Num : 36
Inject into ../bin/hello
----- Type : plus_5 Pos : PT_F39 -----
There are 1 faults will be injected in faulttable...
101242 microseconds
Fault on PT_F39(0X7ffd59885020 -> 0X7ffd59885025)
3000124 microseconds
timeout
[2016-10-27 10:11:18]Process 30903 termed with signal 14(SIGALRM)
PT_F39-plus_5-100 Test Num : 37
Inject into ../bin/hello
----- Type : plus_5 Pos : PT_F39 -----
There are 1 faults will be injected in faulttable...
101197 microseconds
Fault on PT_F39(0X7ffd1d3e4bb0 -> 0X7ffd1d3e4bb5)
3000100 microseconds
timeout
[2016-10-27 10:11:21]Process 30905 termed with signal 14(SIGALRM)
PT_F39-plus_5-100 Test Num : 38
Inject into ../bin/hello
----- Type : plus_5 Pos : PT_F39 -----
There are 1 faults will be injected in faulttable...
101077 microseconds
Fault on PT_F39(0X7ffecc728390 -> 0X7ffecc728395)
3000085 microseconds
timeout
[2016-10-27 10:11:24]Process 30907 termed with signal 14(SIGALRM)
PT_F39-plus_5-100 Test Num : 39
Inject into ../bin/hello
----- Type : plus_5 Pos : PT_F39 -----
There are 1 faults will be injected in faulttable...
101300 microseconds
Fault on PT_F39(0X7ffdb0205f90 -> 0X7ffdb0205f95)
3000079 microseconds
timeout
[2016-10-27 10:11:27]Process 30909 termed with signal 14(SIGALRM)
PT_F39-plus_5-100 Test Num : 40
Inject into ../bin/hello
----- Type : plus_5 Pos : PT_F39 -----
There are 1 faults will be injected in faulttable...
101262 microseconds
Fault on PT_F39(0X7ffefba4dd30 -> 0X7ffefba4dd35)
3000131 microseconds
timeout
[2016-10-27 10:11:30]Process 30911 termed with signal 14(SIGALRM)
PT_F39-plus_5-100 Test Num : 41
Inject into ../bin/hello
----- Type : plus_5 Pos : PT_F39 -----
There are 1 faults will be injected in faulttable...
101090 microseconds
Fault on PT_F39(0X7ffcf172e1f0 -> 0X7ffcf172e1f5)
3000073 microseconds
timeout
[2016-10-27 10:11:33]Process 30914 termed with signal 14(SIGALRM)
PT_F39-plus_5-100 Test Num : 42
Inject into ../bin/hello
----- Type : plus_5 Pos : PT_F39 -----
There are 1 faults will be injected in faulttable...
101067 microseconds
Fault on PT_F39(0X7ffea337f3c0 -> 0X7ffea337f3c5)
3000102 microseconds
timeout
[2016-10-27 10:11:36]Process 30953 termed with signal 14(SIGALRM)
PT_F39-plus_5-100 Test Num : 43
Inject into ../bin/hello
----- Type : plus_5 Pos : PT_F39 -----
There are 1 faults will be injected in faulttable...
100163 microseconds
Fault on PT_F39(0X7fff69a5b220 -> 0X7fff69a5b225)
3000161 microseconds
timeout
[2016-10-27 10:11:39]Process 30991 termed with signal 14(SIGALRM)
PT_F39-plus_5-100 Test Num : 44
Inject into ../bin/hello
----- Type : plus_5 Pos : PT_F39 -----
There are 1 faults will be injected in faulttable...
101268 microseconds
Fault on PT_F39(0X7ffd9f564bc0 -> 0X7ffd9f564bc5)
3000238 microseconds
timeout
[2016-10-27 10:11:43]Process 30993 termed with signal 14(SIGALRM)
PT_F39-plus_5-100 Test Num : 45
Inject into ../bin/hello
----- Type : plus_5 Pos : PT_F39 -----
There are 1 faults will be injected in faulttable...
101089 microseconds
Fault on PT_F39(0X7fff1f0e60a0 -> 0X7fff1f0e60a5)
3000071 microseconds
timeout
[2016-10-27 10:11:46]Process 30996 termed with signal 14(SIGALRM)
PT_F39-plus_5-100 Test Num : 46
Inject into ../bin/hello
----- Type : plus_5 Pos : PT_F39 -----
There are 1 faults will be injected in faulttable...
101191 microseconds
Fault on PT_F39(0X7ffe9223efa0 -> 0X7ffe9223efa5)
3000091 microseconds
timeout
[2016-10-27 10:11:49]Process 30998 termed with signal 14(SIGALRM)
PT_F39-plus_5-100 Test Num : 47
Inject into ../bin/hello
----- Type : plus_5 Pos : PT_F39 -----
There are 1 faults will be injected in faulttable...
100986 microseconds
Fault on PT_F39(0X7ffcb7375bf0 -> 0X7ffcb7375bf5)
3000081 microseconds
timeout
[2016-10-27 10:11:52]Process 31071 termed with signal 14(SIGALRM)
PT_F39-plus_5-100 Test Num : 48
Inject into ../bin/hello
----- Type : plus_5 Pos : PT_F39 -----
There are 1 faults will be injected in faulttable...
101189 microseconds
Fault on PT_F39(0X7ffdc3971b40 -> 0X7ffdc3971b45)
3000113 microseconds
timeout
[2016-10-27 10:11:55]Process 31145 termed with signal 14(SIGALRM)
PT_F39-plus_5-100 Test Num : 49
Inject into ../bin/hello
----- Type : plus_5 Pos : PT_F39 -----
There are 1 faults will be injected in faulttable...
100996 microseconds
Fault on PT_F39(0X7ffca4d52c60 -> 0X7ffca4d52c65)
3000126 microseconds
timeout
[2016-10-27 10:11:58]Process 31219 termed with signal 14(SIGALRM)
PT_F39-plus_5-100 Test Num : 50
Inject into ../bin/hello
----- Type : plus_5 Pos : PT_F39 -----
There are 1 faults will be injected in faulttable...
101056 microseconds
Fault on PT_F39(0X7fff5dbf8b70 -> 0X7fff5dbf8b75)
3000072 microseconds
timeout
[ 2016-10-27 10:12:1]Process 31222 termed with signal 14(SIGALRM)
PT_F39-plus_5-100 Test Num : 51
Inject into ../bin/hello
----- Type : plus_5 Pos : PT_F39 -----
There are 1 faults will be injected in faulttable...
101001 microseconds
Fault on PT_F39(0X7ffdfed2b170 -> 0X7ffdfed2b175)
3000143 microseconds
timeout
[ 2016-10-27 10:12:4]Process 31224 termed with signal 14(SIGALRM)
PT_F39-plus_5-100 Test Num : 52
Inject into ../bin/hello
----- Type : plus_5 Pos : PT_F39 -----
There are 1 faults will be injected in faulttable...
101146 microseconds
Fault on PT_F39(0X7ffd56bb2950 -> 0X7ffd56bb2955)
3000096 microseconds
timeout
[ 2016-10-27 10:12:7]Process 31261 termed with signal 14(SIGALRM)
PT_F39-plus_5-100 Test Num : 53
Inject into ../bin/hello
----- Type : plus_5 Pos : PT_F39 -----
There are 1 faults will be injected in faulttable...
101584 microseconds
Fault on PT_F39(0X7ffe06e82370 -> 0X7ffe06e82375)
3000096 microseconds
timeout
[2016-10-27 10:12:11]Process 31263 termed with signal 14(SIGALRM)
PT_F39-plus_5-100 Test Num : 54
Inject into ../bin/hello
----- Type : plus_5 Pos : PT_F39 -----
There are 1 faults will be injected in faulttable...
100064 microseconds
Fault on PT_F39(0X7ffd36018ec0 -> 0X7ffd36018ec5)
3000078 microseconds
timeout
[2016-10-27 10:12:14]Process 31265 termed with signal 14(SIGALRM)
PT_F39-plus_5-100 Test Num : 55
Inject into ../bin/hello
----- Type : plus_5 Pos : PT_F39 -----
There are 1 faults will be injected in faulttable...
101026 microseconds
Fault on PT_F39(0X7fffe832f560 -> 0X7fffe832f565)
3000069 microseconds
timeout
[2016-10-27 10:12:17]Process 31268 termed with signal 14(SIGALRM)
PT_F39-plus_5-100 Test Num : 56
Inject into ../bin/hello
----- Type : plus_5 Pos : PT_F39 -----
There are 1 faults will be injected in faulttable...
101197 microseconds
Fault on PT_F39(0X7fff69a53890 -> 0X7fff69a53895)
3000138 microseconds
timeout
[2016-10-27 10:12:20]Process 31270 termed with signal 14(SIGALRM)
PT_F39-plus_5-100 Test Num : 57
Inject into ../bin/hello
----- Type : plus_5 Pos : PT_F39 -----
There are 1 faults will be injected in faulttable...
101093 microseconds
Fault on PT_F39(0X7ffceda5f080 -> 0X7ffceda5f085)
3000145 microseconds
timeout
[2016-10-27 10:12:23]Process 31272 termed with signal 14(SIGALRM)
PT_F39-plus_5-100 Test Num : 58
Inject into ../bin/hello
----- Type : plus_5 Pos : PT_F39 -----
There are 1 faults will be injected in faulttable...
101251 microseconds
Fault on PT_F39(0X7ffe94e09b10 -> 0X7ffe94e09b15)
3000143 microseconds
timeout
[2016-10-27 10:12:26]Process 31274 termed with signal 14(SIGALRM)
PT_F39-plus_5-100 Test Num : 59
Inject into ../bin/hello
----- Type : plus_5 Pos : PT_F39 -----
There are 1 faults will be injected in faulttable...
102185 microseconds
Fault on PT_F39(0X7fff6dc32290 -> 0X7fff6dc32295)
3000081 microseconds
timeout
[2016-10-27 10:12:29]Process 31276 termed with signal 14(SIGALRM)
PT_F39-plus_5-100 Test Num : 60
Inject into ../bin/hello
----- Type : plus_5 Pos : PT_F39 -----
There are 1 faults will be injected in faulttable...
101137 microseconds
Fault on PT_F39(0X7fff7f2d93c0 -> 0X7fff7f2d93c5)
3000136 microseconds
timeout
[2016-10-27 10:12:32]Process 31278 termed with signal 14(SIGALRM)
PT_F39-plus_5-100 Test Num : 61
Inject into ../bin/hello
----- Type : plus_5 Pos : PT_F39 -----
There are 1 faults will be injected in faulttable...
100187 microseconds
Fault on PT_F39(0X7ffd87dda450 -> 0X7ffd87dda455)
3000100 microseconds
timeout
[2016-10-27 10:12:35]Process 31280 termed with signal 14(SIGALRM)
PT_F39-plus_5-100 Test Num : 62
Inject into ../bin/hello
----- Type : plus_5 Pos : PT_F39 -----
There are 1 faults will be injected in faulttable...
100105 microseconds
Fault on PT_F39(0X7fffff09da10 -> 0X7fffff09da15)
3000073 microseconds
timeout
[2016-10-27 10:12:39]Process 31282 termed with signal 14(SIGALRM)
PT_F39-plus_5-100 Test Num : 63
Inject into ../bin/hello
----- Type : plus_5 Pos : PT_F39 -----
There are 1 faults will be injected in faulttable...
100917 microseconds
Fault on PT_F39(0X7ffd5452c910 -> 0X7ffd5452c915)
3000095 microseconds
timeout
[2016-10-27 10:12:42]Process 31284 termed with signal 14(SIGALRM)
PT_F39-plus_5-100 Test Num : 64
Inject into ../bin/hello
----- Type : plus_5 Pos : PT_F39 -----
There are 1 faults will be injected in faulttable...
101341 microseconds
Fault on PT_F39(0X7ffebac398b0 -> 0X7ffebac398b5)
3000139 microseconds
timeout
[2016-10-27 10:12:45]Process 31286 termed with signal 14(SIGALRM)
PT_F39-plus_5-100 Test Num : 65
Inject into ../bin/hello
----- Type : plus_5 Pos : PT_F39 -----
There are 1 faults will be injected in faulttable...
101036 microseconds
Fault on PT_F39(0X7fffde495e20 -> 0X7fffde495e25)
3000090 microseconds
timeout
[2016-10-27 10:12:48]Process 31288 termed with signal 14(SIGALRM)
PT_F39-plus_5-100 Test Num : 66
Inject into ../bin/hello
----- Type : plus_5 Pos : PT_F39 -----
There are 1 faults will be injected in faulttable...
101067 microseconds
Fault on PT_F39(0X7ffcabcf8860 -> 0X7ffcabcf8865)
3000085 microseconds
timeout
[2016-10-27 10:12:51]Process 31290 termed with signal 14(SIGALRM)
PT_F39-plus_5-100 Test Num : 67
Inject into ../bin/hello
----- Type : plus_5 Pos : PT_F39 -----
There are 1 faults will be injected in faulttable...
102965 microseconds
Fault on PT_F39(0X7ffd1ba26ad0 -> 0X7ffd1ba26ad5)
3000083 microseconds
timeout
[2016-10-27 10:12:54]Process 31292 termed with signal 14(SIGALRM)
PT_F39-plus_5-100 Test Num : 68
Inject into ../bin/hello
----- Type : plus_5 Pos : PT_F39 -----
There are 1 faults will be injected in faulttable...
101107 microseconds
Fault on PT_F39(0X7ffc2d7e9c50 -> 0X7ffc2d7e9c55)
3000098 microseconds
timeout
[2016-10-27 10:12:57]Process 31294 termed with signal 14(SIGALRM)
PT_F39-plus_5-100 Test Num : 69
Inject into ../bin/hello
----- Type : plus_5 Pos : PT_F39 -----
There are 1 faults will be injected in faulttable...
101282 microseconds
Fault on PT_F39(0X7fffcb815eb0 -> 0X7fffcb815eb5)
3000356 microseconds
timeout
[ 2016-10-27 10:13:0]Process 31296 termed with signal 14(SIGALRM)
PT_F39-plus_5-100 Test Num : 70
Inject into ../bin/hello
----- Type : plus_5 Pos : PT_F39 -----
There are 1 faults will be injected in faulttable...
101323 microseconds
Fault on PT_F39(0X7ffd914444b0 -> 0X7ffd914444b5)
3000085 microseconds
timeout
[ 2016-10-27 10:13:3]Process 31298 termed with signal 14(SIGALRM)
PT_F39-plus_5-100 Test Num : 71
Inject into ../bin/hello
----- Type : plus_5 Pos : PT_F39 -----
There are 1 faults will be injected in faulttable...
101049 microseconds
Fault on PT_F39(0X7fff8dd0df20 -> 0X7fff8dd0df25)
3000072 microseconds
timeout
[ 2016-10-27 10:13:7]Process 31300 termed with signal 14(SIGALRM)
PT_F39-plus_5-100 Test Num : 72
Inject into ../bin/hello
----- Type : plus_5 Pos : PT_F39 -----
There are 1 faults will be injected in faulttable...
101538 microseconds
Fault on PT_F39(0X7fffc9ed5d30 -> 0X7fffc9ed5d35)
3000076 microseconds
timeout
[2016-10-27 10:13:10]Process 31302 termed with signal 14(SIGALRM)
PT_F39-plus_5-100 Test Num : 73
Inject into ../bin/hello
----- Type : plus_5 Pos : PT_F39 -----
There are 1 faults will be injected in faulttable...
101058 microseconds
Fault on PT_F39(0X7ffca44a6620 -> 0X7ffca44a6625)
3000087 microseconds
timeout
[2016-10-27 10:13:13]Process 31304 termed with signal 14(SIGALRM)
PT_F39-plus_5-100 Test Num : 74
Inject into ../bin/hello
----- Type : plus_5 Pos : PT_F39 -----
There are 1 faults will be injected in faulttable...
101013 microseconds
Fault on PT_F39(0X7ffd50275c40 -> 0X7ffd50275c45)
3000090 microseconds
timeout
[2016-10-27 10:13:16]Process 31306 termed with signal 14(SIGALRM)
PT_F39-plus_5-100 Test Num : 75
Inject into ../bin/hello
----- Type : plus_5 Pos : PT_F39 -----
There are 1 faults will be injected in faulttable...
101131 microseconds
Fault on PT_F39(0X7ffef9052e20 -> 0X7ffef9052e25)
3000058 microseconds
timeout
[2016-10-27 10:13:19]Process 31308 termed with signal 14(SIGALRM)
PT_F39-plus_5-100 Test Num : 76
Inject into ../bin/hello
----- Type : plus_5 Pos : PT_F39 -----
There are 1 faults will be injected in faulttable...
100892 microseconds
Fault on PT_F39(0X7ffe55fae860 -> 0X7ffe55fae865)
3000117 microseconds
timeout
[2016-10-27 10:13:22]Process 31310 termed with signal 14(SIGALRM)
PT_F39-plus_5-100 Test Num : 77
Inject into ../bin/hello
----- Type : plus_5 Pos : PT_F39 -----
There are 1 faults will be injected in faulttable...
101154 microseconds
Fault on PT_F39(0X7fff65fcd330 -> 0X7fff65fcd335)
3000094 microseconds
timeout
[2016-10-27 10:13:25]Process 31312 termed with signal 14(SIGALRM)
PT_F39-plus_5-100 Test Num : 78
Inject into ../bin/hello
----- Type : plus_5 Pos : PT_F39 -----
There are 1 faults will be injected in faulttable...
101200 microseconds
Fault on PT_F39(0X7ffdb4bfbd70 -> 0X7ffdb4bfbd75)
3000076 microseconds
timeout
[2016-10-27 10:13:28]Process 31349 termed with signal 14(SIGALRM)
PT_F39-plus_5-100 Test Num : 79
Inject into ../bin/hello
----- Type : plus_5 Pos : PT_F39 -----
There are 1 faults will be injected in faulttable...
100278 microseconds
Fault on PT_F39(0X7ffca7f21d20 -> 0X7ffca7f21d25)
3000070 microseconds
timeout
[2016-10-27 10:13:31]Process 31382 termed with signal 14(SIGALRM)
PT_F39-plus_5-100 Test Num : 80
Inject into ../bin/hello
----- Type : plus_5 Pos : PT_F39 -----
There are 1 faults will be injected in faulttable...
100109 microseconds
Fault on PT_F39(0X7ffc8b8850c0 -> 0X7ffc8b8850c5)
3000117 microseconds
timeout
[2016-10-27 10:13:35]Process 31389 termed with signal 14(SIGALRM)
PT_F39-plus_5-100 Test Num : 81
Inject into ../bin/hello
----- Type : plus_5 Pos : PT_F39 -----
There are 1 faults will be injected in faulttable...
101182 microseconds
Fault on PT_F39(0X7fff0921ecc0 -> 0X7fff0921ecc5)
3000065 microseconds
timeout
[2016-10-27 10:13:38]Process 31391 termed with signal 14(SIGALRM)
PT_F39-plus_5-100 Test Num : 82
Inject into ../bin/hello
----- Type : plus_5 Pos : PT_F39 -----
There are 1 faults will be injected in faulttable...
101112 microseconds
Fault on PT_F39(0X7ffe73c60fa0 -> 0X7ffe73c60fa5)
3000089 microseconds
timeout
[2016-10-27 10:13:41]Process 31398 termed with signal 14(SIGALRM)
PT_F39-plus_5-100 Test Num : 83
Inject into ../bin/hello
----- Type : plus_5 Pos : PT_F39 -----
There are 1 faults will be injected in faulttable...
101175 microseconds
Fault on PT_F39(0X7fffed3b1010 -> 0X7fffed3b1015)
3000084 microseconds
timeout
[2016-10-27 10:13:44]Process 31400 termed with signal 14(SIGALRM)
PT_F39-plus_5-100 Test Num : 84
Inject into ../bin/hello
----- Type : plus_5 Pos : PT_F39 -----
There are 1 faults will be injected in faulttable...
100084 microseconds
Fault on PT_F39(0X7ffe9b3fb9b0 -> 0X7ffe9b3fb9b5)
3000110 microseconds
timeout
[2016-10-27 10:13:47]Process 31402 termed with signal 14(SIGALRM)
PT_F39-plus_5-100 Test Num : 85
Inject into ../bin/hello
----- Type : plus_5 Pos : PT_F39 -----
There are 1 faults will be injected in faulttable...
101155 microseconds
Fault on PT_F39(0X7ffe78139410 -> 0X7ffe78139415)
3000115 microseconds
timeout
[2016-10-27 10:13:50]Process 31414 termed with signal 14(SIGALRM)
PT_F39-plus_5-100 Test Num : 86
Inject into ../bin/hello
----- Type : plus_5 Pos : PT_F39 -----
There are 1 faults will be injected in faulttable...
101101 microseconds
Fault on PT_F39(0X7ffd1f982470 -> 0X7ffd1f982475)
3000098 microseconds
timeout
[2016-10-27 10:13:53]Process 31416 termed with signal 14(SIGALRM)
PT_F39-plus_5-100 Test Num : 87
Inject into ../bin/hello
----- Type : plus_5 Pos : PT_F39 -----
There are 1 faults will be injected in faulttable...
101440 microseconds
Fault on PT_F39(0X7fff5a154480 -> 0X7fff5a154485)
3000106 microseconds
timeout
[2016-10-27 10:13:56]Process 31423 termed with signal 14(SIGALRM)
PT_F39-plus_5-100 Test Num : 88
Inject into ../bin/hello
----- Type : plus_5 Pos : PT_F39 -----
There are 1 faults will be injected in faulttable...
101246 microseconds
Fault on PT_F39(0X7ffe0c307c20 -> 0X7ffe0c307c25)
3000429 microseconds
timeout
[2016-10-27 10:13:59]Process 31432 termed with signal 14(SIGALRM)
PT_F39-plus_5-100 Test Num : 89
Inject into ../bin/hello
----- Type : plus_5 Pos : PT_F39 -----
There are 1 faults will be injected in faulttable...
101728 microseconds
Fault on PT_F39(0X7ffe22828420 -> 0X7ffe22828425)
3000074 microseconds
timeout
[ 2016-10-27 10:14:3]Process 31434 termed with signal 14(SIGALRM)
PT_F39-plus_5-100 Test Num : 90
Inject into ../bin/hello
----- Type : plus_5 Pos : PT_F39 -----
There are 1 faults will be injected in faulttable...
101009 microseconds
Fault on PT_F39(0X7ffc33a55c90 -> 0X7ffc33a55c95)
3000078 microseconds
timeout
[ 2016-10-27 10:14:6]Process 31436 termed with signal 14(SIGALRM)
PT_F39-plus_5-100 Test Num : 91
Inject into ../bin/hello
----- Type : plus_5 Pos : PT_F39 -----
There are 1 faults will be injected in faulttable...
100998 microseconds
Fault on PT_F39(0X7ffe98c6fca0 -> 0X7ffe98c6fca5)
3000088 microseconds
timeout
[ 2016-10-27 10:14:9]Process 31439 termed with signal 14(SIGALRM)
PT_F39-plus_5-100 Test Num : 92
Inject into ../bin/hello
----- Type : plus_5 Pos : PT_F39 -----
There are 1 faults will be injected in faulttable...
101224 microseconds
Fault on PT_F39(0X7ffef1e4edb0 -> 0X7ffef1e4edb5)
3000110 microseconds
timeout
[2016-10-27 10:14:12]Process 31441 termed with signal 14(SIGALRM)
PT_F39-plus_5-100 Test Num : 93
Inject into ../bin/hello
----- Type : plus_5 Pos : PT_F39 -----
There are 1 faults will be injected in faulttable...
101589 microseconds
Fault on PT_F39(0X7fff7cb47660 -> 0X7fff7cb47665)
3000260 microseconds
timeout
[2016-10-27 10:14:15]Process 31447 termed with signal 14(SIGALRM)
PT_F39-plus_5-100 Test Num : 94
Inject into ../bin/hello
----- Type : plus_5 Pos : PT_F39 -----
There are 1 faults will be injected in faulttable...
100896 microseconds
Fault on PT_F39(0X7ffd68e6cb10 -> 0X7ffd68e6cb15)
3000105 microseconds
timeout
[2016-10-27 10:14:18]Process 31449 termed with signal 14(SIGALRM)
PT_F39-plus_5-100 Test Num : 95
Inject into ../bin/hello
----- Type : plus_5 Pos : PT_F39 -----
There are 1 faults will be injected in faulttable...
101139 microseconds
Fault on PT_F39(0X7ffcd686af80 -> 0X7ffcd686af85)
3000073 microseconds
timeout
[2016-10-27 10:14:21]Process 31452 termed with signal 14(SIGALRM)
PT_F39-plus_5-100 Test Num : 96
Inject into ../bin/hello
----- Type : plus_5 Pos : PT_F39 -----
There are 1 faults will be injected in faulttable...
101014 microseconds
Fault on PT_F39(0X7fffdd649a60 -> 0X7fffdd649a65)
3000119 microseconds
timeout
[2016-10-27 10:14:24]Process 31454 termed with signal 14(SIGALRM)
PT_F39-plus_5-100 Test Num : 97
Inject into ../bin/hello
----- Type : plus_5 Pos : PT_F39 -----
There are 1 faults will be injected in faulttable...
101525 microseconds
Fault on PT_F39(0X7ffef2023120 -> 0X7ffef2023125)
3000087 microseconds
timeout
[2016-10-27 10:14:28]Process 31456 termed with signal 14(SIGALRM)
PT_F39-plus_5-100 Test Num : 98
Inject into ../bin/hello
----- Type : plus_5 Pos : PT_F39 -----
There are 1 faults will be injected in faulttable...
100071 microseconds
Fault on PT_F39(0X7ffd2ab5f190 -> 0X7ffd2ab5f195)
3000098 microseconds
timeout
[2016-10-27 10:14:31]Process 31458 termed with signal 14(SIGALRM)
PT_F39-plus_5-100 Test Num : 99
Inject into ../bin/hello
----- Type : plus_5 Pos : PT_F39 -----
There are 1 faults will be injected in faulttable...
101558 microseconds
Fault on PT_F39(0X7ffd1e8f35c0 -> 0X7ffd1e8f35c5)
3000115 microseconds
timeout
[2016-10-27 10:14:34]Process 31460 termed with signal 14(SIGALRM)
PT_F39-plus_5-100 Test Num : 100
Inject into ../bin/hello
----- Type : plus_5 Pos : PT_F39 -----
There are 1 faults will be injected in faulttable...
101124 microseconds
Fault on PT_F39(0X7ffc05eddc10 -> 0X7ffc05eddc15)
3000084 microseconds
timeout
[2016-10-27 10:14:37]Process 31462 termed with signal 14(SIGALRM)
