PT_F39-2_bit_0-100 Test Num : 1
Inject into ../bin/hello
----- Type : 2_bit_0 Pos : PT_F39 -----
There are 1 faults will be injected in faulttable...
100938 microseconds
Fault on PT_F39(0X7ffdb6944010 -> 0X7ffdb6944010)
3000213 microseconds
timeout
[ 2016-10-27 9:17:36]Process 21428 termed with signal 14(SIGALRM)
PT_F39-2_bit_0-100 Test Num : 2
Inject into ../bin/hello
----- Type : 2_bit_0 Pos : PT_F39 -----
There are 1 faults will be injected in faulttable...
100109 microseconds
Fault on PT_F39(0X7ffdec69d130 -> 0X3ffdec69d130)
3000076 microseconds
timeout
[ 2016-10-27 9:17:39]Process 21430 termed with signal 14(SIGALRM)
PT_F39-2_bit_0-100 Test Num : 3
Inject into ../bin/hello
----- Type : 2_bit_0 Pos : PT_F39 -----
There are 1 faults will be injected in faulttable...
101128 microseconds
Fault on PT_F39(0X7ffd66806770 -> 0X7ffd66806770)
3000108 microseconds
timeout
[ 2016-10-27 9:17:42]Process 21432 termed with signal 14(SIGALRM)
PT_F39-2_bit_0-100 Test Num : 4
Inject into ../bin/hello
----- Type : 2_bit_0 Pos : PT_F39 -----
There are 1 faults will be injected in faulttable...
101845 microseconds
Fault on PT_F39(0X7fff3880b400 -> 0X7fff2880b400)
3000073 microseconds
timeout
[ 2016-10-27 9:17:45]Process 21434 termed with signal 14(SIGALRM)
PT_F39-2_bit_0-100 Test Num : 5
Inject into ../bin/hello
----- Type : 2_bit_0 Pos : PT_F39 -----
There are 1 faults will be injected in faulttable...
100929 microseconds
Fault on PT_F39(0X7ffe570d4ab0 -> 0X7fde570d4ab0)
3000063 microseconds
timeout
[ 2016-10-27 9:17:48]Process 21436 termed with signal 14(SIGALRM)
PT_F39-2_bit_0-100 Test Num : 6
Inject into ../bin/hello
----- Type : 2_bit_0 Pos : PT_F39 -----
There are 1 faults will be injected in faulttable...
101131 microseconds
Fault on PT_F39(0X7ffd8eba9e20 -> 0X6ff58eba9e20)
3000096 microseconds
timeout
[ 2016-10-27 9:17:51]Process 21438 termed with signal 14(SIGALRM)
PT_F39-2_bit_0-100 Test Num : 7
Inject into ../bin/hello
----- Type : 2_bit_0 Pos : PT_F39 -----
There are 1 faults will be injected in faulttable...
101013 microseconds
Fault on PT_F39(0X7ffd677a0d80 -> 0X7efd677a0d80)
3000079 microseconds
timeout
[ 2016-10-27 9:17:54]Process 21440 termed with signal 14(SIGALRM)
PT_F39-2_bit_0-100 Test Num : 8
Inject into ../bin/hello
----- Type : 2_bit_0 Pos : PT_F39 -----
There are 1 faults will be injected in faulttable...
101017 microseconds
Fault on PT_F39(0X7fff6b4a3b90 -> 0X6fff6b4a3b90)
3000088 microseconds
timeout
[ 2016-10-27 9:17:57]Process 21446 termed with signal 14(SIGALRM)
PT_F39-2_bit_0-100 Test Num : 9
Inject into ../bin/hello
----- Type : 2_bit_0 Pos : PT_F39 -----
There are 1 faults will be injected in faulttable...
100962 microseconds
Fault on PT_F39(0X7ffe21febd00 -> 0X7ffe21febd00)
3000145 microseconds
timeout
[  2016-10-27 9:18:1]Process 21453 termed with signal 14(SIGALRM)
PT_F39-2_bit_0-100 Test Num : 10
Inject into ../bin/hello
----- Type : 2_bit_0 Pos : PT_F39 -----
There are 1 faults will be injected in faulttable...
101150 microseconds
Fault on PT_F39(0X7ffcb2112ae0 -> 0X7ffcb21122e0)
3000073 microseconds
timeout
[  2016-10-27 9:18:4]Process 21455 termed with signal 14(SIGALRM)
PT_F39-2_bit_0-100 Test Num : 11
Inject into ../bin/hello
----- Type : 2_bit_0 Pos : PT_F39 -----
There are 1 faults will be injected in faulttable...
100961 microseconds
Fault on PT_F39(0X7ffeb8798450 -> 0X7ffeb8798410)
3000088 microseconds
timeout
[  2016-10-27 9:18:7]Process 21457 termed with signal 14(SIGALRM)
PT_F39-2_bit_0-100 Test Num : 12
Inject into ../bin/hello
----- Type : 2_bit_0 Pos : PT_F39 -----
There are 1 faults will be injected in faulttable...
101025 microseconds
Fault on PT_F39(0X7fff2af4cb00 -> 0X7fff2af4cb00)
3000092 microseconds
timeout
[ 2016-10-27 9:18:10]Process 21468 termed with signal 14(SIGALRM)
PT_F39-2_bit_0-100 Test Num : 13
Inject into ../bin/hello
----- Type : 2_bit_0 Pos : PT_F39 -----
There are 1 faults will be injected in faulttable...
101173 microseconds
Fault on PT_F39(0X7ffe9a0eca60 -> 0X7dfe9a0eca60)
3000068 microseconds
timeout
[ 2016-10-27 9:18:13]Process 21470 termed with signal 14(SIGALRM)
PT_F39-2_bit_0-100 Test Num : 14
Inject into ../bin/hello
----- Type : 2_bit_0 Pos : PT_F39 -----
There are 1 faults will be injected in faulttable...
101033 microseconds
Fault on PT_F39(0X7fff436d7bd0 -> 0X7fff432d7bd0)
3000072 microseconds
timeout
[ 2016-10-27 9:18:16]Process 21472 termed with signal 14(SIGALRM)
PT_F39-2_bit_0-100 Test Num : 15
Inject into ../bin/hello
----- Type : 2_bit_0 Pos : PT_F39 -----
There are 1 faults will be injected in faulttable...
101126 microseconds
Fault on PT_F39(0X7ffdb49c3eb0 -> 0X7ffdb49c3eb0)
3000062 microseconds
timeout
[ 2016-10-27 9:18:19]Process 21474 termed with signal 14(SIGALRM)
PT_F39-2_bit_0-100 Test Num : 16
Inject into ../bin/hello
----- Type : 2_bit_0 Pos : PT_F39 -----
There are 1 faults will be injected in faulttable...
101094 microseconds
Fault on PT_F39(0X7ffc52665350 -> 0X7f7c52665350)
3000172 microseconds
timeout
[ 2016-10-27 9:18:22]Process 21476 termed with signal 14(SIGALRM)
PT_F39-2_bit_0-100 Test Num : 17
Inject into ../bin/hello
----- Type : 2_bit_0 Pos : PT_F39 -----
There are 1 faults will be injected in faulttable...
100999 microseconds
Fault on PT_F39(0X7ffeb7010fa0 -> 0X7ffeb7010fa0)
3000125 microseconds
timeout
[ 2016-10-27 9:18:25]Process 21478 termed with signal 14(SIGALRM)
PT_F39-2_bit_0-100 Test Num : 18
Inject into ../bin/hello
----- Type : 2_bit_0 Pos : PT_F39 -----
There are 1 faults will be injected in faulttable...
101076 microseconds
Fault on PT_F39(0X7fff2f418680 -> 0X7fff2f418680)
3000111 microseconds
timeout
[ 2016-10-27 9:18:29]Process 21480 termed with signal 14(SIGALRM)
PT_F39-2_bit_0-100 Test Num : 19
Inject into ../bin/hello
----- Type : 2_bit_0 Pos : PT_F39 -----
There are 1 faults will be injected in faulttable...
101070 microseconds
Fault on PT_F39(0X7ffc3ded4f10 -> 0X7ffc3ded4710)
3000120 microseconds
timeout
[ 2016-10-27 9:18:32]Process 21482 termed with signal 14(SIGALRM)
PT_F39-2_bit_0-100 Test Num : 20
Inject into ../bin/hello
----- Type : 2_bit_0 Pos : PT_F39 -----
There are 1 faults will be injected in faulttable...
101191 microseconds
Fault on PT_F39(0X7ffe453000e0 -> 0X7f7e453000e0)
3000131 microseconds
timeout
[ 2016-10-27 9:18:35]Process 21491 termed with signal 14(SIGALRM)
PT_F39-2_bit_0-100 Test Num : 21
Inject into ../bin/hello
----- Type : 2_bit_0 Pos : PT_F39 -----
There are 1 faults will be injected in faulttable...
101241 microseconds
Fault on PT_F39(0X7fffacab7db0 -> 0X7fffac8b6db0)
3000065 microseconds
timeout
[ 2016-10-27 9:18:38]Process 21493 termed with signal 14(SIGALRM)
PT_F39-2_bit_0-100 Test Num : 22
Inject into ../bin/hello
----- Type : 2_bit_0 Pos : PT_F39 -----
There are 1 faults will be injected in faulttable...
100981 microseconds
Fault on PT_F39(0X7fffd22ac570 -> 0X7fffd22ac470)
3000082 microseconds
timeout
[ 2016-10-27 9:18:41]Process 21499 termed with signal 14(SIGALRM)
PT_F39-2_bit_0-100 Test Num : 23
Inject into ../bin/hello
----- Type : 2_bit_0 Pos : PT_F39 -----
There are 1 faults will be injected in faulttable...
101194 microseconds
Fault on PT_F39(0X7ffe0bb4d840 -> 0X7fee0bb4d840)
3000064 microseconds
timeout
[ 2016-10-27 9:18:44]Process 21523 termed with signal 14(SIGALRM)
PT_F39-2_bit_0-100 Test Num : 24
Inject into ../bin/hello
----- Type : 2_bit_0 Pos : PT_F39 -----
There are 1 faults will be injected in faulttable...
101319 microseconds
Fault on PT_F39(0X7ffd46605730 -> 0X7ffd46604730)
3000076 microseconds
timeout
[ 2016-10-27 9:18:47]Process 21529 termed with signal 14(SIGALRM)
PT_F39-2_bit_0-100 Test Num : 25
Inject into ../bin/hello
----- Type : 2_bit_0 Pos : PT_F39 -----
There are 1 faults will be injected in faulttable...
101116 microseconds
Fault on PT_F39(0X7ffd57ad2030 -> 0X7ffd57ad2030)
3000076 microseconds
timeout
[ 2016-10-27 9:18:50]Process 21549 termed with signal 14(SIGALRM)
PT_F39-2_bit_0-100 Test Num : 26
Inject into ../bin/hello
----- Type : 2_bit_0 Pos : PT_F39 -----
There are 1 faults will be injected in faulttable...
101000 microseconds
Fault on PT_F39(0X7ffcf254cd60 -> 0X7ffcf254cd60)
3000095 microseconds
timeout
[ 2016-10-27 9:18:53]Process 21556 termed with signal 14(SIGALRM)
PT_F39-2_bit_0-100 Test Num : 27
Inject into ../bin/hello
----- Type : 2_bit_0 Pos : PT_F39 -----
There are 1 faults will be injected in faulttable...
101754 microseconds
Fault on PT_F39(0X7fffc1610630 -> 0X7fffc1610630)
3000097 microseconds
timeout
[ 2016-10-27 9:18:57]Process 21558 termed with signal 14(SIGALRM)
PT_F39-2_bit_0-100 Test Num : 28
Inject into ../bin/hello
----- Type : 2_bit_0 Pos : PT_F39 -----
There are 1 faults will be injected in faulttable...
101045 microseconds
Fault on PT_F39(0X7ffd6a7906a0 -> 0X7ffd6a7906a0)
3000083 microseconds
timeout
[  2016-10-27 9:19:0]Process 21569 termed with signal 14(SIGALRM)
PT_F39-2_bit_0-100 Test Num : 29
Inject into ../bin/hello
----- Type : 2_bit_0 Pos : PT_F39 -----
There are 1 faults will be injected in faulttable...
101191 microseconds
Fault on PT_F39(0X7ffc26a1f830 -> 0X7ffc26a1f830)
3000068 microseconds
timeout
[  2016-10-27 9:19:3]Process 21571 termed with signal 14(SIGALRM)
PT_F39-2_bit_0-100 Test Num : 30
Inject into ../bin/hello
----- Type : 2_bit_0 Pos : PT_F39 -----
There are 1 faults will be injected in faulttable...
100102 microseconds
Fault on PT_F39(0X7ffd65e7ec20 -> 0X7ef965e7ec20)
3000072 microseconds
timeout
[  2016-10-27 9:19:6]Process 21573 termed with signal 14(SIGALRM)
PT_F39-2_bit_0-100 Test Num : 31
Inject into ../bin/hello
----- Type : 2_bit_0 Pos : PT_F39 -----
There are 1 faults will be injected in faulttable...
101260 microseconds
Fault on PT_F39(0X7ffe5bc982e0 -> 0X7ffe5bc882e0)
3000109 microseconds
timeout
[  2016-10-27 9:19:9]Process 21580 termed with signal 14(SIGALRM)
PT_F39-2_bit_0-100 Test Num : 32
Inject into ../bin/hello
----- Type : 2_bit_0 Pos : PT_F39 -----
There are 1 faults will be injected in faulttable...
101072 microseconds
Fault on PT_F39(0X7ffc0148b780 -> 0X7efc0140b780)
3000082 microseconds
timeout
[ 2016-10-27 9:19:12]Process 21582 termed with signal 14(SIGALRM)
PT_F39-2_bit_0-100 Test Num : 33
Inject into ../bin/hello
----- Type : 2_bit_0 Pos : PT_F39 -----
There are 1 faults will be injected in faulttable...
101080 microseconds
Fault on PT_F39(0X7ffd6f63d930 -> 0X7ffd6f63d930)
3000147 microseconds
timeout
[ 2016-10-27 9:19:15]Process 21584 termed with signal 14(SIGALRM)
PT_F39-2_bit_0-100 Test Num : 34
Inject into ../bin/hello
----- Type : 2_bit_0 Pos : PT_F39 -----
There are 1 faults will be injected in faulttable...
100927 microseconds
Fault on PT_F39(0X7ffd3adef500 -> 0X7ffd3ada7500)
3000078 microseconds
timeout
[ 2016-10-27 9:19:18]Process 21595 termed with signal 14(SIGALRM)
PT_F39-2_bit_0-100 Test Num : 35
Inject into ../bin/hello
----- Type : 2_bit_0 Pos : PT_F39 -----
There are 1 faults will be injected in faulttable...
101053 microseconds
Fault on PT_F39(0X7ffd3a0277b0 -> 0X7ffd3a0277b0)
3000096 microseconds
timeout
[ 2016-10-27 9:19:22]Process 21597 termed with signal 14(SIGALRM)
PT_F39-2_bit_0-100 Test Num : 36
Inject into ../bin/hello
----- Type : 2_bit_0 Pos : PT_F39 -----
There are 1 faults will be injected in faulttable...
101294 microseconds
Fault on PT_F39(0X7ffd12d06dc0 -> 0X7fdd12d06d40)
3000053 microseconds
timeout
[ 2016-10-27 9:19:25]Process 21604 termed with signal 14(SIGALRM)
PT_F39-2_bit_0-100 Test Num : 37
Inject into ../bin/hello
----- Type : 2_bit_0 Pos : PT_F39 -----
There are 1 faults will be injected in faulttable...
100958 microseconds
Fault on PT_F39(0X7ffdd4712f80 -> 0X7fbdd4712f80)
3000110 microseconds
timeout
[ 2016-10-27 9:19:28]Process 21606 termed with signal 14(SIGALRM)
PT_F39-2_bit_0-100 Test Num : 38
Inject into ../bin/hello
----- Type : 2_bit_0 Pos : PT_F39 -----
There are 1 faults will be injected in faulttable...
101010 microseconds
Fault on PT_F39(0X7ffff31d9020 -> 0X7ffff31d9020)
3000077 microseconds
timeout
[ 2016-10-27 9:19:31]Process 21608 termed with signal 14(SIGALRM)
PT_F39-2_bit_0-100 Test Num : 39
Inject into ../bin/hello
----- Type : 2_bit_0 Pos : PT_F39 -----
There are 1 faults will be injected in faulttable...
100066 microseconds
Fault on PT_F39(0X7fffcf1b0510 -> 0X7fffcf1b0510)
3000109 microseconds
timeout
[ 2016-10-27 9:19:34]Process 21610 termed with signal 14(SIGALRM)
PT_F39-2_bit_0-100 Test Num : 40
Inject into ../bin/hello
----- Type : 2_bit_0 Pos : PT_F39 -----
There are 1 faults will be injected in faulttable...
101050 microseconds
Fault on PT_F39(0X7fffc8c9dd10 -> 0X5fffc8c9dd10)
3000063 microseconds
timeout
[ 2016-10-27 9:19:37]Process 21612 termed with signal 14(SIGALRM)
PT_F39-2_bit_0-100 Test Num : 41
Inject into ../bin/hello
----- Type : 2_bit_0 Pos : PT_F39 -----
There are 1 faults will be injected in faulttable...
101103 microseconds
Fault on PT_F39(0X7ffea9720b00 -> 0X7ffca9720b00)
3000061 microseconds
timeout
[ 2016-10-27 9:19:40]Process 21614 termed with signal 14(SIGALRM)
PT_F39-2_bit_0-100 Test Num : 42
Inject into ../bin/hello
----- Type : 2_bit_0 Pos : PT_F39 -----
There are 1 faults will be injected in faulttable...
100957 microseconds
Fault on PT_F39(0X7ffca700e9c0 -> 0X7ffca700e9c0)
3000091 microseconds
timeout
[ 2016-10-27 9:19:43]Process 21616 termed with signal 14(SIGALRM)
PT_F39-2_bit_0-100 Test Num : 43
Inject into ../bin/hello
----- Type : 2_bit_0 Pos : PT_F39 -----
There are 1 faults will be injected in faulttable...
101072 microseconds
Fault on PT_F39(0X7fff6a467cc0 -> 0X7f7f6a467cc0)
3000086 microseconds
timeout
[ 2016-10-27 9:19:46]Process 21618 termed with signal 14(SIGALRM)
PT_F39-2_bit_0-100 Test Num : 44
Inject into ../bin/hello
----- Type : 2_bit_0 Pos : PT_F39 -----
There are 1 faults will be injected in faulttable...
101726 microseconds
Fault on PT_F39(0X7ffd865f24a0 -> 0X7ffd845f24a0)
3000187 microseconds
timeout
[ 2016-10-27 9:19:50]Process 21620 termed with signal 14(SIGALRM)
PT_F39-2_bit_0-100 Test Num : 45
Inject into ../bin/hello
----- Type : 2_bit_0 Pos : PT_F39 -----
There are 1 faults will be injected in faulttable...
101007 microseconds
Fault on PT_F39(0X7fff4a9be700 -> 0X7ffb4a9be700)
3000123 microseconds
timeout
[ 2016-10-27 9:19:53]Process 21622 termed with signal 14(SIGALRM)
PT_F39-2_bit_0-100 Test Num : 46
Inject into ../bin/hello
----- Type : 2_bit_0 Pos : PT_F39 -----
There are 1 faults will be injected in faulttable...
101095 microseconds
Fault on PT_F39(0X7ffde24ea910 -> 0X7ffde24ea110)
3000087 microseconds
timeout
[ 2016-10-27 9:19:56]Process 21624 termed with signal 14(SIGALRM)
PT_F39-2_bit_0-100 Test Num : 47
Inject into ../bin/hello
----- Type : 2_bit_0 Pos : PT_F39 -----
There are 1 faults will be injected in faulttable...
100944 microseconds
Fault on PT_F39(0X7fff8fce64f0 -> 0X7fff8bce64f0)
3000063 microseconds
timeout
[ 2016-10-27 9:19:59]Process 21626 termed with signal 14(SIGALRM)
PT_F39-2_bit_0-100 Test Num : 48
Inject into ../bin/hello
----- Type : 2_bit_0 Pos : PT_F39 -----
There are 1 faults will be injected in faulttable...
100949 microseconds
Fault on PT_F39(0X7ffd6289ded0 -> 0X77fd6289ded0)
3000117 microseconds
timeout
[  2016-10-27 9:20:2]Process 21633 termed with signal 14(SIGALRM)
PT_F39-2_bit_0-100 Test Num : 49
Inject into ../bin/hello
----- Type : 2_bit_0 Pos : PT_F39 -----
There are 1 faults will be injected in faulttable...
101079 microseconds
Fault on PT_F39(0X7fff8e87d250 -> 0X3fff8e85d250)
3000076 microseconds
timeout
[  2016-10-27 9:20:5]Process 21639 termed with signal 14(SIGALRM)
PT_F39-2_bit_0-100 Test Num : 50
Inject into ../bin/hello
----- Type : 2_bit_0 Pos : PT_F39 -----
There are 1 faults will be injected in faulttable...
101050 microseconds
Fault on PT_F39(0X7ffc1576ce10 -> 0X7ff81176ce10)
3000089 microseconds
timeout
[  2016-10-27 9:20:8]Process 21641 termed with signal 14(SIGALRM)
PT_F39-2_bit_0-100 Test Num : 51
Inject into ../bin/hello
----- Type : 2_bit_0 Pos : PT_F39 -----
There are 1 faults will be injected in faulttable...
101298 microseconds
Fault on PT_F39(0X7ffd4d4c7ea0 -> 0X7ffd4d4c7ea0)
3000088 microseconds
timeout
[ 2016-10-27 9:20:11]Process 21643 termed with signal 14(SIGALRM)
PT_F39-2_bit_0-100 Test Num : 52
Inject into ../bin/hello
----- Type : 2_bit_0 Pos : PT_F39 -----
There are 1 faults will be injected in faulttable...
100999 microseconds
Fault on PT_F39(0X7ffc31afe250 -> 0X7ffc31ad6250)
3000080 microseconds
timeout
[ 2016-10-27 9:20:14]Process 21650 termed with signal 14(SIGALRM)
PT_F39-2_bit_0-100 Test Num : 53
Inject into ../bin/hello
----- Type : 2_bit_0 Pos : PT_F39 -----
There are 1 faults will be injected in faulttable...
101033 microseconds
Fault on PT_F39(0X7fff0f000a90 -> 0X7bff0f000a90)
3000080 microseconds
timeout
[ 2016-10-27 9:20:18]Process 21652 termed with signal 14(SIGALRM)
PT_F39-2_bit_0-100 Test Num : 54
Inject into ../bin/hello
----- Type : 2_bit_0 Pos : PT_F39 -----
There are 1 faults will be injected in faulttable...
101068 microseconds
Fault on PT_F39(0X7fff817c3110 -> 0X7fff817c3010)
3000071 microseconds
timeout
[ 2016-10-27 9:20:21]Process 21654 termed with signal 14(SIGALRM)
PT_F39-2_bit_0-100 Test Num : 55
Inject into ../bin/hello
----- Type : 2_bit_0 Pos : PT_F39 -----
There are 1 faults will be injected in faulttable...
101024 microseconds
Fault on PT_F39(0X7ffeb7123250 -> 0X7dfeb7123250)
3000133 microseconds
timeout
[ 2016-10-27 9:20:24]Process 21656 termed with signal 14(SIGALRM)
PT_F39-2_bit_0-100 Test Num : 56
Inject into ../bin/hello
----- Type : 2_bit_0 Pos : PT_F39 -----
There are 1 faults will be injected in faulttable...
100096 microseconds
Fault on PT_F39(0X7ffea7a7f240 -> 0X7ffca7a7b240)
3000132 microseconds
timeout
[ 2016-10-27 9:20:27]Process 21658 termed with signal 14(SIGALRM)
PT_F39-2_bit_0-100 Test Num : 57
Inject into ../bin/hello
----- Type : 2_bit_0 Pos : PT_F39 -----
There are 1 faults will be injected in faulttable...
101391 microseconds
Fault on PT_F39(0X7ffd74852520 -> 0X7ffd74852520)
3000096 microseconds
timeout
[ 2016-10-27 9:20:30]Process 21660 termed with signal 14(SIGALRM)
PT_F39-2_bit_0-100 Test Num : 58
Inject into ../bin/hello
----- Type : 2_bit_0 Pos : PT_F39 -----
There are 1 faults will be injected in faulttable...
100071 microseconds
Fault on PT_F39(0X7ffc0045a1e0 -> 0X6ffc0044a1e0)
3000098 microseconds
timeout
[ 2016-10-27 9:20:33]Process 21667 termed with signal 14(SIGALRM)
PT_F39-2_bit_0-100 Test Num : 59
Inject into ../bin/hello
----- Type : 2_bit_0 Pos : PT_F39 -----
There are 1 faults will be injected in faulttable...
100984 microseconds
Fault on PT_F39(0X7ffc326c4a70 -> 0X7ffc322c4a70)
3000062 microseconds
timeout
[ 2016-10-27 9:20:36]Process 21669 termed with signal 14(SIGALRM)
PT_F39-2_bit_0-100 Test Num : 60
Inject into ../bin/hello
----- Type : 2_bit_0 Pos : PT_F39 -----
There are 1 faults will be injected in faulttable...
101172 microseconds
Fault on PT_F39(0X7ffd5e423aa0 -> 0X7bfd5a423aa0)
3000100 microseconds
timeout
[ 2016-10-27 9:20:39]Process 21671 termed with signal 14(SIGALRM)
PT_F39-2_bit_0-100 Test Num : 61
Inject into ../bin/hello
----- Type : 2_bit_0 Pos : PT_F39 -----
There are 1 faults will be injected in faulttable...
100940 microseconds
Fault on PT_F39(0X7ffdd7fb1d10 -> 0X77fdd7fb1d10)
3000082 microseconds
timeout
[ 2016-10-27 9:20:42]Process 21686 termed with signal 14(SIGALRM)
PT_F39-2_bit_0-100 Test Num : 62
Inject into ../bin/hello
----- Type : 2_bit_0 Pos : PT_F39 -----
There are 1 faults will be injected in faulttable...
101201 microseconds
Fault on PT_F39(0X7ffded2a8ec0 -> 0X7ffded2a8ec0)
3000064 microseconds
timeout
[ 2016-10-27 9:20:46]Process 21688 termed with signal 14(SIGALRM)
PT_F39-2_bit_0-100 Test Num : 63
Inject into ../bin/hello
----- Type : 2_bit_0 Pos : PT_F39 -----
There are 1 faults will be injected in faulttable...
101009 microseconds
Fault on PT_F39(0X7ffe4eb27210 -> 0X7fee0eb27210)
3000087 microseconds
timeout
[ 2016-10-27 9:20:49]Process 21695 termed with signal 14(SIGALRM)
PT_F39-2_bit_0-100 Test Num : 64
Inject into ../bin/hello
----- Type : 2_bit_0 Pos : PT_F39 -----
There are 1 faults will be injected in faulttable...
101105 microseconds
Fault on PT_F39(0X7ffe9f11e9c0 -> 0X7ffe9f11e9c0)
3000085 microseconds
timeout
[ 2016-10-27 9:20:52]Process 21697 termed with signal 14(SIGALRM)
PT_F39-2_bit_0-100 Test Num : 65
Inject into ../bin/hello
----- Type : 2_bit_0 Pos : PT_F39 -----
There are 1 faults will be injected in faulttable...
101281 microseconds
Fault on PT_F39(0X7ffe59b867d0 -> 0X7ffe59b867d0)
3000083 microseconds
timeout
[ 2016-10-27 9:20:55]Process 21699 termed with signal 14(SIGALRM)
PT_F39-2_bit_0-100 Test Num : 66
Inject into ../bin/hello
----- Type : 2_bit_0 Pos : PT_F39 -----
There are 1 faults will be injected in faulttable...
101075 microseconds
Fault on PT_F39(0X7ffcb492f3b0 -> 0X7fbcb492f3b0)
3000087 microseconds
timeout
[ 2016-10-27 9:20:58]Process 21702 termed with signal 14(SIGALRM)
PT_F39-2_bit_0-100 Test Num : 67
Inject into ../bin/hello
----- Type : 2_bit_0 Pos : PT_F39 -----
There are 1 faults will be injected in faulttable...
101276 microseconds
Fault on PT_F39(0X7fff065fb210 -> 0X7fff065fb210)
3000069 microseconds
timeout
[  2016-10-27 9:21:1]Process 21704 termed with signal 14(SIGALRM)
PT_F39-2_bit_0-100 Test Num : 68
Inject into ../bin/hello
----- Type : 2_bit_0 Pos : PT_F39 -----
There are 1 faults will be injected in faulttable...
100071 microseconds
Fault on PT_F39(0X7fff16e222e0 -> 0X7fff16e222e0)
3000106 microseconds
timeout
[  2016-10-27 9:21:4]Process 21706 termed with signal 14(SIGALRM)
PT_F39-2_bit_0-100 Test Num : 69
Inject into ../bin/hello
----- Type : 2_bit_0 Pos : PT_F39 -----
There are 1 faults will be injected in faulttable...
101278 microseconds
Fault on PT_F39(0X7ffd3ea77650 -> 0X7ffd3ea77640)
3000084 microseconds
timeout
[  2016-10-27 9:21:7]Process 21708 termed with signal 14(SIGALRM)
PT_F39-2_bit_0-100 Test Num : 70
Inject into ../bin/hello
----- Type : 2_bit_0 Pos : PT_F39 -----
There are 1 faults will be injected in faulttable...
101084 microseconds
Fault on PT_F39(0X7ffded337570 -> 0X5ffded337570)
3000076 microseconds
timeout
[ 2016-10-27 9:21:10]Process 21710 termed with signal 14(SIGALRM)
PT_F39-2_bit_0-100 Test Num : 71
Inject into ../bin/hello
----- Type : 2_bit_0 Pos : PT_F39 -----
There are 1 faults will be injected in faulttable...
101175 microseconds
Fault on PT_F39(0X7ffffb447640 -> 0X7ffffb447440)
3000074 microseconds
timeout
[ 2016-10-27 9:21:14]Process 21712 termed with signal 14(SIGALRM)
PT_F39-2_bit_0-100 Test Num : 72
Inject into ../bin/hello
----- Type : 2_bit_0 Pos : PT_F39 -----
There are 1 faults will be injected in faulttable...
100060 microseconds
Fault on PT_F39(0X7ffce6f1d860 -> 0X7ffce6d1d860)
3000101 microseconds
timeout
[ 2016-10-27 9:21:17]Process 21719 termed with signal 14(SIGALRM)
PT_F39-2_bit_0-100 Test Num : 73
Inject into ../bin/hello
----- Type : 2_bit_0 Pos : PT_F39 -----
There are 1 faults will be injected in faulttable...
100070 microseconds
Fault on PT_F39(0X7ffc4dba9c70 -> 0X7f7c4dba9c70)
3000108 microseconds
timeout
[ 2016-10-27 9:21:20]Process 21721 termed with signal 14(SIGALRM)
PT_F39-2_bit_0-100 Test Num : 74
Inject into ../bin/hello
----- Type : 2_bit_0 Pos : PT_F39 -----
There are 1 faults will be injected in faulttable...
100976 microseconds
Fault on PT_F39(0X7ffef853f410 -> 0X7ffef853f410)
3000121 microseconds
timeout
[ 2016-10-27 9:21:23]Process 21728 termed with signal 14(SIGALRM)
PT_F39-2_bit_0-100 Test Num : 75
Inject into ../bin/hello
----- Type : 2_bit_0 Pos : PT_F39 -----
There are 1 faults will be injected in faulttable...
100945 microseconds
Fault on PT_F39(0X7ffcefea6560 -> 0X7ffcefea6560)
3000071 microseconds
timeout
[ 2016-10-27 9:21:26]Process 21730 termed with signal 14(SIGALRM)
PT_F39-2_bit_0-100 Test Num : 76
Inject into ../bin/hello
----- Type : 2_bit_0 Pos : PT_F39 -----
There are 1 faults will be injected in faulttable...
101036 microseconds
Fault on PT_F39(0X7fff1f2b5e70 -> 0X7ff51f2b5e70)
3000073 microseconds
timeout
[ 2016-10-27 9:21:29]Process 21732 termed with signal 14(SIGALRM)
PT_F39-2_bit_0-100 Test Num : 77
Inject into ../bin/hello
----- Type : 2_bit_0 Pos : PT_F39 -----
There are 1 faults will be injected in faulttable...
101050 microseconds
Fault on PT_F39(0X7ffd3212ae60 -> 0X7ffd3212ae60)
3000069 microseconds
timeout
[ 2016-10-27 9:21:32]Process 21734 termed with signal 14(SIGALRM)
PT_F39-2_bit_0-100 Test Num : 78
Inject into ../bin/hello
----- Type : 2_bit_0 Pos : PT_F39 -----
There are 1 faults will be injected in faulttable...
101075 microseconds
Fault on PT_F39(0X7ffd3e69c570 -> 0X7fdd3e69c570)
3000100 microseconds
timeout
[ 2016-10-27 9:21:35]Process 21736 termed with signal 14(SIGALRM)
PT_F39-2_bit_0-100 Test Num : 79
Inject into ../bin/hello
----- Type : 2_bit_0 Pos : PT_F39 -----
There are 1 faults will be injected in faulttable...
101060 microseconds
Fault on PT_F39(0X7ffcf21984a0 -> 0X5ffcf21984a0)
3000082 microseconds
timeout
[ 2016-10-27 9:21:38]Process 21738 termed with signal 14(SIGALRM)
PT_F39-2_bit_0-100 Test Num : 80
Inject into ../bin/hello
----- Type : 2_bit_0 Pos : PT_F39 -----
There are 1 faults will be injected in faulttable...
101105 microseconds
Fault on PT_F39(0X7ffea2d3dc70 -> 0X7ffea2d3dc70)
3000123 microseconds
timeout
[ 2016-10-27 9:21:42]Process 21740 termed with signal 14(SIGALRM)
PT_F39-2_bit_0-100 Test Num : 81
Inject into ../bin/hello
----- Type : 2_bit_0 Pos : PT_F39 -----
There are 1 faults will be injected in faulttable...
101057 microseconds
Fault on PT_F39(0X7ffdf5bbe5f0 -> 0X7ffdf5bb65f0)
3000068 microseconds
timeout
[ 2016-10-27 9:21:45]Process 21742 termed with signal 14(SIGALRM)
PT_F39-2_bit_0-100 Test Num : 82
Inject into ../bin/hello
----- Type : 2_bit_0 Pos : PT_F39 -----
There are 1 faults will be injected in faulttable...
101094 microseconds
Fault on PT_F39(0X7ffd0609ead0 -> 0X7ffd0609ea50)
3000074 microseconds
timeout
[ 2016-10-27 9:21:48]Process 21744 termed with signal 14(SIGALRM)
PT_F39-2_bit_0-100 Test Num : 83
Inject into ../bin/hello
----- Type : 2_bit_0 Pos : PT_F39 -----
There are 1 faults will be injected in faulttable...
101442 microseconds
Fault on PT_F39(0X7ffead681820 -> 0X7f7ead681820)
3000058 microseconds
timeout
[ 2016-10-27 9:21:51]Process 21746 termed with signal 14(SIGALRM)
PT_F39-2_bit_0-100 Test Num : 84
Inject into ../bin/hello
----- Type : 2_bit_0 Pos : PT_F39 -----
There are 1 faults will be injected in faulttable...
100973 microseconds
Fault on PT_F39(0X7ffc8db863f0 -> 0X7ffc8db863f0)
3000068 microseconds
timeout
[ 2016-10-27 9:21:54]Process 21748 termed with signal 14(SIGALRM)
PT_F39-2_bit_0-100 Test Num : 85
Inject into ../bin/hello
----- Type : 2_bit_0 Pos : PT_F39 -----
There are 1 faults will be injected in faulttable...
100917 microseconds
Fault on PT_F39(0X7ffd806f5920 -> 0X7ffd80275920)
3000065 microseconds
timeout
[ 2016-10-27 9:21:57]Process 21755 termed with signal 14(SIGALRM)
PT_F39-2_bit_0-100 Test Num : 86
Inject into ../bin/hello
----- Type : 2_bit_0 Pos : PT_F39 -----
There are 1 faults will be injected in faulttable...
100999 microseconds
Fault on PT_F39(0X7ffea2dd08c0 -> 0X7bfea2dd08c0)
3000102 microseconds
timeout
[  2016-10-27 9:22:0]Process 21762 termed with signal 14(SIGALRM)
PT_F39-2_bit_0-100 Test Num : 87
Inject into ../bin/hello
----- Type : 2_bit_0 Pos : PT_F39 -----
There are 1 faults will be injected in faulttable...
101084 microseconds
Fault on PT_F39(0X7ffed2a94740 -> 0X7ffe52a94540)
3000092 microseconds
timeout
[  2016-10-27 9:22:3]Process 21764 termed with signal 14(SIGALRM)
PT_F39-2_bit_0-100 Test Num : 88
Inject into ../bin/hello
----- Type : 2_bit_0 Pos : PT_F39 -----
There are 1 faults will be injected in faulttable...
101451 microseconds
Fault on PT_F39(0X7ffc99f0b760 -> 0X7ffc99f09760)
3000098 microseconds
timeout
[  2016-10-27 9:22:6]Process 21766 termed with signal 14(SIGALRM)
PT_F39-2_bit_0-100 Test Num : 89
Inject into ../bin/hello
----- Type : 2_bit_0 Pos : PT_F39 -----
There are 1 faults will be injected in faulttable...
100098 microseconds
Fault on PT_F39(0X7ffdf7dd2d20 -> 0X3ffdf7dd2d20)
3000084 microseconds
timeout
[ 2016-10-27 9:22:10]Process 21773 termed with signal 14(SIGALRM)
PT_F39-2_bit_0-100 Test Num : 90
Inject into ../bin/hello
----- Type : 2_bit_0 Pos : PT_F39 -----
There are 1 faults will be injected in faulttable...
101022 microseconds
Fault on PT_F39(0X7ffe3619cf30 -> 0X7ffe3219cf30)
3000079 microseconds
timeout
[ 2016-10-27 9:22:13]Process 21775 termed with signal 14(SIGALRM)
PT_F39-2_bit_0-100 Test Num : 91
Inject into ../bin/hello
----- Type : 2_bit_0 Pos : PT_F39 -----
There are 1 faults will be injected in faulttable...
101048 microseconds
Fault on PT_F39(0X7ffe78bfa920 -> 0X7bfe789fa920)
3000104 microseconds
timeout
[ 2016-10-27 9:22:16]Process 21777 termed with signal 14(SIGALRM)
PT_F39-2_bit_0-100 Test Num : 92
Inject into ../bin/hello
----- Type : 2_bit_0 Pos : PT_F39 -----
There are 1 faults will be injected in faulttable...
101084 microseconds
Fault on PT_F39(0X7fffb6bb52b0 -> 0X7fffb6bb52b0)
3000108 microseconds
timeout
[ 2016-10-27 9:22:19]Process 21779 termed with signal 14(SIGALRM)
PT_F39-2_bit_0-100 Test Num : 93
Inject into ../bin/hello
----- Type : 2_bit_0 Pos : PT_F39 -----
There are 1 faults will be injected in faulttable...
101107 microseconds
Fault on PT_F39(0X7ffc0cdfdaa0 -> 0X7ffc0cdfda80)
3000084 microseconds
timeout
[ 2016-10-27 9:22:22]Process 21781 termed with signal 14(SIGALRM)
PT_F39-2_bit_0-100 Test Num : 94
Inject into ../bin/hello
----- Type : 2_bit_0 Pos : PT_F39 -----
There are 1 faults will be injected in faulttable...
101318 microseconds
Fault on PT_F39(0X7ffe823f3f80 -> 0X7ffe803f3f80)
3000141 microseconds
timeout
[ 2016-10-27 9:22:25]Process 21783 termed with signal 14(SIGALRM)
PT_F39-2_bit_0-100 Test Num : 95
Inject into ../bin/hello
----- Type : 2_bit_0 Pos : PT_F39 -----
There are 1 faults will be injected in faulttable...
101642 microseconds
Fault on PT_F39(0X7ffdb1932fe0 -> 0X7ffdb1932fe0)
3000087 microseconds
timeout
[ 2016-10-27 9:22:28]Process 21785 termed with signal 14(SIGALRM)
PT_F39-2_bit_0-100 Test Num : 96
Inject into ../bin/hello
----- Type : 2_bit_0 Pos : PT_F39 -----
There are 1 faults will be injected in faulttable...
101237 microseconds
Fault on PT_F39(0X7ffcb4ab2310 -> 0X7dfcb4ab2310)
3000094 microseconds
timeout
[ 2016-10-27 9:22:31]Process 21787 termed with signal 14(SIGALRM)
PT_F39-2_bit_0-100 Test Num : 97
Inject into ../bin/hello
----- Type : 2_bit_0 Pos : PT_F39 -----
There are 1 faults will be injected in faulttable...
100078 microseconds
Fault on PT_F39(0X7ffffd54d690 -> 0X5ffffd54d690)
3000085 microseconds
timeout
[ 2016-10-27 9:22:34]Process 21789 termed with signal 14(SIGALRM)
PT_F39-2_bit_0-100 Test Num : 98
Inject into ../bin/hello
----- Type : 2_bit_0 Pos : PT_F39 -----
There are 1 faults will be injected in faulttable...
100073 microseconds
Fault on PT_F39(0X7ffd265cbbd0 -> 0X7ff5265cbbd0)
3000063 microseconds
timeout
[ 2016-10-27 9:22:38]Process 21791 termed with signal 14(SIGALRM)
PT_F39-2_bit_0-100 Test Num : 99
Inject into ../bin/hello
----- Type : 2_bit_0 Pos : PT_F39 -----
There are 1 faults will be injected in faulttable...
101054 microseconds
Fault on PT_F39(0X7ffdf62b0fc0 -> 0X7ff9f62b0fc0)
3000121 microseconds
timeout
[ 2016-10-27 9:22:41]Process 21793 termed with signal 14(SIGALRM)
PT_F39-2_bit_0-100 Test Num : 100
Inject into ../bin/hello
----- Type : 2_bit_0 Pos : PT_F39 -----
There are 1 faults will be injected in faulttable...
101329 microseconds
Fault on PT_F39(0X7ffec67923a0 -> 0X7ffec67923a0)
3000073 microseconds
timeout
[ 2016-10-27 9:22:44]Process 21795 termed with signal 14(SIGALRM)
