PT_F38-2_bit_0-100 Test Num : 1
Inject into ../bin/hello
----- Type : 2_bit_0 Pos : PT_F38 -----
There are 1 faults will be injected in faulttable...
101040 microseconds
Fault on PT_F38(0X0 -> 0X0)
3000095 microseconds
timeout
[  2016-10-27 8:4:58]Process 17717 termed with signal 14(SIGALRM)
PT_F38-2_bit_0-100 Test Num : 2
Inject into ../bin/hello
----- Type : 2_bit_0 Pos : PT_F38 -----
There are 1 faults will be injected in faulttable...
100938 microseconds
Fault on PT_F38(0X0 -> 0X0)
3000088 microseconds
timeout
[   2016-10-27 8:5:1]Process 17719 termed with signal 14(SIGALRM)
PT_F38-2_bit_0-100 Test Num : 3
Inject into ../bin/hello
----- Type : 2_bit_0 Pos : PT_F38 -----
There are 1 faults will be injected in faulttable...
101358 microseconds
Fault on PT_F38(0X0 -> 0X0)
3000075 microseconds
timeout
[   2016-10-27 8:5:4]Process 17721 termed with signal 14(SIGALRM)
PT_F38-2_bit_0-100 Test Num : 4
Inject into ../bin/hello
----- Type : 2_bit_0 Pos : PT_F38 -----
There are 1 faults will be injected in faulttable...
101170 microseconds
Fault on PT_F38(0X0 -> 0X0)
3000067 microseconds
timeout
[   2016-10-27 8:5:7]Process 17723 termed with signal 14(SIGALRM)
PT_F38-2_bit_0-100 Test Num : 5
Inject into ../bin/hello
----- Type : 2_bit_0 Pos : PT_F38 -----
There are 1 faults will be injected in faulttable...
101161 microseconds
Fault on PT_F38(0X0 -> 0X0)
3000103 microseconds
timeout
[  2016-10-27 8:5:10]Process 17725 termed with signal 14(SIGALRM)
PT_F38-2_bit_0-100 Test Num : 6
Inject into ../bin/hello
----- Type : 2_bit_0 Pos : PT_F38 -----
There are 1 faults will be injected in faulttable...
101317 microseconds
Fault on PT_F38(0X0 -> 0X0)
3000062 microseconds
timeout
[  2016-10-27 8:5:13]Process 17727 termed with signal 14(SIGALRM)
PT_F38-2_bit_0-100 Test Num : 7
Inject into ../bin/hello
----- Type : 2_bit_0 Pos : PT_F38 -----
There are 1 faults will be injected in faulttable...
100984 microseconds
Fault on PT_F38(0X0 -> 0X0)
3000088 microseconds
timeout
[  2016-10-27 8:5:16]Process 17729 termed with signal 14(SIGALRM)
PT_F38-2_bit_0-100 Test Num : 8
Inject into ../bin/hello
----- Type : 2_bit_0 Pos : PT_F38 -----
There are 1 faults will be injected in faulttable...
101305 microseconds
Fault on PT_F38(0X0 -> 0X0)
3000083 microseconds
timeout
[  2016-10-27 8:5:19]Process 17731 termed with signal 14(SIGALRM)
PT_F38-2_bit_0-100 Test Num : 9
Inject into ../bin/hello
----- Type : 2_bit_0 Pos : PT_F38 -----
There are 1 faults will be injected in faulttable...
100966 microseconds
Fault on PT_F38(0X0 -> 0X0)
3000113 microseconds
timeout
[  2016-10-27 8:5:23]Process 17733 termed with signal 14(SIGALRM)
PT_F38-2_bit_0-100 Test Num : 10
Inject into ../bin/hello
----- Type : 2_bit_0 Pos : PT_F38 -----
There are 1 faults will be injected in faulttable...
101143 microseconds
Fault on PT_F38(0X0 -> 0X0)
3000066 microseconds
timeout
[  2016-10-27 8:5:26]Process 17735 termed with signal 14(SIGALRM)
PT_F38-2_bit_0-100 Test Num : 11
Inject into ../bin/hello
----- Type : 2_bit_0 Pos : PT_F38 -----
There are 1 faults will be injected in faulttable...
101035 microseconds
Fault on PT_F38(0X0 -> 0X0)
3000080 microseconds
timeout
[  2016-10-27 8:5:29]Process 17737 termed with signal 14(SIGALRM)
PT_F38-2_bit_0-100 Test Num : 12
Inject into ../bin/hello
----- Type : 2_bit_0 Pos : PT_F38 -----
There are 1 faults will be injected in faulttable...
100085 microseconds
Fault on PT_F38(0X0 -> 0X0)
3000063 microseconds
timeout
[  2016-10-27 8:5:32]Process 17739 termed with signal 14(SIGALRM)
PT_F38-2_bit_0-100 Test Num : 13
Inject into ../bin/hello
----- Type : 2_bit_0 Pos : PT_F38 -----
There are 1 faults will be injected in faulttable...
100067 microseconds
Fault on PT_F38(0X0 -> 0X0)
3000102 microseconds
timeout
[  2016-10-27 8:5:35]Process 17741 termed with signal 14(SIGALRM)
PT_F38-2_bit_0-100 Test Num : 14
Inject into ../bin/hello
----- Type : 2_bit_0 Pos : PT_F38 -----
There are 1 faults will be injected in faulttable...
101018 microseconds
Fault on PT_F38(0X0 -> 0X0)
3000097 microseconds
timeout
[  2016-10-27 8:5:38]Process 17743 termed with signal 14(SIGALRM)
PT_F38-2_bit_0-100 Test Num : 15
Inject into ../bin/hello
----- Type : 2_bit_0 Pos : PT_F38 -----
There are 1 faults will be injected in faulttable...
101020 microseconds
Fault on PT_F38(0X0 -> 0X0)
3000082 microseconds
timeout
[  2016-10-27 8:5:41]Process 17746 termed with signal 14(SIGALRM)
PT_F38-2_bit_0-100 Test Num : 16
Inject into ../bin/hello
----- Type : 2_bit_0 Pos : PT_F38 -----
There are 1 faults will be injected in faulttable...
101290 microseconds
Fault on PT_F38(0X0 -> 0X0)
3000078 microseconds
timeout
[  2016-10-27 8:5:44]Process 17748 termed with signal 14(SIGALRM)
PT_F38-2_bit_0-100 Test Num : 17
Inject into ../bin/hello
----- Type : 2_bit_0 Pos : PT_F38 -----
There are 1 faults will be injected in faulttable...
101051 microseconds
Fault on PT_F38(0X0 -> 0X0)
3000087 microseconds
timeout
[  2016-10-27 8:5:47]Process 17750 termed with signal 14(SIGALRM)
PT_F38-2_bit_0-100 Test Num : 18
Inject into ../bin/hello
----- Type : 2_bit_0 Pos : PT_F38 -----
There are 1 faults will be injected in faulttable...
101054 microseconds
Fault on PT_F38(0X0 -> 0X0)
3000144 microseconds
timeout
[  2016-10-27 8:5:51]Process 17752 termed with signal 14(SIGALRM)
PT_F38-2_bit_0-100 Test Num : 19
Inject into ../bin/hello
----- Type : 2_bit_0 Pos : PT_F38 -----
There are 1 faults will be injected in faulttable...
101288 microseconds
Fault on PT_F38(0X0 -> 0X0)
3000125 microseconds
timeout
[  2016-10-27 8:5:54]Process 17754 termed with signal 14(SIGALRM)
PT_F38-2_bit_0-100 Test Num : 20
Inject into ../bin/hello
----- Type : 2_bit_0 Pos : PT_F38 -----
There are 1 faults will be injected in faulttable...
101011 microseconds
Fault on PT_F38(0X0 -> 0X0)
3000087 microseconds
timeout
[  2016-10-27 8:5:57]Process 17756 termed with signal 14(SIGALRM)
PT_F38-2_bit_0-100 Test Num : 21
Inject into ../bin/hello
----- Type : 2_bit_0 Pos : PT_F38 -----
There are 1 faults will be injected in faulttable...
100070 microseconds
Fault on PT_F38(0X0 -> 0X0)
3000060 microseconds
timeout
[   2016-10-27 8:6:0]Process 17758 termed with signal 14(SIGALRM)
PT_F38-2_bit_0-100 Test Num : 22
Inject into ../bin/hello
----- Type : 2_bit_0 Pos : PT_F38 -----
There are 1 faults will be injected in faulttable...
101365 microseconds
Fault on PT_F38(0X0 -> 0X0)
3000113 microseconds
timeout
[   2016-10-27 8:6:3]Process 17760 termed with signal 14(SIGALRM)
PT_F38-2_bit_0-100 Test Num : 23
Inject into ../bin/hello
----- Type : 2_bit_0 Pos : PT_F38 -----
There are 1 faults will be injected in faulttable...
101083 microseconds
Fault on PT_F38(0X0 -> 0X0)
3000150 microseconds
timeout
[   2016-10-27 8:6:6]Process 17762 termed with signal 14(SIGALRM)
PT_F38-2_bit_0-100 Test Num : 24
Inject into ../bin/hello
----- Type : 2_bit_0 Pos : PT_F38 -----
There are 1 faults will be injected in faulttable...
100987 microseconds
Fault on PT_F38(0X0 -> 0X0)
3000070 microseconds
timeout
[   2016-10-27 8:6:9]Process 17764 termed with signal 14(SIGALRM)
PT_F38-2_bit_0-100 Test Num : 25
Inject into ../bin/hello
----- Type : 2_bit_0 Pos : PT_F38 -----
There are 1 faults will be injected in faulttable...
101017 microseconds
Fault on PT_F38(0X0 -> 0X0)
3000070 microseconds
timeout
[  2016-10-27 8:6:12]Process 17766 termed with signal 14(SIGALRM)
PT_F38-2_bit_0-100 Test Num : 26
Inject into ../bin/hello
----- Type : 2_bit_0 Pos : PT_F38 -----
There are 1 faults will be injected in faulttable...
101412 microseconds
Fault on PT_F38(0X0 -> 0X0)
3000093 microseconds
timeout
[  2016-10-27 8:6:15]Process 17768 termed with signal 14(SIGALRM)
PT_F38-2_bit_0-100 Test Num : 27
Inject into ../bin/hello
----- Type : 2_bit_0 Pos : PT_F38 -----
There are 1 faults will be injected in faulttable...
100245 microseconds
Fault on PT_F38(0X0 -> 0X0)
3000088 microseconds
timeout
[  2016-10-27 8:6:19]Process 17770 termed with signal 14(SIGALRM)
PT_F38-2_bit_0-100 Test Num : 28
Inject into ../bin/hello
----- Type : 2_bit_0 Pos : PT_F38 -----
There are 1 faults will be injected in faulttable...
100131 microseconds
Fault on PT_F38(0X0 -> 0X0)
3000112 microseconds
timeout
[  2016-10-27 8:6:22]Process 17772 termed with signal 14(SIGALRM)
PT_F38-2_bit_0-100 Test Num : 29
Inject into ../bin/hello
----- Type : 2_bit_0 Pos : PT_F38 -----
There are 1 faults will be injected in faulttable...
101058 microseconds
Fault on PT_F38(0X0 -> 0X0)
3000072 microseconds
timeout
[  2016-10-27 8:6:25]Process 17774 termed with signal 14(SIGALRM)
PT_F38-2_bit_0-100 Test Num : 30
Inject into ../bin/hello
----- Type : 2_bit_0 Pos : PT_F38 -----
There are 1 faults will be injected in faulttable...
100987 microseconds
Fault on PT_F38(0X0 -> 0X0)
3000132 microseconds
timeout
[  2016-10-27 8:6:28]Process 17776 termed with signal 14(SIGALRM)
PT_F38-2_bit_0-100 Test Num : 31
Inject into ../bin/hello
----- Type : 2_bit_0 Pos : PT_F38 -----
There are 1 faults will be injected in faulttable...
100068 microseconds
Fault on PT_F38(0X0 -> 0X0)
3000090 microseconds
timeout
[  2016-10-27 8:6:31]Process 17778 termed with signal 14(SIGALRM)
PT_F38-2_bit_0-100 Test Num : 32
Inject into ../bin/hello
----- Type : 2_bit_0 Pos : PT_F38 -----
There are 1 faults will be injected in faulttable...
100979 microseconds
Fault on PT_F38(0X0 -> 0X0)
3000053 microseconds
timeout
[  2016-10-27 8:6:34]Process 17780 termed with signal 14(SIGALRM)
PT_F38-2_bit_0-100 Test Num : 33
Inject into ../bin/hello
----- Type : 2_bit_0 Pos : PT_F38 -----
There are 1 faults will be injected in faulttable...
100899 microseconds
Fault on PT_F38(0X0 -> 0X0)
3000066 microseconds
timeout
[  2016-10-27 8:6:37]Process 17782 termed with signal 14(SIGALRM)
PT_F38-2_bit_0-100 Test Num : 34
Inject into ../bin/hello
----- Type : 2_bit_0 Pos : PT_F38 -----
There are 1 faults will be injected in faulttable...
100961 microseconds
Fault on PT_F38(0X0 -> 0X0)
3000081 microseconds
timeout
[  2016-10-27 8:6:40]Process 17784 termed with signal 14(SIGALRM)
PT_F38-2_bit_0-100 Test Num : 35
Inject into ../bin/hello
----- Type : 2_bit_0 Pos : PT_F38 -----
There are 1 faults will be injected in faulttable...
100116 microseconds
Fault on PT_F38(0X0 -> 0X0)
3000059 microseconds
timeout
[  2016-10-27 8:6:43]Process 17786 termed with signal 14(SIGALRM)
PT_F38-2_bit_0-100 Test Num : 36
Inject into ../bin/hello
----- Type : 2_bit_0 Pos : PT_F38 -----
There are 1 faults will be injected in faulttable...
100962 microseconds
Fault on PT_F38(0X0 -> 0X0)
3000100 microseconds
timeout
[  2016-10-27 8:6:47]Process 17788 termed with signal 14(SIGALRM)
PT_F38-2_bit_0-100 Test Num : 37
Inject into ../bin/hello
----- Type : 2_bit_0 Pos : PT_F38 -----
There are 1 faults will be injected in faulttable...
101016 microseconds
Fault on PT_F38(0X0 -> 0X0)
3000090 microseconds
timeout
[  2016-10-27 8:6:50]Process 17790 termed with signal 14(SIGALRM)
PT_F38-2_bit_0-100 Test Num : 38
Inject into ../bin/hello
----- Type : 2_bit_0 Pos : PT_F38 -----
There are 1 faults will be injected in faulttable...
101072 microseconds
Fault on PT_F38(0X0 -> 0X0)
3000089 microseconds
timeout
[  2016-10-27 8:6:53]Process 17792 termed with signal 14(SIGALRM)
PT_F38-2_bit_0-100 Test Num : 39
Inject into ../bin/hello
----- Type : 2_bit_0 Pos : PT_F38 -----
There are 1 faults will be injected in faulttable...
100109 microseconds
Fault on PT_F38(0X0 -> 0X0)
3000097 microseconds
timeout
[  2016-10-27 8:6:56]Process 17794 termed with signal 14(SIGALRM)
PT_F38-2_bit_0-100 Test Num : 40
Inject into ../bin/hello
----- Type : 2_bit_0 Pos : PT_F38 -----
There are 1 faults will be injected in faulttable...
100943 microseconds
Fault on PT_F38(0X0 -> 0X0)
3000065 microseconds
timeout
[  2016-10-27 8:6:59]Process 17796 termed with signal 14(SIGALRM)
PT_F38-2_bit_0-100 Test Num : 41
Inject into ../bin/hello
----- Type : 2_bit_0 Pos : PT_F38 -----
There are 1 faults will be injected in faulttable...
100924 microseconds
Fault on PT_F38(0X0 -> 0X0)
3000079 microseconds
timeout
[   2016-10-27 8:7:2]Process 17798 termed with signal 14(SIGALRM)
PT_F38-2_bit_0-100 Test Num : 42
Inject into ../bin/hello
----- Type : 2_bit_0 Pos : PT_F38 -----
There are 1 faults will be injected in faulttable...
100931 microseconds
Fault on PT_F38(0X0 -> 0X0)
3000074 microseconds
timeout
[   2016-10-27 8:7:5]Process 17800 termed with signal 14(SIGALRM)
PT_F38-2_bit_0-100 Test Num : 43
Inject into ../bin/hello
----- Type : 2_bit_0 Pos : PT_F38 -----
There are 1 faults will be injected in faulttable...
101086 microseconds
Fault on PT_F38(0X0 -> 0X0)
3000073 microseconds
timeout
[   2016-10-27 8:7:8]Process 17802 termed with signal 14(SIGALRM)
PT_F38-2_bit_0-100 Test Num : 44
Inject into ../bin/hello
----- Type : 2_bit_0 Pos : PT_F38 -----
There are 1 faults will be injected in faulttable...
101236 microseconds
Fault on PT_F38(0X0 -> 0X0)
3000067 microseconds
timeout
[  2016-10-27 8:7:11]Process 17804 termed with signal 14(SIGALRM)
PT_F38-2_bit_0-100 Test Num : 45
Inject into ../bin/hello
----- Type : 2_bit_0 Pos : PT_F38 -----
There are 1 faults will be injected in faulttable...
100977 microseconds
Fault on PT_F38(0X0 -> 0X0)
3000072 microseconds
timeout
[  2016-10-27 8:7:15]Process 17806 termed with signal 14(SIGALRM)
PT_F38-2_bit_0-100 Test Num : 46
Inject into ../bin/hello
----- Type : 2_bit_0 Pos : PT_F38 -----
There are 1 faults will be injected in faulttable...
100913 microseconds
Fault on PT_F38(0X0 -> 0X0)
3000124 microseconds
timeout
[  2016-10-27 8:7:18]Process 17808 termed with signal 14(SIGALRM)
PT_F38-2_bit_0-100 Test Num : 47
Inject into ../bin/hello
----- Type : 2_bit_0 Pos : PT_F38 -----
There are 1 faults will be injected in faulttable...
101266 microseconds
Fault on PT_F38(0X0 -> 0X0)
3000097 microseconds
timeout
[  2016-10-27 8:7:21]Process 17810 termed with signal 14(SIGALRM)
PT_F38-2_bit_0-100 Test Num : 48
Inject into ../bin/hello
----- Type : 2_bit_0 Pos : PT_F38 -----
There are 1 faults will be injected in faulttable...
101001 microseconds
Fault on PT_F38(0X0 -> 0X0)
3000100 microseconds
timeout
[  2016-10-27 8:7:24]Process 17812 termed with signal 14(SIGALRM)
PT_F38-2_bit_0-100 Test Num : 49
Inject into ../bin/hello
----- Type : 2_bit_0 Pos : PT_F38 -----
There are 1 faults will be injected in faulttable...
101121 microseconds
Fault on PT_F38(0X0 -> 0X0)
3000118 microseconds
timeout
[  2016-10-27 8:7:27]Process 17814 termed with signal 14(SIGALRM)
PT_F38-2_bit_0-100 Test Num : 50
Inject into ../bin/hello
----- Type : 2_bit_0 Pos : PT_F38 -----
There are 1 faults will be injected in faulttable...
101282 microseconds
Fault on PT_F38(0X0 -> 0X0)
3000055 microseconds
timeout
[  2016-10-27 8:7:30]Process 17816 termed with signal 14(SIGALRM)
PT_F38-2_bit_0-100 Test Num : 51
Inject into ../bin/hello
----- Type : 2_bit_0 Pos : PT_F38 -----
There are 1 faults will be injected in faulttable...
101048 microseconds
Fault on PT_F38(0X0 -> 0X0)
3000062 microseconds
timeout
[  2016-10-27 8:7:33]Process 17818 termed with signal 14(SIGALRM)
PT_F38-2_bit_0-100 Test Num : 52
Inject into ../bin/hello
----- Type : 2_bit_0 Pos : PT_F38 -----
There are 1 faults will be injected in faulttable...
100954 microseconds
Fault on PT_F38(0X0 -> 0X0)
3000076 microseconds
timeout
[  2016-10-27 8:7:36]Process 17820 termed with signal 14(SIGALRM)
PT_F38-2_bit_0-100 Test Num : 53
Inject into ../bin/hello
----- Type : 2_bit_0 Pos : PT_F38 -----
There are 1 faults will be injected in faulttable...
101035 microseconds
Fault on PT_F38(0X0 -> 0X0)
3000083 microseconds
timeout
[  2016-10-27 8:7:39]Process 17822 termed with signal 14(SIGALRM)
PT_F38-2_bit_0-100 Test Num : 54
Inject into ../bin/hello
----- Type : 2_bit_0 Pos : PT_F38 -----
There are 1 faults will be injected in faulttable...
101437 microseconds
Fault on PT_F38(0X0 -> 0X0)
3000087 microseconds
timeout
[  2016-10-27 8:7:43]Process 17824 termed with signal 14(SIGALRM)
PT_F38-2_bit_0-100 Test Num : 55
Inject into ../bin/hello
----- Type : 2_bit_0 Pos : PT_F38 -----
There are 1 faults will be injected in faulttable...
100959 microseconds
Fault on PT_F38(0X0 -> 0X0)
3000072 microseconds
timeout
[  2016-10-27 8:7:46]Process 17826 termed with signal 14(SIGALRM)
PT_F38-2_bit_0-100 Test Num : 56
Inject into ../bin/hello
----- Type : 2_bit_0 Pos : PT_F38 -----
There are 1 faults will be injected in faulttable...
101174 microseconds
Fault on PT_F38(0X0 -> 0X0)
3000097 microseconds
timeout
[  2016-10-27 8:7:49]Process 17828 termed with signal 14(SIGALRM)
PT_F38-2_bit_0-100 Test Num : 57
Inject into ../bin/hello
----- Type : 2_bit_0 Pos : PT_F38 -----
There are 1 faults will be injected in faulttable...
101136 microseconds
Fault on PT_F38(0X0 -> 0X0)
3000135 microseconds
timeout
[  2016-10-27 8:7:52]Process 17830 termed with signal 14(SIGALRM)
PT_F38-2_bit_0-100 Test Num : 58
Inject into ../bin/hello
----- Type : 2_bit_0 Pos : PT_F38 -----
There are 1 faults will be injected in faulttable...
101785 microseconds
Fault on PT_F38(0X0 -> 0X0)
3000097 microseconds
timeout
[  2016-10-27 8:7:55]Process 17832 termed with signal 14(SIGALRM)
PT_F38-2_bit_0-100 Test Num : 59
Inject into ../bin/hello
----- Type : 2_bit_0 Pos : PT_F38 -----
There are 1 faults will be injected in faulttable...
101080 microseconds
Fault on PT_F38(0X0 -> 0X0)
3000144 microseconds
timeout
[  2016-10-27 8:7:58]Process 17834 termed with signal 14(SIGALRM)
PT_F38-2_bit_0-100 Test Num : 60
Inject into ../bin/hello
----- Type : 2_bit_0 Pos : PT_F38 -----
There are 1 faults will be injected in faulttable...
101488 microseconds
Fault on PT_F38(0X0 -> 0X0)
3000140 microseconds
timeout
[   2016-10-27 8:8:1]Process 17836 termed with signal 14(SIGALRM)
PT_F38-2_bit_0-100 Test Num : 61
Inject into ../bin/hello
----- Type : 2_bit_0 Pos : PT_F38 -----
There are 1 faults will be injected in faulttable...
100923 microseconds
Fault on PT_F38(0X0 -> 0X0)
3000091 microseconds
timeout
[   2016-10-27 8:8:4]Process 17838 termed with signal 14(SIGALRM)
PT_F38-2_bit_0-100 Test Num : 62
Inject into ../bin/hello
----- Type : 2_bit_0 Pos : PT_F38 -----
There are 1 faults will be injected in faulttable...
101333 microseconds
Fault on PT_F38(0X0 -> 0X0)
3000119 microseconds
timeout
[   2016-10-27 8:8:8]Process 17840 termed with signal 14(SIGALRM)
PT_F38-2_bit_0-100 Test Num : 63
Inject into ../bin/hello
----- Type : 2_bit_0 Pos : PT_F38 -----
There are 1 faults will be injected in faulttable...
101337 microseconds
Fault on PT_F38(0X0 -> 0X0)
3000067 microseconds
timeout
[  2016-10-27 8:8:11]Process 17842 termed with signal 14(SIGALRM)
PT_F38-2_bit_0-100 Test Num : 64
Inject into ../bin/hello
----- Type : 2_bit_0 Pos : PT_F38 -----
There are 1 faults will be injected in faulttable...
101021 microseconds
Fault on PT_F38(0X0 -> 0X0)
3000055 microseconds
timeout
[  2016-10-27 8:8:14]Process 17844 termed with signal 14(SIGALRM)
PT_F38-2_bit_0-100 Test Num : 65
Inject into ../bin/hello
----- Type : 2_bit_0 Pos : PT_F38 -----
There are 1 faults will be injected in faulttable...
101068 microseconds
Fault on PT_F38(0X0 -> 0X0)
3000080 microseconds
timeout
[  2016-10-27 8:8:17]Process 17846 termed with signal 14(SIGALRM)
PT_F38-2_bit_0-100 Test Num : 66
Inject into ../bin/hello
----- Type : 2_bit_0 Pos : PT_F38 -----
There are 1 faults will be injected in faulttable...
100959 microseconds
Fault on PT_F38(0X0 -> 0X0)
3000070 microseconds
timeout
[  2016-10-27 8:8:20]Process 17848 termed with signal 14(SIGALRM)
PT_F38-2_bit_0-100 Test Num : 67
Inject into ../bin/hello
----- Type : 2_bit_0 Pos : PT_F38 -----
There are 1 faults will be injected in faulttable...
101085 microseconds
Fault on PT_F38(0X0 -> 0X0)
3000125 microseconds
timeout
[  2016-10-27 8:8:23]Process 17850 termed with signal 14(SIGALRM)
PT_F38-2_bit_0-100 Test Num : 68
Inject into ../bin/hello
----- Type : 2_bit_0 Pos : PT_F38 -----
There are 1 faults will be injected in faulttable...
100997 microseconds
Fault on PT_F38(0X0 -> 0X0)
3000062 microseconds
timeout
[  2016-10-27 8:8:26]Process 17852 termed with signal 14(SIGALRM)
PT_F38-2_bit_0-100 Test Num : 69
Inject into ../bin/hello
----- Type : 2_bit_0 Pos : PT_F38 -----
There are 1 faults will be injected in faulttable...
100981 microseconds
Fault on PT_F38(0X0 -> 0X0)
3000103 microseconds
timeout
[  2016-10-27 8:8:29]Process 17854 termed with signal 14(SIGALRM)
PT_F38-2_bit_0-100 Test Num : 70
Inject into ../bin/hello
----- Type : 2_bit_0 Pos : PT_F38 -----
There are 1 faults will be injected in faulttable...
100239 microseconds
Fault on PT_F38(0X0 -> 0X0)
3000100 microseconds
timeout
[  2016-10-27 8:8:32]Process 17856 termed with signal 14(SIGALRM)
PT_F38-2_bit_0-100 Test Num : 71
Inject into ../bin/hello
----- Type : 2_bit_0 Pos : PT_F38 -----
There are 1 faults will be injected in faulttable...
101110 microseconds
Fault on PT_F38(0X0 -> 0X0)
3000083 microseconds
timeout
[  2016-10-27 8:8:36]Process 17858 termed with signal 14(SIGALRM)
PT_F38-2_bit_0-100 Test Num : 72
Inject into ../bin/hello
----- Type : 2_bit_0 Pos : PT_F38 -----
There are 1 faults will be injected in faulttable...
101099 microseconds
Fault on PT_F38(0X0 -> 0X0)
3000075 microseconds
timeout
[  2016-10-27 8:8:39]Process 17860 termed with signal 14(SIGALRM)
PT_F38-2_bit_0-100 Test Num : 73
Inject into ../bin/hello
----- Type : 2_bit_0 Pos : PT_F38 -----
There are 1 faults will be injected in faulttable...
100977 microseconds
Fault on PT_F38(0X0 -> 0X0)
3000065 microseconds
timeout
[  2016-10-27 8:8:42]Process 17862 termed with signal 14(SIGALRM)
PT_F38-2_bit_0-100 Test Num : 74
Inject into ../bin/hello
----- Type : 2_bit_0 Pos : PT_F38 -----
There are 1 faults will be injected in faulttable...
101098 microseconds
Fault on PT_F38(0X0 -> 0X0)
3000080 microseconds
timeout
[  2016-10-27 8:8:45]Process 17864 termed with signal 14(SIGALRM)
PT_F38-2_bit_0-100 Test Num : 75
Inject into ../bin/hello
----- Type : 2_bit_0 Pos : PT_F38 -----
There are 1 faults will be injected in faulttable...
100988 microseconds
Fault on PT_F38(0X0 -> 0X0)
3000190 microseconds
timeout
[  2016-10-27 8:8:48]Process 17866 termed with signal 14(SIGALRM)
PT_F38-2_bit_0-100 Test Num : 76
Inject into ../bin/hello
----- Type : 2_bit_0 Pos : PT_F38 -----
There are 1 faults will be injected in faulttable...
100082 microseconds
Fault on PT_F38(0X0 -> 0X0)
3000090 microseconds
timeout
[  2016-10-27 8:8:51]Process 17868 termed with signal 14(SIGALRM)
PT_F38-2_bit_0-100 Test Num : 77
Inject into ../bin/hello
----- Type : 2_bit_0 Pos : PT_F38 -----
There are 1 faults will be injected in faulttable...
100923 microseconds
Fault on PT_F38(0X0 -> 0X0)
3000078 microseconds
timeout
[  2016-10-27 8:8:54]Process 17870 termed with signal 14(SIGALRM)
PT_F38-2_bit_0-100 Test Num : 78
Inject into ../bin/hello
----- Type : 2_bit_0 Pos : PT_F38 -----
There are 1 faults will be injected in faulttable...
101479 microseconds
Fault on PT_F38(0X0 -> 0X0)
3000095 microseconds
timeout
[  2016-10-27 8:8:57]Process 17872 termed with signal 14(SIGALRM)
PT_F38-2_bit_0-100 Test Num : 79
Inject into ../bin/hello
----- Type : 2_bit_0 Pos : PT_F38 -----
There are 1 faults will be injected in faulttable...
101023 microseconds
Fault on PT_F38(0X0 -> 0X0)
3000086 microseconds
timeout
[   2016-10-27 8:9:0]Process 17874 termed with signal 14(SIGALRM)
PT_F38-2_bit_0-100 Test Num : 80
Inject into ../bin/hello
----- Type : 2_bit_0 Pos : PT_F38 -----
There are 1 faults will be injected in faulttable...
100982 microseconds
Fault on PT_F38(0X0 -> 0X0)
3000126 microseconds
timeout
[   2016-10-27 8:9:4]Process 17876 termed with signal 14(SIGALRM)
PT_F38-2_bit_0-100 Test Num : 81
Inject into ../bin/hello
----- Type : 2_bit_0 Pos : PT_F38 -----
There are 1 faults will be injected in faulttable...
101613 microseconds
Fault on PT_F38(0X0 -> 0X0)
3000073 microseconds
timeout
[   2016-10-27 8:9:7]Process 17878 termed with signal 14(SIGALRM)
PT_F38-2_bit_0-100 Test Num : 82
Inject into ../bin/hello
----- Type : 2_bit_0 Pos : PT_F38 -----
There are 1 faults will be injected in faulttable...
100914 microseconds
Fault on PT_F38(0X0 -> 0X0)
3000075 microseconds
timeout
[  2016-10-27 8:9:10]Process 17880 termed with signal 14(SIGALRM)
PT_F38-2_bit_0-100 Test Num : 83
Inject into ../bin/hello
----- Type : 2_bit_0 Pos : PT_F38 -----
There are 1 faults will be injected in faulttable...
100966 microseconds
Fault on PT_F38(0X0 -> 0X0)
3000140 microseconds
timeout
[  2016-10-27 8:9:13]Process 17882 termed with signal 14(SIGALRM)
PT_F38-2_bit_0-100 Test Num : 84
Inject into ../bin/hello
----- Type : 2_bit_0 Pos : PT_F38 -----
There are 1 faults will be injected in faulttable...
100989 microseconds
Fault on PT_F38(0X0 -> 0X0)
3000133 microseconds
timeout
[  2016-10-27 8:9:16]Process 17884 termed with signal 14(SIGALRM)
PT_F38-2_bit_0-100 Test Num : 85
Inject into ../bin/hello
----- Type : 2_bit_0 Pos : PT_F38 -----
There are 1 faults will be injected in faulttable...
101009 microseconds
Fault on PT_F38(0X0 -> 0X0)
3000086 microseconds
timeout
[  2016-10-27 8:9:19]Process 17886 termed with signal 14(SIGALRM)
PT_F38-2_bit_0-100 Test Num : 86
Inject into ../bin/hello
----- Type : 2_bit_0 Pos : PT_F38 -----
There are 1 faults will be injected in faulttable...
100220 microseconds
Fault on PT_F38(0X0 -> 0X0)
3000096 microseconds
timeout
[  2016-10-27 8:9:22]Process 17888 termed with signal 14(SIGALRM)
PT_F38-2_bit_0-100 Test Num : 87
Inject into ../bin/hello
----- Type : 2_bit_0 Pos : PT_F38 -----
There are 1 faults will be injected in faulttable...
101741 microseconds
Fault on PT_F38(0X0 -> 0X0)
3000091 microseconds
timeout
[  2016-10-27 8:9:25]Process 17890 termed with signal 14(SIGALRM)
PT_F38-2_bit_0-100 Test Num : 88
Inject into ../bin/hello
----- Type : 2_bit_0 Pos : PT_F38 -----
There are 1 faults will be injected in faulttable...
101059 microseconds
Fault on PT_F38(0X0 -> 0X0)
3000119 microseconds
timeout
[  2016-10-27 8:9:28]Process 17892 termed with signal 14(SIGALRM)
PT_F38-2_bit_0-100 Test Num : 89
Inject into ../bin/hello
----- Type : 2_bit_0 Pos : PT_F38 -----
There are 1 faults will be injected in faulttable...
100138 microseconds
Fault on PT_F38(0X0 -> 0X0)
3000089 microseconds
timeout
[  2016-10-27 8:9:32]Process 17894 termed with signal 14(SIGALRM)
PT_F38-2_bit_0-100 Test Num : 90
Inject into ../bin/hello
----- Type : 2_bit_0 Pos : PT_F38 -----
There are 1 faults will be injected in faulttable...
101231 microseconds
Fault on PT_F38(0X0 -> 0X0)
3000127 microseconds
timeout
[  2016-10-27 8:9:35]Process 17896 termed with signal 14(SIGALRM)
PT_F38-2_bit_0-100 Test Num : 91
Inject into ../bin/hello
----- Type : 2_bit_0 Pos : PT_F38 -----
There are 1 faults will be injected in faulttable...
101013 microseconds
Fault on PT_F38(0X0 -> 0X0)
3000101 microseconds
timeout
[  2016-10-27 8:9:38]Process 17898 termed with signal 14(SIGALRM)
PT_F38-2_bit_0-100 Test Num : 92
Inject into ../bin/hello
----- Type : 2_bit_0 Pos : PT_F38 -----
There are 1 faults will be injected in faulttable...
101406 microseconds
Fault on PT_F38(0X0 -> 0X0)
3000227 microseconds
timeout
[  2016-10-27 8:9:41]Process 17900 termed with signal 14(SIGALRM)
PT_F38-2_bit_0-100 Test Num : 93
Inject into ../bin/hello
----- Type : 2_bit_0 Pos : PT_F38 -----
There are 1 faults will be injected in faulttable...
101164 microseconds
Fault on PT_F38(0X0 -> 0X0)
3000068 microseconds
timeout
[  2016-10-27 8:9:44]Process 17902 termed with signal 14(SIGALRM)
PT_F38-2_bit_0-100 Test Num : 94
Inject into ../bin/hello
----- Type : 2_bit_0 Pos : PT_F38 -----
There are 1 faults will be injected in faulttable...
101156 microseconds
Fault on PT_F38(0X0 -> 0X0)
3000079 microseconds
timeout
[  2016-10-27 8:9:47]Process 17904 termed with signal 14(SIGALRM)
PT_F38-2_bit_0-100 Test Num : 95
Inject into ../bin/hello
----- Type : 2_bit_0 Pos : PT_F38 -----
There are 1 faults will be injected in faulttable...
101205 microseconds
Fault on PT_F38(0X0 -> 0X0)
3000092 microseconds
timeout
[  2016-10-27 8:9:50]Process 17906 termed with signal 14(SIGALRM)
PT_F38-2_bit_0-100 Test Num : 96
Inject into ../bin/hello
----- Type : 2_bit_0 Pos : PT_F38 -----
There are 1 faults will be injected in faulttable...
100092 microseconds
Fault on PT_F38(0X0 -> 0X0)
3000215 microseconds
timeout
[  2016-10-27 8:9:53]Process 17908 termed with signal 14(SIGALRM)
PT_F38-2_bit_0-100 Test Num : 97
Inject into ../bin/hello
----- Type : 2_bit_0 Pos : PT_F38 -----
There are 1 faults will be injected in faulttable...
101040 microseconds
Fault on PT_F38(0X0 -> 0X0)
3000078 microseconds
timeout
[  2016-10-27 8:9:56]Process 17910 termed with signal 14(SIGALRM)
PT_F38-2_bit_0-100 Test Num : 98
Inject into ../bin/hello
----- Type : 2_bit_0 Pos : PT_F38 -----
There are 1 faults will be injected in faulttable...
100994 microseconds
Fault on PT_F38(0X0 -> 0X0)
3000080 microseconds
timeout
[  2016-10-27 8:10:0]Process 17912 termed with signal 14(SIGALRM)
PT_F38-2_bit_0-100 Test Num : 99
Inject into ../bin/hello
----- Type : 2_bit_0 Pos : PT_F38 -----
There are 1 faults will be injected in faulttable...
101199 microseconds
Fault on PT_F38(0X0 -> 0X0)
3000149 microseconds
timeout
[  2016-10-27 8:10:3]Process 17914 termed with signal 14(SIGALRM)
PT_F38-2_bit_0-100 Test Num : 100
Inject into ../bin/hello
----- Type : 2_bit_0 Pos : PT_F38 -----
There are 1 faults will be injected in faulttable...
101594 microseconds
Fault on PT_F38(0X0 -> 0X0)
3000083 microseconds
timeout
[  2016-10-27 8:10:6]Process 17916 termed with signal 14(SIGALRM)
