PT_F38-1_bit_flip-100 Test Num : 1
Inject into ../bin/hello
----- Type : 1_bit_flip Pos : PT_F38 -----
There are 1 faults will be injected in faulttable...
100952 microseconds
Fault on PT_F38(0X0 -> 0X80000000)
3000073 microseconds
timeout
[ 2016-10-27 7:49:24]Process 17087 termed with signal 14(SIGALRM)
PT_F38-1_bit_flip-100 Test Num : 2
Inject into ../bin/hello
----- Type : 1_bit_flip Pos : PT_F38 -----
There are 1 faults will be injected in faulttable...
101070 microseconds
Fault on PT_F38(0X0 -> 0X2000000000)
3000073 microseconds
timeout
[ 2016-10-27 7:49:27]Process 17089 termed with signal 14(SIGALRM)
PT_F38-1_bit_flip-100 Test Num : 3
Inject into ../bin/hello
----- Type : 1_bit_flip Pos : PT_F38 -----
There are 1 faults will be injected in faulttable...
101085 microseconds
Fault on PT_F38(0X0 -> 0X8000000)
3000070 microseconds
timeout
[ 2016-10-27 7:49:30]Process 17091 termed with signal 14(SIGALRM)
PT_F38-1_bit_flip-100 Test Num : 4
Inject into ../bin/hello
----- Type : 1_bit_flip Pos : PT_F38 -----
There are 1 faults will be injected in faulttable...
101158 microseconds
Fault on PT_F38(0X0 -> 0X2000000000000)
3000091 microseconds
timeout
[ 2016-10-27 7:49:33]Process 17093 termed with signal 14(SIGALRM)
PT_F38-1_bit_flip-100 Test Num : 5
Inject into ../bin/hello
----- Type : 1_bit_flip Pos : PT_F38 -----
There are 1 faults will be injected in faulttable...
100867 microseconds
Fault on PT_F38(0X0 -> 0X80000000000)
3000048 microseconds
timeout
[ 2016-10-27 7:49:36]Process 17095 termed with signal 14(SIGALRM)
PT_F38-1_bit_flip-100 Test Num : 6
Inject into ../bin/hello
----- Type : 1_bit_flip Pos : PT_F38 -----
There are 1 faults will be injected in faulttable...
100064 microseconds
Fault on PT_F38(0X0 -> 0X1)
3000077 microseconds
timeout
[ 2016-10-27 7:49:39]Process 17097 termed with signal 14(SIGALRM)
PT_F38-1_bit_flip-100 Test Num : 7
Inject into ../bin/hello
----- Type : 1_bit_flip Pos : PT_F38 -----
There are 1 faults will be injected in faulttable...
101031 microseconds
Fault on PT_F38(0X0 -> 0X4000000000)
3000075 microseconds
timeout
[ 2016-10-27 7:49:42]Process 17099 termed with signal 14(SIGALRM)
PT_F38-1_bit_flip-100 Test Num : 8
Inject into ../bin/hello
----- Type : 1_bit_flip Pos : PT_F38 -----
There are 1 faults will be injected in faulttable...
100073 microseconds
Fault on PT_F38(0X0 -> 0X10000000)
3000074 microseconds
timeout
[ 2016-10-27 7:49:46]Process 17101 termed with signal 14(SIGALRM)
PT_F38-1_bit_flip-100 Test Num : 9
Inject into ../bin/hello
----- Type : 1_bit_flip Pos : PT_F38 -----
There are 1 faults will be injected in faulttable...
100248 microseconds
Fault on PT_F38(0X0 -> 0X1)
3000098 microseconds
timeout
[ 2016-10-27 7:49:49]Process 17103 termed with signal 14(SIGALRM)
PT_F38-1_bit_flip-100 Test Num : 10
Inject into ../bin/hello
----- Type : 1_bit_flip Pos : PT_F38 -----
There are 1 faults will be injected in faulttable...
100968 microseconds
Fault on PT_F38(0X0 -> 0X4000000000000)
3000099 microseconds
timeout
[ 2016-10-27 7:49:52]Process 17105 termed with signal 14(SIGALRM)
PT_F38-1_bit_flip-100 Test Num : 11
Inject into ../bin/hello
----- Type : 1_bit_flip Pos : PT_F38 -----
There are 1 faults will be injected in faulttable...
101142 microseconds
Fault on PT_F38(0X0 -> 0X10000)
3000101 microseconds
timeout
[ 2016-10-27 7:49:55]Process 17107 termed with signal 14(SIGALRM)
PT_F38-1_bit_flip-100 Test Num : 12
Inject into ../bin/hello
----- Type : 1_bit_flip Pos : PT_F38 -----
There are 1 faults will be injected in faulttable...
101076 microseconds
Fault on PT_F38(0X0 -> 0X800000000000)
3000083 microseconds
timeout
[ 2016-10-27 7:49:58]Process 17109 termed with signal 14(SIGALRM)
PT_F38-1_bit_flip-100 Test Num : 13
Inject into ../bin/hello
----- Type : 1_bit_flip Pos : PT_F38 -----
There are 1 faults will be injected in faulttable...
100984 microseconds
Fault on PT_F38(0X0 -> 0X1000000000000)
3000144 microseconds
timeout
[  2016-10-27 7:50:1]Process 17111 termed with signal 14(SIGALRM)
PT_F38-1_bit_flip-100 Test Num : 14
Inject into ../bin/hello
----- Type : 1_bit_flip Pos : PT_F38 -----
There are 1 faults will be injected in faulttable...
101066 microseconds
Fault on PT_F38(0X0 -> 0X20000000000)
3000092 microseconds
timeout
[  2016-10-27 7:50:4]Process 17113 termed with signal 14(SIGALRM)
PT_F38-1_bit_flip-100 Test Num : 15
Inject into ../bin/hello
----- Type : 1_bit_flip Pos : PT_F38 -----
There are 1 faults will be injected in faulttable...
100081 microseconds
Fault on PT_F38(0X0 -> 0X20000000)
3000122 microseconds
timeout
[  2016-10-27 7:50:7]Process 17115 termed with signal 14(SIGALRM)
PT_F38-1_bit_flip-100 Test Num : 16
Inject into ../bin/hello
----- Type : 1_bit_flip Pos : PT_F38 -----
There are 1 faults will be injected in faulttable...
100946 microseconds
Fault on PT_F38(0X0 -> 0X800000000000000)
3000093 microseconds
timeout
[ 2016-10-27 7:50:10]Process 17117 termed with signal 14(SIGALRM)
PT_F38-1_bit_flip-100 Test Num : 17
Inject into ../bin/hello
----- Type : 1_bit_flip Pos : PT_F38 -----
There are 1 faults will be injected in faulttable...
100083 microseconds
Fault on PT_F38(0X0 -> 0X1000000000000)
3000126 microseconds
timeout
[ 2016-10-27 7:50:14]Process 17119 termed with signal 14(SIGALRM)
PT_F38-1_bit_flip-100 Test Num : 18
Inject into ../bin/hello
----- Type : 1_bit_flip Pos : PT_F38 -----
There are 1 faults will be injected in faulttable...
101463 microseconds
Fault on PT_F38(0X0 -> 0X8000000)
3000086 microseconds
timeout
[ 2016-10-27 7:50:17]Process 17121 termed with signal 14(SIGALRM)
PT_F38-1_bit_flip-100 Test Num : 19
Inject into ../bin/hello
----- Type : 1_bit_flip Pos : PT_F38 -----
There are 1 faults will be injected in faulttable...
101225 microseconds
Fault on PT_F38(0X0 -> 0X40000000000000)
3000123 microseconds
timeout
[ 2016-10-27 7:50:20]Process 17123 termed with signal 14(SIGALRM)
PT_F38-1_bit_flip-100 Test Num : 20
Inject into ../bin/hello
----- Type : 1_bit_flip Pos : PT_F38 -----
There are 1 faults will be injected in faulttable...
101064 microseconds
Fault on PT_F38(0X0 -> 0X10)
3000073 microseconds
timeout
[ 2016-10-27 7:50:23]Process 17125 termed with signal 14(SIGALRM)
PT_F38-1_bit_flip-100 Test Num : 21
Inject into ../bin/hello
----- Type : 1_bit_flip Pos : PT_F38 -----
There are 1 faults will be injected in faulttable...
100070 microseconds
Fault on PT_F38(0X0 -> 0X1000000000000)
3000065 microseconds
timeout
[ 2016-10-27 7:50:26]Process 17127 termed with signal 14(SIGALRM)
PT_F38-1_bit_flip-100 Test Num : 22
Inject into ../bin/hello
----- Type : 1_bit_flip Pos : PT_F38 -----
There are 1 faults will be injected in faulttable...
101145 microseconds
Fault on PT_F38(0X0 -> 0X20000)
3000073 microseconds
timeout
[ 2016-10-27 7:50:29]Process 17129 termed with signal 14(SIGALRM)
PT_F38-1_bit_flip-100 Test Num : 23
Inject into ../bin/hello
----- Type : 1_bit_flip Pos : PT_F38 -----
There are 1 faults will be injected in faulttable...
100987 microseconds
Fault on PT_F38(0X0 -> 0X4000000)
3000088 microseconds
timeout
[ 2016-10-27 7:50:32]Process 17131 termed with signal 14(SIGALRM)
PT_F38-1_bit_flip-100 Test Num : 24
Inject into ../bin/hello
----- Type : 1_bit_flip Pos : PT_F38 -----
There are 1 faults will be injected in faulttable...
100937 microseconds
Fault on PT_F38(0X0 -> 0X800000000000000)
3000084 microseconds
timeout
[ 2016-10-27 7:50:35]Process 17133 termed with signal 14(SIGALRM)
PT_F38-1_bit_flip-100 Test Num : 25
Inject into ../bin/hello
----- Type : 1_bit_flip Pos : PT_F38 -----
There are 1 faults will be injected in faulttable...
100081 microseconds
Fault on PT_F38(0X0 -> 0X1000000000)
3000094 microseconds
timeout
[ 2016-10-27 7:50:38]Process 17136 termed with signal 14(SIGALRM)
PT_F38-1_bit_flip-100 Test Num : 26
Inject into ../bin/hello
----- Type : 1_bit_flip Pos : PT_F38 -----
There are 1 faults will be injected in faulttable...
100076 microseconds
Fault on PT_F38(0X0 -> 0X1)
3000124 microseconds
timeout
[ 2016-10-27 7:50:42]Process 17138 termed with signal 14(SIGALRM)
PT_F38-1_bit_flip-100 Test Num : 27
Inject into ../bin/hello
----- Type : 1_bit_flip Pos : PT_F38 -----
There are 1 faults will be injected in faulttable...
100117 microseconds
Fault on PT_F38(0X0 -> 0X200000000)
3000103 microseconds
timeout
[ 2016-10-27 7:50:45]Process 17140 termed with signal 14(SIGALRM)
PT_F38-1_bit_flip-100 Test Num : 28
Inject into ../bin/hello
----- Type : 1_bit_flip Pos : PT_F38 -----
There are 1 faults will be injected in faulttable...
100998 microseconds
Fault on PT_F38(0X0 -> 0X20000000000)
3000075 microseconds
timeout
[ 2016-10-27 7:50:48]Process 17142 termed with signal 14(SIGALRM)
PT_F38-1_bit_flip-100 Test Num : 29
Inject into ../bin/hello
----- Type : 1_bit_flip Pos : PT_F38 -----
There are 1 faults will be injected in faulttable...
101171 microseconds
Fault on PT_F38(0X0 -> 0X10000000000)
3000081 microseconds
timeout
[ 2016-10-27 7:50:51]Process 17144 termed with signal 14(SIGALRM)
PT_F38-1_bit_flip-100 Test Num : 30
Inject into ../bin/hello
----- Type : 1_bit_flip Pos : PT_F38 -----
There are 1 faults will be injected in faulttable...
101164 microseconds
Fault on PT_F38(0X0 -> 0X200000000000)
3000095 microseconds
timeout
[ 2016-10-27 7:50:54]Process 17146 termed with signal 14(SIGALRM)
PT_F38-1_bit_flip-100 Test Num : 31
Inject into ../bin/hello
----- Type : 1_bit_flip Pos : PT_F38 -----
There are 1 faults will be injected in faulttable...
101018 microseconds
Fault on PT_F38(0X0 -> 0X8000000000)
3000072 microseconds
timeout
[ 2016-10-27 7:50:57]Process 17148 termed with signal 14(SIGALRM)
PT_F38-1_bit_flip-100 Test Num : 32
Inject into ../bin/hello
----- Type : 1_bit_flip Pos : PT_F38 -----
There are 1 faults will be injected in faulttable...
101278 microseconds
Fault on PT_F38(0X0 -> 0X200000)
3000115 microseconds
timeout
[  2016-10-27 7:51:0]Process 17150 termed with signal 14(SIGALRM)
PT_F38-1_bit_flip-100 Test Num : 33
Inject into ../bin/hello
----- Type : 1_bit_flip Pos : PT_F38 -----
There are 1 faults will be injected in faulttable...
101056 microseconds
Fault on PT_F38(0X0 -> 0X80000000)
3000071 microseconds
timeout
[  2016-10-27 7:51:3]Process 17152 termed with signal 14(SIGALRM)
PT_F38-1_bit_flip-100 Test Num : 34
Inject into ../bin/hello
----- Type : 1_bit_flip Pos : PT_F38 -----
There are 1 faults will be injected in faulttable...
100135 microseconds
Fault on PT_F38(0X0 -> 0X8000000000000)
3000102 microseconds
timeout
[  2016-10-27 7:51:6]Process 17154 termed with signal 14(SIGALRM)
PT_F38-1_bit_flip-100 Test Num : 35
Inject into ../bin/hello
----- Type : 1_bit_flip Pos : PT_F38 -----
There are 1 faults will be injected in faulttable...
101050 microseconds
Fault on PT_F38(0X0 -> 0X100000)
3000058 microseconds
timeout
[ 2016-10-27 7:51:10]Process 17156 termed with signal 14(SIGALRM)
PT_F38-1_bit_flip-100 Test Num : 36
Inject into ../bin/hello
----- Type : 1_bit_flip Pos : PT_F38 -----
There are 1 faults will be injected in faulttable...
100916 microseconds
Fault on PT_F38(0X0 -> 0X40000000000)
3000064 microseconds
timeout
[ 2016-10-27 7:51:13]Process 17158 termed with signal 14(SIGALRM)
PT_F38-1_bit_flip-100 Test Num : 37
Inject into ../bin/hello
----- Type : 1_bit_flip Pos : PT_F38 -----
There are 1 faults will be injected in faulttable...
101054 microseconds
Fault on PT_F38(0X0 -> 0X2000000000)
3000074 microseconds
timeout
[ 2016-10-27 7:51:16]Process 17160 termed with signal 14(SIGALRM)
PT_F38-1_bit_flip-100 Test Num : 38
Inject into ../bin/hello
----- Type : 1_bit_flip Pos : PT_F38 -----
There are 1 faults will be injected in faulttable...
101020 microseconds
Fault on PT_F38(0X0 -> 0X80000000000)
3000072 microseconds
timeout
[ 2016-10-27 7:51:19]Process 17162 termed with signal 14(SIGALRM)
PT_F38-1_bit_flip-100 Test Num : 39
Inject into ../bin/hello
----- Type : 1_bit_flip Pos : PT_F38 -----
There are 1 faults will be injected in faulttable...
101235 microseconds
Fault on PT_F38(0X0 -> 0X100000000)
3000139 microseconds
timeout
[ 2016-10-27 7:51:22]Process 17164 termed with signal 14(SIGALRM)
PT_F38-1_bit_flip-100 Test Num : 40
Inject into ../bin/hello
----- Type : 1_bit_flip Pos : PT_F38 -----
There are 1 faults will be injected in faulttable...
100323 microseconds
Fault on PT_F38(0X0 -> 0X20000000000000)
3000086 microseconds
timeout
[ 2016-10-27 7:51:25]Process 17166 termed with signal 14(SIGALRM)
PT_F38-1_bit_flip-100 Test Num : 41
Inject into ../bin/hello
----- Type : 1_bit_flip Pos : PT_F38 -----
There are 1 faults will be injected in faulttable...
101029 microseconds
Fault on PT_F38(0X0 -> 0X400000000)
3000140 microseconds
timeout
[ 2016-10-27 7:51:28]Process 17168 termed with signal 14(SIGALRM)
PT_F38-1_bit_flip-100 Test Num : 42
Inject into ../bin/hello
----- Type : 1_bit_flip Pos : PT_F38 -----
There are 1 faults will be injected in faulttable...
100109 microseconds
Fault on PT_F38(0X0 -> 0X4000)
3000122 microseconds
timeout
[ 2016-10-27 7:51:31]Process 17170 termed with signal 14(SIGALRM)
PT_F38-1_bit_flip-100 Test Num : 43
Inject into ../bin/hello
----- Type : 1_bit_flip Pos : PT_F38 -----
There are 1 faults will be injected in faulttable...
101020 microseconds
Fault on PT_F38(0X0 -> 0X80000)
3000053 microseconds
timeout
[ 2016-10-27 7:51:34]Process 17172 termed with signal 14(SIGALRM)
PT_F38-1_bit_flip-100 Test Num : 44
Inject into ../bin/hello
----- Type : 1_bit_flip Pos : PT_F38 -----
There are 1 faults will be injected in faulttable...
100907 microseconds
Fault on PT_F38(0X0 -> 0X20000000000000)
3000074 microseconds
timeout
[ 2016-10-27 7:51:38]Process 17174 termed with signal 14(SIGALRM)
PT_F38-1_bit_flip-100 Test Num : 45
Inject into ../bin/hello
----- Type : 1_bit_flip Pos : PT_F38 -----
There are 1 faults will be injected in faulttable...
101155 microseconds
Fault on PT_F38(0X0 -> 0X20000000000)
3000077 microseconds
timeout
[ 2016-10-27 7:51:41]Process 17176 termed with signal 14(SIGALRM)
PT_F38-1_bit_flip-100 Test Num : 46
Inject into ../bin/hello
----- Type : 1_bit_flip Pos : PT_F38 -----
There are 1 faults will be injected in faulttable...
101058 microseconds
Fault on PT_F38(0X0 -> 0X80000000000000)
3000088 microseconds
timeout
[ 2016-10-27 7:51:44]Process 17178 termed with signal 14(SIGALRM)
PT_F38-1_bit_flip-100 Test Num : 47
Inject into ../bin/hello
----- Type : 1_bit_flip Pos : PT_F38 -----
There are 1 faults will be injected in faulttable...
101058 microseconds
Fault on PT_F38(0X0 -> 0X8000000000000)
3000073 microseconds
timeout
[ 2016-10-27 7:51:47]Process 17180 termed with signal 14(SIGALRM)
PT_F38-1_bit_flip-100 Test Num : 48
Inject into ../bin/hello
----- Type : 1_bit_flip Pos : PT_F38 -----
There are 1 faults will be injected in faulttable...
101032 microseconds
Fault on PT_F38(0X0 -> 0X400000000000)
3000076 microseconds
timeout
[ 2016-10-27 7:51:50]Process 17182 termed with signal 14(SIGALRM)
PT_F38-1_bit_flip-100 Test Num : 49
Inject into ../bin/hello
----- Type : 1_bit_flip Pos : PT_F38 -----
There are 1 faults will be injected in faulttable...
100972 microseconds
Fault on PT_F38(0X0 -> 0X10000000000)
3000101 microseconds
timeout
[ 2016-10-27 7:51:53]Process 17184 termed with signal 14(SIGALRM)
PT_F38-1_bit_flip-100 Test Num : 50
Inject into ../bin/hello
----- Type : 1_bit_flip Pos : PT_F38 -----
There are 1 faults will be injected in faulttable...
100935 microseconds
Fault on PT_F38(0X0 -> 0X1)
3000066 microseconds
timeout
[ 2016-10-27 7:51:56]Process 17186 termed with signal 14(SIGALRM)
PT_F38-1_bit_flip-100 Test Num : 51
Inject into ../bin/hello
----- Type : 1_bit_flip Pos : PT_F38 -----
There are 1 faults will be injected in faulttable...
100979 microseconds
Fault on PT_F38(0X0 -> 0X10000000000000)
3000108 microseconds
timeout
[ 2016-10-27 7:51:59]Process 17188 termed with signal 14(SIGALRM)
PT_F38-1_bit_flip-100 Test Num : 52
Inject into ../bin/hello
----- Type : 1_bit_flip Pos : PT_F38 -----
There are 1 faults will be injected in faulttable...
101080 microseconds
Fault on PT_F38(0X0 -> 0X20)
3000097 microseconds
timeout
[  2016-10-27 7:52:3]Process 17190 termed with signal 14(SIGALRM)
PT_F38-1_bit_flip-100 Test Num : 53
Inject into ../bin/hello
----- Type : 1_bit_flip Pos : PT_F38 -----
There are 1 faults will be injected in faulttable...
100091 microseconds
Fault on PT_F38(0X0 -> 0X80)
3000105 microseconds
timeout
[  2016-10-27 7:52:6]Process 17192 termed with signal 14(SIGALRM)
PT_F38-1_bit_flip-100 Test Num : 54
Inject into ../bin/hello
----- Type : 1_bit_flip Pos : PT_F38 -----
There are 1 faults will be injected in faulttable...
101324 microseconds
Fault on PT_F38(0X0 -> 0X4000000000)
3000106 microseconds
timeout
[  2016-10-27 7:52:9]Process 17194 termed with signal 14(SIGALRM)
PT_F38-1_bit_flip-100 Test Num : 55
Inject into ../bin/hello
----- Type : 1_bit_flip Pos : PT_F38 -----
There are 1 faults will be injected in faulttable...
100073 microseconds
Fault on PT_F38(0X0 -> 0X800000000)
3000065 microseconds
timeout
[ 2016-10-27 7:52:12]Process 17196 termed with signal 14(SIGALRM)
PT_F38-1_bit_flip-100 Test Num : 56
Inject into ../bin/hello
----- Type : 1_bit_flip Pos : PT_F38 -----
There are 1 faults will be injected in faulttable...
100986 microseconds
Fault on PT_F38(0X0 -> 0X10000000)
3000090 microseconds
timeout
[ 2016-10-27 7:52:15]Process 17198 termed with signal 14(SIGALRM)
PT_F38-1_bit_flip-100 Test Num : 57
Inject into ../bin/hello
----- Type : 1_bit_flip Pos : PT_F38 -----
There are 1 faults will be injected in faulttable...
101190 microseconds
Fault on PT_F38(0X0 -> 0X40000000)
3000094 microseconds
timeout
[ 2016-10-27 7:52:18]Process 17200 termed with signal 14(SIGALRM)
PT_F38-1_bit_flip-100 Test Num : 58
Inject into ../bin/hello
----- Type : 1_bit_flip Pos : PT_F38 -----
There are 1 faults will be injected in faulttable...
101039 microseconds
Fault on PT_F38(0X0 -> 0X2000)
3000119 microseconds
timeout
[ 2016-10-27 7:52:21]Process 17202 termed with signal 14(SIGALRM)
PT_F38-1_bit_flip-100 Test Num : 59
Inject into ../bin/hello
----- Type : 1_bit_flip Pos : PT_F38 -----
There are 1 faults will be injected in faulttable...
100979 microseconds
Fault on PT_F38(0X0 -> 0X200000)
3000086 microseconds
timeout
[ 2016-10-27 7:52:24]Process 17204 termed with signal 14(SIGALRM)
PT_F38-1_bit_flip-100 Test Num : 60
Inject into ../bin/hello
----- Type : 1_bit_flip Pos : PT_F38 -----
There are 1 faults will be injected in faulttable...
100980 microseconds
Fault on PT_F38(0X0 -> 0X10000000000000)
3000083 microseconds
timeout
[ 2016-10-27 7:52:27]Process 17206 termed with signal 14(SIGALRM)
PT_F38-1_bit_flip-100 Test Num : 61
Inject into ../bin/hello
----- Type : 1_bit_flip Pos : PT_F38 -----
There are 1 faults will be injected in faulttable...
101088 microseconds
Fault on PT_F38(0X0 -> 0X2000)
3000066 microseconds
timeout
[ 2016-10-27 7:52:31]Process 17208 termed with signal 14(SIGALRM)
PT_F38-1_bit_flip-100 Test Num : 62
Inject into ../bin/hello
----- Type : 1_bit_flip Pos : PT_F38 -----
There are 1 faults will be injected in faulttable...
101028 microseconds
Fault on PT_F38(0X0 -> 0X80000000)
3000060 microseconds
timeout
[ 2016-10-27 7:52:34]Process 17210 termed with signal 14(SIGALRM)
PT_F38-1_bit_flip-100 Test Num : 63
Inject into ../bin/hello
----- Type : 1_bit_flip Pos : PT_F38 -----
There are 1 faults will be injected in faulttable...
101059 microseconds
Fault on PT_F38(0X0 -> 0X4000000000000000)
3000069 microseconds
timeout
[ 2016-10-27 7:52:37]Process 17212 termed with signal 14(SIGALRM)
PT_F38-1_bit_flip-100 Test Num : 64
Inject into ../bin/hello
----- Type : 1_bit_flip Pos : PT_F38 -----
There are 1 faults will be injected in faulttable...
100931 microseconds
Fault on PT_F38(0X0 -> 0X80000000)
3000069 microseconds
timeout
[ 2016-10-27 7:52:40]Process 17214 termed with signal 14(SIGALRM)
PT_F38-1_bit_flip-100 Test Num : 65
Inject into ../bin/hello
----- Type : 1_bit_flip Pos : PT_F38 -----
There are 1 faults will be injected in faulttable...
100950 microseconds
Fault on PT_F38(0X0 -> 0X80000000000)
3000073 microseconds
timeout
[ 2016-10-27 7:52:43]Process 17216 termed with signal 14(SIGALRM)
PT_F38-1_bit_flip-100 Test Num : 66
Inject into ../bin/hello
----- Type : 1_bit_flip Pos : PT_F38 -----
There are 1 faults will be injected in faulttable...
101111 microseconds
Fault on PT_F38(0X0 -> 0X200000)
3000073 microseconds
timeout
[ 2016-10-27 7:52:46]Process 17218 termed with signal 14(SIGALRM)
PT_F38-1_bit_flip-100 Test Num : 67
Inject into ../bin/hello
----- Type : 1_bit_flip Pos : PT_F38 -----
There are 1 faults will be injected in faulttable...
100074 microseconds
Fault on PT_F38(0X0 -> 0X1000000000)
3000073 microseconds
timeout
[ 2016-10-27 7:52:49]Process 17220 termed with signal 14(SIGALRM)
PT_F38-1_bit_flip-100 Test Num : 68
Inject into ../bin/hello
----- Type : 1_bit_flip Pos : PT_F38 -----
There are 1 faults will be injected in faulttable...
100964 microseconds
Fault on PT_F38(0X0 -> 0X2000000)
3000072 microseconds
timeout
[ 2016-10-27 7:52:52]Process 17222 termed with signal 14(SIGALRM)
PT_F38-1_bit_flip-100 Test Num : 69
Inject into ../bin/hello
----- Type : 1_bit_flip Pos : PT_F38 -----
There are 1 faults will be injected in faulttable...
100913 microseconds
Fault on PT_F38(0X0 -> 0X10000000000000)
3000102 microseconds
timeout
[ 2016-10-27 7:52:55]Process 17224 termed with signal 14(SIGALRM)
PT_F38-1_bit_flip-100 Test Num : 70
Inject into ../bin/hello
----- Type : 1_bit_flip Pos : PT_F38 -----
There are 1 faults will be injected in faulttable...
101012 microseconds
Fault on PT_F38(0X0 -> 0X20000000)
3000091 microseconds
timeout
[ 2016-10-27 7:52:59]Process 17226 termed with signal 14(SIGALRM)
PT_F38-1_bit_flip-100 Test Num : 71
Inject into ../bin/hello
----- Type : 1_bit_flip Pos : PT_F38 -----
There are 1 faults will be injected in faulttable...
101054 microseconds
Fault on PT_F38(0X0 -> 0X1000000000)
3000079 microseconds
timeout
[  2016-10-27 7:53:2]Process 17228 termed with signal 14(SIGALRM)
PT_F38-1_bit_flip-100 Test Num : 72
Inject into ../bin/hello
----- Type : 1_bit_flip Pos : PT_F38 -----
There are 1 faults will be injected in faulttable...
101065 microseconds
Fault on PT_F38(0X0 -> 0X8000000)
3000110 microseconds
timeout
[  2016-10-27 7:53:5]Process 17230 termed with signal 14(SIGALRM)
PT_F38-1_bit_flip-100 Test Num : 73
Inject into ../bin/hello
----- Type : 1_bit_flip Pos : PT_F38 -----
There are 1 faults will be injected in faulttable...
101304 microseconds
Fault on PT_F38(0X0 -> 0X2000000000000000)
3000061 microseconds
timeout
[  2016-10-27 7:53:8]Process 17232 termed with signal 14(SIGALRM)
PT_F38-1_bit_flip-100 Test Num : 74
Inject into ../bin/hello
----- Type : 1_bit_flip Pos : PT_F38 -----
There are 1 faults will be injected in faulttable...
100103 microseconds
Fault on PT_F38(0X0 -> 0X400000)
3000053 microseconds
timeout
[ 2016-10-27 7:53:11]Process 17234 termed with signal 14(SIGALRM)
PT_F38-1_bit_flip-100 Test Num : 75
Inject into ../bin/hello
----- Type : 1_bit_flip Pos : PT_F38 -----
There are 1 faults will be injected in faulttable...
100092 microseconds
Fault on PT_F38(0X0 -> 0X800000)
3000064 microseconds
timeout
[ 2016-10-27 7:53:14]Process 17236 termed with signal 14(SIGALRM)
PT_F38-1_bit_flip-100 Test Num : 76
Inject into ../bin/hello
----- Type : 1_bit_flip Pos : PT_F38 -----
There are 1 faults will be injected in faulttable...
100930 microseconds
Fault on PT_F38(0X0 -> 0X40000000000)
3000082 microseconds
timeout
[ 2016-10-27 7:53:17]Process 17238 termed with signal 14(SIGALRM)
PT_F38-1_bit_flip-100 Test Num : 77
Inject into ../bin/hello
----- Type : 1_bit_flip Pos : PT_F38 -----
There are 1 faults will be injected in faulttable...
100078 microseconds
Fault on PT_F38(0X0 -> 0X800000000000000)
3000083 microseconds
timeout
[ 2016-10-27 7:53:20]Process 17240 termed with signal 14(SIGALRM)
PT_F38-1_bit_flip-100 Test Num : 78
Inject into ../bin/hello
----- Type : 1_bit_flip Pos : PT_F38 -----
There are 1 faults will be injected in faulttable...
101102 microseconds
Fault on PT_F38(0X0 -> 0X80000000000)
3000086 microseconds
timeout
[ 2016-10-27 7:53:23]Process 17242 termed with signal 14(SIGALRM)
PT_F38-1_bit_flip-100 Test Num : 79
Inject into ../bin/hello
----- Type : 1_bit_flip Pos : PT_F38 -----
There are 1 faults will be injected in faulttable...
101096 microseconds
Fault on PT_F38(0X0 -> 0X20000000000000)
3000104 microseconds
timeout
[ 2016-10-27 7:53:27]Process 17244 termed with signal 14(SIGALRM)
PT_F38-1_bit_flip-100 Test Num : 80
Inject into ../bin/hello
----- Type : 1_bit_flip Pos : PT_F38 -----
There are 1 faults will be injected in faulttable...
101120 microseconds
Fault on PT_F38(0X0 -> 0X100000000)
3000070 microseconds
timeout
[ 2016-10-27 7:53:30]Process 17246 termed with signal 14(SIGALRM)
PT_F38-1_bit_flip-100 Test Num : 81
Inject into ../bin/hello
----- Type : 1_bit_flip Pos : PT_F38 -----
There are 1 faults will be injected in faulttable...
101247 microseconds
Fault on PT_F38(0X0 -> 0X100000)
3000082 microseconds
timeout
[ 2016-10-27 7:53:33]Process 17248 termed with signal 14(SIGALRM)
PT_F38-1_bit_flip-100 Test Num : 82
Inject into ../bin/hello
----- Type : 1_bit_flip Pos : PT_F38 -----
There are 1 faults will be injected in faulttable...
100314 microseconds
Fault on PT_F38(0X0 -> 0X2000000000000)
3000091 microseconds
timeout
[ 2016-10-27 7:53:36]Process 17250 termed with signal 14(SIGALRM)
PT_F38-1_bit_flip-100 Test Num : 83
Inject into ../bin/hello
----- Type : 1_bit_flip Pos : PT_F38 -----
There are 1 faults will be injected in faulttable...
101004 microseconds
Fault on PT_F38(0X0 -> 0X2000000000000)
3000101 microseconds
timeout
[ 2016-10-27 7:53:39]Process 17252 termed with signal 14(SIGALRM)
PT_F38-1_bit_flip-100 Test Num : 84
Inject into ../bin/hello
----- Type : 1_bit_flip Pos : PT_F38 -----
There are 1 faults will be injected in faulttable...
101926 microseconds
Fault on PT_F38(0X0 -> 0X1000000000)
3000128 microseconds
timeout
[ 2016-10-27 7:53:42]Process 17254 termed with signal 14(SIGALRM)
PT_F38-1_bit_flip-100 Test Num : 85
Inject into ../bin/hello
----- Type : 1_bit_flip Pos : PT_F38 -----
There are 1 faults will be injected in faulttable...
101067 microseconds
Fault on PT_F38(0X0 -> 0X800)
3000093 microseconds
timeout
[ 2016-10-27 7:53:45]Process 17256 termed with signal 14(SIGALRM)
PT_F38-1_bit_flip-100 Test Num : 86
Inject into ../bin/hello
----- Type : 1_bit_flip Pos : PT_F38 -----
There are 1 faults will be injected in faulttable...
101231 microseconds
Fault on PT_F38(0X0 -> 0X20)
3000111 microseconds
timeout
[ 2016-10-27 7:53:48]Process 17258 termed with signal 14(SIGALRM)
PT_F38-1_bit_flip-100 Test Num : 87
Inject into ../bin/hello
----- Type : 1_bit_flip Pos : PT_F38 -----
There are 1 faults will be injected in faulttable...
101019 microseconds
Fault on PT_F38(0X0 -> 0X400000000)
3000134 microseconds
timeout
[ 2016-10-27 7:53:51]Process 17260 termed with signal 14(SIGALRM)
PT_F38-1_bit_flip-100 Test Num : 88
Inject into ../bin/hello
----- Type : 1_bit_flip Pos : PT_F38 -----
There are 1 faults will be injected in faulttable...
101104 microseconds
Fault on PT_F38(0X0 -> 0X400000000000000)
3000100 microseconds
timeout
[ 2016-10-27 7:53:55]Process 17262 termed with signal 14(SIGALRM)
PT_F38-1_bit_flip-100 Test Num : 89
Inject into ../bin/hello
----- Type : 1_bit_flip Pos : PT_F38 -----
There are 1 faults will be injected in faulttable...
101104 microseconds
Fault on PT_F38(0X0 -> 0X40)
3000066 microseconds
timeout
[ 2016-10-27 7:53:58]Process 17264 termed with signal 14(SIGALRM)
PT_F38-1_bit_flip-100 Test Num : 90
Inject into ../bin/hello
----- Type : 1_bit_flip Pos : PT_F38 -----
There are 1 faults will be injected in faulttable...
101035 microseconds
Fault on PT_F38(0X0 -> 0X8000000000)
3000070 microseconds
timeout
[  2016-10-27 7:54:1]Process 17266 termed with signal 14(SIGALRM)
PT_F38-1_bit_flip-100 Test Num : 91
Inject into ../bin/hello
----- Type : 1_bit_flip Pos : PT_F38 -----
There are 1 faults will be injected in faulttable...
101053 microseconds
Fault on PT_F38(0X0 -> 0X800)
3000072 microseconds
timeout
[  2016-10-27 7:54:4]Process 17268 termed with signal 14(SIGALRM)
PT_F38-1_bit_flip-100 Test Num : 92
Inject into ../bin/hello
----- Type : 1_bit_flip Pos : PT_F38 -----
There are 1 faults will be injected in faulttable...
100916 microseconds
Fault on PT_F38(0X0 -> 0X1000)
3000079 microseconds
timeout
[  2016-10-27 7:54:7]Process 17270 termed with signal 14(SIGALRM)
PT_F38-1_bit_flip-100 Test Num : 93
Inject into ../bin/hello
----- Type : 1_bit_flip Pos : PT_F38 -----
There are 1 faults will be injected in faulttable...
101052 microseconds
Fault on PT_F38(0X0 -> 0X20000000)
3000198 microseconds
timeout
[ 2016-10-27 7:54:10]Process 17272 termed with signal 14(SIGALRM)
PT_F38-1_bit_flip-100 Test Num : 94
Inject into ../bin/hello
----- Type : 1_bit_flip Pos : PT_F38 -----
There are 1 faults will be injected in faulttable...
101080 microseconds
Fault on PT_F38(0X0 -> 0X10000000000000)
3000065 microseconds
timeout
[ 2016-10-27 7:54:13]Process 17274 termed with signal 14(SIGALRM)
PT_F38-1_bit_flip-100 Test Num : 95
Inject into ../bin/hello
----- Type : 1_bit_flip Pos : PT_F38 -----
There are 1 faults will be injected in faulttable...
101324 microseconds
Fault on PT_F38(0X0 -> 0X8000)
3000254 microseconds
timeout
[ 2016-10-27 7:54:16]Process 17276 termed with signal 14(SIGALRM)
PT_F38-1_bit_flip-100 Test Num : 96
Inject into ../bin/hello
----- Type : 1_bit_flip Pos : PT_F38 -----
There are 1 faults will be injected in faulttable...
101045 microseconds
Fault on PT_F38(0X0 -> 0X80000000)
3000088 microseconds
timeout
[ 2016-10-27 7:54:19]Process 17278 termed with signal 14(SIGALRM)
PT_F38-1_bit_flip-100 Test Num : 97
Inject into ../bin/hello
----- Type : 1_bit_flip Pos : PT_F38 -----
There are 1 faults will be injected in faulttable...
100077 microseconds
Fault on PT_F38(0X0 -> 0X100000)
3000068 microseconds
timeout
[ 2016-10-27 7:54:23]Process 17280 termed with signal 14(SIGALRM)
PT_F38-1_bit_flip-100 Test Num : 98
Inject into ../bin/hello
----- Type : 1_bit_flip Pos : PT_F38 -----
There are 1 faults will be injected in faulttable...
101063 microseconds
Fault on PT_F38(0X0 -> 0X100000000)
3000124 microseconds
timeout
[ 2016-10-27 7:54:26]Process 17282 termed with signal 14(SIGALRM)
PT_F38-1_bit_flip-100 Test Num : 99
Inject into ../bin/hello
----- Type : 1_bit_flip Pos : PT_F38 -----
There are 1 faults will be injected in faulttable...
100093 microseconds
Fault on PT_F38(0X0 -> 0X80000000000000)
3000082 microseconds
timeout
[ 2016-10-27 7:54:29]Process 17284 termed with signal 14(SIGALRM)
PT_F38-1_bit_flip-100 Test Num : 100
Inject into ../bin/hello
----- Type : 1_bit_flip Pos : PT_F38 -----
There are 1 faults will be injected in faulttable...
101046 microseconds
Fault on PT_F38(0X0 -> 0X8000)
3000073 microseconds
timeout
[ 2016-10-27 7:54:32]Process 17286 termed with signal 14(SIGALRM)
