PT_F38-plus_1-100 Test Num : 1
Inject into ../bin/hello
----- Type : plus_1 Pos : PT_F38 -----
There are 1 faults will be injected in faulttable...
100944 microseconds
Fault on PT_F38(0X0 -> 0X1)
3000071 microseconds
timeout
[  2016-10-27 8:36:5]Process 19019 termed with signal 14(SIGALRM)
PT_F38-plus_1-100 Test Num : 2
Inject into ../bin/hello
----- Type : plus_1 Pos : PT_F38 -----
There are 1 faults will be injected in faulttable...
100087 microseconds
Fault on PT_F38(0X0 -> 0X1)
3000082 microseconds
timeout
[  2016-10-27 8:36:9]Process 19021 termed with signal 14(SIGALRM)
PT_F38-plus_1-100 Test Num : 3
Inject into ../bin/hello
----- Type : plus_1 Pos : PT_F38 -----
There are 1 faults will be injected in faulttable...
101441 microseconds
Fault on PT_F38(0X0 -> 0X1)
3000084 microseconds
timeout
[ 2016-10-27 8:36:12]Process 19023 termed with signal 14(SIGALRM)
PT_F38-plus_1-100 Test Num : 4
Inject into ../bin/hello
----- Type : plus_1 Pos : PT_F38 -----
There are 1 faults will be injected in faulttable...
101024 microseconds
Fault on PT_F38(0X0 -> 0X1)
3000092 microseconds
timeout
[ 2016-10-27 8:36:15]Process 19026 termed with signal 14(SIGALRM)
PT_F38-plus_1-100 Test Num : 5
Inject into ../bin/hello
----- Type : plus_1 Pos : PT_F38 -----
There are 1 faults will be injected in faulttable...
101008 microseconds
Fault on PT_F38(0X0 -> 0X1)
3000072 microseconds
timeout
[ 2016-10-27 8:36:18]Process 19029 termed with signal 14(SIGALRM)
PT_F38-plus_1-100 Test Num : 6
Inject into ../bin/hello
----- Type : plus_1 Pos : PT_F38 -----
There are 1 faults will be injected in faulttable...
101189 microseconds
Fault on PT_F38(0X0 -> 0X1)
3000077 microseconds
timeout
[ 2016-10-27 8:36:21]Process 19031 termed with signal 14(SIGALRM)
PT_F38-plus_1-100 Test Num : 7
Inject into ../bin/hello
----- Type : plus_1 Pos : PT_F38 -----
There are 1 faults will be injected in faulttable...
101002 microseconds
Fault on PT_F38(0X0 -> 0X1)
3000066 microseconds
timeout
[ 2016-10-27 8:36:24]Process 19033 termed with signal 14(SIGALRM)
PT_F38-plus_1-100 Test Num : 8
Inject into ../bin/hello
----- Type : plus_1 Pos : PT_F38 -----
There are 1 faults will be injected in faulttable...
100083 microseconds
Fault on PT_F38(0X0 -> 0X1)
3000126 microseconds
timeout
[ 2016-10-27 8:36:27]Process 19035 termed with signal 14(SIGALRM)
PT_F38-plus_1-100 Test Num : 9
Inject into ../bin/hello
----- Type : plus_1 Pos : PT_F38 -----
There are 1 faults will be injected in faulttable...
100076 microseconds
Fault on PT_F38(0X0 -> 0X1)
3000069 microseconds
timeout
[ 2016-10-27 8:36:30]Process 19037 termed with signal 14(SIGALRM)
PT_F38-plus_1-100 Test Num : 10
Inject into ../bin/hello
----- Type : plus_1 Pos : PT_F38 -----
There are 1 faults will be injected in faulttable...
100971 microseconds
Fault on PT_F38(0X0 -> 0X1)
3000101 microseconds
timeout
[ 2016-10-27 8:36:33]Process 19039 termed with signal 14(SIGALRM)
PT_F38-plus_1-100 Test Num : 11
Inject into ../bin/hello
----- Type : plus_1 Pos : PT_F38 -----
There are 1 faults will be injected in faulttable...
100121 microseconds
Fault on PT_F38(0X0 -> 0X1)
3000082 microseconds
timeout
[ 2016-10-27 8:36:37]Process 19041 termed with signal 14(SIGALRM)
PT_F38-plus_1-100 Test Num : 12
Inject into ../bin/hello
----- Type : plus_1 Pos : PT_F38 -----
There are 1 faults will be injected in faulttable...
100930 microseconds
Fault on PT_F38(0X0 -> 0X1)
3000083 microseconds
timeout
[ 2016-10-27 8:36:40]Process 19043 termed with signal 14(SIGALRM)
PT_F38-plus_1-100 Test Num : 13
Inject into ../bin/hello
----- Type : plus_1 Pos : PT_F38 -----
There are 1 faults will be injected in faulttable...
100135 microseconds
Fault on PT_F38(0X0 -> 0X1)
3000072 microseconds
timeout
[ 2016-10-27 8:36:43]Process 19045 termed with signal 14(SIGALRM)
PT_F38-plus_1-100 Test Num : 14
Inject into ../bin/hello
----- Type : plus_1 Pos : PT_F38 -----
There are 1 faults will be injected in faulttable...
100971 microseconds
Fault on PT_F38(0X0 -> 0X1)
3000096 microseconds
timeout
[ 2016-10-27 8:36:46]Process 19047 termed with signal 14(SIGALRM)
PT_F38-plus_1-100 Test Num : 15
Inject into ../bin/hello
----- Type : plus_1 Pos : PT_F38 -----
There are 1 faults will be injected in faulttable...
101260 microseconds
Fault on PT_F38(0X0 -> 0X1)
3000128 microseconds
timeout
[ 2016-10-27 8:36:49]Process 19049 termed with signal 14(SIGALRM)
PT_F38-plus_1-100 Test Num : 16
Inject into ../bin/hello
----- Type : plus_1 Pos : PT_F38 -----
There are 1 faults will be injected in faulttable...
100997 microseconds
Fault on PT_F38(0X0 -> 0X1)
3000076 microseconds
timeout
[ 2016-10-27 8:36:52]Process 19052 termed with signal 14(SIGALRM)
PT_F38-plus_1-100 Test Num : 17
Inject into ../bin/hello
----- Type : plus_1 Pos : PT_F38 -----
There are 1 faults will be injected in faulttable...
100936 microseconds
Fault on PT_F38(0X0 -> 0X1)
3000081 microseconds
timeout
[ 2016-10-27 8:36:55]Process 19054 termed with signal 14(SIGALRM)
PT_F38-plus_1-100 Test Num : 18
Inject into ../bin/hello
----- Type : plus_1 Pos : PT_F38 -----
There are 1 faults will be injected in faulttable...
101167 microseconds
Fault on PT_F38(0X0 -> 0X1)
3000079 microseconds
timeout
[ 2016-10-27 8:36:58]Process 19056 termed with signal 14(SIGALRM)
PT_F38-plus_1-100 Test Num : 19
Inject into ../bin/hello
----- Type : plus_1 Pos : PT_F38 -----
There are 1 faults will be injected in faulttable...
101033 microseconds
Fault on PT_F38(0X0 -> 0X1)
3000062 microseconds
timeout
[  2016-10-27 8:37:1]Process 19058 termed with signal 14(SIGALRM)
PT_F38-plus_1-100 Test Num : 20
Inject into ../bin/hello
----- Type : plus_1 Pos : PT_F38 -----
There are 1 faults will be injected in faulttable...
100131 microseconds
Fault on PT_F38(0X0 -> 0X1)
3000089 microseconds
timeout
[  2016-10-27 8:37:5]Process 19060 termed with signal 14(SIGALRM)
PT_F38-plus_1-100 Test Num : 21
Inject into ../bin/hello
----- Type : plus_1 Pos : PT_F38 -----
There are 1 faults will be injected in faulttable...
100950 microseconds
Fault on PT_F38(0X0 -> 0X1)
3000064 microseconds
timeout
[  2016-10-27 8:37:8]Process 19062 termed with signal 14(SIGALRM)
PT_F38-plus_1-100 Test Num : 22
Inject into ../bin/hello
----- Type : plus_1 Pos : PT_F38 -----
There are 1 faults will be injected in faulttable...
100960 microseconds
Fault on PT_F38(0X0 -> 0X1)
3000099 microseconds
timeout
[ 2016-10-27 8:37:11]Process 19064 termed with signal 14(SIGALRM)
PT_F38-plus_1-100 Test Num : 23
Inject into ../bin/hello
----- Type : plus_1 Pos : PT_F38 -----
There are 1 faults will be injected in faulttable...
100066 microseconds
Fault on PT_F38(0X0 -> 0X1)
3000099 microseconds
timeout
[ 2016-10-27 8:37:14]Process 19066 termed with signal 14(SIGALRM)
PT_F38-plus_1-100 Test Num : 24
Inject into ../bin/hello
----- Type : plus_1 Pos : PT_F38 -----
There are 1 faults will be injected in faulttable...
100075 microseconds
Fault on PT_F38(0X0 -> 0X1)
3000143 microseconds
timeout
[ 2016-10-27 8:37:17]Process 19068 termed with signal 14(SIGALRM)
PT_F38-plus_1-100 Test Num : 25
Inject into ../bin/hello
----- Type : plus_1 Pos : PT_F38 -----
There are 1 faults will be injected in faulttable...
101001 microseconds
Fault on PT_F38(0X0 -> 0X1)
3000068 microseconds
timeout
[ 2016-10-27 8:37:20]Process 19070 termed with signal 14(SIGALRM)
PT_F38-plus_1-100 Test Num : 26
Inject into ../bin/hello
----- Type : plus_1 Pos : PT_F38 -----
There are 1 faults will be injected in faulttable...
100970 microseconds
Fault on PT_F38(0X0 -> 0X1)
3000084 microseconds
timeout
[ 2016-10-27 8:37:23]Process 19072 termed with signal 14(SIGALRM)
PT_F38-plus_1-100 Test Num : 27
Inject into ../bin/hello
----- Type : plus_1 Pos : PT_F38 -----
There are 1 faults will be injected in faulttable...
101435 microseconds
Fault on PT_F38(0X0 -> 0X1)
3000080 microseconds
timeout
[ 2016-10-27 8:37:26]Process 19074 termed with signal 14(SIGALRM)
PT_F38-plus_1-100 Test Num : 28
Inject into ../bin/hello
----- Type : plus_1 Pos : PT_F38 -----
There are 1 faults will be injected in faulttable...
101018 microseconds
Fault on PT_F38(0X0 -> 0X1)
3000059 microseconds
timeout
[ 2016-10-27 8:37:29]Process 19076 termed with signal 14(SIGALRM)
PT_F38-plus_1-100 Test Num : 29
Inject into ../bin/hello
----- Type : plus_1 Pos : PT_F38 -----
There are 1 faults will be injected in faulttable...
101045 microseconds
Fault on PT_F38(0X0 -> 0X1)
3000162 microseconds
timeout
[ 2016-10-27 8:37:33]Process 19078 termed with signal 14(SIGALRM)
PT_F38-plus_1-100 Test Num : 30
Inject into ../bin/hello
----- Type : plus_1 Pos : PT_F38 -----
There are 1 faults will be injected in faulttable...
101082 microseconds
Fault on PT_F38(0X0 -> 0X1)
3000121 microseconds
timeout
[ 2016-10-27 8:37:36]Process 19080 termed with signal 14(SIGALRM)
PT_F38-plus_1-100 Test Num : 31
Inject into ../bin/hello
----- Type : plus_1 Pos : PT_F38 -----
There are 1 faults will be injected in faulttable...
101030 microseconds
Fault on PT_F38(0X0 -> 0X1)
3000130 microseconds
timeout
[ 2016-10-27 8:37:39]Process 19082 termed with signal 14(SIGALRM)
PT_F38-plus_1-100 Test Num : 32
Inject into ../bin/hello
----- Type : plus_1 Pos : PT_F38 -----
There are 1 faults will be injected in faulttable...
101002 microseconds
Fault on PT_F38(0X0 -> 0X1)
3000073 microseconds
timeout
[ 2016-10-27 8:37:42]Process 19084 termed with signal 14(SIGALRM)
PT_F38-plus_1-100 Test Num : 33
Inject into ../bin/hello
----- Type : plus_1 Pos : PT_F38 -----
There are 1 faults will be injected in faulttable...
100078 microseconds
Fault on PT_F38(0X0 -> 0X1)
3000079 microseconds
timeout
[ 2016-10-27 8:37:45]Process 19086 termed with signal 14(SIGALRM)
PT_F38-plus_1-100 Test Num : 34
Inject into ../bin/hello
----- Type : plus_1 Pos : PT_F38 -----
There are 1 faults will be injected in faulttable...
101168 microseconds
Fault on PT_F38(0X0 -> 0X1)
3000071 microseconds
timeout
[ 2016-10-27 8:37:48]Process 19088 termed with signal 14(SIGALRM)
PT_F38-plus_1-100 Test Num : 35
Inject into ../bin/hello
----- Type : plus_1 Pos : PT_F38 -----
There are 1 faults will be injected in faulttable...
100094 microseconds
Fault on PT_F38(0X0 -> 0X1)
3000083 microseconds
timeout
[ 2016-10-27 8:37:51]Process 19090 termed with signal 14(SIGALRM)
PT_F38-plus_1-100 Test Num : 36
Inject into ../bin/hello
----- Type : plus_1 Pos : PT_F38 -----
There are 1 faults will be injected in faulttable...
101207 microseconds
Fault on PT_F38(0X0 -> 0X1)
3000073 microseconds
timeout
[ 2016-10-27 8:37:54]Process 19093 termed with signal 14(SIGALRM)
PT_F38-plus_1-100 Test Num : 37
Inject into ../bin/hello
----- Type : plus_1 Pos : PT_F38 -----
There are 1 faults will be injected in faulttable...
101524 microseconds
Fault on PT_F38(0X0 -> 0X1)
3000101 microseconds
timeout
[ 2016-10-27 8:37:57]Process 19095 termed with signal 14(SIGALRM)
PT_F38-plus_1-100 Test Num : 38
Inject into ../bin/hello
----- Type : plus_1 Pos : PT_F38 -----
There are 1 faults will be injected in faulttable...
101245 microseconds
Fault on PT_F38(0X0 -> 0X1)
3000093 microseconds
timeout
[  2016-10-27 8:38:1]Process 19097 termed with signal 14(SIGALRM)
PT_F38-plus_1-100 Test Num : 39
Inject into ../bin/hello
----- Type : plus_1 Pos : PT_F38 -----
There are 1 faults will be injected in faulttable...
100079 microseconds
Fault on PT_F38(0X0 -> 0X1)
3000066 microseconds
timeout
[  2016-10-27 8:38:4]Process 19100 termed with signal 14(SIGALRM)
PT_F38-plus_1-100 Test Num : 40
Inject into ../bin/hello
----- Type : plus_1 Pos : PT_F38 -----
There are 1 faults will be injected in faulttable...
101046 microseconds
Fault on PT_F38(0X0 -> 0X1)
3000075 microseconds
timeout
[  2016-10-27 8:38:7]Process 19103 termed with signal 14(SIGALRM)
PT_F38-plus_1-100 Test Num : 41
Inject into ../bin/hello
----- Type : plus_1 Pos : PT_F38 -----
There are 1 faults will be injected in faulttable...
100071 microseconds
Fault on PT_F38(0X0 -> 0X1)
3000086 microseconds
timeout
[ 2016-10-27 8:38:10]Process 19106 termed with signal 14(SIGALRM)
PT_F38-plus_1-100 Test Num : 42
Inject into ../bin/hello
----- Type : plus_1 Pos : PT_F38 -----
There are 1 faults will be injected in faulttable...
101005 microseconds
Fault on PT_F38(0X0 -> 0X1)
3000070 microseconds
timeout
[ 2016-10-27 8:38:13]Process 19109 termed with signal 14(SIGALRM)
PT_F38-plus_1-100 Test Num : 43
Inject into ../bin/hello
----- Type : plus_1 Pos : PT_F38 -----
There are 1 faults will be injected in faulttable...
100076 microseconds
Fault on PT_F38(0X0 -> 0X1)
3000080 microseconds
timeout
[ 2016-10-27 8:38:16]Process 19114 termed with signal 14(SIGALRM)
PT_F38-plus_1-100 Test Num : 44
Inject into ../bin/hello
----- Type : plus_1 Pos : PT_F38 -----
There are 1 faults will be injected in faulttable...
102395 microseconds
Fault on PT_F38(0X0 -> 0X1)
3000086 microseconds
timeout
[ 2016-10-27 8:38:19]Process 19116 termed with signal 14(SIGALRM)
PT_F38-plus_1-100 Test Num : 45
Inject into ../bin/hello
----- Type : plus_1 Pos : PT_F38 -----
There are 1 faults will be injected in faulttable...
100105 microseconds
Fault on PT_F38(0X0 -> 0X1)
3000058 microseconds
timeout
[ 2016-10-27 8:38:22]Process 19118 termed with signal 14(SIGALRM)
PT_F38-plus_1-100 Test Num : 46
Inject into ../bin/hello
----- Type : plus_1 Pos : PT_F38 -----
There are 1 faults will be injected in faulttable...
100923 microseconds
Fault on PT_F38(0X0 -> 0X1)
3000066 microseconds
timeout
[ 2016-10-27 8:38:25]Process 19120 termed with signal 14(SIGALRM)
PT_F38-plus_1-100 Test Num : 47
Inject into ../bin/hello
----- Type : plus_1 Pos : PT_F38 -----
There are 1 faults will be injected in faulttable...
100987 microseconds
Fault on PT_F38(0X0 -> 0X1)
3000072 microseconds
timeout
[ 2016-10-27 8:38:29]Process 19122 termed with signal 14(SIGALRM)
PT_F38-plus_1-100 Test Num : 48
Inject into ../bin/hello
----- Type : plus_1 Pos : PT_F38 -----
There are 1 faults will be injected in faulttable...
100998 microseconds
Fault on PT_F38(0X0 -> 0X1)
3000070 microseconds
timeout
[ 2016-10-27 8:38:32]Process 19126 termed with signal 14(SIGALRM)
PT_F38-plus_1-100 Test Num : 49
Inject into ../bin/hello
----- Type : plus_1 Pos : PT_F38 -----
There are 1 faults will be injected in faulttable...
101108 microseconds
Fault on PT_F38(0X0 -> 0X1)
3000075 microseconds
timeout
[ 2016-10-27 8:38:35]Process 19128 termed with signal 14(SIGALRM)
PT_F38-plus_1-100 Test Num : 50
Inject into ../bin/hello
----- Type : plus_1 Pos : PT_F38 -----
There are 1 faults will be injected in faulttable...
101318 microseconds
Fault on PT_F38(0X0 -> 0X1)
3000073 microseconds
timeout
[ 2016-10-27 8:38:38]Process 19130 termed with signal 14(SIGALRM)
PT_F38-plus_1-100 Test Num : 51
Inject into ../bin/hello
----- Type : plus_1 Pos : PT_F38 -----
There are 1 faults will be injected in faulttable...
101006 microseconds
Fault on PT_F38(0X0 -> 0X1)
3000062 microseconds
timeout
[ 2016-10-27 8:38:41]Process 19134 termed with signal 14(SIGALRM)
PT_F38-plus_1-100 Test Num : 52
Inject into ../bin/hello
----- Type : plus_1 Pos : PT_F38 -----
There are 1 faults will be injected in faulttable...
101011 microseconds
Fault on PT_F38(0X0 -> 0X1)
3000112 microseconds
timeout
[ 2016-10-27 8:38:44]Process 19137 termed with signal 14(SIGALRM)
PT_F38-plus_1-100 Test Num : 53
Inject into ../bin/hello
----- Type : plus_1 Pos : PT_F38 -----
There are 1 faults will be injected in faulttable...
101070 microseconds
Fault on PT_F38(0X0 -> 0X1)
3000111 microseconds
timeout
[ 2016-10-27 8:38:47]Process 19139 termed with signal 14(SIGALRM)
PT_F38-plus_1-100 Test Num : 54
Inject into ../bin/hello
----- Type : plus_1 Pos : PT_F38 -----
There are 1 faults will be injected in faulttable...
100084 microseconds
Fault on PT_F38(0X0 -> 0X1)
3000084 microseconds
timeout
[ 2016-10-27 8:38:50]Process 19141 termed with signal 14(SIGALRM)
PT_F38-plus_1-100 Test Num : 55
Inject into ../bin/hello
----- Type : plus_1 Pos : PT_F38 -----
There are 1 faults will be injected in faulttable...
100070 microseconds
Fault on PT_F38(0X0 -> 0X1)
3000053 microseconds
timeout
[ 2016-10-27 8:38:53]Process 19144 termed with signal 14(SIGALRM)
PT_F38-plus_1-100 Test Num : 56
Inject into ../bin/hello
----- Type : plus_1 Pos : PT_F38 -----
There are 1 faults will be injected in faulttable...
101079 microseconds
Fault on PT_F38(0X0 -> 0X1)
3000085 microseconds
timeout
[ 2016-10-27 8:38:57]Process 19146 termed with signal 14(SIGALRM)
PT_F38-plus_1-100 Test Num : 57
Inject into ../bin/hello
----- Type : plus_1 Pos : PT_F38 -----
There are 1 faults will be injected in faulttable...
101002 microseconds
Fault on PT_F38(0X0 -> 0X1)
3000089 microseconds
timeout
[  2016-10-27 8:39:0]Process 19148 termed with signal 14(SIGALRM)
PT_F38-plus_1-100 Test Num : 58
Inject into ../bin/hello
----- Type : plus_1 Pos : PT_F38 -----
There are 1 faults will be injected in faulttable...
101018 microseconds
Fault on PT_F38(0X0 -> 0X1)
3000100 microseconds
timeout
[  2016-10-27 8:39:3]Process 19150 termed with signal 14(SIGALRM)
PT_F38-plus_1-100 Test Num : 59
Inject into ../bin/hello
----- Type : plus_1 Pos : PT_F38 -----
There are 1 faults will be injected in faulttable...
101005 microseconds
Fault on PT_F38(0X0 -> 0X1)
3000064 microseconds
timeout
[  2016-10-27 8:39:6]Process 19152 termed with signal 14(SIGALRM)
PT_F38-plus_1-100 Test Num : 60
Inject into ../bin/hello
----- Type : plus_1 Pos : PT_F38 -----
There are 1 faults will be injected in faulttable...
101032 microseconds
Fault on PT_F38(0X0 -> 0X1)
3000083 microseconds
timeout
[  2016-10-27 8:39:9]Process 19154 termed with signal 14(SIGALRM)
PT_F38-plus_1-100 Test Num : 61
Inject into ../bin/hello
----- Type : plus_1 Pos : PT_F38 -----
There are 1 faults will be injected in faulttable...
100109 microseconds
Fault on PT_F38(0X0 -> 0X1)
3000092 microseconds
timeout
[ 2016-10-27 8:39:12]Process 19175 termed with signal 14(SIGALRM)
PT_F38-plus_1-100 Test Num : 62
Inject into ../bin/hello
----- Type : plus_1 Pos : PT_F38 -----
There are 1 faults will be injected in faulttable...
101022 microseconds
Fault on PT_F38(0X0 -> 0X1)
3000068 microseconds
timeout
[ 2016-10-27 8:39:15]Process 19177 termed with signal 14(SIGALRM)
PT_F38-plus_1-100 Test Num : 63
Inject into ../bin/hello
----- Type : plus_1 Pos : PT_F38 -----
There are 1 faults will be injected in faulttable...
101042 microseconds
Fault on PT_F38(0X0 -> 0X1)
3000075 microseconds
timeout
[ 2016-10-27 8:39:18]Process 19180 termed with signal 14(SIGALRM)
PT_F38-plus_1-100 Test Num : 64
Inject into ../bin/hello
----- Type : plus_1 Pos : PT_F38 -----
There are 1 faults will be injected in faulttable...
101221 microseconds
Fault on PT_F38(0X0 -> 0X1)
3000055 microseconds
timeout
[ 2016-10-27 8:39:21]Process 19183 termed with signal 14(SIGALRM)
PT_F38-plus_1-100 Test Num : 65
Inject into ../bin/hello
----- Type : plus_1 Pos : PT_F38 -----
There are 1 faults will be injected in faulttable...
100904 microseconds
Fault on PT_F38(0X0 -> 0X1)
3000122 microseconds
timeout
[ 2016-10-27 8:39:25]Process 19186 termed with signal 14(SIGALRM)
PT_F38-plus_1-100 Test Num : 66
Inject into ../bin/hello
----- Type : plus_1 Pos : PT_F38 -----
There are 1 faults will be injected in faulttable...
101360 microseconds
Fault on PT_F38(0X0 -> 0X1)
3000056 microseconds
timeout
[ 2016-10-27 8:39:28]Process 19188 termed with signal 14(SIGALRM)
PT_F38-plus_1-100 Test Num : 67
Inject into ../bin/hello
----- Type : plus_1 Pos : PT_F38 -----
There are 1 faults will be injected in faulttable...
100221 microseconds
Fault on PT_F38(0X0 -> 0X1)
3000073 microseconds
timeout
[ 2016-10-27 8:39:31]Process 19190 termed with signal 14(SIGALRM)
PT_F38-plus_1-100 Test Num : 68
Inject into ../bin/hello
----- Type : plus_1 Pos : PT_F38 -----
There are 1 faults will be injected in faulttable...
100081 microseconds
Fault on PT_F38(0X0 -> 0X1)
3000107 microseconds
timeout
[ 2016-10-27 8:39:34]Process 19192 termed with signal 14(SIGALRM)
PT_F38-plus_1-100 Test Num : 69
Inject into ../bin/hello
----- Type : plus_1 Pos : PT_F38 -----
There are 1 faults will be injected in faulttable...
101501 microseconds
Fault on PT_F38(0X0 -> 0X1)
3000093 microseconds
timeout
[ 2016-10-27 8:39:37]Process 19195 termed with signal 14(SIGALRM)
PT_F38-plus_1-100 Test Num : 70
Inject into ../bin/hello
----- Type : plus_1 Pos : PT_F38 -----
There are 1 faults will be injected in faulttable...
100984 microseconds
Fault on PT_F38(0X0 -> 0X1)
3000096 microseconds
timeout
[ 2016-10-27 8:39:40]Process 19216 termed with signal 14(SIGALRM)
PT_F38-plus_1-100 Test Num : 71
Inject into ../bin/hello
----- Type : plus_1 Pos : PT_F38 -----
There are 1 faults will be injected in faulttable...
102686 microseconds
Fault on PT_F38(0X0 -> 0X1)
3000075 microseconds
timeout
[ 2016-10-27 8:39:43]Process 19218 termed with signal 14(SIGALRM)
PT_F38-plus_1-100 Test Num : 72
Inject into ../bin/hello
----- Type : plus_1 Pos : PT_F38 -----
There are 1 faults will be injected in faulttable...
100085 microseconds
Fault on PT_F38(0X0 -> 0X1)
3000100 microseconds
timeout
[ 2016-10-27 8:39:46]Process 19233 termed with signal 14(SIGALRM)
PT_F38-plus_1-100 Test Num : 73
Inject into ../bin/hello
----- Type : plus_1 Pos : PT_F38 -----
There are 1 faults will be injected in faulttable...
100949 microseconds
Fault on PT_F38(0X0 -> 0X1)
3000068 microseconds
timeout
[ 2016-10-27 8:39:49]Process 19235 termed with signal 14(SIGALRM)
PT_F38-plus_1-100 Test Num : 74
Inject into ../bin/hello
----- Type : plus_1 Pos : PT_F38 -----
There are 1 faults will be injected in faulttable...
100075 microseconds
Fault on PT_F38(0X0 -> 0X1)
3000062 microseconds
timeout
[ 2016-10-27 8:39:53]Process 19250 termed with signal 14(SIGALRM)
PT_F38-plus_1-100 Test Num : 75
Inject into ../bin/hello
----- Type : plus_1 Pos : PT_F38 -----
There are 1 faults will be injected in faulttable...
101226 microseconds
Fault on PT_F38(0X0 -> 0X1)
3000075 microseconds
timeout
[ 2016-10-27 8:39:56]Process 19253 termed with signal 14(SIGALRM)
PT_F38-plus_1-100 Test Num : 76
Inject into ../bin/hello
----- Type : plus_1 Pos : PT_F38 -----
There are 1 faults will be injected in faulttable...
101448 microseconds
Fault on PT_F38(0X0 -> 0X1)
3000070 microseconds
timeout
[ 2016-10-27 8:39:59]Process 19255 termed with signal 14(SIGALRM)
PT_F38-plus_1-100 Test Num : 77
Inject into ../bin/hello
----- Type : plus_1 Pos : PT_F38 -----
There are 1 faults will be injected in faulttable...
101419 microseconds
Fault on PT_F38(0X0 -> 0X1)
3000091 microseconds
timeout
[  2016-10-27 8:40:2]Process 19257 termed with signal 14(SIGALRM)
PT_F38-plus_1-100 Test Num : 78
Inject into ../bin/hello
----- Type : plus_1 Pos : PT_F38 -----
There are 1 faults will be injected in faulttable...
101029 microseconds
Fault on PT_F38(0X0 -> 0X1)
3000071 microseconds
timeout
[  2016-10-27 8:40:5]Process 19259 termed with signal 14(SIGALRM)
PT_F38-plus_1-100 Test Num : 79
Inject into ../bin/hello
----- Type : plus_1 Pos : PT_F38 -----
There are 1 faults will be injected in faulttable...
100072 microseconds
Fault on PT_F38(0X0 -> 0X1)
3000103 microseconds
timeout
[  2016-10-27 8:40:8]Process 19262 termed with signal 14(SIGALRM)
PT_F38-plus_1-100 Test Num : 80
Inject into ../bin/hello
----- Type : plus_1 Pos : PT_F38 -----
There are 1 faults will be injected in faulttable...
100080 microseconds
Fault on PT_F38(0X0 -> 0X1)
3000083 microseconds
timeout
[ 2016-10-27 8:40:11]Process 19264 termed with signal 14(SIGALRM)
PT_F38-plus_1-100 Test Num : 81
Inject into ../bin/hello
----- Type : plus_1 Pos : PT_F38 -----
There are 1 faults will be injected in faulttable...
100958 microseconds
Fault on PT_F38(0X0 -> 0X1)
3000081 microseconds
timeout
[ 2016-10-27 8:40:14]Process 19266 termed with signal 14(SIGALRM)
PT_F38-plus_1-100 Test Num : 82
Inject into ../bin/hello
----- Type : plus_1 Pos : PT_F38 -----
There are 1 faults will be injected in faulttable...
100095 microseconds
Fault on PT_F38(0X0 -> 0X1)
3000068 microseconds
timeout
[ 2016-10-27 8:40:17]Process 19268 termed with signal 14(SIGALRM)
PT_F38-plus_1-100 Test Num : 83
Inject into ../bin/hello
----- Type : plus_1 Pos : PT_F38 -----
There are 1 faults will be injected in faulttable...
101024 microseconds
Fault on PT_F38(0X0 -> 0X1)
3000170 microseconds
timeout
[ 2016-10-27 8:40:21]Process 19271 termed with signal 14(SIGALRM)
PT_F38-plus_1-100 Test Num : 84
Inject into ../bin/hello
----- Type : plus_1 Pos : PT_F38 -----
There are 1 faults will be injected in faulttable...
101361 microseconds
Fault on PT_F38(0X0 -> 0X1)
3000086 microseconds
timeout
[ 2016-10-27 8:40:24]Process 19273 termed with signal 14(SIGALRM)
PT_F38-plus_1-100 Test Num : 85
Inject into ../bin/hello
----- Type : plus_1 Pos : PT_F38 -----
There are 1 faults will be injected in faulttable...
101061 microseconds
Fault on PT_F38(0X0 -> 0X1)
3000109 microseconds
timeout
[ 2016-10-27 8:40:27]Process 19275 termed with signal 14(SIGALRM)
PT_F38-plus_1-100 Test Num : 86
Inject into ../bin/hello
----- Type : plus_1 Pos : PT_F38 -----
There are 1 faults will be injected in faulttable...
101007 microseconds
Fault on PT_F38(0X0 -> 0X1)
3000144 microseconds
timeout
[ 2016-10-27 8:40:30]Process 19278 termed with signal 14(SIGALRM)
PT_F38-plus_1-100 Test Num : 87
Inject into ../bin/hello
----- Type : plus_1 Pos : PT_F38 -----
There are 1 faults will be injected in faulttable...
101069 microseconds
Fault on PT_F38(0X0 -> 0X1)
3000097 microseconds
timeout
[ 2016-10-27 8:40:33]Process 19281 termed with signal 14(SIGALRM)
PT_F38-plus_1-100 Test Num : 88
Inject into ../bin/hello
----- Type : plus_1 Pos : PT_F38 -----
There are 1 faults will be injected in faulttable...
100108 microseconds
Fault on PT_F38(0X0 -> 0X1)
3000078 microseconds
timeout
[ 2016-10-27 8:40:36]Process 19284 termed with signal 14(SIGALRM)
PT_F38-plus_1-100 Test Num : 89
Inject into ../bin/hello
----- Type : plus_1 Pos : PT_F38 -----
There are 1 faults will be injected in faulttable...
100110 microseconds
Fault on PT_F38(0X0 -> 0X1)
3000123 microseconds
timeout
[ 2016-10-27 8:40:39]Process 19287 termed with signal 14(SIGALRM)
PT_F38-plus_1-100 Test Num : 90
Inject into ../bin/hello
----- Type : plus_1 Pos : PT_F38 -----
There are 1 faults will be injected in faulttable...
101021 microseconds
Fault on PT_F38(0X0 -> 0X1)
3000069 microseconds
timeout
[ 2016-10-27 8:40:42]Process 19289 termed with signal 14(SIGALRM)
PT_F38-plus_1-100 Test Num : 91
Inject into ../bin/hello
----- Type : plus_1 Pos : PT_F38 -----
There are 1 faults will be injected in faulttable...
100065 microseconds
Fault on PT_F38(0X0 -> 0X1)
3000089 microseconds
timeout
[ 2016-10-27 8:40:45]Process 19292 termed with signal 14(SIGALRM)
PT_F38-plus_1-100 Test Num : 92
Inject into ../bin/hello
----- Type : plus_1 Pos : PT_F38 -----
There are 1 faults will be injected in faulttable...
100960 microseconds
Fault on PT_F38(0X0 -> 0X1)
3000107 microseconds
timeout
[ 2016-10-27 8:40:49]Process 19296 termed with signal 14(SIGALRM)
PT_F38-plus_1-100 Test Num : 93
Inject into ../bin/hello
----- Type : plus_1 Pos : PT_F38 -----
There are 1 faults will be injected in faulttable...
100991 microseconds
Fault on PT_F38(0X0 -> 0X1)
3000114 microseconds
timeout
[ 2016-10-27 8:40:52]Process 19298 termed with signal 14(SIGALRM)
PT_F38-plus_1-100 Test Num : 94
Inject into ../bin/hello
----- Type : plus_1 Pos : PT_F38 -----
There are 1 faults will be injected in faulttable...
100057 microseconds
Fault on PT_F38(0X0 -> 0X1)
3000074 microseconds
timeout
[ 2016-10-27 8:40:55]Process 19300 termed with signal 14(SIGALRM)
PT_F38-plus_1-100 Test Num : 95
Inject into ../bin/hello
----- Type : plus_1 Pos : PT_F38 -----
There are 1 faults will be injected in faulttable...
101449 microseconds
Fault on PT_F38(0X0 -> 0X1)
3000105 microseconds
timeout
[ 2016-10-27 8:40:58]Process 19303 termed with signal 14(SIGALRM)
PT_F38-plus_1-100 Test Num : 96
Inject into ../bin/hello
----- Type : plus_1 Pos : PT_F38 -----
There are 1 faults will be injected in faulttable...
100996 microseconds
Fault on PT_F38(0X0 -> 0X1)
3000071 microseconds
timeout
[  2016-10-27 8:41:1]Process 19305 termed with signal 14(SIGALRM)
PT_F38-plus_1-100 Test Num : 97
Inject into ../bin/hello
----- Type : plus_1 Pos : PT_F38 -----
There are 1 faults will be injected in faulttable...
101105 microseconds
Fault on PT_F38(0X0 -> 0X1)
3000075 microseconds
timeout
[  2016-10-27 8:41:4]Process 19307 termed with signal 14(SIGALRM)
PT_F38-plus_1-100 Test Num : 98
Inject into ../bin/hello
----- Type : plus_1 Pos : PT_F38 -----
There are 1 faults will be injected in faulttable...
100976 microseconds
Fault on PT_F38(0X0 -> 0X1)
3000113 microseconds
timeout
[  2016-10-27 8:41:7]Process 19309 termed with signal 14(SIGALRM)
PT_F38-plus_1-100 Test Num : 99
Inject into ../bin/hello
----- Type : plus_1 Pos : PT_F38 -----
There are 1 faults will be injected in faulttable...
101074 microseconds
Fault on PT_F38(0X0 -> 0X1)
3000106 microseconds
timeout
[ 2016-10-27 8:41:10]Process 19311 termed with signal 14(SIGALRM)
PT_F38-plus_1-100 Test Num : 100
Inject into ../bin/hello
----- Type : plus_1 Pos : PT_F38 -----
There are 1 faults will be injected in faulttable...
100105 microseconds
Fault on PT_F38(0X0 -> 0X1)
3000066 microseconds
timeout
[ 2016-10-27 8:41:13]Process 19313 termed with signal 14(SIGALRM)
