PT_F38-8_low_0-100 Test Num : 1
Inject into ../bin/hello
----- Type : 8_low_0 Pos : PT_F38 -----
There are 1 faults will be injected in faulttable...
100964 microseconds
Fault on PT_F38(0X0 -> 0X0)
3000069 microseconds
timeout
[ 2016-10-27 8:25:43]Process 18525 termed with signal 14(SIGALRM)
PT_F38-8_low_0-100 Test Num : 2
Inject into ../bin/hello
----- Type : 8_low_0 Pos : PT_F38 -----
There are 1 faults will be injected in faulttable...
101255 microseconds
Fault on PT_F38(0X0 -> 0X0)
3000083 microseconds
timeout
[ 2016-10-27 8:25:46]Process 18528 termed with signal 14(SIGALRM)
PT_F38-8_low_0-100 Test Num : 3
Inject into ../bin/hello
----- Type : 8_low_0 Pos : PT_F38 -----
There are 1 faults will be injected in faulttable...
100140 microseconds
Fault on PT_F38(0X0 -> 0X0)
3000088 microseconds
timeout
[ 2016-10-27 8:25:49]Process 18530 termed with signal 14(SIGALRM)
PT_F38-8_low_0-100 Test Num : 4
Inject into ../bin/hello
----- Type : 8_low_0 Pos : PT_F38 -----
There are 1 faults will be injected in faulttable...
101459 microseconds
Fault on PT_F38(0X0 -> 0X0)
3000114 microseconds
timeout
[ 2016-10-27 8:25:52]Process 18532 termed with signal 14(SIGALRM)
PT_F38-8_low_0-100 Test Num : 5
Inject into ../bin/hello
----- Type : 8_low_0 Pos : PT_F38 -----
There are 1 faults will be injected in faulttable...
101267 microseconds
Fault on PT_F38(0X0 -> 0X0)
3000106 microseconds
timeout
[ 2016-10-27 8:25:55]Process 18534 termed with signal 14(SIGALRM)
PT_F38-8_low_0-100 Test Num : 6
Inject into ../bin/hello
----- Type : 8_low_0 Pos : PT_F38 -----
There are 1 faults will be injected in faulttable...
101342 microseconds
Fault on PT_F38(0X0 -> 0X0)
3000079 microseconds
timeout
[ 2016-10-27 8:25:58]Process 18536 termed with signal 14(SIGALRM)
PT_F38-8_low_0-100 Test Num : 7
Inject into ../bin/hello
----- Type : 8_low_0 Pos : PT_F38 -----
There are 1 faults will be injected in faulttable...
101063 microseconds
Fault on PT_F38(0X0 -> 0X0)
3000058 microseconds
timeout
[  2016-10-27 8:26:2]Process 18538 termed with signal 14(SIGALRM)
PT_F38-8_low_0-100 Test Num : 8
Inject into ../bin/hello
----- Type : 8_low_0 Pos : PT_F38 -----
There are 1 faults will be injected in faulttable...
100955 microseconds
Fault on PT_F38(0X0 -> 0X0)
3000285 microseconds
timeout
[  2016-10-27 8:26:5]Process 18540 termed with signal 14(SIGALRM)
PT_F38-8_low_0-100 Test Num : 9
Inject into ../bin/hello
----- Type : 8_low_0 Pos : PT_F38 -----
There are 1 faults will be injected in faulttable...
101103 microseconds
Fault on PT_F38(0X0 -> 0X0)
3000115 microseconds
timeout
[  2016-10-27 8:26:8]Process 18542 termed with signal 14(SIGALRM)
PT_F38-8_low_0-100 Test Num : 10
Inject into ../bin/hello
----- Type : 8_low_0 Pos : PT_F38 -----
There are 1 faults will be injected in faulttable...
101155 microseconds
Fault on PT_F38(0X0 -> 0X0)
3000092 microseconds
timeout
[ 2016-10-27 8:26:11]Process 18544 termed with signal 14(SIGALRM)
PT_F38-8_low_0-100 Test Num : 11
Inject into ../bin/hello
----- Type : 8_low_0 Pos : PT_F38 -----
There are 1 faults will be injected in faulttable...
100946 microseconds
Fault on PT_F38(0X0 -> 0X0)
3000096 microseconds
timeout
[ 2016-10-27 8:26:14]Process 18546 termed with signal 14(SIGALRM)
PT_F38-8_low_0-100 Test Num : 12
Inject into ../bin/hello
----- Type : 8_low_0 Pos : PT_F38 -----
There are 1 faults will be injected in faulttable...
101013 microseconds
Fault on PT_F38(0X0 -> 0X0)
3000072 microseconds
timeout
[ 2016-10-27 8:26:17]Process 18548 termed with signal 14(SIGALRM)
PT_F38-8_low_0-100 Test Num : 13
Inject into ../bin/hello
----- Type : 8_low_0 Pos : PT_F38 -----
There are 1 faults will be injected in faulttable...
100928 microseconds
Fault on PT_F38(0X0 -> 0X0)
3000085 microseconds
timeout
[ 2016-10-27 8:26:20]Process 18550 termed with signal 14(SIGALRM)
PT_F38-8_low_0-100 Test Num : 14
Inject into ../bin/hello
----- Type : 8_low_0 Pos : PT_F38 -----
There are 1 faults will be injected in faulttable...
100950 microseconds
Fault on PT_F38(0X0 -> 0X0)
3000098 microseconds
timeout
[ 2016-10-27 8:26:23]Process 18552 termed with signal 14(SIGALRM)
PT_F38-8_low_0-100 Test Num : 15
Inject into ../bin/hello
----- Type : 8_low_0 Pos : PT_F38 -----
There are 1 faults will be injected in faulttable...
100072 microseconds
Fault on PT_F38(0X0 -> 0X0)
3000092 microseconds
timeout
[ 2016-10-27 8:26:26]Process 18554 termed with signal 14(SIGALRM)
PT_F38-8_low_0-100 Test Num : 16
Inject into ../bin/hello
----- Type : 8_low_0 Pos : PT_F38 -----
There are 1 faults will be injected in faulttable...
100171 microseconds
Fault on PT_F38(0X0 -> 0X0)
3000104 microseconds
timeout
[ 2016-10-27 8:26:30]Process 18556 termed with signal 14(SIGALRM)
PT_F38-8_low_0-100 Test Num : 17
Inject into ../bin/hello
----- Type : 8_low_0 Pos : PT_F38 -----
There are 1 faults will be injected in faulttable...
101363 microseconds
Fault on PT_F38(0X0 -> 0X0)
3000116 microseconds
timeout
[ 2016-10-27 8:26:33]Process 18558 termed with signal 14(SIGALRM)
PT_F38-8_low_0-100 Test Num : 18
Inject into ../bin/hello
----- Type : 8_low_0 Pos : PT_F38 -----
There are 1 faults will be injected in faulttable...
101225 microseconds
Fault on PT_F38(0X0 -> 0X0)
3000102 microseconds
timeout
[ 2016-10-27 8:26:36]Process 18560 termed with signal 14(SIGALRM)
PT_F38-8_low_0-100 Test Num : 19
Inject into ../bin/hello
----- Type : 8_low_0 Pos : PT_F38 -----
There are 1 faults will be injected in faulttable...
101059 microseconds
Fault on PT_F38(0X0 -> 0X0)
3000099 microseconds
timeout
[ 2016-10-27 8:26:39]Process 18562 termed with signal 14(SIGALRM)
PT_F38-8_low_0-100 Test Num : 20
Inject into ../bin/hello
----- Type : 8_low_0 Pos : PT_F38 -----
There are 1 faults will be injected in faulttable...
101483 microseconds
Fault on PT_F38(0X0 -> 0X0)
3000124 microseconds
timeout
[ 2016-10-27 8:26:42]Process 18564 termed with signal 14(SIGALRM)
PT_F38-8_low_0-100 Test Num : 21
Inject into ../bin/hello
----- Type : 8_low_0 Pos : PT_F38 -----
There are 1 faults will be injected in faulttable...
101582 microseconds
Fault on PT_F38(0X0 -> 0X0)
3000142 microseconds
timeout
[ 2016-10-27 8:26:45]Process 18566 termed with signal 14(SIGALRM)
PT_F38-8_low_0-100 Test Num : 22
Inject into ../bin/hello
----- Type : 8_low_0 Pos : PT_F38 -----
There are 1 faults will be injected in faulttable...
100077 microseconds
Fault on PT_F38(0X0 -> 0X0)
3000090 microseconds
timeout
[ 2016-10-27 8:26:48]Process 18568 termed with signal 14(SIGALRM)
PT_F38-8_low_0-100 Test Num : 23
Inject into ../bin/hello
----- Type : 8_low_0 Pos : PT_F38 -----
There are 1 faults will be injected in faulttable...
101307 microseconds
Fault on PT_F38(0X0 -> 0X0)
3000089 microseconds
timeout
[ 2016-10-27 8:26:51]Process 18570 termed with signal 14(SIGALRM)
PT_F38-8_low_0-100 Test Num : 24
Inject into ../bin/hello
----- Type : 8_low_0 Pos : PT_F38 -----
There are 1 faults will be injected in faulttable...
100184 microseconds
Fault on PT_F38(0X0 -> 0X0)
3000081 microseconds
timeout
[ 2016-10-27 8:26:54]Process 18572 termed with signal 14(SIGALRM)
PT_F38-8_low_0-100 Test Num : 25
Inject into ../bin/hello
----- Type : 8_low_0 Pos : PT_F38 -----
There are 1 faults will be injected in faulttable...
101040 microseconds
Fault on PT_F38(0X0 -> 0X0)
3000081 microseconds
timeout
[ 2016-10-27 8:26:58]Process 18574 termed with signal 14(SIGALRM)
PT_F38-8_low_0-100 Test Num : 26
Inject into ../bin/hello
----- Type : 8_low_0 Pos : PT_F38 -----
There are 1 faults will be injected in faulttable...
101006 microseconds
Fault on PT_F38(0X0 -> 0X0)
3000073 microseconds
timeout
[  2016-10-27 8:27:1]Process 18576 termed with signal 14(SIGALRM)
PT_F38-8_low_0-100 Test Num : 27
Inject into ../bin/hello
----- Type : 8_low_0 Pos : PT_F38 -----
There are 1 faults will be injected in faulttable...
101476 microseconds
Fault on PT_F38(0X0 -> 0X0)
3000068 microseconds
timeout
[  2016-10-27 8:27:4]Process 18578 termed with signal 14(SIGALRM)
PT_F38-8_low_0-100 Test Num : 28
Inject into ../bin/hello
----- Type : 8_low_0 Pos : PT_F38 -----
There are 1 faults will be injected in faulttable...
100965 microseconds
Fault on PT_F38(0X0 -> 0X0)
3000085 microseconds
timeout
[  2016-10-27 8:27:7]Process 18580 termed with signal 14(SIGALRM)
PT_F38-8_low_0-100 Test Num : 29
Inject into ../bin/hello
----- Type : 8_low_0 Pos : PT_F38 -----
There are 1 faults will be injected in faulttable...
101009 microseconds
Fault on PT_F38(0X0 -> 0X0)
3000061 microseconds
timeout
[ 2016-10-27 8:27:10]Process 18582 termed with signal 14(SIGALRM)
PT_F38-8_low_0-100 Test Num : 30
Inject into ../bin/hello
----- Type : 8_low_0 Pos : PT_F38 -----
There are 1 faults will be injected in faulttable...
100228 microseconds
Fault on PT_F38(0X0 -> 0X0)
3000062 microseconds
timeout
[ 2016-10-27 8:27:13]Process 18584 termed with signal 14(SIGALRM)
PT_F38-8_low_0-100 Test Num : 31
Inject into ../bin/hello
----- Type : 8_low_0 Pos : PT_F38 -----
There are 1 faults will be injected in faulttable...
100930 microseconds
Fault on PT_F38(0X0 -> 0X0)
3000062 microseconds
timeout
[ 2016-10-27 8:27:16]Process 18586 termed with signal 14(SIGALRM)
PT_F38-8_low_0-100 Test Num : 32
Inject into ../bin/hello
----- Type : 8_low_0 Pos : PT_F38 -----
There are 1 faults will be injected in faulttable...
100956 microseconds
Fault on PT_F38(0X0 -> 0X0)
3000051 microseconds
timeout
[ 2016-10-27 8:27:19]Process 18588 termed with signal 14(SIGALRM)
PT_F38-8_low_0-100 Test Num : 33
Inject into ../bin/hello
----- Type : 8_low_0 Pos : PT_F38 -----
There are 1 faults will be injected in faulttable...
100081 microseconds
Fault on PT_F38(0X0 -> 0X0)
3000110 microseconds
timeout
[ 2016-10-27 8:27:22]Process 18590 termed with signal 14(SIGALRM)
PT_F38-8_low_0-100 Test Num : 34
Inject into ../bin/hello
----- Type : 8_low_0 Pos : PT_F38 -----
There are 1 faults will be injected in faulttable...
101364 microseconds
Fault on PT_F38(0X0 -> 0X0)
3000090 microseconds
timeout
[ 2016-10-27 8:27:26]Process 18592 termed with signal 14(SIGALRM)
PT_F38-8_low_0-100 Test Num : 35
Inject into ../bin/hello
----- Type : 8_low_0 Pos : PT_F38 -----
There are 1 faults will be injected in faulttable...
100071 microseconds
Fault on PT_F38(0X0 -> 0X0)
3000096 microseconds
timeout
[ 2016-10-27 8:27:29]Process 18594 termed with signal 14(SIGALRM)
PT_F38-8_low_0-100 Test Num : 36
Inject into ../bin/hello
----- Type : 8_low_0 Pos : PT_F38 -----
There are 1 faults will be injected in faulttable...
100099 microseconds
Fault on PT_F38(0X0 -> 0X0)
3000088 microseconds
timeout
[ 2016-10-27 8:27:32]Process 18596 termed with signal 14(SIGALRM)
PT_F38-8_low_0-100 Test Num : 37
Inject into ../bin/hello
----- Type : 8_low_0 Pos : PT_F38 -----
There are 1 faults will be injected in faulttable...
100071 microseconds
Fault on PT_F38(0X0 -> 0X0)
3000095 microseconds
timeout
[ 2016-10-27 8:27:35]Process 18598 termed with signal 14(SIGALRM)
PT_F38-8_low_0-100 Test Num : 38
Inject into ../bin/hello
----- Type : 8_low_0 Pos : PT_F38 -----
There are 1 faults will be injected in faulttable...
100986 microseconds
Fault on PT_F38(0X0 -> 0X0)
3000122 microseconds
timeout
[ 2016-10-27 8:27:38]Process 18600 termed with signal 14(SIGALRM)
PT_F38-8_low_0-100 Test Num : 39
Inject into ../bin/hello
----- Type : 8_low_0 Pos : PT_F38 -----
There are 1 faults will be injected in faulttable...
100128 microseconds
Fault on PT_F38(0X0 -> 0X0)
3000112 microseconds
timeout
[ 2016-10-27 8:27:41]Process 18602 termed with signal 14(SIGALRM)
PT_F38-8_low_0-100 Test Num : 40
Inject into ../bin/hello
----- Type : 8_low_0 Pos : PT_F38 -----
There are 1 faults will be injected in faulttable...
101426 microseconds
Fault on PT_F38(0X0 -> 0X0)
3000061 microseconds
timeout
[ 2016-10-27 8:27:44]Process 18604 termed with signal 14(SIGALRM)
PT_F38-8_low_0-100 Test Num : 41
Inject into ../bin/hello
----- Type : 8_low_0 Pos : PT_F38 -----
There are 1 faults will be injected in faulttable...
101070 microseconds
Fault on PT_F38(0X0 -> 0X0)
3000061 microseconds
timeout
[ 2016-10-27 8:27:47]Process 18606 termed with signal 14(SIGALRM)
PT_F38-8_low_0-100 Test Num : 42
Inject into ../bin/hello
----- Type : 8_low_0 Pos : PT_F38 -----
There are 1 faults will be injected in faulttable...
100992 microseconds
Fault on PT_F38(0X0 -> 0X0)
3000078 microseconds
timeout
[ 2016-10-27 8:27:50]Process 18608 termed with signal 14(SIGALRM)
PT_F38-8_low_0-100 Test Num : 43
Inject into ../bin/hello
----- Type : 8_low_0 Pos : PT_F38 -----
There are 1 faults will be injected in faulttable...
101390 microseconds
Fault on PT_F38(0X0 -> 0X0)
3000106 microseconds
timeout
[ 2016-10-27 8:27:54]Process 18610 termed with signal 14(SIGALRM)
PT_F38-8_low_0-100 Test Num : 44
Inject into ../bin/hello
----- Type : 8_low_0 Pos : PT_F38 -----
There are 1 faults will be injected in faulttable...
101515 microseconds
Fault on PT_F38(0X0 -> 0X0)
3000065 microseconds
timeout
[ 2016-10-27 8:27:57]Process 18612 termed with signal 14(SIGALRM)
PT_F38-8_low_0-100 Test Num : 45
Inject into ../bin/hello
----- Type : 8_low_0 Pos : PT_F38 -----
There are 1 faults will be injected in faulttable...
101662 microseconds
Fault on PT_F38(0X0 -> 0X0)
3000096 microseconds
timeout
[  2016-10-27 8:28:0]Process 18614 termed with signal 14(SIGALRM)
PT_F38-8_low_0-100 Test Num : 46
Inject into ../bin/hello
----- Type : 8_low_0 Pos : PT_F38 -----
There are 1 faults will be injected in faulttable...
101439 microseconds
Fault on PT_F38(0X0 -> 0X0)
3000097 microseconds
timeout
[  2016-10-27 8:28:3]Process 18616 termed with signal 14(SIGALRM)
PT_F38-8_low_0-100 Test Num : 47
Inject into ../bin/hello
----- Type : 8_low_0 Pos : PT_F38 -----
There are 1 faults will be injected in faulttable...
100779 microseconds
Fault on PT_F38(0X0 -> 0X0)
3001352 microseconds
timeout
[  2016-10-27 8:28:6]Process 18618 termed with signal 14(SIGALRM)
PT_F38-8_low_0-100 Test Num : 48
Inject into ../bin/hello
----- Type : 8_low_0 Pos : PT_F38 -----
There are 1 faults will be injected in faulttable...
101122 microseconds
Fault on PT_F38(0X0 -> 0X0)
3000132 microseconds
timeout
[  2016-10-27 8:28:9]Process 18620 termed with signal 14(SIGALRM)
PT_F38-8_low_0-100 Test Num : 49
Inject into ../bin/hello
----- Type : 8_low_0 Pos : PT_F38 -----
There are 1 faults will be injected in faulttable...
101043 microseconds
Fault on PT_F38(0X0 -> 0X0)
3000061 microseconds
timeout
[ 2016-10-27 8:28:12]Process 18622 termed with signal 14(SIGALRM)
PT_F38-8_low_0-100 Test Num : 50
Inject into ../bin/hello
----- Type : 8_low_0 Pos : PT_F38 -----
There are 1 faults will be injected in faulttable...
101211 microseconds
Fault on PT_F38(0X0 -> 0X0)
3000070 microseconds
timeout
[ 2016-10-27 8:28:15]Process 18624 termed with signal 14(SIGALRM)
PT_F38-8_low_0-100 Test Num : 51
Inject into ../bin/hello
----- Type : 8_low_0 Pos : PT_F38 -----
There are 1 faults will be injected in faulttable...
100167 microseconds
Fault on PT_F38(0X0 -> 0X0)
3000103 microseconds
timeout
[ 2016-10-27 8:28:18]Process 18626 termed with signal 14(SIGALRM)
PT_F38-8_low_0-100 Test Num : 52
Inject into ../bin/hello
----- Type : 8_low_0 Pos : PT_F38 -----
There are 1 faults will be injected in faulttable...
101050 microseconds
Fault on PT_F38(0X0 -> 0X0)
3000080 microseconds
timeout
[ 2016-10-27 8:28:22]Process 18628 termed with signal 14(SIGALRM)
PT_F38-8_low_0-100 Test Num : 53
Inject into ../bin/hello
----- Type : 8_low_0 Pos : PT_F38 -----
There are 1 faults will be injected in faulttable...
100106 microseconds
Fault on PT_F38(0X0 -> 0X0)
3000150 microseconds
timeout
[ 2016-10-27 8:28:25]Process 18630 termed with signal 14(SIGALRM)
PT_F38-8_low_0-100 Test Num : 54
Inject into ../bin/hello
----- Type : 8_low_0 Pos : PT_F38 -----
There are 1 faults will be injected in faulttable...
100071 microseconds
Fault on PT_F38(0X0 -> 0X0)
3000100 microseconds
timeout
[ 2016-10-27 8:28:28]Process 18632 termed with signal 14(SIGALRM)
PT_F38-8_low_0-100 Test Num : 55
Inject into ../bin/hello
----- Type : 8_low_0 Pos : PT_F38 -----
There are 1 faults will be injected in faulttable...
101098 microseconds
Fault on PT_F38(0X0 -> 0X0)
3000092 microseconds
timeout
[ 2016-10-27 8:28:31]Process 18634 termed with signal 14(SIGALRM)
PT_F38-8_low_0-100 Test Num : 56
Inject into ../bin/hello
----- Type : 8_low_0 Pos : PT_F38 -----
There are 1 faults will be injected in faulttable...
100994 microseconds
Fault on PT_F38(0X0 -> 0X0)
3000076 microseconds
timeout
[ 2016-10-27 8:28:34]Process 18636 termed with signal 14(SIGALRM)
PT_F38-8_low_0-100 Test Num : 57
Inject into ../bin/hello
----- Type : 8_low_0 Pos : PT_F38 -----
There are 1 faults will be injected in faulttable...
101059 microseconds
Fault on PT_F38(0X0 -> 0X0)
3000085 microseconds
timeout
[ 2016-10-27 8:28:37]Process 18638 termed with signal 14(SIGALRM)
PT_F38-8_low_0-100 Test Num : 58
Inject into ../bin/hello
----- Type : 8_low_0 Pos : PT_F38 -----
There are 1 faults will be injected in faulttable...
101148 microseconds
Fault on PT_F38(0X0 -> 0X0)
3000111 microseconds
timeout
[ 2016-10-27 8:28:40]Process 18640 termed with signal 14(SIGALRM)
PT_F38-8_low_0-100 Test Num : 59
Inject into ../bin/hello
----- Type : 8_low_0 Pos : PT_F38 -----
There are 1 faults will be injected in faulttable...
101280 microseconds
Fault on PT_F38(0X0 -> 0X0)
3000080 microseconds
timeout
[ 2016-10-27 8:28:43]Process 18642 termed with signal 14(SIGALRM)
PT_F38-8_low_0-100 Test Num : 60
Inject into ../bin/hello
----- Type : 8_low_0 Pos : PT_F38 -----
There are 1 faults will be injected in faulttable...
100118 microseconds
Fault on PT_F38(0X0 -> 0X0)
3000139 microseconds
timeout
[ 2016-10-27 8:28:46]Process 18644 termed with signal 14(SIGALRM)
PT_F38-8_low_0-100 Test Num : 61
Inject into ../bin/hello
----- Type : 8_low_0 Pos : PT_F38 -----
There are 1 faults will be injected in faulttable...
101028 microseconds
Fault on PT_F38(0X0 -> 0X0)
3000077 microseconds
timeout
[ 2016-10-27 8:28:50]Process 18646 termed with signal 14(SIGALRM)
PT_F38-8_low_0-100 Test Num : 62
Inject into ../bin/hello
----- Type : 8_low_0 Pos : PT_F38 -----
There are 1 faults will be injected in faulttable...
100111 microseconds
Fault on PT_F38(0X0 -> 0X0)
3000115 microseconds
timeout
[ 2016-10-27 8:28:53]Process 18648 termed with signal 14(SIGALRM)
PT_F38-8_low_0-100 Test Num : 63
Inject into ../bin/hello
----- Type : 8_low_0 Pos : PT_F38 -----
There are 1 faults will be injected in faulttable...
100076 microseconds
Fault on PT_F38(0X0 -> 0X0)
3000104 microseconds
timeout
[ 2016-10-27 8:28:56]Process 18650 termed with signal 14(SIGALRM)
PT_F38-8_low_0-100 Test Num : 64
Inject into ../bin/hello
----- Type : 8_low_0 Pos : PT_F38 -----
There are 1 faults will be injected in faulttable...
101070 microseconds
Fault on PT_F38(0X0 -> 0X0)
3000125 microseconds
timeout
[ 2016-10-27 8:28:59]Process 18652 termed with signal 14(SIGALRM)
PT_F38-8_low_0-100 Test Num : 65
Inject into ../bin/hello
----- Type : 8_low_0 Pos : PT_F38 -----
There are 1 faults will be injected in faulttable...
100905 microseconds
Fault on PT_F38(0X0 -> 0X0)
3000088 microseconds
timeout
[  2016-10-27 8:29:2]Process 18654 termed with signal 14(SIGALRM)
PT_F38-8_low_0-100 Test Num : 66
Inject into ../bin/hello
----- Type : 8_low_0 Pos : PT_F38 -----
There are 1 faults will be injected in faulttable...
101218 microseconds
Fault on PT_F38(0X0 -> 0X0)
3000076 microseconds
timeout
[  2016-10-27 8:29:5]Process 18656 termed with signal 14(SIGALRM)
PT_F38-8_low_0-100 Test Num : 67
Inject into ../bin/hello
----- Type : 8_low_0 Pos : PT_F38 -----
There are 1 faults will be injected in faulttable...
101153 microseconds
Fault on PT_F38(0X0 -> 0X0)
3000136 microseconds
timeout
[  2016-10-27 8:29:8]Process 18658 termed with signal 14(SIGALRM)
PT_F38-8_low_0-100 Test Num : 68
Inject into ../bin/hello
----- Type : 8_low_0 Pos : PT_F38 -----
There are 1 faults will be injected in faulttable...
100911 microseconds
Fault on PT_F38(0X0 -> 0X0)
3000516 microseconds
timeout
[ 2016-10-27 8:29:11]Process 18660 termed with signal 14(SIGALRM)
PT_F38-8_low_0-100 Test Num : 69
Inject into ../bin/hello
----- Type : 8_low_0 Pos : PT_F38 -----
There are 1 faults will be injected in faulttable...
100131 microseconds
Fault on PT_F38(0X0 -> 0X0)
3000079 microseconds
timeout
[ 2016-10-27 8:29:14]Process 18662 termed with signal 14(SIGALRM)
PT_F38-8_low_0-100 Test Num : 70
Inject into ../bin/hello
----- Type : 8_low_0 Pos : PT_F38 -----
There are 1 faults will be injected in faulttable...
101044 microseconds
Fault on PT_F38(0X0 -> 0X0)
3000070 microseconds
timeout
[ 2016-10-27 8:29:18]Process 18664 termed with signal 14(SIGALRM)
PT_F38-8_low_0-100 Test Num : 71
Inject into ../bin/hello
----- Type : 8_low_0 Pos : PT_F38 -----
There are 1 faults will be injected in faulttable...
101098 microseconds
Fault on PT_F38(0X0 -> 0X0)
3000102 microseconds
timeout
[ 2016-10-27 8:29:21]Process 18666 termed with signal 14(SIGALRM)
PT_F38-8_low_0-100 Test Num : 72
Inject into ../bin/hello
----- Type : 8_low_0 Pos : PT_F38 -----
There are 1 faults will be injected in faulttable...
101487 microseconds
Fault on PT_F38(0X0 -> 0X0)
3000097 microseconds
timeout
[ 2016-10-27 8:29:24]Process 18668 termed with signal 14(SIGALRM)
PT_F38-8_low_0-100 Test Num : 73
Inject into ../bin/hello
----- Type : 8_low_0 Pos : PT_F38 -----
There are 1 faults will be injected in faulttable...
100996 microseconds
Fault on PT_F38(0X0 -> 0X0)
3000211 microseconds
timeout
[ 2016-10-27 8:29:27]Process 18670 termed with signal 14(SIGALRM)
PT_F38-8_low_0-100 Test Num : 74
Inject into ../bin/hello
----- Type : 8_low_0 Pos : PT_F38 -----
There are 1 faults will be injected in faulttable...
100111 microseconds
Fault on PT_F38(0X0 -> 0X0)
3000051 microseconds
timeout
[ 2016-10-27 8:29:30]Process 18672 termed with signal 14(SIGALRM)
PT_F38-8_low_0-100 Test Num : 75
Inject into ../bin/hello
----- Type : 8_low_0 Pos : PT_F38 -----
There are 1 faults will be injected in faulttable...
101082 microseconds
Fault on PT_F38(0X0 -> 0X0)
3000110 microseconds
timeout
[ 2016-10-27 8:29:33]Process 18674 termed with signal 14(SIGALRM)
PT_F38-8_low_0-100 Test Num : 76
Inject into ../bin/hello
----- Type : 8_low_0 Pos : PT_F38 -----
There are 1 faults will be injected in faulttable...
101106 microseconds
Fault on PT_F38(0X0 -> 0X0)
3000080 microseconds
timeout
[ 2016-10-27 8:29:36]Process 18676 termed with signal 14(SIGALRM)
PT_F38-8_low_0-100 Test Num : 77
Inject into ../bin/hello
----- Type : 8_low_0 Pos : PT_F38 -----
There are 1 faults will be injected in faulttable...
101224 microseconds
Fault on PT_F38(0X0 -> 0X0)
3000073 microseconds
timeout
[ 2016-10-27 8:29:39]Process 18678 termed with signal 14(SIGALRM)
PT_F38-8_low_0-100 Test Num : 78
Inject into ../bin/hello
----- Type : 8_low_0 Pos : PT_F38 -----
There are 1 faults will be injected in faulttable...
101013 microseconds
Fault on PT_F38(0X0 -> 0X0)
3000109 microseconds
timeout
[ 2016-10-27 8:29:42]Process 18680 termed with signal 14(SIGALRM)
PT_F38-8_low_0-100 Test Num : 79
Inject into ../bin/hello
----- Type : 8_low_0 Pos : PT_F38 -----
There are 1 faults will be injected in faulttable...
100990 microseconds
Fault on PT_F38(0X0 -> 0X0)
3000126 microseconds
timeout
[ 2016-10-27 8:29:46]Process 18682 termed with signal 14(SIGALRM)
PT_F38-8_low_0-100 Test Num : 80
Inject into ../bin/hello
----- Type : 8_low_0 Pos : PT_F38 -----
There are 1 faults will be injected in faulttable...
101108 microseconds
Fault on PT_F38(0X0 -> 0X0)
3000053 microseconds
timeout
[ 2016-10-27 8:29:49]Process 18684 termed with signal 14(SIGALRM)
PT_F38-8_low_0-100 Test Num : 81
Inject into ../bin/hello
----- Type : 8_low_0 Pos : PT_F38 -----
There are 1 faults will be injected in faulttable...
100065 microseconds
Fault on PT_F38(0X0 -> 0X0)
3000083 microseconds
timeout
[ 2016-10-27 8:29:52]Process 18686 termed with signal 14(SIGALRM)
PT_F38-8_low_0-100 Test Num : 82
Inject into ../bin/hello
----- Type : 8_low_0 Pos : PT_F38 -----
There are 1 faults will be injected in faulttable...
101050 microseconds
Fault on PT_F38(0X0 -> 0X0)
3000124 microseconds
timeout
[ 2016-10-27 8:29:55]Process 18688 termed with signal 14(SIGALRM)
PT_F38-8_low_0-100 Test Num : 83
Inject into ../bin/hello
----- Type : 8_low_0 Pos : PT_F38 -----
There are 1 faults will be injected in faulttable...
100088 microseconds
Fault on PT_F38(0X0 -> 0X0)
3000075 microseconds
timeout
[ 2016-10-27 8:29:58]Process 18690 termed with signal 14(SIGALRM)
PT_F38-8_low_0-100 Test Num : 84
Inject into ../bin/hello
----- Type : 8_low_0 Pos : PT_F38 -----
There are 1 faults will be injected in faulttable...
100969 microseconds
Fault on PT_F38(0X0 -> 0X0)
3000078 microseconds
timeout
[  2016-10-27 8:30:1]Process 18692 termed with signal 14(SIGALRM)
PT_F38-8_low_0-100 Test Num : 85
Inject into ../bin/hello
----- Type : 8_low_0 Pos : PT_F38 -----
There are 1 faults will be injected in faulttable...
100929 microseconds
Fault on PT_F38(0X0 -> 0X0)
3000083 microseconds
timeout
[  2016-10-27 8:30:4]Process 18694 termed with signal 14(SIGALRM)
PT_F38-8_low_0-100 Test Num : 86
Inject into ../bin/hello
----- Type : 8_low_0 Pos : PT_F38 -----
There are 1 faults will be injected in faulttable...
101014 microseconds
Fault on PT_F38(0X0 -> 0X0)
3000066 microseconds
timeout
[  2016-10-27 8:30:7]Process 18696 termed with signal 14(SIGALRM)
PT_F38-8_low_0-100 Test Num : 87
Inject into ../bin/hello
----- Type : 8_low_0 Pos : PT_F38 -----
There are 1 faults will be injected in faulttable...
101244 microseconds
Fault on PT_F38(0X0 -> 0X0)
3000071 microseconds
timeout
[ 2016-10-27 8:30:10]Process 18698 termed with signal 14(SIGALRM)
PT_F38-8_low_0-100 Test Num : 88
Inject into ../bin/hello
----- Type : 8_low_0 Pos : PT_F38 -----
There are 1 faults will be injected in faulttable...
101031 microseconds
Fault on PT_F38(0X0 -> 0X0)
3000084 microseconds
timeout
[ 2016-10-27 8:30:14]Process 18700 termed with signal 14(SIGALRM)
PT_F38-8_low_0-100 Test Num : 89
Inject into ../bin/hello
----- Type : 8_low_0 Pos : PT_F38 -----
There are 1 faults will be injected in faulttable...
100943 microseconds
Fault on PT_F38(0X0 -> 0X0)
3000089 microseconds
timeout
[ 2016-10-27 8:30:17]Process 18702 termed with signal 14(SIGALRM)
PT_F38-8_low_0-100 Test Num : 90
Inject into ../bin/hello
----- Type : 8_low_0 Pos : PT_F38 -----
There are 1 faults will be injected in faulttable...
100098 microseconds
Fault on PT_F38(0X0 -> 0X0)
3000081 microseconds
timeout
[ 2016-10-27 8:30:20]Process 18704 termed with signal 14(SIGALRM)
PT_F38-8_low_0-100 Test Num : 91
Inject into ../bin/hello
----- Type : 8_low_0 Pos : PT_F38 -----
There are 1 faults will be injected in faulttable...
101182 microseconds
Fault on PT_F38(0X0 -> 0X0)
3000080 microseconds
timeout
[ 2016-10-27 8:30:23]Process 18706 termed with signal 14(SIGALRM)
PT_F38-8_low_0-100 Test Num : 92
Inject into ../bin/hello
----- Type : 8_low_0 Pos : PT_F38 -----
There are 1 faults will be injected in faulttable...
101394 microseconds
Fault on PT_F38(0X0 -> 0X0)
3000066 microseconds
timeout
[ 2016-10-27 8:30:26]Process 18708 termed with signal 14(SIGALRM)
PT_F38-8_low_0-100 Test Num : 93
Inject into ../bin/hello
----- Type : 8_low_0 Pos : PT_F38 -----
There are 1 faults will be injected in faulttable...
101052 microseconds
Fault on PT_F38(0X0 -> 0X0)
3000094 microseconds
timeout
[ 2016-10-27 8:30:29]Process 18710 termed with signal 14(SIGALRM)
PT_F38-8_low_0-100 Test Num : 94
Inject into ../bin/hello
----- Type : 8_low_0 Pos : PT_F38 -----
There are 1 faults will be injected in faulttable...
101274 microseconds
Fault on PT_F38(0X0 -> 0X0)
3000090 microseconds
timeout
[ 2016-10-27 8:30:32]Process 18712 termed with signal 14(SIGALRM)
PT_F38-8_low_0-100 Test Num : 95
Inject into ../bin/hello
----- Type : 8_low_0 Pos : PT_F38 -----
There are 1 faults will be injected in faulttable...
101290 microseconds
Fault on PT_F38(0X0 -> 0X0)
3000065 microseconds
timeout
[ 2016-10-27 8:30:35]Process 18714 termed with signal 14(SIGALRM)
PT_F38-8_low_0-100 Test Num : 96
Inject into ../bin/hello
----- Type : 8_low_0 Pos : PT_F38 -----
There are 1 faults will be injected in faulttable...
101035 microseconds
Fault on PT_F38(0X0 -> 0X0)
3000088 microseconds
timeout
[ 2016-10-27 8:30:39]Process 18716 termed with signal 14(SIGALRM)
PT_F38-8_low_0-100 Test Num : 97
Inject into ../bin/hello
----- Type : 8_low_0 Pos : PT_F38 -----
There are 1 faults will be injected in faulttable...
101001 microseconds
Fault on PT_F38(0X0 -> 0X0)
3000102 microseconds
timeout
[ 2016-10-27 8:30:42]Process 18718 termed with signal 14(SIGALRM)
PT_F38-8_low_0-100 Test Num : 98
Inject into ../bin/hello
----- Type : 8_low_0 Pos : PT_F38 -----
There are 1 faults will be injected in faulttable...
101200 microseconds
Fault on PT_F38(0X0 -> 0X0)
3000124 microseconds
timeout
[ 2016-10-27 8:30:45]Process 18720 termed with signal 14(SIGALRM)
PT_F38-8_low_0-100 Test Num : 99
Inject into ../bin/hello
----- Type : 8_low_0 Pos : PT_F38 -----
There are 1 faults will be injected in faulttable...
100066 microseconds
Fault on PT_F38(0X0 -> 0X0)
3000071 microseconds
timeout
[ 2016-10-27 8:30:48]Process 18723 termed with signal 14(SIGALRM)
PT_F38-8_low_0-100 Test Num : 100
Inject into ../bin/hello
----- Type : 8_low_0 Pos : PT_F38 -----
There are 1 faults will be injected in faulttable...
101112 microseconds
Fault on PT_F38(0X0 -> 0X0)
3000094 microseconds
timeout
[ 2016-10-27 8:30:51]Process 18725 termed with signal 14(SIGALRM)
