PT_F37-2_bit_flip-100 Test Num : 1
Inject into ../bin/hello
----- Type : 2_bit_flip Pos : PT_F37 -----
There are 1 faults will be injected in faulttable...
101031 microseconds
Fault on PT_F37(0Xfffffffffffffdfc -> 0Xfffffffffbfdfdfc)
3000120 microseconds
timeout
[ 2016-10-27 6:41:57]Process 14296 termed with signal 14(SIGALRM)
PT_F37-2_bit_flip-100 Test Num : 2
Inject into ../bin/hello
----- Type : 2_bit_flip Pos : PT_F37 -----
There are 1 faults will be injected in faulttable...
101072 microseconds
Fault on PT_F37(0Xfffffffffffffdfc -> 0Xfffffff7ffff7dfc)
3000104 microseconds
timeout
[  2016-10-27 6:42:0]Process 14298 termed with signal 14(SIGALRM)
PT_F37-2_bit_flip-100 Test Num : 3
Inject into ../bin/hello
----- Type : 2_bit_flip Pos : PT_F37 -----
There are 1 faults will be injected in faulttable...
100930 microseconds
Fault on PT_F37(0Xfffffffffffffdfc -> 0Xfefffffffbfffdfc)
3000109 microseconds
timeout
[  2016-10-27 6:42:3]Process 14300 termed with signal 14(SIGALRM)
PT_F37-2_bit_flip-100 Test Num : 4
Inject into ../bin/hello
----- Type : 2_bit_flip Pos : PT_F37 -----
There are 1 faults will be injected in faulttable...
101071 microseconds
Fault on PT_F37(0Xfffffffffffffdfc -> 0Xff7fffffffeffdfc)
3000095 microseconds
timeout
[  2016-10-27 6:42:6]Process 14302 termed with signal 14(SIGALRM)
PT_F37-2_bit_flip-100 Test Num : 5
Inject into ../bin/hello
----- Type : 2_bit_flip Pos : PT_F37 -----
There are 1 faults will be injected in faulttable...
100068 microseconds
Fault on PT_F37(0Xfffffffffffffdfc -> 0Xffffbfffeffffdfc)
3000116 microseconds
timeout
[ 2016-10-27 6:42:10]Process 14304 termed with signal 14(SIGALRM)
PT_F37-2_bit_flip-100 Test Num : 6
Inject into ../bin/hello
----- Type : 2_bit_flip Pos : PT_F37 -----
There are 1 faults will be injected in faulttable...
101360 microseconds
Fault on PT_F37(0Xfffffffffffffdfc -> 0Xfffffffe7ffffdfc)
3000123 microseconds
timeout
[ 2016-10-27 6:42:13]Process 14306 termed with signal 14(SIGALRM)
PT_F37-2_bit_flip-100 Test Num : 7
Inject into ../bin/hello
----- Type : 2_bit_flip Pos : PT_F37 -----
There are 1 faults will be injected in faulttable...
101056 microseconds
Fault on PT_F37(0Xfffffffffffffdfc -> 0Xff7ffdfffffffdfc)
3000074 microseconds
timeout
[ 2016-10-27 6:42:16]Process 14308 termed with signal 14(SIGALRM)
PT_F37-2_bit_flip-100 Test Num : 8
Inject into ../bin/hello
----- Type : 2_bit_flip Pos : PT_F37 -----
There are 1 faults will be injected in faulttable...
100904 microseconds
Fault on PT_F37(0Xfffffffffffffdfc -> 0Xffff7ffffffffcfc)
3000125 microseconds
timeout
[ 2016-10-27 6:42:19]Process 14310 termed with signal 14(SIGALRM)
PT_F37-2_bit_flip-100 Test Num : 9
Inject into ../bin/hello
----- Type : 2_bit_flip Pos : PT_F37 -----
There are 1 faults will be injected in faulttable...
101173 microseconds
Fault on PT_F37(0Xfffffffffffffdfc -> 0Xfffdfffffffffdfe)
3000105 microseconds
timeout
[ 2016-10-27 6:42:22]Process 14312 termed with signal 14(SIGALRM)
PT_F37-2_bit_flip-100 Test Num : 10
Inject into ../bin/hello
----- Type : 2_bit_flip Pos : PT_F37 -----
There are 1 faults will be injected in faulttable...
101020 microseconds
Fault on PT_F37(0Xfffffffffffffdfc -> 0Xfeffbffffffffdfc)
3000128 microseconds
timeout
[ 2016-10-27 6:42:25]Process 14314 termed with signal 14(SIGALRM)
PT_F37-2_bit_flip-100 Test Num : 11
Inject into ../bin/hello
----- Type : 2_bit_flip Pos : PT_F37 -----
There are 1 faults will be injected in faulttable...
101301 microseconds
Fault on PT_F37(0Xfffffffffffffdfc -> 0Xfffffffffffffdfc)
3000076 microseconds
timeout
[ 2016-10-27 6:42:28]Process 14316 termed with signal 14(SIGALRM)
PT_F37-2_bit_flip-100 Test Num : 12
Inject into ../bin/hello
----- Type : 2_bit_flip Pos : PT_F37 -----
There are 1 faults will be injected in faulttable...
101195 microseconds
Fault on PT_F37(0Xfffffffffffffdfc -> 0Xffffffffbffbfdfc)
3000125 microseconds
timeout
[ 2016-10-27 6:42:31]Process 14318 termed with signal 14(SIGALRM)
PT_F37-2_bit_flip-100 Test Num : 13
Inject into ../bin/hello
----- Type : 2_bit_flip Pos : PT_F37 -----
There are 1 faults will be injected in faulttable...
101385 microseconds
Fault on PT_F37(0Xfffffffffffffdfc -> 0Xff7fffffffffbdfc)
3000064 microseconds
timeout
[ 2016-10-27 6:42:35]Process 14320 termed with signal 14(SIGALRM)
PT_F37-2_bit_flip-100 Test Num : 14
Inject into ../bin/hello
----- Type : 2_bit_flip Pos : PT_F37 -----
There are 1 faults will be injected in faulttable...
100987 microseconds
Fault on PT_F37(0Xfffffffffffffdfc -> 0Xffffbffffffffcfc)
3000066 microseconds
timeout
[ 2016-10-27 6:42:38]Process 14322 termed with signal 14(SIGALRM)
PT_F37-2_bit_flip-100 Test Num : 15
Inject into ../bin/hello
----- Type : 2_bit_flip Pos : PT_F37 -----
There are 1 faults will be injected in faulttable...
101024 microseconds
Fault on PT_F37(0Xfffffffffffffdfc -> 0Xfffffffffffff5ec)
3000104 microseconds
timeout
[ 2016-10-27 6:42:41]Process 14324 termed with signal 14(SIGALRM)
PT_F37-2_bit_flip-100 Test Num : 16
Inject into ../bin/hello
----- Type : 2_bit_flip Pos : PT_F37 -----
There are 1 faults will be injected in faulttable...
101132 microseconds
Fault on PT_F37(0Xfffffffffffffdfc -> 0Xfffe7ffffffffdfc)
3000088 microseconds
timeout
[ 2016-10-27 6:42:44]Process 14326 termed with signal 14(SIGALRM)
PT_F37-2_bit_flip-100 Test Num : 17
Inject into ../bin/hello
----- Type : 2_bit_flip Pos : PT_F37 -----
There are 1 faults will be injected in faulttable...
101411 microseconds
Fault on PT_F37(0Xfffffffffffffdfc -> 0Xffffbffff7fffdfc)
3000536 microseconds
timeout
[ 2016-10-27 6:42:47]Process 14328 termed with signal 14(SIGALRM)
PT_F37-2_bit_flip-100 Test Num : 18
Inject into ../bin/hello
----- Type : 2_bit_flip Pos : PT_F37 -----
There are 1 faults will be injected in faulttable...
101052 microseconds
Fault on PT_F37(0Xfffffffffffffdfc -> 0Xffff7ffbfffffdfc)
3000101 microseconds
timeout
[ 2016-10-27 6:42:50]Process 14330 termed with signal 14(SIGALRM)
PT_F37-2_bit_flip-100 Test Num : 19
Inject into ../bin/hello
----- Type : 2_bit_flip Pos : PT_F37 -----
There are 1 faults will be injected in faulttable...
101120 microseconds
Fault on PT_F37(0Xfffffffffffffdfc -> 0Xfefffffffffff5fc)
3000158 microseconds
timeout
[ 2016-10-27 6:42:53]Process 14332 termed with signal 14(SIGALRM)
PT_F37-2_bit_flip-100 Test Num : 20
Inject into ../bin/hello
----- Type : 2_bit_flip Pos : PT_F37 -----
There are 1 faults will be injected in faulttable...
101043 microseconds
Fault on PT_F37(0Xfffffffffffffdfc -> 0Xfffffefffffff9fc)
3000105 microseconds
timeout
[ 2016-10-27 6:42:56]Process 14334 termed with signal 14(SIGALRM)
PT_F37-2_bit_flip-100 Test Num : 21
Inject into ../bin/hello
----- Type : 2_bit_flip Pos : PT_F37 -----
There are 1 faults will be injected in faulttable...
100100 microseconds
Fault on PT_F37(0Xfffffffffffffdfc -> 0Xfffffffffffdddfc)
3000077 microseconds
timeout
[ 2016-10-27 6:42:59]Process 14336 termed with signal 14(SIGALRM)
PT_F37-2_bit_flip-100 Test Num : 22
Inject into ../bin/hello
----- Type : 2_bit_flip Pos : PT_F37 -----
There are 1 faults will be injected in faulttable...
101024 microseconds
Fault on PT_F37(0Xfffffffffffffdfc -> 0Xffefffffffeffdfc)
3000090 microseconds
timeout
[  2016-10-27 6:43:3]Process 14338 termed with signal 14(SIGALRM)
PT_F37-2_bit_flip-100 Test Num : 23
Inject into ../bin/hello
----- Type : 2_bit_flip Pos : PT_F37 -----
There are 1 faults will be injected in faulttable...
100940 microseconds
Fault on PT_F37(0Xfffffffffffffdfc -> 0Xfffffbffffbffdfc)
3000113 microseconds
timeout
[  2016-10-27 6:43:6]Process 14340 termed with signal 14(SIGALRM)
PT_F37-2_bit_flip-100 Test Num : 24
Inject into ../bin/hello
----- Type : 2_bit_flip Pos : PT_F37 -----
There are 1 faults will be injected in faulttable...
101037 microseconds
Fault on PT_F37(0Xfffffffffffffdfc -> 0Xffffffffffffe5fc)
3000088 microseconds
timeout
[  2016-10-27 6:43:9]Process 14342 termed with signal 14(SIGALRM)
PT_F37-2_bit_flip-100 Test Num : 25
Inject into ../bin/hello
----- Type : 2_bit_flip Pos : PT_F37 -----
There are 1 faults will be injected in faulttable...
101204 microseconds
Fault on PT_F37(0Xfffffffffffffdfc -> 0Xffdfffffffffbdfc)
3000123 microseconds
timeout
[ 2016-10-27 6:43:12]Process 14344 termed with signal 14(SIGALRM)
PT_F37-2_bit_flip-100 Test Num : 26
Inject into ../bin/hello
----- Type : 2_bit_flip Pos : PT_F37 -----
There are 1 faults will be injected in faulttable...
101156 microseconds
Fault on PT_F37(0Xfffffffffffffdfc -> 0Xf7fffffffffffdf8)
3000082 microseconds
timeout
[ 2016-10-27 6:43:15]Process 14346 termed with signal 14(SIGALRM)
PT_F37-2_bit_flip-100 Test Num : 27
Inject into ../bin/hello
----- Type : 2_bit_flip Pos : PT_F37 -----
There are 1 faults will be injected in faulttable...
100999 microseconds
Fault on PT_F37(0Xfffffffffffffdfc -> 0Xfffffffff7bffdfc)
3000170 microseconds
timeout
[ 2016-10-27 6:43:18]Process 14348 termed with signal 14(SIGALRM)
PT_F37-2_bit_flip-100 Test Num : 28
Inject into ../bin/hello
----- Type : 2_bit_flip Pos : PT_F37 -----
There are 1 faults will be injected in faulttable...
100077 microseconds
Fault on PT_F37(0Xfffffffffffffdfc -> 0Xffbffffffffffdec)
3000105 microseconds
timeout
[ 2016-10-27 6:43:21]Process 14350 termed with signal 14(SIGALRM)
PT_F37-2_bit_flip-100 Test Num : 29
Inject into ../bin/hello
----- Type : 2_bit_flip Pos : PT_F37 -----
There are 1 faults will be injected in faulttable...
101112 microseconds
Fault on PT_F37(0Xfffffffffffffdfc -> 0Xffffffffffff7d7c)
3000150 microseconds
timeout
[ 2016-10-27 6:43:24]Process 14352 termed with signal 14(SIGALRM)
PT_F37-2_bit_flip-100 Test Num : 30
Inject into ../bin/hello
----- Type : 2_bit_flip Pos : PT_F37 -----
There are 1 faults will be injected in faulttable...
100884 microseconds
Fault on PT_F37(0Xfffffffffffffdfc -> 0Xfffffffdfffffd7c)
3000090 microseconds
timeout
[ 2016-10-27 6:43:27]Process 14354 termed with signal 14(SIGALRM)
PT_F37-2_bit_flip-100 Test Num : 31
Inject into ../bin/hello
----- Type : 2_bit_flip Pos : PT_F37 -----
There are 1 faults will be injected in faulttable...
101006 microseconds
Fault on PT_F37(0Xfffffffffffffdfc -> 0Xffffbffffffffdfe)
3000111 microseconds
timeout
[ 2016-10-27 6:43:31]Process 14356 termed with signal 14(SIGALRM)
PT_F37-2_bit_flip-100 Test Num : 32
Inject into ../bin/hello
----- Type : 2_bit_flip Pos : PT_F37 -----
There are 1 faults will be injected in faulttable...
100980 microseconds
Fault on PT_F37(0Xfffffffffffffdfc -> 0Xff7fffffffffedfc)
3000080 microseconds
timeout
[ 2016-10-27 6:43:34]Process 14358 termed with signal 14(SIGALRM)
PT_F37-2_bit_flip-100 Test Num : 33
Inject into ../bin/hello
----- Type : 2_bit_flip Pos : PT_F37 -----
There are 1 faults will be injected in faulttable...
101001 microseconds
Fault on PT_F37(0Xfffffffffffffdfc -> 0Xffdffffefffffdfc)
3000107 microseconds
timeout
[ 2016-10-27 6:43:37]Process 14360 termed with signal 14(SIGALRM)
PT_F37-2_bit_flip-100 Test Num : 34
Inject into ../bin/hello
----- Type : 2_bit_flip Pos : PT_F37 -----
There are 1 faults will be injected in faulttable...
101141 microseconds
Fault on PT_F37(0Xfffffffffffffdfc -> 0Xfbffdffffffffdfc)
3000107 microseconds
timeout
[ 2016-10-27 6:43:40]Process 14362 termed with signal 14(SIGALRM)
PT_F37-2_bit_flip-100 Test Num : 35
Inject into ../bin/hello
----- Type : 2_bit_flip Pos : PT_F37 -----
There are 1 faults will be injected in faulttable...
100906 microseconds
Fault on PT_F37(0Xfffffffffffffdfc -> 0Xffffffff7dfffdfc)
3000124 microseconds
timeout
[ 2016-10-27 6:43:43]Process 14364 termed with signal 14(SIGALRM)
PT_F37-2_bit_flip-100 Test Num : 36
Inject into ../bin/hello
----- Type : 2_bit_flip Pos : PT_F37 -----
There are 1 faults will be injected in faulttable...
101448 microseconds
Fault on PT_F37(0Xfffffffffffffdfc -> 0Xffffff7ffffffffc)
3000078 microseconds
timeout
[ 2016-10-27 6:43:46]Process 14366 termed with signal 14(SIGALRM)
PT_F37-2_bit_flip-100 Test Num : 37
Inject into ../bin/hello
----- Type : 2_bit_flip Pos : PT_F37 -----
There are 1 faults will be injected in faulttable...
100071 microseconds
Fault on PT_F37(0Xfffffffffffffdfc -> 0Xfdfdfffffffffdfc)
3000125 microseconds
timeout
[ 2016-10-27 6:43:49]Process 14368 termed with signal 14(SIGALRM)
PT_F37-2_bit_flip-100 Test Num : 38
Inject into ../bin/hello
----- Type : 2_bit_flip Pos : PT_F37 -----
There are 1 faults will be injected in faulttable...
101020 microseconds
Fault on PT_F37(0Xfffffffffffffdfc -> 0Xfefffffefffffdfc)
3000128 microseconds
timeout
[ 2016-10-27 6:43:52]Process 14370 termed with signal 14(SIGALRM)
PT_F37-2_bit_flip-100 Test Num : 39
Inject into ../bin/hello
----- Type : 2_bit_flip Pos : PT_F37 -----
There are 1 faults will be injected in faulttable...
100969 microseconds
Fault on PT_F37(0Xfffffffffffffdfc -> 0Xfffffbfffff7fdfc)
3000110 microseconds
timeout
[ 2016-10-27 6:43:55]Process 14372 termed with signal 14(SIGALRM)
PT_F37-2_bit_flip-100 Test Num : 40
Inject into ../bin/hello
----- Type : 2_bit_flip Pos : PT_F37 -----
There are 1 faults will be injected in faulttable...
101157 microseconds
Fault on PT_F37(0Xfffffffffffffdfc -> 0Xfff7fffffff7fdfc)
3000119 microseconds
timeout
[ 2016-10-27 6:43:59]Process 14374 termed with signal 14(SIGALRM)
PT_F37-2_bit_flip-100 Test Num : 41
Inject into ../bin/hello
----- Type : 2_bit_flip Pos : PT_F37 -----
There are 1 faults will be injected in faulttable...
100937 microseconds
Fault on PT_F37(0Xfffffffffffffdfc -> 0Xfffffffffffff5f8)
3000087 microseconds
timeout
[  2016-10-27 6:44:2]Process 14376 termed with signal 14(SIGALRM)
PT_F37-2_bit_flip-100 Test Num : 42
Inject into ../bin/hello
----- Type : 2_bit_flip Pos : PT_F37 -----
There are 1 faults will be injected in faulttable...
100113 microseconds
Fault on PT_F37(0Xfffffffffffffdfc -> 0Xeffff7fffffffdfc)
3000124 microseconds
timeout
[  2016-10-27 6:44:5]Process 14378 termed with signal 14(SIGALRM)
PT_F37-2_bit_flip-100 Test Num : 43
Inject into ../bin/hello
----- Type : 2_bit_flip Pos : PT_F37 -----
There are 1 faults will be injected in faulttable...
101434 microseconds
Fault on PT_F37(0Xfffffffffffffdfc -> 0Xfffffffff7effdfc)
3000071 microseconds
timeout
[  2016-10-27 6:44:8]Process 14380 termed with signal 14(SIGALRM)
PT_F37-2_bit_flip-100 Test Num : 44
Inject into ../bin/hello
----- Type : 2_bit_flip Pos : PT_F37 -----
There are 1 faults will be injected in faulttable...
100919 microseconds
Fault on PT_F37(0Xfffffffffffffdfc -> 0Xebfffffffffffdfc)
3000073 microseconds
timeout
[ 2016-10-27 6:44:11]Process 14382 termed with signal 14(SIGALRM)
PT_F37-2_bit_flip-100 Test Num : 45
Inject into ../bin/hello
----- Type : 2_bit_flip Pos : PT_F37 -----
There are 1 faults will be injected in faulttable...
100992 microseconds
Fault on PT_F37(0Xfffffffffffffdfc -> 0Xfffffff7fffffdf4)
3000090 microseconds
timeout
[ 2016-10-27 6:44:14]Process 14384 termed with signal 14(SIGALRM)
PT_F37-2_bit_flip-100 Test Num : 46
Inject into ../bin/hello
----- Type : 2_bit_flip Pos : PT_F37 -----
There are 1 faults will be injected in faulttable...
101022 microseconds
Fault on PT_F37(0Xfffffffffffffdfc -> 0Xbffffffffdfffdfc)
3000298 microseconds
timeout
[ 2016-10-27 6:44:17]Process 14386 termed with signal 14(SIGALRM)
PT_F37-2_bit_flip-100 Test Num : 47
Inject into ../bin/hello
----- Type : 2_bit_flip Pos : PT_F37 -----
There are 1 faults will be injected in faulttable...
101101 microseconds
Fault on PT_F37(0Xfffffffffffffdfc -> 0Xfffffff7ffdffdfc)
3000160 microseconds
timeout
[ 2016-10-27 6:44:20]Process 14388 termed with signal 14(SIGALRM)
PT_F37-2_bit_flip-100 Test Num : 48
Inject into ../bin/hello
----- Type : 2_bit_flip Pos : PT_F37 -----
There are 1 faults will be injected in faulttable...
101258 microseconds
Fault on PT_F37(0Xfffffffffffffdfc -> 0Xfffffff7ffffedfc)
3000113 microseconds
timeout
[ 2016-10-27 6:44:23]Process 14390 termed with signal 14(SIGALRM)
PT_F37-2_bit_flip-100 Test Num : 49
Inject into ../bin/hello
----- Type : 2_bit_flip Pos : PT_F37 -----
There are 1 faults will be injected in faulttable...
101094 microseconds
Fault on PT_F37(0Xfffffffffffffdfc -> 0Xffff7feffffffdfc)
3000089 microseconds
timeout
[ 2016-10-27 6:44:27]Process 14392 termed with signal 14(SIGALRM)
PT_F37-2_bit_flip-100 Test Num : 50
Inject into ../bin/hello
----- Type : 2_bit_flip Pos : PT_F37 -----
There are 1 faults will be injected in faulttable...
101024 microseconds
Fault on PT_F37(0Xfffffffffffffdfc -> 0Xffdffffffffefdfc)
3000108 microseconds
timeout
[ 2016-10-27 6:44:30]Process 14394 termed with signal 14(SIGALRM)
PT_F37-2_bit_flip-100 Test Num : 51
Inject into ../bin/hello
----- Type : 2_bit_flip Pos : PT_F37 -----
There are 1 faults will be injected in faulttable...
101093 microseconds
Fault on PT_F37(0Xfffffffffffffdfc -> 0Xffffffffffffffbc)
3000125 microseconds
timeout
[ 2016-10-27 6:44:33]Process 14396 termed with signal 14(SIGALRM)
PT_F37-2_bit_flip-100 Test Num : 52
Inject into ../bin/hello
----- Type : 2_bit_flip Pos : PT_F37 -----
There are 1 faults will be injected in faulttable...
101097 microseconds
Fault on PT_F37(0Xfffffffffffffdfc -> 0Xfffffffffffffcf4)
3000125 microseconds
timeout
[ 2016-10-27 6:44:36]Process 14398 termed with signal 14(SIGALRM)
PT_F37-2_bit_flip-100 Test Num : 53
Inject into ../bin/hello
----- Type : 2_bit_flip Pos : PT_F37 -----
There are 1 faults will be injected in faulttable...
100077 microseconds
Fault on PT_F37(0Xfffffffffffffdfc -> 0Xfefefffffffffdfc)
3000055 microseconds
timeout
[ 2016-10-27 6:44:39]Process 14400 termed with signal 14(SIGALRM)
PT_F37-2_bit_flip-100 Test Num : 54
Inject into ../bin/hello
----- Type : 2_bit_flip Pos : PT_F37 -----
There are 1 faults will be injected in faulttable...
100907 microseconds
Fault on PT_F37(0Xfffffffffffffdfc -> 0Xffbffffffffffd7c)
3000098 microseconds
timeout
[ 2016-10-27 6:44:42]Process 14402 termed with signal 14(SIGALRM)
PT_F37-2_bit_flip-100 Test Num : 55
Inject into ../bin/hello
----- Type : 2_bit_flip Pos : PT_F37 -----
There are 1 faults will be injected in faulttable...
100112 microseconds
Fault on PT_F37(0Xfffffffffffffdfc -> 0X7fffffff7ffffdfc)
3000061 microseconds
timeout
[ 2016-10-27 6:44:45]Process 14404 termed with signal 14(SIGALRM)
PT_F37-2_bit_flip-100 Test Num : 56
Inject into ../bin/hello
----- Type : 2_bit_flip Pos : PT_F37 -----
There are 1 faults will be injected in faulttable...
101124 microseconds
Fault on PT_F37(0Xfffffffffffffdfc -> 0Xffffffffffffb9fc)
3000100 microseconds
timeout
[ 2016-10-27 6:44:48]Process 14406 termed with signal 14(SIGALRM)
PT_F37-2_bit_flip-100 Test Num : 57
Inject into ../bin/hello
----- Type : 2_bit_flip Pos : PT_F37 -----
There are 1 faults will be injected in faulttable...
101050 microseconds
Fault on PT_F37(0Xfffffffffffffdfc -> 0Xfff7effffffffdfc)
3000091 microseconds
timeout
[ 2016-10-27 6:44:51]Process 14408 termed with signal 14(SIGALRM)
PT_F37-2_bit_flip-100 Test Num : 58
Inject into ../bin/hello
----- Type : 2_bit_flip Pos : PT_F37 -----
There are 1 faults will be injected in faulttable...
100083 microseconds
Fault on PT_F37(0Xfffffffffffffdfc -> 0Xfffffffdfff7fdfc)
3000083 microseconds
timeout
[ 2016-10-27 6:44:55]Process 14410 termed with signal 14(SIGALRM)
PT_F37-2_bit_flip-100 Test Num : 59
Inject into ../bin/hello
----- Type : 2_bit_flip Pos : PT_F37 -----
There are 1 faults will be injected in faulttable...
100066 microseconds
Fault on PT_F37(0Xfffffffffffffdfc -> 0Xffffffeff7fffdfc)
3000055 microseconds
timeout
[ 2016-10-27 6:44:58]Process 14412 termed with signal 14(SIGALRM)
PT_F37-2_bit_flip-100 Test Num : 60
Inject into ../bin/hello
----- Type : 2_bit_flip Pos : PT_F37 -----
There are 1 faults will be injected in faulttable...
101037 microseconds
Fault on PT_F37(0Xfffffffffffffdfc -> 0Xffffffffffffbdfe)
3000100 microseconds
timeout
[  2016-10-27 6:45:1]Process 14414 termed with signal 14(SIGALRM)
PT_F37-2_bit_flip-100 Test Num : 61
Inject into ../bin/hello
----- Type : 2_bit_flip Pos : PT_F37 -----
There are 1 faults will be injected in faulttable...
100953 microseconds
Fault on PT_F37(0Xfffffffffffffdfc -> 0Xffff7ffffffff5fc)
3000080 microseconds
timeout
[  2016-10-27 6:45:4]Process 14416 termed with signal 14(SIGALRM)
PT_F37-2_bit_flip-100 Test Num : 62
Inject into ../bin/hello
----- Type : 2_bit_flip Pos : PT_F37 -----
There are 1 faults will be injected in faulttable...
101340 microseconds
Fault on PT_F37(0Xfffffffffffffdfc -> 0Xff7bfffffffffdfc)
3000087 microseconds
timeout
[  2016-10-27 6:45:7]Process 14418 termed with signal 14(SIGALRM)
PT_F37-2_bit_flip-100 Test Num : 63
Inject into ../bin/hello
----- Type : 2_bit_flip Pos : PT_F37 -----
There are 1 faults will be injected in faulttable...
101073 microseconds
Fault on PT_F37(0Xfffffffffffffdfc -> 0Xfffffffffffefdfe)
3000112 microseconds
timeout
[ 2016-10-27 6:45:10]Process 14420 termed with signal 14(SIGALRM)
PT_F37-2_bit_flip-100 Test Num : 64
Inject into ../bin/hello
----- Type : 2_bit_flip Pos : PT_F37 -----
There are 1 faults will be injected in faulttable...
101077 microseconds
Fault on PT_F37(0Xfffffffffffffdfc -> 0Xfffffff9fffffdfc)
3000079 microseconds
timeout
[ 2016-10-27 6:45:13]Process 14422 termed with signal 14(SIGALRM)
PT_F37-2_bit_flip-100 Test Num : 65
Inject into ../bin/hello
----- Type : 2_bit_flip Pos : PT_F37 -----
There are 1 faults will be injected in faulttable...
100966 microseconds
Fault on PT_F37(0Xfffffffffffffdfc -> 0Xdffffffffdfffdfc)
3000097 microseconds
timeout
[ 2016-10-27 6:45:16]Process 14424 termed with signal 14(SIGALRM)
PT_F37-2_bit_flip-100 Test Num : 66
Inject into ../bin/hello
----- Type : 2_bit_flip Pos : PT_F37 -----
There are 1 faults will be injected in faulttable...
101073 microseconds
Fault on PT_F37(0Xfffffffffffffdfc -> 0Xfdffffffffffedfc)
3000105 microseconds
timeout
[ 2016-10-27 6:45:19]Process 14426 termed with signal 14(SIGALRM)
PT_F37-2_bit_flip-100 Test Num : 67
Inject into ../bin/hello
----- Type : 2_bit_flip Pos : PT_F37 -----
There are 1 faults will be injected in faulttable...
100090 microseconds
Fault on PT_F37(0Xfffffffffffffdfc -> 0Xffff7ffffffffdbc)
3000127 microseconds
timeout
[ 2016-10-27 6:45:23]Process 14428 termed with signal 14(SIGALRM)
PT_F37-2_bit_flip-100 Test Num : 68
Inject into ../bin/hello
----- Type : 2_bit_flip Pos : PT_F37 -----
There are 1 faults will be injected in faulttable...
101046 microseconds
Fault on PT_F37(0Xfffffffffffffdfc -> 0Xfffffffffffffdfc)
3000088 microseconds
timeout
[ 2016-10-27 6:45:26]Process 14431 termed with signal 14(SIGALRM)
PT_F37-2_bit_flip-100 Test Num : 69
Inject into ../bin/hello
----- Type : 2_bit_flip Pos : PT_F37 -----
There are 1 faults will be injected in faulttable...
100998 microseconds
Fault on PT_F37(0Xfffffffffffffdfc -> 0X7ffffdfffffffdfc)
3000135 microseconds
timeout
[ 2016-10-27 6:45:29]Process 14433 termed with signal 14(SIGALRM)
PT_F37-2_bit_flip-100 Test Num : 70
Inject into ../bin/hello
----- Type : 2_bit_flip Pos : PT_F37 -----
There are 1 faults will be injected in faulttable...
100943 microseconds
Fault on PT_F37(0Xfffffffffffffdfc -> 0X7ffffffffffefdfc)
3000086 microseconds
timeout
[ 2016-10-27 6:45:32]Process 14435 termed with signal 14(SIGALRM)
PT_F37-2_bit_flip-100 Test Num : 71
Inject into ../bin/hello
----- Type : 2_bit_flip Pos : PT_F37 -----
There are 1 faults will be injected in faulttable...
100933 microseconds
Fault on PT_F37(0Xfffffffffffffdfc -> 0Xeffffffffffffd7c)
3000095 microseconds
timeout
[ 2016-10-27 6:45:35]Process 14437 termed with signal 14(SIGALRM)
PT_F37-2_bit_flip-100 Test Num : 72
Inject into ../bin/hello
----- Type : 2_bit_flip Pos : PT_F37 -----
There are 1 faults will be injected in faulttable...
101096 microseconds
Fault on PT_F37(0Xfffffffffffffdfc -> 0Xffffffffffdff9fc)
3000109 microseconds
timeout
[ 2016-10-27 6:45:38]Process 14439 termed with signal 14(SIGALRM)
PT_F37-2_bit_flip-100 Test Num : 73
Inject into ../bin/hello
----- Type : 2_bit_flip Pos : PT_F37 -----
There are 1 faults will be injected in faulttable...
101120 microseconds
Fault on PT_F37(0Xfffffffffffffdfc -> 0Xffffbffffffffdf8)
3000060 microseconds
timeout
[ 2016-10-27 6:45:41]Process 14441 termed with signal 14(SIGALRM)
PT_F37-2_bit_flip-100 Test Num : 74
Inject into ../bin/hello
----- Type : 2_bit_flip Pos : PT_F37 -----
There are 1 faults will be injected in faulttable...
101033 microseconds
Fault on PT_F37(0Xfffffffffffffdfc -> 0Xfdffffff7ffffdfc)
3000107 microseconds
timeout
[ 2016-10-27 6:45:44]Process 14443 termed with signal 14(SIGALRM)
PT_F37-2_bit_flip-100 Test Num : 75
Inject into ../bin/hello
----- Type : 2_bit_flip Pos : PT_F37 -----
There are 1 faults will be injected in faulttable...
100923 microseconds
Fault on PT_F37(0Xfffffffffffffdfc -> 0Xfffffffffffffcdc)
3000073 microseconds
timeout
[ 2016-10-27 6:45:47]Process 14445 termed with signal 14(SIGALRM)
PT_F37-2_bit_flip-100 Test Num : 76
Inject into ../bin/hello
----- Type : 2_bit_flip Pos : PT_F37 -----
There are 1 faults will be injected in faulttable...
101188 microseconds
Fault on PT_F37(0Xfffffffffffffdfc -> 0Xffffffffff7ffcfc)
3000068 microseconds
timeout
[ 2016-10-27 6:45:51]Process 14447 termed with signal 14(SIGALRM)
PT_F37-2_bit_flip-100 Test Num : 77
Inject into ../bin/hello
----- Type : 2_bit_flip Pos : PT_F37 -----
There are 1 faults will be injected in faulttable...
100955 microseconds
Fault on PT_F37(0Xfffffffffffffdfc -> 0Xfffffffbffeffdfc)
3000071 microseconds
timeout
[ 2016-10-27 6:45:54]Process 14449 termed with signal 14(SIGALRM)
PT_F37-2_bit_flip-100 Test Num : 78
Inject into ../bin/hello
----- Type : 2_bit_flip Pos : PT_F37 -----
There are 1 faults will be injected in faulttable...
100933 microseconds
Fault on PT_F37(0Xfffffffffffffdfc -> 0Xfff7ffffffbffdfc)
3000116 microseconds
timeout
[ 2016-10-27 6:45:57]Process 14451 termed with signal 14(SIGALRM)
PT_F37-2_bit_flip-100 Test Num : 79
Inject into ../bin/hello
----- Type : 2_bit_flip Pos : PT_F37 -----
There are 1 faults will be injected in faulttable...
101125 microseconds
Fault on PT_F37(0Xfffffffffffffdfc -> 0Xfffbffffffffedfc)
3000085 microseconds
timeout
[  2016-10-27 6:46:0]Process 14453 termed with signal 14(SIGALRM)
PT_F37-2_bit_flip-100 Test Num : 80
Inject into ../bin/hello
----- Type : 2_bit_flip Pos : PT_F37 -----
There are 1 faults will be injected in faulttable...
101020 microseconds
Fault on PT_F37(0Xfffffffffffffdfc -> 0Xfffffffdeffffdfc)
3000083 microseconds
timeout
[  2016-10-27 6:46:3]Process 14455 termed with signal 14(SIGALRM)
PT_F37-2_bit_flip-100 Test Num : 81
Inject into ../bin/hello
----- Type : 2_bit_flip Pos : PT_F37 -----
There are 1 faults will be injected in faulttable...
100947 microseconds
Fault on PT_F37(0Xfffffffffffffdfc -> 0Xfdfffffffffffdbc)
3000104 microseconds
timeout
[  2016-10-27 6:46:6]Process 14457 termed with signal 14(SIGALRM)
PT_F37-2_bit_flip-100 Test Num : 82
Inject into ../bin/hello
----- Type : 2_bit_flip Pos : PT_F37 -----
There are 1 faults will be injected in faulttable...
101002 microseconds
Fault on PT_F37(0Xfffffffffffffdfc -> 0Xfff7ffffdffffdfc)
3000081 microseconds
timeout
[  2016-10-27 6:46:9]Process 14459 termed with signal 14(SIGALRM)
PT_F37-2_bit_flip-100 Test Num : 83
Inject into ../bin/hello
----- Type : 2_bit_flip Pos : PT_F37 -----
There are 1 faults will be injected in faulttable...
100960 microseconds
Fault on PT_F37(0Xfffffffffffffdfc -> 0Xefffbffffffffdfc)
3000094 microseconds
timeout
[ 2016-10-27 6:46:12]Process 14461 termed with signal 14(SIGALRM)
PT_F37-2_bit_flip-100 Test Num : 84
Inject into ../bin/hello
----- Type : 2_bit_flip Pos : PT_F37 -----
There are 1 faults will be injected in faulttable...
100075 microseconds
Fault on PT_F37(0Xfffffffffffffdfc -> 0Xfffffffffffffdfc)
3000068 microseconds
timeout
[ 2016-10-27 6:46:15]Process 14463 termed with signal 14(SIGALRM)
PT_F37-2_bit_flip-100 Test Num : 85
Inject into ../bin/hello
----- Type : 2_bit_flip Pos : PT_F37 -----
There are 1 faults will be injected in faulttable...
100087 microseconds
Fault on PT_F37(0Xfffffffffffffdfc -> 0Xffdfffff7ffffdfc)
3000113 microseconds
timeout
[ 2016-10-27 6:46:19]Process 14465 termed with signal 14(SIGALRM)
PT_F37-2_bit_flip-100 Test Num : 86
Inject into ../bin/hello
----- Type : 2_bit_flip Pos : PT_F37 -----
There are 1 faults will be injected in faulttable...
100089 microseconds
Fault on PT_F37(0Xfffffffffffffdfc -> 0Xfffffffffffbfdbc)
3000073 microseconds
timeout
[ 2016-10-27 6:46:22]Process 14467 termed with signal 14(SIGALRM)
PT_F37-2_bit_flip-100 Test Num : 87
Inject into ../bin/hello
----- Type : 2_bit_flip Pos : PT_F37 -----
There are 1 faults will be injected in faulttable...
101047 microseconds
Fault on PT_F37(0Xfffffffffffffdfc -> 0Xffbfffffffffbdfc)
3000144 microseconds
timeout
[ 2016-10-27 6:46:25]Process 14469 termed with signal 14(SIGALRM)
PT_F37-2_bit_flip-100 Test Num : 88
Inject into ../bin/hello
----- Type : 2_bit_flip Pos : PT_F37 -----
There are 1 faults will be injected in faulttable...
101412 microseconds
Fault on PT_F37(0Xfffffffffffffdfc -> 0Xffffbffffbfffdfc)
3000068 microseconds
timeout
[ 2016-10-27 6:46:28]Process 14471 termed with signal 14(SIGALRM)
PT_F37-2_bit_flip-100 Test Num : 89
Inject into ../bin/hello
----- Type : 2_bit_flip Pos : PT_F37 -----
There are 1 faults will be injected in faulttable...
101272 microseconds
Fault on PT_F37(0Xfffffffffffffdfc -> 0Xfbfffffbfffffdfc)
3000149 microseconds
timeout
[ 2016-10-27 6:46:31]Process 14473 termed with signal 14(SIGALRM)
PT_F37-2_bit_flip-100 Test Num : 90
Inject into ../bin/hello
----- Type : 2_bit_flip Pos : PT_F37 -----
There are 1 faults will be injected in faulttable...
101480 microseconds
Fault on PT_F37(0Xfffffffffffffdfc -> 0Xfffffff7fffffdf4)
3000157 microseconds
timeout
[ 2016-10-27 6:46:34]Process 14475 termed with signal 14(SIGALRM)
PT_F37-2_bit_flip-100 Test Num : 91
Inject into ../bin/hello
----- Type : 2_bit_flip Pos : PT_F37 -----
There are 1 faults will be injected in faulttable...
101415 microseconds
Fault on PT_F37(0Xfffffffffffffdfc -> 0Xfffffffffefffdf4)
3000059 microseconds
timeout
[ 2016-10-27 6:46:37]Process 14477 termed with signal 14(SIGALRM)
PT_F37-2_bit_flip-100 Test Num : 92
Inject into ../bin/hello
----- Type : 2_bit_flip Pos : PT_F37 -----
There are 1 faults will be injected in faulttable...
101062 microseconds
Fault on PT_F37(0Xfffffffffffffdfc -> 0Xfffffffffffff9fe)
3000167 microseconds
timeout
[ 2016-10-27 6:46:40]Process 14479 termed with signal 14(SIGALRM)
PT_F37-2_bit_flip-100 Test Num : 93
Inject into ../bin/hello
----- Type : 2_bit_flip Pos : PT_F37 -----
There are 1 faults will be injected in faulttable...
101104 microseconds
Fault on PT_F37(0Xfffffffffffffdfc -> 0Xfeeffffffffffdfc)
3000060 microseconds
timeout
[ 2016-10-27 6:46:43]Process 14481 termed with signal 14(SIGALRM)
PT_F37-2_bit_flip-100 Test Num : 94
Inject into ../bin/hello
----- Type : 2_bit_flip Pos : PT_F37 -----
There are 1 faults will be injected in faulttable...
100993 microseconds
Fault on PT_F37(0Xfffffffffffffdfc -> 0Xfbfffffffffff5fc)
3000088 microseconds
timeout
[ 2016-10-27 6:46:47]Process 14483 termed with signal 14(SIGALRM)
PT_F37-2_bit_flip-100 Test Num : 95
Inject into ../bin/hello
----- Type : 2_bit_flip Pos : PT_F37 -----
There are 1 faults will be injected in faulttable...
100985 microseconds
Fault on PT_F37(0Xfffffffffffffdfc -> 0Xffff7feffffffdfc)
3000106 microseconds
timeout
[ 2016-10-27 6:46:50]Process 14485 termed with signal 14(SIGALRM)
PT_F37-2_bit_flip-100 Test Num : 96
Inject into ../bin/hello
----- Type : 2_bit_flip Pos : PT_F37 -----
There are 1 faults will be injected in faulttable...
101340 microseconds
Fault on PT_F37(0Xfffffffffffffdfc -> 0Xfffffffffffffd7d)
3000086 microseconds
timeout
[ 2016-10-27 6:46:53]Process 14487 termed with signal 14(SIGALRM)
PT_F37-2_bit_flip-100 Test Num : 97
Inject into ../bin/hello
----- Type : 2_bit_flip Pos : PT_F37 -----
There are 1 faults will be injected in faulttable...
101250 microseconds
Fault on PT_F37(0Xfffffffffffffdfc -> 0Xfffffff7fffffdfe)
3000165 microseconds
timeout
[ 2016-10-27 6:46:56]Process 14489 termed with signal 14(SIGALRM)
PT_F37-2_bit_flip-100 Test Num : 98
Inject into ../bin/hello
----- Type : 2_bit_flip Pos : PT_F37 -----
There are 1 faults will be injected in faulttable...
100980 microseconds
Fault on PT_F37(0Xfffffffffffffdfc -> 0Xff7ffffffffffddc)
3000086 microseconds
timeout
[ 2016-10-27 6:46:59]Process 14491 termed with signal 14(SIGALRM)
PT_F37-2_bit_flip-100 Test Num : 99
Inject into ../bin/hello
----- Type : 2_bit_flip Pos : PT_F37 -----
There are 1 faults will be injected in faulttable...
100074 microseconds
Fault on PT_F37(0Xfffffffffffffdfc -> 0Xfffffeffffffbdfc)
3000061 microseconds
timeout
[  2016-10-27 6:47:2]Process 14493 termed with signal 14(SIGALRM)
PT_F37-2_bit_flip-100 Test Num : 100
Inject into ../bin/hello
----- Type : 2_bit_flip Pos : PT_F37 -----
There are 1 faults will be injected in faulttable...
101448 microseconds
Fault on PT_F37(0Xfffffffffffffdfc -> 0Xfffffffbfffffd7c)
3000063 microseconds
timeout
[  2016-10-27 6:47:5]Process 14495 termed with signal 14(SIGALRM)
