PT_F37-8_low_0-100 Test Num : 1
Inject into ../bin/hello
----- Type : 8_low_0 Pos : PT_F37 -----
There are 1 faults will be injected in faulttable...
101069 microseconds
Fault on PT_F37(0Xfffffffffffffdfc -> 0Xfffffffffffffd00)
3000085 microseconds
timeout
[  2016-10-27 7:13:5]Process 15527 termed with signal 14(SIGALRM)
PT_F37-8_low_0-100 Test Num : 2
Inject into ../bin/hello
----- Type : 8_low_0 Pos : PT_F37 -----
There are 1 faults will be injected in faulttable...
101197 microseconds
Fault on PT_F37(0Xfffffffffffffdfc -> 0Xfffffffffffffd00)
3000074 microseconds
timeout
[  2016-10-27 7:13:8]Process 15529 termed with signal 14(SIGALRM)
PT_F37-8_low_0-100 Test Num : 3
Inject into ../bin/hello
----- Type : 8_low_0 Pos : PT_F37 -----
There are 1 faults will be injected in faulttable...
101013 microseconds
Fault on PT_F37(0Xfffffffffffffdfc -> 0Xfffffffffffffd00)
3000118 microseconds
timeout
[ 2016-10-27 7:13:11]Process 15531 termed with signal 14(SIGALRM)
PT_F37-8_low_0-100 Test Num : 4
Inject into ../bin/hello
----- Type : 8_low_0 Pos : PT_F37 -----
There are 1 faults will be injected in faulttable...
101105 microseconds
Fault on PT_F37(0Xfffffffffffffdfc -> 0Xfffffffffffffd00)
3000096 microseconds
timeout
[ 2016-10-27 7:13:14]Process 15533 termed with signal 14(SIGALRM)
PT_F37-8_low_0-100 Test Num : 5
Inject into ../bin/hello
----- Type : 8_low_0 Pos : PT_F37 -----
There are 1 faults will be injected in faulttable...
100898 microseconds
Fault on PT_F37(0Xfffffffffffffdfc -> 0Xfffffffffffffd00)
3000086 microseconds
timeout
[ 2016-10-27 7:13:17]Process 15535 termed with signal 14(SIGALRM)
PT_F37-8_low_0-100 Test Num : 6
Inject into ../bin/hello
----- Type : 8_low_0 Pos : PT_F37 -----
There are 1 faults will be injected in faulttable...
100075 microseconds
Fault on PT_F37(0Xfffffffffffffdfc -> 0Xfffffffffffffd00)
3000193 microseconds
timeout
[ 2016-10-27 7:13:20]Process 15537 termed with signal 14(SIGALRM)
PT_F37-8_low_0-100 Test Num : 7
Inject into ../bin/hello
----- Type : 8_low_0 Pos : PT_F37 -----
There are 1 faults will be injected in faulttable...
101025 microseconds
Fault on PT_F37(0Xfffffffffffffdfc -> 0Xfffffffffffffd00)
3000083 microseconds
timeout
[ 2016-10-27 7:13:23]Process 15539 termed with signal 14(SIGALRM)
PT_F37-8_low_0-100 Test Num : 8
Inject into ../bin/hello
----- Type : 8_low_0 Pos : PT_F37 -----
There are 1 faults will be injected in faulttable...
101181 microseconds
Fault on PT_F37(0Xfffffffffffffdfc -> 0Xfffffffffffffd00)
3000381 microseconds
timeout
[ 2016-10-27 7:13:27]Process 15541 termed with signal 14(SIGALRM)
PT_F37-8_low_0-100 Test Num : 9
Inject into ../bin/hello
----- Type : 8_low_0 Pos : PT_F37 -----
There are 1 faults will be injected in faulttable...
101046 microseconds
Fault on PT_F37(0Xfffffffffffffdfc -> 0Xfffffffffffffd00)
3000121 microseconds
timeout
[ 2016-10-27 7:13:30]Process 15543 termed with signal 14(SIGALRM)
PT_F37-8_low_0-100 Test Num : 10
Inject into ../bin/hello
----- Type : 8_low_0 Pos : PT_F37 -----
There are 1 faults will be injected in faulttable...
101029 microseconds
Fault on PT_F37(0Xfffffffffffffdfc -> 0Xfffffffffffffd00)
3000112 microseconds
timeout
[ 2016-10-27 7:13:33]Process 15545 termed with signal 14(SIGALRM)
PT_F37-8_low_0-100 Test Num : 11
Inject into ../bin/hello
----- Type : 8_low_0 Pos : PT_F37 -----
There are 1 faults will be injected in faulttable...
100070 microseconds
Fault on PT_F37(0Xfffffffffffffdfc -> 0Xfffffffffffffd00)
3000065 microseconds
timeout
[ 2016-10-27 7:13:36]Process 15547 termed with signal 14(SIGALRM)
PT_F37-8_low_0-100 Test Num : 12
Inject into ../bin/hello
----- Type : 8_low_0 Pos : PT_F37 -----
There are 1 faults will be injected in faulttable...
101082 microseconds
Fault on PT_F37(0Xfffffffffffffdfc -> 0Xfffffffffffffd00)
3000086 microseconds
timeout
[ 2016-10-27 7:13:39]Process 15549 termed with signal 14(SIGALRM)
PT_F37-8_low_0-100 Test Num : 13
Inject into ../bin/hello
----- Type : 8_low_0 Pos : PT_F37 -----
There are 1 faults will be injected in faulttable...
100072 microseconds
Fault on PT_F37(0Xfffffffffffffdfc -> 0Xfffffffffffffd00)
3000085 microseconds
timeout
[ 2016-10-27 7:13:42]Process 15551 termed with signal 14(SIGALRM)
PT_F37-8_low_0-100 Test Num : 14
Inject into ../bin/hello
----- Type : 8_low_0 Pos : PT_F37 -----
There are 1 faults will be injected in faulttable...
100917 microseconds
Fault on PT_F37(0Xfffffffffffffdfc -> 0Xfffffffffffffd00)
3000079 microseconds
timeout
[ 2016-10-27 7:13:45]Process 15553 termed with signal 14(SIGALRM)
PT_F37-8_low_0-100 Test Num : 15
Inject into ../bin/hello
----- Type : 8_low_0 Pos : PT_F37 -----
There are 1 faults will be injected in faulttable...
100126 microseconds
Fault on PT_F37(0Xfffffffffffffdfc -> 0Xfffffffffffffd00)
3000072 microseconds
timeout
[ 2016-10-27 7:13:48]Process 15555 termed with signal 14(SIGALRM)
PT_F37-8_low_0-100 Test Num : 16
Inject into ../bin/hello
----- Type : 8_low_0 Pos : PT_F37 -----
There are 1 faults will be injected in faulttable...
101001 microseconds
Fault on PT_F37(0Xfffffffffffffdfc -> 0Xfffffffffffffd00)
3000094 microseconds
timeout
[ 2016-10-27 7:13:51]Process 15557 termed with signal 14(SIGALRM)
PT_F37-8_low_0-100 Test Num : 17
Inject into ../bin/hello
----- Type : 8_low_0 Pos : PT_F37 -----
There are 1 faults will be injected in faulttable...
101364 microseconds
Fault on PT_F37(0Xfffffffffffffdfc -> 0Xfffffffffffffd00)
3000271 microseconds
timeout
[ 2016-10-27 7:13:55]Process 15559 termed with signal 14(SIGALRM)
PT_F37-8_low_0-100 Test Num : 18
Inject into ../bin/hello
----- Type : 8_low_0 Pos : PT_F37 -----
There are 1 faults will be injected in faulttable...
100967 microseconds
Fault on PT_F37(0Xfffffffffffffdfc -> 0Xfffffffffffffd00)
3000081 microseconds
timeout
[ 2016-10-27 7:13:58]Process 15561 termed with signal 14(SIGALRM)
PT_F37-8_low_0-100 Test Num : 19
Inject into ../bin/hello
----- Type : 8_low_0 Pos : PT_F37 -----
There are 1 faults will be injected in faulttable...
100893 microseconds
Fault on PT_F37(0Xfffffffffffffdfc -> 0Xfffffffffffffd00)
3000114 microseconds
timeout
[  2016-10-27 7:14:1]Process 15563 termed with signal 14(SIGALRM)
PT_F37-8_low_0-100 Test Num : 20
Inject into ../bin/hello
----- Type : 8_low_0 Pos : PT_F37 -----
There are 1 faults will be injected in faulttable...
101385 microseconds
Fault on PT_F37(0Xfffffffffffffdfc -> 0Xfffffffffffffd00)
3000088 microseconds
timeout
[  2016-10-27 7:14:4]Process 15565 termed with signal 14(SIGALRM)
PT_F37-8_low_0-100 Test Num : 21
Inject into ../bin/hello
----- Type : 8_low_0 Pos : PT_F37 -----
There are 1 faults will be injected in faulttable...
101047 microseconds
Fault on PT_F37(0Xfffffffffffffdfc -> 0Xfffffffffffffd00)
3000068 microseconds
timeout
[  2016-10-27 7:14:7]Process 15567 termed with signal 14(SIGALRM)
PT_F37-8_low_0-100 Test Num : 22
Inject into ../bin/hello
----- Type : 8_low_0 Pos : PT_F37 -----
There are 1 faults will be injected in faulttable...
101045 microseconds
Fault on PT_F37(0Xfffffffffffffdfc -> 0Xfffffffffffffd00)
3000078 microseconds
timeout
[ 2016-10-27 7:14:10]Process 15569 termed with signal 14(SIGALRM)
PT_F37-8_low_0-100 Test Num : 23
Inject into ../bin/hello
----- Type : 8_low_0 Pos : PT_F37 -----
There are 1 faults will be injected in faulttable...
101495 microseconds
Fault on PT_F37(0Xfffffffffffffdfc -> 0Xfffffffffffffd00)
3000116 microseconds
timeout
[ 2016-10-27 7:14:13]Process 15571 termed with signal 14(SIGALRM)
PT_F37-8_low_0-100 Test Num : 24
Inject into ../bin/hello
----- Type : 8_low_0 Pos : PT_F37 -----
There are 1 faults will be injected in faulttable...
101073 microseconds
Fault on PT_F37(0Xfffffffffffffdfc -> 0Xfffffffffffffd00)
3000201 microseconds
timeout
[ 2016-10-27 7:14:16]Process 15573 termed with signal 14(SIGALRM)
PT_F37-8_low_0-100 Test Num : 25
Inject into ../bin/hello
----- Type : 8_low_0 Pos : PT_F37 -----
There are 1 faults will be injected in faulttable...
101028 microseconds
Fault on PT_F37(0Xfffffffffffffdfc -> 0Xfffffffffffffd00)
3000114 microseconds
timeout
[ 2016-10-27 7:14:19]Process 15575 termed with signal 14(SIGALRM)
PT_F37-8_low_0-100 Test Num : 26
Inject into ../bin/hello
----- Type : 8_low_0 Pos : PT_F37 -----
There are 1 faults will be injected in faulttable...
100081 microseconds
Fault on PT_F37(0Xfffffffffffffdfc -> 0Xfffffffffffffd00)
3000123 microseconds
timeout
[ 2016-10-27 7:14:23]Process 15577 termed with signal 14(SIGALRM)
PT_F37-8_low_0-100 Test Num : 27
Inject into ../bin/hello
----- Type : 8_low_0 Pos : PT_F37 -----
There are 1 faults will be injected in faulttable...
100236 microseconds
Fault on PT_F37(0Xfffffffffffffdfc -> 0Xfffffffffffffd00)
3000070 microseconds
timeout
[ 2016-10-27 7:14:26]Process 15579 termed with signal 14(SIGALRM)
PT_F37-8_low_0-100 Test Num : 28
Inject into ../bin/hello
----- Type : 8_low_0 Pos : PT_F37 -----
There are 1 faults will be injected in faulttable...
101082 microseconds
Fault on PT_F37(0Xfffffffffffffdfc -> 0Xfffffffffffffd00)
3000118 microseconds
timeout
[ 2016-10-27 7:14:29]Process 15581 termed with signal 14(SIGALRM)
PT_F37-8_low_0-100 Test Num : 29
Inject into ../bin/hello
----- Type : 8_low_0 Pos : PT_F37 -----
There are 1 faults will be injected in faulttable...
101123 microseconds
Fault on PT_F37(0Xfffffffffffffdfc -> 0Xfffffffffffffd00)
3000086 microseconds
timeout
[ 2016-10-27 7:14:32]Process 15583 termed with signal 14(SIGALRM)
PT_F37-8_low_0-100 Test Num : 30
Inject into ../bin/hello
----- Type : 8_low_0 Pos : PT_F37 -----
There are 1 faults will be injected in faulttable...
101003 microseconds
Fault on PT_F37(0Xfffffffffffffdfc -> 0Xfffffffffffffd00)
3000119 microseconds
timeout
[ 2016-10-27 7:14:35]Process 15585 termed with signal 14(SIGALRM)
PT_F37-8_low_0-100 Test Num : 31
Inject into ../bin/hello
----- Type : 8_low_0 Pos : PT_F37 -----
There are 1 faults will be injected in faulttable...
101021 microseconds
Fault on PT_F37(0Xfffffffffffffdfc -> 0Xfffffffffffffd00)
3000134 microseconds
timeout
[ 2016-10-27 7:14:38]Process 15587 termed with signal 14(SIGALRM)
PT_F37-8_low_0-100 Test Num : 32
Inject into ../bin/hello
----- Type : 8_low_0 Pos : PT_F37 -----
There are 1 faults will be injected in faulttable...
101076 microseconds
Fault on PT_F37(0Xfffffffffffffdfc -> 0Xfffffffffffffd00)
3000108 microseconds
timeout
[ 2016-10-27 7:14:41]Process 15589 termed with signal 14(SIGALRM)
PT_F37-8_low_0-100 Test Num : 33
Inject into ../bin/hello
----- Type : 8_low_0 Pos : PT_F37 -----
There are 1 faults will be injected in faulttable...
101017 microseconds
Fault on PT_F37(0Xfffffffffffffdfc -> 0Xfffffffffffffd00)
3000131 microseconds
timeout
[ 2016-10-27 7:14:44]Process 15591 termed with signal 14(SIGALRM)
PT_F37-8_low_0-100 Test Num : 34
Inject into ../bin/hello
----- Type : 8_low_0 Pos : PT_F37 -----
There are 1 faults will be injected in faulttable...
100122 microseconds
Fault on PT_F37(0Xfffffffffffffdfc -> 0Xfffffffffffffd00)
3000052 microseconds
timeout
[ 2016-10-27 7:14:47]Process 15593 termed with signal 14(SIGALRM)
PT_F37-8_low_0-100 Test Num : 35
Inject into ../bin/hello
----- Type : 8_low_0 Pos : PT_F37 -----
There are 1 faults will be injected in faulttable...
101003 microseconds
Fault on PT_F37(0Xfffffffffffffdfc -> 0Xfffffffffffffd00)
3000135 microseconds
timeout
[ 2016-10-27 7:14:51]Process 15595 termed with signal 14(SIGALRM)
PT_F37-8_low_0-100 Test Num : 36
Inject into ../bin/hello
----- Type : 8_low_0 Pos : PT_F37 -----
There are 1 faults will be injected in faulttable...
101068 microseconds
Fault on PT_F37(0Xfffffffffffffdfc -> 0Xfffffffffffffd00)
3000094 microseconds
timeout
[ 2016-10-27 7:14:54]Process 15597 termed with signal 14(SIGALRM)
PT_F37-8_low_0-100 Test Num : 37
Inject into ../bin/hello
----- Type : 8_low_0 Pos : PT_F37 -----
There are 1 faults will be injected in faulttable...
100930 microseconds
Fault on PT_F37(0Xfffffffffffffdfc -> 0Xfffffffffffffd00)
3000127 microseconds
timeout
[ 2016-10-27 7:14:57]Process 15599 termed with signal 14(SIGALRM)
PT_F37-8_low_0-100 Test Num : 38
Inject into ../bin/hello
----- Type : 8_low_0 Pos : PT_F37 -----
There are 1 faults will be injected in faulttable...
101220 microseconds
Fault on PT_F37(0Xfffffffffffffdfc -> 0Xfffffffffffffd00)
3000076 microseconds
timeout
[  2016-10-27 7:15:0]Process 15601 termed with signal 14(SIGALRM)
PT_F37-8_low_0-100 Test Num : 39
Inject into ../bin/hello
----- Type : 8_low_0 Pos : PT_F37 -----
There are 1 faults will be injected in faulttable...
100987 microseconds
Fault on PT_F37(0Xfffffffffffffdfc -> 0Xfffffffffffffd00)
3000087 microseconds
timeout
[  2016-10-27 7:15:3]Process 15603 termed with signal 14(SIGALRM)
PT_F37-8_low_0-100 Test Num : 40
Inject into ../bin/hello
----- Type : 8_low_0 Pos : PT_F37 -----
There are 1 faults will be injected in faulttable...
101080 microseconds
Fault on PT_F37(0Xfffffffffffffdfc -> 0Xfffffffffffffd00)
3000107 microseconds
timeout
[  2016-10-27 7:15:6]Process 15605 termed with signal 14(SIGALRM)
PT_F37-8_low_0-100 Test Num : 41
Inject into ../bin/hello
----- Type : 8_low_0 Pos : PT_F37 -----
There are 1 faults will be injected in faulttable...
100071 microseconds
Fault on PT_F37(0Xfffffffffffffdfc -> 0Xfffffffffffffd00)
3000172 microseconds
timeout
[  2016-10-27 7:15:9]Process 15607 termed with signal 14(SIGALRM)
PT_F37-8_low_0-100 Test Num : 42
Inject into ../bin/hello
----- Type : 8_low_0 Pos : PT_F37 -----
There are 1 faults will be injected in faulttable...
101075 microseconds
Fault on PT_F37(0Xfffffffffffffdfc -> 0Xfffffffffffffd00)
3000148 microseconds
timeout
[ 2016-10-27 7:15:12]Process 15609 termed with signal 14(SIGALRM)
PT_F37-8_low_0-100 Test Num : 43
Inject into ../bin/hello
----- Type : 8_low_0 Pos : PT_F37 -----
There are 1 faults will be injected in faulttable...
101142 microseconds
Fault on PT_F37(0Xfffffffffffffdfc -> 0Xfffffffffffffd00)
3000124 microseconds
timeout
[ 2016-10-27 7:15:16]Process 15611 termed with signal 14(SIGALRM)
PT_F37-8_low_0-100 Test Num : 44
Inject into ../bin/hello
----- Type : 8_low_0 Pos : PT_F37 -----
There are 1 faults will be injected in faulttable...
101111 microseconds
Fault on PT_F37(0Xfffffffffffffdfc -> 0Xfffffffffffffd00)
3000112 microseconds
timeout
[ 2016-10-27 7:15:19]Process 15613 termed with signal 14(SIGALRM)
PT_F37-8_low_0-100 Test Num : 45
Inject into ../bin/hello
----- Type : 8_low_0 Pos : PT_F37 -----
There are 1 faults will be injected in faulttable...
100068 microseconds
Fault on PT_F37(0Xfffffffffffffdfc -> 0Xfffffffffffffd00)
3000060 microseconds
timeout
[ 2016-10-27 7:15:22]Process 15615 termed with signal 14(SIGALRM)
PT_F37-8_low_0-100 Test Num : 46
Inject into ../bin/hello
----- Type : 8_low_0 Pos : PT_F37 -----
There are 1 faults will be injected in faulttable...
100086 microseconds
Fault on PT_F37(0Xfffffffffffffdfc -> 0Xfffffffffffffd00)
3000080 microseconds
timeout
[ 2016-10-27 7:15:25]Process 15617 termed with signal 14(SIGALRM)
PT_F37-8_low_0-100 Test Num : 47
Inject into ../bin/hello
----- Type : 8_low_0 Pos : PT_F37 -----
There are 1 faults will be injected in faulttable...
101327 microseconds
Fault on PT_F37(0Xfffffffffffffdfc -> 0Xfffffffffffffd00)
3000075 microseconds
timeout
[ 2016-10-27 7:15:28]Process 15619 termed with signal 14(SIGALRM)
PT_F37-8_low_0-100 Test Num : 48
Inject into ../bin/hello
----- Type : 8_low_0 Pos : PT_F37 -----
There are 1 faults will be injected in faulttable...
101118 microseconds
Fault on PT_F37(0Xfffffffffffffdfc -> 0Xfffffffffffffd00)
3000164 microseconds
timeout
[ 2016-10-27 7:15:31]Process 15622 termed with signal 14(SIGALRM)
PT_F37-8_low_0-100 Test Num : 49
Inject into ../bin/hello
----- Type : 8_low_0 Pos : PT_F37 -----
There are 1 faults will be injected in faulttable...
100073 microseconds
Fault on PT_F37(0Xfffffffffffffdfc -> 0Xfffffffffffffd00)
3000111 microseconds
timeout
[ 2016-10-27 7:15:34]Process 15624 termed with signal 14(SIGALRM)
PT_F37-8_low_0-100 Test Num : 50
Inject into ../bin/hello
----- Type : 8_low_0 Pos : PT_F37 -----
There are 1 faults will be injected in faulttable...
100994 microseconds
Fault on PT_F37(0Xfffffffffffffdfc -> 0Xfffffffffffffd00)
3000082 microseconds
timeout
[ 2016-10-27 7:15:37]Process 15626 termed with signal 14(SIGALRM)
PT_F37-8_low_0-100 Test Num : 51
Inject into ../bin/hello
----- Type : 8_low_0 Pos : PT_F37 -----
There are 1 faults will be injected in faulttable...
101006 microseconds
Fault on PT_F37(0Xfffffffffffffdfc -> 0Xfffffffffffffd00)
3000098 microseconds
timeout
[ 2016-10-27 7:15:40]Process 15628 termed with signal 14(SIGALRM)
PT_F37-8_low_0-100 Test Num : 52
Inject into ../bin/hello
----- Type : 8_low_0 Pos : PT_F37 -----
There are 1 faults will be injected in faulttable...
101037 microseconds
Fault on PT_F37(0Xfffffffffffffdfc -> 0Xfffffffffffffd00)
3000131 microseconds
timeout
[ 2016-10-27 7:15:44]Process 15630 termed with signal 14(SIGALRM)
PT_F37-8_low_0-100 Test Num : 53
Inject into ../bin/hello
----- Type : 8_low_0 Pos : PT_F37 -----
There are 1 faults will be injected in faulttable...
100072 microseconds
Fault on PT_F37(0Xfffffffffffffdfc -> 0Xfffffffffffffd00)
3000052 microseconds
timeout
[ 2016-10-27 7:15:47]Process 15632 termed with signal 14(SIGALRM)
PT_F37-8_low_0-100 Test Num : 54
Inject into ../bin/hello
----- Type : 8_low_0 Pos : PT_F37 -----
There are 1 faults will be injected in faulttable...
100996 microseconds
Fault on PT_F37(0Xfffffffffffffdfc -> 0Xfffffffffffffd00)
3000083 microseconds
timeout
[ 2016-10-27 7:15:50]Process 15634 termed with signal 14(SIGALRM)
PT_F37-8_low_0-100 Test Num : 55
Inject into ../bin/hello
----- Type : 8_low_0 Pos : PT_F37 -----
There are 1 faults will be injected in faulttable...
101054 microseconds
Fault on PT_F37(0Xfffffffffffffdfc -> 0Xfffffffffffffd00)
3000074 microseconds
timeout
[ 2016-10-27 7:15:53]Process 15636 termed with signal 14(SIGALRM)
PT_F37-8_low_0-100 Test Num : 56
Inject into ../bin/hello
----- Type : 8_low_0 Pos : PT_F37 -----
There are 1 faults will be injected in faulttable...
101027 microseconds
Fault on PT_F37(0Xfffffffffffffdfc -> 0Xfffffffffffffd00)
3000088 microseconds
timeout
[ 2016-10-27 7:15:56]Process 15638 termed with signal 14(SIGALRM)
PT_F37-8_low_0-100 Test Num : 57
Inject into ../bin/hello
----- Type : 8_low_0 Pos : PT_F37 -----
There are 1 faults will be injected in faulttable...
101121 microseconds
Fault on PT_F37(0Xfffffffffffffdfc -> 0Xfffffffffffffd00)
3000151 microseconds
timeout
[ 2016-10-27 7:15:59]Process 15640 termed with signal 14(SIGALRM)
PT_F37-8_low_0-100 Test Num : 58
Inject into ../bin/hello
----- Type : 8_low_0 Pos : PT_F37 -----
There are 1 faults will be injected in faulttable...
100967 microseconds
Fault on PT_F37(0Xfffffffffffffdfc -> 0Xfffffffffffffd00)
3000130 microseconds
timeout
[  2016-10-27 7:16:2]Process 15642 termed with signal 14(SIGALRM)
PT_F37-8_low_0-100 Test Num : 59
Inject into ../bin/hello
----- Type : 8_low_0 Pos : PT_F37 -----
There are 1 faults will be injected in faulttable...
101693 microseconds
Fault on PT_F37(0Xfffffffffffffdfc -> 0Xfffffffffffffd00)
3000079 microseconds
timeout
[  2016-10-27 7:16:5]Process 15644 termed with signal 14(SIGALRM)
PT_F37-8_low_0-100 Test Num : 60
Inject into ../bin/hello
----- Type : 8_low_0 Pos : PT_F37 -----
There are 1 faults will be injected in faulttable...
100100 microseconds
Fault on PT_F37(0Xfffffffffffffdfc -> 0Xfffffffffffffd00)
3000089 microseconds
timeout
[  2016-10-27 7:16:8]Process 15646 termed with signal 14(SIGALRM)
PT_F37-8_low_0-100 Test Num : 61
Inject into ../bin/hello
----- Type : 8_low_0 Pos : PT_F37 -----
There are 1 faults will be injected in faulttable...
100974 microseconds
Fault on PT_F37(0Xfffffffffffffdfc -> 0Xfffffffffffffd00)
3000162 microseconds
timeout
[ 2016-10-27 7:16:12]Process 15648 termed with signal 14(SIGALRM)
PT_F37-8_low_0-100 Test Num : 62
Inject into ../bin/hello
----- Type : 8_low_0 Pos : PT_F37 -----
There are 1 faults will be injected in faulttable...
101055 microseconds
Fault on PT_F37(0Xfffffffffffffdfc -> 0Xfffffffffffffd00)
3000087 microseconds
timeout
[ 2016-10-27 7:16:15]Process 15650 termed with signal 14(SIGALRM)
PT_F37-8_low_0-100 Test Num : 63
Inject into ../bin/hello
----- Type : 8_low_0 Pos : PT_F37 -----
There are 1 faults will be injected in faulttable...
101016 microseconds
Fault on PT_F37(0Xfffffffffffffdfc -> 0Xfffffffffffffd00)
3000113 microseconds
timeout
[ 2016-10-27 7:16:18]Process 15652 termed with signal 14(SIGALRM)
PT_F37-8_low_0-100 Test Num : 64
Inject into ../bin/hello
----- Type : 8_low_0 Pos : PT_F37 -----
There are 1 faults will be injected in faulttable...
101136 microseconds
Fault on PT_F37(0Xfffffffffffffdfc -> 0Xfffffffffffffd00)
3000103 microseconds
timeout
[ 2016-10-27 7:16:21]Process 15654 termed with signal 14(SIGALRM)
PT_F37-8_low_0-100 Test Num : 65
Inject into ../bin/hello
----- Type : 8_low_0 Pos : PT_F37 -----
There are 1 faults will be injected in faulttable...
101142 microseconds
Fault on PT_F37(0Xfffffffffffffdfc -> 0Xfffffffffffffd00)
3000072 microseconds
timeout
[ 2016-10-27 7:16:24]Process 15656 termed with signal 14(SIGALRM)
PT_F37-8_low_0-100 Test Num : 66
Inject into ../bin/hello
----- Type : 8_low_0 Pos : PT_F37 -----
There are 1 faults will be injected in faulttable...
100994 microseconds
Fault on PT_F37(0Xfffffffffffffdfc -> 0Xfffffffffffffd00)
3000095 microseconds
timeout
[ 2016-10-27 7:16:27]Process 15658 termed with signal 14(SIGALRM)
PT_F37-8_low_0-100 Test Num : 67
Inject into ../bin/hello
----- Type : 8_low_0 Pos : PT_F37 -----
There are 1 faults will be injected in faulttable...
101434 microseconds
Fault on PT_F37(0Xfffffffffffffdfc -> 0Xfffffffffffffd00)
3000156 microseconds
timeout
[ 2016-10-27 7:16:30]Process 15660 termed with signal 14(SIGALRM)
PT_F37-8_low_0-100 Test Num : 68
Inject into ../bin/hello
----- Type : 8_low_0 Pos : PT_F37 -----
There are 1 faults will be injected in faulttable...
101123 microseconds
Fault on PT_F37(0Xfffffffffffffdfc -> 0Xfffffffffffffd00)
3000125 microseconds
timeout
[ 2016-10-27 7:16:33]Process 15662 termed with signal 14(SIGALRM)
PT_F37-8_low_0-100 Test Num : 69
Inject into ../bin/hello
----- Type : 8_low_0 Pos : PT_F37 -----
There are 1 faults will be injected in faulttable...
100959 microseconds
Fault on PT_F37(0Xfffffffffffffdfc -> 0Xfffffffffffffd00)
3000070 microseconds
timeout
[ 2016-10-27 7:16:36]Process 15664 termed with signal 14(SIGALRM)
PT_F37-8_low_0-100 Test Num : 70
Inject into ../bin/hello
----- Type : 8_low_0 Pos : PT_F37 -----
There are 1 faults will be injected in faulttable...
100957 microseconds
Fault on PT_F37(0Xfffffffffffffdfc -> 0Xfffffffffffffd00)
3000092 microseconds
timeout
[ 2016-10-27 7:16:40]Process 15666 termed with signal 14(SIGALRM)
PT_F37-8_low_0-100 Test Num : 71
Inject into ../bin/hello
----- Type : 8_low_0 Pos : PT_F37 -----
There are 1 faults will be injected in faulttable...
101104 microseconds
Fault on PT_F37(0Xfffffffffffffdfc -> 0Xfffffffffffffd00)
3000080 microseconds
timeout
[ 2016-10-27 7:16:43]Process 15668 termed with signal 14(SIGALRM)
PT_F37-8_low_0-100 Test Num : 72
Inject into ../bin/hello
----- Type : 8_low_0 Pos : PT_F37 -----
There are 1 faults will be injected in faulttable...
101000 microseconds
Fault on PT_F37(0Xfffffffffffffdfc -> 0Xfffffffffffffd00)
3000089 microseconds
timeout
[ 2016-10-27 7:16:46]Process 15670 termed with signal 14(SIGALRM)
PT_F37-8_low_0-100 Test Num : 73
Inject into ../bin/hello
----- Type : 8_low_0 Pos : PT_F37 -----
There are 1 faults will be injected in faulttable...
101098 microseconds
Fault on PT_F37(0Xfffffffffffffdfc -> 0Xfffffffffffffd00)
3000119 microseconds
timeout
[ 2016-10-27 7:16:49]Process 15672 termed with signal 14(SIGALRM)
PT_F37-8_low_0-100 Test Num : 74
Inject into ../bin/hello
----- Type : 8_low_0 Pos : PT_F37 -----
There are 1 faults will be injected in faulttable...
101339 microseconds
Fault on PT_F37(0Xfffffffffffffdfc -> 0Xfffffffffffffd00)
3000104 microseconds
timeout
[ 2016-10-27 7:16:52]Process 15674 termed with signal 14(SIGALRM)
PT_F37-8_low_0-100 Test Num : 75
Inject into ../bin/hello
----- Type : 8_low_0 Pos : PT_F37 -----
There are 1 faults will be injected in faulttable...
100092 microseconds
Fault on PT_F37(0Xfffffffffffffdfc -> 0Xfffffffffffffd00)
3000065 microseconds
timeout
[ 2016-10-27 7:16:55]Process 15676 termed with signal 14(SIGALRM)
PT_F37-8_low_0-100 Test Num : 76
Inject into ../bin/hello
----- Type : 8_low_0 Pos : PT_F37 -----
There are 1 faults will be injected in faulttable...
100994 microseconds
Fault on PT_F37(0Xfffffffffffffdfc -> 0Xfffffffffffffd00)
3000090 microseconds
timeout
[ 2016-10-27 7:16:58]Process 15678 termed with signal 14(SIGALRM)
PT_F37-8_low_0-100 Test Num : 77
Inject into ../bin/hello
----- Type : 8_low_0 Pos : PT_F37 -----
There are 1 faults will be injected in faulttable...
100923 microseconds
Fault on PT_F37(0Xfffffffffffffdfc -> 0Xfffffffffffffd00)
3000094 microseconds
timeout
[  2016-10-27 7:17:1]Process 15680 termed with signal 14(SIGALRM)
PT_F37-8_low_0-100 Test Num : 78
Inject into ../bin/hello
----- Type : 8_low_0 Pos : PT_F37 -----
There are 1 faults will be injected in faulttable...
101125 microseconds
Fault on PT_F37(0Xfffffffffffffdfc -> 0Xfffffffffffffd00)
3000203 microseconds
timeout
[  2016-10-27 7:17:4]Process 15682 termed with signal 14(SIGALRM)
PT_F37-8_low_0-100 Test Num : 79
Inject into ../bin/hello
----- Type : 8_low_0 Pos : PT_F37 -----
There are 1 faults will be injected in faulttable...
101100 microseconds
Fault on PT_F37(0Xfffffffffffffdfc -> 0Xfffffffffffffd00)
3000090 microseconds
timeout
[  2016-10-27 7:17:8]Process 15684 termed with signal 14(SIGALRM)
PT_F37-8_low_0-100 Test Num : 80
Inject into ../bin/hello
----- Type : 8_low_0 Pos : PT_F37 -----
There are 1 faults will be injected in faulttable...
101129 microseconds
Fault on PT_F37(0Xfffffffffffffdfc -> 0Xfffffffffffffd00)
3000138 microseconds
timeout
[ 2016-10-27 7:17:11]Process 15686 termed with signal 14(SIGALRM)
PT_F37-8_low_0-100 Test Num : 81
Inject into ../bin/hello
----- Type : 8_low_0 Pos : PT_F37 -----
There are 1 faults will be injected in faulttable...
101258 microseconds
Fault on PT_F37(0Xfffffffffffffdfc -> 0Xfffffffffffffd00)
3000108 microseconds
timeout
[ 2016-10-27 7:17:14]Process 15688 termed with signal 14(SIGALRM)
PT_F37-8_low_0-100 Test Num : 82
Inject into ../bin/hello
----- Type : 8_low_0 Pos : PT_F37 -----
There are 1 faults will be injected in faulttable...
100085 microseconds
Fault on PT_F37(0Xfffffffffffffdfc -> 0Xfffffffffffffd00)
3000084 microseconds
timeout
[ 2016-10-27 7:17:17]Process 15690 termed with signal 14(SIGALRM)
PT_F37-8_low_0-100 Test Num : 83
Inject into ../bin/hello
----- Type : 8_low_0 Pos : PT_F37 -----
There are 1 faults will be injected in faulttable...
101039 microseconds
Fault on PT_F37(0Xfffffffffffffdfc -> 0Xfffffffffffffd00)
3000112 microseconds
timeout
[ 2016-10-27 7:17:20]Process 15692 termed with signal 14(SIGALRM)
PT_F37-8_low_0-100 Test Num : 84
Inject into ../bin/hello
----- Type : 8_low_0 Pos : PT_F37 -----
There are 1 faults will be injected in faulttable...
101401 microseconds
Fault on PT_F37(0Xfffffffffffffdfc -> 0Xfffffffffffffd00)
3000063 microseconds
timeout
[ 2016-10-27 7:17:23]Process 15694 termed with signal 14(SIGALRM)
PT_F37-8_low_0-100 Test Num : 85
Inject into ../bin/hello
----- Type : 8_low_0 Pos : PT_F37 -----
There are 1 faults will be injected in faulttable...
101031 microseconds
Fault on PT_F37(0Xfffffffffffffdfc -> 0Xfffffffffffffd00)
3000095 microseconds
timeout
[ 2016-10-27 7:17:26]Process 15696 termed with signal 14(SIGALRM)
PT_F37-8_low_0-100 Test Num : 86
Inject into ../bin/hello
----- Type : 8_low_0 Pos : PT_F37 -----
There are 1 faults will be injected in faulttable...
100099 microseconds
Fault on PT_F37(0Xfffffffffffffdfc -> 0Xfffffffffffffd00)
3000093 microseconds
timeout
[ 2016-10-27 7:17:29]Process 15698 termed with signal 14(SIGALRM)
PT_F37-8_low_0-100 Test Num : 87
Inject into ../bin/hello
----- Type : 8_low_0 Pos : PT_F37 -----
There are 1 faults will be injected in faulttable...
101274 microseconds
Fault on PT_F37(0Xfffffffffffffdfc -> 0Xfffffffffffffd00)
3000101 microseconds
timeout
[ 2016-10-27 7:17:32]Process 15700 termed with signal 14(SIGALRM)
PT_F37-8_low_0-100 Test Num : 88
Inject into ../bin/hello
----- Type : 8_low_0 Pos : PT_F37 -----
There are 1 faults will be injected in faulttable...
101115 microseconds
Fault on PT_F37(0Xfffffffffffffdfc -> 0Xfffffffffffffd00)
3000100 microseconds
timeout
[ 2016-10-27 7:17:36]Process 15702 termed with signal 14(SIGALRM)
PT_F37-8_low_0-100 Test Num : 89
Inject into ../bin/hello
----- Type : 8_low_0 Pos : PT_F37 -----
There are 1 faults will be injected in faulttable...
101488 microseconds
Fault on PT_F37(0Xfffffffffffffdfc -> 0Xfffffffffffffd00)
3000144 microseconds
timeout
[ 2016-10-27 7:17:39]Process 15704 termed with signal 14(SIGALRM)
PT_F37-8_low_0-100 Test Num : 90
Inject into ../bin/hello
----- Type : 8_low_0 Pos : PT_F37 -----
There are 1 faults will be injected in faulttable...
101265 microseconds
Fault on PT_F37(0Xfffffffffffffdfc -> 0Xfffffffffffffd00)
3000093 microseconds
timeout
[ 2016-10-27 7:17:42]Process 15706 termed with signal 14(SIGALRM)
PT_F37-8_low_0-100 Test Num : 91
Inject into ../bin/hello
----- Type : 8_low_0 Pos : PT_F37 -----
There are 1 faults will be injected in faulttable...
100869 microseconds
Fault on PT_F37(0Xfffffffffffffdfc -> 0Xfffffffffffffd00)
3000091 microseconds
timeout
[ 2016-10-27 7:17:45]Process 15708 termed with signal 14(SIGALRM)
PT_F37-8_low_0-100 Test Num : 92
Inject into ../bin/hello
----- Type : 8_low_0 Pos : PT_F37 -----
There are 1 faults will be injected in faulttable...
100217 microseconds
Fault on PT_F37(0Xfffffffffffffdfc -> 0Xfffffffffffffd00)
3000120 microseconds
timeout
[ 2016-10-27 7:17:48]Process 15710 termed with signal 14(SIGALRM)
PT_F37-8_low_0-100 Test Num : 93
Inject into ../bin/hello
----- Type : 8_low_0 Pos : PT_F37 -----
There are 1 faults will be injected in faulttable...
101549 microseconds
Fault on PT_F37(0Xfffffffffffffdfc -> 0Xfffffffffffffd00)
3000094 microseconds
timeout
[ 2016-10-27 7:17:51]Process 15712 termed with signal 14(SIGALRM)
PT_F37-8_low_0-100 Test Num : 94
Inject into ../bin/hello
----- Type : 8_low_0 Pos : PT_F37 -----
There are 1 faults will be injected in faulttable...
101086 microseconds
Fault on PT_F37(0Xfffffffffffffdfc -> 0Xfffffffffffffd00)
3000135 microseconds
timeout
[ 2016-10-27 7:17:54]Process 15714 termed with signal 14(SIGALRM)
PT_F37-8_low_0-100 Test Num : 95
Inject into ../bin/hello
----- Type : 8_low_0 Pos : PT_F37 -----
There are 1 faults will be injected in faulttable...
100911 microseconds
Fault on PT_F37(0Xfffffffffffffdfc -> 0Xfffffffffffffd00)
3000143 microseconds
timeout
[ 2016-10-27 7:17:57]Process 15716 termed with signal 14(SIGALRM)
PT_F37-8_low_0-100 Test Num : 96
Inject into ../bin/hello
----- Type : 8_low_0 Pos : PT_F37 -----
There are 1 faults will be injected in faulttable...
100154 microseconds
Fault on PT_F37(0Xfffffffffffffdfc -> 0Xfffffffffffffd00)
3000135 microseconds
timeout
[  2016-10-27 7:18:0]Process 15718 termed with signal 14(SIGALRM)
PT_F37-8_low_0-100 Test Num : 97
Inject into ../bin/hello
----- Type : 8_low_0 Pos : PT_F37 -----
There are 1 faults will be injected in faulttable...
101131 microseconds
Fault on PT_F37(0Xfffffffffffffdfc -> 0Xfffffffffffffd00)
3000116 microseconds
timeout
[  2016-10-27 7:18:4]Process 15720 termed with signal 14(SIGALRM)
PT_F37-8_low_0-100 Test Num : 98
Inject into ../bin/hello
----- Type : 8_low_0 Pos : PT_F37 -----
There are 1 faults will be injected in faulttable...
101233 microseconds
Fault on PT_F37(0Xfffffffffffffdfc -> 0Xfffffffffffffd00)
3000086 microseconds
timeout
[  2016-10-27 7:18:7]Process 15722 termed with signal 14(SIGALRM)
PT_F37-8_low_0-100 Test Num : 99
Inject into ../bin/hello
----- Type : 8_low_0 Pos : PT_F37 -----
There are 1 faults will be injected in faulttable...
100124 microseconds
Fault on PT_F37(0Xfffffffffffffdfc -> 0Xfffffffffffffd00)
3000060 microseconds
timeout
[ 2016-10-27 7:18:10]Process 15724 termed with signal 14(SIGALRM)
PT_F37-8_low_0-100 Test Num : 100
Inject into ../bin/hello
----- Type : 8_low_0 Pos : PT_F37 -----
There are 1 faults will be injected in faulttable...
101129 microseconds
Fault on PT_F37(0Xfffffffffffffdfc -> 0Xfffffffffffffd00)
3000095 microseconds
timeout
[ 2016-10-27 7:18:13]Process 15726 termed with signal 14(SIGALRM)
