PT_F37-plus_2-100 Test Num : 1
Inject into ../bin/hello
----- Type : plus_2 Pos : PT_F37 -----
There are 1 faults will be injected in faulttable...
100968 microseconds
Fault on PT_F37(0Xfffffffffffffdfc -> 0Xfffffffffffffdfe)
3000108 microseconds
timeout
[ 2016-10-27 7:28:39]Process 16147 termed with signal 14(SIGALRM)
PT_F37-plus_2-100 Test Num : 2
Inject into ../bin/hello
----- Type : plus_2 Pos : PT_F37 -----
There are 1 faults will be injected in faulttable...
101087 microseconds
Fault on PT_F37(0Xfffffffffffffdfc -> 0Xfffffffffffffdfe)
3000060 microseconds
timeout
[ 2016-10-27 7:28:42]Process 16149 termed with signal 14(SIGALRM)
PT_F37-plus_2-100 Test Num : 3
Inject into ../bin/hello
----- Type : plus_2 Pos : PT_F37 -----
There are 1 faults will be injected in faulttable...
101063 microseconds
Fault on PT_F37(0Xfffffffffffffdfc -> 0Xfffffffffffffdfe)
3000071 microseconds
timeout
[ 2016-10-27 7:28:45]Process 16151 termed with signal 14(SIGALRM)
PT_F37-plus_2-100 Test Num : 4
Inject into ../bin/hello
----- Type : plus_2 Pos : PT_F37 -----
There are 1 faults will be injected in faulttable...
100111 microseconds
Fault on PT_F37(0Xfffffffffffffdfc -> 0Xfffffffffffffdfe)
3000104 microseconds
timeout
[ 2016-10-27 7:28:48]Process 16153 termed with signal 14(SIGALRM)
PT_F37-plus_2-100 Test Num : 5
Inject into ../bin/hello
----- Type : plus_2 Pos : PT_F37 -----
There are 1 faults will be injected in faulttable...
101241 microseconds
Fault on PT_F37(0Xfffffffffffffdfc -> 0Xfffffffffffffdfe)
3000090 microseconds
timeout
[ 2016-10-27 7:28:51]Process 16155 termed with signal 14(SIGALRM)
PT_F37-plus_2-100 Test Num : 6
Inject into ../bin/hello
----- Type : plus_2 Pos : PT_F37 -----
There are 1 faults will be injected in faulttable...
100955 microseconds
Fault on PT_F37(0Xfffffffffffffdfc -> 0Xfffffffffffffdfe)
3000056 microseconds
timeout
[ 2016-10-27 7:28:54]Process 16157 termed with signal 14(SIGALRM)
PT_F37-plus_2-100 Test Num : 7
Inject into ../bin/hello
----- Type : plus_2 Pos : PT_F37 -----
There are 1 faults will be injected in faulttable...
100918 microseconds
Fault on PT_F37(0Xfffffffffffffdfc -> 0Xfffffffffffffdfe)
3000068 microseconds
timeout
[ 2016-10-27 7:28:57]Process 16159 termed with signal 14(SIGALRM)
PT_F37-plus_2-100 Test Num : 8
Inject into ../bin/hello
----- Type : plus_2 Pos : PT_F37 -----
There are 1 faults will be injected in faulttable...
101004 microseconds
Fault on PT_F37(0Xfffffffffffffdfc -> 0Xfffffffffffffdfe)
3000080 microseconds
timeout
[  2016-10-27 7:29:0]Process 16161 termed with signal 14(SIGALRM)
PT_F37-plus_2-100 Test Num : 9
Inject into ../bin/hello
----- Type : plus_2 Pos : PT_F37 -----
There are 1 faults will be injected in faulttable...
100992 microseconds
Fault on PT_F37(0Xfffffffffffffdfc -> 0Xfffffffffffffdfe)
3000077 microseconds
timeout
[  2016-10-27 7:29:4]Process 16163 termed with signal 14(SIGALRM)
PT_F37-plus_2-100 Test Num : 10
Inject into ../bin/hello
----- Type : plus_2 Pos : PT_F37 -----
There are 1 faults will be injected in faulttable...
101061 microseconds
Fault on PT_F37(0Xfffffffffffffdfc -> 0Xfffffffffffffdfe)
3000111 microseconds
timeout
[  2016-10-27 7:29:7]Process 16165 termed with signal 14(SIGALRM)
PT_F37-plus_2-100 Test Num : 11
Inject into ../bin/hello
----- Type : plus_2 Pos : PT_F37 -----
There are 1 faults will be injected in faulttable...
101346 microseconds
Fault on PT_F37(0Xfffffffffffffdfc -> 0Xfffffffffffffdfe)
3000053 microseconds
timeout
[ 2016-10-27 7:29:10]Process 16167 termed with signal 14(SIGALRM)
PT_F37-plus_2-100 Test Num : 12
Inject into ../bin/hello
----- Type : plus_2 Pos : PT_F37 -----
There are 1 faults will be injected in faulttable...
100981 microseconds
Fault on PT_F37(0Xfffffffffffffdfc -> 0Xfffffffffffffdfe)
3000079 microseconds
timeout
[ 2016-10-27 7:29:13]Process 16169 termed with signal 14(SIGALRM)
PT_F37-plus_2-100 Test Num : 13
Inject into ../bin/hello
----- Type : plus_2 Pos : PT_F37 -----
There are 1 faults will be injected in faulttable...
101586 microseconds
Fault on PT_F37(0Xfffffffffffffdfc -> 0Xfffffffffffffdfe)
3000146 microseconds
timeout
[ 2016-10-27 7:29:16]Process 16171 termed with signal 14(SIGALRM)
PT_F37-plus_2-100 Test Num : 14
Inject into ../bin/hello
----- Type : plus_2 Pos : PT_F37 -----
There are 1 faults will be injected in faulttable...
101496 microseconds
Fault on PT_F37(0Xfffffffffffffdfc -> 0Xfffffffffffffdfe)
3000061 microseconds
timeout
[ 2016-10-27 7:29:19]Process 16173 termed with signal 14(SIGALRM)
PT_F37-plus_2-100 Test Num : 15
Inject into ../bin/hello
----- Type : plus_2 Pos : PT_F37 -----
There are 1 faults will be injected in faulttable...
101016 microseconds
Fault on PT_F37(0Xfffffffffffffdfc -> 0Xfffffffffffffdfe)
3000075 microseconds
timeout
[ 2016-10-27 7:29:22]Process 16175 termed with signal 14(SIGALRM)
PT_F37-plus_2-100 Test Num : 16
Inject into ../bin/hello
----- Type : plus_2 Pos : PT_F37 -----
There are 1 faults will be injected in faulttable...
101217 microseconds
Fault on PT_F37(0Xfffffffffffffdfc -> 0Xfffffffffffffdfe)
3000129 microseconds
timeout
[ 2016-10-27 7:29:25]Process 16177 termed with signal 14(SIGALRM)
PT_F37-plus_2-100 Test Num : 17
Inject into ../bin/hello
----- Type : plus_2 Pos : PT_F37 -----
There are 1 faults will be injected in faulttable...
101009 microseconds
Fault on PT_F37(0Xfffffffffffffdfc -> 0Xfffffffffffffdfe)
3000080 microseconds
timeout
[ 2016-10-27 7:29:28]Process 16179 termed with signal 14(SIGALRM)
PT_F37-plus_2-100 Test Num : 18
Inject into ../bin/hello
----- Type : plus_2 Pos : PT_F37 -----
There are 1 faults will be injected in faulttable...
101500 microseconds
Fault on PT_F37(0Xfffffffffffffdfc -> 0Xfffffffffffffdfe)
3000090 microseconds
timeout
[ 2016-10-27 7:29:32]Process 16181 termed with signal 14(SIGALRM)
PT_F37-plus_2-100 Test Num : 19
Inject into ../bin/hello
----- Type : plus_2 Pos : PT_F37 -----
There are 1 faults will be injected in faulttable...
101629 microseconds
Fault on PT_F37(0Xfffffffffffffdfc -> 0Xfffffffffffffdfe)
3000089 microseconds
timeout
[ 2016-10-27 7:29:35]Process 16183 termed with signal 14(SIGALRM)
PT_F37-plus_2-100 Test Num : 20
Inject into ../bin/hello
----- Type : plus_2 Pos : PT_F37 -----
There are 1 faults will be injected in faulttable...
101023 microseconds
Fault on PT_F37(0Xfffffffffffffdfc -> 0Xfffffffffffffdfe)
3000083 microseconds
timeout
[ 2016-10-27 7:29:38]Process 16185 termed with signal 14(SIGALRM)
PT_F37-plus_2-100 Test Num : 21
Inject into ../bin/hello
----- Type : plus_2 Pos : PT_F37 -----
There are 1 faults will be injected in faulttable...
100905 microseconds
Fault on PT_F37(0Xfffffffffffffdfc -> 0Xfffffffffffffdfe)
3000132 microseconds
timeout
[ 2016-10-27 7:29:41]Process 16187 termed with signal 14(SIGALRM)
PT_F37-plus_2-100 Test Num : 22
Inject into ../bin/hello
----- Type : plus_2 Pos : PT_F37 -----
There are 1 faults will be injected in faulttable...
100063 microseconds
Fault on PT_F37(0Xfffffffffffffdfc -> 0Xfffffffffffffdfe)
3000062 microseconds
timeout
[ 2016-10-27 7:29:44]Process 16189 termed with signal 14(SIGALRM)
PT_F37-plus_2-100 Test Num : 23
Inject into ../bin/hello
----- Type : plus_2 Pos : PT_F37 -----
There are 1 faults will be injected in faulttable...
101082 microseconds
Fault on PT_F37(0Xfffffffffffffdfc -> 0Xfffffffffffffdfe)
3000086 microseconds
timeout
[ 2016-10-27 7:29:47]Process 16191 termed with signal 14(SIGALRM)
PT_F37-plus_2-100 Test Num : 24
Inject into ../bin/hello
----- Type : plus_2 Pos : PT_F37 -----
There are 1 faults will be injected in faulttable...
101459 microseconds
Fault on PT_F37(0Xfffffffffffffdfc -> 0Xfffffffffffffdfe)
3000069 microseconds
timeout
[ 2016-10-27 7:29:50]Process 16193 termed with signal 14(SIGALRM)
PT_F37-plus_2-100 Test Num : 25
Inject into ../bin/hello
----- Type : plus_2 Pos : PT_F37 -----
There are 1 faults will be injected in faulttable...
101379 microseconds
Fault on PT_F37(0Xfffffffffffffdfc -> 0Xfffffffffffffdfe)
3000098 microseconds
timeout
[ 2016-10-27 7:29:53]Process 16195 termed with signal 14(SIGALRM)
PT_F37-plus_2-100 Test Num : 26
Inject into ../bin/hello
----- Type : plus_2 Pos : PT_F37 -----
There are 1 faults will be injected in faulttable...
101073 microseconds
Fault on PT_F37(0Xfffffffffffffdfc -> 0Xfffffffffffffdfe)
3000072 microseconds
timeout
[ 2016-10-27 7:29:56]Process 16197 termed with signal 14(SIGALRM)
PT_F37-plus_2-100 Test Num : 27
Inject into ../bin/hello
----- Type : plus_2 Pos : PT_F37 -----
There are 1 faults will be injected in faulttable...
102737 microseconds
Fault on PT_F37(0Xfffffffffffffdfc -> 0Xfffffffffffffdfe)
3000113 microseconds
timeout
[  2016-10-27 7:30:0]Process 16199 termed with signal 14(SIGALRM)
PT_F37-plus_2-100 Test Num : 28
Inject into ../bin/hello
----- Type : plus_2 Pos : PT_F37 -----
There are 1 faults will be injected in faulttable...
101111 microseconds
Fault on PT_F37(0Xfffffffffffffdfc -> 0Xfffffffffffffdfe)
3000081 microseconds
timeout
[  2016-10-27 7:30:3]Process 16201 termed with signal 14(SIGALRM)
PT_F37-plus_2-100 Test Num : 29
Inject into ../bin/hello
----- Type : plus_2 Pos : PT_F37 -----
There are 1 faults will be injected in faulttable...
101036 microseconds
Fault on PT_F37(0Xfffffffffffffdfc -> 0Xfffffffffffffdfe)
3000111 microseconds
timeout
[  2016-10-27 7:30:6]Process 16203 termed with signal 14(SIGALRM)
PT_F37-plus_2-100 Test Num : 30
Inject into ../bin/hello
----- Type : plus_2 Pos : PT_F37 -----
There are 1 faults will be injected in faulttable...
100914 microseconds
Fault on PT_F37(0Xfffffffffffffdfc -> 0Xfffffffffffffdfe)
3000063 microseconds
timeout
[  2016-10-27 7:30:9]Process 16205 termed with signal 14(SIGALRM)
PT_F37-plus_2-100 Test Num : 31
Inject into ../bin/hello
----- Type : plus_2 Pos : PT_F37 -----
There are 1 faults will be injected in faulttable...
100943 microseconds
Fault on PT_F37(0Xfffffffffffffdfc -> 0Xfffffffffffffdfe)
3000068 microseconds
timeout
[ 2016-10-27 7:30:12]Process 16207 termed with signal 14(SIGALRM)
PT_F37-plus_2-100 Test Num : 32
Inject into ../bin/hello
----- Type : plus_2 Pos : PT_F37 -----
There are 1 faults will be injected in faulttable...
100980 microseconds
Fault on PT_F37(0Xfffffffffffffdfc -> 0Xfffffffffffffdfe)
3000069 microseconds
timeout
[ 2016-10-27 7:30:15]Process 16209 termed with signal 14(SIGALRM)
PT_F37-plus_2-100 Test Num : 33
Inject into ../bin/hello
----- Type : plus_2 Pos : PT_F37 -----
There are 1 faults will be injected in faulttable...
101538 microseconds
Fault on PT_F37(0Xfffffffffffffdfc -> 0Xfffffffffffffdfe)
3000073 microseconds
timeout
[ 2016-10-27 7:30:18]Process 16211 termed with signal 14(SIGALRM)
PT_F37-plus_2-100 Test Num : 34
Inject into ../bin/hello
----- Type : plus_2 Pos : PT_F37 -----
There are 1 faults will be injected in faulttable...
101141 microseconds
Fault on PT_F37(0Xfffffffffffffdfc -> 0Xfffffffffffffdfe)
3000075 microseconds
timeout
[ 2016-10-27 7:30:21]Process 16213 termed with signal 14(SIGALRM)
PT_F37-plus_2-100 Test Num : 35
Inject into ../bin/hello
----- Type : plus_2 Pos : PT_F37 -----
There are 1 faults will be injected in faulttable...
101318 microseconds
Fault on PT_F37(0Xfffffffffffffdfc -> 0Xfffffffffffffdfe)
3000298 microseconds
timeout
[ 2016-10-27 7:30:24]Process 16215 termed with signal 14(SIGALRM)
PT_F37-plus_2-100 Test Num : 36
Inject into ../bin/hello
----- Type : plus_2 Pos : PT_F37 -----
There are 1 faults will be injected in faulttable...
100995 microseconds
Fault on PT_F37(0Xfffffffffffffdfc -> 0Xfffffffffffffdfe)
3000083 microseconds
timeout
[ 2016-10-27 7:30:28]Process 16217 termed with signal 14(SIGALRM)
PT_F37-plus_2-100 Test Num : 37
Inject into ../bin/hello
----- Type : plus_2 Pos : PT_F37 -----
There are 1 faults will be injected in faulttable...
101413 microseconds
Fault on PT_F37(0Xfffffffffffffdfc -> 0Xfffffffffffffdfe)
3000068 microseconds
timeout
[ 2016-10-27 7:30:31]Process 16219 termed with signal 14(SIGALRM)
PT_F37-plus_2-100 Test Num : 38
Inject into ../bin/hello
----- Type : plus_2 Pos : PT_F37 -----
There are 1 faults will be injected in faulttable...
100065 microseconds
Fault on PT_F37(0Xfffffffffffffdfc -> 0Xfffffffffffffdfe)
3000051 microseconds
timeout
[ 2016-10-27 7:30:34]Process 16222 termed with signal 14(SIGALRM)
PT_F37-plus_2-100 Test Num : 39
Inject into ../bin/hello
----- Type : plus_2 Pos : PT_F37 -----
There are 1 faults will be injected in faulttable...
100907 microseconds
Fault on PT_F37(0Xfffffffffffffdfc -> 0Xfffffffffffffdfe)
3000069 microseconds
timeout
[ 2016-10-27 7:30:37]Process 16224 termed with signal 14(SIGALRM)
PT_F37-plus_2-100 Test Num : 40
Inject into ../bin/hello
----- Type : plus_2 Pos : PT_F37 -----
There are 1 faults will be injected in faulttable...
100995 microseconds
Fault on PT_F37(0Xfffffffffffffdfc -> 0Xfffffffffffffdfe)
3000076 microseconds
timeout
[ 2016-10-27 7:30:40]Process 16226 termed with signal 14(SIGALRM)
PT_F37-plus_2-100 Test Num : 41
Inject into ../bin/hello
----- Type : plus_2 Pos : PT_F37 -----
There are 1 faults will be injected in faulttable...
101016 microseconds
Fault on PT_F37(0Xfffffffffffffdfc -> 0Xfffffffffffffdfe)
3000069 microseconds
timeout
[ 2016-10-27 7:30:43]Process 16228 termed with signal 14(SIGALRM)
PT_F37-plus_2-100 Test Num : 42
Inject into ../bin/hello
----- Type : plus_2 Pos : PT_F37 -----
There are 1 faults will be injected in faulttable...
100947 microseconds
Fault on PT_F37(0Xfffffffffffffdfc -> 0Xfffffffffffffdfe)
3000054 microseconds
timeout
[ 2016-10-27 7:30:46]Process 16230 termed with signal 14(SIGALRM)
PT_F37-plus_2-100 Test Num : 43
Inject into ../bin/hello
----- Type : plus_2 Pos : PT_F37 -----
There are 1 faults will be injected in faulttable...
101047 microseconds
Fault on PT_F37(0Xfffffffffffffdfc -> 0Xfffffffffffffdfe)
3000083 microseconds
timeout
[ 2016-10-27 7:30:49]Process 16232 termed with signal 14(SIGALRM)
PT_F37-plus_2-100 Test Num : 44
Inject into ../bin/hello
----- Type : plus_2 Pos : PT_F37 -----
There are 1 faults will be injected in faulttable...
101049 microseconds
Fault on PT_F37(0Xfffffffffffffdfc -> 0Xfffffffffffffdfe)
3000088 microseconds
timeout
[ 2016-10-27 7:30:52]Process 16234 termed with signal 14(SIGALRM)
PT_F37-plus_2-100 Test Num : 45
Inject into ../bin/hello
----- Type : plus_2 Pos : PT_F37 -----
There are 1 faults will be injected in faulttable...
100119 microseconds
Fault on PT_F37(0Xfffffffffffffdfc -> 0Xfffffffffffffdfe)
3000073 microseconds
timeout
[ 2016-10-27 7:30:56]Process 16236 termed with signal 14(SIGALRM)
PT_F37-plus_2-100 Test Num : 46
Inject into ../bin/hello
----- Type : plus_2 Pos : PT_F37 -----
There are 1 faults will be injected in faulttable...
101018 microseconds
Fault on PT_F37(0Xfffffffffffffdfc -> 0Xfffffffffffffdfe)
3000062 microseconds
timeout
[ 2016-10-27 7:30:59]Process 16238 termed with signal 14(SIGALRM)
PT_F37-plus_2-100 Test Num : 47
Inject into ../bin/hello
----- Type : plus_2 Pos : PT_F37 -----
There are 1 faults will be injected in faulttable...
100915 microseconds
Fault on PT_F37(0Xfffffffffffffdfc -> 0Xfffffffffffffdfe)
3000065 microseconds
timeout
[  2016-10-27 7:31:2]Process 16241 termed with signal 14(SIGALRM)
PT_F37-plus_2-100 Test Num : 48
Inject into ../bin/hello
----- Type : plus_2 Pos : PT_F37 -----
There are 1 faults will be injected in faulttable...
101388 microseconds
Fault on PT_F37(0Xfffffffffffffdfc -> 0Xfffffffffffffdfe)
3000072 microseconds
timeout
[  2016-10-27 7:31:5]Process 16243 termed with signal 14(SIGALRM)
PT_F37-plus_2-100 Test Num : 49
Inject into ../bin/hello
----- Type : plus_2 Pos : PT_F37 -----
There are 1 faults will be injected in faulttable...
100983 microseconds
Fault on PT_F37(0Xfffffffffffffdfc -> 0Xfffffffffffffdfe)
3000099 microseconds
timeout
[  2016-10-27 7:31:8]Process 16245 termed with signal 14(SIGALRM)
PT_F37-plus_2-100 Test Num : 50
Inject into ../bin/hello
----- Type : plus_2 Pos : PT_F37 -----
There are 1 faults will be injected in faulttable...
100956 microseconds
Fault on PT_F37(0Xfffffffffffffdfc -> 0Xfffffffffffffdfe)
3000068 microseconds
timeout
[ 2016-10-27 7:31:11]Process 16247 termed with signal 14(SIGALRM)
PT_F37-plus_2-100 Test Num : 51
Inject into ../bin/hello
----- Type : plus_2 Pos : PT_F37 -----
There are 1 faults will be injected in faulttable...
100898 microseconds
Fault on PT_F37(0Xfffffffffffffdfc -> 0Xfffffffffffffdfe)
3000101 microseconds
timeout
[ 2016-10-27 7:31:14]Process 16249 termed with signal 14(SIGALRM)
PT_F37-plus_2-100 Test Num : 52
Inject into ../bin/hello
----- Type : plus_2 Pos : PT_F37 -----
There are 1 faults will be injected in faulttable...
101116 microseconds
Fault on PT_F37(0Xfffffffffffffdfc -> 0Xfffffffffffffdfe)
3000092 microseconds
timeout
[ 2016-10-27 7:31:17]Process 16251 termed with signal 14(SIGALRM)
PT_F37-plus_2-100 Test Num : 53
Inject into ../bin/hello
----- Type : plus_2 Pos : PT_F37 -----
There are 1 faults will be injected in faulttable...
101185 microseconds
Fault on PT_F37(0Xfffffffffffffdfc -> 0Xfffffffffffffdfe)
3000056 microseconds
timeout
[ 2016-10-27 7:31:20]Process 16253 termed with signal 14(SIGALRM)
PT_F37-plus_2-100 Test Num : 54
Inject into ../bin/hello
----- Type : plus_2 Pos : PT_F37 -----
There are 1 faults will be injected in faulttable...
101106 microseconds
Fault on PT_F37(0Xfffffffffffffdfc -> 0Xfffffffffffffdfe)
3000083 microseconds
timeout
[ 2016-10-27 7:31:24]Process 16255 termed with signal 14(SIGALRM)
PT_F37-plus_2-100 Test Num : 55
Inject into ../bin/hello
----- Type : plus_2 Pos : PT_F37 -----
There are 1 faults will be injected in faulttable...
101374 microseconds
Fault on PT_F37(0Xfffffffffffffdfc -> 0Xfffffffffffffdfe)
3000089 microseconds
timeout
[ 2016-10-27 7:31:27]Process 16257 termed with signal 14(SIGALRM)
PT_F37-plus_2-100 Test Num : 56
Inject into ../bin/hello
----- Type : plus_2 Pos : PT_F37 -----
There are 1 faults will be injected in faulttable...
101094 microseconds
Fault on PT_F37(0Xfffffffffffffdfc -> 0Xfffffffffffffdfe)
3000083 microseconds
timeout
[ 2016-10-27 7:31:30]Process 16259 termed with signal 14(SIGALRM)
PT_F37-plus_2-100 Test Num : 57
Inject into ../bin/hello
----- Type : plus_2 Pos : PT_F37 -----
There are 1 faults will be injected in faulttable...
100981 microseconds
Fault on PT_F37(0Xfffffffffffffdfc -> 0Xfffffffffffffdfe)
3000074 microseconds
timeout
[ 2016-10-27 7:31:33]Process 16261 termed with signal 14(SIGALRM)
PT_F37-plus_2-100 Test Num : 58
Inject into ../bin/hello
----- Type : plus_2 Pos : PT_F37 -----
There are 1 faults will be injected in faulttable...
101058 microseconds
Fault on PT_F37(0Xfffffffffffffdfc -> 0Xfffffffffffffdfe)
3000097 microseconds
timeout
[ 2016-10-27 7:31:36]Process 16263 termed with signal 14(SIGALRM)
PT_F37-plus_2-100 Test Num : 59
Inject into ../bin/hello
----- Type : plus_2 Pos : PT_F37 -----
There are 1 faults will be injected in faulttable...
101015 microseconds
Fault on PT_F37(0Xfffffffffffffdfc -> 0Xfffffffffffffdfe)
3000064 microseconds
timeout
[ 2016-10-27 7:31:39]Process 16265 termed with signal 14(SIGALRM)
PT_F37-plus_2-100 Test Num : 60
Inject into ../bin/hello
----- Type : plus_2 Pos : PT_F37 -----
There are 1 faults will be injected in faulttable...
100992 microseconds
Fault on PT_F37(0Xfffffffffffffdfc -> 0Xfffffffffffffdfe)
3000062 microseconds
timeout
[ 2016-10-27 7:31:42]Process 16267 termed with signal 14(SIGALRM)
PT_F37-plus_2-100 Test Num : 61
Inject into ../bin/hello
----- Type : plus_2 Pos : PT_F37 -----
There are 1 faults will be injected in faulttable...
101132 microseconds
Fault on PT_F37(0Xfffffffffffffdfc -> 0Xfffffffffffffdfe)
3000073 microseconds
timeout
[ 2016-10-27 7:31:45]Process 16269 termed with signal 14(SIGALRM)
PT_F37-plus_2-100 Test Num : 62
Inject into ../bin/hello
----- Type : plus_2 Pos : PT_F37 -----
There are 1 faults will be injected in faulttable...
101431 microseconds
Fault on PT_F37(0Xfffffffffffffdfc -> 0Xfffffffffffffdfe)
3000059 microseconds
timeout
[ 2016-10-27 7:31:48]Process 16271 termed with signal 14(SIGALRM)
PT_F37-plus_2-100 Test Num : 63
Inject into ../bin/hello
----- Type : plus_2 Pos : PT_F37 -----
There are 1 faults will be injected in faulttable...
101033 microseconds
Fault on PT_F37(0Xfffffffffffffdfc -> 0Xfffffffffffffdfe)
3000103 microseconds
timeout
[ 2016-10-27 7:31:52]Process 16273 termed with signal 14(SIGALRM)
PT_F37-plus_2-100 Test Num : 64
Inject into ../bin/hello
----- Type : plus_2 Pos : PT_F37 -----
There are 1 faults will be injected in faulttable...
101051 microseconds
Fault on PT_F37(0Xfffffffffffffdfc -> 0Xfffffffffffffdfe)
3000128 microseconds
timeout
[ 2016-10-27 7:31:55]Process 16275 termed with signal 14(SIGALRM)
PT_F37-plus_2-100 Test Num : 65
Inject into ../bin/hello
----- Type : plus_2 Pos : PT_F37 -----
There are 1 faults will be injected in faulttable...
100216 microseconds
Fault on PT_F37(0Xfffffffffffffdfc -> 0Xfffffffffffffdfe)
3000053 microseconds
timeout
[ 2016-10-27 7:31:58]Process 16277 termed with signal 14(SIGALRM)
PT_F37-plus_2-100 Test Num : 66
Inject into ../bin/hello
----- Type : plus_2 Pos : PT_F37 -----
There are 1 faults will be injected in faulttable...
101003 microseconds
Fault on PT_F37(0Xfffffffffffffdfc -> 0Xfffffffffffffdfe)
3000092 microseconds
timeout
[  2016-10-27 7:32:1]Process 16279 termed with signal 14(SIGALRM)
PT_F37-plus_2-100 Test Num : 67
Inject into ../bin/hello
----- Type : plus_2 Pos : PT_F37 -----
There are 1 faults will be injected in faulttable...
101120 microseconds
Fault on PT_F37(0Xfffffffffffffdfc -> 0Xfffffffffffffdfe)
3000081 microseconds
timeout
[  2016-10-27 7:32:4]Process 16281 termed with signal 14(SIGALRM)
PT_F37-plus_2-100 Test Num : 68
Inject into ../bin/hello
----- Type : plus_2 Pos : PT_F37 -----
There are 1 faults will be injected in faulttable...
100867 microseconds
Fault on PT_F37(0Xfffffffffffffdfc -> 0Xfffffffffffffdfe)
3000075 microseconds
timeout
[  2016-10-27 7:32:7]Process 16283 termed with signal 14(SIGALRM)
PT_F37-plus_2-100 Test Num : 69
Inject into ../bin/hello
----- Type : plus_2 Pos : PT_F37 -----
There are 1 faults will be injected in faulttable...
100930 microseconds
Fault on PT_F37(0Xfffffffffffffdfc -> 0Xfffffffffffffdfe)
3000068 microseconds
timeout
[ 2016-10-27 7:32:10]Process 16285 termed with signal 14(SIGALRM)
PT_F37-plus_2-100 Test Num : 70
Inject into ../bin/hello
----- Type : plus_2 Pos : PT_F37 -----
There are 1 faults will be injected in faulttable...
100937 microseconds
Fault on PT_F37(0Xfffffffffffffdfc -> 0Xfffffffffffffdfe)
3000077 microseconds
timeout
[ 2016-10-27 7:32:13]Process 16287 termed with signal 14(SIGALRM)
PT_F37-plus_2-100 Test Num : 71
Inject into ../bin/hello
----- Type : plus_2 Pos : PT_F37 -----
There are 1 faults will be injected in faulttable...
101055 microseconds
Fault on PT_F37(0Xfffffffffffffdfc -> 0Xfffffffffffffdfe)
3000066 microseconds
timeout
[ 2016-10-27 7:32:16]Process 16289 termed with signal 14(SIGALRM)
PT_F37-plus_2-100 Test Num : 72
Inject into ../bin/hello
----- Type : plus_2 Pos : PT_F37 -----
There are 1 faults will be injected in faulttable...
100958 microseconds
Fault on PT_F37(0Xfffffffffffffdfc -> 0Xfffffffffffffdfe)
3000100 microseconds
timeout
[ 2016-10-27 7:32:20]Process 16291 termed with signal 14(SIGALRM)
PT_F37-plus_2-100 Test Num : 73
Inject into ../bin/hello
----- Type : plus_2 Pos : PT_F37 -----
There are 1 faults will be injected in faulttable...
101149 microseconds
Fault on PT_F37(0Xfffffffffffffdfc -> 0Xfffffffffffffdfe)
3000078 microseconds
timeout
[ 2016-10-27 7:32:23]Process 16293 termed with signal 14(SIGALRM)
PT_F37-plus_2-100 Test Num : 74
Inject into ../bin/hello
----- Type : plus_2 Pos : PT_F37 -----
There are 1 faults will be injected in faulttable...
101777 microseconds
Fault on PT_F37(0Xfffffffffffffdfc -> 0Xfffffffffffffdfe)
3000076 microseconds
timeout
[ 2016-10-27 7:32:26]Process 16295 termed with signal 14(SIGALRM)
PT_F37-plus_2-100 Test Num : 75
Inject into ../bin/hello
----- Type : plus_2 Pos : PT_F37 -----
There are 1 faults will be injected in faulttable...
100961 microseconds
Fault on PT_F37(0Xfffffffffffffdfc -> 0Xfffffffffffffdfe)
3000064 microseconds
timeout
[ 2016-10-27 7:32:29]Process 16297 termed with signal 14(SIGALRM)
PT_F37-plus_2-100 Test Num : 76
Inject into ../bin/hello
----- Type : plus_2 Pos : PT_F37 -----
There are 1 faults will be injected in faulttable...
101042 microseconds
Fault on PT_F37(0Xfffffffffffffdfc -> 0Xfffffffffffffdfe)
3000068 microseconds
timeout
[ 2016-10-27 7:32:32]Process 16299 termed with signal 14(SIGALRM)
PT_F37-plus_2-100 Test Num : 77
Inject into ../bin/hello
----- Type : plus_2 Pos : PT_F37 -----
There are 1 faults will be injected in faulttable...
100949 microseconds
Fault on PT_F37(0Xfffffffffffffdfc -> 0Xfffffffffffffdfe)
3000061 microseconds
timeout
[ 2016-10-27 7:32:35]Process 16301 termed with signal 14(SIGALRM)
PT_F37-plus_2-100 Test Num : 78
Inject into ../bin/hello
----- Type : plus_2 Pos : PT_F37 -----
There are 1 faults will be injected in faulttable...
101063 microseconds
Fault on PT_F37(0Xfffffffffffffdfc -> 0Xfffffffffffffdfe)
3000072 microseconds
timeout
[ 2016-10-27 7:32:38]Process 16303 termed with signal 14(SIGALRM)
PT_F37-plus_2-100 Test Num : 79
Inject into ../bin/hello
----- Type : plus_2 Pos : PT_F37 -----
There are 1 faults will be injected in faulttable...
101000 microseconds
Fault on PT_F37(0Xfffffffffffffdfc -> 0Xfffffffffffffdfe)
3000061 microseconds
timeout
[ 2016-10-27 7:32:41]Process 16305 termed with signal 14(SIGALRM)
PT_F37-plus_2-100 Test Num : 80
Inject into ../bin/hello
----- Type : plus_2 Pos : PT_F37 -----
There are 1 faults will be injected in faulttable...
101069 microseconds
Fault on PT_F37(0Xfffffffffffffdfc -> 0Xfffffffffffffdfe)
3000068 microseconds
timeout
[ 2016-10-27 7:32:44]Process 16307 termed with signal 14(SIGALRM)
PT_F37-plus_2-100 Test Num : 81
Inject into ../bin/hello
----- Type : plus_2 Pos : PT_F37 -----
There are 1 faults will be injected in faulttable...
101150 microseconds
Fault on PT_F37(0Xfffffffffffffdfc -> 0Xfffffffffffffdfe)
3000116 microseconds
timeout
[ 2016-10-27 7:32:48]Process 16309 termed with signal 14(SIGALRM)
PT_F37-plus_2-100 Test Num : 82
Inject into ../bin/hello
----- Type : plus_2 Pos : PT_F37 -----
There are 1 faults will be injected in faulttable...
100069 microseconds
Fault on PT_F37(0Xfffffffffffffdfc -> 0Xfffffffffffffdfe)
3000095 microseconds
timeout
[ 2016-10-27 7:32:51]Process 16311 termed with signal 14(SIGALRM)
PT_F37-plus_2-100 Test Num : 83
Inject into ../bin/hello
----- Type : plus_2 Pos : PT_F37 -----
There are 1 faults will be injected in faulttable...
100976 microseconds
Fault on PT_F37(0Xfffffffffffffdfc -> 0Xfffffffffffffdfe)
3000094 microseconds
timeout
[ 2016-10-27 7:32:54]Process 16313 termed with signal 14(SIGALRM)
PT_F37-plus_2-100 Test Num : 84
Inject into ../bin/hello
----- Type : plus_2 Pos : PT_F37 -----
There are 1 faults will be injected in faulttable...
101078 microseconds
Fault on PT_F37(0Xfffffffffffffdfc -> 0Xfffffffffffffdfe)
3000115 microseconds
timeout
[ 2016-10-27 7:32:57]Process 16315 termed with signal 14(SIGALRM)
PT_F37-plus_2-100 Test Num : 85
Inject into ../bin/hello
----- Type : plus_2 Pos : PT_F37 -----
There are 1 faults will be injected in faulttable...
101172 microseconds
Fault on PT_F37(0Xfffffffffffffdfc -> 0Xfffffffffffffdfe)
3000095 microseconds
timeout
[  2016-10-27 7:33:0]Process 16317 termed with signal 14(SIGALRM)
PT_F37-plus_2-100 Test Num : 86
Inject into ../bin/hello
----- Type : plus_2 Pos : PT_F37 -----
There are 1 faults will be injected in faulttable...
100221 microseconds
Fault on PT_F37(0Xfffffffffffffdfc -> 0Xfffffffffffffdfe)
3000074 microseconds
timeout
[  2016-10-27 7:33:3]Process 16319 termed with signal 14(SIGALRM)
PT_F37-plus_2-100 Test Num : 87
Inject into ../bin/hello
----- Type : plus_2 Pos : PT_F37 -----
There are 1 faults will be injected in faulttable...
101020 microseconds
Fault on PT_F37(0Xfffffffffffffdfc -> 0Xfffffffffffffdfe)
3000087 microseconds
timeout
[  2016-10-27 7:33:6]Process 16321 termed with signal 14(SIGALRM)
PT_F37-plus_2-100 Test Num : 88
Inject into ../bin/hello
----- Type : plus_2 Pos : PT_F37 -----
There are 1 faults will be injected in faulttable...
101112 microseconds
Fault on PT_F37(0Xfffffffffffffdfc -> 0Xfffffffffffffdfe)
3000089 microseconds
timeout
[  2016-10-27 7:33:9]Process 16323 termed with signal 14(SIGALRM)
PT_F37-plus_2-100 Test Num : 89
Inject into ../bin/hello
----- Type : plus_2 Pos : PT_F37 -----
There are 1 faults will be injected in faulttable...
100980 microseconds
Fault on PT_F37(0Xfffffffffffffdfc -> 0Xfffffffffffffdfe)
3000071 microseconds
timeout
[ 2016-10-27 7:33:13]Process 16325 termed with signal 14(SIGALRM)
PT_F37-plus_2-100 Test Num : 90
Inject into ../bin/hello
----- Type : plus_2 Pos : PT_F37 -----
There are 1 faults will be injected in faulttable...
101136 microseconds
Fault on PT_F37(0Xfffffffffffffdfc -> 0Xfffffffffffffdfe)
3000221 microseconds
timeout
[ 2016-10-27 7:33:16]Process 16327 termed with signal 14(SIGALRM)
PT_F37-plus_2-100 Test Num : 91
Inject into ../bin/hello
----- Type : plus_2 Pos : PT_F37 -----
There are 1 faults will be injected in faulttable...
101202 microseconds
Fault on PT_F37(0Xfffffffffffffdfc -> 0Xfffffffffffffdfe)
3000071 microseconds
timeout
[ 2016-10-27 7:33:19]Process 16329 termed with signal 14(SIGALRM)
PT_F37-plus_2-100 Test Num : 92
Inject into ../bin/hello
----- Type : plus_2 Pos : PT_F37 -----
There are 1 faults will be injected in faulttable...
100981 microseconds
Fault on PT_F37(0Xfffffffffffffdfc -> 0Xfffffffffffffdfe)
3000072 microseconds
timeout
[ 2016-10-27 7:33:22]Process 16331 termed with signal 14(SIGALRM)
PT_F37-plus_2-100 Test Num : 93
Inject into ../bin/hello
----- Type : plus_2 Pos : PT_F37 -----
There are 1 faults will be injected in faulttable...
100995 microseconds
Fault on PT_F37(0Xfffffffffffffdfc -> 0Xfffffffffffffdfe)
3000078 microseconds
timeout
[ 2016-10-27 7:33:25]Process 16333 termed with signal 14(SIGALRM)
PT_F37-plus_2-100 Test Num : 94
Inject into ../bin/hello
----- Type : plus_2 Pos : PT_F37 -----
There are 1 faults will be injected in faulttable...
101068 microseconds
Fault on PT_F37(0Xfffffffffffffdfc -> 0Xfffffffffffffdfe)
3000094 microseconds
timeout
[ 2016-10-27 7:33:28]Process 16335 termed with signal 14(SIGALRM)
PT_F37-plus_2-100 Test Num : 95
Inject into ../bin/hello
----- Type : plus_2 Pos : PT_F37 -----
There are 1 faults will be injected in faulttable...
101040 microseconds
Fault on PT_F37(0Xfffffffffffffdfc -> 0Xfffffffffffffdfe)
3000064 microseconds
timeout
[ 2016-10-27 7:33:31]Process 16337 termed with signal 14(SIGALRM)
PT_F37-plus_2-100 Test Num : 96
Inject into ../bin/hello
----- Type : plus_2 Pos : PT_F37 -----
There are 1 faults will be injected in faulttable...
101215 microseconds
Fault on PT_F37(0Xfffffffffffffdfc -> 0Xfffffffffffffdfe)
3000071 microseconds
timeout
[ 2016-10-27 7:33:34]Process 16339 termed with signal 14(SIGALRM)
PT_F37-plus_2-100 Test Num : 97
Inject into ../bin/hello
----- Type : plus_2 Pos : PT_F37 -----
There are 1 faults will be injected in faulttable...
101018 microseconds
Fault on PT_F37(0Xfffffffffffffdfc -> 0Xfffffffffffffdfe)
3000088 microseconds
timeout
[ 2016-10-27 7:33:37]Process 16341 termed with signal 14(SIGALRM)
PT_F37-plus_2-100 Test Num : 98
Inject into ../bin/hello
----- Type : plus_2 Pos : PT_F37 -----
There are 1 faults will be injected in faulttable...
100125 microseconds
Fault on PT_F37(0Xfffffffffffffdfc -> 0Xfffffffffffffdfe)
3000086 microseconds
timeout
[ 2016-10-27 7:33:41]Process 16357 termed with signal 14(SIGALRM)
PT_F37-plus_2-100 Test Num : 99
Inject into ../bin/hello
----- Type : plus_2 Pos : PT_F37 -----
There are 1 faults will be injected in faulttable...
101051 microseconds
Fault on PT_F37(0Xfffffffffffffdfc -> 0Xfffffffffffffdfe)
3000096 microseconds
timeout
[ 2016-10-27 7:33:44]Process 16359 termed with signal 14(SIGALRM)
PT_F37-plus_2-100 Test Num : 100
Inject into ../bin/hello
----- Type : plus_2 Pos : PT_F37 -----
There are 1 faults will be injected in faulttable...
101014 microseconds
Fault on PT_F37(0Xfffffffffffffdfc -> 0Xfffffffffffffdfe)
3000106 microseconds
timeout
[ 2016-10-27 7:33:47]Process 16361 termed with signal 14(SIGALRM)
