PT_F37-plus_1-100 Test Num : 1
Inject into ../bin/hello
----- Type : plus_1 Pos : PT_F37 -----
There are 1 faults will be injected in faulttable...
100918 microseconds
Fault on PT_F37(0Xfffffffffffffdfc -> 0Xfffffffffffffdfd)
3000108 microseconds
timeout
[ 2016-10-27 7:23:27]Process 15931 termed with signal 14(SIGALRM)
PT_F37-plus_1-100 Test Num : 2
Inject into ../bin/hello
----- Type : plus_1 Pos : PT_F37 -----
There are 1 faults will be injected in faulttable...
101050 microseconds
Fault on PT_F37(0Xfffffffffffffdfc -> 0Xfffffffffffffdfd)
3000125 microseconds
timeout
[ 2016-10-27 7:23:30]Process 15933 termed with signal 14(SIGALRM)
PT_F37-plus_1-100 Test Num : 3
Inject into ../bin/hello
----- Type : plus_1 Pos : PT_F37 -----
There are 1 faults will be injected in faulttable...
101208 microseconds
Fault on PT_F37(0Xfffffffffffffdfc -> 0Xfffffffffffffdfd)
3000090 microseconds
timeout
[ 2016-10-27 7:23:34]Process 15935 termed with signal 14(SIGALRM)
PT_F37-plus_1-100 Test Num : 4
Inject into ../bin/hello
----- Type : plus_1 Pos : PT_F37 -----
There are 1 faults will be injected in faulttable...
101025 microseconds
Fault on PT_F37(0Xfffffffffffffdfc -> 0Xfffffffffffffdfd)
3000065 microseconds
timeout
[ 2016-10-27 7:23:37]Process 15951 termed with signal 14(SIGALRM)
PT_F37-plus_1-100 Test Num : 5
Inject into ../bin/hello
----- Type : plus_1 Pos : PT_F37 -----
There are 1 faults will be injected in faulttable...
101033 microseconds
Fault on PT_F37(0Xfffffffffffffdfc -> 0Xfffffffffffffdfd)
3000100 microseconds
timeout
[ 2016-10-27 7:23:40]Process 15953 termed with signal 14(SIGALRM)
PT_F37-plus_1-100 Test Num : 6
Inject into ../bin/hello
----- Type : plus_1 Pos : PT_F37 -----
There are 1 faults will be injected in faulttable...
100080 microseconds
Fault on PT_F37(0Xfffffffffffffdfc -> 0Xfffffffffffffdfd)
3000090 microseconds
timeout
[ 2016-10-27 7:23:43]Process 15955 termed with signal 14(SIGALRM)
PT_F37-plus_1-100 Test Num : 7
Inject into ../bin/hello
----- Type : plus_1 Pos : PT_F37 -----
There are 1 faults will be injected in faulttable...
101030 microseconds
Fault on PT_F37(0Xfffffffffffffdfc -> 0Xfffffffffffffdfd)
3000063 microseconds
timeout
[ 2016-10-27 7:23:46]Process 15957 termed with signal 14(SIGALRM)
PT_F37-plus_1-100 Test Num : 8
Inject into ../bin/hello
----- Type : plus_1 Pos : PT_F37 -----
There are 1 faults will be injected in faulttable...
100979 microseconds
Fault on PT_F37(0Xfffffffffffffdfc -> 0Xfffffffffffffdfd)
3000090 microseconds
timeout
[ 2016-10-27 7:23:49]Process 15959 termed with signal 14(SIGALRM)
PT_F37-plus_1-100 Test Num : 9
Inject into ../bin/hello
----- Type : plus_1 Pos : PT_F37 -----
There are 1 faults will be injected in faulttable...
101042 microseconds
Fault on PT_F37(0Xfffffffffffffdfc -> 0Xfffffffffffffdfd)
3000103 microseconds
timeout
[ 2016-10-27 7:23:52]Process 15961 termed with signal 14(SIGALRM)
PT_F37-plus_1-100 Test Num : 10
Inject into ../bin/hello
----- Type : plus_1 Pos : PT_F37 -----
There are 1 faults will be injected in faulttable...
101143 microseconds
Fault on PT_F37(0Xfffffffffffffdfc -> 0Xfffffffffffffdfd)
3000108 microseconds
timeout
[ 2016-10-27 7:23:55]Process 15963 termed with signal 14(SIGALRM)
PT_F37-plus_1-100 Test Num : 11
Inject into ../bin/hello
----- Type : plus_1 Pos : PT_F37 -----
There are 1 faults will be injected in faulttable...
101108 microseconds
Fault on PT_F37(0Xfffffffffffffdfc -> 0Xfffffffffffffdfd)
3000119 microseconds
timeout
[ 2016-10-27 7:23:58]Process 15965 termed with signal 14(SIGALRM)
PT_F37-plus_1-100 Test Num : 12
Inject into ../bin/hello
----- Type : plus_1 Pos : PT_F37 -----
There are 1 faults will be injected in faulttable...
101047 microseconds
Fault on PT_F37(0Xfffffffffffffdfc -> 0Xfffffffffffffdfd)
3000124 microseconds
timeout
[  2016-10-27 7:24:2]Process 15967 termed with signal 14(SIGALRM)
PT_F37-plus_1-100 Test Num : 13
Inject into ../bin/hello
----- Type : plus_1 Pos : PT_F37 -----
There are 1 faults will be injected in faulttable...
101013 microseconds
Fault on PT_F37(0Xfffffffffffffdfc -> 0Xfffffffffffffdfd)
3000142 microseconds
timeout
[  2016-10-27 7:24:5]Process 15969 termed with signal 14(SIGALRM)
PT_F37-plus_1-100 Test Num : 14
Inject into ../bin/hello
----- Type : plus_1 Pos : PT_F37 -----
There are 1 faults will be injected in faulttable...
100979 microseconds
Fault on PT_F37(0Xfffffffffffffdfc -> 0Xfffffffffffffdfd)
3000113 microseconds
timeout
[  2016-10-27 7:24:8]Process 15971 termed with signal 14(SIGALRM)
PT_F37-plus_1-100 Test Num : 15
Inject into ../bin/hello
----- Type : plus_1 Pos : PT_F37 -----
There are 1 faults will be injected in faulttable...
100967 microseconds
Fault on PT_F37(0Xfffffffffffffdfc -> 0Xfffffffffffffdfd)
3000111 microseconds
timeout
[ 2016-10-27 7:24:11]Process 15973 termed with signal 14(SIGALRM)
PT_F37-plus_1-100 Test Num : 16
Inject into ../bin/hello
----- Type : plus_1 Pos : PT_F37 -----
There are 1 faults will be injected in faulttable...
101017 microseconds
Fault on PT_F37(0Xfffffffffffffdfc -> 0Xfffffffffffffdfd)
3000096 microseconds
timeout
[ 2016-10-27 7:24:14]Process 15975 termed with signal 14(SIGALRM)
PT_F37-plus_1-100 Test Num : 17
Inject into ../bin/hello
----- Type : plus_1 Pos : PT_F37 -----
There are 1 faults will be injected in faulttable...
101007 microseconds
Fault on PT_F37(0Xfffffffffffffdfc -> 0Xfffffffffffffdfd)
3000113 microseconds
timeout
[ 2016-10-27 7:24:17]Process 15977 termed with signal 14(SIGALRM)
PT_F37-plus_1-100 Test Num : 18
Inject into ../bin/hello
----- Type : plus_1 Pos : PT_F37 -----
There are 1 faults will be injected in faulttable...
100071 microseconds
Fault on PT_F37(0Xfffffffffffffdfc -> 0Xfffffffffffffdfd)
3000084 microseconds
timeout
[ 2016-10-27 7:24:20]Process 15979 termed with signal 14(SIGALRM)
PT_F37-plus_1-100 Test Num : 19
Inject into ../bin/hello
----- Type : plus_1 Pos : PT_F37 -----
There are 1 faults will be injected in faulttable...
100999 microseconds
Fault on PT_F37(0Xfffffffffffffdfc -> 0Xfffffffffffffdfd)
3000204 microseconds
timeout
[ 2016-10-27 7:24:23]Process 15981 termed with signal 14(SIGALRM)
PT_F37-plus_1-100 Test Num : 20
Inject into ../bin/hello
----- Type : plus_1 Pos : PT_F37 -----
There are 1 faults will be injected in faulttable...
100066 microseconds
Fault on PT_F37(0Xfffffffffffffdfc -> 0Xfffffffffffffdfd)
3000117 microseconds
timeout
[ 2016-10-27 7:24:26]Process 15983 termed with signal 14(SIGALRM)
PT_F37-plus_1-100 Test Num : 21
Inject into ../bin/hello
----- Type : plus_1 Pos : PT_F37 -----
There are 1 faults will be injected in faulttable...
101091 microseconds
Fault on PT_F37(0Xfffffffffffffdfc -> 0Xfffffffffffffdfd)
3000098 microseconds
timeout
[ 2016-10-27 7:24:30]Process 15985 termed with signal 14(SIGALRM)
PT_F37-plus_1-100 Test Num : 22
Inject into ../bin/hello
----- Type : plus_1 Pos : PT_F37 -----
There are 1 faults will be injected in faulttable...
100967 microseconds
Fault on PT_F37(0Xfffffffffffffdfc -> 0Xfffffffffffffdfd)
3000096 microseconds
timeout
[ 2016-10-27 7:24:33]Process 15987 termed with signal 14(SIGALRM)
PT_F37-plus_1-100 Test Num : 23
Inject into ../bin/hello
----- Type : plus_1 Pos : PT_F37 -----
There are 1 faults will be injected in faulttable...
100068 microseconds
Fault on PT_F37(0Xfffffffffffffdfc -> 0Xfffffffffffffdfd)
3000081 microseconds
timeout
[ 2016-10-27 7:24:36]Process 15989 termed with signal 14(SIGALRM)
PT_F37-plus_1-100 Test Num : 24
Inject into ../bin/hello
----- Type : plus_1 Pos : PT_F37 -----
There are 1 faults will be injected in faulttable...
100192 microseconds
Fault on PT_F37(0Xfffffffffffffdfc -> 0Xfffffffffffffdfd)
3000111 microseconds
timeout
[ 2016-10-27 7:24:39]Process 15991 termed with signal 14(SIGALRM)
PT_F37-plus_1-100 Test Num : 25
Inject into ../bin/hello
----- Type : plus_1 Pos : PT_F37 -----
There are 1 faults will be injected in faulttable...
101022 microseconds
Fault on PT_F37(0Xfffffffffffffdfc -> 0Xfffffffffffffdfd)
3000050 microseconds
timeout
[ 2016-10-27 7:24:42]Process 15993 termed with signal 14(SIGALRM)
PT_F37-plus_1-100 Test Num : 26
Inject into ../bin/hello
----- Type : plus_1 Pos : PT_F37 -----
There are 1 faults will be injected in faulttable...
100874 microseconds
Fault on PT_F37(0Xfffffffffffffdfc -> 0Xfffffffffffffdfd)
3000114 microseconds
timeout
[ 2016-10-27 7:24:45]Process 15995 termed with signal 14(SIGALRM)
PT_F37-plus_1-100 Test Num : 27
Inject into ../bin/hello
----- Type : plus_1 Pos : PT_F37 -----
There are 1 faults will be injected in faulttable...
101110 microseconds
Fault on PT_F37(0Xfffffffffffffdfc -> 0Xfffffffffffffdfd)
3000130 microseconds
timeout
[ 2016-10-27 7:24:48]Process 15997 termed with signal 14(SIGALRM)
PT_F37-plus_1-100 Test Num : 28
Inject into ../bin/hello
----- Type : plus_1 Pos : PT_F37 -----
There are 1 faults will be injected in faulttable...
101079 microseconds
Fault on PT_F37(0Xfffffffffffffdfc -> 0Xfffffffffffffdfd)
3000111 microseconds
timeout
[ 2016-10-27 7:24:51]Process 15999 termed with signal 14(SIGALRM)
PT_F37-plus_1-100 Test Num : 29
Inject into ../bin/hello
----- Type : plus_1 Pos : PT_F37 -----
There are 1 faults will be injected in faulttable...
100987 microseconds
Fault on PT_F37(0Xfffffffffffffdfc -> 0Xfffffffffffffdfd)
3000133 microseconds
timeout
[ 2016-10-27 7:24:54]Process 16001 termed with signal 14(SIGALRM)
PT_F37-plus_1-100 Test Num : 30
Inject into ../bin/hello
----- Type : plus_1 Pos : PT_F37 -----
There are 1 faults will be injected in faulttable...
101148 microseconds
Fault on PT_F37(0Xfffffffffffffdfc -> 0Xfffffffffffffdfd)
3000105 microseconds
timeout
[ 2016-10-27 7:24:58]Process 16003 termed with signal 14(SIGALRM)
PT_F37-plus_1-100 Test Num : 31
Inject into ../bin/hello
----- Type : plus_1 Pos : PT_F37 -----
There are 1 faults will be injected in faulttable...
100943 microseconds
Fault on PT_F37(0Xfffffffffffffdfc -> 0Xfffffffffffffdfd)
3000104 microseconds
timeout
[  2016-10-27 7:25:1]Process 16005 termed with signal 14(SIGALRM)
PT_F37-plus_1-100 Test Num : 32
Inject into ../bin/hello
----- Type : plus_1 Pos : PT_F37 -----
There are 1 faults will be injected in faulttable...
101090 microseconds
Fault on PT_F37(0Xfffffffffffffdfc -> 0Xfffffffffffffdfd)
3000133 microseconds
timeout
[  2016-10-27 7:25:4]Process 16007 termed with signal 14(SIGALRM)
PT_F37-plus_1-100 Test Num : 33
Inject into ../bin/hello
----- Type : plus_1 Pos : PT_F37 -----
There are 1 faults will be injected in faulttable...
101138 microseconds
Fault on PT_F37(0Xfffffffffffffdfc -> 0Xfffffffffffffdfd)
3000110 microseconds
timeout
[  2016-10-27 7:25:7]Process 16009 termed with signal 14(SIGALRM)
PT_F37-plus_1-100 Test Num : 34
Inject into ../bin/hello
----- Type : plus_1 Pos : PT_F37 -----
There are 1 faults will be injected in faulttable...
100942 microseconds
Fault on PT_F37(0Xfffffffffffffdfc -> 0Xfffffffffffffdfd)
3000101 microseconds
timeout
[ 2016-10-27 7:25:10]Process 16011 termed with signal 14(SIGALRM)
PT_F37-plus_1-100 Test Num : 35
Inject into ../bin/hello
----- Type : plus_1 Pos : PT_F37 -----
There are 1 faults will be injected in faulttable...
100984 microseconds
Fault on PT_F37(0Xfffffffffffffdfc -> 0Xfffffffffffffdfd)
3000089 microseconds
timeout
[ 2016-10-27 7:25:13]Process 16013 termed with signal 14(SIGALRM)
PT_F37-plus_1-100 Test Num : 36
Inject into ../bin/hello
----- Type : plus_1 Pos : PT_F37 -----
There are 1 faults will be injected in faulttable...
100960 microseconds
Fault on PT_F37(0Xfffffffffffffdfc -> 0Xfffffffffffffdfd)
3000074 microseconds
timeout
[ 2016-10-27 7:25:16]Process 16015 termed with signal 14(SIGALRM)
PT_F37-plus_1-100 Test Num : 37
Inject into ../bin/hello
----- Type : plus_1 Pos : PT_F37 -----
There are 1 faults will be injected in faulttable...
101020 microseconds
Fault on PT_F37(0Xfffffffffffffdfc -> 0Xfffffffffffffdfd)
3000109 microseconds
timeout
[ 2016-10-27 7:25:19]Process 16017 termed with signal 14(SIGALRM)
PT_F37-plus_1-100 Test Num : 38
Inject into ../bin/hello
----- Type : plus_1 Pos : PT_F37 -----
There are 1 faults will be injected in faulttable...
100086 microseconds
Fault on PT_F37(0Xfffffffffffffdfc -> 0Xfffffffffffffdfd)
3000057 microseconds
timeout
[ 2016-10-27 7:25:22]Process 16019 termed with signal 14(SIGALRM)
PT_F37-plus_1-100 Test Num : 39
Inject into ../bin/hello
----- Type : plus_1 Pos : PT_F37 -----
There are 1 faults will be injected in faulttable...
101022 microseconds
Fault on PT_F37(0Xfffffffffffffdfc -> 0Xfffffffffffffdfd)
3000101 microseconds
timeout
[ 2016-10-27 7:25:26]Process 16021 termed with signal 14(SIGALRM)
PT_F37-plus_1-100 Test Num : 40
Inject into ../bin/hello
----- Type : plus_1 Pos : PT_F37 -----
There are 1 faults will be injected in faulttable...
100128 microseconds
Fault on PT_F37(0Xfffffffffffffdfc -> 0Xfffffffffffffdfd)
3000082 microseconds
timeout
[ 2016-10-27 7:25:29]Process 16023 termed with signal 14(SIGALRM)
PT_F37-plus_1-100 Test Num : 41
Inject into ../bin/hello
----- Type : plus_1 Pos : PT_F37 -----
There are 1 faults will be injected in faulttable...
100962 microseconds
Fault on PT_F37(0Xfffffffffffffdfc -> 0Xfffffffffffffdfd)
3000204 microseconds
timeout
[ 2016-10-27 7:25:32]Process 16026 termed with signal 14(SIGALRM)
PT_F37-plus_1-100 Test Num : 42
Inject into ../bin/hello
----- Type : plus_1 Pos : PT_F37 -----
There are 1 faults will be injected in faulttable...
101340 microseconds
Fault on PT_F37(0Xfffffffffffffdfc -> 0Xfffffffffffffdfd)
3000107 microseconds
timeout
[ 2016-10-27 7:25:35]Process 16028 termed with signal 14(SIGALRM)
PT_F37-plus_1-100 Test Num : 43
Inject into ../bin/hello
----- Type : plus_1 Pos : PT_F37 -----
There are 1 faults will be injected in faulttable...
100965 microseconds
Fault on PT_F37(0Xfffffffffffffdfc -> 0Xfffffffffffffdfd)
3000106 microseconds
timeout
[ 2016-10-27 7:25:38]Process 16030 termed with signal 14(SIGALRM)
PT_F37-plus_1-100 Test Num : 44
Inject into ../bin/hello
----- Type : plus_1 Pos : PT_F37 -----
There are 1 faults will be injected in faulttable...
101030 microseconds
Fault on PT_F37(0Xfffffffffffffdfc -> 0Xfffffffffffffdfd)
3000100 microseconds
timeout
[ 2016-10-27 7:25:41]Process 16032 termed with signal 14(SIGALRM)
PT_F37-plus_1-100 Test Num : 45
Inject into ../bin/hello
----- Type : plus_1 Pos : PT_F37 -----
There are 1 faults will be injected in faulttable...
100270 microseconds
Fault on PT_F37(0Xfffffffffffffdfc -> 0Xfffffffffffffdfd)
3000089 microseconds
timeout
[ 2016-10-27 7:25:44]Process 16034 termed with signal 14(SIGALRM)
PT_F37-plus_1-100 Test Num : 46
Inject into ../bin/hello
----- Type : plus_1 Pos : PT_F37 -----
There are 1 faults will be injected in faulttable...
101183 microseconds
Fault on PT_F37(0Xfffffffffffffdfc -> 0Xfffffffffffffdfd)
3000136 microseconds
timeout
[ 2016-10-27 7:25:47]Process 16036 termed with signal 14(SIGALRM)
PT_F37-plus_1-100 Test Num : 47
Inject into ../bin/hello
----- Type : plus_1 Pos : PT_F37 -----
There are 1 faults will be injected in faulttable...
100989 microseconds
Fault on PT_F37(0Xfffffffffffffdfc -> 0Xfffffffffffffdfd)
3000081 microseconds
timeout
[ 2016-10-27 7:25:51]Process 16038 termed with signal 14(SIGALRM)
PT_F37-plus_1-100 Test Num : 48
Inject into ../bin/hello
----- Type : plus_1 Pos : PT_F37 -----
There are 1 faults will be injected in faulttable...
101251 microseconds
Fault on PT_F37(0Xfffffffffffffdfc -> 0Xfffffffffffffdfd)
3000121 microseconds
timeout
[ 2016-10-27 7:25:54]Process 16040 termed with signal 14(SIGALRM)
PT_F37-plus_1-100 Test Num : 49
Inject into ../bin/hello
----- Type : plus_1 Pos : PT_F37 -----
There are 1 faults will be injected in faulttable...
100993 microseconds
Fault on PT_F37(0Xfffffffffffffdfc -> 0Xfffffffffffffdfd)
3000088 microseconds
timeout
[ 2016-10-27 7:25:57]Process 16042 termed with signal 14(SIGALRM)
PT_F37-plus_1-100 Test Num : 50
Inject into ../bin/hello
----- Type : plus_1 Pos : PT_F37 -----
There are 1 faults will be injected in faulttable...
100070 microseconds
Fault on PT_F37(0Xfffffffffffffdfc -> 0Xfffffffffffffdfd)
3000092 microseconds
timeout
[  2016-10-27 7:26:0]Process 16044 termed with signal 14(SIGALRM)
PT_F37-plus_1-100 Test Num : 51
Inject into ../bin/hello
----- Type : plus_1 Pos : PT_F37 -----
There are 1 faults will be injected in faulttable...
101220 microseconds
Fault on PT_F37(0Xfffffffffffffdfc -> 0Xfffffffffffffdfd)
3000102 microseconds
timeout
[  2016-10-27 7:26:3]Process 16046 termed with signal 14(SIGALRM)
PT_F37-plus_1-100 Test Num : 52
Inject into ../bin/hello
----- Type : plus_1 Pos : PT_F37 -----
There are 1 faults will be injected in faulttable...
101058 microseconds
Fault on PT_F37(0Xfffffffffffffdfc -> 0Xfffffffffffffdfd)
3000142 microseconds
timeout
[  2016-10-27 7:26:6]Process 16048 termed with signal 14(SIGALRM)
PT_F37-plus_1-100 Test Num : 53
Inject into ../bin/hello
----- Type : plus_1 Pos : PT_F37 -----
There are 1 faults will be injected in faulttable...
100072 microseconds
Fault on PT_F37(0Xfffffffffffffdfc -> 0Xfffffffffffffdfd)
3000086 microseconds
timeout
[  2016-10-27 7:26:9]Process 16050 termed with signal 14(SIGALRM)
PT_F37-plus_1-100 Test Num : 54
Inject into ../bin/hello
----- Type : plus_1 Pos : PT_F37 -----
There are 1 faults will be injected in faulttable...
101080 microseconds
Fault on PT_F37(0Xfffffffffffffdfc -> 0Xfffffffffffffdfd)
3000073 microseconds
timeout
[ 2016-10-27 7:26:12]Process 16052 termed with signal 14(SIGALRM)
PT_F37-plus_1-100 Test Num : 55
Inject into ../bin/hello
----- Type : plus_1 Pos : PT_F37 -----
There are 1 faults will be injected in faulttable...
101036 microseconds
Fault on PT_F37(0Xfffffffffffffdfc -> 0Xfffffffffffffdfd)
3000176 microseconds
timeout
[ 2016-10-27 7:26:15]Process 16054 termed with signal 14(SIGALRM)
PT_F37-plus_1-100 Test Num : 56
Inject into ../bin/hello
----- Type : plus_1 Pos : PT_F37 -----
There are 1 faults will be injected in faulttable...
100962 microseconds
Fault on PT_F37(0Xfffffffffffffdfc -> 0Xfffffffffffffdfd)
3000123 microseconds
timeout
[ 2016-10-27 7:26:19]Process 16056 termed with signal 14(SIGALRM)
PT_F37-plus_1-100 Test Num : 57
Inject into ../bin/hello
----- Type : plus_1 Pos : PT_F37 -----
There are 1 faults will be injected in faulttable...
101072 microseconds
Fault on PT_F37(0Xfffffffffffffdfc -> 0Xfffffffffffffdfd)
3000350 microseconds
timeout
[ 2016-10-27 7:26:22]Process 16058 termed with signal 14(SIGALRM)
PT_F37-plus_1-100 Test Num : 58
Inject into ../bin/hello
----- Type : plus_1 Pos : PT_F37 -----
There are 1 faults will be injected in faulttable...
100203 microseconds
Fault on PT_F37(0Xfffffffffffffdfc -> 0Xfffffffffffffdfd)
3000096 microseconds
timeout
[ 2016-10-27 7:26:25]Process 16060 termed with signal 14(SIGALRM)
PT_F37-plus_1-100 Test Num : 59
Inject into ../bin/hello
----- Type : plus_1 Pos : PT_F37 -----
There are 1 faults will be injected in faulttable...
100972 microseconds
Fault on PT_F37(0Xfffffffffffffdfc -> 0Xfffffffffffffdfd)
3000065 microseconds
timeout
[ 2016-10-27 7:26:28]Process 16062 termed with signal 14(SIGALRM)
PT_F37-plus_1-100 Test Num : 60
Inject into ../bin/hello
----- Type : plus_1 Pos : PT_F37 -----
There are 1 faults will be injected in faulttable...
101039 microseconds
Fault on PT_F37(0Xfffffffffffffdfc -> 0Xfffffffffffffdfd)
3000096 microseconds
timeout
[ 2016-10-27 7:26:31]Process 16064 termed with signal 14(SIGALRM)
PT_F37-plus_1-100 Test Num : 61
Inject into ../bin/hello
----- Type : plus_1 Pos : PT_F37 -----
There are 1 faults will be injected in faulttable...
100976 microseconds
Fault on PT_F37(0Xfffffffffffffdfc -> 0Xfffffffffffffdfd)
3000088 microseconds
timeout
[ 2016-10-27 7:26:34]Process 16066 termed with signal 14(SIGALRM)
PT_F37-plus_1-100 Test Num : 62
Inject into ../bin/hello
----- Type : plus_1 Pos : PT_F37 -----
There are 1 faults will be injected in faulttable...
101165 microseconds
Fault on PT_F37(0Xfffffffffffffdfc -> 0Xfffffffffffffdfd)
3000107 microseconds
timeout
[ 2016-10-27 7:26:37]Process 16068 termed with signal 14(SIGALRM)
PT_F37-plus_1-100 Test Num : 63
Inject into ../bin/hello
----- Type : plus_1 Pos : PT_F37 -----
There are 1 faults will be injected in faulttable...
101077 microseconds
Fault on PT_F37(0Xfffffffffffffdfc -> 0Xfffffffffffffdfd)
3000068 microseconds
timeout
[ 2016-10-27 7:26:40]Process 16070 termed with signal 14(SIGALRM)
PT_F37-plus_1-100 Test Num : 64
Inject into ../bin/hello
----- Type : plus_1 Pos : PT_F37 -----
There are 1 faults will be injected in faulttable...
100939 microseconds
Fault on PT_F37(0Xfffffffffffffdfc -> 0Xfffffffffffffdfd)
3000098 microseconds
timeout
[ 2016-10-27 7:26:43]Process 16072 termed with signal 14(SIGALRM)
PT_F37-plus_1-100 Test Num : 65
Inject into ../bin/hello
----- Type : plus_1 Pos : PT_F37 -----
There are 1 faults will be injected in faulttable...
101225 microseconds
Fault on PT_F37(0Xfffffffffffffdfc -> 0Xfffffffffffffdfd)
3000087 microseconds
timeout
[ 2016-10-27 7:26:47]Process 16074 termed with signal 14(SIGALRM)
PT_F37-plus_1-100 Test Num : 66
Inject into ../bin/hello
----- Type : plus_1 Pos : PT_F37 -----
There are 1 faults will be injected in faulttable...
101101 microseconds
Fault on PT_F37(0Xfffffffffffffdfc -> 0Xfffffffffffffdfd)
3000084 microseconds
timeout
[ 2016-10-27 7:26:50]Process 16076 termed with signal 14(SIGALRM)
PT_F37-plus_1-100 Test Num : 67
Inject into ../bin/hello
----- Type : plus_1 Pos : PT_F37 -----
There are 1 faults will be injected in faulttable...
100949 microseconds
Fault on PT_F37(0Xfffffffffffffdfc -> 0Xfffffffffffffdfd)
3000078 microseconds
timeout
[ 2016-10-27 7:26:53]Process 16078 termed with signal 14(SIGALRM)
PT_F37-plus_1-100 Test Num : 68
Inject into ../bin/hello
----- Type : plus_1 Pos : PT_F37 -----
There are 1 faults will be injected in faulttable...
100066 microseconds
Fault on PT_F37(0Xfffffffffffffdfc -> 0Xfffffffffffffdfd)
3000060 microseconds
timeout
[ 2016-10-27 7:26:56]Process 16080 termed with signal 14(SIGALRM)
PT_F37-plus_1-100 Test Num : 69
Inject into ../bin/hello
----- Type : plus_1 Pos : PT_F37 -----
There are 1 faults will be injected in faulttable...
101014 microseconds
Fault on PT_F37(0Xfffffffffffffdfc -> 0Xfffffffffffffdfd)
3000092 microseconds
timeout
[ 2016-10-27 7:26:59]Process 16082 termed with signal 14(SIGALRM)
PT_F37-plus_1-100 Test Num : 70
Inject into ../bin/hello
----- Type : plus_1 Pos : PT_F37 -----
There are 1 faults will be injected in faulttable...
101031 microseconds
Fault on PT_F37(0Xfffffffffffffdfc -> 0Xfffffffffffffdfd)
3000123 microseconds
timeout
[  2016-10-27 7:27:2]Process 16084 termed with signal 14(SIGALRM)
PT_F37-plus_1-100 Test Num : 71
Inject into ../bin/hello
----- Type : plus_1 Pos : PT_F37 -----
There are 1 faults will be injected in faulttable...
101496 microseconds
Fault on PT_F37(0Xfffffffffffffdfc -> 0Xfffffffffffffdfd)
3000088 microseconds
timeout
[  2016-10-27 7:27:5]Process 16086 termed with signal 14(SIGALRM)
PT_F37-plus_1-100 Test Num : 72
Inject into ../bin/hello
----- Type : plus_1 Pos : PT_F37 -----
There are 1 faults will be injected in faulttable...
101129 microseconds
Fault on PT_F37(0Xfffffffffffffdfc -> 0Xfffffffffffffdfd)
3000085 microseconds
timeout
[  2016-10-27 7:27:8]Process 16088 termed with signal 14(SIGALRM)
PT_F37-plus_1-100 Test Num : 73
Inject into ../bin/hello
----- Type : plus_1 Pos : PT_F37 -----
There are 1 faults will be injected in faulttable...
100977 microseconds
Fault on PT_F37(0Xfffffffffffffdfc -> 0Xfffffffffffffdfd)
3000086 microseconds
timeout
[ 2016-10-27 7:27:11]Process 16090 termed with signal 14(SIGALRM)
PT_F37-plus_1-100 Test Num : 74
Inject into ../bin/hello
----- Type : plus_1 Pos : PT_F37 -----
There are 1 faults will be injected in faulttable...
100108 microseconds
Fault on PT_F37(0Xfffffffffffffdfc -> 0Xfffffffffffffdfd)
3000111 microseconds
timeout
[ 2016-10-27 7:27:15]Process 16092 termed with signal 14(SIGALRM)
PT_F37-plus_1-100 Test Num : 75
Inject into ../bin/hello
----- Type : plus_1 Pos : PT_F37 -----
There are 1 faults will be injected in faulttable...
101030 microseconds
Fault on PT_F37(0Xfffffffffffffdfc -> 0Xfffffffffffffdfd)
3000101 microseconds
timeout
[ 2016-10-27 7:27:18]Process 16094 termed with signal 14(SIGALRM)
PT_F37-plus_1-100 Test Num : 76
Inject into ../bin/hello
----- Type : plus_1 Pos : PT_F37 -----
There are 1 faults will be injected in faulttable...
101099 microseconds
Fault on PT_F37(0Xfffffffffffffdfc -> 0Xfffffffffffffdfd)
3000077 microseconds
timeout
[ 2016-10-27 7:27:21]Process 16096 termed with signal 14(SIGALRM)
PT_F37-plus_1-100 Test Num : 77
Inject into ../bin/hello
----- Type : plus_1 Pos : PT_F37 -----
There are 1 faults will be injected in faulttable...
100976 microseconds
Fault on PT_F37(0Xfffffffffffffdfc -> 0Xfffffffffffffdfd)
3000066 microseconds
timeout
[ 2016-10-27 7:27:24]Process 16098 termed with signal 14(SIGALRM)
PT_F37-plus_1-100 Test Num : 78
Inject into ../bin/hello
----- Type : plus_1 Pos : PT_F37 -----
There are 1 faults will be injected in faulttable...
100971 microseconds
Fault on PT_F37(0Xfffffffffffffdfc -> 0Xfffffffffffffdfd)
3000134 microseconds
timeout
[ 2016-10-27 7:27:27]Process 16100 termed with signal 14(SIGALRM)
PT_F37-plus_1-100 Test Num : 79
Inject into ../bin/hello
----- Type : plus_1 Pos : PT_F37 -----
There are 1 faults will be injected in faulttable...
101028 microseconds
Fault on PT_F37(0Xfffffffffffffdfc -> 0Xfffffffffffffdfd)
3000089 microseconds
timeout
[ 2016-10-27 7:27:30]Process 16102 termed with signal 14(SIGALRM)
PT_F37-plus_1-100 Test Num : 80
Inject into ../bin/hello
----- Type : plus_1 Pos : PT_F37 -----
There are 1 faults will be injected in faulttable...
100977 microseconds
Fault on PT_F37(0Xfffffffffffffdfc -> 0Xfffffffffffffdfd)
3000080 microseconds
timeout
[ 2016-10-27 7:27:33]Process 16104 termed with signal 14(SIGALRM)
PT_F37-plus_1-100 Test Num : 81
Inject into ../bin/hello
----- Type : plus_1 Pos : PT_F37 -----
There are 1 faults will be injected in faulttable...
101026 microseconds
Fault on PT_F37(0Xfffffffffffffdfc -> 0Xfffffffffffffdfd)
3000091 microseconds
timeout
[ 2016-10-27 7:27:36]Process 16106 termed with signal 14(SIGALRM)
PT_F37-plus_1-100 Test Num : 82
Inject into ../bin/hello
----- Type : plus_1 Pos : PT_F37 -----
There are 1 faults will be injected in faulttable...
100991 microseconds
Fault on PT_F37(0Xfffffffffffffdfc -> 0Xfffffffffffffdfd)
3000115 microseconds
timeout
[ 2016-10-27 7:27:39]Process 16108 termed with signal 14(SIGALRM)
PT_F37-plus_1-100 Test Num : 83
Inject into ../bin/hello
----- Type : plus_1 Pos : PT_F37 -----
There are 1 faults will be injected in faulttable...
100141 microseconds
Fault on PT_F37(0Xfffffffffffffdfc -> 0Xfffffffffffffdfd)
3000068 microseconds
timeout
[ 2016-10-27 7:27:43]Process 16110 termed with signal 14(SIGALRM)
PT_F37-plus_1-100 Test Num : 84
Inject into ../bin/hello
----- Type : plus_1 Pos : PT_F37 -----
There are 1 faults will be injected in faulttable...
101007 microseconds
Fault on PT_F37(0Xfffffffffffffdfc -> 0Xfffffffffffffdfd)
3000100 microseconds
timeout
[ 2016-10-27 7:27:46]Process 16112 termed with signal 14(SIGALRM)
PT_F37-plus_1-100 Test Num : 85
Inject into ../bin/hello
----- Type : plus_1 Pos : PT_F37 -----
There are 1 faults will be injected in faulttable...
101026 microseconds
Fault on PT_F37(0Xfffffffffffffdfc -> 0Xfffffffffffffdfd)
3000123 microseconds
timeout
[ 2016-10-27 7:27:49]Process 16114 termed with signal 14(SIGALRM)
PT_F37-plus_1-100 Test Num : 86
Inject into ../bin/hello
----- Type : plus_1 Pos : PT_F37 -----
There are 1 faults will be injected in faulttable...
100103 microseconds
Fault on PT_F37(0Xfffffffffffffdfc -> 0Xfffffffffffffdfd)
3000068 microseconds
timeout
[ 2016-10-27 7:27:52]Process 16116 termed with signal 14(SIGALRM)
PT_F37-plus_1-100 Test Num : 87
Inject into ../bin/hello
----- Type : plus_1 Pos : PT_F37 -----
There are 1 faults will be injected in faulttable...
101034 microseconds
Fault on PT_F37(0Xfffffffffffffdfc -> 0Xfffffffffffffdfd)
3000116 microseconds
timeout
[ 2016-10-27 7:27:55]Process 16118 termed with signal 14(SIGALRM)
PT_F37-plus_1-100 Test Num : 88
Inject into ../bin/hello
----- Type : plus_1 Pos : PT_F37 -----
There are 1 faults will be injected in faulttable...
100975 microseconds
Fault on PT_F37(0Xfffffffffffffdfc -> 0Xfffffffffffffdfd)
3000153 microseconds
timeout
[ 2016-10-27 7:27:58]Process 16120 termed with signal 14(SIGALRM)
PT_F37-plus_1-100 Test Num : 89
Inject into ../bin/hello
----- Type : plus_1 Pos : PT_F37 -----
There are 1 faults will be injected in faulttable...
100194 microseconds
Fault on PT_F37(0Xfffffffffffffdfc -> 0Xfffffffffffffdfd)
3000055 microseconds
timeout
[  2016-10-27 7:28:1]Process 16122 termed with signal 14(SIGALRM)
PT_F37-plus_1-100 Test Num : 90
Inject into ../bin/hello
----- Type : plus_1 Pos : PT_F37 -----
There are 1 faults will be injected in faulttable...
101196 microseconds
Fault on PT_F37(0Xfffffffffffffdfc -> 0Xfffffffffffffdfd)
3000109 microseconds
timeout
[  2016-10-27 7:28:4]Process 16124 termed with signal 14(SIGALRM)
PT_F37-plus_1-100 Test Num : 91
Inject into ../bin/hello
----- Type : plus_1 Pos : PT_F37 -----
There are 1 faults will be injected in faulttable...
100946 microseconds
Fault on PT_F37(0Xfffffffffffffdfc -> 0Xfffffffffffffdfd)
3000069 microseconds
timeout
[  2016-10-27 7:28:7]Process 16126 termed with signal 14(SIGALRM)
PT_F37-plus_1-100 Test Num : 92
Inject into ../bin/hello
----- Type : plus_1 Pos : PT_F37 -----
There are 1 faults will be injected in faulttable...
100148 microseconds
Fault on PT_F37(0Xfffffffffffffdfc -> 0Xfffffffffffffdfd)
3000099 microseconds
timeout
[ 2016-10-27 7:28:11]Process 16128 termed with signal 14(SIGALRM)
PT_F37-plus_1-100 Test Num : 93
Inject into ../bin/hello
----- Type : plus_1 Pos : PT_F37 -----
There are 1 faults will be injected in faulttable...
101629 microseconds
Fault on PT_F37(0Xfffffffffffffdfc -> 0Xfffffffffffffdfd)
3000114 microseconds
timeout
[ 2016-10-27 7:28:14]Process 16130 termed with signal 14(SIGALRM)
PT_F37-plus_1-100 Test Num : 94
Inject into ../bin/hello
----- Type : plus_1 Pos : PT_F37 -----
There are 1 faults will be injected in faulttable...
101115 microseconds
Fault on PT_F37(0Xfffffffffffffdfc -> 0Xfffffffffffffdfd)
3000110 microseconds
timeout
[ 2016-10-27 7:28:17]Process 16132 termed with signal 14(SIGALRM)
PT_F37-plus_1-100 Test Num : 95
Inject into ../bin/hello
----- Type : plus_1 Pos : PT_F37 -----
There are 1 faults will be injected in faulttable...
100082 microseconds
Fault on PT_F37(0Xfffffffffffffdfc -> 0Xfffffffffffffdfd)
3000087 microseconds
timeout
[ 2016-10-27 7:28:20]Process 16134 termed with signal 14(SIGALRM)
PT_F37-plus_1-100 Test Num : 96
Inject into ../bin/hello
----- Type : plus_1 Pos : PT_F37 -----
There are 1 faults will be injected in faulttable...
101227 microseconds
Fault on PT_F37(0Xfffffffffffffdfc -> 0Xfffffffffffffdfd)
3000091 microseconds
timeout
[ 2016-10-27 7:28:23]Process 16136 termed with signal 14(SIGALRM)
PT_F37-plus_1-100 Test Num : 97
Inject into ../bin/hello
----- Type : plus_1 Pos : PT_F37 -----
There are 1 faults will be injected in faulttable...
101126 microseconds
Fault on PT_F37(0Xfffffffffffffdfc -> 0Xfffffffffffffdfd)
3000091 microseconds
timeout
[ 2016-10-27 7:28:26]Process 16138 termed with signal 14(SIGALRM)
PT_F37-plus_1-100 Test Num : 98
Inject into ../bin/hello
----- Type : plus_1 Pos : PT_F37 -----
There are 1 faults will be injected in faulttable...
101069 microseconds
Fault on PT_F37(0Xfffffffffffffdfc -> 0Xfffffffffffffdfd)
3000068 microseconds
timeout
[ 2016-10-27 7:28:29]Process 16140 termed with signal 14(SIGALRM)
PT_F37-plus_1-100 Test Num : 99
Inject into ../bin/hello
----- Type : plus_1 Pos : PT_F37 -----
There are 1 faults will be injected in faulttable...
101031 microseconds
Fault on PT_F37(0Xfffffffffffffdfc -> 0Xfffffffffffffdfd)
3000087 microseconds
timeout
[ 2016-10-27 7:28:32]Process 16142 termed with signal 14(SIGALRM)
PT_F37-plus_1-100 Test Num : 100
Inject into ../bin/hello
----- Type : plus_1 Pos : PT_F37 -----
There are 1 faults will be injected in faulttable...
101360 microseconds
Fault on PT_F37(0Xfffffffffffffdfc -> 0Xfffffffffffffdfd)
3000082 microseconds
timeout
[ 2016-10-27 7:28:35]Process 16144 termed with signal 14(SIGALRM)
