PT_F37-plus_4-100 Test Num : 1
Inject into ../bin/hello
----- Type : plus_4 Pos : PT_F37 -----
There are 1 faults will be injected in faulttable...
100896 microseconds
Fault on PT_F37(0Xfffffffffffffdfc -> 0Xfffffffffffffe00)
3000217 microseconds
timeout
[  2016-10-27 7:39:1]Process 16567 termed with signal 14(SIGALRM)
PT_F37-plus_4-100 Test Num : 2
Inject into ../bin/hello
----- Type : plus_4 Pos : PT_F37 -----
There are 1 faults will be injected in faulttable...
101517 microseconds
Fault on PT_F37(0Xfffffffffffffdfc -> 0Xfffffffffffffe00)
3000094 microseconds
timeout
[  2016-10-27 7:39:4]Process 16569 termed with signal 14(SIGALRM)
PT_F37-plus_4-100 Test Num : 3
Inject into ../bin/hello
----- Type : plus_4 Pos : PT_F37 -----
There are 1 faults will be injected in faulttable...
101399 microseconds
Fault on PT_F37(0Xfffffffffffffdfc -> 0Xfffffffffffffe00)
3000078 microseconds
timeout
[  2016-10-27 7:39:7]Process 16571 termed with signal 14(SIGALRM)
PT_F37-plus_4-100 Test Num : 4
Inject into ../bin/hello
----- Type : plus_4 Pos : PT_F37 -----
There are 1 faults will be injected in faulttable...
101168 microseconds
Fault on PT_F37(0Xfffffffffffffdfc -> 0Xfffffffffffffe00)
3000095 microseconds
timeout
[ 2016-10-27 7:39:11]Process 16573 termed with signal 14(SIGALRM)
PT_F37-plus_4-100 Test Num : 5
Inject into ../bin/hello
----- Type : plus_4 Pos : PT_F37 -----
There are 1 faults will be injected in faulttable...
100993 microseconds
Fault on PT_F37(0Xfffffffffffffdfc -> 0Xfffffffffffffe00)
3000098 microseconds
timeout
[ 2016-10-27 7:39:14]Process 16575 termed with signal 14(SIGALRM)
PT_F37-plus_4-100 Test Num : 6
Inject into ../bin/hello
----- Type : plus_4 Pos : PT_F37 -----
There are 1 faults will be injected in faulttable...
101174 microseconds
Fault on PT_F37(0Xfffffffffffffdfc -> 0Xfffffffffffffe00)
3000066 microseconds
timeout
[ 2016-10-27 7:39:17]Process 16577 termed with signal 14(SIGALRM)
PT_F37-plus_4-100 Test Num : 7
Inject into ../bin/hello
----- Type : plus_4 Pos : PT_F37 -----
There are 1 faults will be injected in faulttable...
100062 microseconds
Fault on PT_F37(0Xfffffffffffffdfc -> 0Xfffffffffffffe00)
3000096 microseconds
timeout
[ 2016-10-27 7:39:20]Process 16579 termed with signal 14(SIGALRM)
PT_F37-plus_4-100 Test Num : 8
Inject into ../bin/hello
----- Type : plus_4 Pos : PT_F37 -----
There are 1 faults will be injected in faulttable...
100910 microseconds
Fault on PT_F37(0Xfffffffffffffdfc -> 0Xfffffffffffffe00)
3000073 microseconds
timeout
[ 2016-10-27 7:39:23]Process 16581 termed with signal 14(SIGALRM)
PT_F37-plus_4-100 Test Num : 9
Inject into ../bin/hello
----- Type : plus_4 Pos : PT_F37 -----
There are 1 faults will be injected in faulttable...
101130 microseconds
Fault on PT_F37(0Xfffffffffffffdfc -> 0Xfffffffffffffe00)
3000066 microseconds
timeout
[ 2016-10-27 7:39:26]Process 16583 termed with signal 14(SIGALRM)
PT_F37-plus_4-100 Test Num : 10
Inject into ../bin/hello
----- Type : plus_4 Pos : PT_F37 -----
There are 1 faults will be injected in faulttable...
101029 microseconds
Fault on PT_F37(0Xfffffffffffffdfc -> 0Xfffffffffffffe00)
3000076 microseconds
timeout
[ 2016-10-27 7:39:29]Process 16585 termed with signal 14(SIGALRM)
PT_F37-plus_4-100 Test Num : 11
Inject into ../bin/hello
----- Type : plus_4 Pos : PT_F37 -----
There are 1 faults will be injected in faulttable...
101288 microseconds
Fault on PT_F37(0Xfffffffffffffdfc -> 0Xfffffffffffffe00)
3000057 microseconds
timeout
[ 2016-10-27 7:39:32]Process 16587 termed with signal 14(SIGALRM)
PT_F37-plus_4-100 Test Num : 12
Inject into ../bin/hello
----- Type : plus_4 Pos : PT_F37 -----
There are 1 faults will be injected in faulttable...
101043 microseconds
Fault on PT_F37(0Xfffffffffffffdfc -> 0Xfffffffffffffe00)
3000074 microseconds
timeout
[ 2016-10-27 7:39:35]Process 16589 termed with signal 14(SIGALRM)
PT_F37-plus_4-100 Test Num : 13
Inject into ../bin/hello
----- Type : plus_4 Pos : PT_F37 -----
There are 1 faults will be injected in faulttable...
101060 microseconds
Fault on PT_F37(0Xfffffffffffffdfc -> 0Xfffffffffffffe00)
3000064 microseconds
timeout
[ 2016-10-27 7:39:39]Process 16591 termed with signal 14(SIGALRM)
PT_F37-plus_4-100 Test Num : 14
Inject into ../bin/hello
----- Type : plus_4 Pos : PT_F37 -----
There are 1 faults will be injected in faulttable...
101122 microseconds
Fault on PT_F37(0Xfffffffffffffdfc -> 0Xfffffffffffffe00)
3000087 microseconds
timeout
[ 2016-10-27 7:39:42]Process 16593 termed with signal 14(SIGALRM)
PT_F37-plus_4-100 Test Num : 15
Inject into ../bin/hello
----- Type : plus_4 Pos : PT_F37 -----
There are 1 faults will be injected in faulttable...
101231 microseconds
Fault on PT_F37(0Xfffffffffffffdfc -> 0Xfffffffffffffe00)
3000063 microseconds
timeout
[ 2016-10-27 7:39:45]Process 16595 termed with signal 14(SIGALRM)
PT_F37-plus_4-100 Test Num : 16
Inject into ../bin/hello
----- Type : plus_4 Pos : PT_F37 -----
There are 1 faults will be injected in faulttable...
100943 microseconds
Fault on PT_F37(0Xfffffffffffffdfc -> 0Xfffffffffffffe00)
3000066 microseconds
timeout
[ 2016-10-27 7:39:48]Process 16597 termed with signal 14(SIGALRM)
PT_F37-plus_4-100 Test Num : 17
Inject into ../bin/hello
----- Type : plus_4 Pos : PT_F37 -----
There are 1 faults will be injected in faulttable...
101074 microseconds
Fault on PT_F37(0Xfffffffffffffdfc -> 0Xfffffffffffffe00)
3000096 microseconds
timeout
[ 2016-10-27 7:39:51]Process 16599 termed with signal 14(SIGALRM)
PT_F37-plus_4-100 Test Num : 18
Inject into ../bin/hello
----- Type : plus_4 Pos : PT_F37 -----
There are 1 faults will be injected in faulttable...
101060 microseconds
Fault on PT_F37(0Xfffffffffffffdfc -> 0Xfffffffffffffe00)
3000064 microseconds
timeout
[ 2016-10-27 7:39:54]Process 16601 termed with signal 14(SIGALRM)
PT_F37-plus_4-100 Test Num : 19
Inject into ../bin/hello
----- Type : plus_4 Pos : PT_F37 -----
There are 1 faults will be injected in faulttable...
101012 microseconds
Fault on PT_F37(0Xfffffffffffffdfc -> 0Xfffffffffffffe00)
3000124 microseconds
timeout
[ 2016-10-27 7:39:57]Process 16603 termed with signal 14(SIGALRM)
PT_F37-plus_4-100 Test Num : 20
Inject into ../bin/hello
----- Type : plus_4 Pos : PT_F37 -----
There are 1 faults will be injected in faulttable...
100104 microseconds
Fault on PT_F37(0Xfffffffffffffdfc -> 0Xfffffffffffffe00)
3000092 microseconds
timeout
[  2016-10-27 7:40:0]Process 16605 termed with signal 14(SIGALRM)
PT_F37-plus_4-100 Test Num : 21
Inject into ../bin/hello
----- Type : plus_4 Pos : PT_F37 -----
There are 1 faults will be injected in faulttable...
101002 microseconds
Fault on PT_F37(0Xfffffffffffffdfc -> 0Xfffffffffffffe00)
3000125 microseconds
timeout
[  2016-10-27 7:40:3]Process 16607 termed with signal 14(SIGALRM)
PT_F37-plus_4-100 Test Num : 22
Inject into ../bin/hello
----- Type : plus_4 Pos : PT_F37 -----
There are 1 faults will be injected in faulttable...
101091 microseconds
Fault on PT_F37(0Xfffffffffffffdfc -> 0Xfffffffffffffe00)
3000073 microseconds
timeout
[  2016-10-27 7:40:7]Process 16609 termed with signal 14(SIGALRM)
PT_F37-plus_4-100 Test Num : 23
Inject into ../bin/hello
----- Type : plus_4 Pos : PT_F37 -----
There are 1 faults will be injected in faulttable...
100954 microseconds
Fault on PT_F37(0Xfffffffffffffdfc -> 0Xfffffffffffffe00)
3000087 microseconds
timeout
[ 2016-10-27 7:40:10]Process 16611 termed with signal 14(SIGALRM)
PT_F37-plus_4-100 Test Num : 24
Inject into ../bin/hello
----- Type : plus_4 Pos : PT_F37 -----
There are 1 faults will be injected in faulttable...
101211 microseconds
Fault on PT_F37(0Xfffffffffffffdfc -> 0Xfffffffffffffe00)
3000122 microseconds
timeout
[ 2016-10-27 7:40:13]Process 16613 termed with signal 14(SIGALRM)
PT_F37-plus_4-100 Test Num : 25
Inject into ../bin/hello
----- Type : plus_4 Pos : PT_F37 -----
There are 1 faults will be injected in faulttable...
100968 microseconds
Fault on PT_F37(0Xfffffffffffffdfc -> 0Xfffffffffffffe00)
3000082 microseconds
timeout
[ 2016-10-27 7:40:16]Process 16615 termed with signal 14(SIGALRM)
PT_F37-plus_4-100 Test Num : 26
Inject into ../bin/hello
----- Type : plus_4 Pos : PT_F37 -----
There are 1 faults will be injected in faulttable...
101002 microseconds
Fault on PT_F37(0Xfffffffffffffdfc -> 0Xfffffffffffffe00)
3000073 microseconds
timeout
[ 2016-10-27 7:40:19]Process 16617 termed with signal 14(SIGALRM)
PT_F37-plus_4-100 Test Num : 27
Inject into ../bin/hello
----- Type : plus_4 Pos : PT_F37 -----
There are 1 faults will be injected in faulttable...
101367 microseconds
Fault on PT_F37(0Xfffffffffffffdfc -> 0Xfffffffffffffe00)
3000067 microseconds
timeout
[ 2016-10-27 7:40:22]Process 16619 termed with signal 14(SIGALRM)
PT_F37-plus_4-100 Test Num : 28
Inject into ../bin/hello
----- Type : plus_4 Pos : PT_F37 -----
There are 1 faults will be injected in faulttable...
101270 microseconds
Fault on PT_F37(0Xfffffffffffffdfc -> 0Xfffffffffffffe00)
3000074 microseconds
timeout
[ 2016-10-27 7:40:25]Process 16621 termed with signal 14(SIGALRM)
PT_F37-plus_4-100 Test Num : 29
Inject into ../bin/hello
----- Type : plus_4 Pos : PT_F37 -----
There are 1 faults will be injected in faulttable...
101034 microseconds
Fault on PT_F37(0Xfffffffffffffdfc -> 0Xfffffffffffffe00)
3000083 microseconds
timeout
[ 2016-10-27 7:40:28]Process 16623 termed with signal 14(SIGALRM)
PT_F37-plus_4-100 Test Num : 30
Inject into ../bin/hello
----- Type : plus_4 Pos : PT_F37 -----
There are 1 faults will be injected in faulttable...
101068 microseconds
Fault on PT_F37(0Xfffffffffffffdfc -> 0Xfffffffffffffe00)
3000123 microseconds
timeout
[ 2016-10-27 7:40:31]Process 16625 termed with signal 14(SIGALRM)
PT_F37-plus_4-100 Test Num : 31
Inject into ../bin/hello
----- Type : plus_4 Pos : PT_F37 -----
There are 1 faults will be injected in faulttable...
100130 microseconds
Fault on PT_F37(0Xfffffffffffffdfc -> 0Xfffffffffffffe00)
3000109 microseconds
timeout
[ 2016-10-27 7:40:35]Process 16628 termed with signal 14(SIGALRM)
PT_F37-plus_4-100 Test Num : 32
Inject into ../bin/hello
----- Type : plus_4 Pos : PT_F37 -----
There are 1 faults will be injected in faulttable...
101237 microseconds
Fault on PT_F37(0Xfffffffffffffdfc -> 0Xfffffffffffffe00)
3000092 microseconds
timeout
[ 2016-10-27 7:40:38]Process 16630 termed with signal 14(SIGALRM)
PT_F37-plus_4-100 Test Num : 33
Inject into ../bin/hello
----- Type : plus_4 Pos : PT_F37 -----
There are 1 faults will be injected in faulttable...
101225 microseconds
Fault on PT_F37(0Xfffffffffffffdfc -> 0Xfffffffffffffe00)
3000080 microseconds
timeout
[ 2016-10-27 7:40:41]Process 16635 termed with signal 14(SIGALRM)
PT_F37-plus_4-100 Test Num : 34
Inject into ../bin/hello
----- Type : plus_4 Pos : PT_F37 -----
There are 1 faults will be injected in faulttable...
100074 microseconds
Fault on PT_F37(0Xfffffffffffffdfc -> 0Xfffffffffffffe00)
3000064 microseconds
timeout
[ 2016-10-27 7:40:44]Process 16639 termed with signal 14(SIGALRM)
PT_F37-plus_4-100 Test Num : 35
Inject into ../bin/hello
----- Type : plus_4 Pos : PT_F37 -----
There are 1 faults will be injected in faulttable...
101061 microseconds
Fault on PT_F37(0Xfffffffffffffdfc -> 0Xfffffffffffffe00)
3000073 microseconds
timeout
[ 2016-10-27 7:40:47]Process 16643 termed with signal 14(SIGALRM)
PT_F37-plus_4-100 Test Num : 36
Inject into ../bin/hello
----- Type : plus_4 Pos : PT_F37 -----
There are 1 faults will be injected in faulttable...
101076 microseconds
Fault on PT_F37(0Xfffffffffffffdfc -> 0Xfffffffffffffe00)
3000054 microseconds
timeout
[ 2016-10-27 7:40:50]Process 16649 termed with signal 14(SIGALRM)
PT_F37-plus_4-100 Test Num : 37
Inject into ../bin/hello
----- Type : plus_4 Pos : PT_F37 -----
There are 1 faults will be injected in faulttable...
100880 microseconds
Fault on PT_F37(0Xfffffffffffffdfc -> 0Xfffffffffffffe00)
3000239 microseconds
timeout
[ 2016-10-27 7:40:53]Process 16655 termed with signal 14(SIGALRM)
PT_F37-plus_4-100 Test Num : 38
Inject into ../bin/hello
----- Type : plus_4 Pos : PT_F37 -----
There are 1 faults will be injected in faulttable...
101189 microseconds
Fault on PT_F37(0Xfffffffffffffdfc -> 0Xfffffffffffffe00)
3000104 microseconds
timeout
[ 2016-10-27 7:40:56]Process 16659 termed with signal 14(SIGALRM)
PT_F37-plus_4-100 Test Num : 39
Inject into ../bin/hello
----- Type : plus_4 Pos : PT_F37 -----
There are 1 faults will be injected in faulttable...
100976 microseconds
Fault on PT_F37(0Xfffffffffffffdfc -> 0Xfffffffffffffe00)
3000065 microseconds
timeout
[ 2016-10-27 7:40:59]Process 16663 termed with signal 14(SIGALRM)
PT_F37-plus_4-100 Test Num : 40
Inject into ../bin/hello
----- Type : plus_4 Pos : PT_F37 -----
There are 1 faults will be injected in faulttable...
100073 microseconds
Fault on PT_F37(0Xfffffffffffffdfc -> 0Xfffffffffffffe00)
3000066 microseconds
timeout
[  2016-10-27 7:41:3]Process 16669 termed with signal 14(SIGALRM)
PT_F37-plus_4-100 Test Num : 41
Inject into ../bin/hello
----- Type : plus_4 Pos : PT_F37 -----
There are 1 faults will be injected in faulttable...
101079 microseconds
Fault on PT_F37(0Xfffffffffffffdfc -> 0Xfffffffffffffe00)
3000113 microseconds
timeout
[  2016-10-27 7:41:6]Process 16673 termed with signal 14(SIGALRM)
PT_F37-plus_4-100 Test Num : 42
Inject into ../bin/hello
----- Type : plus_4 Pos : PT_F37 -----
There are 1 faults will be injected in faulttable...
101370 microseconds
Fault on PT_F37(0Xfffffffffffffdfc -> 0Xfffffffffffffe00)
3000063 microseconds
timeout
[  2016-10-27 7:41:9]Process 16677 termed with signal 14(SIGALRM)
PT_F37-plus_4-100 Test Num : 43
Inject into ../bin/hello
----- Type : plus_4 Pos : PT_F37 -----
There are 1 faults will be injected in faulttable...
101058 microseconds
Fault on PT_F37(0Xfffffffffffffdfc -> 0Xfffffffffffffe00)
3000118 microseconds
timeout
[ 2016-10-27 7:41:12]Process 16683 termed with signal 14(SIGALRM)
PT_F37-plus_4-100 Test Num : 44
Inject into ../bin/hello
----- Type : plus_4 Pos : PT_F37 -----
There are 1 faults will be injected in faulttable...
101030 microseconds
Fault on PT_F37(0Xfffffffffffffdfc -> 0Xfffffffffffffe00)
3000074 microseconds
timeout
[ 2016-10-27 7:41:15]Process 16689 termed with signal 14(SIGALRM)
PT_F37-plus_4-100 Test Num : 45
Inject into ../bin/hello
----- Type : plus_4 Pos : PT_F37 -----
There are 1 faults will be injected in faulttable...
101253 microseconds
Fault on PT_F37(0Xfffffffffffffdfc -> 0Xfffffffffffffe00)
3000068 microseconds
timeout
[ 2016-10-27 7:41:18]Process 16693 termed with signal 14(SIGALRM)
PT_F37-plus_4-100 Test Num : 46
Inject into ../bin/hello
----- Type : plus_4 Pos : PT_F37 -----
There are 1 faults will be injected in faulttable...
100933 microseconds
Fault on PT_F37(0Xfffffffffffffdfc -> 0Xfffffffffffffe00)
3000081 microseconds
timeout
[ 2016-10-27 7:41:21]Process 16697 termed with signal 14(SIGALRM)
PT_F37-plus_4-100 Test Num : 47
Inject into ../bin/hello
----- Type : plus_4 Pos : PT_F37 -----
There are 1 faults will be injected in faulttable...
100067 microseconds
Fault on PT_F37(0Xfffffffffffffdfc -> 0Xfffffffffffffe00)
3000067 microseconds
timeout
[ 2016-10-27 7:41:24]Process 16703 termed with signal 14(SIGALRM)
PT_F37-plus_4-100 Test Num : 48
Inject into ../bin/hello
----- Type : plus_4 Pos : PT_F37 -----
There are 1 faults will be injected in faulttable...
101139 microseconds
Fault on PT_F37(0Xfffffffffffffdfc -> 0Xfffffffffffffe00)
3000097 microseconds
timeout
[ 2016-10-27 7:41:27]Process 16707 termed with signal 14(SIGALRM)
PT_F37-plus_4-100 Test Num : 49
Inject into ../bin/hello
----- Type : plus_4 Pos : PT_F37 -----
There are 1 faults will be injected in faulttable...
100102 microseconds
Fault on PT_F37(0Xfffffffffffffdfc -> 0Xfffffffffffffe00)
3000101 microseconds
timeout
[ 2016-10-27 7:41:31]Process 16711 termed with signal 14(SIGALRM)
PT_F37-plus_4-100 Test Num : 50
Inject into ../bin/hello
----- Type : plus_4 Pos : PT_F37 -----
There are 1 faults will be injected in faulttable...
101071 microseconds
Fault on PT_F37(0Xfffffffffffffdfc -> 0Xfffffffffffffe00)
3000086 microseconds
timeout
[ 2016-10-27 7:41:34]Process 16715 termed with signal 14(SIGALRM)
PT_F37-plus_4-100 Test Num : 51
Inject into ../bin/hello
----- Type : plus_4 Pos : PT_F37 -----
There are 1 faults will be injected in faulttable...
100900 microseconds
Fault on PT_F37(0Xfffffffffffffdfc -> 0Xfffffffffffffe00)
3000070 microseconds
timeout
[ 2016-10-27 7:41:37]Process 16721 termed with signal 14(SIGALRM)
PT_F37-plus_4-100 Test Num : 52
Inject into ../bin/hello
----- Type : plus_4 Pos : PT_F37 -----
There are 1 faults will be injected in faulttable...
101253 microseconds
Fault on PT_F37(0Xfffffffffffffdfc -> 0Xfffffffffffffe00)
3000078 microseconds
timeout
[ 2016-10-27 7:41:40]Process 16727 termed with signal 14(SIGALRM)
PT_F37-plus_4-100 Test Num : 53
Inject into ../bin/hello
----- Type : plus_4 Pos : PT_F37 -----
There are 1 faults will be injected in faulttable...
100086 microseconds
Fault on PT_F37(0Xfffffffffffffdfc -> 0Xfffffffffffffe00)
3000059 microseconds
timeout
[ 2016-10-27 7:41:43]Process 16731 termed with signal 14(SIGALRM)
PT_F37-plus_4-100 Test Num : 54
Inject into ../bin/hello
----- Type : plus_4 Pos : PT_F37 -----
There are 1 faults will be injected in faulttable...
100990 microseconds
Fault on PT_F37(0Xfffffffffffffdfc -> 0Xfffffffffffffe00)
3000078 microseconds
timeout
[ 2016-10-27 7:41:46]Process 16737 termed with signal 14(SIGALRM)
PT_F37-plus_4-100 Test Num : 55
Inject into ../bin/hello
----- Type : plus_4 Pos : PT_F37 -----
There are 1 faults will be injected in faulttable...
101266 microseconds
Fault on PT_F37(0Xfffffffffffffdfc -> 0Xfffffffffffffe00)
3000065 microseconds
timeout
[ 2016-10-27 7:41:49]Process 16741 termed with signal 14(SIGALRM)
PT_F37-plus_4-100 Test Num : 56
Inject into ../bin/hello
----- Type : plus_4 Pos : PT_F37 -----
There are 1 faults will be injected in faulttable...
101930 microseconds
Fault on PT_F37(0Xfffffffffffffdfc -> 0Xfffffffffffffe00)
3000100 microseconds
timeout
[ 2016-10-27 7:41:52]Process 16745 termed with signal 14(SIGALRM)
PT_F37-plus_4-100 Test Num : 57
Inject into ../bin/hello
----- Type : plus_4 Pos : PT_F37 -----
There are 1 faults will be injected in faulttable...
101087 microseconds
Fault on PT_F37(0Xfffffffffffffdfc -> 0Xfffffffffffffe00)
3000264 microseconds
timeout
[ 2016-10-27 7:41:55]Process 16751 termed with signal 14(SIGALRM)
PT_F37-plus_4-100 Test Num : 58
Inject into ../bin/hello
----- Type : plus_4 Pos : PT_F37 -----
There are 1 faults will be injected in faulttable...
100096 microseconds
Fault on PT_F37(0Xfffffffffffffdfc -> 0Xfffffffffffffe00)
3000125 microseconds
timeout
[ 2016-10-27 7:41:59]Process 16755 termed with signal 14(SIGALRM)
PT_F37-plus_4-100 Test Num : 59
Inject into ../bin/hello
----- Type : plus_4 Pos : PT_F37 -----
There are 1 faults will be injected in faulttable...
101066 microseconds
Fault on PT_F37(0Xfffffffffffffdfc -> 0Xfffffffffffffe00)
3000067 microseconds
timeout
[  2016-10-27 7:42:2]Process 16761 termed with signal 14(SIGALRM)
PT_F37-plus_4-100 Test Num : 60
Inject into ../bin/hello
----- Type : plus_4 Pos : PT_F37 -----
There are 1 faults will be injected in faulttable...
101062 microseconds
Fault on PT_F37(0Xfffffffffffffdfc -> 0Xfffffffffffffe00)
3000124 microseconds
timeout
[  2016-10-27 7:42:5]Process 16767 termed with signal 14(SIGALRM)
PT_F37-plus_4-100 Test Num : 61
Inject into ../bin/hello
----- Type : plus_4 Pos : PT_F37 -----
There are 1 faults will be injected in faulttable...
100992 microseconds
Fault on PT_F37(0Xfffffffffffffdfc -> 0Xfffffffffffffe00)
3000073 microseconds
timeout
[  2016-10-27 7:42:8]Process 16771 termed with signal 14(SIGALRM)
PT_F37-plus_4-100 Test Num : 62
Inject into ../bin/hello
----- Type : plus_4 Pos : PT_F37 -----
There are 1 faults will be injected in faulttable...
100945 microseconds
Fault on PT_F37(0Xfffffffffffffdfc -> 0Xfffffffffffffe00)
3000063 microseconds
timeout
[ 2016-10-27 7:42:11]Process 16777 termed with signal 14(SIGALRM)
PT_F37-plus_4-100 Test Num : 63
Inject into ../bin/hello
----- Type : plus_4 Pos : PT_F37 -----
There are 1 faults will be injected in faulttable...
101048 microseconds
Fault on PT_F37(0Xfffffffffffffdfc -> 0Xfffffffffffffe00)
3000070 microseconds
timeout
[ 2016-10-27 7:42:14]Process 16781 termed with signal 14(SIGALRM)
PT_F37-plus_4-100 Test Num : 64
Inject into ../bin/hello
----- Type : plus_4 Pos : PT_F37 -----
There are 1 faults will be injected in faulttable...
101090 microseconds
Fault on PT_F37(0Xfffffffffffffdfc -> 0Xfffffffffffffe00)
3000064 microseconds
timeout
[ 2016-10-27 7:42:17]Process 16787 termed with signal 14(SIGALRM)
PT_F37-plus_4-100 Test Num : 65
Inject into ../bin/hello
----- Type : plus_4 Pos : PT_F37 -----
There are 1 faults will be injected in faulttable...
100063 microseconds
Fault on PT_F37(0Xfffffffffffffdfc -> 0Xfffffffffffffe00)
3000061 microseconds
timeout
[ 2016-10-27 7:42:20]Process 16791 termed with signal 14(SIGALRM)
PT_F37-plus_4-100 Test Num : 66
Inject into ../bin/hello
----- Type : plus_4 Pos : PT_F37 -----
There are 1 faults will be injected in faulttable...
101105 microseconds
Fault on PT_F37(0Xfffffffffffffdfc -> 0Xfffffffffffffe00)
3000106 microseconds
timeout
[ 2016-10-27 7:42:23]Process 16797 termed with signal 14(SIGALRM)
PT_F37-plus_4-100 Test Num : 67
Inject into ../bin/hello
----- Type : plus_4 Pos : PT_F37 -----
There are 1 faults will be injected in faulttable...
100082 microseconds
Fault on PT_F37(0Xfffffffffffffdfc -> 0Xfffffffffffffe00)
3000142 microseconds
timeout
[ 2016-10-27 7:42:27]Process 16803 termed with signal 14(SIGALRM)
PT_F37-plus_4-100 Test Num : 68
Inject into ../bin/hello
----- Type : plus_4 Pos : PT_F37 -----
There are 1 faults will be injected in faulttable...
101240 microseconds
Fault on PT_F37(0Xfffffffffffffdfc -> 0Xfffffffffffffe00)
3000101 microseconds
timeout
[ 2016-10-27 7:42:30]Process 16807 termed with signal 14(SIGALRM)
PT_F37-plus_4-100 Test Num : 69
Inject into ../bin/hello
----- Type : plus_4 Pos : PT_F37 -----
There are 1 faults will be injected in faulttable...
101198 microseconds
Fault on PT_F37(0Xfffffffffffffdfc -> 0Xfffffffffffffe00)
3000061 microseconds
timeout
[ 2016-10-27 7:42:33]Process 16813 termed with signal 14(SIGALRM)
PT_F37-plus_4-100 Test Num : 70
Inject into ../bin/hello
----- Type : plus_4 Pos : PT_F37 -----
There are 1 faults will be injected in faulttable...
101011 microseconds
Fault on PT_F37(0Xfffffffffffffdfc -> 0Xfffffffffffffe00)
3000073 microseconds
timeout
[ 2016-10-27 7:42:36]Process 16819 termed with signal 14(SIGALRM)
PT_F37-plus_4-100 Test Num : 71
Inject into ../bin/hello
----- Type : plus_4 Pos : PT_F37 -----
There are 1 faults will be injected in faulttable...
100956 microseconds
Fault on PT_F37(0Xfffffffffffffdfc -> 0Xfffffffffffffe00)
3000096 microseconds
timeout
[ 2016-10-27 7:42:39]Process 16821 termed with signal 14(SIGALRM)
PT_F37-plus_4-100 Test Num : 72
Inject into ../bin/hello
----- Type : plus_4 Pos : PT_F37 -----
There are 1 faults will be injected in faulttable...
101024 microseconds
Fault on PT_F37(0Xfffffffffffffdfc -> 0Xfffffffffffffe00)
3000071 microseconds
timeout
[ 2016-10-27 7:42:42]Process 16823 termed with signal 14(SIGALRM)
PT_F37-plus_4-100 Test Num : 73
Inject into ../bin/hello
----- Type : plus_4 Pos : PT_F37 -----
There are 1 faults will be injected in faulttable...
100951 microseconds
Fault on PT_F37(0Xfffffffffffffdfc -> 0Xfffffffffffffe00)
3000104 microseconds
timeout
[ 2016-10-27 7:42:45]Process 16825 termed with signal 14(SIGALRM)
PT_F37-plus_4-100 Test Num : 74
Inject into ../bin/hello
----- Type : plus_4 Pos : PT_F37 -----
There are 1 faults will be injected in faulttable...
101003 microseconds
Fault on PT_F37(0Xfffffffffffffdfc -> 0Xfffffffffffffe00)
3000103 microseconds
timeout
[ 2016-10-27 7:42:48]Process 16827 termed with signal 14(SIGALRM)
PT_F37-plus_4-100 Test Num : 75
Inject into ../bin/hello
----- Type : plus_4 Pos : PT_F37 -----
There are 1 faults will be injected in faulttable...
101415 microseconds
Fault on PT_F37(0Xfffffffffffffdfc -> 0Xfffffffffffffe00)
3000066 microseconds
timeout
[ 2016-10-27 7:42:51]Process 16829 termed with signal 14(SIGALRM)
PT_F37-plus_4-100 Test Num : 76
Inject into ../bin/hello
----- Type : plus_4 Pos : PT_F37 -----
There are 1 faults will be injected in faulttable...
101206 microseconds
Fault on PT_F37(0Xfffffffffffffdfc -> 0Xfffffffffffffe00)
3000073 microseconds
timeout
[ 2016-10-27 7:42:55]Process 16831 termed with signal 14(SIGALRM)
PT_F37-plus_4-100 Test Num : 77
Inject into ../bin/hello
----- Type : plus_4 Pos : PT_F37 -----
There are 1 faults will be injected in faulttable...
101402 microseconds
Fault on PT_F37(0Xfffffffffffffdfc -> 0Xfffffffffffffe00)
3000086 microseconds
timeout
[ 2016-10-27 7:42:58]Process 16833 termed with signal 14(SIGALRM)
PT_F37-plus_4-100 Test Num : 78
Inject into ../bin/hello
----- Type : plus_4 Pos : PT_F37 -----
There are 1 faults will be injected in faulttable...
101094 microseconds
Fault on PT_F37(0Xfffffffffffffdfc -> 0Xfffffffffffffe00)
3000076 microseconds
timeout
[  2016-10-27 7:43:1]Process 16835 termed with signal 14(SIGALRM)
PT_F37-plus_4-100 Test Num : 79
Inject into ../bin/hello
----- Type : plus_4 Pos : PT_F37 -----
There are 1 faults will be injected in faulttable...
101164 microseconds
Fault on PT_F37(0Xfffffffffffffdfc -> 0Xfffffffffffffe00)
3000075 microseconds
timeout
[  2016-10-27 7:43:4]Process 16837 termed with signal 14(SIGALRM)
PT_F37-plus_4-100 Test Num : 80
Inject into ../bin/hello
----- Type : plus_4 Pos : PT_F37 -----
There are 1 faults will be injected in faulttable...
100975 microseconds
Fault on PT_F37(0Xfffffffffffffdfc -> 0Xfffffffffffffe00)
3000059 microseconds
timeout
[  2016-10-27 7:43:7]Process 16839 termed with signal 14(SIGALRM)
PT_F37-plus_4-100 Test Num : 81
Inject into ../bin/hello
----- Type : plus_4 Pos : PT_F37 -----
There are 1 faults will be injected in faulttable...
101129 microseconds
Fault on PT_F37(0Xfffffffffffffdfc -> 0Xfffffffffffffe00)
3000064 microseconds
timeout
[ 2016-10-27 7:43:10]Process 16841 termed with signal 14(SIGALRM)
PT_F37-plus_4-100 Test Num : 82
Inject into ../bin/hello
----- Type : plus_4 Pos : PT_F37 -----
There are 1 faults will be injected in faulttable...
101007 microseconds
Fault on PT_F37(0Xfffffffffffffdfc -> 0Xfffffffffffffe00)
3000094 microseconds
timeout
[ 2016-10-27 7:43:13]Process 16843 termed with signal 14(SIGALRM)
PT_F37-plus_4-100 Test Num : 83
Inject into ../bin/hello
----- Type : plus_4 Pos : PT_F37 -----
There are 1 faults will be injected in faulttable...
101429 microseconds
Fault on PT_F37(0Xfffffffffffffdfc -> 0Xfffffffffffffe00)
3000089 microseconds
timeout
[ 2016-10-27 7:43:16]Process 16845 termed with signal 14(SIGALRM)
PT_F37-plus_4-100 Test Num : 84
Inject into ../bin/hello
----- Type : plus_4 Pos : PT_F37 -----
There are 1 faults will be injected in faulttable...
101016 microseconds
Fault on PT_F37(0Xfffffffffffffdfc -> 0Xfffffffffffffe00)
3000086 microseconds
timeout
[ 2016-10-27 7:43:20]Process 16847 termed with signal 14(SIGALRM)
PT_F37-plus_4-100 Test Num : 85
Inject into ../bin/hello
----- Type : plus_4 Pos : PT_F37 -----
There are 1 faults will be injected in faulttable...
101032 microseconds
Fault on PT_F37(0Xfffffffffffffdfc -> 0Xfffffffffffffe00)
3000158 microseconds
timeout
[ 2016-10-27 7:43:23]Process 16849 termed with signal 14(SIGALRM)
PT_F37-plus_4-100 Test Num : 86
Inject into ../bin/hello
----- Type : plus_4 Pos : PT_F37 -----
There are 1 faults will be injected in faulttable...
101035 microseconds
Fault on PT_F37(0Xfffffffffffffdfc -> 0Xfffffffffffffe00)
3000095 microseconds
timeout
[ 2016-10-27 7:43:26]Process 16851 termed with signal 14(SIGALRM)
PT_F37-plus_4-100 Test Num : 87
Inject into ../bin/hello
----- Type : plus_4 Pos : PT_F37 -----
There are 1 faults will be injected in faulttable...
101026 microseconds
Fault on PT_F37(0Xfffffffffffffdfc -> 0Xfffffffffffffe00)
3000142 microseconds
timeout
[ 2016-10-27 7:43:29]Process 16853 termed with signal 14(SIGALRM)
PT_F37-plus_4-100 Test Num : 88
Inject into ../bin/hello
----- Type : plus_4 Pos : PT_F37 -----
There are 1 faults will be injected in faulttable...
100084 microseconds
Fault on PT_F37(0Xfffffffffffffdfc -> 0Xfffffffffffffe00)
3000098 microseconds
timeout
[ 2016-10-27 7:43:32]Process 16855 termed with signal 14(SIGALRM)
PT_F37-plus_4-100 Test Num : 89
Inject into ../bin/hello
----- Type : plus_4 Pos : PT_F37 -----
There are 1 faults will be injected in faulttable...
101038 microseconds
Fault on PT_F37(0Xfffffffffffffdfc -> 0Xfffffffffffffe00)
3000070 microseconds
timeout
[ 2016-10-27 7:43:35]Process 16857 termed with signal 14(SIGALRM)
PT_F37-plus_4-100 Test Num : 90
Inject into ../bin/hello
----- Type : plus_4 Pos : PT_F37 -----
There are 1 faults will be injected in faulttable...
100976 microseconds
Fault on PT_F37(0Xfffffffffffffdfc -> 0Xfffffffffffffe00)
3000100 microseconds
timeout
[ 2016-10-27 7:43:38]Process 16859 termed with signal 14(SIGALRM)
PT_F37-plus_4-100 Test Num : 91
Inject into ../bin/hello
----- Type : plus_4 Pos : PT_F37 -----
There are 1 faults will be injected in faulttable...
101344 microseconds
Fault on PT_F37(0Xfffffffffffffdfc -> 0Xfffffffffffffe00)
3000063 microseconds
timeout
[ 2016-10-27 7:43:41]Process 16861 termed with signal 14(SIGALRM)
PT_F37-plus_4-100 Test Num : 92
Inject into ../bin/hello
----- Type : plus_4 Pos : PT_F37 -----
There are 1 faults will be injected in faulttable...
101027 microseconds
Fault on PT_F37(0Xfffffffffffffdfc -> 0Xfffffffffffffe00)
3000078 microseconds
timeout
[ 2016-10-27 7:43:44]Process 16863 termed with signal 14(SIGALRM)
PT_F37-plus_4-100 Test Num : 93
Inject into ../bin/hello
----- Type : plus_4 Pos : PT_F37 -----
There are 1 faults will be injected in faulttable...
100074 microseconds
Fault on PT_F37(0Xfffffffffffffdfc -> 0Xfffffffffffffe00)
3000067 microseconds
timeout
[ 2016-10-27 7:43:48]Process 16865 termed with signal 14(SIGALRM)
PT_F37-plus_4-100 Test Num : 94
Inject into ../bin/hello
----- Type : plus_4 Pos : PT_F37 -----
There are 1 faults will be injected in faulttable...
100098 microseconds
Fault on PT_F37(0Xfffffffffffffdfc -> 0Xfffffffffffffe00)
3000072 microseconds
timeout
[ 2016-10-27 7:43:51]Process 16867 termed with signal 14(SIGALRM)
PT_F37-plus_4-100 Test Num : 95
Inject into ../bin/hello
----- Type : plus_4 Pos : PT_F37 -----
There are 1 faults will be injected in faulttable...
101066 microseconds
Fault on PT_F37(0Xfffffffffffffdfc -> 0Xfffffffffffffe00)
3000070 microseconds
timeout
[ 2016-10-27 7:43:54]Process 16869 termed with signal 14(SIGALRM)
PT_F37-plus_4-100 Test Num : 96
Inject into ../bin/hello
----- Type : plus_4 Pos : PT_F37 -----
There are 1 faults will be injected in faulttable...
101083 microseconds
Fault on PT_F37(0Xfffffffffffffdfc -> 0Xfffffffffffffe00)
3000075 microseconds
timeout
[ 2016-10-27 7:43:57]Process 16871 termed with signal 14(SIGALRM)
PT_F37-plus_4-100 Test Num : 97
Inject into ../bin/hello
----- Type : plus_4 Pos : PT_F37 -----
There are 1 faults will be injected in faulttable...
101009 microseconds
Fault on PT_F37(0Xfffffffffffffdfc -> 0Xfffffffffffffe00)
3000111 microseconds
timeout
[  2016-10-27 7:44:0]Process 16873 termed with signal 14(SIGALRM)
PT_F37-plus_4-100 Test Num : 98
Inject into ../bin/hello
----- Type : plus_4 Pos : PT_F37 -----
There are 1 faults will be injected in faulttable...
101580 microseconds
Fault on PT_F37(0Xfffffffffffffdfc -> 0Xfffffffffffffe00)
3000074 microseconds
timeout
[  2016-10-27 7:44:3]Process 16875 termed with signal 14(SIGALRM)
PT_F37-plus_4-100 Test Num : 99
Inject into ../bin/hello
----- Type : plus_4 Pos : PT_F37 -----
There are 1 faults will be injected in faulttable...
101208 microseconds
Fault on PT_F37(0Xfffffffffffffdfc -> 0Xfffffffffffffe00)
3000064 microseconds
timeout
[  2016-10-27 7:44:6]Process 16877 termed with signal 14(SIGALRM)
PT_F37-plus_4-100 Test Num : 100
Inject into ../bin/hello
----- Type : plus_4 Pos : PT_F37 -----
There are 1 faults will be injected in faulttable...
100914 microseconds
Fault on PT_F37(0Xfffffffffffffdfc -> 0Xfffffffffffffe00)
3000079 microseconds
timeout
[  2016-10-27 7:44:9]Process 16879 termed with signal 14(SIGALRM)
