PT_F37-8_low_error-100 Test Num : 1
Inject into ../bin/hello
----- Type : 8_low_error Pos : PT_F37 -----
There are 1 faults will be injected in faulttable...
101404 microseconds
Fault on PT_F37(0Xfffffffffffffdfc -> 0Xfffffffffffffd04)
3000118 microseconds
timeout
[ 2016-10-27 7:18:16]Process 15729 termed with signal 14(SIGALRM)
PT_F37-8_low_error-100 Test Num : 2
Inject into ../bin/hello
----- Type : 8_low_error Pos : PT_F37 -----
There are 1 faults will be injected in faulttable...
101168 microseconds
Fault on PT_F37(0Xfffffffffffffdfc -> 0Xfffffffffffffd5a)
3000075 microseconds
timeout
[ 2016-10-27 7:18:19]Process 15731 termed with signal 14(SIGALRM)
PT_F37-8_low_error-100 Test Num : 3
Inject into ../bin/hello
----- Type : 8_low_error Pos : PT_F37 -----
There are 1 faults will be injected in faulttable...
101147 microseconds
Fault on PT_F37(0Xfffffffffffffdfc -> 0Xfffffffffffffd0f)
3000093 microseconds
timeout
[ 2016-10-27 7:18:22]Process 15733 termed with signal 14(SIGALRM)
PT_F37-8_low_error-100 Test Num : 4
Inject into ../bin/hello
----- Type : 8_low_error Pos : PT_F37 -----
There are 1 faults will be injected in faulttable...
101033 microseconds
Fault on PT_F37(0Xfffffffffffffdfc -> 0Xfffffffffffffd2b)
3000089 microseconds
timeout
[ 2016-10-27 7:18:25]Process 15735 termed with signal 14(SIGALRM)
PT_F37-8_low_error-100 Test Num : 5
Inject into ../bin/hello
----- Type : 8_low_error Pos : PT_F37 -----
There are 1 faults will be injected in faulttable...
100070 microseconds
Fault on PT_F37(0Xfffffffffffffdfc -> 0Xfffffffffffffdf9)
3000089 microseconds
timeout
[ 2016-10-27 7:18:29]Process 15737 termed with signal 14(SIGALRM)
PT_F37-8_low_error-100 Test Num : 6
Inject into ../bin/hello
----- Type : 8_low_error Pos : PT_F37 -----
There are 1 faults will be injected in faulttable...
101494 microseconds
Fault on PT_F37(0Xfffffffffffffdfc -> 0Xfffffffffffffd9d)
3000088 microseconds
timeout
[ 2016-10-27 7:18:32]Process 15739 termed with signal 14(SIGALRM)
PT_F37-8_low_error-100 Test Num : 7
Inject into ../bin/hello
----- Type : 8_low_error Pos : PT_F37 -----
There are 1 faults will be injected in faulttable...
100934 microseconds
Fault on PT_F37(0Xfffffffffffffdfc -> 0Xfffffffffffffd5e)
3000112 microseconds
timeout
[ 2016-10-27 7:18:35]Process 15741 termed with signal 14(SIGALRM)
PT_F37-8_low_error-100 Test Num : 8
Inject into ../bin/hello
----- Type : 8_low_error Pos : PT_F37 -----
There are 1 faults will be injected in faulttable...
100985 microseconds
Fault on PT_F37(0Xfffffffffffffdfc -> 0Xfffffffffffffd38)
3000097 microseconds
timeout
[ 2016-10-27 7:18:38]Process 15743 termed with signal 14(SIGALRM)
PT_F37-8_low_error-100 Test Num : 9
Inject into ../bin/hello
----- Type : 8_low_error Pos : PT_F37 -----
There are 1 faults will be injected in faulttable...
101156 microseconds
Fault on PT_F37(0Xfffffffffffffdfc -> 0Xfffffffffffffd72)
3000095 microseconds
timeout
[ 2016-10-27 7:18:41]Process 15745 termed with signal 14(SIGALRM)
PT_F37-8_low_error-100 Test Num : 10
Inject into ../bin/hello
----- Type : 8_low_error Pos : PT_F37 -----
There are 1 faults will be injected in faulttable...
101051 microseconds
Fault on PT_F37(0Xfffffffffffffdfc -> 0Xfffffffffffffd22)
3000096 microseconds
timeout
[ 2016-10-27 7:18:44]Process 15747 termed with signal 14(SIGALRM)
PT_F37-8_low_error-100 Test Num : 11
Inject into ../bin/hello
----- Type : 8_low_error Pos : PT_F37 -----
There are 1 faults will be injected in faulttable...
100964 microseconds
Fault on PT_F37(0Xfffffffffffffdfc -> 0Xfffffffffffffd9a)
3000155 microseconds
timeout
[ 2016-10-27 7:18:47]Process 15749 termed with signal 14(SIGALRM)
PT_F37-8_low_error-100 Test Num : 12
Inject into ../bin/hello
----- Type : 8_low_error Pos : PT_F37 -----
There are 1 faults will be injected in faulttable...
101350 microseconds
Fault on PT_F37(0Xfffffffffffffdfc -> 0Xfffffffffffffd87)
3000080 microseconds
timeout
[ 2016-10-27 7:18:50]Process 15751 termed with signal 14(SIGALRM)
PT_F37-8_low_error-100 Test Num : 13
Inject into ../bin/hello
----- Type : 8_low_error Pos : PT_F37 -----
There are 1 faults will be injected in faulttable...
101000 microseconds
Fault on PT_F37(0Xfffffffffffffdfc -> 0Xfffffffffffffdf8)
3000147 microseconds
timeout
[ 2016-10-27 7:18:53]Process 15753 termed with signal 14(SIGALRM)
PT_F37-8_low_error-100 Test Num : 14
Inject into ../bin/hello
----- Type : 8_low_error Pos : PT_F37 -----
There are 1 faults will be injected in faulttable...
101274 microseconds
Fault on PT_F37(0Xfffffffffffffdfc -> 0Xfffffffffffffd3e)
3000062 microseconds
timeout
[ 2016-10-27 7:18:57]Process 15755 termed with signal 14(SIGALRM)
PT_F37-8_low_error-100 Test Num : 15
Inject into ../bin/hello
----- Type : 8_low_error Pos : PT_F37 -----
There are 1 faults will be injected in faulttable...
100075 microseconds
Fault on PT_F37(0Xfffffffffffffdfc -> 0Xfffffffffffffd6c)
3000096 microseconds
timeout
[  2016-10-27 7:19:0]Process 15757 termed with signal 14(SIGALRM)
PT_F37-8_low_error-100 Test Num : 16
Inject into ../bin/hello
----- Type : 8_low_error Pos : PT_F37 -----
There are 1 faults will be injected in faulttable...
101457 microseconds
Fault on PT_F37(0Xfffffffffffffdfc -> 0Xfffffffffffffdb9)
3000097 microseconds
timeout
[  2016-10-27 7:19:3]Process 15759 termed with signal 14(SIGALRM)
PT_F37-8_low_error-100 Test Num : 17
Inject into ../bin/hello
----- Type : 8_low_error Pos : PT_F37 -----
There are 1 faults will be injected in faulttable...
101514 microseconds
Fault on PT_F37(0Xfffffffffffffdfc -> 0Xfffffffffffffd0e)
3000103 microseconds
timeout
[  2016-10-27 7:19:6]Process 15761 termed with signal 14(SIGALRM)
PT_F37-8_low_error-100 Test Num : 18
Inject into ../bin/hello
----- Type : 8_low_error Pos : PT_F37 -----
There are 1 faults will be injected in faulttable...
100987 microseconds
Fault on PT_F37(0Xfffffffffffffdfc -> 0Xfffffffffffffd08)
3000150 microseconds
timeout
[  2016-10-27 7:19:9]Process 15763 termed with signal 14(SIGALRM)
PT_F37-8_low_error-100 Test Num : 19
Inject into ../bin/hello
----- Type : 8_low_error Pos : PT_F37 -----
There are 1 faults will be injected in faulttable...
101097 microseconds
Fault on PT_F37(0Xfffffffffffffdfc -> 0Xfffffffffffffdc8)
3000137 microseconds
timeout
[ 2016-10-27 7:19:12]Process 15765 termed with signal 14(SIGALRM)
PT_F37-8_low_error-100 Test Num : 20
Inject into ../bin/hello
----- Type : 8_low_error Pos : PT_F37 -----
There are 1 faults will be injected in faulttable...
101607 microseconds
Fault on PT_F37(0Xfffffffffffffdfc -> 0Xfffffffffffffd82)
3000064 microseconds
timeout
[ 2016-10-27 7:19:15]Process 15767 termed with signal 14(SIGALRM)
PT_F37-8_low_error-100 Test Num : 21
Inject into ../bin/hello
----- Type : 8_low_error Pos : PT_F37 -----
There are 1 faults will be injected in faulttable...
101270 microseconds
Fault on PT_F37(0Xfffffffffffffdfc -> 0Xfffffffffffffd67)
3000104 microseconds
timeout
[ 2016-10-27 7:19:18]Process 15769 termed with signal 14(SIGALRM)
PT_F37-8_low_error-100 Test Num : 22
Inject into ../bin/hello
----- Type : 8_low_error Pos : PT_F37 -----
There are 1 faults will be injected in faulttable...
100129 microseconds
Fault on PT_F37(0Xfffffffffffffdfc -> 0Xfffffffffffffd36)
3000060 microseconds
timeout
[ 2016-10-27 7:19:21]Process 15771 termed with signal 14(SIGALRM)
PT_F37-8_low_error-100 Test Num : 23
Inject into ../bin/hello
----- Type : 8_low_error Pos : PT_F37 -----
There are 1 faults will be injected in faulttable...
101002 microseconds
Fault on PT_F37(0Xfffffffffffffdfc -> 0Xfffffffffffffd30)
3000087 microseconds
timeout
[ 2016-10-27 7:19:25]Process 15773 termed with signal 14(SIGALRM)
PT_F37-8_low_error-100 Test Num : 24
Inject into ../bin/hello
----- Type : 8_low_error Pos : PT_F37 -----
There are 1 faults will be injected in faulttable...
101007 microseconds
Fault on PT_F37(0Xfffffffffffffdfc -> 0Xfffffffffffffd37)
3000104 microseconds
timeout
[ 2016-10-27 7:19:28]Process 15775 termed with signal 14(SIGALRM)
PT_F37-8_low_error-100 Test Num : 25
Inject into ../bin/hello
----- Type : 8_low_error Pos : PT_F37 -----
There are 1 faults will be injected in faulttable...
101026 microseconds
Fault on PT_F37(0Xfffffffffffffdfc -> 0Xfffffffffffffd57)
3000089 microseconds
timeout
[ 2016-10-27 7:19:31]Process 15777 termed with signal 14(SIGALRM)
PT_F37-8_low_error-100 Test Num : 26
Inject into ../bin/hello
----- Type : 8_low_error Pos : PT_F37 -----
There are 1 faults will be injected in faulttable...
100983 microseconds
Fault on PT_F37(0Xfffffffffffffdfc -> 0Xfffffffffffffd9b)
3000109 microseconds
timeout
[ 2016-10-27 7:19:34]Process 15779 termed with signal 14(SIGALRM)
PT_F37-8_low_error-100 Test Num : 27
Inject into ../bin/hello
----- Type : 8_low_error Pos : PT_F37 -----
There are 1 faults will be injected in faulttable...
101096 microseconds
Fault on PT_F37(0Xfffffffffffffdfc -> 0Xfffffffffffffde5)
3000085 microseconds
timeout
[ 2016-10-27 7:19:37]Process 15781 termed with signal 14(SIGALRM)
PT_F37-8_low_error-100 Test Num : 28
Inject into ../bin/hello
----- Type : 8_low_error Pos : PT_F37 -----
There are 1 faults will be injected in faulttable...
100236 microseconds
Fault on PT_F37(0Xfffffffffffffdfc -> 0Xfffffffffffffd11)
3000064 microseconds
timeout
[ 2016-10-27 7:19:40]Process 15783 termed with signal 14(SIGALRM)
PT_F37-8_low_error-100 Test Num : 29
Inject into ../bin/hello
----- Type : 8_low_error Pos : PT_F37 -----
There are 1 faults will be injected in faulttable...
100957 microseconds
Fault on PT_F37(0Xfffffffffffffdfc -> 0Xfffffffffffffd7e)
3000115 microseconds
timeout
[ 2016-10-27 7:19:43]Process 15785 termed with signal 14(SIGALRM)
PT_F37-8_low_error-100 Test Num : 30
Inject into ../bin/hello
----- Type : 8_low_error Pos : PT_F37 -----
There are 1 faults will be injected in faulttable...
101116 microseconds
Fault on PT_F37(0Xfffffffffffffdfc -> 0Xfffffffffffffdc3)
3000096 microseconds
timeout
[ 2016-10-27 7:19:46]Process 15787 termed with signal 14(SIGALRM)
PT_F37-8_low_error-100 Test Num : 31
Inject into ../bin/hello
----- Type : 8_low_error Pos : PT_F37 -----
There are 1 faults will be injected in faulttable...
101065 microseconds
Fault on PT_F37(0Xfffffffffffffdfc -> 0Xfffffffffffffdf5)
3000076 microseconds
timeout
[ 2016-10-27 7:19:49]Process 15789 termed with signal 14(SIGALRM)
PT_F37-8_low_error-100 Test Num : 32
Inject into ../bin/hello
----- Type : 8_low_error Pos : PT_F37 -----
There are 1 faults will be injected in faulttable...
101047 microseconds
Fault on PT_F37(0Xfffffffffffffdfc -> 0Xfffffffffffffd9e)
3000081 microseconds
timeout
[ 2016-10-27 7:19:53]Process 15791 termed with signal 14(SIGALRM)
PT_F37-8_low_error-100 Test Num : 33
Inject into ../bin/hello
----- Type : 8_low_error Pos : PT_F37 -----
There are 1 faults will be injected in faulttable...
100072 microseconds
Fault on PT_F37(0Xfffffffffffffdfc -> 0Xfffffffffffffd86)
3000077 microseconds
timeout
[ 2016-10-27 7:19:56]Process 15793 termed with signal 14(SIGALRM)
PT_F37-8_low_error-100 Test Num : 34
Inject into ../bin/hello
----- Type : 8_low_error Pos : PT_F37 -----
There are 1 faults will be injected in faulttable...
101050 microseconds
Fault on PT_F37(0Xfffffffffffffdfc -> 0Xfffffffffffffdbc)
3000062 microseconds
timeout
[ 2016-10-27 7:19:59]Process 15795 termed with signal 14(SIGALRM)
PT_F37-8_low_error-100 Test Num : 35
Inject into ../bin/hello
----- Type : 8_low_error Pos : PT_F37 -----
There are 1 faults will be injected in faulttable...
101051 microseconds
Fault on PT_F37(0Xfffffffffffffdfc -> 0Xfffffffffffffd55)
3000097 microseconds
timeout
[  2016-10-27 7:20:2]Process 15797 termed with signal 14(SIGALRM)
PT_F37-8_low_error-100 Test Num : 36
Inject into ../bin/hello
----- Type : 8_low_error Pos : PT_F37 -----
There are 1 faults will be injected in faulttable...
100915 microseconds
Fault on PT_F37(0Xfffffffffffffdfc -> 0Xfffffffffffffd1d)
3000108 microseconds
timeout
[  2016-10-27 7:20:5]Process 15799 termed with signal 14(SIGALRM)
PT_F37-8_low_error-100 Test Num : 37
Inject into ../bin/hello
----- Type : 8_low_error Pos : PT_F37 -----
There are 1 faults will be injected in faulttable...
101154 microseconds
Fault on PT_F37(0Xfffffffffffffdfc -> 0Xfffffffffffffd2d)
3000126 microseconds
timeout
[  2016-10-27 7:20:8]Process 15801 termed with signal 14(SIGALRM)
PT_F37-8_low_error-100 Test Num : 38
Inject into ../bin/hello
----- Type : 8_low_error Pos : PT_F37 -----
There are 1 faults will be injected in faulttable...
101047 microseconds
Fault on PT_F37(0Xfffffffffffffdfc -> 0Xfffffffffffffda8)
3000093 microseconds
timeout
[ 2016-10-27 7:20:11]Process 15803 termed with signal 14(SIGALRM)
PT_F37-8_low_error-100 Test Num : 39
Inject into ../bin/hello
----- Type : 8_low_error Pos : PT_F37 -----
There are 1 faults will be injected in faulttable...
101035 microseconds
Fault on PT_F37(0Xfffffffffffffdfc -> 0Xfffffffffffffd5b)
3000061 microseconds
timeout
[ 2016-10-27 7:20:14]Process 15805 termed with signal 14(SIGALRM)
PT_F37-8_low_error-100 Test Num : 40
Inject into ../bin/hello
----- Type : 8_low_error Pos : PT_F37 -----
There are 1 faults will be injected in faulttable...
100107 microseconds
Fault on PT_F37(0Xfffffffffffffdfc -> 0Xfffffffffffffd79)
3000070 microseconds
timeout
[ 2016-10-27 7:20:17]Process 15807 termed with signal 14(SIGALRM)
PT_F37-8_low_error-100 Test Num : 41
Inject into ../bin/hello
----- Type : 8_low_error Pos : PT_F37 -----
There are 1 faults will be injected in faulttable...
100063 microseconds
Fault on PT_F37(0Xfffffffffffffdfc -> 0Xfffffffffffffd6c)
3000076 microseconds
timeout
[ 2016-10-27 7:20:21]Process 15809 termed with signal 14(SIGALRM)
PT_F37-8_low_error-100 Test Num : 42
Inject into ../bin/hello
----- Type : 8_low_error Pos : PT_F37 -----
There are 1 faults will be injected in faulttable...
101063 microseconds
Fault on PT_F37(0Xfffffffffffffdfc -> 0Xfffffffffffffd97)
3000078 microseconds
timeout
[ 2016-10-27 7:20:24]Process 15811 termed with signal 14(SIGALRM)
PT_F37-8_low_error-100 Test Num : 43
Inject into ../bin/hello
----- Type : 8_low_error Pos : PT_F37 -----
There are 1 faults will be injected in faulttable...
100964 microseconds
Fault on PT_F37(0Xfffffffffffffdfc -> 0Xfffffffffffffd07)
3000085 microseconds
timeout
[ 2016-10-27 7:20:27]Process 15813 termed with signal 14(SIGALRM)
PT_F37-8_low_error-100 Test Num : 44
Inject into ../bin/hello
----- Type : 8_low_error Pos : PT_F37 -----
There are 1 faults will be injected in faulttable...
100973 microseconds
Fault on PT_F37(0Xfffffffffffffdfc -> 0Xfffffffffffffd3e)
3000093 microseconds
timeout
[ 2016-10-27 7:20:30]Process 15815 termed with signal 14(SIGALRM)
PT_F37-8_low_error-100 Test Num : 45
Inject into ../bin/hello
----- Type : 8_low_error Pos : PT_F37 -----
There are 1 faults will be injected in faulttable...
101228 microseconds
Fault on PT_F37(0Xfffffffffffffdfc -> 0Xfffffffffffffd4f)
3000098 microseconds
timeout
[ 2016-10-27 7:20:33]Process 15818 termed with signal 14(SIGALRM)
PT_F37-8_low_error-100 Test Num : 46
Inject into ../bin/hello
----- Type : 8_low_error Pos : PT_F37 -----
There are 1 faults will be injected in faulttable...
101100 microseconds
Fault on PT_F37(0Xfffffffffffffdfc -> 0Xfffffffffffffd8c)
3000087 microseconds
timeout
[ 2016-10-27 7:20:36]Process 15820 termed with signal 14(SIGALRM)
PT_F37-8_low_error-100 Test Num : 47
Inject into ../bin/hello
----- Type : 8_low_error Pos : PT_F37 -----
There are 1 faults will be injected in faulttable...
101051 microseconds
Fault on PT_F37(0Xfffffffffffffdfc -> 0Xfffffffffffffd33)
3000172 microseconds
timeout
[ 2016-10-27 7:20:39]Process 15822 termed with signal 14(SIGALRM)
PT_F37-8_low_error-100 Test Num : 48
Inject into ../bin/hello
----- Type : 8_low_error Pos : PT_F37 -----
There are 1 faults will be injected in faulttable...
100263 microseconds
Fault on PT_F37(0Xfffffffffffffdfc -> 0Xfffffffffffffd89)
3000060 microseconds
timeout
[ 2016-10-27 7:20:42]Process 15824 termed with signal 14(SIGALRM)
PT_F37-8_low_error-100 Test Num : 49
Inject into ../bin/hello
----- Type : 8_low_error Pos : PT_F37 -----
There are 1 faults will be injected in faulttable...
100142 microseconds
Fault on PT_F37(0Xfffffffffffffdfc -> 0Xfffffffffffffd4f)
3000093 microseconds
timeout
[ 2016-10-27 7:20:45]Process 15826 termed with signal 14(SIGALRM)
PT_F37-8_low_error-100 Test Num : 50
Inject into ../bin/hello
----- Type : 8_low_error Pos : PT_F37 -----
There are 1 faults will be injected in faulttable...
101142 microseconds
Fault on PT_F37(0Xfffffffffffffdfc -> 0Xfffffffffffffd7e)
3000145 microseconds
timeout
[ 2016-10-27 7:20:49]Process 15828 termed with signal 14(SIGALRM)
PT_F37-8_low_error-100 Test Num : 51
Inject into ../bin/hello
----- Type : 8_low_error Pos : PT_F37 -----
There are 1 faults will be injected in faulttable...
100080 microseconds
Fault on PT_F37(0Xfffffffffffffdfc -> 0Xfffffffffffffd57)
3000060 microseconds
timeout
[ 2016-10-27 7:20:52]Process 15830 termed with signal 14(SIGALRM)
PT_F37-8_low_error-100 Test Num : 52
Inject into ../bin/hello
----- Type : 8_low_error Pos : PT_F37 -----
There are 1 faults will be injected in faulttable...
100081 microseconds
Fault on PT_F37(0Xfffffffffffffdfc -> 0Xfffffffffffffd62)
3000074 microseconds
timeout
[ 2016-10-27 7:20:55]Process 15832 termed with signal 14(SIGALRM)
PT_F37-8_low_error-100 Test Num : 53
Inject into ../bin/hello
----- Type : 8_low_error Pos : PT_F37 -----
There are 1 faults will be injected in faulttable...
100974 microseconds
Fault on PT_F37(0Xfffffffffffffdfc -> 0Xfffffffffffffdad)
3000095 microseconds
timeout
[ 2016-10-27 7:20:58]Process 15834 termed with signal 14(SIGALRM)
PT_F37-8_low_error-100 Test Num : 54
Inject into ../bin/hello
----- Type : 8_low_error Pos : PT_F37 -----
There are 1 faults will be injected in faulttable...
101016 microseconds
Fault on PT_F37(0Xfffffffffffffdfc -> 0Xfffffffffffffd5d)
3000116 microseconds
timeout
[  2016-10-27 7:21:1]Process 15836 termed with signal 14(SIGALRM)
PT_F37-8_low_error-100 Test Num : 55
Inject into ../bin/hello
----- Type : 8_low_error Pos : PT_F37 -----
There are 1 faults will be injected in faulttable...
101288 microseconds
Fault on PT_F37(0Xfffffffffffffdfc -> 0Xfffffffffffffdc7)
3000060 microseconds
timeout
[  2016-10-27 7:21:4]Process 15838 termed with signal 14(SIGALRM)
PT_F37-8_low_error-100 Test Num : 56
Inject into ../bin/hello
----- Type : 8_low_error Pos : PT_F37 -----
There are 1 faults will be injected in faulttable...
100988 microseconds
Fault on PT_F37(0Xfffffffffffffdfc -> 0Xfffffffffffffd76)
3000108 microseconds
timeout
[  2016-10-27 7:21:7]Process 15840 termed with signal 14(SIGALRM)
PT_F37-8_low_error-100 Test Num : 57
Inject into ../bin/hello
----- Type : 8_low_error Pos : PT_F37 -----
There are 1 faults will be injected in faulttable...
101092 microseconds
Fault on PT_F37(0Xfffffffffffffdfc -> 0Xfffffffffffffd96)
3000348 microseconds
timeout
[ 2016-10-27 7:21:10]Process 15842 termed with signal 14(SIGALRM)
PT_F37-8_low_error-100 Test Num : 58
Inject into ../bin/hello
----- Type : 8_low_error Pos : PT_F37 -----
There are 1 faults will be injected in faulttable...
100094 microseconds
Fault on PT_F37(0Xfffffffffffffdfc -> 0Xfffffffffffffd7e)
3000083 microseconds
timeout
[ 2016-10-27 7:21:13]Process 15844 termed with signal 14(SIGALRM)
PT_F37-8_low_error-100 Test Num : 59
Inject into ../bin/hello
----- Type : 8_low_error Pos : PT_F37 -----
There are 1 faults will be injected in faulttable...
101075 microseconds
Fault on PT_F37(0Xfffffffffffffdfc -> 0Xfffffffffffffd51)
3000090 microseconds
timeout
[ 2016-10-27 7:21:17]Process 15846 termed with signal 14(SIGALRM)
PT_F37-8_low_error-100 Test Num : 60
Inject into ../bin/hello
----- Type : 8_low_error Pos : PT_F37 -----
There are 1 faults will be injected in faulttable...
100981 microseconds
Fault on PT_F37(0Xfffffffffffffdfc -> 0Xfffffffffffffd25)
3000100 microseconds
timeout
[ 2016-10-27 7:21:20]Process 15848 termed with signal 14(SIGALRM)
PT_F37-8_low_error-100 Test Num : 61
Inject into ../bin/hello
----- Type : 8_low_error Pos : PT_F37 -----
There are 1 faults will be injected in faulttable...
100277 microseconds
Fault on PT_F37(0Xfffffffffffffdfc -> 0Xfffffffffffffdb0)
3000103 microseconds
timeout
[ 2016-10-27 7:21:23]Process 15850 termed with signal 14(SIGALRM)
PT_F37-8_low_error-100 Test Num : 62
Inject into ../bin/hello
----- Type : 8_low_error Pos : PT_F37 -----
There are 1 faults will be injected in faulttable...
101447 microseconds
Fault on PT_F37(0Xfffffffffffffdfc -> 0Xfffffffffffffd8f)
3000067 microseconds
timeout
[ 2016-10-27 7:21:26]Process 15852 termed with signal 14(SIGALRM)
PT_F37-8_low_error-100 Test Num : 63
Inject into ../bin/hello
----- Type : 8_low_error Pos : PT_F37 -----
There are 1 faults will be injected in faulttable...
101328 microseconds
Fault on PT_F37(0Xfffffffffffffdfc -> 0Xfffffffffffffdf6)
3000105 microseconds
timeout
[ 2016-10-27 7:21:29]Process 15854 termed with signal 14(SIGALRM)
PT_F37-8_low_error-100 Test Num : 64
Inject into ../bin/hello
----- Type : 8_low_error Pos : PT_F37 -----
There are 1 faults will be injected in faulttable...
101012 microseconds
Fault on PT_F37(0Xfffffffffffffdfc -> 0Xfffffffffffffdc9)
3000123 microseconds
timeout
[ 2016-10-27 7:21:32]Process 15856 termed with signal 14(SIGALRM)
PT_F37-8_low_error-100 Test Num : 65
Inject into ../bin/hello
----- Type : 8_low_error Pos : PT_F37 -----
There are 1 faults will be injected in faulttable...
100972 microseconds
Fault on PT_F37(0Xfffffffffffffdfc -> 0Xfffffffffffffdaf)
3000102 microseconds
timeout
[ 2016-10-27 7:21:35]Process 15858 termed with signal 14(SIGALRM)
PT_F37-8_low_error-100 Test Num : 66
Inject into ../bin/hello
----- Type : 8_low_error Pos : PT_F37 -----
There are 1 faults will be injected in faulttable...
100967 microseconds
Fault on PT_F37(0Xfffffffffffffdfc -> 0Xfffffffffffffd39)
3000101 microseconds
timeout
[ 2016-10-27 7:21:38]Process 15860 termed with signal 14(SIGALRM)
PT_F37-8_low_error-100 Test Num : 67
Inject into ../bin/hello
----- Type : 8_low_error Pos : PT_F37 -----
There are 1 faults will be injected in faulttable...
101255 microseconds
Fault on PT_F37(0Xfffffffffffffdfc -> 0Xfffffffffffffdfa)
3000090 microseconds
timeout
[ 2016-10-27 7:21:41]Process 15862 termed with signal 14(SIGALRM)
PT_F37-8_low_error-100 Test Num : 68
Inject into ../bin/hello
----- Type : 8_low_error Pos : PT_F37 -----
There are 1 faults will be injected in faulttable...
100990 microseconds
Fault on PT_F37(0Xfffffffffffffdfc -> 0Xfffffffffffffd95)
3000097 microseconds
timeout
[ 2016-10-27 7:21:45]Process 15864 termed with signal 14(SIGALRM)
PT_F37-8_low_error-100 Test Num : 69
Inject into ../bin/hello
----- Type : 8_low_error Pos : PT_F37 -----
There are 1 faults will be injected in faulttable...
101018 microseconds
Fault on PT_F37(0Xfffffffffffffdfc -> 0Xfffffffffffffdb7)
3000093 microseconds
timeout
[ 2016-10-27 7:21:48]Process 15866 termed with signal 14(SIGALRM)
PT_F37-8_low_error-100 Test Num : 70
Inject into ../bin/hello
----- Type : 8_low_error Pos : PT_F37 -----
There are 1 faults will be injected in faulttable...
100950 microseconds
Fault on PT_F37(0Xfffffffffffffdfc -> 0Xfffffffffffffdb0)
3000083 microseconds
timeout
[ 2016-10-27 7:21:51]Process 15868 termed with signal 14(SIGALRM)
PT_F37-8_low_error-100 Test Num : 71
Inject into ../bin/hello
----- Type : 8_low_error Pos : PT_F37 -----
There are 1 faults will be injected in faulttable...
101049 microseconds
Fault on PT_F37(0Xfffffffffffffdfc -> 0Xfffffffffffffd9d)
3000093 microseconds
timeout
[ 2016-10-27 7:21:54]Process 15870 termed with signal 14(SIGALRM)
PT_F37-8_low_error-100 Test Num : 72
Inject into ../bin/hello
----- Type : 8_low_error Pos : PT_F37 -----
There are 1 faults will be injected in faulttable...
101085 microseconds
Fault on PT_F37(0Xfffffffffffffdfc -> 0Xfffffffffffffd80)
3000113 microseconds
timeout
[ 2016-10-27 7:21:57]Process 15872 termed with signal 14(SIGALRM)
PT_F37-8_low_error-100 Test Num : 73
Inject into ../bin/hello
----- Type : 8_low_error Pos : PT_F37 -----
There are 1 faults will be injected in faulttable...
101033 microseconds
Fault on PT_F37(0Xfffffffffffffdfc -> 0Xfffffffffffffd8a)
3000139 microseconds
timeout
[  2016-10-27 7:22:0]Process 15874 termed with signal 14(SIGALRM)
PT_F37-8_low_error-100 Test Num : 74
Inject into ../bin/hello
----- Type : 8_low_error Pos : PT_F37 -----
There are 1 faults will be injected in faulttable...
100915 microseconds
Fault on PT_F37(0Xfffffffffffffdfc -> 0Xfffffffffffffd4e)
3000092 microseconds
timeout
[  2016-10-27 7:22:3]Process 15876 termed with signal 14(SIGALRM)
PT_F37-8_low_error-100 Test Num : 75
Inject into ../bin/hello
----- Type : 8_low_error Pos : PT_F37 -----
There are 1 faults will be injected in faulttable...
101047 microseconds
Fault on PT_F37(0Xfffffffffffffdfc -> 0Xfffffffffffffd4f)
3000082 microseconds
timeout
[  2016-10-27 7:22:6]Process 15878 termed with signal 14(SIGALRM)
PT_F37-8_low_error-100 Test Num : 76
Inject into ../bin/hello
----- Type : 8_low_error Pos : PT_F37 -----
There are 1 faults will be injected in faulttable...
100117 microseconds
Fault on PT_F37(0Xfffffffffffffdfc -> 0Xfffffffffffffd9c)
3000075 microseconds
timeout
[  2016-10-27 7:22:9]Process 15880 termed with signal 14(SIGALRM)
PT_F37-8_low_error-100 Test Num : 77
Inject into ../bin/hello
----- Type : 8_low_error Pos : PT_F37 -----
There are 1 faults will be injected in faulttable...
101064 microseconds
Fault on PT_F37(0Xfffffffffffffdfc -> 0Xfffffffffffffd6e)
3000086 microseconds
timeout
[ 2016-10-27 7:22:13]Process 15882 termed with signal 14(SIGALRM)
PT_F37-8_low_error-100 Test Num : 78
Inject into ../bin/hello
----- Type : 8_low_error Pos : PT_F37 -----
There are 1 faults will be injected in faulttable...
101198 microseconds
Fault on PT_F37(0Xfffffffffffffdfc -> 0Xfffffffffffffd15)
3000061 microseconds
timeout
[ 2016-10-27 7:22:16]Process 15884 termed with signal 14(SIGALRM)
PT_F37-8_low_error-100 Test Num : 79
Inject into ../bin/hello
----- Type : 8_low_error Pos : PT_F37 -----
There are 1 faults will be injected in faulttable...
100174 microseconds
Fault on PT_F37(0Xfffffffffffffdfc -> 0Xfffffffffffffd59)
3000069 microseconds
timeout
[ 2016-10-27 7:22:19]Process 15886 termed with signal 14(SIGALRM)
PT_F37-8_low_error-100 Test Num : 80
Inject into ../bin/hello
----- Type : 8_low_error Pos : PT_F37 -----
There are 1 faults will be injected in faulttable...
100950 microseconds
Fault on PT_F37(0Xfffffffffffffdfc -> 0Xfffffffffffffdd1)
3000108 microseconds
timeout
[ 2016-10-27 7:22:22]Process 15888 termed with signal 14(SIGALRM)
PT_F37-8_low_error-100 Test Num : 81
Inject into ../bin/hello
----- Type : 8_low_error Pos : PT_F37 -----
There are 1 faults will be injected in faulttable...
101011 microseconds
Fault on PT_F37(0Xfffffffffffffdfc -> 0Xfffffffffffffdd2)
3000085 microseconds
timeout
[ 2016-10-27 7:22:25]Process 15890 termed with signal 14(SIGALRM)
PT_F37-8_low_error-100 Test Num : 82
Inject into ../bin/hello
----- Type : 8_low_error Pos : PT_F37 -----
There are 1 faults will be injected in faulttable...
100910 microseconds
Fault on PT_F37(0Xfffffffffffffdfc -> 0Xfffffffffffffde7)
3000207 microseconds
timeout
[ 2016-10-27 7:22:28]Process 15892 termed with signal 14(SIGALRM)
PT_F37-8_low_error-100 Test Num : 83
Inject into ../bin/hello
----- Type : 8_low_error Pos : PT_F37 -----
There are 1 faults will be injected in faulttable...
101107 microseconds
Fault on PT_F37(0Xfffffffffffffdfc -> 0Xfffffffffffffd7c)
3000106 microseconds
timeout
[ 2016-10-27 7:22:31]Process 15894 termed with signal 14(SIGALRM)
PT_F37-8_low_error-100 Test Num : 84
Inject into ../bin/hello
----- Type : 8_low_error Pos : PT_F37 -----
There are 1 faults will be injected in faulttable...
101054 microseconds
Fault on PT_F37(0Xfffffffffffffdfc -> 0Xfffffffffffffdbc)
3000082 microseconds
timeout
[ 2016-10-27 7:22:34]Process 15896 termed with signal 14(SIGALRM)
PT_F37-8_low_error-100 Test Num : 85
Inject into ../bin/hello
----- Type : 8_low_error Pos : PT_F37 -----
There are 1 faults will be injected in faulttable...
100090 microseconds
Fault on PT_F37(0Xfffffffffffffdfc -> 0Xfffffffffffffd8c)
3000061 microseconds
timeout
[ 2016-10-27 7:22:37]Process 15898 termed with signal 14(SIGALRM)
PT_F37-8_low_error-100 Test Num : 86
Inject into ../bin/hello
----- Type : 8_low_error Pos : PT_F37 -----
There are 1 faults will be injected in faulttable...
101016 microseconds
Fault on PT_F37(0Xfffffffffffffdfc -> 0Xfffffffffffffdbd)
3000107 microseconds
timeout
[ 2016-10-27 7:22:41]Process 15900 termed with signal 14(SIGALRM)
PT_F37-8_low_error-100 Test Num : 87
Inject into ../bin/hello
----- Type : 8_low_error Pos : PT_F37 -----
There are 1 faults will be injected in faulttable...
100072 microseconds
Fault on PT_F37(0Xfffffffffffffdfc -> 0Xfffffffffffffd00)
3000181 microseconds
timeout
[ 2016-10-27 7:22:44]Process 15902 termed with signal 14(SIGALRM)
PT_F37-8_low_error-100 Test Num : 88
Inject into ../bin/hello
----- Type : 8_low_error Pos : PT_F37 -----
There are 1 faults will be injected in faulttable...
100244 microseconds
Fault on PT_F37(0Xfffffffffffffdfc -> 0Xfffffffffffffd8e)
3000062 microseconds
timeout
[ 2016-10-27 7:22:47]Process 15904 termed with signal 14(SIGALRM)
PT_F37-8_low_error-100 Test Num : 89
Inject into ../bin/hello
----- Type : 8_low_error Pos : PT_F37 -----
There are 1 faults will be injected in faulttable...
101018 microseconds
Fault on PT_F37(0Xfffffffffffffdfc -> 0Xfffffffffffffd7a)
3000121 microseconds
timeout
[ 2016-10-27 7:22:50]Process 15906 termed with signal 14(SIGALRM)
PT_F37-8_low_error-100 Test Num : 90
Inject into ../bin/hello
----- Type : 8_low_error Pos : PT_F37 -----
There are 1 faults will be injected in faulttable...
100939 microseconds
Fault on PT_F37(0Xfffffffffffffdfc -> 0Xfffffffffffffdcb)
3000087 microseconds
timeout
[ 2016-10-27 7:22:53]Process 15908 termed with signal 14(SIGALRM)
PT_F37-8_low_error-100 Test Num : 91
Inject into ../bin/hello
----- Type : 8_low_error Pos : PT_F37 -----
There are 1 faults will be injected in faulttable...
101237 microseconds
Fault on PT_F37(0Xfffffffffffffdfc -> 0Xfffffffffffffda3)
3000085 microseconds
timeout
[ 2016-10-27 7:22:56]Process 15910 termed with signal 14(SIGALRM)
PT_F37-8_low_error-100 Test Num : 92
Inject into ../bin/hello
----- Type : 8_low_error Pos : PT_F37 -----
There are 1 faults will be injected in faulttable...
100988 microseconds
Fault on PT_F37(0Xfffffffffffffdfc -> 0Xfffffffffffffdf6)
3000156 microseconds
timeout
[ 2016-10-27 7:22:59]Process 15912 termed with signal 14(SIGALRM)
PT_F37-8_low_error-100 Test Num : 93
Inject into ../bin/hello
----- Type : 8_low_error Pos : PT_F37 -----
There are 1 faults will be injected in faulttable...
101100 microseconds
Fault on PT_F37(0Xfffffffffffffdfc -> 0Xfffffffffffffd7a)
3000088 microseconds
timeout
[  2016-10-27 7:23:2]Process 15914 termed with signal 14(SIGALRM)
PT_F37-8_low_error-100 Test Num : 94
Inject into ../bin/hello
----- Type : 8_low_error Pos : PT_F37 -----
There are 1 faults will be injected in faulttable...
101378 microseconds
Fault on PT_F37(0Xfffffffffffffdfc -> 0Xfffffffffffffdd8)
3000100 microseconds
timeout
[  2016-10-27 7:23:5]Process 15916 termed with signal 14(SIGALRM)
PT_F37-8_low_error-100 Test Num : 95
Inject into ../bin/hello
----- Type : 8_low_error Pos : PT_F37 -----
There are 1 faults will be injected in faulttable...
101082 microseconds
Fault on PT_F37(0Xfffffffffffffdfc -> 0Xfffffffffffffdcf)
3000080 microseconds
timeout
[  2016-10-27 7:23:9]Process 15918 termed with signal 14(SIGALRM)
PT_F37-8_low_error-100 Test Num : 96
Inject into ../bin/hello
----- Type : 8_low_error Pos : PT_F37 -----
There are 1 faults will be injected in faulttable...
100903 microseconds
Fault on PT_F37(0Xfffffffffffffdfc -> 0Xfffffffffffffd15)
3000081 microseconds
timeout
[ 2016-10-27 7:23:12]Process 15920 termed with signal 14(SIGALRM)
PT_F37-8_low_error-100 Test Num : 97
Inject into ../bin/hello
----- Type : 8_low_error Pos : PT_F37 -----
There are 1 faults will be injected in faulttable...
101006 microseconds
Fault on PT_F37(0Xfffffffffffffdfc -> 0Xfffffffffffffdd0)
3000091 microseconds
timeout
[ 2016-10-27 7:23:15]Process 15922 termed with signal 14(SIGALRM)
PT_F37-8_low_error-100 Test Num : 98
Inject into ../bin/hello
----- Type : 8_low_error Pos : PT_F37 -----
There are 1 faults will be injected in faulttable...
100985 microseconds
Fault on PT_F37(0Xfffffffffffffdfc -> 0Xfffffffffffffd57)
3000083 microseconds
timeout
[ 2016-10-27 7:23:18]Process 15924 termed with signal 14(SIGALRM)
PT_F37-8_low_error-100 Test Num : 99
Inject into ../bin/hello
----- Type : 8_low_error Pos : PT_F37 -----
There are 1 faults will be injected in faulttable...
100944 microseconds
Fault on PT_F37(0Xfffffffffffffdfc -> 0Xfffffffffffffdb0)
3000061 microseconds
timeout
[ 2016-10-27 7:23:21]Process 15926 termed with signal 14(SIGALRM)
PT_F37-8_low_error-100 Test Num : 100
Inject into ../bin/hello
----- Type : 8_low_error Pos : PT_F37 -----
There are 1 faults will be injected in faulttable...
101163 microseconds
Fault on PT_F37(0Xfffffffffffffdfc -> 0Xfffffffffffffd0e)
3000111 microseconds
timeout
[ 2016-10-27 7:23:24]Process 15928 termed with signal 14(SIGALRM)
