PT_F37-8_low_1-100 Test Num : 1
Inject into ../bin/hello
----- Type : 8_low_1 Pos : PT_F37 -----
There are 1 faults will be injected in faulttable...
100095 microseconds
Fault on PT_F37(0Xfffffffffffffdfc -> 0Xfffffffffffffdff)
3000084 microseconds
timeout
[  2016-10-27 7:7:54]Process 15325 termed with signal 14(SIGALRM)
PT_F37-8_low_1-100 Test Num : 2
Inject into ../bin/hello
----- Type : 8_low_1 Pos : PT_F37 -----
There are 1 faults will be injected in faulttable...
100079 microseconds
Fault on PT_F37(0Xfffffffffffffdfc -> 0Xfffffffffffffdff)
3000075 microseconds
timeout
[  2016-10-27 7:7:57]Process 15327 termed with signal 14(SIGALRM)
PT_F37-8_low_1-100 Test Num : 3
Inject into ../bin/hello
----- Type : 8_low_1 Pos : PT_F37 -----
There are 1 faults will be injected in faulttable...
101024 microseconds
Fault on PT_F37(0Xfffffffffffffdfc -> 0Xfffffffffffffdff)
3000141 microseconds
timeout
[   2016-10-27 7:8:0]Process 15329 termed with signal 14(SIGALRM)
PT_F37-8_low_1-100 Test Num : 4
Inject into ../bin/hello
----- Type : 8_low_1 Pos : PT_F37 -----
There are 1 faults will be injected in faulttable...
101000 microseconds
Fault on PT_F37(0Xfffffffffffffdfc -> 0Xfffffffffffffdff)
3000099 microseconds
timeout
[   2016-10-27 7:8:3]Process 15331 termed with signal 14(SIGALRM)
PT_F37-8_low_1-100 Test Num : 5
Inject into ../bin/hello
----- Type : 8_low_1 Pos : PT_F37 -----
There are 1 faults will be injected in faulttable...
101094 microseconds
Fault on PT_F37(0Xfffffffffffffdfc -> 0Xfffffffffffffdff)
3000082 microseconds
timeout
[   2016-10-27 7:8:6]Process 15333 termed with signal 14(SIGALRM)
PT_F37-8_low_1-100 Test Num : 6
Inject into ../bin/hello
----- Type : 8_low_1 Pos : PT_F37 -----
There are 1 faults will be injected in faulttable...
100959 microseconds
Fault on PT_F37(0Xfffffffffffffdfc -> 0Xfffffffffffffdff)
3000080 microseconds
timeout
[   2016-10-27 7:8:9]Process 15335 termed with signal 14(SIGALRM)
PT_F37-8_low_1-100 Test Num : 7
Inject into ../bin/hello
----- Type : 8_low_1 Pos : PT_F37 -----
There are 1 faults will be injected in faulttable...
101051 microseconds
Fault on PT_F37(0Xfffffffffffffdfc -> 0Xfffffffffffffdff)
3000119 microseconds
timeout
[  2016-10-27 7:8:12]Process 15337 termed with signal 14(SIGALRM)
PT_F37-8_low_1-100 Test Num : 8
Inject into ../bin/hello
----- Type : 8_low_1 Pos : PT_F37 -----
There are 1 faults will be injected in faulttable...
100939 microseconds
Fault on PT_F37(0Xfffffffffffffdfc -> 0Xfffffffffffffdff)
3000080 microseconds
timeout
[  2016-10-27 7:8:15]Process 15339 termed with signal 14(SIGALRM)
PT_F37-8_low_1-100 Test Num : 9
Inject into ../bin/hello
----- Type : 8_low_1 Pos : PT_F37 -----
There are 1 faults will be injected in faulttable...
100077 microseconds
Fault on PT_F37(0Xfffffffffffffdfc -> 0Xfffffffffffffdff)
3000149 microseconds
timeout
[  2016-10-27 7:8:18]Process 15341 termed with signal 14(SIGALRM)
PT_F37-8_low_1-100 Test Num : 10
Inject into ../bin/hello
----- Type : 8_low_1 Pos : PT_F37 -----
There are 1 faults will be injected in faulttable...
101070 microseconds
Fault on PT_F37(0Xfffffffffffffdfc -> 0Xfffffffffffffdff)
3000069 microseconds
timeout
[  2016-10-27 7:8:22]Process 15343 termed with signal 14(SIGALRM)
PT_F37-8_low_1-100 Test Num : 11
Inject into ../bin/hello
----- Type : 8_low_1 Pos : PT_F37 -----
There are 1 faults will be injected in faulttable...
101020 microseconds
Fault on PT_F37(0Xfffffffffffffdfc -> 0Xfffffffffffffdff)
3000076 microseconds
timeout
[  2016-10-27 7:8:25]Process 15345 termed with signal 14(SIGALRM)
PT_F37-8_low_1-100 Test Num : 12
Inject into ../bin/hello
----- Type : 8_low_1 Pos : PT_F37 -----
There are 1 faults will be injected in faulttable...
101169 microseconds
Fault on PT_F37(0Xfffffffffffffdfc -> 0Xfffffffffffffdff)
3000065 microseconds
timeout
[  2016-10-27 7:8:28]Process 15347 termed with signal 14(SIGALRM)
PT_F37-8_low_1-100 Test Num : 13
Inject into ../bin/hello
----- Type : 8_low_1 Pos : PT_F37 -----
There are 1 faults will be injected in faulttable...
101054 microseconds
Fault on PT_F37(0Xfffffffffffffdfc -> 0Xfffffffffffffdff)
3000094 microseconds
timeout
[  2016-10-27 7:8:31]Process 15349 termed with signal 14(SIGALRM)
PT_F37-8_low_1-100 Test Num : 14
Inject into ../bin/hello
----- Type : 8_low_1 Pos : PT_F37 -----
There are 1 faults will be injected in faulttable...
101143 microseconds
Fault on PT_F37(0Xfffffffffffffdfc -> 0Xfffffffffffffdff)
3000121 microseconds
timeout
[  2016-10-27 7:8:34]Process 15351 termed with signal 14(SIGALRM)
PT_F37-8_low_1-100 Test Num : 15
Inject into ../bin/hello
----- Type : 8_low_1 Pos : PT_F37 -----
There are 1 faults will be injected in faulttable...
101025 microseconds
Fault on PT_F37(0Xfffffffffffffdfc -> 0Xfffffffffffffdff)
3000059 microseconds
timeout
[  2016-10-27 7:8:37]Process 15353 termed with signal 14(SIGALRM)
PT_F37-8_low_1-100 Test Num : 16
Inject into ../bin/hello
----- Type : 8_low_1 Pos : PT_F37 -----
There are 1 faults will be injected in faulttable...
100476 microseconds
Fault on PT_F37(0Xfffffffffffffdfc -> 0Xfffffffffffffdff)
3000176 microseconds
timeout
[  2016-10-27 7:8:40]Process 15355 termed with signal 14(SIGALRM)
PT_F37-8_low_1-100 Test Num : 17
Inject into ../bin/hello
----- Type : 8_low_1 Pos : PT_F37 -----
There are 1 faults will be injected in faulttable...
101174 microseconds
Fault on PT_F37(0Xfffffffffffffdfc -> 0Xfffffffffffffdff)
3000105 microseconds
timeout
[  2016-10-27 7:8:43]Process 15357 termed with signal 14(SIGALRM)
PT_F37-8_low_1-100 Test Num : 18
Inject into ../bin/hello
----- Type : 8_low_1 Pos : PT_F37 -----
There are 1 faults will be injected in faulttable...
101018 microseconds
Fault on PT_F37(0Xfffffffffffffdfc -> 0Xfffffffffffffdff)
3000102 microseconds
timeout
[  2016-10-27 7:8:46]Process 15359 termed with signal 14(SIGALRM)
PT_F37-8_low_1-100 Test Num : 19
Inject into ../bin/hello
----- Type : 8_low_1 Pos : PT_F37 -----
There are 1 faults will be injected in faulttable...
101042 microseconds
Fault on PT_F37(0Xfffffffffffffdfc -> 0Xfffffffffffffdff)
3000059 microseconds
timeout
[  2016-10-27 7:8:50]Process 15361 termed with signal 14(SIGALRM)
PT_F37-8_low_1-100 Test Num : 20
Inject into ../bin/hello
----- Type : 8_low_1 Pos : PT_F37 -----
There are 1 faults will be injected in faulttable...
101067 microseconds
Fault on PT_F37(0Xfffffffffffffdfc -> 0Xfffffffffffffdff)
3000104 microseconds
timeout
[  2016-10-27 7:8:53]Process 15363 termed with signal 14(SIGALRM)
PT_F37-8_low_1-100 Test Num : 21
Inject into ../bin/hello
----- Type : 8_low_1 Pos : PT_F37 -----
There are 1 faults will be injected in faulttable...
101077 microseconds
Fault on PT_F37(0Xfffffffffffffdfc -> 0Xfffffffffffffdff)
3000071 microseconds
timeout
[  2016-10-27 7:8:56]Process 15365 termed with signal 14(SIGALRM)
PT_F37-8_low_1-100 Test Num : 22
Inject into ../bin/hello
----- Type : 8_low_1 Pos : PT_F37 -----
There are 1 faults will be injected in faulttable...
101053 microseconds
Fault on PT_F37(0Xfffffffffffffdfc -> 0Xfffffffffffffdff)
3000098 microseconds
timeout
[  2016-10-27 7:8:59]Process 15367 termed with signal 14(SIGALRM)
PT_F37-8_low_1-100 Test Num : 23
Inject into ../bin/hello
----- Type : 8_low_1 Pos : PT_F37 -----
There are 1 faults will be injected in faulttable...
100952 microseconds
Fault on PT_F37(0Xfffffffffffffdfc -> 0Xfffffffffffffdff)
3000093 microseconds
timeout
[   2016-10-27 7:9:2]Process 15369 termed with signal 14(SIGALRM)
PT_F37-8_low_1-100 Test Num : 24
Inject into ../bin/hello
----- Type : 8_low_1 Pos : PT_F37 -----
There are 1 faults will be injected in faulttable...
101054 microseconds
Fault on PT_F37(0Xfffffffffffffdfc -> 0Xfffffffffffffdff)
3000067 microseconds
timeout
[   2016-10-27 7:9:5]Process 15371 termed with signal 14(SIGALRM)
PT_F37-8_low_1-100 Test Num : 25
Inject into ../bin/hello
----- Type : 8_low_1 Pos : PT_F37 -----
There are 1 faults will be injected in faulttable...
100968 microseconds
Fault on PT_F37(0Xfffffffffffffdfc -> 0Xfffffffffffffdff)
3000078 microseconds
timeout
[   2016-10-27 7:9:8]Process 15373 termed with signal 14(SIGALRM)
PT_F37-8_low_1-100 Test Num : 26
Inject into ../bin/hello
----- Type : 8_low_1 Pos : PT_F37 -----
There are 1 faults will be injected in faulttable...
101665 microseconds
Fault on PT_F37(0Xfffffffffffffdfc -> 0Xfffffffffffffdff)
3000074 microseconds
timeout
[  2016-10-27 7:9:11]Process 15375 termed with signal 14(SIGALRM)
PT_F37-8_low_1-100 Test Num : 27
Inject into ../bin/hello
----- Type : 8_low_1 Pos : PT_F37 -----
There are 1 faults will be injected in faulttable...
100082 microseconds
Fault on PT_F37(0Xfffffffffffffdfc -> 0Xfffffffffffffdff)
3000111 microseconds
timeout
[  2016-10-27 7:9:14]Process 15377 termed with signal 14(SIGALRM)
PT_F37-8_low_1-100 Test Num : 28
Inject into ../bin/hello
----- Type : 8_low_1 Pos : PT_F37 -----
There are 1 faults will be injected in faulttable...
100060 microseconds
Fault on PT_F37(0Xfffffffffffffdfc -> 0Xfffffffffffffdff)
3000095 microseconds
timeout
[  2016-10-27 7:9:18]Process 15379 termed with signal 14(SIGALRM)
PT_F37-8_low_1-100 Test Num : 29
Inject into ../bin/hello
----- Type : 8_low_1 Pos : PT_F37 -----
There are 1 faults will be injected in faulttable...
101168 microseconds
Fault on PT_F37(0Xfffffffffffffdfc -> 0Xfffffffffffffdff)
3000091 microseconds
timeout
[  2016-10-27 7:9:21]Process 15381 termed with signal 14(SIGALRM)
PT_F37-8_low_1-100 Test Num : 30
Inject into ../bin/hello
----- Type : 8_low_1 Pos : PT_F37 -----
There are 1 faults will be injected in faulttable...
101204 microseconds
Fault on PT_F37(0Xfffffffffffffdfc -> 0Xfffffffffffffdff)
3000075 microseconds
timeout
[  2016-10-27 7:9:24]Process 15383 termed with signal 14(SIGALRM)
PT_F37-8_low_1-100 Test Num : 31
Inject into ../bin/hello
----- Type : 8_low_1 Pos : PT_F37 -----
There are 1 faults will be injected in faulttable...
101024 microseconds
Fault on PT_F37(0Xfffffffffffffdfc -> 0Xfffffffffffffdff)
3000236 microseconds
timeout
[  2016-10-27 7:9:27]Process 15385 termed with signal 14(SIGALRM)
PT_F37-8_low_1-100 Test Num : 32
Inject into ../bin/hello
----- Type : 8_low_1 Pos : PT_F37 -----
There are 1 faults will be injected in faulttable...
100965 microseconds
Fault on PT_F37(0Xfffffffffffffdfc -> 0Xfffffffffffffdff)
3000099 microseconds
timeout
[  2016-10-27 7:9:30]Process 15387 termed with signal 14(SIGALRM)
PT_F37-8_low_1-100 Test Num : 33
Inject into ../bin/hello
----- Type : 8_low_1 Pos : PT_F37 -----
There are 1 faults will be injected in faulttable...
101087 microseconds
Fault on PT_F37(0Xfffffffffffffdfc -> 0Xfffffffffffffdff)
3000086 microseconds
timeout
[  2016-10-27 7:9:33]Process 15389 termed with signal 14(SIGALRM)
PT_F37-8_low_1-100 Test Num : 34
Inject into ../bin/hello
----- Type : 8_low_1 Pos : PT_F37 -----
There are 1 faults will be injected in faulttable...
100920 microseconds
Fault on PT_F37(0Xfffffffffffffdfc -> 0Xfffffffffffffdff)
3000097 microseconds
timeout
[  2016-10-27 7:9:36]Process 15391 termed with signal 14(SIGALRM)
PT_F37-8_low_1-100 Test Num : 35
Inject into ../bin/hello
----- Type : 8_low_1 Pos : PT_F37 -----
There are 1 faults will be injected in faulttable...
101101 microseconds
Fault on PT_F37(0Xfffffffffffffdfc -> 0Xfffffffffffffdff)
3000111 microseconds
timeout
[  2016-10-27 7:9:39]Process 15393 termed with signal 14(SIGALRM)
PT_F37-8_low_1-100 Test Num : 36
Inject into ../bin/hello
----- Type : 8_low_1 Pos : PT_F37 -----
There are 1 faults will be injected in faulttable...
100949 microseconds
Fault on PT_F37(0Xfffffffffffffdfc -> 0Xfffffffffffffdff)
3000095 microseconds
timeout
[  2016-10-27 7:9:42]Process 15395 termed with signal 14(SIGALRM)
PT_F37-8_low_1-100 Test Num : 37
Inject into ../bin/hello
----- Type : 8_low_1 Pos : PT_F37 -----
There are 1 faults will be injected in faulttable...
100992 microseconds
Fault on PT_F37(0Xfffffffffffffdfc -> 0Xfffffffffffffdff)
3000066 microseconds
timeout
[  2016-10-27 7:9:46]Process 15397 termed with signal 14(SIGALRM)
PT_F37-8_low_1-100 Test Num : 38
Inject into ../bin/hello
----- Type : 8_low_1 Pos : PT_F37 -----
There are 1 faults will be injected in faulttable...
100991 microseconds
Fault on PT_F37(0Xfffffffffffffdfc -> 0Xfffffffffffffdff)
3000075 microseconds
timeout
[  2016-10-27 7:9:49]Process 15399 termed with signal 14(SIGALRM)
PT_F37-8_low_1-100 Test Num : 39
Inject into ../bin/hello
----- Type : 8_low_1 Pos : PT_F37 -----
There are 1 faults will be injected in faulttable...
100976 microseconds
Fault on PT_F37(0Xfffffffffffffdfc -> 0Xfffffffffffffdff)
3000071 microseconds
timeout
[  2016-10-27 7:9:52]Process 15401 termed with signal 14(SIGALRM)
PT_F37-8_low_1-100 Test Num : 40
Inject into ../bin/hello
----- Type : 8_low_1 Pos : PT_F37 -----
There are 1 faults will be injected in faulttable...
101033 microseconds
Fault on PT_F37(0Xfffffffffffffdfc -> 0Xfffffffffffffdff)
3000138 microseconds
timeout
[  2016-10-27 7:9:55]Process 15403 termed with signal 14(SIGALRM)
PT_F37-8_low_1-100 Test Num : 41
Inject into ../bin/hello
----- Type : 8_low_1 Pos : PT_F37 -----
There are 1 faults will be injected in faulttable...
101061 microseconds
Fault on PT_F37(0Xfffffffffffffdfc -> 0Xfffffffffffffdff)
3000068 microseconds
timeout
[  2016-10-27 7:9:58]Process 15405 termed with signal 14(SIGALRM)
PT_F37-8_low_1-100 Test Num : 42
Inject into ../bin/hello
----- Type : 8_low_1 Pos : PT_F37 -----
There are 1 faults will be injected in faulttable...
100875 microseconds
Fault on PT_F37(0Xfffffffffffffdfc -> 0Xfffffffffffffdff)
3000067 microseconds
timeout
[  2016-10-27 7:10:1]Process 15407 termed with signal 14(SIGALRM)
PT_F37-8_low_1-100 Test Num : 43
Inject into ../bin/hello
----- Type : 8_low_1 Pos : PT_F37 -----
There are 1 faults will be injected in faulttable...
100988 microseconds
Fault on PT_F37(0Xfffffffffffffdfc -> 0Xfffffffffffffdff)
3000426 microseconds
timeout
[  2016-10-27 7:10:4]Process 15409 termed with signal 14(SIGALRM)
PT_F37-8_low_1-100 Test Num : 44
Inject into ../bin/hello
----- Type : 8_low_1 Pos : PT_F37 -----
There are 1 faults will be injected in faulttable...
100939 microseconds
Fault on PT_F37(0Xfffffffffffffdfc -> 0Xfffffffffffffdff)
3000070 microseconds
timeout
[  2016-10-27 7:10:7]Process 15411 termed with signal 14(SIGALRM)
PT_F37-8_low_1-100 Test Num : 45
Inject into ../bin/hello
----- Type : 8_low_1 Pos : PT_F37 -----
There are 1 faults will be injected in faulttable...
100993 microseconds
Fault on PT_F37(0Xfffffffffffffdfc -> 0Xfffffffffffffdff)
3000090 microseconds
timeout
[ 2016-10-27 7:10:10]Process 15413 termed with signal 14(SIGALRM)
PT_F37-8_low_1-100 Test Num : 46
Inject into ../bin/hello
----- Type : 8_low_1 Pos : PT_F37 -----
There are 1 faults will be injected in faulttable...
101057 microseconds
Fault on PT_F37(0Xfffffffffffffdfc -> 0Xfffffffffffffdff)
3000079 microseconds
timeout
[ 2016-10-27 7:10:14]Process 15415 termed with signal 14(SIGALRM)
PT_F37-8_low_1-100 Test Num : 47
Inject into ../bin/hello
----- Type : 8_low_1 Pos : PT_F37 -----
There are 1 faults will be injected in faulttable...
100959 microseconds
Fault on PT_F37(0Xfffffffffffffdfc -> 0Xfffffffffffffdff)
3000095 microseconds
timeout
[ 2016-10-27 7:10:17]Process 15417 termed with signal 14(SIGALRM)
PT_F37-8_low_1-100 Test Num : 48
Inject into ../bin/hello
----- Type : 8_low_1 Pos : PT_F37 -----
There are 1 faults will be injected in faulttable...
100062 microseconds
Fault on PT_F37(0Xfffffffffffffdfc -> 0Xfffffffffffffdff)
3000078 microseconds
timeout
[ 2016-10-27 7:10:20]Process 15419 termed with signal 14(SIGALRM)
PT_F37-8_low_1-100 Test Num : 49
Inject into ../bin/hello
----- Type : 8_low_1 Pos : PT_F37 -----
There are 1 faults will be injected in faulttable...
100097 microseconds
Fault on PT_F37(0Xfffffffffffffdfc -> 0Xfffffffffffffdff)
3000095 microseconds
timeout
[ 2016-10-27 7:10:23]Process 15421 termed with signal 14(SIGALRM)
PT_F37-8_low_1-100 Test Num : 50
Inject into ../bin/hello
----- Type : 8_low_1 Pos : PT_F37 -----
There are 1 faults will be injected in faulttable...
101267 microseconds
Fault on PT_F37(0Xfffffffffffffdfc -> 0Xfffffffffffffdff)
3000107 microseconds
timeout
[ 2016-10-27 7:10:26]Process 15423 termed with signal 14(SIGALRM)
PT_F37-8_low_1-100 Test Num : 51
Inject into ../bin/hello
----- Type : 8_low_1 Pos : PT_F37 -----
There are 1 faults will be injected in faulttable...
100102 microseconds
Fault on PT_F37(0Xfffffffffffffdfc -> 0Xfffffffffffffdff)
3000086 microseconds
timeout
[ 2016-10-27 7:10:29]Process 15426 termed with signal 14(SIGALRM)
PT_F37-8_low_1-100 Test Num : 52
Inject into ../bin/hello
----- Type : 8_low_1 Pos : PT_F37 -----
There are 1 faults will be injected in faulttable...
101280 microseconds
Fault on PT_F37(0Xfffffffffffffdfc -> 0Xfffffffffffffdff)
3000312 microseconds
timeout
[ 2016-10-27 7:10:32]Process 15428 termed with signal 14(SIGALRM)
PT_F37-8_low_1-100 Test Num : 53
Inject into ../bin/hello
----- Type : 8_low_1 Pos : PT_F37 -----
There are 1 faults will be injected in faulttable...
100903 microseconds
Fault on PT_F37(0Xfffffffffffffdfc -> 0Xfffffffffffffdff)
3000074 microseconds
timeout
[ 2016-10-27 7:10:35]Process 15430 termed with signal 14(SIGALRM)
PT_F37-8_low_1-100 Test Num : 54
Inject into ../bin/hello
----- Type : 8_low_1 Pos : PT_F37 -----
There are 1 faults will be injected in faulttable...
100146 microseconds
Fault on PT_F37(0Xfffffffffffffdfc -> 0Xfffffffffffffdff)
3000103 microseconds
timeout
[ 2016-10-27 7:10:38]Process 15432 termed with signal 14(SIGALRM)
PT_F37-8_low_1-100 Test Num : 55
Inject into ../bin/hello
----- Type : 8_low_1 Pos : PT_F37 -----
There are 1 faults will be injected in faulttable...
101068 microseconds
Fault on PT_F37(0Xfffffffffffffdfc -> 0Xfffffffffffffdff)
3000078 microseconds
timeout
[ 2016-10-27 7:10:42]Process 15434 termed with signal 14(SIGALRM)
PT_F37-8_low_1-100 Test Num : 56
Inject into ../bin/hello
----- Type : 8_low_1 Pos : PT_F37 -----
There are 1 faults will be injected in faulttable...
101084 microseconds
Fault on PT_F37(0Xfffffffffffffdfc -> 0Xfffffffffffffdff)
3000069 microseconds
timeout
[ 2016-10-27 7:10:45]Process 15436 termed with signal 14(SIGALRM)
PT_F37-8_low_1-100 Test Num : 57
Inject into ../bin/hello
----- Type : 8_low_1 Pos : PT_F37 -----
There are 1 faults will be injected in faulttable...
101087 microseconds
Fault on PT_F37(0Xfffffffffffffdfc -> 0Xfffffffffffffdff)
3000092 microseconds
timeout
[ 2016-10-27 7:10:48]Process 15438 termed with signal 14(SIGALRM)
PT_F37-8_low_1-100 Test Num : 58
Inject into ../bin/hello
----- Type : 8_low_1 Pos : PT_F37 -----
There are 1 faults will be injected in faulttable...
100079 microseconds
Fault on PT_F37(0Xfffffffffffffdfc -> 0Xfffffffffffffdff)
3000087 microseconds
timeout
[ 2016-10-27 7:10:51]Process 15440 termed with signal 14(SIGALRM)
PT_F37-8_low_1-100 Test Num : 59
Inject into ../bin/hello
----- Type : 8_low_1 Pos : PT_F37 -----
There are 1 faults will be injected in faulttable...
101113 microseconds
Fault on PT_F37(0Xfffffffffffffdfc -> 0Xfffffffffffffdff)
3000093 microseconds
timeout
[ 2016-10-27 7:10:54]Process 15442 termed with signal 14(SIGALRM)
PT_F37-8_low_1-100 Test Num : 60
Inject into ../bin/hello
----- Type : 8_low_1 Pos : PT_F37 -----
There are 1 faults will be injected in faulttable...
100968 microseconds
Fault on PT_F37(0Xfffffffffffffdfc -> 0Xfffffffffffffdff)
3000056 microseconds
timeout
[ 2016-10-27 7:10:57]Process 15444 termed with signal 14(SIGALRM)
PT_F37-8_low_1-100 Test Num : 61
Inject into ../bin/hello
----- Type : 8_low_1 Pos : PT_F37 -----
There are 1 faults will be injected in faulttable...
100987 microseconds
Fault on PT_F37(0Xfffffffffffffdfc -> 0Xfffffffffffffdff)
3000067 microseconds
timeout
[  2016-10-27 7:11:0]Process 15446 termed with signal 14(SIGALRM)
PT_F37-8_low_1-100 Test Num : 62
Inject into ../bin/hello
----- Type : 8_low_1 Pos : PT_F37 -----
There are 1 faults will be injected in faulttable...
101326 microseconds
Fault on PT_F37(0Xfffffffffffffdfc -> 0Xfffffffffffffdff)
3000092 microseconds
timeout
[  2016-10-27 7:11:3]Process 15448 termed with signal 14(SIGALRM)
PT_F37-8_low_1-100 Test Num : 63
Inject into ../bin/hello
----- Type : 8_low_1 Pos : PT_F37 -----
There are 1 faults will be injected in faulttable...
100069 microseconds
Fault on PT_F37(0Xfffffffffffffdfc -> 0Xfffffffffffffdff)
3000102 microseconds
timeout
[  2016-10-27 7:11:6]Process 15450 termed with signal 14(SIGALRM)
PT_F37-8_low_1-100 Test Num : 64
Inject into ../bin/hello
----- Type : 8_low_1 Pos : PT_F37 -----
There are 1 faults will be injected in faulttable...
100997 microseconds
Fault on PT_F37(0Xfffffffffffffdfc -> 0Xfffffffffffffdff)
3000096 microseconds
timeout
[ 2016-10-27 7:11:10]Process 15452 termed with signal 14(SIGALRM)
PT_F37-8_low_1-100 Test Num : 65
Inject into ../bin/hello
----- Type : 8_low_1 Pos : PT_F37 -----
There are 1 faults will be injected in faulttable...
100988 microseconds
Fault on PT_F37(0Xfffffffffffffdfc -> 0Xfffffffffffffdff)
3000083 microseconds
timeout
[ 2016-10-27 7:11:13]Process 15454 termed with signal 14(SIGALRM)
PT_F37-8_low_1-100 Test Num : 66
Inject into ../bin/hello
----- Type : 8_low_1 Pos : PT_F37 -----
There are 1 faults will be injected in faulttable...
101138 microseconds
Fault on PT_F37(0Xfffffffffffffdfc -> 0Xfffffffffffffdff)
3000110 microseconds
timeout
[ 2016-10-27 7:11:16]Process 15456 termed with signal 14(SIGALRM)
PT_F37-8_low_1-100 Test Num : 67
Inject into ../bin/hello
----- Type : 8_low_1 Pos : PT_F37 -----
There are 1 faults will be injected in faulttable...
101037 microseconds
Fault on PT_F37(0Xfffffffffffffdfc -> 0Xfffffffffffffdff)
3000099 microseconds
timeout
[ 2016-10-27 7:11:19]Process 15458 termed with signal 14(SIGALRM)
PT_F37-8_low_1-100 Test Num : 68
Inject into ../bin/hello
----- Type : 8_low_1 Pos : PT_F37 -----
There are 1 faults will be injected in faulttable...
101156 microseconds
Fault on PT_F37(0Xfffffffffffffdfc -> 0Xfffffffffffffdff)
3000094 microseconds
timeout
[ 2016-10-27 7:11:22]Process 15460 termed with signal 14(SIGALRM)
PT_F37-8_low_1-100 Test Num : 69
Inject into ../bin/hello
----- Type : 8_low_1 Pos : PT_F37 -----
There are 1 faults will be injected in faulttable...
100975 microseconds
Fault on PT_F37(0Xfffffffffffffdfc -> 0Xfffffffffffffdff)
3000088 microseconds
timeout
[ 2016-10-27 7:11:25]Process 15462 termed with signal 14(SIGALRM)
PT_F37-8_low_1-100 Test Num : 70
Inject into ../bin/hello
----- Type : 8_low_1 Pos : PT_F37 -----
There are 1 faults will be injected in faulttable...
101022 microseconds
Fault on PT_F37(0Xfffffffffffffdfc -> 0Xfffffffffffffdff)
3000074 microseconds
timeout
[ 2016-10-27 7:11:28]Process 15464 termed with signal 14(SIGALRM)
PT_F37-8_low_1-100 Test Num : 71
Inject into ../bin/hello
----- Type : 8_low_1 Pos : PT_F37 -----
There are 1 faults will be injected in faulttable...
101057 microseconds
Fault on PT_F37(0Xfffffffffffffdfc -> 0Xfffffffffffffdff)
3000073 microseconds
timeout
[ 2016-10-27 7:11:31]Process 15466 termed with signal 14(SIGALRM)
PT_F37-8_low_1-100 Test Num : 72
Inject into ../bin/hello
----- Type : 8_low_1 Pos : PT_F37 -----
There are 1 faults will be injected in faulttable...
101106 microseconds
Fault on PT_F37(0Xfffffffffffffdfc -> 0Xfffffffffffffdff)
3000066 microseconds
timeout
[ 2016-10-27 7:11:34]Process 15468 termed with signal 14(SIGALRM)
PT_F37-8_low_1-100 Test Num : 73
Inject into ../bin/hello
----- Type : 8_low_1 Pos : PT_F37 -----
There are 1 faults will be injected in faulttable...
101061 microseconds
Fault on PT_F37(0Xfffffffffffffdfc -> 0Xfffffffffffffdff)
3000097 microseconds
timeout
[ 2016-10-27 7:11:38]Process 15470 termed with signal 14(SIGALRM)
PT_F37-8_low_1-100 Test Num : 74
Inject into ../bin/hello
----- Type : 8_low_1 Pos : PT_F37 -----
There are 1 faults will be injected in faulttable...
101217 microseconds
Fault on PT_F37(0Xfffffffffffffdfc -> 0Xfffffffffffffdff)
3000080 microseconds
timeout
[ 2016-10-27 7:11:41]Process 15472 termed with signal 14(SIGALRM)
PT_F37-8_low_1-100 Test Num : 75
Inject into ../bin/hello
----- Type : 8_low_1 Pos : PT_F37 -----
There are 1 faults will be injected in faulttable...
101258 microseconds
Fault on PT_F37(0Xfffffffffffffdfc -> 0Xfffffffffffffdff)
3000068 microseconds
timeout
[ 2016-10-27 7:11:44]Process 15474 termed with signal 14(SIGALRM)
PT_F37-8_low_1-100 Test Num : 76
Inject into ../bin/hello
----- Type : 8_low_1 Pos : PT_F37 -----
There are 1 faults will be injected in faulttable...
100949 microseconds
Fault on PT_F37(0Xfffffffffffffdfc -> 0Xfffffffffffffdff)
3000054 microseconds
timeout
[ 2016-10-27 7:11:47]Process 15476 termed with signal 14(SIGALRM)
PT_F37-8_low_1-100 Test Num : 77
Inject into ../bin/hello
----- Type : 8_low_1 Pos : PT_F37 -----
There are 1 faults will be injected in faulttable...
100933 microseconds
Fault on PT_F37(0Xfffffffffffffdfc -> 0Xfffffffffffffdff)
3000065 microseconds
timeout
[ 2016-10-27 7:11:50]Process 15478 termed with signal 14(SIGALRM)
PT_F37-8_low_1-100 Test Num : 78
Inject into ../bin/hello
----- Type : 8_low_1 Pos : PT_F37 -----
There are 1 faults will be injected in faulttable...
101353 microseconds
Fault on PT_F37(0Xfffffffffffffdfc -> 0Xfffffffffffffdff)
3000107 microseconds
timeout
[ 2016-10-27 7:11:53]Process 15480 termed with signal 14(SIGALRM)
PT_F37-8_low_1-100 Test Num : 79
Inject into ../bin/hello
----- Type : 8_low_1 Pos : PT_F37 -----
There are 1 faults will be injected in faulttable...
100973 microseconds
Fault on PT_F37(0Xfffffffffffffdfc -> 0Xfffffffffffffdff)
3000104 microseconds
timeout
[ 2016-10-27 7:11:56]Process 15482 termed with signal 14(SIGALRM)
PT_F37-8_low_1-100 Test Num : 80
Inject into ../bin/hello
----- Type : 8_low_1 Pos : PT_F37 -----
There are 1 faults will be injected in faulttable...
100103 microseconds
Fault on PT_F37(0Xfffffffffffffdfc -> 0Xfffffffffffffdff)
3000130 microseconds
timeout
[ 2016-10-27 7:11:59]Process 15484 termed with signal 14(SIGALRM)
PT_F37-8_low_1-100 Test Num : 81
Inject into ../bin/hello
----- Type : 8_low_1 Pos : PT_F37 -----
There are 1 faults will be injected in faulttable...
101490 microseconds
Fault on PT_F37(0Xfffffffffffffdfc -> 0Xfffffffffffffdff)
3000058 microseconds
timeout
[  2016-10-27 7:12:2]Process 15486 termed with signal 14(SIGALRM)
PT_F37-8_low_1-100 Test Num : 82
Inject into ../bin/hello
----- Type : 8_low_1 Pos : PT_F37 -----
There are 1 faults will be injected in faulttable...
100983 microseconds
Fault on PT_F37(0Xfffffffffffffdfc -> 0Xfffffffffffffdff)
3000070 microseconds
timeout
[  2016-10-27 7:12:6]Process 15488 termed with signal 14(SIGALRM)
PT_F37-8_low_1-100 Test Num : 83
Inject into ../bin/hello
----- Type : 8_low_1 Pos : PT_F37 -----
There are 1 faults will be injected in faulttable...
100117 microseconds
Fault on PT_F37(0Xfffffffffffffdfc -> 0Xfffffffffffffdff)
3000093 microseconds
timeout
[  2016-10-27 7:12:9]Process 15490 termed with signal 14(SIGALRM)
PT_F37-8_low_1-100 Test Num : 84
Inject into ../bin/hello
----- Type : 8_low_1 Pos : PT_F37 -----
There are 1 faults will be injected in faulttable...
100985 microseconds
Fault on PT_F37(0Xfffffffffffffdfc -> 0Xfffffffffffffdff)
3000180 microseconds
timeout
[ 2016-10-27 7:12:12]Process 15492 termed with signal 14(SIGALRM)
PT_F37-8_low_1-100 Test Num : 85
Inject into ../bin/hello
----- Type : 8_low_1 Pos : PT_F37 -----
There are 1 faults will be injected in faulttable...
101029 microseconds
Fault on PT_F37(0Xfffffffffffffdfc -> 0Xfffffffffffffdff)
3000108 microseconds
timeout
[ 2016-10-27 7:12:15]Process 15494 termed with signal 14(SIGALRM)
PT_F37-8_low_1-100 Test Num : 86
Inject into ../bin/hello
----- Type : 8_low_1 Pos : PT_F37 -----
There are 1 faults will be injected in faulttable...
100981 microseconds
Fault on PT_F37(0Xfffffffffffffdfc -> 0Xfffffffffffffdff)
3000126 microseconds
timeout
[ 2016-10-27 7:12:18]Process 15496 termed with signal 14(SIGALRM)
PT_F37-8_low_1-100 Test Num : 87
Inject into ../bin/hello
----- Type : 8_low_1 Pos : PT_F37 -----
There are 1 faults will be injected in faulttable...
100913 microseconds
Fault on PT_F37(0Xfffffffffffffdfc -> 0Xfffffffffffffdff)
3000125 microseconds
timeout
[ 2016-10-27 7:12:21]Process 15498 termed with signal 14(SIGALRM)
PT_F37-8_low_1-100 Test Num : 88
Inject into ../bin/hello
----- Type : 8_low_1 Pos : PT_F37 -----
There are 1 faults will be injected in faulttable...
101102 microseconds
Fault on PT_F37(0Xfffffffffffffdfc -> 0Xfffffffffffffdff)
3000078 microseconds
timeout
[ 2016-10-27 7:12:24]Process 15500 termed with signal 14(SIGALRM)
PT_F37-8_low_1-100 Test Num : 89
Inject into ../bin/hello
----- Type : 8_low_1 Pos : PT_F37 -----
There are 1 faults will be injected in faulttable...
101119 microseconds
Fault on PT_F37(0Xfffffffffffffdfc -> 0Xfffffffffffffdff)
3000072 microseconds
timeout
[ 2016-10-27 7:12:27]Process 15502 termed with signal 14(SIGALRM)
PT_F37-8_low_1-100 Test Num : 90
Inject into ../bin/hello
----- Type : 8_low_1 Pos : PT_F37 -----
There are 1 faults will be injected in faulttable...
101080 microseconds
Fault on PT_F37(0Xfffffffffffffdfc -> 0Xfffffffffffffdff)
3000069 microseconds
timeout
[ 2016-10-27 7:12:31]Process 15504 termed with signal 14(SIGALRM)
PT_F37-8_low_1-100 Test Num : 91
Inject into ../bin/hello
----- Type : 8_low_1 Pos : PT_F37 -----
There are 1 faults will be injected in faulttable...
100944 microseconds
Fault on PT_F37(0Xfffffffffffffdfc -> 0Xfffffffffffffdff)
3000075 microseconds
timeout
[ 2016-10-27 7:12:34]Process 15506 termed with signal 14(SIGALRM)
PT_F37-8_low_1-100 Test Num : 92
Inject into ../bin/hello
----- Type : 8_low_1 Pos : PT_F37 -----
There are 1 faults will be injected in faulttable...
100109 microseconds
Fault on PT_F37(0Xfffffffffffffdfc -> 0Xfffffffffffffdff)
3000085 microseconds
timeout
[ 2016-10-27 7:12:37]Process 15508 termed with signal 14(SIGALRM)
PT_F37-8_low_1-100 Test Num : 93
Inject into ../bin/hello
----- Type : 8_low_1 Pos : PT_F37 -----
There are 1 faults will be injected in faulttable...
101053 microseconds
Fault on PT_F37(0Xfffffffffffffdfc -> 0Xfffffffffffffdff)
3000079 microseconds
timeout
[ 2016-10-27 7:12:40]Process 15510 termed with signal 14(SIGALRM)
PT_F37-8_low_1-100 Test Num : 94
Inject into ../bin/hello
----- Type : 8_low_1 Pos : PT_F37 -----
There are 1 faults will be injected in faulttable...
100076 microseconds
Fault on PT_F37(0Xfffffffffffffdfc -> 0Xfffffffffffffdff)
3000068 microseconds
timeout
[ 2016-10-27 7:12:43]Process 15512 termed with signal 14(SIGALRM)
PT_F37-8_low_1-100 Test Num : 95
Inject into ../bin/hello
----- Type : 8_low_1 Pos : PT_F37 -----
There are 1 faults will be injected in faulttable...
101046 microseconds
Fault on PT_F37(0Xfffffffffffffdfc -> 0Xfffffffffffffdff)
3000065 microseconds
timeout
[ 2016-10-27 7:12:46]Process 15514 termed with signal 14(SIGALRM)
PT_F37-8_low_1-100 Test Num : 96
Inject into ../bin/hello
----- Type : 8_low_1 Pos : PT_F37 -----
There are 1 faults will be injected in faulttable...
100083 microseconds
Fault on PT_F37(0Xfffffffffffffdfc -> 0Xfffffffffffffdff)
3000075 microseconds
timeout
[ 2016-10-27 7:12:49]Process 15516 termed with signal 14(SIGALRM)
PT_F37-8_low_1-100 Test Num : 97
Inject into ../bin/hello
----- Type : 8_low_1 Pos : PT_F37 -----
There are 1 faults will be injected in faulttable...
101015 microseconds
Fault on PT_F37(0Xfffffffffffffdfc -> 0Xfffffffffffffdff)
3000092 microseconds
timeout
[ 2016-10-27 7:12:52]Process 15518 termed with signal 14(SIGALRM)
PT_F37-8_low_1-100 Test Num : 98
Inject into ../bin/hello
----- Type : 8_low_1 Pos : PT_F37 -----
There are 1 faults will be injected in faulttable...
101019 microseconds
Fault on PT_F37(0Xfffffffffffffdfc -> 0Xfffffffffffffdff)
3000082 microseconds
timeout
[ 2016-10-27 7:12:55]Process 15520 termed with signal 14(SIGALRM)
PT_F37-8_low_1-100 Test Num : 99
Inject into ../bin/hello
----- Type : 8_low_1 Pos : PT_F37 -----
There are 1 faults will be injected in faulttable...
101249 microseconds
Fault on PT_F37(0Xfffffffffffffdfc -> 0Xfffffffffffffdff)
3000094 microseconds
timeout
[ 2016-10-27 7:12:59]Process 15522 termed with signal 14(SIGALRM)
PT_F37-8_low_1-100 Test Num : 100
Inject into ../bin/hello
----- Type : 8_low_1 Pos : PT_F37 -----
There are 1 faults will be injected in faulttable...
101139 microseconds
Fault on PT_F37(0Xfffffffffffffdfc -> 0Xfffffffffffffdff)
3000068 microseconds
timeout
[  2016-10-27 7:13:2]Process 15524 termed with signal 14(SIGALRM)
