PT_F37-plus_5-100 Test Num : 1
Inject into ../bin/hello
----- Type : plus_5 Pos : PT_F37 -----
There are 1 faults will be injected in faulttable...
101017 microseconds
Fault on PT_F37(0Xfffffffffffffdfc -> 0Xfffffffffffffe01)
3000089 microseconds
timeout
[ 2016-10-27 7:44:12]Process 16882 termed with signal 14(SIGALRM)
PT_F37-plus_5-100 Test Num : 2
Inject into ../bin/hello
----- Type : plus_5 Pos : PT_F37 -----
There are 1 faults will be injected in faulttable...
100919 microseconds
Fault on PT_F37(0Xfffffffffffffdfc -> 0Xfffffffffffffe01)
3000137 microseconds
timeout
[ 2016-10-27 7:44:16]Process 16884 termed with signal 14(SIGALRM)
PT_F37-plus_5-100 Test Num : 3
Inject into ../bin/hello
----- Type : plus_5 Pos : PT_F37 -----
There are 1 faults will be injected in faulttable...
100975 microseconds
Fault on PT_F37(0Xfffffffffffffdfc -> 0Xfffffffffffffe01)
3000135 microseconds
timeout
[ 2016-10-27 7:44:19]Process 16886 termed with signal 14(SIGALRM)
PT_F37-plus_5-100 Test Num : 4
Inject into ../bin/hello
----- Type : plus_5 Pos : PT_F37 -----
There are 1 faults will be injected in faulttable...
101125 microseconds
Fault on PT_F37(0Xfffffffffffffdfc -> 0Xfffffffffffffe01)
3000155 microseconds
timeout
[ 2016-10-27 7:44:22]Process 16888 termed with signal 14(SIGALRM)
PT_F37-plus_5-100 Test Num : 5
Inject into ../bin/hello
----- Type : plus_5 Pos : PT_F37 -----
There are 1 faults will be injected in faulttable...
100868 microseconds
Fault on PT_F37(0Xfffffffffffffdfc -> 0Xfffffffffffffe01)
3000100 microseconds
timeout
[ 2016-10-27 7:44:25]Process 16890 termed with signal 14(SIGALRM)
PT_F37-plus_5-100 Test Num : 6
Inject into ../bin/hello
----- Type : plus_5 Pos : PT_F37 -----
There are 1 faults will be injected in faulttable...
101095 microseconds
Fault on PT_F37(0Xfffffffffffffdfc -> 0Xfffffffffffffe01)
3000107 microseconds
timeout
[ 2016-10-27 7:44:28]Process 16892 termed with signal 14(SIGALRM)
PT_F37-plus_5-100 Test Num : 7
Inject into ../bin/hello
----- Type : plus_5 Pos : PT_F37 -----
There are 1 faults will be injected in faulttable...
100083 microseconds
Fault on PT_F37(0Xfffffffffffffdfc -> 0Xfffffffffffffe01)
3000111 microseconds
timeout
[ 2016-10-27 7:44:31]Process 16894 termed with signal 14(SIGALRM)
PT_F37-plus_5-100 Test Num : 8
Inject into ../bin/hello
----- Type : plus_5 Pos : PT_F37 -----
There are 1 faults will be injected in faulttable...
100955 microseconds
Fault on PT_F37(0Xfffffffffffffdfc -> 0Xfffffffffffffe01)
3000064 microseconds
timeout
[ 2016-10-27 7:44:34]Process 16896 termed with signal 14(SIGALRM)
PT_F37-plus_5-100 Test Num : 9
Inject into ../bin/hello
----- Type : plus_5 Pos : PT_F37 -----
There are 1 faults will be injected in faulttable...
101254 microseconds
Fault on PT_F37(0Xfffffffffffffdfc -> 0Xfffffffffffffe01)
3000067 microseconds
timeout
[ 2016-10-27 7:44:37]Process 16898 termed with signal 14(SIGALRM)
PT_F37-plus_5-100 Test Num : 10
Inject into ../bin/hello
----- Type : plus_5 Pos : PT_F37 -----
There are 1 faults will be injected in faulttable...
101019 microseconds
Fault on PT_F37(0Xfffffffffffffdfc -> 0Xfffffffffffffe01)
3000112 microseconds
timeout
[ 2016-10-27 7:44:40]Process 16900 termed with signal 14(SIGALRM)
PT_F37-plus_5-100 Test Num : 11
Inject into ../bin/hello
----- Type : plus_5 Pos : PT_F37 -----
There are 1 faults will be injected in faulttable...
100107 microseconds
Fault on PT_F37(0Xfffffffffffffdfc -> 0Xfffffffffffffe01)
3000096 microseconds
timeout
[ 2016-10-27 7:44:44]Process 16902 termed with signal 14(SIGALRM)
PT_F37-plus_5-100 Test Num : 12
Inject into ../bin/hello
----- Type : plus_5 Pos : PT_F37 -----
There are 1 faults will be injected in faulttable...
101104 microseconds
Fault on PT_F37(0Xfffffffffffffdfc -> 0Xfffffffffffffe01)
3000137 microseconds
timeout
[ 2016-10-27 7:44:47]Process 16904 termed with signal 14(SIGALRM)
PT_F37-plus_5-100 Test Num : 13
Inject into ../bin/hello
----- Type : plus_5 Pos : PT_F37 -----
There are 1 faults will be injected in faulttable...
100060 microseconds
Fault on PT_F37(0Xfffffffffffffdfc -> 0Xfffffffffffffe01)
3000061 microseconds
timeout
[ 2016-10-27 7:44:50]Process 16906 termed with signal 14(SIGALRM)
PT_F37-plus_5-100 Test Num : 14
Inject into ../bin/hello
----- Type : plus_5 Pos : PT_F37 -----
There are 1 faults will be injected in faulttable...
101000 microseconds
Fault on PT_F37(0Xfffffffffffffdfc -> 0Xfffffffffffffe01)
3000124 microseconds
timeout
[ 2016-10-27 7:44:53]Process 16908 termed with signal 14(SIGALRM)
PT_F37-plus_5-100 Test Num : 15
Inject into ../bin/hello
----- Type : plus_5 Pos : PT_F37 -----
There are 1 faults will be injected in faulttable...
100992 microseconds
Fault on PT_F37(0Xfffffffffffffdfc -> 0Xfffffffffffffe01)
3000099 microseconds
timeout
[ 2016-10-27 7:44:56]Process 16910 termed with signal 14(SIGALRM)
PT_F37-plus_5-100 Test Num : 16
Inject into ../bin/hello
----- Type : plus_5 Pos : PT_F37 -----
There are 1 faults will be injected in faulttable...
100078 microseconds
Fault on PT_F37(0Xfffffffffffffdfc -> 0Xfffffffffffffe01)
3000060 microseconds
timeout
[ 2016-10-27 7:44:59]Process 16912 termed with signal 14(SIGALRM)
PT_F37-plus_5-100 Test Num : 17
Inject into ../bin/hello
----- Type : plus_5 Pos : PT_F37 -----
There are 1 faults will be injected in faulttable...
101131 microseconds
Fault on PT_F37(0Xfffffffffffffdfc -> 0Xfffffffffffffe01)
3000113 microseconds
timeout
[  2016-10-27 7:45:2]Process 16914 termed with signal 14(SIGALRM)
PT_F37-plus_5-100 Test Num : 18
Inject into ../bin/hello
----- Type : plus_5 Pos : PT_F37 -----
There are 1 faults will be injected in faulttable...
100094 microseconds
Fault on PT_F37(0Xfffffffffffffdfc -> 0Xfffffffffffffe01)
3000115 microseconds
timeout
[  2016-10-27 7:45:5]Process 16916 termed with signal 14(SIGALRM)
PT_F37-plus_5-100 Test Num : 19
Inject into ../bin/hello
----- Type : plus_5 Pos : PT_F37 -----
There are 1 faults will be injected in faulttable...
101546 microseconds
Fault on PT_F37(0Xfffffffffffffdfc -> 0Xfffffffffffffe01)
3000082 microseconds
timeout
[  2016-10-27 7:45:8]Process 16918 termed with signal 14(SIGALRM)
PT_F37-plus_5-100 Test Num : 20
Inject into ../bin/hello
----- Type : plus_5 Pos : PT_F37 -----
There are 1 faults will be injected in faulttable...
101400 microseconds
Fault on PT_F37(0Xfffffffffffffdfc -> 0Xfffffffffffffe01)
3000080 microseconds
timeout
[ 2016-10-27 7:45:12]Process 16920 termed with signal 14(SIGALRM)
PT_F37-plus_5-100 Test Num : 21
Inject into ../bin/hello
----- Type : plus_5 Pos : PT_F37 -----
There are 1 faults will be injected in faulttable...
101008 microseconds
Fault on PT_F37(0Xfffffffffffffdfc -> 0Xfffffffffffffe01)
3000106 microseconds
timeout
[ 2016-10-27 7:45:15]Process 16922 termed with signal 14(SIGALRM)
PT_F37-plus_5-100 Test Num : 22
Inject into ../bin/hello
----- Type : plus_5 Pos : PT_F37 -----
There are 1 faults will be injected in faulttable...
101164 microseconds
Fault on PT_F37(0Xfffffffffffffdfc -> 0Xfffffffffffffe01)
3000096 microseconds
timeout
[ 2016-10-27 7:45:18]Process 16924 termed with signal 14(SIGALRM)
PT_F37-plus_5-100 Test Num : 23
Inject into ../bin/hello
----- Type : plus_5 Pos : PT_F37 -----
There are 1 faults will be injected in faulttable...
100962 microseconds
Fault on PT_F37(0Xfffffffffffffdfc -> 0Xfffffffffffffe01)
3000127 microseconds
timeout
[ 2016-10-27 7:45:21]Process 16926 termed with signal 14(SIGALRM)
PT_F37-plus_5-100 Test Num : 24
Inject into ../bin/hello
----- Type : plus_5 Pos : PT_F37 -----
There are 1 faults will be injected in faulttable...
101007 microseconds
Fault on PT_F37(0Xfffffffffffffdfc -> 0Xfffffffffffffe01)
3000090 microseconds
timeout
[ 2016-10-27 7:45:24]Process 16928 termed with signal 14(SIGALRM)
PT_F37-plus_5-100 Test Num : 25
Inject into ../bin/hello
----- Type : plus_5 Pos : PT_F37 -----
There are 1 faults will be injected in faulttable...
101236 microseconds
Fault on PT_F37(0Xfffffffffffffdfc -> 0Xfffffffffffffe01)
3000135 microseconds
timeout
[ 2016-10-27 7:45:27]Process 16930 termed with signal 14(SIGALRM)
PT_F37-plus_5-100 Test Num : 26
Inject into ../bin/hello
----- Type : plus_5 Pos : PT_F37 -----
There are 1 faults will be injected in faulttable...
101032 microseconds
Fault on PT_F37(0Xfffffffffffffdfc -> 0Xfffffffffffffe01)
3000114 microseconds
timeout
[ 2016-10-27 7:45:30]Process 16932 termed with signal 14(SIGALRM)
PT_F37-plus_5-100 Test Num : 27
Inject into ../bin/hello
----- Type : plus_5 Pos : PT_F37 -----
There are 1 faults will be injected in faulttable...
101299 microseconds
Fault on PT_F37(0Xfffffffffffffdfc -> 0Xfffffffffffffe01)
3000101 microseconds
timeout
[ 2016-10-27 7:45:33]Process 16934 termed with signal 14(SIGALRM)
PT_F37-plus_5-100 Test Num : 28
Inject into ../bin/hello
----- Type : plus_5 Pos : PT_F37 -----
There are 1 faults will be injected in faulttable...
100871 microseconds
Fault on PT_F37(0Xfffffffffffffdfc -> 0Xfffffffffffffe01)
3000078 microseconds
timeout
[ 2016-10-27 7:45:37]Process 16937 termed with signal 14(SIGALRM)
PT_F37-plus_5-100 Test Num : 29
Inject into ../bin/hello
----- Type : plus_5 Pos : PT_F37 -----
There are 1 faults will be injected in faulttable...
101043 microseconds
Fault on PT_F37(0Xfffffffffffffdfc -> 0Xfffffffffffffe01)
3000048 microseconds
timeout
[ 2016-10-27 7:45:40]Process 16939 termed with signal 14(SIGALRM)
PT_F37-plus_5-100 Test Num : 30
Inject into ../bin/hello
----- Type : plus_5 Pos : PT_F37 -----
There are 1 faults will be injected in faulttable...
101065 microseconds
Fault on PT_F37(0Xfffffffffffffdfc -> 0Xfffffffffffffe01)
3000098 microseconds
timeout
[ 2016-10-27 7:45:43]Process 16943 termed with signal 14(SIGALRM)
PT_F37-plus_5-100 Test Num : 31
Inject into ../bin/hello
----- Type : plus_5 Pos : PT_F37 -----
There are 1 faults will be injected in faulttable...
100062 microseconds
Fault on PT_F37(0Xfffffffffffffdfc -> 0Xfffffffffffffe01)
3000059 microseconds
timeout
[ 2016-10-27 7:45:46]Process 16945 termed with signal 14(SIGALRM)
PT_F37-plus_5-100 Test Num : 32
Inject into ../bin/hello
----- Type : plus_5 Pos : PT_F37 -----
There are 1 faults will be injected in faulttable...
100083 microseconds
Fault on PT_F37(0Xfffffffffffffdfc -> 0Xfffffffffffffe01)
3000073 microseconds
timeout
[ 2016-10-27 7:45:49]Process 16947 termed with signal 14(SIGALRM)
PT_F37-plus_5-100 Test Num : 33
Inject into ../bin/hello
----- Type : plus_5 Pos : PT_F37 -----
There are 1 faults will be injected in faulttable...
101318 microseconds
Fault on PT_F37(0Xfffffffffffffdfc -> 0Xfffffffffffffe01)
3000069 microseconds
timeout
[ 2016-10-27 7:45:52]Process 16949 termed with signal 14(SIGALRM)
PT_F37-plus_5-100 Test Num : 34
Inject into ../bin/hello
----- Type : plus_5 Pos : PT_F37 -----
There are 1 faults will be injected in faulttable...
100948 microseconds
Fault on PT_F37(0Xfffffffffffffdfc -> 0Xfffffffffffffe01)
3000103 microseconds
timeout
[ 2016-10-27 7:45:55]Process 16951 termed with signal 14(SIGALRM)
PT_F37-plus_5-100 Test Num : 35
Inject into ../bin/hello
----- Type : plus_5 Pos : PT_F37 -----
There are 1 faults will be injected in faulttable...
101043 microseconds
Fault on PT_F37(0Xfffffffffffffdfc -> 0Xfffffffffffffe01)
3000137 microseconds
timeout
[ 2016-10-27 7:45:58]Process 16953 termed with signal 14(SIGALRM)
PT_F37-plus_5-100 Test Num : 36
Inject into ../bin/hello
----- Type : plus_5 Pos : PT_F37 -----
There are 1 faults will be injected in faulttable...
101144 microseconds
Fault on PT_F37(0Xfffffffffffffdfc -> 0Xfffffffffffffe01)
3000147 microseconds
timeout
[  2016-10-27 7:46:1]Process 16955 termed with signal 14(SIGALRM)
PT_F37-plus_5-100 Test Num : 37
Inject into ../bin/hello
----- Type : plus_5 Pos : PT_F37 -----
There are 1 faults will be injected in faulttable...
100944 microseconds
Fault on PT_F37(0Xfffffffffffffdfc -> 0Xfffffffffffffe01)
3000087 microseconds
timeout
[  2016-10-27 7:46:5]Process 16957 termed with signal 14(SIGALRM)
PT_F37-plus_5-100 Test Num : 38
Inject into ../bin/hello
----- Type : plus_5 Pos : PT_F37 -----
There are 1 faults will be injected in faulttable...
101044 microseconds
Fault on PT_F37(0Xfffffffffffffdfc -> 0Xfffffffffffffe01)
3000137 microseconds
timeout
[  2016-10-27 7:46:8]Process 16959 termed with signal 14(SIGALRM)
PT_F37-plus_5-100 Test Num : 39
Inject into ../bin/hello
----- Type : plus_5 Pos : PT_F37 -----
There are 1 faults will be injected in faulttable...
101190 microseconds
Fault on PT_F37(0Xfffffffffffffdfc -> 0Xfffffffffffffe01)
3000107 microseconds
timeout
[ 2016-10-27 7:46:11]Process 16961 termed with signal 14(SIGALRM)
PT_F37-plus_5-100 Test Num : 40
Inject into ../bin/hello
----- Type : plus_5 Pos : PT_F37 -----
There are 1 faults will be injected in faulttable...
101623 microseconds
Fault on PT_F37(0Xfffffffffffffdfc -> 0Xfffffffffffffe01)
3000092 microseconds
timeout
[ 2016-10-27 7:46:14]Process 16963 termed with signal 14(SIGALRM)
PT_F37-plus_5-100 Test Num : 41
Inject into ../bin/hello
----- Type : plus_5 Pos : PT_F37 -----
There are 1 faults will be injected in faulttable...
101118 microseconds
Fault on PT_F37(0Xfffffffffffffdfc -> 0Xfffffffffffffe01)
3000125 microseconds
timeout
[ 2016-10-27 7:46:17]Process 16965 termed with signal 14(SIGALRM)
PT_F37-plus_5-100 Test Num : 42
Inject into ../bin/hello
----- Type : plus_5 Pos : PT_F37 -----
There are 1 faults will be injected in faulttable...
101065 microseconds
Fault on PT_F37(0Xfffffffffffffdfc -> 0Xfffffffffffffe01)
3000080 microseconds
timeout
[ 2016-10-27 7:46:20]Process 16967 termed with signal 14(SIGALRM)
PT_F37-plus_5-100 Test Num : 43
Inject into ../bin/hello
----- Type : plus_5 Pos : PT_F37 -----
There are 1 faults will be injected in faulttable...
101044 microseconds
Fault on PT_F37(0Xfffffffffffffdfc -> 0Xfffffffffffffe01)
3000127 microseconds
timeout
[ 2016-10-27 7:46:23]Process 16969 termed with signal 14(SIGALRM)
PT_F37-plus_5-100 Test Num : 44
Inject into ../bin/hello
----- Type : plus_5 Pos : PT_F37 -----
There are 1 faults will be injected in faulttable...
101415 microseconds
Fault on PT_F37(0Xfffffffffffffdfc -> 0Xfffffffffffffe01)
3000081 microseconds
timeout
[ 2016-10-27 7:46:26]Process 16971 termed with signal 14(SIGALRM)
PT_F37-plus_5-100 Test Num : 45
Inject into ../bin/hello
----- Type : plus_5 Pos : PT_F37 -----
There are 1 faults will be injected in faulttable...
101141 microseconds
Fault on PT_F37(0Xfffffffffffffdfc -> 0Xfffffffffffffe01)
3000126 microseconds
timeout
[ 2016-10-27 7:46:29]Process 16973 termed with signal 14(SIGALRM)
PT_F37-plus_5-100 Test Num : 46
Inject into ../bin/hello
----- Type : plus_5 Pos : PT_F37 -----
There are 1 faults will be injected in faulttable...
100989 microseconds
Fault on PT_F37(0Xfffffffffffffdfc -> 0Xfffffffffffffe01)
3000117 microseconds
timeout
[ 2016-10-27 7:46:33]Process 16975 termed with signal 14(SIGALRM)
PT_F37-plus_5-100 Test Num : 47
Inject into ../bin/hello
----- Type : plus_5 Pos : PT_F37 -----
There are 1 faults will be injected in faulttable...
100342 microseconds
Fault on PT_F37(0Xfffffffffffffdfc -> 0Xfffffffffffffe01)
3000116 microseconds
timeout
[ 2016-10-27 7:46:36]Process 16977 termed with signal 14(SIGALRM)
PT_F37-plus_5-100 Test Num : 48
Inject into ../bin/hello
----- Type : plus_5 Pos : PT_F37 -----
There are 1 faults will be injected in faulttable...
101055 microseconds
Fault on PT_F37(0Xfffffffffffffdfc -> 0Xfffffffffffffe01)
3000129 microseconds
timeout
[ 2016-10-27 7:46:39]Process 16979 termed with signal 14(SIGALRM)
PT_F37-plus_5-100 Test Num : 49
Inject into ../bin/hello
----- Type : plus_5 Pos : PT_F37 -----
There are 1 faults will be injected in faulttable...
100944 microseconds
Fault on PT_F37(0Xfffffffffffffdfc -> 0Xfffffffffffffe01)
3000170 microseconds
timeout
[ 2016-10-27 7:46:42]Process 16981 termed with signal 14(SIGALRM)
PT_F37-plus_5-100 Test Num : 50
Inject into ../bin/hello
----- Type : plus_5 Pos : PT_F37 -----
There are 1 faults will be injected in faulttable...
100066 microseconds
Fault on PT_F37(0Xfffffffffffffdfc -> 0Xfffffffffffffe01)
3000052 microseconds
timeout
[ 2016-10-27 7:46:45]Process 16983 termed with signal 14(SIGALRM)
PT_F37-plus_5-100 Test Num : 51
Inject into ../bin/hello
----- Type : plus_5 Pos : PT_F37 -----
There are 1 faults will be injected in faulttable...
100944 microseconds
Fault on PT_F37(0Xfffffffffffffdfc -> 0Xfffffffffffffe01)
3000161 microseconds
timeout
[ 2016-10-27 7:46:48]Process 16985 termed with signal 14(SIGALRM)
PT_F37-plus_5-100 Test Num : 52
Inject into ../bin/hello
----- Type : plus_5 Pos : PT_F37 -----
There are 1 faults will be injected in faulttable...
101014 microseconds
Fault on PT_F37(0Xfffffffffffffdfc -> 0Xfffffffffffffe01)
3000066 microseconds
timeout
[ 2016-10-27 7:46:51]Process 16987 termed with signal 14(SIGALRM)
PT_F37-plus_5-100 Test Num : 53
Inject into ../bin/hello
----- Type : plus_5 Pos : PT_F37 -----
There are 1 faults will be injected in faulttable...
101031 microseconds
Fault on PT_F37(0Xfffffffffffffdfc -> 0Xfffffffffffffe01)
3000077 microseconds
timeout
[ 2016-10-27 7:46:54]Process 16989 termed with signal 14(SIGALRM)
PT_F37-plus_5-100 Test Num : 54
Inject into ../bin/hello
----- Type : plus_5 Pos : PT_F37 -----
There are 1 faults will be injected in faulttable...
100912 microseconds
Fault on PT_F37(0Xfffffffffffffdfc -> 0Xfffffffffffffe01)
3000172 microseconds
timeout
[ 2016-10-27 7:46:57]Process 16991 termed with signal 14(SIGALRM)
PT_F37-plus_5-100 Test Num : 55
Inject into ../bin/hello
----- Type : plus_5 Pos : PT_F37 -----
There are 1 faults will be injected in faulttable...
100946 microseconds
Fault on PT_F37(0Xfffffffffffffdfc -> 0Xfffffffffffffe01)
3000061 microseconds
timeout
[  2016-10-27 7:47:1]Process 16993 termed with signal 14(SIGALRM)
PT_F37-plus_5-100 Test Num : 56
Inject into ../bin/hello
----- Type : plus_5 Pos : PT_F37 -----
There are 1 faults will be injected in faulttable...
100084 microseconds
Fault on PT_F37(0Xfffffffffffffdfc -> 0Xfffffffffffffe01)
3000077 microseconds
timeout
[  2016-10-27 7:47:4]Process 16995 termed with signal 14(SIGALRM)
PT_F37-plus_5-100 Test Num : 57
Inject into ../bin/hello
----- Type : plus_5 Pos : PT_F37 -----
There are 1 faults will be injected in faulttable...
101119 microseconds
Fault on PT_F37(0Xfffffffffffffdfc -> 0Xfffffffffffffe01)
3000118 microseconds
timeout
[  2016-10-27 7:47:7]Process 16997 termed with signal 14(SIGALRM)
PT_F37-plus_5-100 Test Num : 58
Inject into ../bin/hello
----- Type : plus_5 Pos : PT_F37 -----
There are 1 faults will be injected in faulttable...
101102 microseconds
Fault on PT_F37(0Xfffffffffffffdfc -> 0Xfffffffffffffe01)
3000059 microseconds
timeout
[ 2016-10-27 7:47:10]Process 16999 termed with signal 14(SIGALRM)
PT_F37-plus_5-100 Test Num : 59
Inject into ../bin/hello
----- Type : plus_5 Pos : PT_F37 -----
There are 1 faults will be injected in faulttable...
101104 microseconds
Fault on PT_F37(0Xfffffffffffffdfc -> 0Xfffffffffffffe01)
3000103 microseconds
timeout
[ 2016-10-27 7:47:13]Process 17001 termed with signal 14(SIGALRM)
PT_F37-plus_5-100 Test Num : 60
Inject into ../bin/hello
----- Type : plus_5 Pos : PT_F37 -----
There are 1 faults will be injected in faulttable...
101086 microseconds
Fault on PT_F37(0Xfffffffffffffdfc -> 0Xfffffffffffffe01)
3000075 microseconds
timeout
[ 2016-10-27 7:47:16]Process 17003 termed with signal 14(SIGALRM)
PT_F37-plus_5-100 Test Num : 61
Inject into ../bin/hello
----- Type : plus_5 Pos : PT_F37 -----
There are 1 faults will be injected in faulttable...
100929 microseconds
Fault on PT_F37(0Xfffffffffffffdfc -> 0Xfffffffffffffe01)
3000118 microseconds
timeout
[ 2016-10-27 7:47:19]Process 17005 termed with signal 14(SIGALRM)
PT_F37-plus_5-100 Test Num : 62
Inject into ../bin/hello
----- Type : plus_5 Pos : PT_F37 -----
There are 1 faults will be injected in faulttable...
101007 microseconds
Fault on PT_F37(0Xfffffffffffffdfc -> 0Xfffffffffffffe01)
3000070 microseconds
timeout
[ 2016-10-27 7:47:22]Process 17007 termed with signal 14(SIGALRM)
PT_F37-plus_5-100 Test Num : 63
Inject into ../bin/hello
----- Type : plus_5 Pos : PT_F37 -----
There are 1 faults will be injected in faulttable...
101033 microseconds
Fault on PT_F37(0Xfffffffffffffdfc -> 0Xfffffffffffffe01)
3000073 microseconds
timeout
[ 2016-10-27 7:47:25]Process 17009 termed with signal 14(SIGALRM)
PT_F37-plus_5-100 Test Num : 64
Inject into ../bin/hello
----- Type : plus_5 Pos : PT_F37 -----
There are 1 faults will be injected in faulttable...
100958 microseconds
Fault on PT_F37(0Xfffffffffffffdfc -> 0Xfffffffffffffe01)
3000098 microseconds
timeout
[ 2016-10-27 7:47:29]Process 17011 termed with signal 14(SIGALRM)
PT_F37-plus_5-100 Test Num : 65
Inject into ../bin/hello
----- Type : plus_5 Pos : PT_F37 -----
There are 1 faults will be injected in faulttable...
101333 microseconds
Fault on PT_F37(0Xfffffffffffffdfc -> 0Xfffffffffffffe01)
3000086 microseconds
timeout
[ 2016-10-27 7:47:32]Process 17013 termed with signal 14(SIGALRM)
PT_F37-plus_5-100 Test Num : 66
Inject into ../bin/hello
----- Type : plus_5 Pos : PT_F37 -----
There are 1 faults will be injected in faulttable...
101026 microseconds
Fault on PT_F37(0Xfffffffffffffdfc -> 0Xfffffffffffffe01)
3000147 microseconds
timeout
[ 2016-10-27 7:47:35]Process 17015 termed with signal 14(SIGALRM)
PT_F37-plus_5-100 Test Num : 67
Inject into ../bin/hello
----- Type : plus_5 Pos : PT_F37 -----
There are 1 faults will be injected in faulttable...
101015 microseconds
Fault on PT_F37(0Xfffffffffffffdfc -> 0Xfffffffffffffe01)
3000128 microseconds
timeout
[ 2016-10-27 7:47:38]Process 17017 termed with signal 14(SIGALRM)
PT_F37-plus_5-100 Test Num : 68
Inject into ../bin/hello
----- Type : plus_5 Pos : PT_F37 -----
There are 1 faults will be injected in faulttable...
101114 microseconds
Fault on PT_F37(0Xfffffffffffffdfc -> 0Xfffffffffffffe01)
3000100 microseconds
timeout
[ 2016-10-27 7:47:41]Process 17019 termed with signal 14(SIGALRM)
PT_F37-plus_5-100 Test Num : 69
Inject into ../bin/hello
----- Type : plus_5 Pos : PT_F37 -----
There are 1 faults will be injected in faulttable...
100987 microseconds
Fault on PT_F37(0Xfffffffffffffdfc -> 0Xfffffffffffffe01)
3000139 microseconds
timeout
[ 2016-10-27 7:47:44]Process 17021 termed with signal 14(SIGALRM)
PT_F37-plus_5-100 Test Num : 70
Inject into ../bin/hello
----- Type : plus_5 Pos : PT_F37 -----
There are 1 faults will be injected in faulttable...
101267 microseconds
Fault on PT_F37(0Xfffffffffffffdfc -> 0Xfffffffffffffe01)
3000097 microseconds
timeout
[ 2016-10-27 7:47:47]Process 17023 termed with signal 14(SIGALRM)
PT_F37-plus_5-100 Test Num : 71
Inject into ../bin/hello
----- Type : plus_5 Pos : PT_F37 -----
There are 1 faults will be injected in faulttable...
101203 microseconds
Fault on PT_F37(0Xfffffffffffffdfc -> 0Xfffffffffffffe01)
3000100 microseconds
timeout
[ 2016-10-27 7:47:50]Process 17025 termed with signal 14(SIGALRM)
PT_F37-plus_5-100 Test Num : 72
Inject into ../bin/hello
----- Type : plus_5 Pos : PT_F37 -----
There are 1 faults will be injected in faulttable...
101076 microseconds
Fault on PT_F37(0Xfffffffffffffdfc -> 0Xfffffffffffffe01)
3000119 microseconds
timeout
[ 2016-10-27 7:47:53]Process 17027 termed with signal 14(SIGALRM)
PT_F37-plus_5-100 Test Num : 73
Inject into ../bin/hello
----- Type : plus_5 Pos : PT_F37 -----
There are 1 faults will be injected in faulttable...
101041 microseconds
Fault on PT_F37(0Xfffffffffffffdfc -> 0Xfffffffffffffe01)
3000114 microseconds
timeout
[ 2016-10-27 7:47:57]Process 17029 termed with signal 14(SIGALRM)
PT_F37-plus_5-100 Test Num : 74
Inject into ../bin/hello
----- Type : plus_5 Pos : PT_F37 -----
There are 1 faults will be injected in faulttable...
101704 microseconds
Fault on PT_F37(0Xfffffffffffffdfc -> 0Xfffffffffffffe01)
3000087 microseconds
timeout
[  2016-10-27 7:48:0]Process 17031 termed with signal 14(SIGALRM)
PT_F37-plus_5-100 Test Num : 75
Inject into ../bin/hello
----- Type : plus_5 Pos : PT_F37 -----
There are 1 faults will be injected in faulttable...
101463 microseconds
Fault on PT_F37(0Xfffffffffffffdfc -> 0Xfffffffffffffe01)
3000114 microseconds
timeout
[  2016-10-27 7:48:3]Process 17033 termed with signal 14(SIGALRM)
PT_F37-plus_5-100 Test Num : 76
Inject into ../bin/hello
----- Type : plus_5 Pos : PT_F37 -----
There are 1 faults will be injected in faulttable...
100977 microseconds
Fault on PT_F37(0Xfffffffffffffdfc -> 0Xfffffffffffffe01)
3000161 microseconds
timeout
[  2016-10-27 7:48:6]Process 17035 termed with signal 14(SIGALRM)
PT_F37-plus_5-100 Test Num : 77
Inject into ../bin/hello
----- Type : plus_5 Pos : PT_F37 -----
There are 1 faults will be injected in faulttable...
100087 microseconds
Fault on PT_F37(0Xfffffffffffffdfc -> 0Xfffffffffffffe01)
3000058 microseconds
timeout
[  2016-10-27 7:48:9]Process 17037 termed with signal 14(SIGALRM)
PT_F37-plus_5-100 Test Num : 78
Inject into ../bin/hello
----- Type : plus_5 Pos : PT_F37 -----
There are 1 faults will be injected in faulttable...
100989 microseconds
Fault on PT_F37(0Xfffffffffffffdfc -> 0Xfffffffffffffe01)
3000060 microseconds
timeout
[ 2016-10-27 7:48:12]Process 17039 termed with signal 14(SIGALRM)
PT_F37-plus_5-100 Test Num : 79
Inject into ../bin/hello
----- Type : plus_5 Pos : PT_F37 -----
There are 1 faults will be injected in faulttable...
100869 microseconds
Fault on PT_F37(0Xfffffffffffffdfc -> 0Xfffffffffffffe01)
3000097 microseconds
timeout
[ 2016-10-27 7:48:15]Process 17041 termed with signal 14(SIGALRM)
PT_F37-plus_5-100 Test Num : 80
Inject into ../bin/hello
----- Type : plus_5 Pos : PT_F37 -----
There are 1 faults will be injected in faulttable...
101043 microseconds
Fault on PT_F37(0Xfffffffffffffdfc -> 0Xfffffffffffffe01)
3000089 microseconds
timeout
[ 2016-10-27 7:48:18]Process 17043 termed with signal 14(SIGALRM)
PT_F37-plus_5-100 Test Num : 81
Inject into ../bin/hello
----- Type : plus_5 Pos : PT_F37 -----
There are 1 faults will be injected in faulttable...
100999 microseconds
Fault on PT_F37(0Xfffffffffffffdfc -> 0Xfffffffffffffe01)
3000093 microseconds
timeout
[ 2016-10-27 7:48:21]Process 17045 termed with signal 14(SIGALRM)
PT_F37-plus_5-100 Test Num : 82
Inject into ../bin/hello
----- Type : plus_5 Pos : PT_F37 -----
There are 1 faults will be injected in faulttable...
100081 microseconds
Fault on PT_F37(0Xfffffffffffffdfc -> 0Xfffffffffffffe01)
3000076 microseconds
timeout
[ 2016-10-27 7:48:25]Process 17047 termed with signal 14(SIGALRM)
PT_F37-plus_5-100 Test Num : 83
Inject into ../bin/hello
----- Type : plus_5 Pos : PT_F37 -----
There are 1 faults will be injected in faulttable...
101270 microseconds
Fault on PT_F37(0Xfffffffffffffdfc -> 0Xfffffffffffffe01)
3000137 microseconds
timeout
[ 2016-10-27 7:48:28]Process 17049 termed with signal 14(SIGALRM)
PT_F37-plus_5-100 Test Num : 84
Inject into ../bin/hello
----- Type : plus_5 Pos : PT_F37 -----
There are 1 faults will be injected in faulttable...
101017 microseconds
Fault on PT_F37(0Xfffffffffffffdfc -> 0Xfffffffffffffe01)
3000137 microseconds
timeout
[ 2016-10-27 7:48:31]Process 17051 termed with signal 14(SIGALRM)
PT_F37-plus_5-100 Test Num : 85
Inject into ../bin/hello
----- Type : plus_5 Pos : PT_F37 -----
There are 1 faults will be injected in faulttable...
101218 microseconds
Fault on PT_F37(0Xfffffffffffffdfc -> 0Xfffffffffffffe01)
3000119 microseconds
timeout
[ 2016-10-27 7:48:34]Process 17053 termed with signal 14(SIGALRM)
PT_F37-plus_5-100 Test Num : 86
Inject into ../bin/hello
----- Type : plus_5 Pos : PT_F37 -----
There are 1 faults will be injected in faulttable...
100918 microseconds
Fault on PT_F37(0Xfffffffffffffdfc -> 0Xfffffffffffffe01)
3000100 microseconds
timeout
[ 2016-10-27 7:48:37]Process 17055 termed with signal 14(SIGALRM)
PT_F37-plus_5-100 Test Num : 87
Inject into ../bin/hello
----- Type : plus_5 Pos : PT_F37 -----
There are 1 faults will be injected in faulttable...
100944 microseconds
Fault on PT_F37(0Xfffffffffffffdfc -> 0Xfffffffffffffe01)
3000098 microseconds
timeout
[ 2016-10-27 7:48:40]Process 17057 termed with signal 14(SIGALRM)
PT_F37-plus_5-100 Test Num : 88
Inject into ../bin/hello
----- Type : plus_5 Pos : PT_F37 -----
There are 1 faults will be injected in faulttable...
101099 microseconds
Fault on PT_F37(0Xfffffffffffffdfc -> 0Xfffffffffffffe01)
3000099 microseconds
timeout
[ 2016-10-27 7:48:43]Process 17059 termed with signal 14(SIGALRM)
PT_F37-plus_5-100 Test Num : 89
Inject into ../bin/hello
----- Type : plus_5 Pos : PT_F37 -----
There are 1 faults will be injected in faulttable...
100948 microseconds
Fault on PT_F37(0Xfffffffffffffdfc -> 0Xfffffffffffffe01)
3000111 microseconds
timeout
[ 2016-10-27 7:48:46]Process 17061 termed with signal 14(SIGALRM)
PT_F37-plus_5-100 Test Num : 90
Inject into ../bin/hello
----- Type : plus_5 Pos : PT_F37 -----
There are 1 faults will be injected in faulttable...
101458 microseconds
Fault on PT_F37(0Xfffffffffffffdfc -> 0Xfffffffffffffe01)
3000088 microseconds
timeout
[ 2016-10-27 7:48:49]Process 17063 termed with signal 14(SIGALRM)
PT_F37-plus_5-100 Test Num : 91
Inject into ../bin/hello
----- Type : plus_5 Pos : PT_F37 -----
There are 1 faults will be injected in faulttable...
101049 microseconds
Fault on PT_F37(0Xfffffffffffffdfc -> 0Xfffffffffffffe01)
3000126 microseconds
timeout
[ 2016-10-27 7:48:53]Process 17065 termed with signal 14(SIGALRM)
PT_F37-plus_5-100 Test Num : 92
Inject into ../bin/hello
----- Type : plus_5 Pos : PT_F37 -----
There are 1 faults will be injected in faulttable...
100988 microseconds
Fault on PT_F37(0Xfffffffffffffdfc -> 0Xfffffffffffffe01)
3000130 microseconds
timeout
[ 2016-10-27 7:48:56]Process 17067 termed with signal 14(SIGALRM)
PT_F37-plus_5-100 Test Num : 93
Inject into ../bin/hello
----- Type : plus_5 Pos : PT_F37 -----
There are 1 faults will be injected in faulttable...
101050 microseconds
Fault on PT_F37(0Xfffffffffffffdfc -> 0Xfffffffffffffe01)
3000102 microseconds
timeout
[ 2016-10-27 7:48:59]Process 17069 termed with signal 14(SIGALRM)
PT_F37-plus_5-100 Test Num : 94
Inject into ../bin/hello
----- Type : plus_5 Pos : PT_F37 -----
There are 1 faults will be injected in faulttable...
101119 microseconds
Fault on PT_F37(0Xfffffffffffffdfc -> 0Xfffffffffffffe01)
3000120 microseconds
timeout
[  2016-10-27 7:49:2]Process 17071 termed with signal 14(SIGALRM)
PT_F37-plus_5-100 Test Num : 95
Inject into ../bin/hello
----- Type : plus_5 Pos : PT_F37 -----
There are 1 faults will be injected in faulttable...
101119 microseconds
Fault on PT_F37(0Xfffffffffffffdfc -> 0Xfffffffffffffe01)
3000063 microseconds
timeout
[  2016-10-27 7:49:5]Process 17073 termed with signal 14(SIGALRM)
PT_F37-plus_5-100 Test Num : 96
Inject into ../bin/hello
----- Type : plus_5 Pos : PT_F37 -----
There are 1 faults will be injected in faulttable...
101124 microseconds
Fault on PT_F37(0Xfffffffffffffdfc -> 0Xfffffffffffffe01)
3000298 microseconds
timeout
[  2016-10-27 7:49:8]Process 17075 termed with signal 14(SIGALRM)
PT_F37-plus_5-100 Test Num : 97
Inject into ../bin/hello
----- Type : plus_5 Pos : PT_F37 -----
There are 1 faults will be injected in faulttable...
101098 microseconds
Fault on PT_F37(0Xfffffffffffffdfc -> 0Xfffffffffffffe01)
3000086 microseconds
timeout
[ 2016-10-27 7:49:11]Process 17077 termed with signal 14(SIGALRM)
PT_F37-plus_5-100 Test Num : 98
Inject into ../bin/hello
----- Type : plus_5 Pos : PT_F37 -----
There are 1 faults will be injected in faulttable...
100975 microseconds
Fault on PT_F37(0Xfffffffffffffdfc -> 0Xfffffffffffffe01)
3000089 microseconds
timeout
[ 2016-10-27 7:49:14]Process 17079 termed with signal 14(SIGALRM)
PT_F37-plus_5-100 Test Num : 99
Inject into ../bin/hello
----- Type : plus_5 Pos : PT_F37 -----
There are 1 faults will be injected in faulttable...
100959 microseconds
Fault on PT_F37(0Xfffffffffffffdfc -> 0Xfffffffffffffe01)
3000115 microseconds
timeout
[ 2016-10-27 7:49:17]Process 17081 termed with signal 14(SIGALRM)
PT_F37-plus_5-100 Test Num : 100
Inject into ../bin/hello
----- Type : plus_5 Pos : PT_F37 -----
There are 1 faults will be injected in faulttable...
100975 microseconds
Fault on PT_F37(0Xfffffffffffffdfc -> 0Xfffffffffffffe01)
3000117 microseconds
timeout
[ 2016-10-27 7:49:21]Process 17083 termed with signal 14(SIGALRM)
