PT_F34-plus_4-100 Test Num : 1
Inject into ../bin/hello
----- Type : plus_4 Pos : PT_F34 -----
There are 1 faults will be injected in faulttable...
101002 microseconds
Fault on PT_F34(0Xffffffff -> 0X100000003)
3000103 microseconds
timeout
[   2016-10-27 4:1:7]Process 7730 termed with signal 14(SIGALRM)
PT_F34-plus_4-100 Test Num : 2
Inject into ../bin/hello
----- Type : plus_4 Pos : PT_F34 -----
There are 1 faults will be injected in faulttable...
101290 microseconds
Fault on PT_F34(0Xffffffff -> 0X100000003)
3000131 microseconds
timeout
[  2016-10-27 4:1:10]Process 7732 termed with signal 14(SIGALRM)
PT_F34-plus_4-100 Test Num : 3
Inject into ../bin/hello
----- Type : plus_4 Pos : PT_F34 -----
There are 1 faults will be injected in faulttable...
101299 microseconds
Fault on PT_F34(0Xffffffff -> 0X100000003)
3000068 microseconds
timeout
[  2016-10-27 4:1:13]Process 7734 termed with signal 14(SIGALRM)
PT_F34-plus_4-100 Test Num : 4
Inject into ../bin/hello
----- Type : plus_4 Pos : PT_F34 -----
There are 1 faults will be injected in faulttable...
100978 microseconds
Fault on PT_F34(0Xffffffff -> 0X100000003)
3000057 microseconds
timeout
[  2016-10-27 4:1:16]Process 7736 termed with signal 14(SIGALRM)
PT_F34-plus_4-100 Test Num : 5
Inject into ../bin/hello
----- Type : plus_4 Pos : PT_F34 -----
There are 1 faults will be injected in faulttable...
101002 microseconds
Fault on PT_F34(0Xffffffff -> 0X100000003)
3000095 microseconds
timeout
[  2016-10-27 4:1:19]Process 7738 termed with signal 14(SIGALRM)
PT_F34-plus_4-100 Test Num : 6
Inject into ../bin/hello
----- Type : plus_4 Pos : PT_F34 -----
There are 1 faults will be injected in faulttable...
100092 microseconds
Fault on PT_F34(0Xffffffff -> 0X100000003)
3000069 microseconds
timeout
[  2016-10-27 4:1:23]Process 7740 termed with signal 14(SIGALRM)
PT_F34-plus_4-100 Test Num : 7
Inject into ../bin/hello
----- Type : plus_4 Pos : PT_F34 -----
There are 1 faults will be injected in faulttable...
101371 microseconds
Fault on PT_F34(0Xffffffff -> 0X100000003)
3000085 microseconds
timeout
[  2016-10-27 4:1:26]Process 7742 termed with signal 14(SIGALRM)
PT_F34-plus_4-100 Test Num : 8
Inject into ../bin/hello
----- Type : plus_4 Pos : PT_F34 -----
There are 1 faults will be injected in faulttable...
101288 microseconds
Fault on PT_F34(0Xffffffff -> 0X100000003)
3000102 microseconds
timeout
[  2016-10-27 4:1:29]Process 7744 termed with signal 14(SIGALRM)
PT_F34-plus_4-100 Test Num : 9
Inject into ../bin/hello
----- Type : plus_4 Pos : PT_F34 -----
There are 1 faults will be injected in faulttable...
100987 microseconds
Fault on PT_F34(0Xffffffff -> 0X100000003)
3000104 microseconds
timeout
[  2016-10-27 4:1:32]Process 7746 termed with signal 14(SIGALRM)
PT_F34-plus_4-100 Test Num : 10
Inject into ../bin/hello
----- Type : plus_4 Pos : PT_F34 -----
There are 1 faults will be injected in faulttable...
101033 microseconds
Fault on PT_F34(0Xffffffff -> 0X100000003)
3000069 microseconds
timeout
[  2016-10-27 4:1:35]Process 7748 termed with signal 14(SIGALRM)
PT_F34-plus_4-100 Test Num : 11
Inject into ../bin/hello
----- Type : plus_4 Pos : PT_F34 -----
There are 1 faults will be injected in faulttable...
100939 microseconds
Fault on PT_F34(0Xffffffff -> 0X100000003)
3000068 microseconds
timeout
[  2016-10-27 4:1:38]Process 7750 termed with signal 14(SIGALRM)
PT_F34-plus_4-100 Test Num : 12
Inject into ../bin/hello
----- Type : plus_4 Pos : PT_F34 -----
There are 1 faults will be injected in faulttable...
100069 microseconds
Fault on PT_F34(0Xffffffff -> 0X100000003)
3000111 microseconds
timeout
[  2016-10-27 4:1:41]Process 7752 termed with signal 14(SIGALRM)
PT_F34-plus_4-100 Test Num : 13
Inject into ../bin/hello
----- Type : plus_4 Pos : PT_F34 -----
There are 1 faults will be injected in faulttable...
100921 microseconds
Fault on PT_F34(0Xffffffff -> 0X100000003)
3000065 microseconds
timeout
[  2016-10-27 4:1:44]Process 7754 termed with signal 14(SIGALRM)
PT_F34-plus_4-100 Test Num : 14
Inject into ../bin/hello
----- Type : plus_4 Pos : PT_F34 -----
There are 1 faults will be injected in faulttable...
100142 microseconds
Fault on PT_F34(0Xffffffff -> 0X100000003)
3000071 microseconds
timeout
[  2016-10-27 4:1:47]Process 7756 termed with signal 14(SIGALRM)
PT_F34-plus_4-100 Test Num : 15
Inject into ../bin/hello
----- Type : plus_4 Pos : PT_F34 -----
There are 1 faults will be injected in faulttable...
101070 microseconds
Fault on PT_F34(0Xffffffff -> 0X100000003)
3000059 microseconds
timeout
[  2016-10-27 4:1:51]Process 7758 termed with signal 14(SIGALRM)
PT_F34-plus_4-100 Test Num : 16
Inject into ../bin/hello
----- Type : plus_4 Pos : PT_F34 -----
There are 1 faults will be injected in faulttable...
101108 microseconds
Fault on PT_F34(0Xffffffff -> 0X100000003)
3000102 microseconds
timeout
[  2016-10-27 4:1:54]Process 7760 termed with signal 14(SIGALRM)
PT_F34-plus_4-100 Test Num : 17
Inject into ../bin/hello
----- Type : plus_4 Pos : PT_F34 -----
There are 1 faults will be injected in faulttable...
101071 microseconds
Fault on PT_F34(0Xffffffff -> 0X100000003)
3000118 microseconds
timeout
[  2016-10-27 4:1:57]Process 7762 termed with signal 14(SIGALRM)
PT_F34-plus_4-100 Test Num : 18
Inject into ../bin/hello
----- Type : plus_4 Pos : PT_F34 -----
There are 1 faults will be injected in faulttable...
100953 microseconds
Fault on PT_F34(0Xffffffff -> 0X100000003)
3000070 microseconds
timeout
[   2016-10-27 4:2:0]Process 7764 termed with signal 14(SIGALRM)
PT_F34-plus_4-100 Test Num : 19
Inject into ../bin/hello
----- Type : plus_4 Pos : PT_F34 -----
There are 1 faults will be injected in faulttable...
101196 microseconds
Fault on PT_F34(0Xffffffff -> 0X100000003)
3000091 microseconds
timeout
[   2016-10-27 4:2:3]Process 7766 termed with signal 14(SIGALRM)
PT_F34-plus_4-100 Test Num : 20
Inject into ../bin/hello
----- Type : plus_4 Pos : PT_F34 -----
There are 1 faults will be injected in faulttable...
101380 microseconds
Fault on PT_F34(0Xffffffff -> 0X100000003)
3000095 microseconds
timeout
[   2016-10-27 4:2:6]Process 7768 termed with signal 14(SIGALRM)
PT_F34-plus_4-100 Test Num : 21
Inject into ../bin/hello
----- Type : plus_4 Pos : PT_F34 -----
There are 1 faults will be injected in faulttable...
101631 microseconds
Fault on PT_F34(0Xffffffff -> 0X100000003)
3000079 microseconds
timeout
[   2016-10-27 4:2:9]Process 7770 termed with signal 14(SIGALRM)
PT_F34-plus_4-100 Test Num : 22
Inject into ../bin/hello
----- Type : plus_4 Pos : PT_F34 -----
There are 1 faults will be injected in faulttable...
100965 microseconds
Fault on PT_F34(0Xffffffff -> 0X100000003)
3000075 microseconds
timeout
[  2016-10-27 4:2:12]Process 7772 termed with signal 14(SIGALRM)
PT_F34-plus_4-100 Test Num : 23
Inject into ../bin/hello
----- Type : plus_4 Pos : PT_F34 -----
There are 1 faults will be injected in faulttable...
101129 microseconds
Fault on PT_F34(0Xffffffff -> 0X100000003)
3000072 microseconds
timeout
[  2016-10-27 4:2:15]Process 7774 termed with signal 14(SIGALRM)
PT_F34-plus_4-100 Test Num : 24
Inject into ../bin/hello
----- Type : plus_4 Pos : PT_F34 -----
There are 1 faults will be injected in faulttable...
101169 microseconds
Fault on PT_F34(0Xffffffff -> 0X100000003)
3000152 microseconds
timeout
[  2016-10-27 4:2:19]Process 7776 termed with signal 14(SIGALRM)
PT_F34-plus_4-100 Test Num : 25
Inject into ../bin/hello
----- Type : plus_4 Pos : PT_F34 -----
There are 1 faults will be injected in faulttable...
101008 microseconds
Fault on PT_F34(0Xffffffff -> 0X100000003)
3000055 microseconds
timeout
[  2016-10-27 4:2:22]Process 7778 termed with signal 14(SIGALRM)
PT_F34-plus_4-100 Test Num : 26
Inject into ../bin/hello
----- Type : plus_4 Pos : PT_F34 -----
There are 1 faults will be injected in faulttable...
101028 microseconds
Fault on PT_F34(0Xffffffff -> 0X100000003)
3000068 microseconds
timeout
[  2016-10-27 4:2:25]Process 7780 termed with signal 14(SIGALRM)
PT_F34-plus_4-100 Test Num : 27
Inject into ../bin/hello
----- Type : plus_4 Pos : PT_F34 -----
There are 1 faults will be injected in faulttable...
101091 microseconds
Fault on PT_F34(0Xffffffff -> 0X100000003)
3000144 microseconds
timeout
[  2016-10-27 4:2:28]Process 7782 termed with signal 14(SIGALRM)
PT_F34-plus_4-100 Test Num : 28
Inject into ../bin/hello
----- Type : plus_4 Pos : PT_F34 -----
There are 1 faults will be injected in faulttable...
101485 microseconds
Fault on PT_F34(0Xffffffff -> 0X100000003)
3000106 microseconds
timeout
[  2016-10-27 4:2:31]Process 7784 termed with signal 14(SIGALRM)
PT_F34-plus_4-100 Test Num : 29
Inject into ../bin/hello
----- Type : plus_4 Pos : PT_F34 -----
There are 1 faults will be injected in faulttable...
100105 microseconds
Fault on PT_F34(0Xffffffff -> 0X100000003)
3000094 microseconds
timeout
[  2016-10-27 4:2:34]Process 7786 termed with signal 14(SIGALRM)
PT_F34-plus_4-100 Test Num : 30
Inject into ../bin/hello
----- Type : plus_4 Pos : PT_F34 -----
There are 1 faults will be injected in faulttable...
101436 microseconds
Fault on PT_F34(0Xffffffff -> 0X100000003)
3000062 microseconds
timeout
[  2016-10-27 4:2:37]Process 7788 termed with signal 14(SIGALRM)
PT_F34-plus_4-100 Test Num : 31
Inject into ../bin/hello
----- Type : plus_4 Pos : PT_F34 -----
There are 1 faults will be injected in faulttable...
100988 microseconds
Fault on PT_F34(0Xffffffff -> 0X100000003)
3000209 microseconds
timeout
[  2016-10-27 4:2:40]Process 7790 termed with signal 14(SIGALRM)
PT_F34-plus_4-100 Test Num : 32
Inject into ../bin/hello
----- Type : plus_4 Pos : PT_F34 -----
There are 1 faults will be injected in faulttable...
101171 microseconds
Fault on PT_F34(0Xffffffff -> 0X100000003)
3000068 microseconds
timeout
[  2016-10-27 4:2:43]Process 7792 termed with signal 14(SIGALRM)
PT_F34-plus_4-100 Test Num : 33
Inject into ../bin/hello
----- Type : plus_4 Pos : PT_F34 -----
There are 1 faults will be injected in faulttable...
101006 microseconds
Fault on PT_F34(0Xffffffff -> 0X100000003)
3000061 microseconds
timeout
[  2016-10-27 4:2:47]Process 7794 termed with signal 14(SIGALRM)
PT_F34-plus_4-100 Test Num : 34
Inject into ../bin/hello
----- Type : plus_4 Pos : PT_F34 -----
There are 1 faults will be injected in faulttable...
100961 microseconds
Fault on PT_F34(0Xffffffff -> 0X100000003)
3000062 microseconds
timeout
[  2016-10-27 4:2:50]Process 7796 termed with signal 14(SIGALRM)
PT_F34-plus_4-100 Test Num : 35
Inject into ../bin/hello
----- Type : plus_4 Pos : PT_F34 -----
There are 1 faults will be injected in faulttable...
101310 microseconds
Fault on PT_F34(0Xffffffff -> 0X100000003)
3000113 microseconds
timeout
[  2016-10-27 4:2:53]Process 7798 termed with signal 14(SIGALRM)
PT_F34-plus_4-100 Test Num : 36
Inject into ../bin/hello
----- Type : plus_4 Pos : PT_F34 -----
There are 1 faults will be injected in faulttable...
101108 microseconds
Fault on PT_F34(0Xffffffff -> 0X100000003)
3000096 microseconds
timeout
[  2016-10-27 4:2:56]Process 7800 termed with signal 14(SIGALRM)
PT_F34-plus_4-100 Test Num : 37
Inject into ../bin/hello
----- Type : plus_4 Pos : PT_F34 -----
There are 1 faults will be injected in faulttable...
100996 microseconds
Fault on PT_F34(0Xffffffff -> 0X100000003)
3000113 microseconds
timeout
[  2016-10-27 4:2:59]Process 7802 termed with signal 14(SIGALRM)
PT_F34-plus_4-100 Test Num : 38
Inject into ../bin/hello
----- Type : plus_4 Pos : PT_F34 -----
There are 1 faults will be injected in faulttable...
101147 microseconds
Fault on PT_F34(0Xffffffff -> 0X100000003)
3000093 microseconds
timeout
[   2016-10-27 4:3:2]Process 7804 termed with signal 14(SIGALRM)
PT_F34-plus_4-100 Test Num : 39
Inject into ../bin/hello
----- Type : plus_4 Pos : PT_F34 -----
There are 1 faults will be injected in faulttable...
101094 microseconds
Fault on PT_F34(0Xffffffff -> 0X100000003)
3000061 microseconds
timeout
[   2016-10-27 4:3:5]Process 7806 termed with signal 14(SIGALRM)
PT_F34-plus_4-100 Test Num : 40
Inject into ../bin/hello
----- Type : plus_4 Pos : PT_F34 -----
There are 1 faults will be injected in faulttable...
100134 microseconds
Fault on PT_F34(0Xffffffff -> 0X100000003)
3000110 microseconds
timeout
[   2016-10-27 4:3:8]Process 7808 termed with signal 14(SIGALRM)
PT_F34-plus_4-100 Test Num : 41
Inject into ../bin/hello
----- Type : plus_4 Pos : PT_F34 -----
There are 1 faults will be injected in faulttable...
100118 microseconds
Fault on PT_F34(0Xffffffff -> 0X100000003)
3000087 microseconds
timeout
[  2016-10-27 4:3:12]Process 7810 termed with signal 14(SIGALRM)
PT_F34-plus_4-100 Test Num : 42
Inject into ../bin/hello
----- Type : plus_4 Pos : PT_F34 -----
There are 1 faults will be injected in faulttable...
101253 microseconds
Fault on PT_F34(0Xffffffff -> 0X100000003)
3000095 microseconds
timeout
[  2016-10-27 4:3:15]Process 7812 termed with signal 14(SIGALRM)
PT_F34-plus_4-100 Test Num : 43
Inject into ../bin/hello
----- Type : plus_4 Pos : PT_F34 -----
There are 1 faults will be injected in faulttable...
101049 microseconds
Fault on PT_F34(0Xffffffff -> 0X100000003)
3000184 microseconds
timeout
[  2016-10-27 4:3:18]Process 7814 termed with signal 14(SIGALRM)
PT_F34-plus_4-100 Test Num : 44
Inject into ../bin/hello
----- Type : plus_4 Pos : PT_F34 -----
There are 1 faults will be injected in faulttable...
101198 microseconds
Fault on PT_F34(0Xffffffff -> 0X100000003)
3000078 microseconds
timeout
[  2016-10-27 4:3:21]Process 7816 termed with signal 14(SIGALRM)
PT_F34-plus_4-100 Test Num : 45
Inject into ../bin/hello
----- Type : plus_4 Pos : PT_F34 -----
There are 1 faults will be injected in faulttable...
101064 microseconds
Fault on PT_F34(0Xffffffff -> 0X100000003)
3000101 microseconds
timeout
[  2016-10-27 4:3:24]Process 7818 termed with signal 14(SIGALRM)
PT_F34-plus_4-100 Test Num : 46
Inject into ../bin/hello
----- Type : plus_4 Pos : PT_F34 -----
There are 1 faults will be injected in faulttable...
101135 microseconds
Fault on PT_F34(0Xffffffff -> 0X100000003)
3000121 microseconds
timeout
[  2016-10-27 4:3:27]Process 7820 termed with signal 14(SIGALRM)
PT_F34-plus_4-100 Test Num : 47
Inject into ../bin/hello
----- Type : plus_4 Pos : PT_F34 -----
There are 1 faults will be injected in faulttable...
101097 microseconds
Fault on PT_F34(0Xffffffff -> 0X100000003)
3000103 microseconds
timeout
[  2016-10-27 4:3:30]Process 7822 termed with signal 14(SIGALRM)
PT_F34-plus_4-100 Test Num : 48
Inject into ../bin/hello
----- Type : plus_4 Pos : PT_F34 -----
There are 1 faults will be injected in faulttable...
101042 microseconds
Fault on PT_F34(0Xffffffff -> 0X100000003)
3000067 microseconds
timeout
[  2016-10-27 4:3:33]Process 7824 termed with signal 14(SIGALRM)
PT_F34-plus_4-100 Test Num : 49
Inject into ../bin/hello
----- Type : plus_4 Pos : PT_F34 -----
There are 1 faults will be injected in faulttable...
100120 microseconds
Fault on PT_F34(0Xffffffff -> 0X100000003)
3000066 microseconds
timeout
[  2016-10-27 4:3:36]Process 7826 termed with signal 14(SIGALRM)
PT_F34-plus_4-100 Test Num : 50
Inject into ../bin/hello
----- Type : plus_4 Pos : PT_F34 -----
There are 1 faults will be injected in faulttable...
100970 microseconds
Fault on PT_F34(0Xffffffff -> 0X100000003)
3000086 microseconds
timeout
[  2016-10-27 4:3:40]Process 7828 termed with signal 14(SIGALRM)
PT_F34-plus_4-100 Test Num : 51
Inject into ../bin/hello
----- Type : plus_4 Pos : PT_F34 -----
There are 1 faults will be injected in faulttable...
100111 microseconds
Fault on PT_F34(0Xffffffff -> 0X100000003)
3000075 microseconds
timeout
[  2016-10-27 4:3:43]Process 7830 termed with signal 14(SIGALRM)
PT_F34-plus_4-100 Test Num : 52
Inject into ../bin/hello
----- Type : plus_4 Pos : PT_F34 -----
There are 1 faults will be injected in faulttable...
100938 microseconds
Fault on PT_F34(0Xffffffff -> 0X100000003)
3000066 microseconds
timeout
[  2016-10-27 4:3:46]Process 7832 termed with signal 14(SIGALRM)
PT_F34-plus_4-100 Test Num : 53
Inject into ../bin/hello
----- Type : plus_4 Pos : PT_F34 -----
There are 1 faults will be injected in faulttable...
101294 microseconds
Fault on PT_F34(0Xffffffff -> 0X100000003)
3000068 microseconds
timeout
[  2016-10-27 4:3:49]Process 7834 termed with signal 14(SIGALRM)
PT_F34-plus_4-100 Test Num : 54
Inject into ../bin/hello
----- Type : plus_4 Pos : PT_F34 -----
There are 1 faults will be injected in faulttable...
100945 microseconds
Fault on PT_F34(0Xffffffff -> 0X100000003)
3000119 microseconds
timeout
[  2016-10-27 4:3:52]Process 7836 termed with signal 14(SIGALRM)
PT_F34-plus_4-100 Test Num : 55
Inject into ../bin/hello
----- Type : plus_4 Pos : PT_F34 -----
There are 1 faults will be injected in faulttable...
100072 microseconds
Fault on PT_F34(0Xffffffff -> 0X100000003)
3000064 microseconds
timeout
[  2016-10-27 4:3:55]Process 7838 termed with signal 14(SIGALRM)
PT_F34-plus_4-100 Test Num : 56
Inject into ../bin/hello
----- Type : plus_4 Pos : PT_F34 -----
There are 1 faults will be injected in faulttable...
101527 microseconds
Fault on PT_F34(0Xffffffff -> 0X100000003)
3000122 microseconds
timeout
[  2016-10-27 4:3:58]Process 7840 termed with signal 14(SIGALRM)
PT_F34-plus_4-100 Test Num : 57
Inject into ../bin/hello
----- Type : plus_4 Pos : PT_F34 -----
There are 1 faults will be injected in faulttable...
101012 microseconds
Fault on PT_F34(0Xffffffff -> 0X100000003)
3000095 microseconds
timeout
[   2016-10-27 4:4:1]Process 7842 termed with signal 14(SIGALRM)
PT_F34-plus_4-100 Test Num : 58
Inject into ../bin/hello
----- Type : plus_4 Pos : PT_F34 -----
There are 1 faults will be injected in faulttable...
102465 microseconds
Fault on PT_F34(0Xffffffff -> 0X100000003)
3000090 microseconds
timeout
[   2016-10-27 4:4:4]Process 7844 termed with signal 14(SIGALRM)
PT_F34-plus_4-100 Test Num : 59
Inject into ../bin/hello
----- Type : plus_4 Pos : PT_F34 -----
There are 1 faults will be injected in faulttable...
101311 microseconds
Fault on PT_F34(0Xffffffff -> 0X100000003)
3000098 microseconds
timeout
[   2016-10-27 4:4:8]Process 7846 termed with signal 14(SIGALRM)
PT_F34-plus_4-100 Test Num : 60
Inject into ../bin/hello
----- Type : plus_4 Pos : PT_F34 -----
There are 1 faults will be injected in faulttable...
100938 microseconds
Fault on PT_F34(0Xffffffff -> 0X100000003)
3000090 microseconds
timeout
[  2016-10-27 4:4:11]Process 7848 termed with signal 14(SIGALRM)
PT_F34-plus_4-100 Test Num : 61
Inject into ../bin/hello
----- Type : plus_4 Pos : PT_F34 -----
There are 1 faults will be injected in faulttable...
101331 microseconds
Fault on PT_F34(0Xffffffff -> 0X100000003)
3000090 microseconds
timeout
[  2016-10-27 4:4:14]Process 7850 termed with signal 14(SIGALRM)
PT_F34-plus_4-100 Test Num : 62
Inject into ../bin/hello
----- Type : plus_4 Pos : PT_F34 -----
There are 1 faults will be injected in faulttable...
101085 microseconds
Fault on PT_F34(0Xffffffff -> 0X100000003)
3000071 microseconds
timeout
[  2016-10-27 4:4:17]Process 7852 termed with signal 14(SIGALRM)
PT_F34-plus_4-100 Test Num : 63
Inject into ../bin/hello
----- Type : plus_4 Pos : PT_F34 -----
There are 1 faults will be injected in faulttable...
100966 microseconds
Fault on PT_F34(0Xffffffff -> 0X100000003)
3000057 microseconds
timeout
[  2016-10-27 4:4:20]Process 7854 termed with signal 14(SIGALRM)
PT_F34-plus_4-100 Test Num : 64
Inject into ../bin/hello
----- Type : plus_4 Pos : PT_F34 -----
There are 1 faults will be injected in faulttable...
100101 microseconds
Fault on PT_F34(0Xffffffff -> 0X100000003)
3000064 microseconds
timeout
[  2016-10-27 4:4:23]Process 7856 termed with signal 14(SIGALRM)
PT_F34-plus_4-100 Test Num : 65
Inject into ../bin/hello
----- Type : plus_4 Pos : PT_F34 -----
There are 1 faults will be injected in faulttable...
100981 microseconds
Fault on PT_F34(0Xffffffff -> 0X100000003)
3000069 microseconds
timeout
[  2016-10-27 4:4:26]Process 7858 termed with signal 14(SIGALRM)
PT_F34-plus_4-100 Test Num : 66
Inject into ../bin/hello
----- Type : plus_4 Pos : PT_F34 -----
There are 1 faults will be injected in faulttable...
100962 microseconds
Fault on PT_F34(0Xffffffff -> 0X100000003)
3000070 microseconds
timeout
[  2016-10-27 4:4:29]Process 7860 termed with signal 14(SIGALRM)
PT_F34-plus_4-100 Test Num : 67
Inject into ../bin/hello
----- Type : plus_4 Pos : PT_F34 -----
There are 1 faults will be injected in faulttable...
101053 microseconds
Fault on PT_F34(0Xffffffff -> 0X100000003)
3000060 microseconds
timeout
[  2016-10-27 4:4:32]Process 7862 termed with signal 14(SIGALRM)
PT_F34-plus_4-100 Test Num : 68
Inject into ../bin/hello
----- Type : plus_4 Pos : PT_F34 -----
There are 1 faults will be injected in faulttable...
101022 microseconds
Fault on PT_F34(0Xffffffff -> 0X100000003)
3000103 microseconds
timeout
[  2016-10-27 4:4:36]Process 7864 termed with signal 14(SIGALRM)
PT_F34-plus_4-100 Test Num : 69
Inject into ../bin/hello
----- Type : plus_4 Pos : PT_F34 -----
There are 1 faults will be injected in faulttable...
100932 microseconds
Fault on PT_F34(0Xffffffff -> 0X100000003)
3000096 microseconds
timeout
[  2016-10-27 4:4:39]Process 7866 termed with signal 14(SIGALRM)
PT_F34-plus_4-100 Test Num : 70
Inject into ../bin/hello
----- Type : plus_4 Pos : PT_F34 -----
There are 1 faults will be injected in faulttable...
100960 microseconds
Fault on PT_F34(0Xffffffff -> 0X100000003)
3000079 microseconds
timeout
[  2016-10-27 4:4:42]Process 7868 termed with signal 14(SIGALRM)
PT_F34-plus_4-100 Test Num : 71
Inject into ../bin/hello
----- Type : plus_4 Pos : PT_F34 -----
There are 1 faults will be injected in faulttable...
101308 microseconds
Fault on PT_F34(0Xffffffff -> 0X100000003)
3000112 microseconds
timeout
[  2016-10-27 4:4:45]Process 7870 termed with signal 14(SIGALRM)
PT_F34-plus_4-100 Test Num : 72
Inject into ../bin/hello
----- Type : plus_4 Pos : PT_F34 -----
There are 1 faults will be injected in faulttable...
101046 microseconds
Fault on PT_F34(0Xffffffff -> 0X100000003)
3000070 microseconds
timeout
[  2016-10-27 4:4:48]Process 7872 termed with signal 14(SIGALRM)
PT_F34-plus_4-100 Test Num : 73
Inject into ../bin/hello
----- Type : plus_4 Pos : PT_F34 -----
There are 1 faults will be injected in faulttable...
101042 microseconds
Fault on PT_F34(0Xffffffff -> 0X100000003)
3000075 microseconds
timeout
[  2016-10-27 4:4:51]Process 7875 termed with signal 14(SIGALRM)
PT_F34-plus_4-100 Test Num : 74
Inject into ../bin/hello
----- Type : plus_4 Pos : PT_F34 -----
There are 1 faults will be injected in faulttable...
101029 microseconds
Fault on PT_F34(0Xffffffff -> 0X100000003)
3000110 microseconds
timeout
[  2016-10-27 4:4:54]Process 7877 termed with signal 14(SIGALRM)
PT_F34-plus_4-100 Test Num : 75
Inject into ../bin/hello
----- Type : plus_4 Pos : PT_F34 -----
There are 1 faults will be injected in faulttable...
100985 microseconds
Fault on PT_F34(0Xffffffff -> 0X100000003)
3000065 microseconds
timeout
[  2016-10-27 4:4:57]Process 7879 termed with signal 14(SIGALRM)
PT_F34-plus_4-100 Test Num : 76
Inject into ../bin/hello
----- Type : plus_4 Pos : PT_F34 -----
There are 1 faults will be injected in faulttable...
100921 microseconds
Fault on PT_F34(0Xffffffff -> 0X100000003)
3000071 microseconds
timeout
[   2016-10-27 4:5:0]Process 7881 termed with signal 14(SIGALRM)
PT_F34-plus_4-100 Test Num : 77
Inject into ../bin/hello
----- Type : plus_4 Pos : PT_F34 -----
There are 1 faults will be injected in faulttable...
100934 microseconds
Fault on PT_F34(0Xffffffff -> 0X100000003)
3000069 microseconds
timeout
[   2016-10-27 4:5:4]Process 7883 termed with signal 14(SIGALRM)
PT_F34-plus_4-100 Test Num : 78
Inject into ../bin/hello
----- Type : plus_4 Pos : PT_F34 -----
There are 1 faults will be injected in faulttable...
101085 microseconds
Fault on PT_F34(0Xffffffff -> 0X100000003)
3000123 microseconds
timeout
[   2016-10-27 4:5:7]Process 7885 termed with signal 14(SIGALRM)
PT_F34-plus_4-100 Test Num : 79
Inject into ../bin/hello
----- Type : plus_4 Pos : PT_F34 -----
There are 1 faults will be injected in faulttable...
101005 microseconds
Fault on PT_F34(0Xffffffff -> 0X100000003)
3000061 microseconds
timeout
[  2016-10-27 4:5:10]Process 7887 termed with signal 14(SIGALRM)
PT_F34-plus_4-100 Test Num : 80
Inject into ../bin/hello
----- Type : plus_4 Pos : PT_F34 -----
There are 1 faults will be injected in faulttable...
100986 microseconds
Fault on PT_F34(0Xffffffff -> 0X100000003)
3000077 microseconds
timeout
[  2016-10-27 4:5:13]Process 7889 termed with signal 14(SIGALRM)
PT_F34-plus_4-100 Test Num : 81
Inject into ../bin/hello
----- Type : plus_4 Pos : PT_F34 -----
There are 1 faults will be injected in faulttable...
101037 microseconds
Fault on PT_F34(0Xffffffff -> 0X100000003)
3000095 microseconds
timeout
[  2016-10-27 4:5:16]Process 7891 termed with signal 14(SIGALRM)
PT_F34-plus_4-100 Test Num : 82
Inject into ../bin/hello
----- Type : plus_4 Pos : PT_F34 -----
There are 1 faults will be injected in faulttable...
100070 microseconds
Fault on PT_F34(0Xffffffff -> 0X100000003)
3000098 microseconds
timeout
[  2016-10-27 4:5:19]Process 7893 termed with signal 14(SIGALRM)
PT_F34-plus_4-100 Test Num : 83
Inject into ../bin/hello
----- Type : plus_4 Pos : PT_F34 -----
There are 1 faults will be injected in faulttable...
101010 microseconds
Fault on PT_F34(0Xffffffff -> 0X100000003)
3000114 microseconds
timeout
[  2016-10-27 4:5:22]Process 7895 termed with signal 14(SIGALRM)
PT_F34-plus_4-100 Test Num : 84
Inject into ../bin/hello
----- Type : plus_4 Pos : PT_F34 -----
There are 1 faults will be injected in faulttable...
101880 microseconds
Fault on PT_F34(0Xffffffff -> 0X100000003)
3000061 microseconds
timeout
[  2016-10-27 4:5:25]Process 7897 termed with signal 14(SIGALRM)
PT_F34-plus_4-100 Test Num : 85
Inject into ../bin/hello
----- Type : plus_4 Pos : PT_F34 -----
There are 1 faults will be injected in faulttable...
101056 microseconds
Fault on PT_F34(0Xffffffff -> 0X100000003)
3000095 microseconds
timeout
[  2016-10-27 4:5:28]Process 7899 termed with signal 14(SIGALRM)
PT_F34-plus_4-100 Test Num : 86
Inject into ../bin/hello
----- Type : plus_4 Pos : PT_F34 -----
There are 1 faults will be injected in faulttable...
100925 microseconds
Fault on PT_F34(0Xffffffff -> 0X100000003)
3000081 microseconds
timeout
[  2016-10-27 4:5:32]Process 7901 termed with signal 14(SIGALRM)
PT_F34-plus_4-100 Test Num : 87
Inject into ../bin/hello
----- Type : plus_4 Pos : PT_F34 -----
There are 1 faults will be injected in faulttable...
101156 microseconds
Fault on PT_F34(0Xffffffff -> 0X100000003)
3000070 microseconds
timeout
[  2016-10-27 4:5:35]Process 7903 termed with signal 14(SIGALRM)
PT_F34-plus_4-100 Test Num : 88
Inject into ../bin/hello
----- Type : plus_4 Pos : PT_F34 -----
There are 1 faults will be injected in faulttable...
100957 microseconds
Fault on PT_F34(0Xffffffff -> 0X100000003)
3000077 microseconds
timeout
[  2016-10-27 4:5:38]Process 7905 termed with signal 14(SIGALRM)
PT_F34-plus_4-100 Test Num : 89
Inject into ../bin/hello
----- Type : plus_4 Pos : PT_F34 -----
There are 1 faults will be injected in faulttable...
100978 microseconds
Fault on PT_F34(0Xffffffff -> 0X100000003)
3000071 microseconds
timeout
[  2016-10-27 4:5:41]Process 7907 termed with signal 14(SIGALRM)
PT_F34-plus_4-100 Test Num : 90
Inject into ../bin/hello
----- Type : plus_4 Pos : PT_F34 -----
There are 1 faults will be injected in faulttable...
101015 microseconds
Fault on PT_F34(0Xffffffff -> 0X100000003)
3000069 microseconds
timeout
[  2016-10-27 4:5:44]Process 7909 termed with signal 14(SIGALRM)
PT_F34-plus_4-100 Test Num : 91
Inject into ../bin/hello
----- Type : plus_4 Pos : PT_F34 -----
There are 1 faults will be injected in faulttable...
101109 microseconds
Fault on PT_F34(0Xffffffff -> 0X100000003)
3000104 microseconds
timeout
[  2016-10-27 4:5:47]Process 7911 termed with signal 14(SIGALRM)
PT_F34-plus_4-100 Test Num : 92
Inject into ../bin/hello
----- Type : plus_4 Pos : PT_F34 -----
There are 1 faults will be injected in faulttable...
101072 microseconds
Fault on PT_F34(0Xffffffff -> 0X100000003)
3000087 microseconds
timeout
[  2016-10-27 4:5:50]Process 7913 termed with signal 14(SIGALRM)
PT_F34-plus_4-100 Test Num : 93
Inject into ../bin/hello
----- Type : plus_4 Pos : PT_F34 -----
There are 1 faults will be injected in faulttable...
100891 microseconds
Fault on PT_F34(0Xffffffff -> 0X100000003)
3000102 microseconds
timeout
[  2016-10-27 4:5:53]Process 7915 termed with signal 14(SIGALRM)
PT_F34-plus_4-100 Test Num : 94
Inject into ../bin/hello
----- Type : plus_4 Pos : PT_F34 -----
There are 1 faults will be injected in faulttable...
101006 microseconds
Fault on PT_F34(0Xffffffff -> 0X100000003)
3000067 microseconds
timeout
[  2016-10-27 4:5:56]Process 7917 termed with signal 14(SIGALRM)
PT_F34-plus_4-100 Test Num : 95
Inject into ../bin/hello
----- Type : plus_4 Pos : PT_F34 -----
There are 1 faults will be injected in faulttable...
101604 microseconds
Fault on PT_F34(0Xffffffff -> 0X100000003)
3000083 microseconds
timeout
[   2016-10-27 4:6:0]Process 7919 termed with signal 14(SIGALRM)
PT_F34-plus_4-100 Test Num : 96
Inject into ../bin/hello
----- Type : plus_4 Pos : PT_F34 -----
There are 1 faults will be injected in faulttable...
101022 microseconds
Fault on PT_F34(0Xffffffff -> 0X100000003)
3000122 microseconds
timeout
[   2016-10-27 4:6:3]Process 7921 termed with signal 14(SIGALRM)
PT_F34-plus_4-100 Test Num : 97
Inject into ../bin/hello
----- Type : plus_4 Pos : PT_F34 -----
There are 1 faults will be injected in faulttable...
100090 microseconds
Fault on PT_F34(0Xffffffff -> 0X100000003)
3000075 microseconds
timeout
[   2016-10-27 4:6:6]Process 7923 termed with signal 14(SIGALRM)
PT_F34-plus_4-100 Test Num : 98
Inject into ../bin/hello
----- Type : plus_4 Pos : PT_F34 -----
There are 1 faults will be injected in faulttable...
100865 microseconds
Fault on PT_F34(0Xffffffff -> 0X100000003)
3000076 microseconds
timeout
[   2016-10-27 4:6:9]Process 7925 termed with signal 14(SIGALRM)
PT_F34-plus_4-100 Test Num : 99
Inject into ../bin/hello
----- Type : plus_4 Pos : PT_F34 -----
There are 1 faults will be injected in faulttable...
101284 microseconds
Fault on PT_F34(0Xffffffff -> 0X100000003)
3000170 microseconds
timeout
[  2016-10-27 4:6:12]Process 7927 termed with signal 14(SIGALRM)
PT_F34-plus_4-100 Test Num : 100
Inject into ../bin/hello
----- Type : plus_4 Pos : PT_F34 -----
There are 1 faults will be injected in faulttable...
100135 microseconds
Fault on PT_F34(0Xffffffff -> 0X100000003)
3000095 microseconds
timeout
[  2016-10-27 4:6:15]Process 7929 termed with signal 14(SIGALRM)
