PT_F34-8_low_1-100 Test Num : 1
Inject into ../bin/hello
----- Type : 8_low_1 Pos : PT_F34 -----
There are 1 faults will be injected in faulttable...
100091 microseconds
Fault on PT_F34(0Xffffffff -> 0Xffffffff)
3000106 microseconds
timeout
[ 2016-10-27 3:29:59]Process 6168 termed with signal 14(SIGALRM)
PT_F34-8_low_1-100 Test Num : 2
Inject into ../bin/hello
----- Type : 8_low_1 Pos : PT_F34 -----
There are 1 faults will be injected in faulttable...
101046 microseconds
Fault on PT_F34(0Xffffffff -> 0Xffffffff)
3000106 microseconds
timeout
[  2016-10-27 3:30:2]Process 6170 termed with signal 14(SIGALRM)
PT_F34-8_low_1-100 Test Num : 3
Inject into ../bin/hello
----- Type : 8_low_1 Pos : PT_F34 -----
There are 1 faults will be injected in faulttable...
101212 microseconds
Fault on PT_F34(0Xffffffff -> 0Xffffffff)
3000142 microseconds
timeout
[  2016-10-27 3:30:5]Process 6172 termed with signal 14(SIGALRM)
PT_F34-8_low_1-100 Test Num : 4
Inject into ../bin/hello
----- Type : 8_low_1 Pos : PT_F34 -----
There are 1 faults will be injected in faulttable...
100074 microseconds
Fault on PT_F34(0Xffffffff -> 0Xffffffff)
3000101 microseconds
timeout
[  2016-10-27 3:30:9]Process 6174 termed with signal 14(SIGALRM)
PT_F34-8_low_1-100 Test Num : 5
Inject into ../bin/hello
----- Type : 8_low_1 Pos : PT_F34 -----
There are 1 faults will be injected in faulttable...
101074 microseconds
Fault on PT_F34(0Xffffffff -> 0Xffffffff)
3000069 microseconds
timeout
[ 2016-10-27 3:30:12]Process 6176 termed with signal 14(SIGALRM)
PT_F34-8_low_1-100 Test Num : 6
Inject into ../bin/hello
----- Type : 8_low_1 Pos : PT_F34 -----
There are 1 faults will be injected in faulttable...
101387 microseconds
Fault on PT_F34(0Xffffffff -> 0Xffffffff)
3000367 microseconds
timeout
[ 2016-10-27 3:30:15]Process 6178 termed with signal 14(SIGALRM)
PT_F34-8_low_1-100 Test Num : 7
Inject into ../bin/hello
----- Type : 8_low_1 Pos : PT_F34 -----
There are 1 faults will be injected in faulttable...
101417 microseconds
Fault on PT_F34(0Xffffffff -> 0Xffffffff)
3000082 microseconds
timeout
[ 2016-10-27 3:30:18]Process 6180 termed with signal 14(SIGALRM)
PT_F34-8_low_1-100 Test Num : 8
Inject into ../bin/hello
----- Type : 8_low_1 Pos : PT_F34 -----
There are 1 faults will be injected in faulttable...
100123 microseconds
Fault on PT_F34(0Xffffffff -> 0Xffffffff)
3000095 microseconds
timeout
[ 2016-10-27 3:30:21]Process 6182 termed with signal 14(SIGALRM)
PT_F34-8_low_1-100 Test Num : 9
Inject into ../bin/hello
----- Type : 8_low_1 Pos : PT_F34 -----
There are 1 faults will be injected in faulttable...
100096 microseconds
Fault on PT_F34(0Xffffffff -> 0Xffffffff)
3000100 microseconds
timeout
[ 2016-10-27 3:30:24]Process 6184 termed with signal 14(SIGALRM)
PT_F34-8_low_1-100 Test Num : 10
Inject into ../bin/hello
----- Type : 8_low_1 Pos : PT_F34 -----
There are 1 faults will be injected in faulttable...
100095 microseconds
Fault on PT_F34(0Xffffffff -> 0Xffffffff)
3000169 microseconds
timeout
[ 2016-10-27 3:30:27]Process 6186 termed with signal 14(SIGALRM)
PT_F34-8_low_1-100 Test Num : 11
Inject into ../bin/hello
----- Type : 8_low_1 Pos : PT_F34 -----
There are 1 faults will be injected in faulttable...
101195 microseconds
Fault on PT_F34(0Xffffffff -> 0Xffffffff)
3000107 microseconds
timeout
[ 2016-10-27 3:30:30]Process 6188 termed with signal 14(SIGALRM)
PT_F34-8_low_1-100 Test Num : 12
Inject into ../bin/hello
----- Type : 8_low_1 Pos : PT_F34 -----
There are 1 faults will be injected in faulttable...
101311 microseconds
Fault on PT_F34(0Xffffffff -> 0Xffffffff)
3000075 microseconds
timeout
[ 2016-10-27 3:30:33]Process 6190 termed with signal 14(SIGALRM)
PT_F34-8_low_1-100 Test Num : 13
Inject into ../bin/hello
----- Type : 8_low_1 Pos : PT_F34 -----
There are 1 faults will be injected in faulttable...
101070 microseconds
Fault on PT_F34(0Xffffffff -> 0Xffffffff)
3000109 microseconds
timeout
[ 2016-10-27 3:30:37]Process 6192 termed with signal 14(SIGALRM)
PT_F34-8_low_1-100 Test Num : 14
Inject into ../bin/hello
----- Type : 8_low_1 Pos : PT_F34 -----
There are 1 faults will be injected in faulttable...
101162 microseconds
Fault on PT_F34(0Xffffffff -> 0Xffffffff)
3000071 microseconds
timeout
[ 2016-10-27 3:30:40]Process 6194 termed with signal 14(SIGALRM)
PT_F34-8_low_1-100 Test Num : 15
Inject into ../bin/hello
----- Type : 8_low_1 Pos : PT_F34 -----
There are 1 faults will be injected in faulttable...
101096 microseconds
Fault on PT_F34(0Xffffffff -> 0Xffffffff)
3000097 microseconds
timeout
[ 2016-10-27 3:30:43]Process 6196 termed with signal 14(SIGALRM)
PT_F34-8_low_1-100 Test Num : 16
Inject into ../bin/hello
----- Type : 8_low_1 Pos : PT_F34 -----
There are 1 faults will be injected in faulttable...
101041 microseconds
Fault on PT_F34(0Xffffffff -> 0Xffffffff)
3000119 microseconds
timeout
[ 2016-10-27 3:30:46]Process 6198 termed with signal 14(SIGALRM)
PT_F34-8_low_1-100 Test Num : 17
Inject into ../bin/hello
----- Type : 8_low_1 Pos : PT_F34 -----
There are 1 faults will be injected in faulttable...
101396 microseconds
Fault on PT_F34(0Xffffffff -> 0Xffffffff)
3000180 microseconds
timeout
[ 2016-10-27 3:30:49]Process 6200 termed with signal 14(SIGALRM)
PT_F34-8_low_1-100 Test Num : 18
Inject into ../bin/hello
----- Type : 8_low_1 Pos : PT_F34 -----
There are 1 faults will be injected in faulttable...
100978 microseconds
Fault on PT_F34(0Xffffffff -> 0Xffffffff)
3000066 microseconds
timeout
[ 2016-10-27 3:30:52]Process 6202 termed with signal 14(SIGALRM)
PT_F34-8_low_1-100 Test Num : 19
Inject into ../bin/hello
----- Type : 8_low_1 Pos : PT_F34 -----
There are 1 faults will be injected in faulttable...
101158 microseconds
Fault on PT_F34(0Xffffffff -> 0Xffffffff)
3000103 microseconds
timeout
[ 2016-10-27 3:30:55]Process 6204 termed with signal 14(SIGALRM)
PT_F34-8_low_1-100 Test Num : 20
Inject into ../bin/hello
----- Type : 8_low_1 Pos : PT_F34 -----
There are 1 faults will be injected in faulttable...
100937 microseconds
Fault on PT_F34(0Xffffffff -> 0Xffffffff)
3000203 microseconds
timeout
[ 2016-10-27 3:30:58]Process 6206 termed with signal 14(SIGALRM)
PT_F34-8_low_1-100 Test Num : 21
Inject into ../bin/hello
----- Type : 8_low_1 Pos : PT_F34 -----
There are 1 faults will be injected in faulttable...
101371 microseconds
Fault on PT_F34(0Xffffffff -> 0Xffffffff)
3000097 microseconds
timeout
[  2016-10-27 3:31:2]Process 6208 termed with signal 14(SIGALRM)
PT_F34-8_low_1-100 Test Num : 22
Inject into ../bin/hello
----- Type : 8_low_1 Pos : PT_F34 -----
There are 1 faults will be injected in faulttable...
100078 microseconds
Fault on PT_F34(0Xffffffff -> 0Xffffffff)
3000103 microseconds
timeout
[  2016-10-27 3:31:5]Process 6210 termed with signal 14(SIGALRM)
PT_F34-8_low_1-100 Test Num : 23
Inject into ../bin/hello
----- Type : 8_low_1 Pos : PT_F34 -----
There are 1 faults will be injected in faulttable...
101282 microseconds
Fault on PT_F34(0Xffffffff -> 0Xffffffff)
3000138 microseconds
timeout
[  2016-10-27 3:31:8]Process 6212 termed with signal 14(SIGALRM)
PT_F34-8_low_1-100 Test Num : 24
Inject into ../bin/hello
----- Type : 8_low_1 Pos : PT_F34 -----
There are 1 faults will be injected in faulttable...
101388 microseconds
Fault on PT_F34(0Xffffffff -> 0Xffffffff)
3000066 microseconds
timeout
[ 2016-10-27 3:31:11]Process 6214 termed with signal 14(SIGALRM)
PT_F34-8_low_1-100 Test Num : 25
Inject into ../bin/hello
----- Type : 8_low_1 Pos : PT_F34 -----
There are 1 faults will be injected in faulttable...
101019 microseconds
Fault on PT_F34(0Xffffffff -> 0Xffffffff)
3000109 microseconds
timeout
[ 2016-10-27 3:31:14]Process 6216 termed with signal 14(SIGALRM)
PT_F34-8_low_1-100 Test Num : 26
Inject into ../bin/hello
----- Type : 8_low_1 Pos : PT_F34 -----
There are 1 faults will be injected in faulttable...
101211 microseconds
Fault on PT_F34(0Xffffffff -> 0Xffffffff)
3000124 microseconds
timeout
[ 2016-10-27 3:31:17]Process 6218 termed with signal 14(SIGALRM)
PT_F34-8_low_1-100 Test Num : 27
Inject into ../bin/hello
----- Type : 8_low_1 Pos : PT_F34 -----
There are 1 faults will be injected in faulttable...
101230 microseconds
Fault on PT_F34(0Xffffffff -> 0Xffffffff)
3000079 microseconds
timeout
[ 2016-10-27 3:31:20]Process 6220 termed with signal 14(SIGALRM)
PT_F34-8_low_1-100 Test Num : 28
Inject into ../bin/hello
----- Type : 8_low_1 Pos : PT_F34 -----
There are 1 faults will be injected in faulttable...
101104 microseconds
Fault on PT_F34(0Xffffffff -> 0Xffffffff)
3000132 microseconds
timeout
[ 2016-10-27 3:31:23]Process 6222 termed with signal 14(SIGALRM)
PT_F34-8_low_1-100 Test Num : 29
Inject into ../bin/hello
----- Type : 8_low_1 Pos : PT_F34 -----
There are 1 faults will be injected in faulttable...
101158 microseconds
Fault on PT_F34(0Xffffffff -> 0Xffffffff)
3000165 microseconds
timeout
[ 2016-10-27 3:31:26]Process 6224 termed with signal 14(SIGALRM)
PT_F34-8_low_1-100 Test Num : 30
Inject into ../bin/hello
----- Type : 8_low_1 Pos : PT_F34 -----
There are 1 faults will be injected in faulttable...
101058 microseconds
Fault on PT_F34(0Xffffffff -> 0Xffffffff)
3000131 microseconds
timeout
[ 2016-10-27 3:31:30]Process 6226 termed with signal 14(SIGALRM)
PT_F34-8_low_1-100 Test Num : 31
Inject into ../bin/hello
----- Type : 8_low_1 Pos : PT_F34 -----
There are 1 faults will be injected in faulttable...
101561 microseconds
Fault on PT_F34(0Xffffffff -> 0Xffffffff)
3000109 microseconds
timeout
[ 2016-10-27 3:31:33]Process 6228 termed with signal 14(SIGALRM)
PT_F34-8_low_1-100 Test Num : 32
Inject into ../bin/hello
----- Type : 8_low_1 Pos : PT_F34 -----
There are 1 faults will be injected in faulttable...
101318 microseconds
Fault on PT_F34(0Xffffffff -> 0Xffffffff)
3000083 microseconds
timeout
[ 2016-10-27 3:31:36]Process 6230 termed with signal 14(SIGALRM)
PT_F34-8_low_1-100 Test Num : 33
Inject into ../bin/hello
----- Type : 8_low_1 Pos : PT_F34 -----
There are 1 faults will be injected in faulttable...
101053 microseconds
Fault on PT_F34(0Xffffffff -> 0Xffffffff)
3000059 microseconds
timeout
[ 2016-10-27 3:31:39]Process 6232 termed with signal 14(SIGALRM)
PT_F34-8_low_1-100 Test Num : 34
Inject into ../bin/hello
----- Type : 8_low_1 Pos : PT_F34 -----
There are 1 faults will be injected in faulttable...
100092 microseconds
Fault on PT_F34(0Xffffffff -> 0Xffffffff)
3000093 microseconds
timeout
[ 2016-10-27 3:31:42]Process 6234 termed with signal 14(SIGALRM)
PT_F34-8_low_1-100 Test Num : 35
Inject into ../bin/hello
----- Type : 8_low_1 Pos : PT_F34 -----
There are 1 faults will be injected in faulttable...
101091 microseconds
Fault on PT_F34(0Xffffffff -> 0Xffffffff)
3000088 microseconds
timeout
[ 2016-10-27 3:31:45]Process 6236 termed with signal 14(SIGALRM)
PT_F34-8_low_1-100 Test Num : 36
Inject into ../bin/hello
----- Type : 8_low_1 Pos : PT_F34 -----
There are 1 faults will be injected in faulttable...
100234 microseconds
Fault on PT_F34(0Xffffffff -> 0Xffffffff)
3000104 microseconds
timeout
[ 2016-10-27 3:31:48]Process 6238 termed with signal 14(SIGALRM)
PT_F34-8_low_1-100 Test Num : 37
Inject into ../bin/hello
----- Type : 8_low_1 Pos : PT_F34 -----
There are 1 faults will be injected in faulttable...
101005 microseconds
Fault on PT_F34(0Xffffffff -> 0Xffffffff)
3000081 microseconds
timeout
[ 2016-10-27 3:31:51]Process 6240 termed with signal 14(SIGALRM)
PT_F34-8_low_1-100 Test Num : 38
Inject into ../bin/hello
----- Type : 8_low_1 Pos : PT_F34 -----
There are 1 faults will be injected in faulttable...
101029 microseconds
Fault on PT_F34(0Xffffffff -> 0Xffffffff)
3000081 microseconds
timeout
[ 2016-10-27 3:31:54]Process 6242 termed with signal 14(SIGALRM)
PT_F34-8_low_1-100 Test Num : 39
Inject into ../bin/hello
----- Type : 8_low_1 Pos : PT_F34 -----
There are 1 faults will be injected in faulttable...
100947 microseconds
Fault on PT_F34(0Xffffffff -> 0Xffffffff)
3000210 microseconds
timeout
[ 2016-10-27 3:31:58]Process 6244 termed with signal 14(SIGALRM)
PT_F34-8_low_1-100 Test Num : 40
Inject into ../bin/hello
----- Type : 8_low_1 Pos : PT_F34 -----
There are 1 faults will be injected in faulttable...
101450 microseconds
Fault on PT_F34(0Xffffffff -> 0Xffffffff)
3000091 microseconds
timeout
[  2016-10-27 3:32:1]Process 6246 termed with signal 14(SIGALRM)
PT_F34-8_low_1-100 Test Num : 41
Inject into ../bin/hello
----- Type : 8_low_1 Pos : PT_F34 -----
There are 1 faults will be injected in faulttable...
101577 microseconds
Fault on PT_F34(0Xffffffff -> 0Xffffffff)
3000335 microseconds
timeout
[  2016-10-27 3:32:4]Process 6248 termed with signal 14(SIGALRM)
PT_F34-8_low_1-100 Test Num : 42
Inject into ../bin/hello
----- Type : 8_low_1 Pos : PT_F34 -----
There are 1 faults will be injected in faulttable...
101607 microseconds
Fault on PT_F34(0Xffffffff -> 0Xffffffff)
3000100 microseconds
timeout
[  2016-10-27 3:32:7]Process 6250 termed with signal 14(SIGALRM)
PT_F34-8_low_1-100 Test Num : 43
Inject into ../bin/hello
----- Type : 8_low_1 Pos : PT_F34 -----
There are 1 faults will be injected in faulttable...
101022 microseconds
Fault on PT_F34(0Xffffffff -> 0Xffffffff)
3000150 microseconds
timeout
[ 2016-10-27 3:32:10]Process 6252 termed with signal 14(SIGALRM)
PT_F34-8_low_1-100 Test Num : 44
Inject into ../bin/hello
----- Type : 8_low_1 Pos : PT_F34 -----
There are 1 faults will be injected in faulttable...
100087 microseconds
Fault on PT_F34(0Xffffffff -> 0Xffffffff)
3000060 microseconds
timeout
[ 2016-10-27 3:32:13]Process 6254 termed with signal 14(SIGALRM)
PT_F34-8_low_1-100 Test Num : 45
Inject into ../bin/hello
----- Type : 8_low_1 Pos : PT_F34 -----
There are 1 faults will be injected in faulttable...
100926 microseconds
Fault on PT_F34(0Xffffffff -> 0Xffffffff)
3000058 microseconds
timeout
[ 2016-10-27 3:32:16]Process 6256 termed with signal 14(SIGALRM)
PT_F34-8_low_1-100 Test Num : 46
Inject into ../bin/hello
----- Type : 8_low_1 Pos : PT_F34 -----
There are 1 faults will be injected in faulttable...
101136 microseconds
Fault on PT_F34(0Xffffffff -> 0Xffffffff)
3000100 microseconds
timeout
[ 2016-10-27 3:32:19]Process 6258 termed with signal 14(SIGALRM)
PT_F34-8_low_1-100 Test Num : 47
Inject into ../bin/hello
----- Type : 8_low_1 Pos : PT_F34 -----
There are 1 faults will be injected in faulttable...
100940 microseconds
Fault on PT_F34(0Xffffffff -> 0Xffffffff)
3000098 microseconds
timeout
[ 2016-10-27 3:32:22]Process 6260 termed with signal 14(SIGALRM)
PT_F34-8_low_1-100 Test Num : 48
Inject into ../bin/hello
----- Type : 8_low_1 Pos : PT_F34 -----
There are 1 faults will be injected in faulttable...
101614 microseconds
Fault on PT_F34(0Xffffffff -> 0Xffffffff)
3000088 microseconds
timeout
[ 2016-10-27 3:32:26]Process 6262 termed with signal 14(SIGALRM)
PT_F34-8_low_1-100 Test Num : 49
Inject into ../bin/hello
----- Type : 8_low_1 Pos : PT_F34 -----
There are 1 faults will be injected in faulttable...
100319 microseconds
Fault on PT_F34(0Xffffffff -> 0Xffffffff)
3000077 microseconds
timeout
[ 2016-10-27 3:32:29]Process 6264 termed with signal 14(SIGALRM)
PT_F34-8_low_1-100 Test Num : 50
Inject into ../bin/hello
----- Type : 8_low_1 Pos : PT_F34 -----
There are 1 faults will be injected in faulttable...
101226 microseconds
Fault on PT_F34(0Xffffffff -> 0Xffffffff)
3000073 microseconds
timeout
[ 2016-10-27 3:32:32]Process 6266 termed with signal 14(SIGALRM)
PT_F34-8_low_1-100 Test Num : 51
Inject into ../bin/hello
----- Type : 8_low_1 Pos : PT_F34 -----
There are 1 faults will be injected in faulttable...
101067 microseconds
Fault on PT_F34(0Xffffffff -> 0Xffffffff)
3000109 microseconds
timeout
[ 2016-10-27 3:32:35]Process 6268 termed with signal 14(SIGALRM)
PT_F34-8_low_1-100 Test Num : 52
Inject into ../bin/hello
----- Type : 8_low_1 Pos : PT_F34 -----
There are 1 faults will be injected in faulttable...
101058 microseconds
Fault on PT_F34(0Xffffffff -> 0Xffffffff)
3000106 microseconds
timeout
[ 2016-10-27 3:32:38]Process 6270 termed with signal 14(SIGALRM)
PT_F34-8_low_1-100 Test Num : 53
Inject into ../bin/hello
----- Type : 8_low_1 Pos : PT_F34 -----
There are 1 faults will be injected in faulttable...
100987 microseconds
Fault on PT_F34(0Xffffffff -> 0Xffffffff)
3000096 microseconds
timeout
[ 2016-10-27 3:32:41]Process 6272 termed with signal 14(SIGALRM)
PT_F34-8_low_1-100 Test Num : 54
Inject into ../bin/hello
----- Type : 8_low_1 Pos : PT_F34 -----
There are 1 faults will be injected in faulttable...
100098 microseconds
Fault on PT_F34(0Xffffffff -> 0Xffffffff)
3000082 microseconds
timeout
[ 2016-10-27 3:32:44]Process 6274 termed with signal 14(SIGALRM)
PT_F34-8_low_1-100 Test Num : 55
Inject into ../bin/hello
----- Type : 8_low_1 Pos : PT_F34 -----
There are 1 faults will be injected in faulttable...
100983 microseconds
Fault on PT_F34(0Xffffffff -> 0Xffffffff)
3000075 microseconds
timeout
[ 2016-10-27 3:32:47]Process 6276 termed with signal 14(SIGALRM)
PT_F34-8_low_1-100 Test Num : 56
Inject into ../bin/hello
----- Type : 8_low_1 Pos : PT_F34 -----
There are 1 faults will be injected in faulttable...
100965 microseconds
Fault on PT_F34(0Xffffffff -> 0Xffffffff)
3000070 microseconds
timeout
[ 2016-10-27 3:32:50]Process 6278 termed with signal 14(SIGALRM)
PT_F34-8_low_1-100 Test Num : 57
Inject into ../bin/hello
----- Type : 8_low_1 Pos : PT_F34 -----
There are 1 faults will be injected in faulttable...
100987 microseconds
Fault on PT_F34(0Xffffffff -> 0Xffffffff)
3000098 microseconds
timeout
[ 2016-10-27 3:32:54]Process 6280 termed with signal 14(SIGALRM)
PT_F34-8_low_1-100 Test Num : 58
Inject into ../bin/hello
----- Type : 8_low_1 Pos : PT_F34 -----
There are 1 faults will be injected in faulttable...
101029 microseconds
Fault on PT_F34(0Xffffffff -> 0Xffffffff)
3000094 microseconds
timeout
[ 2016-10-27 3:32:57]Process 6282 termed with signal 14(SIGALRM)
PT_F34-8_low_1-100 Test Num : 59
Inject into ../bin/hello
----- Type : 8_low_1 Pos : PT_F34 -----
There are 1 faults will be injected in faulttable...
100101 microseconds
Fault on PT_F34(0Xffffffff -> 0Xffffffff)
3000100 microseconds
timeout
[  2016-10-27 3:33:0]Process 6284 termed with signal 14(SIGALRM)
PT_F34-8_low_1-100 Test Num : 60
Inject into ../bin/hello
----- Type : 8_low_1 Pos : PT_F34 -----
There are 1 faults will be injected in faulttable...
101314 microseconds
Fault on PT_F34(0Xffffffff -> 0Xffffffff)
3000077 microseconds
timeout
[  2016-10-27 3:33:3]Process 6286 termed with signal 14(SIGALRM)
PT_F34-8_low_1-100 Test Num : 61
Inject into ../bin/hello
----- Type : 8_low_1 Pos : PT_F34 -----
There are 1 faults will be injected in faulttable...
101148 microseconds
Fault on PT_F34(0Xffffffff -> 0Xffffffff)
3000097 microseconds
timeout
[  2016-10-27 3:33:6]Process 6288 termed with signal 14(SIGALRM)
PT_F34-8_low_1-100 Test Num : 62
Inject into ../bin/hello
----- Type : 8_low_1 Pos : PT_F34 -----
There are 1 faults will be injected in faulttable...
101429 microseconds
Fault on PT_F34(0Xffffffff -> 0Xffffffff)
3000567 microseconds
timeout
[  2016-10-27 3:33:9]Process 6290 termed with signal 14(SIGALRM)
PT_F34-8_low_1-100 Test Num : 63
Inject into ../bin/hello
----- Type : 8_low_1 Pos : PT_F34 -----
There are 1 faults will be injected in faulttable...
101180 microseconds
Fault on PT_F34(0Xffffffff -> 0Xffffffff)
3000108 microseconds
timeout
[ 2016-10-27 3:33:12]Process 6292 termed with signal 14(SIGALRM)
PT_F34-8_low_1-100 Test Num : 64
Inject into ../bin/hello
----- Type : 8_low_1 Pos : PT_F34 -----
There are 1 faults will be injected in faulttable...
101157 microseconds
Fault on PT_F34(0Xffffffff -> 0Xffffffff)
3000105 microseconds
timeout
[ 2016-10-27 3:33:15]Process 6294 termed with signal 14(SIGALRM)
PT_F34-8_low_1-100 Test Num : 65
Inject into ../bin/hello
----- Type : 8_low_1 Pos : PT_F34 -----
There are 1 faults will be injected in faulttable...
101270 microseconds
Fault on PT_F34(0Xffffffff -> 0Xffffffff)
3000109 microseconds
timeout
[ 2016-10-27 3:33:18]Process 6296 termed with signal 14(SIGALRM)
PT_F34-8_low_1-100 Test Num : 66
Inject into ../bin/hello
----- Type : 8_low_1 Pos : PT_F34 -----
There are 1 faults will be injected in faulttable...
101171 microseconds
Fault on PT_F34(0Xffffffff -> 0Xffffffff)
3000114 microseconds
timeout
[ 2016-10-27 3:33:22]Process 6298 termed with signal 14(SIGALRM)
PT_F34-8_low_1-100 Test Num : 67
Inject into ../bin/hello
----- Type : 8_low_1 Pos : PT_F34 -----
There are 1 faults will be injected in faulttable...
101201 microseconds
Fault on PT_F34(0Xffffffff -> 0Xffffffff)
3000098 microseconds
timeout
[ 2016-10-27 3:33:25]Process 6305 termed with signal 14(SIGALRM)
PT_F34-8_low_1-100 Test Num : 68
Inject into ../bin/hello
----- Type : 8_low_1 Pos : PT_F34 -----
There are 1 faults will be injected in faulttable...
101392 microseconds
Fault on PT_F34(0Xffffffff -> 0Xffffffff)
3000088 microseconds
timeout
[ 2016-10-27 3:33:28]Process 6307 termed with signal 14(SIGALRM)
PT_F34-8_low_1-100 Test Num : 69
Inject into ../bin/hello
----- Type : 8_low_1 Pos : PT_F34 -----
There are 1 faults will be injected in faulttable...
100941 microseconds
Fault on PT_F34(0Xffffffff -> 0Xffffffff)
3000066 microseconds
timeout
[ 2016-10-27 3:33:31]Process 6309 termed with signal 14(SIGALRM)
PT_F34-8_low_1-100 Test Num : 70
Inject into ../bin/hello
----- Type : 8_low_1 Pos : PT_F34 -----
There are 1 faults will be injected in faulttable...
101078 microseconds
Fault on PT_F34(0Xffffffff -> 0Xffffffff)
3000063 microseconds
timeout
[ 2016-10-27 3:33:34]Process 6311 termed with signal 14(SIGALRM)
PT_F34-8_low_1-100 Test Num : 71
Inject into ../bin/hello
----- Type : 8_low_1 Pos : PT_F34 -----
There are 1 faults will be injected in faulttable...
100973 microseconds
Fault on PT_F34(0Xffffffff -> 0Xffffffff)
3000139 microseconds
timeout
[ 2016-10-27 3:33:37]Process 6313 termed with signal 14(SIGALRM)
PT_F34-8_low_1-100 Test Num : 72
Inject into ../bin/hello
----- Type : 8_low_1 Pos : PT_F34 -----
There are 1 faults will be injected in faulttable...
100077 microseconds
Fault on PT_F34(0Xffffffff -> 0Xffffffff)
3000095 microseconds
timeout
[ 2016-10-27 3:33:40]Process 6315 termed with signal 14(SIGALRM)
PT_F34-8_low_1-100 Test Num : 73
Inject into ../bin/hello
----- Type : 8_low_1 Pos : PT_F34 -----
There are 1 faults will be injected in faulttable...
100329 microseconds
Fault on PT_F34(0Xffffffff -> 0Xffffffff)
3000088 microseconds
timeout
[ 2016-10-27 3:33:43]Process 6317 termed with signal 14(SIGALRM)
PT_F34-8_low_1-100 Test Num : 74
Inject into ../bin/hello
----- Type : 8_low_1 Pos : PT_F34 -----
There are 1 faults will be injected in faulttable...
100992 microseconds
Fault on PT_F34(0Xffffffff -> 0Xffffffff)
3000101 microseconds
timeout
[ 2016-10-27 3:33:46]Process 6319 termed with signal 14(SIGALRM)
PT_F34-8_low_1-100 Test Num : 75
Inject into ../bin/hello
----- Type : 8_low_1 Pos : PT_F34 -----
There are 1 faults will be injected in faulttable...
101076 microseconds
Fault on PT_F34(0Xffffffff -> 0Xffffffff)
3000078 microseconds
timeout
[ 2016-10-27 3:33:50]Process 6321 termed with signal 14(SIGALRM)
PT_F34-8_low_1-100 Test Num : 76
Inject into ../bin/hello
----- Type : 8_low_1 Pos : PT_F34 -----
There are 1 faults will be injected in faulttable...
101018 microseconds
Fault on PT_F34(0Xffffffff -> 0Xffffffff)
3000064 microseconds
timeout
[ 2016-10-27 3:33:53]Process 6323 termed with signal 14(SIGALRM)
PT_F34-8_low_1-100 Test Num : 77
Inject into ../bin/hello
----- Type : 8_low_1 Pos : PT_F34 -----
There are 1 faults will be injected in faulttable...
101048 microseconds
Fault on PT_F34(0Xffffffff -> 0Xffffffff)
3000066 microseconds
timeout
[ 2016-10-27 3:33:56]Process 6325 termed with signal 14(SIGALRM)
PT_F34-8_low_1-100 Test Num : 78
Inject into ../bin/hello
----- Type : 8_low_1 Pos : PT_F34 -----
There are 1 faults will be injected in faulttable...
101399 microseconds
Fault on PT_F34(0Xffffffff -> 0Xffffffff)
3000089 microseconds
timeout
[ 2016-10-27 3:33:59]Process 6327 termed with signal 14(SIGALRM)
PT_F34-8_low_1-100 Test Num : 79
Inject into ../bin/hello
----- Type : 8_low_1 Pos : PT_F34 -----
There are 1 faults will be injected in faulttable...
100968 microseconds
Fault on PT_F34(0Xffffffff -> 0Xffffffff)
3000068 microseconds
timeout
[  2016-10-27 3:34:2]Process 6329 termed with signal 14(SIGALRM)
PT_F34-8_low_1-100 Test Num : 80
Inject into ../bin/hello
----- Type : 8_low_1 Pos : PT_F34 -----
There are 1 faults will be injected in faulttable...
101071 microseconds
Fault on PT_F34(0Xffffffff -> 0Xffffffff)
3000139 microseconds
timeout
[  2016-10-27 3:34:5]Process 6331 termed with signal 14(SIGALRM)
PT_F34-8_low_1-100 Test Num : 81
Inject into ../bin/hello
----- Type : 8_low_1 Pos : PT_F34 -----
There are 1 faults will be injected in faulttable...
101449 microseconds
Fault on PT_F34(0Xffffffff -> 0Xffffffff)
3000089 microseconds
timeout
[  2016-10-27 3:34:8]Process 6333 termed with signal 14(SIGALRM)
PT_F34-8_low_1-100 Test Num : 82
Inject into ../bin/hello
----- Type : 8_low_1 Pos : PT_F34 -----
There are 1 faults will be injected in faulttable...
100957 microseconds
Fault on PT_F34(0Xffffffff -> 0Xffffffff)
3000066 microseconds
timeout
[ 2016-10-27 3:34:11]Process 6335 termed with signal 14(SIGALRM)
PT_F34-8_low_1-100 Test Num : 83
Inject into ../bin/hello
----- Type : 8_low_1 Pos : PT_F34 -----
There are 1 faults will be injected in faulttable...
101151 microseconds
Fault on PT_F34(0Xffffffff -> 0Xffffffff)
3000091 microseconds
timeout
[ 2016-10-27 3:34:14]Process 6337 termed with signal 14(SIGALRM)
PT_F34-8_low_1-100 Test Num : 84
Inject into ../bin/hello
----- Type : 8_low_1 Pos : PT_F34 -----
There are 1 faults will be injected in faulttable...
100903 microseconds
Fault on PT_F34(0Xffffffff -> 0Xffffffff)
3000139 microseconds
timeout
[ 2016-10-27 3:34:18]Process 6339 termed with signal 14(SIGALRM)
PT_F34-8_low_1-100 Test Num : 85
Inject into ../bin/hello
----- Type : 8_low_1 Pos : PT_F34 -----
There are 1 faults will be injected in faulttable...
101465 microseconds
Fault on PT_F34(0Xffffffff -> 0Xffffffff)
3000065 microseconds
timeout
[ 2016-10-27 3:34:21]Process 6341 termed with signal 14(SIGALRM)
PT_F34-8_low_1-100 Test Num : 86
Inject into ../bin/hello
----- Type : 8_low_1 Pos : PT_F34 -----
There are 1 faults will be injected in faulttable...
101075 microseconds
Fault on PT_F34(0Xffffffff -> 0Xffffffff)
3000095 microseconds
timeout
[ 2016-10-27 3:34:24]Process 6343 termed with signal 14(SIGALRM)
PT_F34-8_low_1-100 Test Num : 87
Inject into ../bin/hello
----- Type : 8_low_1 Pos : PT_F34 -----
There are 1 faults will be injected in faulttable...
100325 microseconds
Fault on PT_F34(0Xffffffff -> 0Xffffffff)
3000110 microseconds
timeout
[ 2016-10-27 3:34:27]Process 6345 termed with signal 14(SIGALRM)
PT_F34-8_low_1-100 Test Num : 88
Inject into ../bin/hello
----- Type : 8_low_1 Pos : PT_F34 -----
There are 1 faults will be injected in faulttable...
101045 microseconds
Fault on PT_F34(0Xffffffff -> 0Xffffffff)
3000092 microseconds
timeout
[ 2016-10-27 3:34:30]Process 6347 termed with signal 14(SIGALRM)
PT_F34-8_low_1-100 Test Num : 89
Inject into ../bin/hello
----- Type : 8_low_1 Pos : PT_F34 -----
There are 1 faults will be injected in faulttable...
100980 microseconds
Fault on PT_F34(0Xffffffff -> 0Xffffffff)
3000083 microseconds
timeout
[ 2016-10-27 3:34:33]Process 6349 termed with signal 14(SIGALRM)
PT_F34-8_low_1-100 Test Num : 90
Inject into ../bin/hello
----- Type : 8_low_1 Pos : PT_F34 -----
There are 1 faults will be injected in faulttable...
100920 microseconds
Fault on PT_F34(0Xffffffff -> 0Xffffffff)
3000083 microseconds
timeout
[ 2016-10-27 3:34:36]Process 6351 termed with signal 14(SIGALRM)
PT_F34-8_low_1-100 Test Num : 91
Inject into ../bin/hello
----- Type : 8_low_1 Pos : PT_F34 -----
There are 1 faults will be injected in faulttable...
100121 microseconds
Fault on PT_F34(0Xffffffff -> 0Xffffffff)
3000081 microseconds
timeout
[ 2016-10-27 3:34:39]Process 6353 termed with signal 14(SIGALRM)
PT_F34-8_low_1-100 Test Num : 92
Inject into ../bin/hello
----- Type : 8_low_1 Pos : PT_F34 -----
There are 1 faults will be injected in faulttable...
101227 microseconds
Fault on PT_F34(0Xffffffff -> 0Xffffffff)
3000058 microseconds
timeout
[ 2016-10-27 3:34:42]Process 6355 termed with signal 14(SIGALRM)
PT_F34-8_low_1-100 Test Num : 93
Inject into ../bin/hello
----- Type : 8_low_1 Pos : PT_F34 -----
There are 1 faults will be injected in faulttable...
101068 microseconds
Fault on PT_F34(0Xffffffff -> 0Xffffffff)
3000076 microseconds
timeout
[ 2016-10-27 3:34:46]Process 6358 termed with signal 14(SIGALRM)
PT_F34-8_low_1-100 Test Num : 94
Inject into ../bin/hello
----- Type : 8_low_1 Pos : PT_F34 -----
There are 1 faults will be injected in faulttable...
101372 microseconds
Fault on PT_F34(0Xffffffff -> 0Xffffffff)
3000064 microseconds
timeout
[ 2016-10-27 3:34:49]Process 6360 termed with signal 14(SIGALRM)
PT_F34-8_low_1-100 Test Num : 95
Inject into ../bin/hello
----- Type : 8_low_1 Pos : PT_F34 -----
There are 1 faults will be injected in faulttable...
101317 microseconds
Fault on PT_F34(0Xffffffff -> 0Xffffffff)
3000092 microseconds
timeout
[ 2016-10-27 3:34:52]Process 6362 termed with signal 14(SIGALRM)
PT_F34-8_low_1-100 Test Num : 96
Inject into ../bin/hello
----- Type : 8_low_1 Pos : PT_F34 -----
There are 1 faults will be injected in faulttable...
101239 microseconds
Fault on PT_F34(0Xffffffff -> 0Xffffffff)
3000093 microseconds
timeout
[ 2016-10-27 3:34:55]Process 6364 termed with signal 14(SIGALRM)
PT_F34-8_low_1-100 Test Num : 97
Inject into ../bin/hello
----- Type : 8_low_1 Pos : PT_F34 -----
There are 1 faults will be injected in faulttable...
101423 microseconds
Fault on PT_F34(0Xffffffff -> 0Xffffffff)
3000109 microseconds
timeout
[ 2016-10-27 3:34:58]Process 6366 termed with signal 14(SIGALRM)
PT_F34-8_low_1-100 Test Num : 98
Inject into ../bin/hello
----- Type : 8_low_1 Pos : PT_F34 -----
There are 1 faults will be injected in faulttable...
101155 microseconds
Fault on PT_F34(0Xffffffff -> 0Xffffffff)
3000135 microseconds
timeout
[  2016-10-27 3:35:1]Process 6368 termed with signal 14(SIGALRM)
PT_F34-8_low_1-100 Test Num : 99
Inject into ../bin/hello
----- Type : 8_low_1 Pos : PT_F34 -----
There are 1 faults will be injected in faulttable...
101194 microseconds
Fault on PT_F34(0Xffffffff -> 0Xffffffff)
3000128 microseconds
timeout
[  2016-10-27 3:35:4]Process 6370 termed with signal 14(SIGALRM)
PT_F34-8_low_1-100 Test Num : 100
Inject into ../bin/hello
----- Type : 8_low_1 Pos : PT_F34 -----
There are 1 faults will be injected in faulttable...
100103 microseconds
Fault on PT_F34(0Xffffffff -> 0Xffffffff)
3000130 microseconds
timeout
[  2016-10-27 3:35:7]Process 6372 termed with signal 14(SIGALRM)
