PT_F34-1_bit_flip-100 Test Num : 1
Inject into ../bin/hello
----- Type : 1_bit_flip Pos : PT_F34 -----
There are 1 faults will be injected in faulttable...
101069 microseconds
Fault on PT_F34(0Xffffffff -> 0Xfbffffff)
3000074 microseconds
timeout
[ 2016-10-27 2:58:51]Process 4935 termed with signal 14(SIGALRM)
PT_F34-1_bit_flip-100 Test Num : 2
Inject into ../bin/hello
----- Type : 1_bit_flip Pos : PT_F34 -----
There are 1 faults will be injected in faulttable...
100940 microseconds
Fault on PT_F34(0Xffffffff -> 0X80000000ffffffff)
3000129 microseconds
timeout
[ 2016-10-27 2:58:55]Process 4937 termed with signal 14(SIGALRM)
PT_F34-1_bit_flip-100 Test Num : 3
Inject into ../bin/hello
----- Type : 1_bit_flip Pos : PT_F34 -----
There are 1 faults will be injected in faulttable...
101096 microseconds
Fault on PT_F34(0Xffffffff -> 0Xffbfffff)
3000119 microseconds
timeout
[ 2016-10-27 2:58:58]Process 4939 termed with signal 14(SIGALRM)
PT_F34-1_bit_flip-100 Test Num : 4
Inject into ../bin/hello
----- Type : 1_bit_flip Pos : PT_F34 -----
There are 1 faults will be injected in faulttable...
100089 microseconds
Fault on PT_F34(0Xffffffff -> 0X8000000ffffffff)
3000140 microseconds
timeout
[  2016-10-27 2:59:1]Process 4941 termed with signal 14(SIGALRM)
PT_F34-1_bit_flip-100 Test Num : 5
Inject into ../bin/hello
----- Type : 1_bit_flip Pos : PT_F34 -----
There are 1 faults will be injected in faulttable...
100105 microseconds
Fault on PT_F34(0Xffffffff -> 0X8000ffffffff)
3000076 microseconds
timeout
[  2016-10-27 2:59:4]Process 4943 termed with signal 14(SIGALRM)
PT_F34-1_bit_flip-100 Test Num : 6
Inject into ../bin/hello
----- Type : 1_bit_flip Pos : PT_F34 -----
There are 1 faults will be injected in faulttable...
100908 microseconds
Fault on PT_F34(0Xffffffff -> 0X1000000ffffffff)
3000083 microseconds
timeout
[  2016-10-27 2:59:7]Process 4945 termed with signal 14(SIGALRM)
PT_F34-1_bit_flip-100 Test Num : 7
Inject into ../bin/hello
----- Type : 1_bit_flip Pos : PT_F34 -----
There are 1 faults will be injected in faulttable...
101137 microseconds
Fault on PT_F34(0Xffffffff -> 0X4000ffffffff)
3000083 microseconds
timeout
[ 2016-10-27 2:59:10]Process 4947 termed with signal 14(SIGALRM)
PT_F34-1_bit_flip-100 Test Num : 8
Inject into ../bin/hello
----- Type : 1_bit_flip Pos : PT_F34 -----
There are 1 faults will be injected in faulttable...
101133 microseconds
Fault on PT_F34(0Xffffffff -> 0X10000000ffffffff)
3000077 microseconds
timeout
[ 2016-10-27 2:59:13]Process 4949 termed with signal 14(SIGALRM)
PT_F34-1_bit_flip-100 Test Num : 9
Inject into ../bin/hello
----- Type : 1_bit_flip Pos : PT_F34 -----
There are 1 faults will be injected in faulttable...
100999 microseconds
Fault on PT_F34(0Xffffffff -> 0X800000ffffffff)
3000068 microseconds
timeout
[ 2016-10-27 2:59:16]Process 4951 termed with signal 14(SIGALRM)
PT_F34-1_bit_flip-100 Test Num : 10
Inject into ../bin/hello
----- Type : 1_bit_flip Pos : PT_F34 -----
There are 1 faults will be injected in faulttable...
100951 microseconds
Fault on PT_F34(0Xffffffff -> 0X8000ffffffff)
3000071 microseconds
timeout
[ 2016-10-27 2:59:19]Process 4953 termed with signal 14(SIGALRM)
PT_F34-1_bit_flip-100 Test Num : 11
Inject into ../bin/hello
----- Type : 1_bit_flip Pos : PT_F34 -----
There are 1 faults will be injected in faulttable...
100994 microseconds
Fault on PT_F34(0Xffffffff -> 0Xffffffdf)
3000070 microseconds
timeout
[ 2016-10-27 2:59:23]Process 4955 termed with signal 14(SIGALRM)
PT_F34-1_bit_flip-100 Test Num : 12
Inject into ../bin/hello
----- Type : 1_bit_flip Pos : PT_F34 -----
There are 1 faults will be injected in faulttable...
101205 microseconds
Fault on PT_F34(0Xffffffff -> 0X400ffffffff)
3000081 microseconds
timeout
[ 2016-10-27 2:59:26]Process 4957 termed with signal 14(SIGALRM)
PT_F34-1_bit_flip-100 Test Num : 13
Inject into ../bin/hello
----- Type : 1_bit_flip Pos : PT_F34 -----
There are 1 faults will be injected in faulttable...
101098 microseconds
Fault on PT_F34(0Xffffffff -> 0Xffffefff)
3000065 microseconds
timeout
[ 2016-10-27 2:59:29]Process 4959 termed with signal 14(SIGALRM)
PT_F34-1_bit_flip-100 Test Num : 14
Inject into ../bin/hello
----- Type : 1_bit_flip Pos : PT_F34 -----
There are 1 faults will be injected in faulttable...
100956 microseconds
Fault on PT_F34(0Xffffffff -> 0Xffffffbf)
3000075 microseconds
timeout
[ 2016-10-27 2:59:32]Process 4961 termed with signal 14(SIGALRM)
PT_F34-1_bit_flip-100 Test Num : 15
Inject into ../bin/hello
----- Type : 1_bit_flip Pos : PT_F34 -----
There are 1 faults will be injected in faulttable...
100996 microseconds
Fault on PT_F34(0Xffffffff -> 0Xfffdffff)
3000097 microseconds
timeout
[ 2016-10-27 2:59:35]Process 4963 termed with signal 14(SIGALRM)
PT_F34-1_bit_flip-100 Test Num : 16
Inject into ../bin/hello
----- Type : 1_bit_flip Pos : PT_F34 -----
There are 1 faults will be injected in faulttable...
101015 microseconds
Fault on PT_F34(0Xffffffff -> 0X20000000ffffffff)
3000064 microseconds
timeout
[ 2016-10-27 2:59:38]Process 4966 termed with signal 14(SIGALRM)
PT_F34-1_bit_flip-100 Test Num : 17
Inject into ../bin/hello
----- Type : 1_bit_flip Pos : PT_F34 -----
There are 1 faults will be injected in faulttable...
100937 microseconds
Fault on PT_F34(0Xffffffff -> 0X8000000ffffffff)
3000116 microseconds
timeout
[ 2016-10-27 2:59:41]Process 4968 termed with signal 14(SIGALRM)
PT_F34-1_bit_flip-100 Test Num : 18
Inject into ../bin/hello
----- Type : 1_bit_flip Pos : PT_F34 -----
There are 1 faults will be injected in faulttable...
101115 microseconds
Fault on PT_F34(0Xffffffff -> 0X2ffffffff)
3000074 microseconds
timeout
[ 2016-10-27 2:59:44]Process 4970 termed with signal 14(SIGALRM)
PT_F34-1_bit_flip-100 Test Num : 19
Inject into ../bin/hello
----- Type : 1_bit_flip Pos : PT_F34 -----
There are 1 faults will be injected in faulttable...
101131 microseconds
Fault on PT_F34(0Xffffffff -> 0X400ffffffff)
3000086 microseconds
timeout
[ 2016-10-27 2:59:47]Process 4972 termed with signal 14(SIGALRM)
PT_F34-1_bit_flip-100 Test Num : 20
Inject into ../bin/hello
----- Type : 1_bit_flip Pos : PT_F34 -----
There are 1 faults will be injected in faulttable...
100344 microseconds
Fault on PT_F34(0Xffffffff -> 0X8000000ffffffff)
3000086 microseconds
timeout
[ 2016-10-27 2:59:51]Process 4974 termed with signal 14(SIGALRM)
PT_F34-1_bit_flip-100 Test Num : 21
Inject into ../bin/hello
----- Type : 1_bit_flip Pos : PT_F34 -----
There are 1 faults will be injected in faulttable...
101108 microseconds
Fault on PT_F34(0Xffffffff -> 0X80000ffffffff)
3000107 microseconds
timeout
[ 2016-10-27 2:59:54]Process 4976 termed with signal 14(SIGALRM)
PT_F34-1_bit_flip-100 Test Num : 22
Inject into ../bin/hello
----- Type : 1_bit_flip Pos : PT_F34 -----
There are 1 faults will be injected in faulttable...
100075 microseconds
Fault on PT_F34(0Xffffffff -> 0Xff7fffff)
3000229 microseconds
timeout
[ 2016-10-27 2:59:57]Process 4978 termed with signal 14(SIGALRM)
PT_F34-1_bit_flip-100 Test Num : 23
Inject into ../bin/hello
----- Type : 1_bit_flip Pos : PT_F34 -----
There are 1 faults will be injected in faulttable...
101055 microseconds
Fault on PT_F34(0Xffffffff -> 0Xfffffdff)
3000071 microseconds
timeout
[   2016-10-27 3:0:0]Process 4980 termed with signal 14(SIGALRM)
PT_F34-1_bit_flip-100 Test Num : 24
Inject into ../bin/hello
----- Type : 1_bit_flip Pos : PT_F34 -----
There are 1 faults will be injected in faulttable...
100925 microseconds
Fault on PT_F34(0Xffffffff -> 0Xfffffeff)
3000099 microseconds
timeout
[   2016-10-27 3:0:3]Process 4982 termed with signal 14(SIGALRM)
PT_F34-1_bit_flip-100 Test Num : 25
Inject into ../bin/hello
----- Type : 1_bit_flip Pos : PT_F34 -----
There are 1 faults will be injected in faulttable...
101154 microseconds
Fault on PT_F34(0Xffffffff -> 0Xffbfffff)
3000068 microseconds
timeout
[   2016-10-27 3:0:6]Process 4984 termed with signal 14(SIGALRM)
PT_F34-1_bit_flip-100 Test Num : 26
Inject into ../bin/hello
----- Type : 1_bit_flip Pos : PT_F34 -----
There are 1 faults will be injected in faulttable...
100970 microseconds
Fault on PT_F34(0Xffffffff -> 0X1ffffffff)
3000131 microseconds
timeout
[   2016-10-27 3:0:9]Process 4986 termed with signal 14(SIGALRM)
PT_F34-1_bit_flip-100 Test Num : 27
Inject into ../bin/hello
----- Type : 1_bit_flip Pos : PT_F34 -----
There are 1 faults will be injected in faulttable...
101305 microseconds
Fault on PT_F34(0Xffffffff -> 0Xfffffbff)
3000187 microseconds
timeout
[  2016-10-27 3:0:12]Process 4988 termed with signal 14(SIGALRM)
PT_F34-1_bit_flip-100 Test Num : 28
Inject into ../bin/hello
----- Type : 1_bit_flip Pos : PT_F34 -----
There are 1 faults will be injected in faulttable...
101229 microseconds
Fault on PT_F34(0Xffffffff -> 0X40ffffffff)
3000072 microseconds
timeout
[  2016-10-27 3:0:15]Process 4990 termed with signal 14(SIGALRM)
PT_F34-1_bit_flip-100 Test Num : 29
Inject into ../bin/hello
----- Type : 1_bit_flip Pos : PT_F34 -----
There are 1 faults will be injected in faulttable...
101049 microseconds
Fault on PT_F34(0Xffffffff -> 0Xfffeffff)
3000059 microseconds
timeout
[  2016-10-27 3:0:19]Process 4992 termed with signal 14(SIGALRM)
PT_F34-1_bit_flip-100 Test Num : 30
Inject into ../bin/hello
----- Type : 1_bit_flip Pos : PT_F34 -----
There are 1 faults will be injected in faulttable...
101250 microseconds
Fault on PT_F34(0Xffffffff -> 0X20000000ffffffff)
3000377 microseconds
timeout
[  2016-10-27 3:0:22]Process 4994 termed with signal 14(SIGALRM)
PT_F34-1_bit_flip-100 Test Num : 31
Inject into ../bin/hello
----- Type : 1_bit_flip Pos : PT_F34 -----
There are 1 faults will be injected in faulttable...
101054 microseconds
Fault on PT_F34(0Xffffffff -> 0Xfeffffff)
3000064 microseconds
timeout
[  2016-10-27 3:0:25]Process 4996 termed with signal 14(SIGALRM)
PT_F34-1_bit_flip-100 Test Num : 32
Inject into ../bin/hello
----- Type : 1_bit_flip Pos : PT_F34 -----
There are 1 faults will be injected in faulttable...
101082 microseconds
Fault on PT_F34(0Xffffffff -> 0X1000ffffffff)
3000086 microseconds
timeout
[  2016-10-27 3:0:28]Process 4998 termed with signal 14(SIGALRM)
PT_F34-1_bit_flip-100 Test Num : 33
Inject into ../bin/hello
----- Type : 1_bit_flip Pos : PT_F34 -----
There are 1 faults will be injected in faulttable...
101045 microseconds
Fault on PT_F34(0Xffffffff -> 0Xbfffffff)
3000140 microseconds
timeout
[  2016-10-27 3:0:31]Process 5000 termed with signal 14(SIGALRM)
PT_F34-1_bit_flip-100 Test Num : 34
Inject into ../bin/hello
----- Type : 1_bit_flip Pos : PT_F34 -----
There are 1 faults will be injected in faulttable...
101211 microseconds
Fault on PT_F34(0Xffffffff -> 0Xffffbfff)
3000102 microseconds
timeout
[  2016-10-27 3:0:34]Process 5002 termed with signal 14(SIGALRM)
PT_F34-1_bit_flip-100 Test Num : 35
Inject into ../bin/hello
----- Type : 1_bit_flip Pos : PT_F34 -----
There are 1 faults will be injected in faulttable...
101214 microseconds
Fault on PT_F34(0Xffffffff -> 0X2000000ffffffff)
3000074 microseconds
timeout
[  2016-10-27 3:0:37]Process 5004 termed with signal 14(SIGALRM)
PT_F34-1_bit_flip-100 Test Num : 36
Inject into ../bin/hello
----- Type : 1_bit_flip Pos : PT_F34 -----
There are 1 faults will be injected in faulttable...
101152 microseconds
Fault on PT_F34(0Xffffffff -> 0Xefffffff)
3000113 microseconds
timeout
[  2016-10-27 3:0:40]Process 5006 termed with signal 14(SIGALRM)
PT_F34-1_bit_flip-100 Test Num : 37
Inject into ../bin/hello
----- Type : 1_bit_flip Pos : PT_F34 -----
There are 1 faults will be injected in faulttable...
101012 microseconds
Fault on PT_F34(0Xffffffff -> 0X1ffffffff)
3000138 microseconds
timeout
[  2016-10-27 3:0:44]Process 5008 termed with signal 14(SIGALRM)
PT_F34-1_bit_flip-100 Test Num : 38
Inject into ../bin/hello
----- Type : 1_bit_flip Pos : PT_F34 -----
There are 1 faults will be injected in faulttable...
101574 microseconds
Fault on PT_F34(0Xffffffff -> 0X400000ffffffff)
3000103 microseconds
timeout
[  2016-10-27 3:0:47]Process 5010 termed with signal 14(SIGALRM)
PT_F34-1_bit_flip-100 Test Num : 39
Inject into ../bin/hello
----- Type : 1_bit_flip Pos : PT_F34 -----
There are 1 faults will be injected in faulttable...
100089 microseconds
Fault on PT_F34(0Xffffffff -> 0Xffff7fff)
3000068 microseconds
timeout
[  2016-10-27 3:0:50]Process 5012 termed with signal 14(SIGALRM)
PT_F34-1_bit_flip-100 Test Num : 40
Inject into ../bin/hello
----- Type : 1_bit_flip Pos : PT_F34 -----
There are 1 faults will be injected in faulttable...
100063 microseconds
Fault on PT_F34(0Xffffffff -> 0Xfffffeff)
3000077 microseconds
timeout
[  2016-10-27 3:0:53]Process 5014 termed with signal 14(SIGALRM)
PT_F34-1_bit_flip-100 Test Num : 41
Inject into ../bin/hello
----- Type : 1_bit_flip Pos : PT_F34 -----
There are 1 faults will be injected in faulttable...
101145 microseconds
Fault on PT_F34(0Xffffffff -> 0Xffffffef)
3000084 microseconds
timeout
[  2016-10-27 3:0:56]Process 5016 termed with signal 14(SIGALRM)
PT_F34-1_bit_flip-100 Test Num : 42
Inject into ../bin/hello
----- Type : 1_bit_flip Pos : PT_F34 -----
There are 1 faults will be injected in faulttable...
101394 microseconds
Fault on PT_F34(0Xffffffff -> 0X7fffffff)
3000079 microseconds
timeout
[  2016-10-27 3:0:59]Process 5018 termed with signal 14(SIGALRM)
PT_F34-1_bit_flip-100 Test Num : 43
Inject into ../bin/hello
----- Type : 1_bit_flip Pos : PT_F34 -----
There are 1 faults will be injected in faulttable...
100997 microseconds
Fault on PT_F34(0Xffffffff -> 0X20ffffffff)
3000106 microseconds
timeout
[   2016-10-27 3:1:2]Process 5020 termed with signal 14(SIGALRM)
PT_F34-1_bit_flip-100 Test Num : 44
Inject into ../bin/hello
----- Type : 1_bit_flip Pos : PT_F34 -----
There are 1 faults will be injected in faulttable...
100077 microseconds
Fault on PT_F34(0Xffffffff -> 0X80ffffffff)
3000082 microseconds
timeout
[   2016-10-27 3:1:5]Process 5041 termed with signal 14(SIGALRM)
PT_F34-1_bit_flip-100 Test Num : 45
Inject into ../bin/hello
----- Type : 1_bit_flip Pos : PT_F34 -----
There are 1 faults will be injected in faulttable...
101044 microseconds
Fault on PT_F34(0Xffffffff -> 0Xfffffffe)
3000095 microseconds
timeout
[   2016-10-27 3:1:8]Process 5043 termed with signal 14(SIGALRM)
PT_F34-1_bit_flip-100 Test Num : 46
Inject into ../bin/hello
----- Type : 1_bit_flip Pos : PT_F34 -----
There are 1 faults will be injected in faulttable...
100255 microseconds
Fault on PT_F34(0Xffffffff -> 0Xffffff7f)
3000201 microseconds
timeout
[  2016-10-27 3:1:12]Process 5045 termed with signal 14(SIGALRM)
PT_F34-1_bit_flip-100 Test Num : 47
Inject into ../bin/hello
----- Type : 1_bit_flip Pos : PT_F34 -----
There are 1 faults will be injected in faulttable...
101314 microseconds
Fault on PT_F34(0Xffffffff -> 0Xfffdffff)
3000109 microseconds
timeout
[  2016-10-27 3:1:15]Process 5047 termed with signal 14(SIGALRM)
PT_F34-1_bit_flip-100 Test Num : 48
Inject into ../bin/hello
----- Type : 1_bit_flip Pos : PT_F34 -----
There are 1 faults will be injected in faulttable...
100987 microseconds
Fault on PT_F34(0Xffffffff -> 0X4000ffffffff)
3000124 microseconds
timeout
[  2016-10-27 3:1:18]Process 5049 termed with signal 14(SIGALRM)
PT_F34-1_bit_flip-100 Test Num : 49
Inject into ../bin/hello
----- Type : 1_bit_flip Pos : PT_F34 -----
There are 1 faults will be injected in faulttable...
100105 microseconds
Fault on PT_F34(0Xffffffff -> 0X20000ffffffff)
3000061 microseconds
timeout
[  2016-10-27 3:1:21]Process 5051 termed with signal 14(SIGALRM)
PT_F34-1_bit_flip-100 Test Num : 50
Inject into ../bin/hello
----- Type : 1_bit_flip Pos : PT_F34 -----
There are 1 faults will be injected in faulttable...
100898 microseconds
Fault on PT_F34(0Xffffffff -> 0Xfffffffd)
3000111 microseconds
timeout
[  2016-10-27 3:1:24]Process 5053 termed with signal 14(SIGALRM)
PT_F34-1_bit_flip-100 Test Num : 51
Inject into ../bin/hello
----- Type : 1_bit_flip Pos : PT_F34 -----
There are 1 faults will be injected in faulttable...
101224 microseconds
Fault on PT_F34(0Xffffffff -> 0X100000ffffffff)
3000091 microseconds
timeout
[  2016-10-27 3:1:27]Process 5055 termed with signal 14(SIGALRM)
PT_F34-1_bit_flip-100 Test Num : 52
Inject into ../bin/hello
----- Type : 1_bit_flip Pos : PT_F34 -----
There are 1 faults will be injected in faulttable...
100125 microseconds
Fault on PT_F34(0Xffffffff -> 0Xbfffffff)
3000093 microseconds
timeout
[  2016-10-27 3:1:30]Process 5057 termed with signal 14(SIGALRM)
PT_F34-1_bit_flip-100 Test Num : 53
Inject into ../bin/hello
----- Type : 1_bit_flip Pos : PT_F34 -----
There are 1 faults will be injected in faulttable...
100986 microseconds
Fault on PT_F34(0Xffffffff -> 0Xffffffbf)
3000098 microseconds
timeout
[  2016-10-27 3:1:33]Process 5059 termed with signal 14(SIGALRM)
PT_F34-1_bit_flip-100 Test Num : 54
Inject into ../bin/hello
----- Type : 1_bit_flip Pos : PT_F34 -----
There are 1 faults will be injected in faulttable...
101235 microseconds
Fault on PT_F34(0Xffffffff -> 0X8000000ffffffff)
3000060 microseconds
timeout
[  2016-10-27 3:1:36]Process 5061 termed with signal 14(SIGALRM)
PT_F34-1_bit_flip-100 Test Num : 55
Inject into ../bin/hello
----- Type : 1_bit_flip Pos : PT_F34 -----
There are 1 faults will be injected in faulttable...
101170 microseconds
Fault on PT_F34(0Xffffffff -> 0Xffbfffff)
3000099 microseconds
timeout
[  2016-10-27 3:1:40]Process 5063 termed with signal 14(SIGALRM)
PT_F34-1_bit_flip-100 Test Num : 56
Inject into ../bin/hello
----- Type : 1_bit_flip Pos : PT_F34 -----
There are 1 faults will be injected in faulttable...
100073 microseconds
Fault on PT_F34(0Xffffffff -> 0Xff7fffff)
3000076 microseconds
timeout
[  2016-10-27 3:1:43]Process 5065 termed with signal 14(SIGALRM)
PT_F34-1_bit_flip-100 Test Num : 57
Inject into ../bin/hello
----- Type : 1_bit_flip Pos : PT_F34 -----
There are 1 faults will be injected in faulttable...
101068 microseconds
Fault on PT_F34(0Xffffffff -> 0X20000000ffffffff)
3000141 microseconds
timeout
[  2016-10-27 3:1:46]Process 5067 termed with signal 14(SIGALRM)
PT_F34-1_bit_flip-100 Test Num : 58
Inject into ../bin/hello
----- Type : 1_bit_flip Pos : PT_F34 -----
There are 1 faults will be injected in faulttable...
101014 microseconds
Fault on PT_F34(0Xffffffff -> 0Xffffbfff)
3000088 microseconds
timeout
[  2016-10-27 3:1:49]Process 5069 termed with signal 14(SIGALRM)
PT_F34-1_bit_flip-100 Test Num : 59
Inject into ../bin/hello
----- Type : 1_bit_flip Pos : PT_F34 -----
There are 1 faults will be injected in faulttable...
101153 microseconds
Fault on PT_F34(0Xffffffff -> 0X800000ffffffff)
3000114 microseconds
timeout
[  2016-10-27 3:1:52]Process 5071 termed with signal 14(SIGALRM)
PT_F34-1_bit_flip-100 Test Num : 60
Inject into ../bin/hello
----- Type : 1_bit_flip Pos : PT_F34 -----
There are 1 faults will be injected in faulttable...
101175 microseconds
Fault on PT_F34(0Xffffffff -> 0Xfffdffff)
3000073 microseconds
timeout
[  2016-10-27 3:1:55]Process 5073 termed with signal 14(SIGALRM)
PT_F34-1_bit_flip-100 Test Num : 61
Inject into ../bin/hello
----- Type : 1_bit_flip Pos : PT_F34 -----
There are 1 faults will be injected in faulttable...
100995 microseconds
Fault on PT_F34(0Xffffffff -> 0Xffffffbf)
3000087 microseconds
timeout
[  2016-10-27 3:1:58]Process 5075 termed with signal 14(SIGALRM)
PT_F34-1_bit_flip-100 Test Num : 62
Inject into ../bin/hello
----- Type : 1_bit_flip Pos : PT_F34 -----
There are 1 faults will be injected in faulttable...
100062 microseconds
Fault on PT_F34(0Xffffffff -> 0Xbfffffff)
3000064 microseconds
timeout
[   2016-10-27 3:2:1]Process 5077 termed with signal 14(SIGALRM)
PT_F34-1_bit_flip-100 Test Num : 63
Inject into ../bin/hello
----- Type : 1_bit_flip Pos : PT_F34 -----
There are 1 faults will be injected in faulttable...
101028 microseconds
Fault on PT_F34(0Xffffffff -> 0X8000000ffffffff)
3000074 microseconds
timeout
[   2016-10-27 3:2:4]Process 5079 termed with signal 14(SIGALRM)
PT_F34-1_bit_flip-100 Test Num : 64
Inject into ../bin/hello
----- Type : 1_bit_flip Pos : PT_F34 -----
There are 1 faults will be injected in faulttable...
101110 microseconds
Fault on PT_F34(0Xffffffff -> 0X10000ffffffff)
3000109 microseconds
timeout
[   2016-10-27 3:2:8]Process 5081 termed with signal 14(SIGALRM)
PT_F34-1_bit_flip-100 Test Num : 65
Inject into ../bin/hello
----- Type : 1_bit_flip Pos : PT_F34 -----
There are 1 faults will be injected in faulttable...
100975 microseconds
Fault on PT_F34(0Xffffffff -> 0X2ffffffff)
3000080 microseconds
timeout
[  2016-10-27 3:2:11]Process 5083 termed with signal 14(SIGALRM)
PT_F34-1_bit_flip-100 Test Num : 66
Inject into ../bin/hello
----- Type : 1_bit_flip Pos : PT_F34 -----
There are 1 faults will be injected in faulttable...
101106 microseconds
Fault on PT_F34(0Xffffffff -> 0Xfffffffe)
3000083 microseconds
timeout
[  2016-10-27 3:2:14]Process 5085 termed with signal 14(SIGALRM)
PT_F34-1_bit_flip-100 Test Num : 67
Inject into ../bin/hello
----- Type : 1_bit_flip Pos : PT_F34 -----
There are 1 faults will be injected in faulttable...
101430 microseconds
Fault on PT_F34(0Xffffffff -> 0X4000ffffffff)
3000080 microseconds
timeout
[  2016-10-27 3:2:17]Process 5087 termed with signal 14(SIGALRM)
PT_F34-1_bit_flip-100 Test Num : 68
Inject into ../bin/hello
----- Type : 1_bit_flip Pos : PT_F34 -----
There are 1 faults will be injected in faulttable...
101115 microseconds
Fault on PT_F34(0Xffffffff -> 0X8ffffffff)
3000135 microseconds
timeout
[  2016-10-27 3:2:20]Process 5089 termed with signal 14(SIGALRM)
PT_F34-1_bit_flip-100 Test Num : 69
Inject into ../bin/hello
----- Type : 1_bit_flip Pos : PT_F34 -----
There are 1 faults will be injected in faulttable...
101340 microseconds
Fault on PT_F34(0Xffffffff -> 0X10ffffffff)
3000132 microseconds
timeout
[  2016-10-27 3:2:23]Process 5091 termed with signal 14(SIGALRM)
PT_F34-1_bit_flip-100 Test Num : 70
Inject into ../bin/hello
----- Type : 1_bit_flip Pos : PT_F34 -----
There are 1 faults will be injected in faulttable...
101164 microseconds
Fault on PT_F34(0Xffffffff -> 0X1000000ffffffff)
3000135 microseconds
timeout
[  2016-10-27 3:2:26]Process 5093 termed with signal 14(SIGALRM)
PT_F34-1_bit_flip-100 Test Num : 71
Inject into ../bin/hello
----- Type : 1_bit_flip Pos : PT_F34 -----
There are 1 faults will be injected in faulttable...
101358 microseconds
Fault on PT_F34(0Xffffffff -> 0Xfffffeff)
3000136 microseconds
timeout
[  2016-10-27 3:2:29]Process 5095 termed with signal 14(SIGALRM)
PT_F34-1_bit_flip-100 Test Num : 72
Inject into ../bin/hello
----- Type : 1_bit_flip Pos : PT_F34 -----
There are 1 faults will be injected in faulttable...
100277 microseconds
Fault on PT_F34(0Xffffffff -> 0X200ffffffff)
3000080 microseconds
timeout
[  2016-10-27 3:2:32]Process 5097 termed with signal 14(SIGALRM)
PT_F34-1_bit_flip-100 Test Num : 73
Inject into ../bin/hello
----- Type : 1_bit_flip Pos : PT_F34 -----
There are 1 faults will be injected in faulttable...
100073 microseconds
Fault on PT_F34(0Xffffffff -> 0Xffffefff)
3000089 microseconds
timeout
[  2016-10-27 3:2:36]Process 5099 termed with signal 14(SIGALRM)
PT_F34-1_bit_flip-100 Test Num : 74
Inject into ../bin/hello
----- Type : 1_bit_flip Pos : PT_F34 -----
There are 1 faults will be injected in faulttable...
100077 microseconds
Fault on PT_F34(0Xffffffff -> 0Xfffffdff)
3000050 microseconds
timeout
[  2016-10-27 3:2:39]Process 5101 termed with signal 14(SIGALRM)
PT_F34-1_bit_flip-100 Test Num : 75
Inject into ../bin/hello
----- Type : 1_bit_flip Pos : PT_F34 -----
There are 1 faults will be injected in faulttable...
100070 microseconds
Fault on PT_F34(0Xffffffff -> 0Xfffffffb)
3000098 microseconds
timeout
[  2016-10-27 3:2:42]Process 5103 termed with signal 14(SIGALRM)
PT_F34-1_bit_flip-100 Test Num : 76
Inject into ../bin/hello
----- Type : 1_bit_flip Pos : PT_F34 -----
There are 1 faults will be injected in faulttable...
100918 microseconds
Fault on PT_F34(0Xffffffff -> 0Xfffbffff)
3000068 microseconds
timeout
[  2016-10-27 3:2:45]Process 5105 termed with signal 14(SIGALRM)
PT_F34-1_bit_flip-100 Test Num : 77
Inject into ../bin/hello
----- Type : 1_bit_flip Pos : PT_F34 -----
There are 1 faults will be injected in faulttable...
101086 microseconds
Fault on PT_F34(0Xffffffff -> 0X2000000ffffffff)
3000076 microseconds
timeout
[  2016-10-27 3:2:48]Process 5107 termed with signal 14(SIGALRM)
PT_F34-1_bit_flip-100 Test Num : 78
Inject into ../bin/hello
----- Type : 1_bit_flip Pos : PT_F34 -----
There are 1 faults will be injected in faulttable...
101009 microseconds
Fault on PT_F34(0Xffffffff -> 0X40000ffffffff)
3000101 microseconds
timeout
[  2016-10-27 3:2:51]Process 5109 termed with signal 14(SIGALRM)
PT_F34-1_bit_flip-100 Test Num : 79
Inject into ../bin/hello
----- Type : 1_bit_flip Pos : PT_F34 -----
There are 1 faults will be injected in faulttable...
101212 microseconds
Fault on PT_F34(0Xffffffff -> 0Xfff7ffff)
3000094 microseconds
timeout
[  2016-10-27 3:2:54]Process 5111 termed with signal 14(SIGALRM)
PT_F34-1_bit_flip-100 Test Num : 80
Inject into ../bin/hello
----- Type : 1_bit_flip Pos : PT_F34 -----
There are 1 faults will be injected in faulttable...
101041 microseconds
Fault on PT_F34(0Xffffffff -> 0X80000000ffffffff)
3000076 microseconds
timeout
[  2016-10-27 3:2:57]Process 5113 termed with signal 14(SIGALRM)
PT_F34-1_bit_flip-100 Test Num : 81
Inject into ../bin/hello
----- Type : 1_bit_flip Pos : PT_F34 -----
There are 1 faults will be injected in faulttable...
100935 microseconds
Fault on PT_F34(0Xffffffff -> 0X200ffffffff)
3000143 microseconds
timeout
[   2016-10-27 3:3:0]Process 5115 termed with signal 14(SIGALRM)
PT_F34-1_bit_flip-100 Test Num : 82
Inject into ../bin/hello
----- Type : 1_bit_flip Pos : PT_F34 -----
There are 1 faults will be injected in faulttable...
100120 microseconds
Fault on PT_F34(0Xffffffff -> 0Xfffff7ff)
3000129 microseconds
timeout
[   2016-10-27 3:3:4]Process 5117 termed with signal 14(SIGALRM)
PT_F34-1_bit_flip-100 Test Num : 83
Inject into ../bin/hello
----- Type : 1_bit_flip Pos : PT_F34 -----
There are 1 faults will be injected in faulttable...
101605 microseconds
Fault on PT_F34(0Xffffffff -> 0Xfffffbff)
3000129 microseconds
timeout
[   2016-10-27 3:3:7]Process 5119 termed with signal 14(SIGALRM)
PT_F34-1_bit_flip-100 Test Num : 84
Inject into ../bin/hello
----- Type : 1_bit_flip Pos : PT_F34 -----
There are 1 faults will be injected in faulttable...
101137 microseconds
Fault on PT_F34(0Xffffffff -> 0Xfffbffff)
3000076 microseconds
timeout
[  2016-10-27 3:3:10]Process 5121 termed with signal 14(SIGALRM)
PT_F34-1_bit_flip-100 Test Num : 85
Inject into ../bin/hello
----- Type : 1_bit_flip Pos : PT_F34 -----
There are 1 faults will be injected in faulttable...
100124 microseconds
Fault on PT_F34(0Xffffffff -> 0X800ffffffff)
3000091 microseconds
timeout
[  2016-10-27 3:3:13]Process 5123 termed with signal 14(SIGALRM)
PT_F34-1_bit_flip-100 Test Num : 86
Inject into ../bin/hello
----- Type : 1_bit_flip Pos : PT_F34 -----
There are 1 faults will be injected in faulttable...
100116 microseconds
Fault on PT_F34(0Xffffffff -> 0Xdfffffff)
3000073 microseconds
timeout
[  2016-10-27 3:3:16]Process 5125 termed with signal 14(SIGALRM)
PT_F34-1_bit_flip-100 Test Num : 87
Inject into ../bin/hello
----- Type : 1_bit_flip Pos : PT_F34 -----
There are 1 faults will be injected in faulttable...
101408 microseconds
Fault on PT_F34(0Xffffffff -> 0Xfffdffff)
3000078 microseconds
timeout
[  2016-10-27 3:3:19]Process 5127 termed with signal 14(SIGALRM)
PT_F34-1_bit_flip-100 Test Num : 88
Inject into ../bin/hello
----- Type : 1_bit_flip Pos : PT_F34 -----
There are 1 faults will be injected in faulttable...
101063 microseconds
Fault on PT_F34(0Xffffffff -> 0Xffefffff)
3000074 microseconds
timeout
[  2016-10-27 3:3:22]Process 5129 termed with signal 14(SIGALRM)
PT_F34-1_bit_flip-100 Test Num : 89
Inject into ../bin/hello
----- Type : 1_bit_flip Pos : PT_F34 -----
There are 1 faults will be injected in faulttable...
101035 microseconds
Fault on PT_F34(0Xffffffff -> 0X1000000ffffffff)
3000076 microseconds
timeout
[  2016-10-27 3:3:25]Process 5131 termed with signal 14(SIGALRM)
PT_F34-1_bit_flip-100 Test Num : 90
Inject into ../bin/hello
----- Type : 1_bit_flip Pos : PT_F34 -----
There are 1 faults will be injected in faulttable...
101032 microseconds
Fault on PT_F34(0Xffffffff -> 0Xfffffbff)
3000076 microseconds
timeout
[  2016-10-27 3:3:28]Process 5133 termed with signal 14(SIGALRM)
PT_F34-1_bit_flip-100 Test Num : 91
Inject into ../bin/hello
----- Type : 1_bit_flip Pos : PT_F34 -----
There are 1 faults will be injected in faulttable...
101101 microseconds
Fault on PT_F34(0Xffffffff -> 0X4000ffffffff)
3000103 microseconds
timeout
[  2016-10-27 3:3:32]Process 5135 termed with signal 14(SIGALRM)
PT_F34-1_bit_flip-100 Test Num : 92
Inject into ../bin/hello
----- Type : 1_bit_flip Pos : PT_F34 -----
There are 1 faults will be injected in faulttable...
101104 microseconds
Fault on PT_F34(0Xffffffff -> 0X20ffffffff)
3000128 microseconds
timeout
[  2016-10-27 3:3:35]Process 5137 termed with signal 14(SIGALRM)
PT_F34-1_bit_flip-100 Test Num : 93
Inject into ../bin/hello
----- Type : 1_bit_flip Pos : PT_F34 -----
There are 1 faults will be injected in faulttable...
101223 microseconds
Fault on PT_F34(0Xffffffff -> 0Xfffffeff)
3000093 microseconds
timeout
[  2016-10-27 3:3:38]Process 5139 termed with signal 14(SIGALRM)
PT_F34-1_bit_flip-100 Test Num : 94
Inject into ../bin/hello
----- Type : 1_bit_flip Pos : PT_F34 -----
There are 1 faults will be injected in faulttable...
101026 microseconds
Fault on PT_F34(0Xffffffff -> 0X1000ffffffff)
3000071 microseconds
timeout
[  2016-10-27 3:3:41]Process 5141 termed with signal 14(SIGALRM)
PT_F34-1_bit_flip-100 Test Num : 95
Inject into ../bin/hello
----- Type : 1_bit_flip Pos : PT_F34 -----
There are 1 faults will be injected in faulttable...
100943 microseconds
Fault on PT_F34(0Xffffffff -> 0X80000ffffffff)
3000108 microseconds
timeout
[  2016-10-27 3:3:44]Process 5143 termed with signal 14(SIGALRM)
PT_F34-1_bit_flip-100 Test Num : 96
Inject into ../bin/hello
----- Type : 1_bit_flip Pos : PT_F34 -----
There are 1 faults will be injected in faulttable...
101225 microseconds
Fault on PT_F34(0Xffffffff -> 0Xffdfffff)
3000081 microseconds
timeout
[  2016-10-27 3:3:47]Process 5145 termed with signal 14(SIGALRM)
PT_F34-1_bit_flip-100 Test Num : 97
Inject into ../bin/hello
----- Type : 1_bit_flip Pos : PT_F34 -----
There are 1 faults will be injected in faulttable...
100066 microseconds
Fault on PT_F34(0Xffffffff -> 0Xbfffffff)
3000110 microseconds
timeout
[  2016-10-27 3:3:50]Process 5147 termed with signal 14(SIGALRM)
PT_F34-1_bit_flip-100 Test Num : 98
Inject into ../bin/hello
----- Type : 1_bit_flip Pos : PT_F34 -----
There are 1 faults will be injected in faulttable...
101108 microseconds
Fault on PT_F34(0Xffffffff -> 0Xdfffffff)
3000074 microseconds
timeout
[  2016-10-27 3:3:53]Process 5149 termed with signal 14(SIGALRM)
PT_F34-1_bit_flip-100 Test Num : 99
Inject into ../bin/hello
----- Type : 1_bit_flip Pos : PT_F34 -----
There are 1 faults will be injected in faulttable...
101019 microseconds
Fault on PT_F34(0Xffffffff -> 0Xff7fffff)
3000071 microseconds
timeout
[  2016-10-27 3:3:56]Process 5151 termed with signal 14(SIGALRM)
PT_F34-1_bit_flip-100 Test Num : 100
Inject into ../bin/hello
----- Type : 1_bit_flip Pos : PT_F34 -----
There are 1 faults will be injected in faulttable...
101028 microseconds
Fault on PT_F34(0Xffffffff -> 0Xffffdfff)
3000105 microseconds
timeout
[   2016-10-27 3:4:0]Process 5153 termed with signal 14(SIGALRM)
