PT_F33-plus_1-100 Test Num : 1
Inject into ../bin/hello
----- Type : plus_1 Pos : PT_F33 -----
There are 1 faults will be injected in faulttable...
100960 microseconds
Fault on PT_F33(0X1 -> 0X2)
3000100 microseconds
timeout
[ 2016-10-27 2:32:55]Process 3919 termed with signal 14(SIGALRM)
PT_F33-plus_1-100 Test Num : 2
Inject into ../bin/hello
----- Type : plus_1 Pos : PT_F33 -----
There are 1 faults will be injected in faulttable...
100075 microseconds
Fault on PT_F33(0X1 -> 0X2)
3000109 microseconds
timeout
[ 2016-10-27 2:32:58]Process 3921 termed with signal 14(SIGALRM)
PT_F33-plus_1-100 Test Num : 3
Inject into ../bin/hello
----- Type : plus_1 Pos : PT_F33 -----
There are 1 faults will be injected in faulttable...
101158 microseconds
Fault on PT_F33(0X1 -> 0X2)
3000073 microseconds
timeout
[  2016-10-27 2:33:1]Process 3923 termed with signal 14(SIGALRM)
PT_F33-plus_1-100 Test Num : 4
Inject into ../bin/hello
----- Type : plus_1 Pos : PT_F33 -----
There are 1 faults will be injected in faulttable...
101249 microseconds
Fault on PT_F33(0X1 -> 0X2)
3000136 microseconds
timeout
[  2016-10-27 2:33:4]Process 3925 termed with signal 14(SIGALRM)
PT_F33-plus_1-100 Test Num : 5
Inject into ../bin/hello
----- Type : plus_1 Pos : PT_F33 -----
There are 1 faults will be injected in faulttable...
101224 microseconds
Fault on PT_F33(0X1 -> 0X2)
3000136 microseconds
timeout
[  2016-10-27 2:33:7]Process 3927 termed with signal 14(SIGALRM)
PT_F33-plus_1-100 Test Num : 6
Inject into ../bin/hello
----- Type : plus_1 Pos : PT_F33 -----
There are 1 faults will be injected in faulttable...
101469 microseconds
Fault on PT_F33(0X1 -> 0X2)
3000130 microseconds
timeout
[ 2016-10-27 2:33:11]Process 3929 termed with signal 14(SIGALRM)
PT_F33-plus_1-100 Test Num : 7
Inject into ../bin/hello
----- Type : plus_1 Pos : PT_F33 -----
There are 1 faults will be injected in faulttable...
101426 microseconds
Fault on PT_F33(0X1 -> 0X2)
3000105 microseconds
timeout
[ 2016-10-27 2:33:14]Process 3931 termed with signal 14(SIGALRM)
PT_F33-plus_1-100 Test Num : 8
Inject into ../bin/hello
----- Type : plus_1 Pos : PT_F33 -----
There are 1 faults will be injected in faulttable...
101338 microseconds
Fault on PT_F33(0X1 -> 0X2)
3000073 microseconds
timeout
[ 2016-10-27 2:33:17]Process 3933 termed with signal 14(SIGALRM)
PT_F33-plus_1-100 Test Num : 9
Inject into ../bin/hello
----- Type : plus_1 Pos : PT_F33 -----
There are 1 faults will be injected in faulttable...
101041 microseconds
Fault on PT_F33(0X1 -> 0X2)
3000144 microseconds
timeout
[ 2016-10-27 2:33:20]Process 3940 termed with signal 14(SIGALRM)
PT_F33-plus_1-100 Test Num : 10
Inject into ../bin/hello
----- Type : plus_1 Pos : PT_F33 -----
There are 1 faults will be injected in faulttable...
101671 microseconds
Fault on PT_F33(0X1 -> 0X2)
3000073 microseconds
timeout
[ 2016-10-27 2:33:23]Process 3942 termed with signal 14(SIGALRM)
PT_F33-plus_1-100 Test Num : 11
Inject into ../bin/hello
----- Type : plus_1 Pos : PT_F33 -----
There are 1 faults will be injected in faulttable...
100165 microseconds
Fault on PT_F33(0X1 -> 0X2)
3000070 microseconds
timeout
[ 2016-10-27 2:33:26]Process 3944 termed with signal 14(SIGALRM)
PT_F33-plus_1-100 Test Num : 12
Inject into ../bin/hello
----- Type : plus_1 Pos : PT_F33 -----
There are 1 faults will be injected in faulttable...
100067 microseconds
Fault on PT_F33(0X1 -> 0X2)
3000103 microseconds
timeout
[ 2016-10-27 2:33:29]Process 3946 termed with signal 14(SIGALRM)
PT_F33-plus_1-100 Test Num : 13
Inject into ../bin/hello
----- Type : plus_1 Pos : PT_F33 -----
There are 1 faults will be injected in faulttable...
101293 microseconds
Fault on PT_F33(0X1 -> 0X2)
3000091 microseconds
timeout
[ 2016-10-27 2:33:32]Process 3948 termed with signal 14(SIGALRM)
PT_F33-plus_1-100 Test Num : 14
Inject into ../bin/hello
----- Type : plus_1 Pos : PT_F33 -----
There are 1 faults will be injected in faulttable...
101139 microseconds
Fault on PT_F33(0X1 -> 0X2)
3000083 microseconds
timeout
[ 2016-10-27 2:33:35]Process 3950 termed with signal 14(SIGALRM)
PT_F33-plus_1-100 Test Num : 15
Inject into ../bin/hello
----- Type : plus_1 Pos : PT_F33 -----
There are 1 faults will be injected in faulttable...
101150 microseconds
Fault on PT_F33(0X1 -> 0X2)
3000094 microseconds
timeout
[ 2016-10-27 2:33:39]Process 3952 termed with signal 14(SIGALRM)
PT_F33-plus_1-100 Test Num : 16
Inject into ../bin/hello
----- Type : plus_1 Pos : PT_F33 -----
There are 1 faults will be injected in faulttable...
100103 microseconds
Fault on PT_F33(0X1 -> 0X2)
3000073 microseconds
timeout
[ 2016-10-27 2:33:42]Process 3954 termed with signal 14(SIGALRM)
PT_F33-plus_1-100 Test Num : 17
Inject into ../bin/hello
----- Type : plus_1 Pos : PT_F33 -----
There are 1 faults will be injected in faulttable...
101230 microseconds
Fault on PT_F33(0X1 -> 0X2)
3000140 microseconds
timeout
[ 2016-10-27 2:33:45]Process 3956 termed with signal 14(SIGALRM)
PT_F33-plus_1-100 Test Num : 18
Inject into ../bin/hello
----- Type : plus_1 Pos : PT_F33 -----
There are 1 faults will be injected in faulttable...
101357 microseconds
Fault on PT_F33(0X1 -> 0X2)
3000088 microseconds
timeout
[ 2016-10-27 2:33:48]Process 3958 termed with signal 14(SIGALRM)
PT_F33-plus_1-100 Test Num : 19
Inject into ../bin/hello
----- Type : plus_1 Pos : PT_F33 -----
There are 1 faults will be injected in faulttable...
101195 microseconds
Fault on PT_F33(0X1 -> 0X2)
3000080 microseconds
timeout
[ 2016-10-27 2:33:51]Process 3960 termed with signal 14(SIGALRM)
PT_F33-plus_1-100 Test Num : 20
Inject into ../bin/hello
----- Type : plus_1 Pos : PT_F33 -----
There are 1 faults will be injected in faulttable...
101163 microseconds
Fault on PT_F33(0X1 -> 0X2)
3000073 microseconds
timeout
[ 2016-10-27 2:33:54]Process 3962 termed with signal 14(SIGALRM)
PT_F33-plus_1-100 Test Num : 21
Inject into ../bin/hello
----- Type : plus_1 Pos : PT_F33 -----
There are 1 faults will be injected in faulttable...
101066 microseconds
Fault on PT_F33(0X1 -> 0X2)
3000142 microseconds
timeout
[ 2016-10-27 2:33:57]Process 3964 termed with signal 14(SIGALRM)
PT_F33-plus_1-100 Test Num : 22
Inject into ../bin/hello
----- Type : plus_1 Pos : PT_F33 -----
There are 1 faults will be injected in faulttable...
101153 microseconds
Fault on PT_F33(0X1 -> 0X2)
3000091 microseconds
timeout
[  2016-10-27 2:34:0]Process 3966 termed with signal 14(SIGALRM)
PT_F33-plus_1-100 Test Num : 23
Inject into ../bin/hello
----- Type : plus_1 Pos : PT_F33 -----
There are 1 faults will be injected in faulttable...
100962 microseconds
Fault on PT_F33(0X1 -> 0X2)
3000066 microseconds
timeout
[  2016-10-27 2:34:3]Process 3968 termed with signal 14(SIGALRM)
PT_F33-plus_1-100 Test Num : 24
Inject into ../bin/hello
----- Type : plus_1 Pos : PT_F33 -----
There are 1 faults will be injected in faulttable...
100099 microseconds
Fault on PT_F33(0X1 -> 0X2)
3000111 microseconds
timeout
[  2016-10-27 2:34:7]Process 3970 termed with signal 14(SIGALRM)
PT_F33-plus_1-100 Test Num : 25
Inject into ../bin/hello
----- Type : plus_1 Pos : PT_F33 -----
There are 1 faults will be injected in faulttable...
101552 microseconds
Fault on PT_F33(0X1 -> 0X2)
3000122 microseconds
timeout
[ 2016-10-27 2:34:10]Process 3972 termed with signal 14(SIGALRM)
PT_F33-plus_1-100 Test Num : 26
Inject into ../bin/hello
----- Type : plus_1 Pos : PT_F33 -----
There are 1 faults will be injected in faulttable...
101357 microseconds
Fault on PT_F33(0X1 -> 0X2)
3000115 microseconds
timeout
[ 2016-10-27 2:34:13]Process 3974 termed with signal 14(SIGALRM)
PT_F33-plus_1-100 Test Num : 27
Inject into ../bin/hello
----- Type : plus_1 Pos : PT_F33 -----
There are 1 faults will be injected in faulttable...
101522 microseconds
Fault on PT_F33(0X1 -> 0X2)
3000131 microseconds
timeout
[ 2016-10-27 2:34:16]Process 3976 termed with signal 14(SIGALRM)
PT_F33-plus_1-100 Test Num : 28
Inject into ../bin/hello
----- Type : plus_1 Pos : PT_F33 -----
There are 1 faults will be injected in faulttable...
101647 microseconds
Fault on PT_F33(0X1 -> 0X2)
3000102 microseconds
timeout
[ 2016-10-27 2:34:19]Process 3978 termed with signal 14(SIGALRM)
PT_F33-plus_1-100 Test Num : 29
Inject into ../bin/hello
----- Type : plus_1 Pos : PT_F33 -----
There are 1 faults will be injected in faulttable...
100077 microseconds
Fault on PT_F33(0X1 -> 0X2)
3000131 microseconds
timeout
[ 2016-10-27 2:34:22]Process 3980 termed with signal 14(SIGALRM)
PT_F33-plus_1-100 Test Num : 30
Inject into ../bin/hello
----- Type : plus_1 Pos : PT_F33 -----
There are 1 faults will be injected in faulttable...
101043 microseconds
Fault on PT_F33(0X1 -> 0X2)
3000071 microseconds
timeout
[ 2016-10-27 2:34:25]Process 3982 termed with signal 14(SIGALRM)
PT_F33-plus_1-100 Test Num : 31
Inject into ../bin/hello
----- Type : plus_1 Pos : PT_F33 -----
There are 1 faults will be injected in faulttable...
101207 microseconds
Fault on PT_F33(0X1 -> 0X2)
3000072 microseconds
timeout
[ 2016-10-27 2:34:28]Process 3984 termed with signal 14(SIGALRM)
PT_F33-plus_1-100 Test Num : 32
Inject into ../bin/hello
----- Type : plus_1 Pos : PT_F33 -----
There are 1 faults will be injected in faulttable...
101948 microseconds
Fault on PT_F33(0X1 -> 0X2)
3000062 microseconds
timeout
[ 2016-10-27 2:34:31]Process 3987 termed with signal 14(SIGALRM)
PT_F33-plus_1-100 Test Num : 33
Inject into ../bin/hello
----- Type : plus_1 Pos : PT_F33 -----
There are 1 faults will be injected in faulttable...
100107 microseconds
Fault on PT_F33(0X1 -> 0X2)
3000133 microseconds
timeout
[ 2016-10-27 2:34:35]Process 3989 termed with signal 14(SIGALRM)
PT_F33-plus_1-100 Test Num : 34
Inject into ../bin/hello
----- Type : plus_1 Pos : PT_F33 -----
There are 1 faults will be injected in faulttable...
101071 microseconds
Fault on PT_F33(0X1 -> 0X2)
3000154 microseconds
timeout
[ 2016-10-27 2:34:38]Process 3991 termed with signal 14(SIGALRM)
PT_F33-plus_1-100 Test Num : 35
Inject into ../bin/hello
----- Type : plus_1 Pos : PT_F33 -----
There are 1 faults will be injected in faulttable...
101193 microseconds
Fault on PT_F33(0X1 -> 0X2)
3000144 microseconds
timeout
[ 2016-10-27 2:34:41]Process 3993 termed with signal 14(SIGALRM)
PT_F33-plus_1-100 Test Num : 36
Inject into ../bin/hello
----- Type : plus_1 Pos : PT_F33 -----
There are 1 faults will be injected in faulttable...
101311 microseconds
Fault on PT_F33(0X1 -> 0X2)
3000107 microseconds
timeout
[ 2016-10-27 2:34:44]Process 3995 termed with signal 14(SIGALRM)
PT_F33-plus_1-100 Test Num : 37
Inject into ../bin/hello
----- Type : plus_1 Pos : PT_F33 -----
There are 1 faults will be injected in faulttable...
101303 microseconds
Fault on PT_F33(0X1 -> 0X2)
3000059 microseconds
timeout
[ 2016-10-27 2:34:47]Process 3997 termed with signal 14(SIGALRM)
PT_F33-plus_1-100 Test Num : 38
Inject into ../bin/hello
----- Type : plus_1 Pos : PT_F33 -----
There are 1 faults will be injected in faulttable...
101483 microseconds
Fault on PT_F33(0X1 -> 0X2)
3000129 microseconds
timeout
[ 2016-10-27 2:34:50]Process 3999 termed with signal 14(SIGALRM)
PT_F33-plus_1-100 Test Num : 39
Inject into ../bin/hello
----- Type : plus_1 Pos : PT_F33 -----
There are 1 faults will be injected in faulttable...
101232 microseconds
Fault on PT_F33(0X1 -> 0X2)
3000111 microseconds
timeout
[ 2016-10-27 2:34:53]Process 4001 termed with signal 14(SIGALRM)
PT_F33-plus_1-100 Test Num : 40
Inject into ../bin/hello
----- Type : plus_1 Pos : PT_F33 -----
There are 1 faults will be injected in faulttable...
101315 microseconds
Fault on PT_F33(0X1 -> 0X2)
3000114 microseconds
timeout
[ 2016-10-27 2:34:56]Process 4003 termed with signal 14(SIGALRM)
PT_F33-plus_1-100 Test Num : 41
Inject into ../bin/hello
----- Type : plus_1 Pos : PT_F33 -----
There are 1 faults will be injected in faulttable...
100109 microseconds
Fault on PT_F33(0X1 -> 0X2)
3000103 microseconds
timeout
[ 2016-10-27 2:34:59]Process 4005 termed with signal 14(SIGALRM)
PT_F33-plus_1-100 Test Num : 42
Inject into ../bin/hello
----- Type : plus_1 Pos : PT_F33 -----
There are 1 faults will be injected in faulttable...
100091 microseconds
Fault on PT_F33(0X1 -> 0X2)
3000077 microseconds
timeout
[  2016-10-27 2:35:3]Process 4007 termed with signal 14(SIGALRM)
PT_F33-plus_1-100 Test Num : 43
Inject into ../bin/hello
----- Type : plus_1 Pos : PT_F33 -----
There are 1 faults will be injected in faulttable...
101559 microseconds
Fault on PT_F33(0X1 -> 0X2)
3000084 microseconds
timeout
[  2016-10-27 2:35:6]Process 4009 termed with signal 14(SIGALRM)
PT_F33-plus_1-100 Test Num : 44
Inject into ../bin/hello
----- Type : plus_1 Pos : PT_F33 -----
There are 1 faults will be injected in faulttable...
101098 microseconds
Fault on PT_F33(0X1 -> 0X2)
3000134 microseconds
timeout
[  2016-10-27 2:35:9]Process 4011 termed with signal 14(SIGALRM)
PT_F33-plus_1-100 Test Num : 45
Inject into ../bin/hello
----- Type : plus_1 Pos : PT_F33 -----
There are 1 faults will be injected in faulttable...
100201 microseconds
Fault on PT_F33(0X1 -> 0X2)
3000129 microseconds
timeout
[ 2016-10-27 2:35:12]Process 4013 termed with signal 14(SIGALRM)
PT_F33-plus_1-100 Test Num : 46
Inject into ../bin/hello
----- Type : plus_1 Pos : PT_F33 -----
There are 1 faults will be injected in faulttable...
101228 microseconds
Fault on PT_F33(0X1 -> 0X2)
3000078 microseconds
timeout
[ 2016-10-27 2:35:15]Process 4015 termed with signal 14(SIGALRM)
PT_F33-plus_1-100 Test Num : 47
Inject into ../bin/hello
----- Type : plus_1 Pos : PT_F33 -----
There are 1 faults will be injected in faulttable...
100082 microseconds
Fault on PT_F33(0X1 -> 0X2)
3000149 microseconds
timeout
[ 2016-10-27 2:35:18]Process 4017 termed with signal 14(SIGALRM)
PT_F33-plus_1-100 Test Num : 48
Inject into ../bin/hello
----- Type : plus_1 Pos : PT_F33 -----
There are 1 faults will be injected in faulttable...
101149 microseconds
Fault on PT_F33(0X1 -> 0X2)
3000094 microseconds
timeout
[ 2016-10-27 2:35:21]Process 4019 termed with signal 14(SIGALRM)
PT_F33-plus_1-100 Test Num : 49
Inject into ../bin/hello
----- Type : plus_1 Pos : PT_F33 -----
There are 1 faults will be injected in faulttable...
100983 microseconds
Fault on PT_F33(0X1 -> 0X2)
3000063 microseconds
timeout
[ 2016-10-27 2:35:24]Process 4021 termed with signal 14(SIGALRM)
PT_F33-plus_1-100 Test Num : 50
Inject into ../bin/hello
----- Type : plus_1 Pos : PT_F33 -----
There are 1 faults will be injected in faulttable...
101250 microseconds
Fault on PT_F33(0X1 -> 0X2)
3000085 microseconds
timeout
[ 2016-10-27 2:35:28]Process 4023 termed with signal 14(SIGALRM)
PT_F33-plus_1-100 Test Num : 51
Inject into ../bin/hello
----- Type : plus_1 Pos : PT_F33 -----
There are 1 faults will be injected in faulttable...
101085 microseconds
Fault on PT_F33(0X1 -> 0X2)
3000070 microseconds
timeout
[ 2016-10-27 2:35:31]Process 4025 termed with signal 14(SIGALRM)
PT_F33-plus_1-100 Test Num : 52
Inject into ../bin/hello
----- Type : plus_1 Pos : PT_F33 -----
There are 1 faults will be injected in faulttable...
100100 microseconds
Fault on PT_F33(0X1 -> 0X2)
3000088 microseconds
timeout
[ 2016-10-27 2:35:34]Process 4027 termed with signal 14(SIGALRM)
PT_F33-plus_1-100 Test Num : 53
Inject into ../bin/hello
----- Type : plus_1 Pos : PT_F33 -----
There are 1 faults will be injected in faulttable...
100074 microseconds
Fault on PT_F33(0X1 -> 0X2)
3000120 microseconds
timeout
[ 2016-10-27 2:35:37]Process 4029 termed with signal 14(SIGALRM)
PT_F33-plus_1-100 Test Num : 54
Inject into ../bin/hello
----- Type : plus_1 Pos : PT_F33 -----
There are 1 faults will be injected in faulttable...
101258 microseconds
Fault on PT_F33(0X1 -> 0X2)
3000060 microseconds
timeout
[ 2016-10-27 2:35:40]Process 4031 termed with signal 14(SIGALRM)
PT_F33-plus_1-100 Test Num : 55
Inject into ../bin/hello
----- Type : plus_1 Pos : PT_F33 -----
There are 1 faults will be injected in faulttable...
100957 microseconds
Fault on PT_F33(0X1 -> 0X2)
3000099 microseconds
timeout
[ 2016-10-27 2:35:43]Process 4033 termed with signal 14(SIGALRM)
PT_F33-plus_1-100 Test Num : 56
Inject into ../bin/hello
----- Type : plus_1 Pos : PT_F33 -----
There are 1 faults will be injected in faulttable...
101141 microseconds
Fault on PT_F33(0X1 -> 0X2)
3000095 microseconds
timeout
[ 2016-10-27 2:35:46]Process 4035 termed with signal 14(SIGALRM)
PT_F33-plus_1-100 Test Num : 57
Inject into ../bin/hello
----- Type : plus_1 Pos : PT_F33 -----
There are 1 faults will be injected in faulttable...
100152 microseconds
Fault on PT_F33(0X1 -> 0X2)
3000150 microseconds
timeout
[ 2016-10-27 2:35:49]Process 4037 termed with signal 14(SIGALRM)
PT_F33-plus_1-100 Test Num : 58
Inject into ../bin/hello
----- Type : plus_1 Pos : PT_F33 -----
There are 1 faults will be injected in faulttable...
101504 microseconds
Fault on PT_F33(0X1 -> 0X2)
3000057 microseconds
timeout
[ 2016-10-27 2:35:52]Process 4039 termed with signal 14(SIGALRM)
PT_F33-plus_1-100 Test Num : 59
Inject into ../bin/hello
----- Type : plus_1 Pos : PT_F33 -----
There are 1 faults will be injected in faulttable...
101221 microseconds
Fault on PT_F33(0X1 -> 0X2)
3000090 microseconds
timeout
[ 2016-10-27 2:35:56]Process 4041 termed with signal 14(SIGALRM)
PT_F33-plus_1-100 Test Num : 60
Inject into ../bin/hello
----- Type : plus_1 Pos : PT_F33 -----
There are 1 faults will be injected in faulttable...
101083 microseconds
Fault on PT_F33(0X1 -> 0X2)
3000095 microseconds
timeout
[ 2016-10-27 2:35:59]Process 4043 termed with signal 14(SIGALRM)
PT_F33-plus_1-100 Test Num : 61
Inject into ../bin/hello
----- Type : plus_1 Pos : PT_F33 -----
There are 1 faults will be injected in faulttable...
101572 microseconds
Fault on PT_F33(0X1 -> 0X2)
3000123 microseconds
timeout
[  2016-10-27 2:36:2]Process 4045 termed with signal 14(SIGALRM)
PT_F33-plus_1-100 Test Num : 62
Inject into ../bin/hello
----- Type : plus_1 Pos : PT_F33 -----
There are 1 faults will be injected in faulttable...
100982 microseconds
Fault on PT_F33(0X1 -> 0X2)
3000110 microseconds
timeout
[  2016-10-27 2:36:5]Process 4047 termed with signal 14(SIGALRM)
PT_F33-plus_1-100 Test Num : 63
Inject into ../bin/hello
----- Type : plus_1 Pos : PT_F33 -----
There are 1 faults will be injected in faulttable...
100275 microseconds
Fault on PT_F33(0X1 -> 0X2)
3000100 microseconds
timeout
[  2016-10-27 2:36:8]Process 4049 termed with signal 14(SIGALRM)
PT_F33-plus_1-100 Test Num : 64
Inject into ../bin/hello
----- Type : plus_1 Pos : PT_F33 -----
There are 1 faults will be injected in faulttable...
100085 microseconds
Fault on PT_F33(0X1 -> 0X2)
3000124 microseconds
timeout
[ 2016-10-27 2:36:11]Process 4051 termed with signal 14(SIGALRM)
PT_F33-plus_1-100 Test Num : 65
Inject into ../bin/hello
----- Type : plus_1 Pos : PT_F33 -----
There are 1 faults will be injected in faulttable...
101782 microseconds
Fault on PT_F33(0X1 -> 0X2)
3000120 microseconds
timeout
[ 2016-10-27 2:36:14]Process 4053 termed with signal 14(SIGALRM)
PT_F33-plus_1-100 Test Num : 66
Inject into ../bin/hello
----- Type : plus_1 Pos : PT_F33 -----
There are 1 faults will be injected in faulttable...
101237 microseconds
Fault on PT_F33(0X1 -> 0X2)
3000126 microseconds
timeout
[ 2016-10-27 2:36:17]Process 4055 termed with signal 14(SIGALRM)
PT_F33-plus_1-100 Test Num : 67
Inject into ../bin/hello
----- Type : plus_1 Pos : PT_F33 -----
There are 1 faults will be injected in faulttable...
101488 microseconds
Fault on PT_F33(0X1 -> 0X2)
3000070 microseconds
timeout
[ 2016-10-27 2:36:20]Process 4057 termed with signal 14(SIGALRM)
PT_F33-plus_1-100 Test Num : 68
Inject into ../bin/hello
----- Type : plus_1 Pos : PT_F33 -----
There are 1 faults will be injected in faulttable...
101119 microseconds
Fault on PT_F33(0X1 -> 0X2)
3000097 microseconds
timeout
[ 2016-10-27 2:36:24]Process 4059 termed with signal 14(SIGALRM)
PT_F33-plus_1-100 Test Num : 69
Inject into ../bin/hello
----- Type : plus_1 Pos : PT_F33 -----
There are 1 faults will be injected in faulttable...
100097 microseconds
Fault on PT_F33(0X1 -> 0X2)
3000112 microseconds
timeout
[ 2016-10-27 2:36:27]Process 4061 termed with signal 14(SIGALRM)
PT_F33-plus_1-100 Test Num : 70
Inject into ../bin/hello
----- Type : plus_1 Pos : PT_F33 -----
There are 1 faults will be injected in faulttable...
101222 microseconds
Fault on PT_F33(0X1 -> 0X2)
3000079 microseconds
timeout
[ 2016-10-27 2:36:30]Process 4063 termed with signal 14(SIGALRM)
PT_F33-plus_1-100 Test Num : 71
Inject into ../bin/hello
----- Type : plus_1 Pos : PT_F33 -----
There are 1 faults will be injected in faulttable...
101408 microseconds
Fault on PT_F33(0X1 -> 0X2)
3000117 microseconds
timeout
[ 2016-10-27 2:36:33]Process 4065 termed with signal 14(SIGALRM)
PT_F33-plus_1-100 Test Num : 72
Inject into ../bin/hello
----- Type : plus_1 Pos : PT_F33 -----
There are 1 faults will be injected in faulttable...
101052 microseconds
Fault on PT_F33(0X1 -> 0X2)
3000082 microseconds
timeout
[ 2016-10-27 2:36:36]Process 4067 termed with signal 14(SIGALRM)
PT_F33-plus_1-100 Test Num : 73
Inject into ../bin/hello
----- Type : plus_1 Pos : PT_F33 -----
There are 1 faults will be injected in faulttable...
100094 microseconds
Fault on PT_F33(0X1 -> 0X2)
3000126 microseconds
timeout
[ 2016-10-27 2:36:39]Process 4069 termed with signal 14(SIGALRM)
PT_F33-plus_1-100 Test Num : 74
Inject into ../bin/hello
----- Type : plus_1 Pos : PT_F33 -----
There are 1 faults will be injected in faulttable...
101243 microseconds
Fault on PT_F33(0X1 -> 0X2)
3000138 microseconds
timeout
[ 2016-10-27 2:36:42]Process 4071 termed with signal 14(SIGALRM)
PT_F33-plus_1-100 Test Num : 75
Inject into ../bin/hello
----- Type : plus_1 Pos : PT_F33 -----
There are 1 faults will be injected in faulttable...
101403 microseconds
Fault on PT_F33(0X1 -> 0X2)
3000118 microseconds
timeout
[ 2016-10-27 2:36:45]Process 4073 termed with signal 14(SIGALRM)
PT_F33-plus_1-100 Test Num : 76
Inject into ../bin/hello
----- Type : plus_1 Pos : PT_F33 -----
There are 1 faults will be injected in faulttable...
101405 microseconds
Fault on PT_F33(0X1 -> 0X2)
3000068 microseconds
timeout
[ 2016-10-27 2:36:48]Process 4075 termed with signal 14(SIGALRM)
PT_F33-plus_1-100 Test Num : 77
Inject into ../bin/hello
----- Type : plus_1 Pos : PT_F33 -----
There are 1 faults will be injected in faulttable...
100124 microseconds
Fault on PT_F33(0X1 -> 0X2)
3000146 microseconds
timeout
[ 2016-10-27 2:36:52]Process 4077 termed with signal 14(SIGALRM)
PT_F33-plus_1-100 Test Num : 78
Inject into ../bin/hello
----- Type : plus_1 Pos : PT_F33 -----
There are 1 faults will be injected in faulttable...
101243 microseconds
Fault on PT_F33(0X1 -> 0X2)
3000078 microseconds
timeout
[ 2016-10-27 2:36:55]Process 4079 termed with signal 14(SIGALRM)
PT_F33-plus_1-100 Test Num : 79
Inject into ../bin/hello
----- Type : plus_1 Pos : PT_F33 -----
There are 1 faults will be injected in faulttable...
101312 microseconds
Fault on PT_F33(0X1 -> 0X2)
3000102 microseconds
timeout
[ 2016-10-27 2:36:58]Process 4081 termed with signal 14(SIGALRM)
PT_F33-plus_1-100 Test Num : 80
Inject into ../bin/hello
----- Type : plus_1 Pos : PT_F33 -----
There are 1 faults will be injected in faulttable...
100992 microseconds
Fault on PT_F33(0X1 -> 0X2)
3000088 microseconds
timeout
[  2016-10-27 2:37:1]Process 4083 termed with signal 14(SIGALRM)
PT_F33-plus_1-100 Test Num : 81
Inject into ../bin/hello
----- Type : plus_1 Pos : PT_F33 -----
There are 1 faults will be injected in faulttable...
100083 microseconds
Fault on PT_F33(0X1 -> 0X2)
3000109 microseconds
timeout
[  2016-10-27 2:37:4]Process 4085 termed with signal 14(SIGALRM)
PT_F33-plus_1-100 Test Num : 82
Inject into ../bin/hello
----- Type : plus_1 Pos : PT_F33 -----
There are 1 faults will be injected in faulttable...
100289 microseconds
Fault on PT_F33(0X1 -> 0X2)
3000125 microseconds
timeout
[  2016-10-27 2:37:7]Process 4087 termed with signal 14(SIGALRM)
PT_F33-plus_1-100 Test Num : 83
Inject into ../bin/hello
----- Type : plus_1 Pos : PT_F33 -----
There are 1 faults will be injected in faulttable...
100094 microseconds
Fault on PT_F33(0X1 -> 0X2)
3000101 microseconds
timeout
[ 2016-10-27 2:37:10]Process 4089 termed with signal 14(SIGALRM)
PT_F33-plus_1-100 Test Num : 84
Inject into ../bin/hello
----- Type : plus_1 Pos : PT_F33 -----
There are 1 faults will be injected in faulttable...
101488 microseconds
Fault on PT_F33(0X1 -> 0X2)
3000068 microseconds
timeout
[ 2016-10-27 2:37:13]Process 4091 termed with signal 14(SIGALRM)
PT_F33-plus_1-100 Test Num : 85
Inject into ../bin/hello
----- Type : plus_1 Pos : PT_F33 -----
There are 1 faults will be injected in faulttable...
101056 microseconds
Fault on PT_F33(0X1 -> 0X2)
3000117 microseconds
timeout
[ 2016-10-27 2:37:16]Process 4093 termed with signal 14(SIGALRM)
PT_F33-plus_1-100 Test Num : 86
Inject into ../bin/hello
----- Type : plus_1 Pos : PT_F33 -----
There are 1 faults will be injected in faulttable...
100102 microseconds
Fault on PT_F33(0X1 -> 0X2)
3000091 microseconds
timeout
[ 2016-10-27 2:37:20]Process 4095 termed with signal 14(SIGALRM)
PT_F33-plus_1-100 Test Num : 87
Inject into ../bin/hello
----- Type : plus_1 Pos : PT_F33 -----
There are 1 faults will be injected in faulttable...
101114 microseconds
Fault on PT_F33(0X1 -> 0X2)
3000123 microseconds
timeout
[ 2016-10-27 2:37:23]Process 4097 termed with signal 14(SIGALRM)
PT_F33-plus_1-100 Test Num : 88
Inject into ../bin/hello
----- Type : plus_1 Pos : PT_F33 -----
There are 1 faults will be injected in faulttable...
101241 microseconds
Fault on PT_F33(0X1 -> 0X2)
3000067 microseconds
timeout
[ 2016-10-27 2:37:26]Process 4099 termed with signal 14(SIGALRM)
PT_F33-plus_1-100 Test Num : 89
Inject into ../bin/hello
----- Type : plus_1 Pos : PT_F33 -----
There are 1 faults will be injected in faulttable...
101069 microseconds
Fault on PT_F33(0X1 -> 0X2)
3000089 microseconds
timeout
[ 2016-10-27 2:37:29]Process 4101 termed with signal 14(SIGALRM)
PT_F33-plus_1-100 Test Num : 90
Inject into ../bin/hello
----- Type : plus_1 Pos : PT_F33 -----
There are 1 faults will be injected in faulttable...
101261 microseconds
Fault on PT_F33(0X1 -> 0X2)
3000109 microseconds
timeout
[ 2016-10-27 2:37:32]Process 4103 termed with signal 14(SIGALRM)
PT_F33-plus_1-100 Test Num : 91
Inject into ../bin/hello
----- Type : plus_1 Pos : PT_F33 -----
There are 1 faults will be injected in faulttable...
101392 microseconds
Fault on PT_F33(0X1 -> 0X2)
3000119 microseconds
timeout
[ 2016-10-27 2:37:35]Process 4105 termed with signal 14(SIGALRM)
PT_F33-plus_1-100 Test Num : 92
Inject into ../bin/hello
----- Type : plus_1 Pos : PT_F33 -----
There are 1 faults will be injected in faulttable...
101223 microseconds
Fault on PT_F33(0X1 -> 0X2)
3000104 microseconds
timeout
[ 2016-10-27 2:37:38]Process 4107 termed with signal 14(SIGALRM)
PT_F33-plus_1-100 Test Num : 93
Inject into ../bin/hello
----- Type : plus_1 Pos : PT_F33 -----
There are 1 faults will be injected in faulttable...
101139 microseconds
Fault on PT_F33(0X1 -> 0X2)
3000102 microseconds
timeout
[ 2016-10-27 2:37:41]Process 4109 termed with signal 14(SIGALRM)
PT_F33-plus_1-100 Test Num : 94
Inject into ../bin/hello
----- Type : plus_1 Pos : PT_F33 -----
There are 1 faults will be injected in faulttable...
101275 microseconds
Fault on PT_F33(0X1 -> 0X2)
3000073 microseconds
timeout
[ 2016-10-27 2:37:44]Process 4111 termed with signal 14(SIGALRM)
PT_F33-plus_1-100 Test Num : 95
Inject into ../bin/hello
----- Type : plus_1 Pos : PT_F33 -----
There are 1 faults will be injected in faulttable...
100948 microseconds
Fault on PT_F33(0X1 -> 0X2)
3000098 microseconds
timeout
[ 2016-10-27 2:37:48]Process 4113 termed with signal 14(SIGALRM)
PT_F33-plus_1-100 Test Num : 96
Inject into ../bin/hello
----- Type : plus_1 Pos : PT_F33 -----
There are 1 faults will be injected in faulttable...
101047 microseconds
Fault on PT_F33(0X1 -> 0X2)
3000075 microseconds
timeout
[ 2016-10-27 2:37:51]Process 4115 termed with signal 14(SIGALRM)
PT_F33-plus_1-100 Test Num : 97
Inject into ../bin/hello
----- Type : plus_1 Pos : PT_F33 -----
There are 1 faults will be injected in faulttable...
101132 microseconds
Fault on PT_F33(0X1 -> 0X2)
3000137 microseconds
timeout
[ 2016-10-27 2:37:54]Process 4117 termed with signal 14(SIGALRM)
PT_F33-plus_1-100 Test Num : 98
Inject into ../bin/hello
----- Type : plus_1 Pos : PT_F33 -----
There are 1 faults will be injected in faulttable...
101361 microseconds
Fault on PT_F33(0X1 -> 0X2)
3000099 microseconds
timeout
[ 2016-10-27 2:37:57]Process 4119 termed with signal 14(SIGALRM)
PT_F33-plus_1-100 Test Num : 99
Inject into ../bin/hello
----- Type : plus_1 Pos : PT_F33 -----
There are 1 faults will be injected in faulttable...
101280 microseconds
Fault on PT_F33(0X1 -> 0X2)
3000065 microseconds
timeout
[  2016-10-27 2:38:0]Process 4121 termed with signal 14(SIGALRM)
PT_F33-plus_1-100 Test Num : 100
Inject into ../bin/hello
----- Type : plus_1 Pos : PT_F33 -----
There are 1 faults will be injected in faulttable...
101010 microseconds
Fault on PT_F33(0X1 -> 0X2)
3000072 microseconds
timeout
[  2016-10-27 2:38:3]Process 4123 termed with signal 14(SIGALRM)
