PT_F33-1_bit_flip-100 Test Num : 1
Inject into ../bin/hello
----- Type : 1_bit_flip Pos : PT_F33 -----
There are 1 faults will be injected in faulttable...
100172 microseconds
Fault on PT_F33(0X1 -> 0X400000000000001)
3000093 microseconds
timeout
[ 2016-10-27 1:46:13]Process 2081 termed with signal 14(SIGALRM)
PT_F33-1_bit_flip-100 Test Num : 2
Inject into ../bin/hello
----- Type : 1_bit_flip Pos : PT_F33 -----
There are 1 faults will be injected in faulttable...
101280 microseconds
Fault on PT_F33(0X1 -> 0X20000000001)
3000087 microseconds
timeout
[ 2016-10-27 1:46:16]Process 2083 termed with signal 14(SIGALRM)
PT_F33-1_bit_flip-100 Test Num : 3
Inject into ../bin/hello
----- Type : 1_bit_flip Pos : PT_F33 -----
There are 1 faults will be injected in faulttable...
101327 microseconds
Fault on PT_F33(0X1 -> 0X3)
3000122 microseconds
timeout
[ 2016-10-27 1:46:19]Process 2085 termed with signal 14(SIGALRM)
PT_F33-1_bit_flip-100 Test Num : 4
Inject into ../bin/hello
----- Type : 1_bit_flip Pos : PT_F33 -----
There are 1 faults will be injected in faulttable...
101576 microseconds
Fault on PT_F33(0X1 -> 0X2000001)
3000078 microseconds
timeout
[ 2016-10-27 1:46:22]Process 2087 termed with signal 14(SIGALRM)
PT_F33-1_bit_flip-100 Test Num : 5
Inject into ../bin/hello
----- Type : 1_bit_flip Pos : PT_F33 -----
There are 1 faults will be injected in faulttable...
100144 microseconds
Fault on PT_F33(0X1 -> 0X20000000000001)
3000151 microseconds
timeout
[ 2016-10-27 1:46:26]Process 2089 termed with signal 14(SIGALRM)
PT_F33-1_bit_flip-100 Test Num : 6
Inject into ../bin/hello
----- Type : 1_bit_flip Pos : PT_F33 -----
There are 1 faults will be injected in faulttable...
101629 microseconds
Fault on PT_F33(0X1 -> 0X0)
3000121 microseconds
timeout
[ 2016-10-27 1:46:29]Process 2091 termed with signal 14(SIGALRM)
PT_F33-1_bit_flip-100 Test Num : 7
Inject into ../bin/hello
----- Type : 1_bit_flip Pos : PT_F33 -----
There are 1 faults will be injected in faulttable...
100161 microseconds
Fault on PT_F33(0X1 -> 0X800001)
3000113 microseconds
timeout
[ 2016-10-27 1:46:32]Process 2093 termed with signal 14(SIGALRM)
PT_F33-1_bit_flip-100 Test Num : 8
Inject into ../bin/hello
----- Type : 1_bit_flip Pos : PT_F33 -----
There are 1 faults will be injected in faulttable...
101660 microseconds
Fault on PT_F33(0X1 -> 0X10000000001)
3000140 microseconds
timeout
[ 2016-10-27 1:46:35]Process 2095 termed with signal 14(SIGALRM)
PT_F33-1_bit_flip-100 Test Num : 9
Inject into ../bin/hello
----- Type : 1_bit_flip Pos : PT_F33 -----
There are 1 faults will be injected in faulttable...
101275 microseconds
Fault on PT_F33(0X1 -> 0X10000000001)
3000079 microseconds
timeout
[ 2016-10-27 1:46:38]Process 2097 termed with signal 14(SIGALRM)
PT_F33-1_bit_flip-100 Test Num : 10
Inject into ../bin/hello
----- Type : 1_bit_flip Pos : PT_F33 -----
There are 1 faults will be injected in faulttable...
101636 microseconds
Fault on PT_F33(0X1 -> 0X2000000001)
3000109 microseconds
timeout
[ 2016-10-27 1:46:41]Process 2099 termed with signal 14(SIGALRM)
PT_F33-1_bit_flip-100 Test Num : 11
Inject into ../bin/hello
----- Type : 1_bit_flip Pos : PT_F33 -----
There are 1 faults will be injected in faulttable...
100115 microseconds
Fault on PT_F33(0X1 -> 0X80001)
3000132 microseconds
timeout
[ 2016-10-27 1:46:44]Process 2101 termed with signal 14(SIGALRM)
PT_F33-1_bit_flip-100 Test Num : 12
Inject into ../bin/hello
----- Type : 1_bit_flip Pos : PT_F33 -----
There are 1 faults will be injected in faulttable...
101220 microseconds
Fault on PT_F33(0X1 -> 0X20001)
3000137 microseconds
timeout
[ 2016-10-27 1:46:47]Process 2103 termed with signal 14(SIGALRM)
PT_F33-1_bit_flip-100 Test Num : 13
Inject into ../bin/hello
----- Type : 1_bit_flip Pos : PT_F33 -----
There are 1 faults will be injected in faulttable...
100109 microseconds
Fault on PT_F33(0X1 -> 0X10000000001)
3000071 microseconds
timeout
[ 2016-10-27 1:46:51]Process 2105 termed with signal 14(SIGALRM)
PT_F33-1_bit_flip-100 Test Num : 14
Inject into ../bin/hello
----- Type : 1_bit_flip Pos : PT_F33 -----
There are 1 faults will be injected in faulttable...
101154 microseconds
Fault on PT_F33(0X1 -> 0X10001)
3000096 microseconds
timeout
[ 2016-10-27 1:46:54]Process 2107 termed with signal 14(SIGALRM)
PT_F33-1_bit_flip-100 Test Num : 15
Inject into ../bin/hello
----- Type : 1_bit_flip Pos : PT_F33 -----
There are 1 faults will be injected in faulttable...
101068 microseconds
Fault on PT_F33(0X1 -> 0X40000001)
3000119 microseconds
timeout
[ 2016-10-27 1:46:57]Process 2109 termed with signal 14(SIGALRM)
PT_F33-1_bit_flip-100 Test Num : 16
Inject into ../bin/hello
----- Type : 1_bit_flip Pos : PT_F33 -----
There are 1 faults will be injected in faulttable...
101318 microseconds
Fault on PT_F33(0X1 -> 0X100001)
3000128 microseconds
timeout
[  2016-10-27 1:47:0]Process 2111 termed with signal 14(SIGALRM)
PT_F33-1_bit_flip-100 Test Num : 17
Inject into ../bin/hello
----- Type : 1_bit_flip Pos : PT_F33 -----
There are 1 faults will be injected in faulttable...
101497 microseconds
Fault on PT_F33(0X1 -> 0X9)
3000082 microseconds
timeout
[  2016-10-27 1:47:3]Process 2113 termed with signal 14(SIGALRM)
PT_F33-1_bit_flip-100 Test Num : 18
Inject into ../bin/hello
----- Type : 1_bit_flip Pos : PT_F33 -----
There are 1 faults will be injected in faulttable...
100131 microseconds
Fault on PT_F33(0X1 -> 0X2000000001)
3000136 microseconds
timeout
[  2016-10-27 1:47:6]Process 2115 termed with signal 14(SIGALRM)
PT_F33-1_bit_flip-100 Test Num : 19
Inject into ../bin/hello
----- Type : 1_bit_flip Pos : PT_F33 -----
There are 1 faults will be injected in faulttable...
101262 microseconds
Fault on PT_F33(0X1 -> 0X8000000001)
3000101 microseconds
timeout
[  2016-10-27 1:47:9]Process 2117 termed with signal 14(SIGALRM)
PT_F33-1_bit_flip-100 Test Num : 20
Inject into ../bin/hello
----- Type : 1_bit_flip Pos : PT_F33 -----
There are 1 faults will be injected in faulttable...
101295 microseconds
Fault on PT_F33(0X1 -> 0X8001)
3000120 microseconds
timeout
[ 2016-10-27 1:47:12]Process 2119 termed with signal 14(SIGALRM)
PT_F33-1_bit_flip-100 Test Num : 21
Inject into ../bin/hello
----- Type : 1_bit_flip Pos : PT_F33 -----
There are 1 faults will be injected in faulttable...
101391 microseconds
Fault on PT_F33(0X1 -> 0X1000000000000001)
3000130 microseconds
timeout
[ 2016-10-27 1:47:15]Process 2121 termed with signal 14(SIGALRM)
PT_F33-1_bit_flip-100 Test Num : 22
Inject into ../bin/hello
----- Type : 1_bit_flip Pos : PT_F33 -----
There are 1 faults will be injected in faulttable...
100201 microseconds
Fault on PT_F33(0X1 -> 0X10000001)
3000082 microseconds
timeout
[ 2016-10-27 1:47:19]Process 2123 termed with signal 14(SIGALRM)
PT_F33-1_bit_flip-100 Test Num : 23
Inject into ../bin/hello
----- Type : 1_bit_flip Pos : PT_F33 -----
There are 1 faults will be injected in faulttable...
101121 microseconds
Fault on PT_F33(0X1 -> 0X10000000000001)
3000770 microseconds
timeout
[ 2016-10-27 1:47:22]Process 2125 termed with signal 14(SIGALRM)
PT_F33-1_bit_flip-100 Test Num : 24
Inject into ../bin/hello
----- Type : 1_bit_flip Pos : PT_F33 -----
There are 1 faults will be injected in faulttable...
101163 microseconds
Fault on PT_F33(0X1 -> 0X20000000000001)
3000166 microseconds
timeout
[ 2016-10-27 1:47:25]Process 2127 termed with signal 14(SIGALRM)
PT_F33-1_bit_flip-100 Test Num : 25
Inject into ../bin/hello
----- Type : 1_bit_flip Pos : PT_F33 -----
There are 1 faults will be injected in faulttable...
101384 microseconds
Fault on PT_F33(0X1 -> 0X21)
3000096 microseconds
timeout
[ 2016-10-27 1:47:28]Process 2129 termed with signal 14(SIGALRM)
PT_F33-1_bit_flip-100 Test Num : 26
Inject into ../bin/hello
----- Type : 1_bit_flip Pos : PT_F33 -----
There are 1 faults will be injected in faulttable...
100101 microseconds
Fault on PT_F33(0X1 -> 0X400000000001)
3000073 microseconds
timeout
[ 2016-10-27 1:47:31]Process 2131 termed with signal 14(SIGALRM)
PT_F33-1_bit_flip-100 Test Num : 27
Inject into ../bin/hello
----- Type : 1_bit_flip Pos : PT_F33 -----
There are 1 faults will be injected in faulttable...
101342 microseconds
Fault on PT_F33(0X1 -> 0X400000000001)
3000147 microseconds
timeout
[ 2016-10-27 1:47:34]Process 2133 termed with signal 14(SIGALRM)
PT_F33-1_bit_flip-100 Test Num : 28
Inject into ../bin/hello
----- Type : 1_bit_flip Pos : PT_F33 -----
There are 1 faults will be injected in faulttable...
101669 microseconds
Fault on PT_F33(0X1 -> 0X2000000000000001)
3000160 microseconds
timeout
[ 2016-10-27 1:47:37]Process 2135 termed with signal 14(SIGALRM)
PT_F33-1_bit_flip-100 Test Num : 29
Inject into ../bin/hello
----- Type : 1_bit_flip Pos : PT_F33 -----
There are 1 faults will be injected in faulttable...
101524 microseconds
Fault on PT_F33(0X1 -> 0X20000000000001)
3000122 microseconds
timeout
[ 2016-10-27 1:47:40]Process 2137 termed with signal 14(SIGALRM)
PT_F33-1_bit_flip-100 Test Num : 30
Inject into ../bin/hello
----- Type : 1_bit_flip Pos : PT_F33 -----
There are 1 faults will be injected in faulttable...
101363 microseconds
Fault on PT_F33(0X1 -> 0X2001)
3000081 microseconds
timeout
[ 2016-10-27 1:47:43]Process 2139 termed with signal 14(SIGALRM)
PT_F33-1_bit_flip-100 Test Num : 31
Inject into ../bin/hello
----- Type : 1_bit_flip Pos : PT_F33 -----
There are 1 faults will be injected in faulttable...
101177 microseconds
Fault on PT_F33(0X1 -> 0X0)
3000077 microseconds
timeout
[ 2016-10-27 1:47:47]Process 2141 termed with signal 14(SIGALRM)
PT_F33-1_bit_flip-100 Test Num : 32
Inject into ../bin/hello
----- Type : 1_bit_flip Pos : PT_F33 -----
There are 1 faults will be injected in faulttable...
101165 microseconds
Fault on PT_F33(0X1 -> 0X400000000001)
3000087 microseconds
timeout
[ 2016-10-27 1:47:50]Process 2143 termed with signal 14(SIGALRM)
PT_F33-1_bit_flip-100 Test Num : 33
Inject into ../bin/hello
----- Type : 1_bit_flip Pos : PT_F33 -----
There are 1 faults will be injected in faulttable...
101164 microseconds
Fault on PT_F33(0X1 -> 0X8001)
3000134 microseconds
timeout
[ 2016-10-27 1:47:53]Process 2145 termed with signal 14(SIGALRM)
PT_F33-1_bit_flip-100 Test Num : 34
Inject into ../bin/hello
----- Type : 1_bit_flip Pos : PT_F33 -----
There are 1 faults will be injected in faulttable...
100106 microseconds
Fault on PT_F33(0X1 -> 0X40000001)
3000066 microseconds
timeout
[ 2016-10-27 1:47:56]Process 2147 termed with signal 14(SIGALRM)
PT_F33-1_bit_flip-100 Test Num : 35
Inject into ../bin/hello
----- Type : 1_bit_flip Pos : PT_F33 -----
There are 1 faults will be injected in faulttable...
100254 microseconds
Fault on PT_F33(0X1 -> 0X801)
3000211 microseconds
timeout
[ 2016-10-27 1:47:59]Process 2149 termed with signal 14(SIGALRM)
PT_F33-1_bit_flip-100 Test Num : 36
Inject into ../bin/hello
----- Type : 1_bit_flip Pos : PT_F33 -----
There are 1 faults will be injected in faulttable...
101284 microseconds
Fault on PT_F33(0X1 -> 0X3)
3000083 microseconds
timeout
[  2016-10-27 1:48:2]Process 2151 termed with signal 14(SIGALRM)
PT_F33-1_bit_flip-100 Test Num : 37
Inject into ../bin/hello
----- Type : 1_bit_flip Pos : PT_F33 -----
There are 1 faults will be injected in faulttable...
101107 microseconds
Fault on PT_F33(0X1 -> 0X800001)
3000077 microseconds
timeout
[  2016-10-27 1:48:5]Process 2153 termed with signal 14(SIGALRM)
PT_F33-1_bit_flip-100 Test Num : 38
Inject into ../bin/hello
----- Type : 1_bit_flip Pos : PT_F33 -----
There are 1 faults will be injected in faulttable...
101192 microseconds
Fault on PT_F33(0X1 -> 0X4001)
3000154 microseconds
timeout
[  2016-10-27 1:48:8]Process 2155 termed with signal 14(SIGALRM)
PT_F33-1_bit_flip-100 Test Num : 39
Inject into ../bin/hello
----- Type : 1_bit_flip Pos : PT_F33 -----
There are 1 faults will be injected in faulttable...
100153 microseconds
Fault on PT_F33(0X1 -> 0X100000000000001)
3000095 microseconds
timeout
[ 2016-10-27 1:48:11]Process 2157 termed with signal 14(SIGALRM)
PT_F33-1_bit_flip-100 Test Num : 40
Inject into ../bin/hello
----- Type : 1_bit_flip Pos : PT_F33 -----
There are 1 faults will be injected in faulttable...
100118 microseconds
Fault on PT_F33(0X1 -> 0X21)
3000130 microseconds
timeout
[ 2016-10-27 1:48:15]Process 2159 termed with signal 14(SIGALRM)
PT_F33-1_bit_flip-100 Test Num : 41
Inject into ../bin/hello
----- Type : 1_bit_flip Pos : PT_F33 -----
There are 1 faults will be injected in faulttable...
101537 microseconds
Fault on PT_F33(0X1 -> 0X400000000001)
3000093 microseconds
timeout
[ 2016-10-27 1:48:18]Process 2161 termed with signal 14(SIGALRM)
PT_F33-1_bit_flip-100 Test Num : 42
Inject into ../bin/hello
----- Type : 1_bit_flip Pos : PT_F33 -----
There are 1 faults will be injected in faulttable...
101638 microseconds
Fault on PT_F33(0X1 -> 0X100001)
3000104 microseconds
timeout
[ 2016-10-27 1:48:21]Process 2163 termed with signal 14(SIGALRM)
PT_F33-1_bit_flip-100 Test Num : 43
Inject into ../bin/hello
----- Type : 1_bit_flip Pos : PT_F33 -----
There are 1 faults will be injected in faulttable...
100948 microseconds
Fault on PT_F33(0X1 -> 0X8000000000001)
3000063 microseconds
timeout
[ 2016-10-27 1:48:24]Process 2165 termed with signal 14(SIGALRM)
PT_F33-1_bit_flip-100 Test Num : 44
Inject into ../bin/hello
----- Type : 1_bit_flip Pos : PT_F33 -----
There are 1 faults will be injected in faulttable...
101207 microseconds
Fault on PT_F33(0X1 -> 0X4000000000001)
3000103 microseconds
timeout
[ 2016-10-27 1:48:27]Process 2167 termed with signal 14(SIGALRM)
PT_F33-1_bit_flip-100 Test Num : 45
Inject into ../bin/hello
----- Type : 1_bit_flip Pos : PT_F33 -----
There are 1 faults will be injected in faulttable...
101282 microseconds
Fault on PT_F33(0X1 -> 0X20001)
3000124 microseconds
timeout
[ 2016-10-27 1:48:30]Process 2169 termed with signal 14(SIGALRM)
PT_F33-1_bit_flip-100 Test Num : 46
Inject into ../bin/hello
----- Type : 1_bit_flip Pos : PT_F33 -----
There are 1 faults will be injected in faulttable...
101533 microseconds
Fault on PT_F33(0X1 -> 0X8000001)
3000152 microseconds
timeout
[ 2016-10-27 1:48:33]Process 2171 termed with signal 14(SIGALRM)
PT_F33-1_bit_flip-100 Test Num : 47
Inject into ../bin/hello
----- Type : 1_bit_flip Pos : PT_F33 -----
There are 1 faults will be injected in faulttable...
101264 microseconds
Fault on PT_F33(0X1 -> 0X800000000000001)
3000131 microseconds
timeout
[ 2016-10-27 1:48:36]Process 2173 termed with signal 14(SIGALRM)
PT_F33-1_bit_flip-100 Test Num : 48
Inject into ../bin/hello
----- Type : 1_bit_flip Pos : PT_F33 -----
There are 1 faults will be injected in faulttable...
101658 microseconds
Fault on PT_F33(0X1 -> 0X40000001)
3000065 microseconds
timeout
[ 2016-10-27 1:48:39]Process 2175 termed with signal 14(SIGALRM)
PT_F33-1_bit_flip-100 Test Num : 49
Inject into ../bin/hello
----- Type : 1_bit_flip Pos : PT_F33 -----
There are 1 faults will be injected in faulttable...
101050 microseconds
Fault on PT_F33(0X1 -> 0X1000000000001)
3000073 microseconds
timeout
[ 2016-10-27 1:48:43]Process 2177 termed with signal 14(SIGALRM)
PT_F33-1_bit_flip-100 Test Num : 50
Inject into ../bin/hello
----- Type : 1_bit_flip Pos : PT_F33 -----
There are 1 faults will be injected in faulttable...
100991 microseconds
Fault on PT_F33(0X1 -> 0X100001)
3000146 microseconds
timeout
[ 2016-10-27 1:48:46]Process 2179 termed with signal 14(SIGALRM)
PT_F33-1_bit_flip-100 Test Num : 51
Inject into ../bin/hello
----- Type : 1_bit_flip Pos : PT_F33 -----
There are 1 faults will be injected in faulttable...
100104 microseconds
Fault on PT_F33(0X1 -> 0X200000000000001)
3000127 microseconds
timeout
[ 2016-10-27 1:48:49]Process 2181 termed with signal 14(SIGALRM)
PT_F33-1_bit_flip-100 Test Num : 52
Inject into ../bin/hello
----- Type : 1_bit_flip Pos : PT_F33 -----
There are 1 faults will be injected in faulttable...
101150 microseconds
Fault on PT_F33(0X1 -> 0X1000000000001)
3000139 microseconds
timeout
[ 2016-10-27 1:48:52]Process 2183 termed with signal 14(SIGALRM)
PT_F33-1_bit_flip-100 Test Num : 53
Inject into ../bin/hello
----- Type : 1_bit_flip Pos : PT_F33 -----
There are 1 faults will be injected in faulttable...
101075 microseconds
Fault on PT_F33(0X1 -> 0X800000000001)
3000207 microseconds
timeout
[ 2016-10-27 1:48:55]Process 2185 termed with signal 14(SIGALRM)
PT_F33-1_bit_flip-100 Test Num : 54
Inject into ../bin/hello
----- Type : 1_bit_flip Pos : PT_F33 -----
There are 1 faults will be injected in faulttable...
101770 microseconds
Fault on PT_F33(0X1 -> 0X101)
3000206 microseconds
timeout
[ 2016-10-27 1:48:58]Process 2187 termed with signal 14(SIGALRM)
PT_F33-1_bit_flip-100 Test Num : 55
Inject into ../bin/hello
----- Type : 1_bit_flip Pos : PT_F33 -----
There are 1 faults will be injected in faulttable...
101387 microseconds
Fault on PT_F33(0X1 -> 0X10000001)
3000080 microseconds
timeout
[  2016-10-27 1:49:1]Process 2189 termed with signal 14(SIGALRM)
PT_F33-1_bit_flip-100 Test Num : 56
Inject into ../bin/hello
----- Type : 1_bit_flip Pos : PT_F33 -----
There are 1 faults will be injected in faulttable...
101167 microseconds
Fault on PT_F33(0X1 -> 0X2001)
3000152 microseconds
timeout
[  2016-10-27 1:49:4]Process 2191 termed with signal 14(SIGALRM)
PT_F33-1_bit_flip-100 Test Num : 57
Inject into ../bin/hello
----- Type : 1_bit_flip Pos : PT_F33 -----
There are 1 faults will be injected in faulttable...
101356 microseconds
Fault on PT_F33(0X1 -> 0X800000000000001)
3000111 microseconds
timeout
[  2016-10-27 1:49:7]Process 2193 termed with signal 14(SIGALRM)
PT_F33-1_bit_flip-100 Test Num : 58
Inject into ../bin/hello
----- Type : 1_bit_flip Pos : PT_F33 -----
There are 1 faults will be injected in faulttable...
101285 microseconds
Fault on PT_F33(0X1 -> 0X1000000000000001)
3000075 microseconds
timeout
[ 2016-10-27 1:49:11]Process 2195 termed with signal 14(SIGALRM)
PT_F33-1_bit_flip-100 Test Num : 59
Inject into ../bin/hello
----- Type : 1_bit_flip Pos : PT_F33 -----
There are 1 faults will be injected in faulttable...
101762 microseconds
Fault on PT_F33(0X1 -> 0X4000001)
3000118 microseconds
timeout
[ 2016-10-27 1:49:14]Process 2197 termed with signal 14(SIGALRM)
PT_F33-1_bit_flip-100 Test Num : 60
Inject into ../bin/hello
----- Type : 1_bit_flip Pos : PT_F33 -----
There are 1 faults will be injected in faulttable...
101196 microseconds
Fault on PT_F33(0X1 -> 0X200001)
3000067 microseconds
timeout
[ 2016-10-27 1:49:17]Process 2199 termed with signal 14(SIGALRM)
PT_F33-1_bit_flip-100 Test Num : 61
Inject into ../bin/hello
----- Type : 1_bit_flip Pos : PT_F33 -----
There are 1 faults will be injected in faulttable...
101260 microseconds
Fault on PT_F33(0X1 -> 0X0)
3000100 microseconds
timeout
[ 2016-10-27 1:49:20]Process 2201 termed with signal 14(SIGALRM)
PT_F33-1_bit_flip-100 Test Num : 62
Inject into ../bin/hello
----- Type : 1_bit_flip Pos : PT_F33 -----
There are 1 faults will be injected in faulttable...
101614 microseconds
Fault on PT_F33(0X1 -> 0X4000000000000001)
3000108 microseconds
timeout
[ 2016-10-27 1:49:23]Process 2204 termed with signal 14(SIGALRM)
PT_F33-1_bit_flip-100 Test Num : 63
Inject into ../bin/hello
----- Type : 1_bit_flip Pos : PT_F33 -----
There are 1 faults will be injected in faulttable...
101340 microseconds
Fault on PT_F33(0X1 -> 0X2000000000000001)
3000135 microseconds
timeout
[ 2016-10-27 1:49:26]Process 2206 termed with signal 14(SIGALRM)
PT_F33-1_bit_flip-100 Test Num : 64
Inject into ../bin/hello
----- Type : 1_bit_flip Pos : PT_F33 -----
There are 1 faults will be injected in faulttable...
101294 microseconds
Fault on PT_F33(0X1 -> 0X10000001)
3000130 microseconds
timeout
[ 2016-10-27 1:49:29]Process 2208 termed with signal 14(SIGALRM)
PT_F33-1_bit_flip-100 Test Num : 65
Inject into ../bin/hello
----- Type : 1_bit_flip Pos : PT_F33 -----
There are 1 faults will be injected in faulttable...
101528 microseconds
Fault on PT_F33(0X1 -> 0X4000001)
3000130 microseconds
timeout
[ 2016-10-27 1:49:32]Process 2210 termed with signal 14(SIGALRM)
PT_F33-1_bit_flip-100 Test Num : 66
Inject into ../bin/hello
----- Type : 1_bit_flip Pos : PT_F33 -----
There are 1 faults will be injected in faulttable...
101467 microseconds
Fault on PT_F33(0X1 -> 0X80000000000001)
3000204 microseconds
timeout
[ 2016-10-27 1:49:35]Process 2212 termed with signal 14(SIGALRM)
PT_F33-1_bit_flip-100 Test Num : 67
Inject into ../bin/hello
----- Type : 1_bit_flip Pos : PT_F33 -----
There are 1 faults will be injected in faulttable...
101561 microseconds
Fault on PT_F33(0X1 -> 0X2000000001)
3000077 microseconds
timeout
[ 2016-10-27 1:49:39]Process 2214 termed with signal 14(SIGALRM)
PT_F33-1_bit_flip-100 Test Num : 68
Inject into ../bin/hello
----- Type : 1_bit_flip Pos : PT_F33 -----
There are 1 faults will be injected in faulttable...
101164 microseconds
Fault on PT_F33(0X1 -> 0X80001)
3000115 microseconds
timeout
[ 2016-10-27 1:49:42]Process 2216 termed with signal 14(SIGALRM)
PT_F33-1_bit_flip-100 Test Num : 69
Inject into ../bin/hello
----- Type : 1_bit_flip Pos : PT_F33 -----
There are 1 faults will be injected in faulttable...
101144 microseconds
Fault on PT_F33(0X1 -> 0X3)
3000145 microseconds
timeout
[ 2016-10-27 1:49:45]Process 2218 termed with signal 14(SIGALRM)
PT_F33-1_bit_flip-100 Test Num : 70
Inject into ../bin/hello
----- Type : 1_bit_flip Pos : PT_F33 -----
There are 1 faults will be injected in faulttable...
100188 microseconds
Fault on PT_F33(0X1 -> 0X0)
3000109 microseconds
timeout
[ 2016-10-27 1:49:48]Process 2220 termed with signal 14(SIGALRM)
PT_F33-1_bit_flip-100 Test Num : 71
Inject into ../bin/hello
----- Type : 1_bit_flip Pos : PT_F33 -----
There are 1 faults will be injected in faulttable...
101107 microseconds
Fault on PT_F33(0X1 -> 0X200000000000001)
3000070 microseconds
timeout
[ 2016-10-27 1:49:51]Process 2222 termed with signal 14(SIGALRM)
PT_F33-1_bit_flip-100 Test Num : 72
Inject into ../bin/hello
----- Type : 1_bit_flip Pos : PT_F33 -----
There are 1 faults will be injected in faulttable...
100150 microseconds
Fault on PT_F33(0X1 -> 0X1000001)
3000185 microseconds
timeout
[ 2016-10-27 1:49:54]Process 2224 termed with signal 14(SIGALRM)
PT_F33-1_bit_flip-100 Test Num : 73
Inject into ../bin/hello
----- Type : 1_bit_flip Pos : PT_F33 -----
There are 1 faults will be injected in faulttable...
101260 microseconds
Fault on PT_F33(0X1 -> 0X800000000001)
3000096 microseconds
timeout
[ 2016-10-27 1:49:57]Process 2226 termed with signal 14(SIGALRM)
PT_F33-1_bit_flip-100 Test Num : 74
Inject into ../bin/hello
----- Type : 1_bit_flip Pos : PT_F33 -----
There are 1 faults will be injected in faulttable...
101406 microseconds
Fault on PT_F33(0X1 -> 0X200000001)
3000123 microseconds
timeout
[  2016-10-27 1:50:0]Process 2228 termed with signal 14(SIGALRM)
PT_F33-1_bit_flip-100 Test Num : 75
Inject into ../bin/hello
----- Type : 1_bit_flip Pos : PT_F33 -----
There are 1 faults will be injected in faulttable...
100090 microseconds
Fault on PT_F33(0X1 -> 0X201)
3000158 microseconds
timeout
[  2016-10-27 1:50:3]Process 2230 termed with signal 14(SIGALRM)
PT_F33-1_bit_flip-100 Test Num : 76
Inject into ../bin/hello
----- Type : 1_bit_flip Pos : PT_F33 -----
There are 1 faults will be injected in faulttable...
101351 microseconds
Fault on PT_F33(0X1 -> 0X40000001)
3000125 microseconds
timeout
[  2016-10-27 1:50:7]Process 2232 termed with signal 14(SIGALRM)
PT_F33-1_bit_flip-100 Test Num : 77
Inject into ../bin/hello
----- Type : 1_bit_flip Pos : PT_F33 -----
There are 1 faults will be injected in faulttable...
101670 microseconds
Fault on PT_F33(0X1 -> 0X40000000001)
3000104 microseconds
timeout
[ 2016-10-27 1:50:10]Process 2234 termed with signal 14(SIGALRM)
PT_F33-1_bit_flip-100 Test Num : 78
Inject into ../bin/hello
----- Type : 1_bit_flip Pos : PT_F33 -----
There are 1 faults will be injected in faulttable...
101653 microseconds
Fault on PT_F33(0X1 -> 0X1000000000000001)
3000113 microseconds
timeout
[ 2016-10-27 1:50:13]Process 2236 termed with signal 14(SIGALRM)
PT_F33-1_bit_flip-100 Test Num : 79
Inject into ../bin/hello
----- Type : 1_bit_flip Pos : PT_F33 -----
There are 1 faults will be injected in faulttable...
100084 microseconds
Fault on PT_F33(0X1 -> 0X40000001)
3000086 microseconds
timeout
[ 2016-10-27 1:50:16]Process 2238 termed with signal 14(SIGALRM)
PT_F33-1_bit_flip-100 Test Num : 80
Inject into ../bin/hello
----- Type : 1_bit_flip Pos : PT_F33 -----
There are 1 faults will be injected in faulttable...
101084 microseconds
Fault on PT_F33(0X1 -> 0X20000001)
3000068 microseconds
timeout
[ 2016-10-27 1:50:19]Process 2240 termed with signal 14(SIGALRM)
PT_F33-1_bit_flip-100 Test Num : 81
Inject into ../bin/hello
----- Type : 1_bit_flip Pos : PT_F33 -----
There are 1 faults will be injected in faulttable...
100093 microseconds
Fault on PT_F33(0X1 -> 0X2000001)
3000131 microseconds
timeout
[ 2016-10-27 1:50:22]Process 2242 termed with signal 14(SIGALRM)
PT_F33-1_bit_flip-100 Test Num : 82
Inject into ../bin/hello
----- Type : 1_bit_flip Pos : PT_F33 -----
There are 1 faults will be injected in faulttable...
100126 microseconds
Fault on PT_F33(0X1 -> 0X401)
3000112 microseconds
timeout
[ 2016-10-27 1:50:25]Process 2244 termed with signal 14(SIGALRM)
PT_F33-1_bit_flip-100 Test Num : 83
Inject into ../bin/hello
----- Type : 1_bit_flip Pos : PT_F33 -----
There are 1 faults will be injected in faulttable...
101631 microseconds
Fault on PT_F33(0X1 -> 0X400000000000001)
3000169 microseconds
timeout
[ 2016-10-27 1:50:28]Process 2246 termed with signal 14(SIGALRM)
PT_F33-1_bit_flip-100 Test Num : 84
Inject into ../bin/hello
----- Type : 1_bit_flip Pos : PT_F33 -----
There are 1 faults will be injected in faulttable...
101754 microseconds
Fault on PT_F33(0X1 -> 0X800001)
3000107 microseconds
timeout
[ 2016-10-27 1:50:31]Process 2248 termed with signal 14(SIGALRM)
PT_F33-1_bit_flip-100 Test Num : 85
Inject into ../bin/hello
----- Type : 1_bit_flip Pos : PT_F33 -----
There are 1 faults will be injected in faulttable...
101644 microseconds
Fault on PT_F33(0X1 -> 0X400000000000001)
3000330 microseconds
timeout
[ 2016-10-27 1:50:35]Process 2250 termed with signal 14(SIGALRM)
PT_F33-1_bit_flip-100 Test Num : 86
Inject into ../bin/hello
----- Type : 1_bit_flip Pos : PT_F33 -----
There are 1 faults will be injected in faulttable...
100997 microseconds
Fault on PT_F33(0X1 -> 0X5)
3000135 microseconds
timeout
[ 2016-10-27 1:50:38]Process 2252 termed with signal 14(SIGALRM)
PT_F33-1_bit_flip-100 Test Num : 87
Inject into ../bin/hello
----- Type : 1_bit_flip Pos : PT_F33 -----
There are 1 faults will be injected in faulttable...
101797 microseconds
Fault on PT_F33(0X1 -> 0X201)
3000143 microseconds
timeout
[ 2016-10-27 1:50:41]Process 2254 termed with signal 14(SIGALRM)
PT_F33-1_bit_flip-100 Test Num : 88
Inject into ../bin/hello
----- Type : 1_bit_flip Pos : PT_F33 -----
There are 1 faults will be injected in faulttable...
101357 microseconds
Fault on PT_F33(0X1 -> 0X2000000000001)
3000122 microseconds
timeout
[ 2016-10-27 1:50:44]Process 2256 termed with signal 14(SIGALRM)
PT_F33-1_bit_flip-100 Test Num : 89
Inject into ../bin/hello
----- Type : 1_bit_flip Pos : PT_F33 -----
There are 1 faults will be injected in faulttable...
101546 microseconds
Fault on PT_F33(0X1 -> 0X2000001)
3000707 microseconds
timeout
[ 2016-10-27 1:50:47]Process 2258 termed with signal 14(SIGALRM)
PT_F33-1_bit_flip-100 Test Num : 90
Inject into ../bin/hello
----- Type : 1_bit_flip Pos : PT_F33 -----
There are 1 faults will be injected in faulttable...
101263 microseconds
Fault on PT_F33(0X1 -> 0X1000001)
3000081 microseconds
timeout
[ 2016-10-27 1:50:50]Process 2260 termed with signal 14(SIGALRM)
PT_F33-1_bit_flip-100 Test Num : 91
Inject into ../bin/hello
----- Type : 1_bit_flip Pos : PT_F33 -----
There are 1 faults will be injected in faulttable...
101143 microseconds
Fault on PT_F33(0X1 -> 0X800000000000001)
3000068 microseconds
timeout
[ 2016-10-27 1:50:53]Process 2262 termed with signal 14(SIGALRM)
PT_F33-1_bit_flip-100 Test Num : 92
Inject into ../bin/hello
----- Type : 1_bit_flip Pos : PT_F33 -----
There are 1 faults will be injected in faulttable...
100113 microseconds
Fault on PT_F33(0X1 -> 0X800000000000001)
3000167 microseconds
timeout
[ 2016-10-27 1:50:56]Process 2264 termed with signal 14(SIGALRM)
PT_F33-1_bit_flip-100 Test Num : 93
Inject into ../bin/hello
----- Type : 1_bit_flip Pos : PT_F33 -----
There are 1 faults will be injected in faulttable...
101375 microseconds
Fault on PT_F33(0X1 -> 0X80000000000001)
3000135 microseconds
timeout
[  2016-10-27 1:51:0]Process 2266 termed with signal 14(SIGALRM)
PT_F33-1_bit_flip-100 Test Num : 94
Inject into ../bin/hello
----- Type : 1_bit_flip Pos : PT_F33 -----
There are 1 faults will be injected in faulttable...
101723 microseconds
Fault on PT_F33(0X1 -> 0X10000000001)
3000073 microseconds
timeout
[  2016-10-27 1:51:3]Process 2268 termed with signal 14(SIGALRM)
PT_F33-1_bit_flip-100 Test Num : 95
Inject into ../bin/hello
----- Type : 1_bit_flip Pos : PT_F33 -----
There are 1 faults will be injected in faulttable...
101646 microseconds
Fault on PT_F33(0X1 -> 0X0)
3000141 microseconds
timeout
[  2016-10-27 1:51:6]Process 2270 termed with signal 14(SIGALRM)
PT_F33-1_bit_flip-100 Test Num : 96
Inject into ../bin/hello
----- Type : 1_bit_flip Pos : PT_F33 -----
There are 1 faults will be injected in faulttable...
101716 microseconds
Fault on PT_F33(0X1 -> 0X2000000000000001)
3000128 microseconds
timeout
[  2016-10-27 1:51:9]Process 2272 termed with signal 14(SIGALRM)
PT_F33-1_bit_flip-100 Test Num : 97
Inject into ../bin/hello
----- Type : 1_bit_flip Pos : PT_F33 -----
There are 1 faults will be injected in faulttable...
100117 microseconds
Fault on PT_F33(0X1 -> 0X40001)
3000151 microseconds
timeout
[ 2016-10-27 1:51:12]Process 2274 termed with signal 14(SIGALRM)
PT_F33-1_bit_flip-100 Test Num : 98
Inject into ../bin/hello
----- Type : 1_bit_flip Pos : PT_F33 -----
There are 1 faults will be injected in faulttable...
102300 microseconds
Fault on PT_F33(0X1 -> 0X400001)
3000064 microseconds
timeout
[ 2016-10-27 1:51:15]Process 2276 termed with signal 14(SIGALRM)
PT_F33-1_bit_flip-100 Test Num : 99
Inject into ../bin/hello
----- Type : 1_bit_flip Pos : PT_F33 -----
There are 1 faults will be injected in faulttable...
101085 microseconds
Fault on PT_F33(0X1 -> 0X4000000001)
3000104 microseconds
timeout
[ 2016-10-27 1:51:18]Process 2278 termed with signal 14(SIGALRM)
PT_F33-1_bit_flip-100 Test Num : 100
Inject into ../bin/hello
----- Type : 1_bit_flip Pos : PT_F33 -----
There are 1 faults will be injected in faulttable...
101032 microseconds
Fault on PT_F33(0X1 -> 0X800000000000001)
3000074 microseconds
timeout
[ 2016-10-27 1:51:21]Process 2280 termed with signal 14(SIGALRM)
