PT_F33-8_low_error-100 Test Num : 1
Inject into ../bin/hello
----- Type : 8_low_error Pos : PT_F33 -----
There are 1 faults will be injected in faulttable...
101184 microseconds
Fault on PT_F33(0X1 -> 0Xdd)
3000090 microseconds
timeout
[ 2016-10-27 2:27:44]Process 3717 termed with signal 14(SIGALRM)
PT_F33-8_low_error-100 Test Num : 2
Inject into ../bin/hello
----- Type : 8_low_error Pos : PT_F33 -----
There are 1 faults will be injected in faulttable...
100933 microseconds
Fault on PT_F33(0X1 -> 0Xe2)
3000087 microseconds
timeout
[ 2016-10-27 2:27:47]Process 3719 termed with signal 14(SIGALRM)
PT_F33-8_low_error-100 Test Num : 3
Inject into ../bin/hello
----- Type : 8_low_error Pos : PT_F33 -----
There are 1 faults will be injected in faulttable...
101026 microseconds
Fault on PT_F33(0X1 -> 0X4e)
3000060 microseconds
timeout
[ 2016-10-27 2:27:50]Process 3721 termed with signal 14(SIGALRM)
PT_F33-8_low_error-100 Test Num : 4
Inject into ../bin/hello
----- Type : 8_low_error Pos : PT_F33 -----
There are 1 faults will be injected in faulttable...
101117 microseconds
Fault on PT_F33(0X1 -> 0X50)
3000098 microseconds
timeout
[ 2016-10-27 2:27:53]Process 3723 termed with signal 14(SIGALRM)
PT_F33-8_low_error-100 Test Num : 5
Inject into ../bin/hello
----- Type : 8_low_error Pos : PT_F33 -----
There are 1 faults will be injected in faulttable...
101142 microseconds
Fault on PT_F33(0X1 -> 0X66)
3000117 microseconds
timeout
[ 2016-10-27 2:27:56]Process 3725 termed with signal 14(SIGALRM)
PT_F33-8_low_error-100 Test Num : 6
Inject into ../bin/hello
----- Type : 8_low_error Pos : PT_F33 -----
There are 1 faults will be injected in faulttable...
101417 microseconds
Fault on PT_F33(0X1 -> 0X10)
3000154 microseconds
timeout
[ 2016-10-27 2:27:59]Process 3727 termed with signal 14(SIGALRM)
PT_F33-8_low_error-100 Test Num : 7
Inject into ../bin/hello
----- Type : 8_low_error Pos : PT_F33 -----
There are 1 faults will be injected in faulttable...
104865 microseconds
Fault on PT_F33(0X1 -> 0Xb9)
3000530 microseconds
timeout
[  2016-10-27 2:28:2]Process 3729 termed with signal 14(SIGALRM)
PT_F33-8_low_error-100 Test Num : 8
Inject into ../bin/hello
----- Type : 8_low_error Pos : PT_F33 -----
There are 1 faults will be injected in faulttable...
101673 microseconds
Fault on PT_F33(0X1 -> 0Xed)
3000067 microseconds
timeout
[  2016-10-27 2:28:5]Process 3731 termed with signal 14(SIGALRM)
PT_F33-8_low_error-100 Test Num : 9
Inject into ../bin/hello
----- Type : 8_low_error Pos : PT_F33 -----
There are 1 faults will be injected in faulttable...
101047 microseconds
Fault on PT_F33(0X1 -> 0X73)
3000101 microseconds
timeout
[  2016-10-27 2:28:9]Process 3733 termed with signal 14(SIGALRM)
PT_F33-8_low_error-100 Test Num : 10
Inject into ../bin/hello
----- Type : 8_low_error Pos : PT_F33 -----
There are 1 faults will be injected in faulttable...
101252 microseconds
Fault on PT_F33(0X1 -> 0X6d)
3000140 microseconds
timeout
[ 2016-10-27 2:28:12]Process 3735 termed with signal 14(SIGALRM)
PT_F33-8_low_error-100 Test Num : 11
Inject into ../bin/hello
----- Type : 8_low_error Pos : PT_F33 -----
There are 1 faults will be injected in faulttable...
100123 microseconds
Fault on PT_F33(0X1 -> 0X10)
3000104 microseconds
timeout
[ 2016-10-27 2:28:15]Process 3737 termed with signal 14(SIGALRM)
PT_F33-8_low_error-100 Test Num : 12
Inject into ../bin/hello
----- Type : 8_low_error Pos : PT_F33 -----
There are 1 faults will be injected in faulttable...
100087 microseconds
Fault on PT_F33(0X1 -> 0Xc6)
3000085 microseconds
timeout
[ 2016-10-27 2:28:18]Process 3739 termed with signal 14(SIGALRM)
PT_F33-8_low_error-100 Test Num : 13
Inject into ../bin/hello
----- Type : 8_low_error Pos : PT_F33 -----
There are 1 faults will be injected in faulttable...
100485 microseconds
Fault on PT_F33(0X1 -> 0X4e)
3000075 microseconds
timeout
[ 2016-10-27 2:28:21]Process 3741 termed with signal 14(SIGALRM)
PT_F33-8_low_error-100 Test Num : 14
Inject into ../bin/hello
----- Type : 8_low_error Pos : PT_F33 -----
There are 1 faults will be injected in faulttable...
101234 microseconds
Fault on PT_F33(0X1 -> 0X8c)
3000144 microseconds
timeout
[ 2016-10-27 2:28:24]Process 3743 termed with signal 14(SIGALRM)
PT_F33-8_low_error-100 Test Num : 15
Inject into ../bin/hello
----- Type : 8_low_error Pos : PT_F33 -----
There are 1 faults will be injected in faulttable...
101225 microseconds
Fault on PT_F33(0X1 -> 0X66)
3000082 microseconds
timeout
[ 2016-10-27 2:28:27]Process 3745 termed with signal 14(SIGALRM)
PT_F33-8_low_error-100 Test Num : 16
Inject into ../bin/hello
----- Type : 8_low_error Pos : PT_F33 -----
There are 1 faults will be injected in faulttable...
101477 microseconds
Fault on PT_F33(0X1 -> 0X17)
3000115 microseconds
timeout
[ 2016-10-27 2:28:30]Process 3747 termed with signal 14(SIGALRM)
PT_F33-8_low_error-100 Test Num : 17
Inject into ../bin/hello
----- Type : 8_low_error Pos : PT_F33 -----
There are 1 faults will be injected in faulttable...
101184 microseconds
Fault on PT_F33(0X1 -> 0Xa8)
3000133 microseconds
timeout
[ 2016-10-27 2:28:33]Process 3749 termed with signal 14(SIGALRM)
PT_F33-8_low_error-100 Test Num : 18
Inject into ../bin/hello
----- Type : 8_low_error Pos : PT_F33 -----
There are 1 faults will be injected in faulttable...
101091 microseconds
Fault on PT_F33(0X1 -> 0Xc7)
3000124 microseconds
timeout
[ 2016-10-27 2:28:37]Process 3751 termed with signal 14(SIGALRM)
PT_F33-8_low_error-100 Test Num : 19
Inject into ../bin/hello
----- Type : 8_low_error Pos : PT_F33 -----
There are 1 faults will be injected in faulttable...
101615 microseconds
Fault on PT_F33(0X1 -> 0X6a)
3000090 microseconds
timeout
[ 2016-10-27 2:28:40]Process 3753 termed with signal 14(SIGALRM)
PT_F33-8_low_error-100 Test Num : 20
Inject into ../bin/hello
----- Type : 8_low_error Pos : PT_F33 -----
There are 1 faults will be injected in faulttable...
101562 microseconds
Fault on PT_F33(0X1 -> 0X57)
3000087 microseconds
timeout
[ 2016-10-27 2:28:43]Process 3755 termed with signal 14(SIGALRM)
PT_F33-8_low_error-100 Test Num : 21
Inject into ../bin/hello
----- Type : 8_low_error Pos : PT_F33 -----
There are 1 faults will be injected in faulttable...
101587 microseconds
Fault on PT_F33(0X1 -> 0X2a)
3000097 microseconds
timeout
[ 2016-10-27 2:28:46]Process 3757 termed with signal 14(SIGALRM)
PT_F33-8_low_error-100 Test Num : 22
Inject into ../bin/hello
----- Type : 8_low_error Pos : PT_F33 -----
There are 1 faults will be injected in faulttable...
101185 microseconds
Fault on PT_F33(0X1 -> 0Xea)
3000094 microseconds
timeout
[ 2016-10-27 2:28:49]Process 3759 termed with signal 14(SIGALRM)
PT_F33-8_low_error-100 Test Num : 23
Inject into ../bin/hello
----- Type : 8_low_error Pos : PT_F33 -----
There are 1 faults will be injected in faulttable...
101502 microseconds
Fault on PT_F33(0X1 -> 0Xf3)
3000144 microseconds
timeout
[ 2016-10-27 2:28:52]Process 3761 termed with signal 14(SIGALRM)
PT_F33-8_low_error-100 Test Num : 24
Inject into ../bin/hello
----- Type : 8_low_error Pos : PT_F33 -----
There are 1 faults will be injected in faulttable...
101397 microseconds
Fault on PT_F33(0X1 -> 0X0)
3000089 microseconds
timeout
[ 2016-10-27 2:28:55]Process 3763 termed with signal 14(SIGALRM)
PT_F33-8_low_error-100 Test Num : 25
Inject into ../bin/hello
----- Type : 8_low_error Pos : PT_F33 -----
There are 1 faults will be injected in faulttable...
101349 microseconds
Fault on PT_F33(0X1 -> 0Xf3)
3000119 microseconds
timeout
[ 2016-10-27 2:28:58]Process 3765 termed with signal 14(SIGALRM)
PT_F33-8_low_error-100 Test Num : 26
Inject into ../bin/hello
----- Type : 8_low_error Pos : PT_F33 -----
There are 1 faults will be injected in faulttable...
101209 microseconds
Fault on PT_F33(0X1 -> 0Xf1)
3000183 microseconds
timeout
[  2016-10-27 2:29:2]Process 3767 termed with signal 14(SIGALRM)
PT_F33-8_low_error-100 Test Num : 27
Inject into ../bin/hello
----- Type : 8_low_error Pos : PT_F33 -----
There are 1 faults will be injected in faulttable...
101011 microseconds
Fault on PT_F33(0X1 -> 0Xf5)
3000141 microseconds
timeout
[  2016-10-27 2:29:5]Process 3769 termed with signal 14(SIGALRM)
PT_F33-8_low_error-100 Test Num : 28
Inject into ../bin/hello
----- Type : 8_low_error Pos : PT_F33 -----
There are 1 faults will be injected in faulttable...
100111 microseconds
Fault on PT_F33(0X1 -> 0X32)
3000152 microseconds
timeout
[  2016-10-27 2:29:8]Process 3771 termed with signal 14(SIGALRM)
PT_F33-8_low_error-100 Test Num : 29
Inject into ../bin/hello
----- Type : 8_low_error Pos : PT_F33 -----
There are 1 faults will be injected in faulttable...
101507 microseconds
Fault on PT_F33(0X1 -> 0Xdd)
3000127 microseconds
timeout
[ 2016-10-27 2:29:11]Process 3773 termed with signal 14(SIGALRM)
PT_F33-8_low_error-100 Test Num : 30
Inject into ../bin/hello
----- Type : 8_low_error Pos : PT_F33 -----
There are 1 faults will be injected in faulttable...
101163 microseconds
Fault on PT_F33(0X1 -> 0Xc)
3000146 microseconds
timeout
[ 2016-10-27 2:29:14]Process 3775 termed with signal 14(SIGALRM)
PT_F33-8_low_error-100 Test Num : 31
Inject into ../bin/hello
----- Type : 8_low_error Pos : PT_F33 -----
There are 1 faults will be injected in faulttable...
101168 microseconds
Fault on PT_F33(0X1 -> 0Xe9)
3000091 microseconds
timeout
[ 2016-10-27 2:29:17]Process 3777 termed with signal 14(SIGALRM)
PT_F33-8_low_error-100 Test Num : 32
Inject into ../bin/hello
----- Type : 8_low_error Pos : PT_F33 -----
There are 1 faults will be injected in faulttable...
101214 microseconds
Fault on PT_F33(0X1 -> 0X43)
3000100 microseconds
timeout
[ 2016-10-27 2:29:20]Process 3779 termed with signal 14(SIGALRM)
PT_F33-8_low_error-100 Test Num : 33
Inject into ../bin/hello
----- Type : 8_low_error Pos : PT_F33 -----
There are 1 faults will be injected in faulttable...
101023 microseconds
Fault on PT_F33(0X1 -> 0X2b)
3000102 microseconds
timeout
[ 2016-10-27 2:29:23]Process 3781 termed with signal 14(SIGALRM)
PT_F33-8_low_error-100 Test Num : 34
Inject into ../bin/hello
----- Type : 8_low_error Pos : PT_F33 -----
There are 1 faults will be injected in faulttable...
100074 microseconds
Fault on PT_F33(0X1 -> 0X9f)
3000072 microseconds
timeout
[ 2016-10-27 2:29:26]Process 3783 termed with signal 14(SIGALRM)
PT_F33-8_low_error-100 Test Num : 35
Inject into ../bin/hello
----- Type : 8_low_error Pos : PT_F33 -----
There are 1 faults will be injected in faulttable...
100080 microseconds
Fault on PT_F33(0X1 -> 0X72)
3000114 microseconds
timeout
[ 2016-10-27 2:29:30]Process 3786 termed with signal 14(SIGALRM)
PT_F33-8_low_error-100 Test Num : 36
Inject into ../bin/hello
----- Type : 8_low_error Pos : PT_F33 -----
There are 1 faults will be injected in faulttable...
101514 microseconds
Fault on PT_F33(0X1 -> 0X1f)
3000155 microseconds
timeout
[ 2016-10-27 2:29:33]Process 3788 termed with signal 14(SIGALRM)
PT_F33-8_low_error-100 Test Num : 37
Inject into ../bin/hello
----- Type : 8_low_error Pos : PT_F33 -----
There are 1 faults will be injected in faulttable...
101387 microseconds
Fault on PT_F33(0X1 -> 0X7)
3000112 microseconds
timeout
[ 2016-10-27 2:29:36]Process 3790 termed with signal 14(SIGALRM)
PT_F33-8_low_error-100 Test Num : 38
Inject into ../bin/hello
----- Type : 8_low_error Pos : PT_F33 -----
There are 1 faults will be injected in faulttable...
101109 microseconds
Fault on PT_F33(0X1 -> 0X36)
3000111 microseconds
timeout
[ 2016-10-27 2:29:39]Process 3792 termed with signal 14(SIGALRM)
PT_F33-8_low_error-100 Test Num : 39
Inject into ../bin/hello
----- Type : 8_low_error Pos : PT_F33 -----
There are 1 faults will be injected in faulttable...
101180 microseconds
Fault on PT_F33(0X1 -> 0Xfb)
3000107 microseconds
timeout
[ 2016-10-27 2:29:42]Process 3794 termed with signal 14(SIGALRM)
PT_F33-8_low_error-100 Test Num : 40
Inject into ../bin/hello
----- Type : 8_low_error Pos : PT_F33 -----
There are 1 faults will be injected in faulttable...
101493 microseconds
Fault on PT_F33(0X1 -> 0X7e)
3000077 microseconds
timeout
[ 2016-10-27 2:29:45]Process 3796 termed with signal 14(SIGALRM)
PT_F33-8_low_error-100 Test Num : 41
Inject into ../bin/hello
----- Type : 8_low_error Pos : PT_F33 -----
There are 1 faults will be injected in faulttable...
101406 microseconds
Fault on PT_F33(0X1 -> 0Xe)
3000085 microseconds
timeout
[ 2016-10-27 2:29:48]Process 3798 termed with signal 14(SIGALRM)
PT_F33-8_low_error-100 Test Num : 42
Inject into ../bin/hello
----- Type : 8_low_error Pos : PT_F33 -----
There are 1 faults will be injected in faulttable...
101195 microseconds
Fault on PT_F33(0X1 -> 0Xd)
3000089 microseconds
timeout
[ 2016-10-27 2:29:51]Process 3800 termed with signal 14(SIGALRM)
PT_F33-8_low_error-100 Test Num : 43
Inject into ../bin/hello
----- Type : 8_low_error Pos : PT_F33 -----
There are 1 faults will be injected in faulttable...
101645 microseconds
Fault on PT_F33(0X1 -> 0X76)
3000207 microseconds
timeout
[ 2016-10-27 2:29:54]Process 3802 termed with signal 14(SIGALRM)
PT_F33-8_low_error-100 Test Num : 44
Inject into ../bin/hello
----- Type : 8_low_error Pos : PT_F33 -----
There are 1 faults will be injected in faulttable...
101104 microseconds
Fault on PT_F33(0X1 -> 0Xe5)
3000106 microseconds
timeout
[ 2016-10-27 2:29:58]Process 3804 termed with signal 14(SIGALRM)
PT_F33-8_low_error-100 Test Num : 45
Inject into ../bin/hello
----- Type : 8_low_error Pos : PT_F33 -----
There are 1 faults will be injected in faulttable...
101613 microseconds
Fault on PT_F33(0X1 -> 0X4c)
3000107 microseconds
timeout
[  2016-10-27 2:30:1]Process 3806 termed with signal 14(SIGALRM)
PT_F33-8_low_error-100 Test Num : 46
Inject into ../bin/hello
----- Type : 8_low_error Pos : PT_F33 -----
There are 1 faults will be injected in faulttable...
101453 microseconds
Fault on PT_F33(0X1 -> 0X27)
3000127 microseconds
timeout
[  2016-10-27 2:30:4]Process 3808 termed with signal 14(SIGALRM)
PT_F33-8_low_error-100 Test Num : 47
Inject into ../bin/hello
----- Type : 8_low_error Pos : PT_F33 -----
There are 1 faults will be injected in faulttable...
101447 microseconds
Fault on PT_F33(0X1 -> 0Xf6)
3000135 microseconds
timeout
[  2016-10-27 2:30:7]Process 3810 termed with signal 14(SIGALRM)
PT_F33-8_low_error-100 Test Num : 48
Inject into ../bin/hello
----- Type : 8_low_error Pos : PT_F33 -----
There are 1 faults will be injected in faulttable...
101065 microseconds
Fault on PT_F33(0X1 -> 0Xe9)
3000145 microseconds
timeout
[ 2016-10-27 2:30:10]Process 3812 termed with signal 14(SIGALRM)
PT_F33-8_low_error-100 Test Num : 49
Inject into ../bin/hello
----- Type : 8_low_error Pos : PT_F33 -----
There are 1 faults will be injected in faulttable...
101174 microseconds
Fault on PT_F33(0X1 -> 0Xf0)
3000104 microseconds
timeout
[ 2016-10-27 2:30:13]Process 3814 termed with signal 14(SIGALRM)
PT_F33-8_low_error-100 Test Num : 50
Inject into ../bin/hello
----- Type : 8_low_error Pos : PT_F33 -----
There are 1 faults will be injected in faulttable...
101453 microseconds
Fault on PT_F33(0X1 -> 0Xa2)
3000131 microseconds
timeout
[ 2016-10-27 2:30:16]Process 3816 termed with signal 14(SIGALRM)
PT_F33-8_low_error-100 Test Num : 51
Inject into ../bin/hello
----- Type : 8_low_error Pos : PT_F33 -----
There are 1 faults will be injected in faulttable...
101317 microseconds
Fault on PT_F33(0X1 -> 0X60)
3000096 microseconds
timeout
[ 2016-10-27 2:30:19]Process 3818 termed with signal 14(SIGALRM)
PT_F33-8_low_error-100 Test Num : 52
Inject into ../bin/hello
----- Type : 8_low_error Pos : PT_F33 -----
There are 1 faults will be injected in faulttable...
100146 microseconds
Fault on PT_F33(0X1 -> 0Xda)
3000062 microseconds
timeout
[ 2016-10-27 2:30:22]Process 3820 termed with signal 14(SIGALRM)
PT_F33-8_low_error-100 Test Num : 53
Inject into ../bin/hello
----- Type : 8_low_error Pos : PT_F33 -----
There are 1 faults will be injected in faulttable...
101249 microseconds
Fault on PT_F33(0X1 -> 0X8e)
3000069 microseconds
timeout
[ 2016-10-27 2:30:26]Process 3822 termed with signal 14(SIGALRM)
PT_F33-8_low_error-100 Test Num : 54
Inject into ../bin/hello
----- Type : 8_low_error Pos : PT_F33 -----
There are 1 faults will be injected in faulttable...
101053 microseconds
Fault on PT_F33(0X1 -> 0Xba)
3000134 microseconds
timeout
[ 2016-10-27 2:30:29]Process 3824 termed with signal 14(SIGALRM)
PT_F33-8_low_error-100 Test Num : 55
Inject into ../bin/hello
----- Type : 8_low_error Pos : PT_F33 -----
There are 1 faults will be injected in faulttable...
101153 microseconds
Fault on PT_F33(0X1 -> 0Xf2)
3000140 microseconds
timeout
[ 2016-10-27 2:30:32]Process 3826 termed with signal 14(SIGALRM)
PT_F33-8_low_error-100 Test Num : 56
Inject into ../bin/hello
----- Type : 8_low_error Pos : PT_F33 -----
There are 1 faults will be injected in faulttable...
100160 microseconds
Fault on PT_F33(0X1 -> 0Xab)
3000107 microseconds
timeout
[ 2016-10-27 2:30:35]Process 3828 termed with signal 14(SIGALRM)
PT_F33-8_low_error-100 Test Num : 57
Inject into ../bin/hello
----- Type : 8_low_error Pos : PT_F33 -----
There are 1 faults will be injected in faulttable...
101644 microseconds
Fault on PT_F33(0X1 -> 0X3f)
3000087 microseconds
timeout
[ 2016-10-27 2:30:38]Process 3830 termed with signal 14(SIGALRM)
PT_F33-8_low_error-100 Test Num : 58
Inject into ../bin/hello
----- Type : 8_low_error Pos : PT_F33 -----
There are 1 faults will be injected in faulttable...
101131 microseconds
Fault on PT_F33(0X1 -> 0X9)
3000137 microseconds
timeout
[ 2016-10-27 2:30:41]Process 3832 termed with signal 14(SIGALRM)
PT_F33-8_low_error-100 Test Num : 59
Inject into ../bin/hello
----- Type : 8_low_error Pos : PT_F33 -----
There are 1 faults will be injected in faulttable...
101414 microseconds
Fault on PT_F33(0X1 -> 0X7a)
3000144 microseconds
timeout
[ 2016-10-27 2:30:44]Process 3834 termed with signal 14(SIGALRM)
PT_F33-8_low_error-100 Test Num : 60
Inject into ../bin/hello
----- Type : 8_low_error Pos : PT_F33 -----
There are 1 faults will be injected in faulttable...
101230 microseconds
Fault on PT_F33(0X1 -> 0X4f)
3000075 microseconds
timeout
[ 2016-10-27 2:30:47]Process 3836 termed with signal 14(SIGALRM)
PT_F33-8_low_error-100 Test Num : 61
Inject into ../bin/hello
----- Type : 8_low_error Pos : PT_F33 -----
There are 1 faults will be injected in faulttable...
101028 microseconds
Fault on PT_F33(0X1 -> 0Xa1)
3000077 microseconds
timeout
[ 2016-10-27 2:30:50]Process 3838 termed with signal 14(SIGALRM)
PT_F33-8_low_error-100 Test Num : 62
Inject into ../bin/hello
----- Type : 8_low_error Pos : PT_F33 -----
There are 1 faults will be injected in faulttable...
101047 microseconds
Fault on PT_F33(0X1 -> 0Xef)
3000065 microseconds
timeout
[ 2016-10-27 2:30:54]Process 3840 termed with signal 14(SIGALRM)
PT_F33-8_low_error-100 Test Num : 63
Inject into ../bin/hello
----- Type : 8_low_error Pos : PT_F33 -----
There are 1 faults will be injected in faulttable...
100976 microseconds
Fault on PT_F33(0X1 -> 0X68)
3000081 microseconds
timeout
[ 2016-10-27 2:30:57]Process 3842 termed with signal 14(SIGALRM)
PT_F33-8_low_error-100 Test Num : 64
Inject into ../bin/hello
----- Type : 8_low_error Pos : PT_F33 -----
There are 1 faults will be injected in faulttable...
101296 microseconds
Fault on PT_F33(0X1 -> 0Xf5)
3000069 microseconds
timeout
[  2016-10-27 2:31:0]Process 3844 termed with signal 14(SIGALRM)
PT_F33-8_low_error-100 Test Num : 65
Inject into ../bin/hello
----- Type : 8_low_error Pos : PT_F33 -----
There are 1 faults will be injected in faulttable...
101312 microseconds
Fault on PT_F33(0X1 -> 0X5c)
3000070 microseconds
timeout
[  2016-10-27 2:31:3]Process 3846 termed with signal 14(SIGALRM)
PT_F33-8_low_error-100 Test Num : 66
Inject into ../bin/hello
----- Type : 8_low_error Pos : PT_F33 -----
There are 1 faults will be injected in faulttable...
101139 microseconds
Fault on PT_F33(0X1 -> 0Xbd)
3000063 microseconds
timeout
[  2016-10-27 2:31:6]Process 3848 termed with signal 14(SIGALRM)
PT_F33-8_low_error-100 Test Num : 67
Inject into ../bin/hello
----- Type : 8_low_error Pos : PT_F33 -----
There are 1 faults will be injected in faulttable...
100998 microseconds
Fault on PT_F33(0X1 -> 0X1a)
3000114 microseconds
timeout
[  2016-10-27 2:31:9]Process 3850 termed with signal 14(SIGALRM)
PT_F33-8_low_error-100 Test Num : 68
Inject into ../bin/hello
----- Type : 8_low_error Pos : PT_F33 -----
There are 1 faults will be injected in faulttable...
100076 microseconds
Fault on PT_F33(0X1 -> 0X57)
3000129 microseconds
timeout
[ 2016-10-27 2:31:12]Process 3852 termed with signal 14(SIGALRM)
PT_F33-8_low_error-100 Test Num : 69
Inject into ../bin/hello
----- Type : 8_low_error Pos : PT_F33 -----
There are 1 faults will be injected in faulttable...
101806 microseconds
Fault on PT_F33(0X1 -> 0X19)
3000330 microseconds
timeout
[ 2016-10-27 2:31:15]Process 3854 termed with signal 14(SIGALRM)
PT_F33-8_low_error-100 Test Num : 70
Inject into ../bin/hello
----- Type : 8_low_error Pos : PT_F33 -----
There are 1 faults will be injected in faulttable...
100091 microseconds
Fault on PT_F33(0X1 -> 0X17)
3000111 microseconds
timeout
[ 2016-10-27 2:31:18]Process 3856 termed with signal 14(SIGALRM)
PT_F33-8_low_error-100 Test Num : 71
Inject into ../bin/hello
----- Type : 8_low_error Pos : PT_F33 -----
There are 1 faults will be injected in faulttable...
100980 microseconds
Fault on PT_F33(0X1 -> 0X9c)
3000059 microseconds
timeout
[ 2016-10-27 2:31:22]Process 3858 termed with signal 14(SIGALRM)
PT_F33-8_low_error-100 Test Num : 72
Inject into ../bin/hello
----- Type : 8_low_error Pos : PT_F33 -----
There are 1 faults will be injected in faulttable...
100136 microseconds
Fault on PT_F33(0X1 -> 0X7a)
3000089 microseconds
timeout
[ 2016-10-27 2:31:25]Process 3860 termed with signal 14(SIGALRM)
PT_F33-8_low_error-100 Test Num : 73
Inject into ../bin/hello
----- Type : 8_low_error Pos : PT_F33 -----
There are 1 faults will be injected in faulttable...
101200 microseconds
Fault on PT_F33(0X1 -> 0Xfe)
3000104 microseconds
timeout
[ 2016-10-27 2:31:28]Process 3862 termed with signal 14(SIGALRM)
PT_F33-8_low_error-100 Test Num : 74
Inject into ../bin/hello
----- Type : 8_low_error Pos : PT_F33 -----
There are 1 faults will be injected in faulttable...
101111 microseconds
Fault on PT_F33(0X1 -> 0Xf)
3000083 microseconds
timeout
[ 2016-10-27 2:31:31]Process 3864 termed with signal 14(SIGALRM)
PT_F33-8_low_error-100 Test Num : 75
Inject into ../bin/hello
----- Type : 8_low_error Pos : PT_F33 -----
There are 1 faults will be injected in faulttable...
101383 microseconds
Fault on PT_F33(0X1 -> 0Xee)
3000070 microseconds
timeout
[ 2016-10-27 2:31:34]Process 3866 termed with signal 14(SIGALRM)
PT_F33-8_low_error-100 Test Num : 76
Inject into ../bin/hello
----- Type : 8_low_error Pos : PT_F33 -----
There are 1 faults will be injected in faulttable...
101039 microseconds
Fault on PT_F33(0X1 -> 0Xd0)
3000110 microseconds
timeout
[ 2016-10-27 2:31:37]Process 3868 termed with signal 14(SIGALRM)
PT_F33-8_low_error-100 Test Num : 77
Inject into ../bin/hello
----- Type : 8_low_error Pos : PT_F33 -----
There are 1 faults will be injected in faulttable...
101310 microseconds
Fault on PT_F33(0X1 -> 0X99)
3000093 microseconds
timeout
[ 2016-10-27 2:31:40]Process 3870 termed with signal 14(SIGALRM)
PT_F33-8_low_error-100 Test Num : 78
Inject into ../bin/hello
----- Type : 8_low_error Pos : PT_F33 -----
There are 1 faults will be injected in faulttable...
100301 microseconds
Fault on PT_F33(0X1 -> 0X12)
3000066 microseconds
timeout
[ 2016-10-27 2:31:43]Process 3872 termed with signal 14(SIGALRM)
PT_F33-8_low_error-100 Test Num : 79
Inject into ../bin/hello
----- Type : 8_low_error Pos : PT_F33 -----
There are 1 faults will be injected in faulttable...
101382 microseconds
Fault on PT_F33(0X1 -> 0X39)
3000136 microseconds
timeout
[ 2016-10-27 2:31:46]Process 3874 termed with signal 14(SIGALRM)
PT_F33-8_low_error-100 Test Num : 80
Inject into ../bin/hello
----- Type : 8_low_error Pos : PT_F33 -----
There are 1 faults will be injected in faulttable...
101122 microseconds
Fault on PT_F33(0X1 -> 0Xab)
3000088 microseconds
timeout
[ 2016-10-27 2:31:50]Process 3876 termed with signal 14(SIGALRM)
PT_F33-8_low_error-100 Test Num : 81
Inject into ../bin/hello
----- Type : 8_low_error Pos : PT_F33 -----
There are 1 faults will be injected in faulttable...
101451 microseconds
Fault on PT_F33(0X1 -> 0X37)
3000071 microseconds
timeout
[ 2016-10-27 2:31:53]Process 3878 termed with signal 14(SIGALRM)
PT_F33-8_low_error-100 Test Num : 82
Inject into ../bin/hello
----- Type : 8_low_error Pos : PT_F33 -----
There are 1 faults will be injected in faulttable...
100958 microseconds
Fault on PT_F33(0X1 -> 0X69)
3000079 microseconds
timeout
[ 2016-10-27 2:31:56]Process 3880 termed with signal 14(SIGALRM)
PT_F33-8_low_error-100 Test Num : 83
Inject into ../bin/hello
----- Type : 8_low_error Pos : PT_F33 -----
There are 1 faults will be injected in faulttable...
100956 microseconds
Fault on PT_F33(0X1 -> 0X3e)
3000107 microseconds
timeout
[ 2016-10-27 2:31:59]Process 3882 termed with signal 14(SIGALRM)
PT_F33-8_low_error-100 Test Num : 84
Inject into ../bin/hello
----- Type : 8_low_error Pos : PT_F33 -----
There are 1 faults will be injected in faulttable...
101309 microseconds
Fault on PT_F33(0X1 -> 0X1c)
3000067 microseconds
timeout
[  2016-10-27 2:32:2]Process 3884 termed with signal 14(SIGALRM)
PT_F33-8_low_error-100 Test Num : 85
Inject into ../bin/hello
----- Type : 8_low_error Pos : PT_F33 -----
There are 1 faults will be injected in faulttable...
101414 microseconds
Fault on PT_F33(0X1 -> 0X88)
3000073 microseconds
timeout
[  2016-10-27 2:32:5]Process 3886 termed with signal 14(SIGALRM)
PT_F33-8_low_error-100 Test Num : 86
Inject into ../bin/hello
----- Type : 8_low_error Pos : PT_F33 -----
There are 1 faults will be injected in faulttable...
100949 microseconds
Fault on PT_F33(0X1 -> 0X20)
3000110 microseconds
timeout
[  2016-10-27 2:32:8]Process 3888 termed with signal 14(SIGALRM)
PT_F33-8_low_error-100 Test Num : 87
Inject into ../bin/hello
----- Type : 8_low_error Pos : PT_F33 -----
There are 1 faults will be injected in faulttable...
101178 microseconds
Fault on PT_F33(0X1 -> 0X1e)
3000074 microseconds
timeout
[ 2016-10-27 2:32:11]Process 3890 termed with signal 14(SIGALRM)
PT_F33-8_low_error-100 Test Num : 88
Inject into ../bin/hello
----- Type : 8_low_error Pos : PT_F33 -----
There are 1 faults will be injected in faulttable...
101143 microseconds
Fault on PT_F33(0X1 -> 0X30)
3000107 microseconds
timeout
[ 2016-10-27 2:32:14]Process 3892 termed with signal 14(SIGALRM)
PT_F33-8_low_error-100 Test Num : 89
Inject into ../bin/hello
----- Type : 8_low_error Pos : PT_F33 -----
There are 1 faults will be injected in faulttable...
101034 microseconds
Fault on PT_F33(0X1 -> 0X21)
3000110 microseconds
timeout
[ 2016-10-27 2:32:18]Process 3894 termed with signal 14(SIGALRM)
PT_F33-8_low_error-100 Test Num : 90
Inject into ../bin/hello
----- Type : 8_low_error Pos : PT_F33 -----
There are 1 faults will be injected in faulttable...
101794 microseconds
Fault on PT_F33(0X1 -> 0X7f)
3000127 microseconds
timeout
[ 2016-10-27 2:32:21]Process 3896 termed with signal 14(SIGALRM)
PT_F33-8_low_error-100 Test Num : 91
Inject into ../bin/hello
----- Type : 8_low_error Pos : PT_F33 -----
There are 1 faults will be injected in faulttable...
100071 microseconds
Fault on PT_F33(0X1 -> 0X8a)
3000086 microseconds
timeout
[ 2016-10-27 2:32:24]Process 3898 termed with signal 14(SIGALRM)
PT_F33-8_low_error-100 Test Num : 92
Inject into ../bin/hello
----- Type : 8_low_error Pos : PT_F33 -----
There are 1 faults will be injected in faulttable...
100157 microseconds
Fault on PT_F33(0X1 -> 0X8e)
3000118 microseconds
timeout
[ 2016-10-27 2:32:27]Process 3900 termed with signal 14(SIGALRM)
PT_F33-8_low_error-100 Test Num : 93
Inject into ../bin/hello
----- Type : 8_low_error Pos : PT_F33 -----
There are 1 faults will be injected in faulttable...
101120 microseconds
Fault on PT_F33(0X1 -> 0X56)
3000092 microseconds
timeout
[ 2016-10-27 2:32:30]Process 3902 termed with signal 14(SIGALRM)
PT_F33-8_low_error-100 Test Num : 94
Inject into ../bin/hello
----- Type : 8_low_error Pos : PT_F33 -----
There are 1 faults will be injected in faulttable...
101763 microseconds
Fault on PT_F33(0X1 -> 0Xff)
3000145 microseconds
timeout
[ 2016-10-27 2:32:33]Process 3904 termed with signal 14(SIGALRM)
PT_F33-8_low_error-100 Test Num : 95
Inject into ../bin/hello
----- Type : 8_low_error Pos : PT_F33 -----
There are 1 faults will be injected in faulttable...
101150 microseconds
Fault on PT_F33(0X1 -> 0X55)
3000136 microseconds
timeout
[ 2016-10-27 2:32:36]Process 3906 termed with signal 14(SIGALRM)
PT_F33-8_low_error-100 Test Num : 96
Inject into ../bin/hello
----- Type : 8_low_error Pos : PT_F33 -----
There are 1 faults will be injected in faulttable...
101042 microseconds
Fault on PT_F33(0X1 -> 0X50)
3000082 microseconds
timeout
[ 2016-10-27 2:32:39]Process 3908 termed with signal 14(SIGALRM)
PT_F33-8_low_error-100 Test Num : 97
Inject into ../bin/hello
----- Type : 8_low_error Pos : PT_F33 -----
There are 1 faults will be injected in faulttable...
101181 microseconds
Fault on PT_F33(0X1 -> 0X21)
3000084 microseconds
timeout
[ 2016-10-27 2:32:42]Process 3910 termed with signal 14(SIGALRM)
PT_F33-8_low_error-100 Test Num : 98
Inject into ../bin/hello
----- Type : 8_low_error Pos : PT_F33 -----
There are 1 faults will be injected in faulttable...
101243 microseconds
Fault on PT_F33(0X1 -> 0Xeb)
3000103 microseconds
timeout
[ 2016-10-27 2:32:46]Process 3912 termed with signal 14(SIGALRM)
PT_F33-8_low_error-100 Test Num : 99
Inject into ../bin/hello
----- Type : 8_low_error Pos : PT_F33 -----
There are 1 faults will be injected in faulttable...
101030 microseconds
Fault on PT_F33(0X1 -> 0X9c)
3000144 microseconds
timeout
[ 2016-10-27 2:32:49]Process 3914 termed with signal 14(SIGALRM)
PT_F33-8_low_error-100 Test Num : 100
Inject into ../bin/hello
----- Type : 8_low_error Pos : PT_F33 -----
There are 1 faults will be injected in faulttable...
101228 microseconds
Fault on PT_F33(0X1 -> 0Xe9)
3000124 microseconds
timeout
[ 2016-10-27 2:32:52]Process 3916 termed with signal 14(SIGALRM)
