PT_F33-1_bit_1-100 Test Num : 1
Inject into ../bin/hello
----- Type : 1_bit_1 Pos : PT_F33 -----
There are 1 faults will be injected in faulttable...
101431 microseconds
Fault on PT_F33(0X1 -> 0X1000001)
3000113 microseconds
timeout
[  2016-10-27 2:6:58]Process 2909 termed with signal 14(SIGALRM)
PT_F33-1_bit_1-100 Test Num : 2
Inject into ../bin/hello
----- Type : 1_bit_1 Pos : PT_F33 -----
There are 1 faults will be injected in faulttable...
101112 microseconds
Fault on PT_F33(0X1 -> 0X1000000000001)
3000136 microseconds
timeout
[   2016-10-27 2:7:2]Process 2911 termed with signal 14(SIGALRM)
PT_F33-1_bit_1-100 Test Num : 3
Inject into ../bin/hello
----- Type : 1_bit_1 Pos : PT_F33 -----
There are 1 faults will be injected in faulttable...
101629 microseconds
Fault on PT_F33(0X1 -> 0X2000000000001)
3000117 microseconds
timeout
[   2016-10-27 2:7:5]Process 2913 termed with signal 14(SIGALRM)
PT_F33-1_bit_1-100 Test Num : 4
Inject into ../bin/hello
----- Type : 1_bit_1 Pos : PT_F33 -----
There are 1 faults will be injected in faulttable...
101174 microseconds
Fault on PT_F33(0X1 -> 0X1000000000001)
3000098 microseconds
timeout
[   2016-10-27 2:7:8]Process 2915 termed with signal 14(SIGALRM)
PT_F33-1_bit_1-100 Test Num : 5
Inject into ../bin/hello
----- Type : 1_bit_1 Pos : PT_F33 -----
There are 1 faults will be injected in faulttable...
101533 microseconds
Fault on PT_F33(0X1 -> 0X800000000001)
3000065 microseconds
timeout
[  2016-10-27 2:7:11]Process 2917 termed with signal 14(SIGALRM)
PT_F33-1_bit_1-100 Test Num : 6
Inject into ../bin/hello
----- Type : 1_bit_1 Pos : PT_F33 -----
There are 1 faults will be injected in faulttable...
101134 microseconds
Fault on PT_F33(0X1 -> 0X401)
3000071 microseconds
timeout
[  2016-10-27 2:7:14]Process 2919 termed with signal 14(SIGALRM)
PT_F33-1_bit_1-100 Test Num : 7
Inject into ../bin/hello
----- Type : 1_bit_1 Pos : PT_F33 -----
There are 1 faults will be injected in faulttable...
100947 microseconds
Fault on PT_F33(0X1 -> 0X400000000000001)
3000137 microseconds
timeout
[  2016-10-27 2:7:17]Process 2921 termed with signal 14(SIGALRM)
PT_F33-1_bit_1-100 Test Num : 8
Inject into ../bin/hello
----- Type : 1_bit_1 Pos : PT_F33 -----
There are 1 faults will be injected in faulttable...
101100 microseconds
Fault on PT_F33(0X1 -> 0X100000001)
3000123 microseconds
timeout
[  2016-10-27 2:7:20]Process 2923 termed with signal 14(SIGALRM)
PT_F33-1_bit_1-100 Test Num : 9
Inject into ../bin/hello
----- Type : 1_bit_1 Pos : PT_F33 -----
There are 1 faults will be injected in faulttable...
101271 microseconds
Fault on PT_F33(0X1 -> 0X2000000000000001)
3000135 microseconds
timeout
[  2016-10-27 2:7:23]Process 2925 termed with signal 14(SIGALRM)
PT_F33-1_bit_1-100 Test Num : 10
Inject into ../bin/hello
----- Type : 1_bit_1 Pos : PT_F33 -----
There are 1 faults will be injected in faulttable...
101259 microseconds
Fault on PT_F33(0X1 -> 0X1)
3000109 microseconds
timeout
[  2016-10-27 2:7:26]Process 2927 termed with signal 14(SIGALRM)
PT_F33-1_bit_1-100 Test Num : 11
Inject into ../bin/hello
----- Type : 1_bit_1 Pos : PT_F33 -----
There are 1 faults will be injected in faulttable...
101231 microseconds
Fault on PT_F33(0X1 -> 0X10000001)
3000119 microseconds
timeout
[  2016-10-27 2:7:30]Process 2929 termed with signal 14(SIGALRM)
PT_F33-1_bit_1-100 Test Num : 12
Inject into ../bin/hello
----- Type : 1_bit_1 Pos : PT_F33 -----
There are 1 faults will be injected in faulttable...
100083 microseconds
Fault on PT_F33(0X1 -> 0X21)
3000127 microseconds
timeout
[  2016-10-27 2:7:33]Process 2931 termed with signal 14(SIGALRM)
PT_F33-1_bit_1-100 Test Num : 13
Inject into ../bin/hello
----- Type : 1_bit_1 Pos : PT_F33 -----
There are 1 faults will be injected in faulttable...
101040 microseconds
Fault on PT_F33(0X1 -> 0X2000000000001)
3000099 microseconds
timeout
[  2016-10-27 2:7:36]Process 2933 termed with signal 14(SIGALRM)
PT_F33-1_bit_1-100 Test Num : 14
Inject into ../bin/hello
----- Type : 1_bit_1 Pos : PT_F33 -----
There are 1 faults will be injected in faulttable...
101137 microseconds
Fault on PT_F33(0X1 -> 0X800000001)
3000057 microseconds
timeout
[  2016-10-27 2:7:39]Process 2935 termed with signal 14(SIGALRM)
PT_F33-1_bit_1-100 Test Num : 15
Inject into ../bin/hello
----- Type : 1_bit_1 Pos : PT_F33 -----
There are 1 faults will be injected in faulttable...
100945 microseconds
Fault on PT_F33(0X1 -> 0X9)
3000075 microseconds
timeout
[  2016-10-27 2:7:42]Process 2937 termed with signal 14(SIGALRM)
PT_F33-1_bit_1-100 Test Num : 16
Inject into ../bin/hello
----- Type : 1_bit_1 Pos : PT_F33 -----
There are 1 faults will be injected in faulttable...
101038 microseconds
Fault on PT_F33(0X1 -> 0X20000001)
3000053 microseconds
timeout
[  2016-10-27 2:7:45]Process 2939 termed with signal 14(SIGALRM)
PT_F33-1_bit_1-100 Test Num : 17
Inject into ../bin/hello
----- Type : 1_bit_1 Pos : PT_F33 -----
There are 1 faults will be injected in faulttable...
101000 microseconds
Fault on PT_F33(0X1 -> 0X2000000000000001)
3000084 microseconds
timeout
[  2016-10-27 2:7:48]Process 2941 termed with signal 14(SIGALRM)
PT_F33-1_bit_1-100 Test Num : 18
Inject into ../bin/hello
----- Type : 1_bit_1 Pos : PT_F33 -----
There are 1 faults will be injected in faulttable...
101214 microseconds
Fault on PT_F33(0X1 -> 0X3)
3000126 microseconds
timeout
[  2016-10-27 2:7:51]Process 2943 termed with signal 14(SIGALRM)
PT_F33-1_bit_1-100 Test Num : 19
Inject into ../bin/hello
----- Type : 1_bit_1 Pos : PT_F33 -----
There are 1 faults will be injected in faulttable...
101200 microseconds
Fault on PT_F33(0X1 -> 0X1001)
3000149 microseconds
timeout
[  2016-10-27 2:7:54]Process 2945 termed with signal 14(SIGALRM)
PT_F33-1_bit_1-100 Test Num : 20
Inject into ../bin/hello
----- Type : 1_bit_1 Pos : PT_F33 -----
There are 1 faults will be injected in faulttable...
101406 microseconds
Fault on PT_F33(0X1 -> 0X9)
3000127 microseconds
timeout
[  2016-10-27 2:7:58]Process 2947 termed with signal 14(SIGALRM)
PT_F33-1_bit_1-100 Test Num : 21
Inject into ../bin/hello
----- Type : 1_bit_1 Pos : PT_F33 -----
There are 1 faults will be injected in faulttable...
101502 microseconds
Fault on PT_F33(0X1 -> 0X100000001)
3000107 microseconds
timeout
[   2016-10-27 2:8:1]Process 2949 termed with signal 14(SIGALRM)
PT_F33-1_bit_1-100 Test Num : 22
Inject into ../bin/hello
----- Type : 1_bit_1 Pos : PT_F33 -----
There are 1 faults will be injected in faulttable...
101211 microseconds
Fault on PT_F33(0X1 -> 0X11)
3000109 microseconds
timeout
[   2016-10-27 2:8:4]Process 2951 termed with signal 14(SIGALRM)
PT_F33-1_bit_1-100 Test Num : 23
Inject into ../bin/hello
----- Type : 1_bit_1 Pos : PT_F33 -----
There are 1 faults will be injected in faulttable...
100996 microseconds
Fault on PT_F33(0X1 -> 0X10000001)
3000098 microseconds
timeout
[   2016-10-27 2:8:7]Process 2953 termed with signal 14(SIGALRM)
PT_F33-1_bit_1-100 Test Num : 24
Inject into ../bin/hello
----- Type : 1_bit_1 Pos : PT_F33 -----
There are 1 faults will be injected in faulttable...
101061 microseconds
Fault on PT_F33(0X1 -> 0X11)
3000071 microseconds
timeout
[  2016-10-27 2:8:10]Process 2955 termed with signal 14(SIGALRM)
PT_F33-1_bit_1-100 Test Num : 25
Inject into ../bin/hello
----- Type : 1_bit_1 Pos : PT_F33 -----
There are 1 faults will be injected in faulttable...
101262 microseconds
Fault on PT_F33(0X1 -> 0X10001)
3000077 microseconds
timeout
[  2016-10-27 2:8:13]Process 2957 termed with signal 14(SIGALRM)
PT_F33-1_bit_1-100 Test Num : 26
Inject into ../bin/hello
----- Type : 1_bit_1 Pos : PT_F33 -----
There are 1 faults will be injected in faulttable...
100114 microseconds
Fault on PT_F33(0X1 -> 0X200001)
3000061 microseconds
timeout
[  2016-10-27 2:8:16]Process 2959 termed with signal 14(SIGALRM)
PT_F33-1_bit_1-100 Test Num : 27
Inject into ../bin/hello
----- Type : 1_bit_1 Pos : PT_F33 -----
There are 1 faults will be injected in faulttable...
101300 microseconds
Fault on PT_F33(0X1 -> 0X40000000001)
3000073 microseconds
timeout
[  2016-10-27 2:8:19]Process 2961 termed with signal 14(SIGALRM)
PT_F33-1_bit_1-100 Test Num : 28
Inject into ../bin/hello
----- Type : 1_bit_1 Pos : PT_F33 -----
There are 1 faults will be injected in faulttable...
101073 microseconds
Fault on PT_F33(0X1 -> 0X100000000001)
3000119 microseconds
timeout
[  2016-10-27 2:8:23]Process 2963 termed with signal 14(SIGALRM)
PT_F33-1_bit_1-100 Test Num : 29
Inject into ../bin/hello
----- Type : 1_bit_1 Pos : PT_F33 -----
There are 1 faults will be injected in faulttable...
101255 microseconds
Fault on PT_F33(0X1 -> 0X80000001)
3000104 microseconds
timeout
[  2016-10-27 2:8:26]Process 2965 termed with signal 14(SIGALRM)
PT_F33-1_bit_1-100 Test Num : 30
Inject into ../bin/hello
----- Type : 1_bit_1 Pos : PT_F33 -----
There are 1 faults will be injected in faulttable...
101095 microseconds
Fault on PT_F33(0X1 -> 0X1)
3000125 microseconds
timeout
[  2016-10-27 2:8:29]Process 2967 termed with signal 14(SIGALRM)
PT_F33-1_bit_1-100 Test Num : 31
Inject into ../bin/hello
----- Type : 1_bit_1 Pos : PT_F33 -----
There are 1 faults will be injected in faulttable...
100220 microseconds
Fault on PT_F33(0X1 -> 0X40001)
3000055 microseconds
timeout
[  2016-10-27 2:8:32]Process 2969 termed with signal 14(SIGALRM)
PT_F33-1_bit_1-100 Test Num : 32
Inject into ../bin/hello
----- Type : 1_bit_1 Pos : PT_F33 -----
There are 1 faults will be injected in faulttable...
101004 microseconds
Fault on PT_F33(0X1 -> 0X200000000001)
3000106 microseconds
timeout
[  2016-10-27 2:8:35]Process 2971 termed with signal 14(SIGALRM)
PT_F33-1_bit_1-100 Test Num : 33
Inject into ../bin/hello
----- Type : 1_bit_1 Pos : PT_F33 -----
There are 1 faults will be injected in faulttable...
101087 microseconds
Fault on PT_F33(0X1 -> 0X1000001)
3000164 microseconds
timeout
[  2016-10-27 2:8:38]Process 2973 termed with signal 14(SIGALRM)
PT_F33-1_bit_1-100 Test Num : 34
Inject into ../bin/hello
----- Type : 1_bit_1 Pos : PT_F33 -----
There are 1 faults will be injected in faulttable...
101295 microseconds
Fault on PT_F33(0X1 -> 0X1001)
3000173 microseconds
timeout
[  2016-10-27 2:8:41]Process 2975 termed with signal 14(SIGALRM)
PT_F33-1_bit_1-100 Test Num : 35
Inject into ../bin/hello
----- Type : 1_bit_1 Pos : PT_F33 -----
There are 1 faults will be injected in faulttable...
101066 microseconds
Fault on PT_F33(0X1 -> 0X4001)
3000085 microseconds
timeout
[  2016-10-27 2:8:44]Process 2977 termed with signal 14(SIGALRM)
PT_F33-1_bit_1-100 Test Num : 36
Inject into ../bin/hello
----- Type : 1_bit_1 Pos : PT_F33 -----
There are 1 faults will be injected in faulttable...
100981 microseconds
Fault on PT_F33(0X1 -> 0X8000000000001)
3000143 microseconds
timeout
[  2016-10-27 2:8:47]Process 2979 termed with signal 14(SIGALRM)
PT_F33-1_bit_1-100 Test Num : 37
Inject into ../bin/hello
----- Type : 1_bit_1 Pos : PT_F33 -----
There are 1 faults will be injected in faulttable...
101544 microseconds
Fault on PT_F33(0X1 -> 0X20000001)
3000121 microseconds
timeout
[  2016-10-27 2:8:51]Process 2981 termed with signal 14(SIGALRM)
PT_F33-1_bit_1-100 Test Num : 38
Inject into ../bin/hello
----- Type : 1_bit_1 Pos : PT_F33 -----
There are 1 faults will be injected in faulttable...
101394 microseconds
Fault on PT_F33(0X1 -> 0X40000000000001)
3000232 microseconds
timeout
[  2016-10-27 2:8:54]Process 2983 termed with signal 14(SIGALRM)
PT_F33-1_bit_1-100 Test Num : 39
Inject into ../bin/hello
----- Type : 1_bit_1 Pos : PT_F33 -----
There are 1 faults will be injected in faulttable...
101174 microseconds
Fault on PT_F33(0X1 -> 0X100000000001)
3000091 microseconds
timeout
[  2016-10-27 2:8:57]Process 2985 termed with signal 14(SIGALRM)
PT_F33-1_bit_1-100 Test Num : 40
Inject into ../bin/hello
----- Type : 1_bit_1 Pos : PT_F33 -----
There are 1 faults will be injected in faulttable...
101341 microseconds
Fault on PT_F33(0X1 -> 0X4000000001)
3000062 microseconds
timeout
[   2016-10-27 2:9:0]Process 2987 termed with signal 14(SIGALRM)
PT_F33-1_bit_1-100 Test Num : 41
Inject into ../bin/hello
----- Type : 1_bit_1 Pos : PT_F33 -----
There are 1 faults will be injected in faulttable...
101243 microseconds
Fault on PT_F33(0X1 -> 0X40000000000001)
3000105 microseconds
timeout
[   2016-10-27 2:9:3]Process 2989 termed with signal 14(SIGALRM)
PT_F33-1_bit_1-100 Test Num : 42
Inject into ../bin/hello
----- Type : 1_bit_1 Pos : PT_F33 -----
There are 1 faults will be injected in faulttable...
101106 microseconds
Fault on PT_F33(0X1 -> 0X4000001)
3000097 microseconds
timeout
[   2016-10-27 2:9:6]Process 2991 termed with signal 14(SIGALRM)
PT_F33-1_bit_1-100 Test Num : 43
Inject into ../bin/hello
----- Type : 1_bit_1 Pos : PT_F33 -----
There are 1 faults will be injected in faulttable...
101642 microseconds
Fault on PT_F33(0X1 -> 0X21)
3000095 microseconds
timeout
[   2016-10-27 2:9:9]Process 2993 termed with signal 14(SIGALRM)
PT_F33-1_bit_1-100 Test Num : 44
Inject into ../bin/hello
----- Type : 1_bit_1 Pos : PT_F33 -----
There are 1 faults will be injected in faulttable...
100312 microseconds
Fault on PT_F33(0X1 -> 0X20001)
3000103 microseconds
timeout
[  2016-10-27 2:9:12]Process 2995 termed with signal 14(SIGALRM)
PT_F33-1_bit_1-100 Test Num : 45
Inject into ../bin/hello
----- Type : 1_bit_1 Pos : PT_F33 -----
There are 1 faults will be injected in faulttable...
101274 microseconds
Fault on PT_F33(0X1 -> 0X1000000001)
3000118 microseconds
timeout
[  2016-10-27 2:9:15]Process 2997 termed with signal 14(SIGALRM)
PT_F33-1_bit_1-100 Test Num : 46
Inject into ../bin/hello
----- Type : 1_bit_1 Pos : PT_F33 -----
There are 1 faults will be injected in faulttable...
101197 microseconds
Fault on PT_F33(0X1 -> 0X1000000001)
3000109 microseconds
timeout
[  2016-10-27 2:9:19]Process 2999 termed with signal 14(SIGALRM)
PT_F33-1_bit_1-100 Test Num : 47
Inject into ../bin/hello
----- Type : 1_bit_1 Pos : PT_F33 -----
There are 1 faults will be injected in faulttable...
101184 microseconds
Fault on PT_F33(0X1 -> 0X1000000000000001)
3000111 microseconds
timeout
[  2016-10-27 2:9:22]Process 3001 termed with signal 14(SIGALRM)
PT_F33-1_bit_1-100 Test Num : 48
Inject into ../bin/hello
----- Type : 1_bit_1 Pos : PT_F33 -----
There are 1 faults will be injected in faulttable...
101113 microseconds
Fault on PT_F33(0X1 -> 0X200000001)
3000092 microseconds
timeout
[  2016-10-27 2:9:25]Process 3004 termed with signal 14(SIGALRM)
PT_F33-1_bit_1-100 Test Num : 49
Inject into ../bin/hello
----- Type : 1_bit_1 Pos : PT_F33 -----
There are 1 faults will be injected in faulttable...
101151 microseconds
Fault on PT_F33(0X1 -> 0X8000000001)
3000085 microseconds
timeout
[  2016-10-27 2:9:28]Process 3006 termed with signal 14(SIGALRM)
PT_F33-1_bit_1-100 Test Num : 50
Inject into ../bin/hello
----- Type : 1_bit_1 Pos : PT_F33 -----
There are 1 faults will be injected in faulttable...
101031 microseconds
Fault on PT_F33(0X1 -> 0X400000001)
3000064 microseconds
timeout
[  2016-10-27 2:9:31]Process 3008 termed with signal 14(SIGALRM)
PT_F33-1_bit_1-100 Test Num : 51
Inject into ../bin/hello
----- Type : 1_bit_1 Pos : PT_F33 -----
There are 1 faults will be injected in faulttable...
101277 microseconds
Fault on PT_F33(0X1 -> 0X8001)
3000079 microseconds
timeout
[  2016-10-27 2:9:34]Process 3010 termed with signal 14(SIGALRM)
PT_F33-1_bit_1-100 Test Num : 52
Inject into ../bin/hello
----- Type : 1_bit_1 Pos : PT_F33 -----
There are 1 faults will be injected in faulttable...
100101 microseconds
Fault on PT_F33(0X1 -> 0X40000000000001)
3000131 microseconds
timeout
[  2016-10-27 2:9:37]Process 3012 termed with signal 14(SIGALRM)
PT_F33-1_bit_1-100 Test Num : 53
Inject into ../bin/hello
----- Type : 1_bit_1 Pos : PT_F33 -----
There are 1 faults will be injected in faulttable...
100087 microseconds
Fault on PT_F33(0X1 -> 0X1000000000001)
3000106 microseconds
timeout
[  2016-10-27 2:9:40]Process 3014 termed with signal 14(SIGALRM)
PT_F33-1_bit_1-100 Test Num : 54
Inject into ../bin/hello
----- Type : 1_bit_1 Pos : PT_F33 -----
There are 1 faults will be injected in faulttable...
100967 microseconds
Fault on PT_F33(0X1 -> 0X20000000001)
3000088 microseconds
timeout
[  2016-10-27 2:9:43]Process 3016 termed with signal 14(SIGALRM)
PT_F33-1_bit_1-100 Test Num : 55
Inject into ../bin/hello
----- Type : 1_bit_1 Pos : PT_F33 -----
There are 1 faults will be injected in faulttable...
101054 microseconds
Fault on PT_F33(0X1 -> 0X3)
3000082 microseconds
timeout
[  2016-10-27 2:9:47]Process 3018 termed with signal 14(SIGALRM)
PT_F33-1_bit_1-100 Test Num : 56
Inject into ../bin/hello
----- Type : 1_bit_1 Pos : PT_F33 -----
There are 1 faults will be injected in faulttable...
101098 microseconds
Fault on PT_F33(0X1 -> 0X2000000000000001)
3000121 microseconds
timeout
[  2016-10-27 2:9:50]Process 3020 termed with signal 14(SIGALRM)
PT_F33-1_bit_1-100 Test Num : 57
Inject into ../bin/hello
----- Type : 1_bit_1 Pos : PT_F33 -----
There are 1 faults will be injected in faulttable...
100120 microseconds
Fault on PT_F33(0X1 -> 0X10000000000001)
3000111 microseconds
timeout
[  2016-10-27 2:9:53]Process 3022 termed with signal 14(SIGALRM)
PT_F33-1_bit_1-100 Test Num : 58
Inject into ../bin/hello
----- Type : 1_bit_1 Pos : PT_F33 -----
There are 1 faults will be injected in faulttable...
101062 microseconds
Fault on PT_F33(0X1 -> 0X100000000001)
3000115 microseconds
timeout
[  2016-10-27 2:9:56]Process 3024 termed with signal 14(SIGALRM)
PT_F33-1_bit_1-100 Test Num : 59
Inject into ../bin/hello
----- Type : 1_bit_1 Pos : PT_F33 -----
There are 1 faults will be injected in faulttable...
101054 microseconds
Fault on PT_F33(0X1 -> 0X101)
3000179 microseconds
timeout
[  2016-10-27 2:9:59]Process 3026 termed with signal 14(SIGALRM)
PT_F33-1_bit_1-100 Test Num : 60
Inject into ../bin/hello
----- Type : 1_bit_1 Pos : PT_F33 -----
There are 1 faults will be injected in faulttable...
100990 microseconds
Fault on PT_F33(0X1 -> 0X80001)
3000136 microseconds
timeout
[  2016-10-27 2:10:2]Process 3028 termed with signal 14(SIGALRM)
PT_F33-1_bit_1-100 Test Num : 61
Inject into ../bin/hello
----- Type : 1_bit_1 Pos : PT_F33 -----
There are 1 faults will be injected in faulttable...
101625 microseconds
Fault on PT_F33(0X1 -> 0X80000001)
3000078 microseconds
timeout
[  2016-10-27 2:10:5]Process 3030 termed with signal 14(SIGALRM)
PT_F33-1_bit_1-100 Test Num : 62
Inject into ../bin/hello
----- Type : 1_bit_1 Pos : PT_F33 -----
There are 1 faults will be injected in faulttable...
100099 microseconds
Fault on PT_F33(0X1 -> 0X11)
3000106 microseconds
timeout
[  2016-10-27 2:10:8]Process 3032 termed with signal 14(SIGALRM)
PT_F33-1_bit_1-100 Test Num : 63
Inject into ../bin/hello
----- Type : 1_bit_1 Pos : PT_F33 -----
There are 1 faults will be injected in faulttable...
100093 microseconds
Fault on PT_F33(0X1 -> 0X400000000000001)
3000124 microseconds
timeout
[ 2016-10-27 2:10:11]Process 3034 termed with signal 14(SIGALRM)
PT_F33-1_bit_1-100 Test Num : 64
Inject into ../bin/hello
----- Type : 1_bit_1 Pos : PT_F33 -----
There are 1 faults will be injected in faulttable...
101186 microseconds
Fault on PT_F33(0X1 -> 0X10000000001)
3000083 microseconds
timeout
[ 2016-10-27 2:10:15]Process 3036 termed with signal 14(SIGALRM)
PT_F33-1_bit_1-100 Test Num : 65
Inject into ../bin/hello
----- Type : 1_bit_1 Pos : PT_F33 -----
There are 1 faults will be injected in faulttable...
101042 microseconds
Fault on PT_F33(0X1 -> 0X80000000000001)
3000086 microseconds
timeout
[ 2016-10-27 2:10:18]Process 3038 termed with signal 14(SIGALRM)
PT_F33-1_bit_1-100 Test Num : 66
Inject into ../bin/hello
----- Type : 1_bit_1 Pos : PT_F33 -----
There are 1 faults will be injected in faulttable...
100296 microseconds
Fault on PT_F33(0X1 -> 0X4000000000000001)
3000094 microseconds
timeout
[ 2016-10-27 2:10:21]Process 3040 termed with signal 14(SIGALRM)
PT_F33-1_bit_1-100 Test Num : 67
Inject into ../bin/hello
----- Type : 1_bit_1 Pos : PT_F33 -----
There are 1 faults will be injected in faulttable...
101186 microseconds
Fault on PT_F33(0X1 -> 0X9)
3000107 microseconds
timeout
[ 2016-10-27 2:10:24]Process 3042 termed with signal 14(SIGALRM)
PT_F33-1_bit_1-100 Test Num : 68
Inject into ../bin/hello
----- Type : 1_bit_1 Pos : PT_F33 -----
There are 1 faults will be injected in faulttable...
101131 microseconds
Fault on PT_F33(0X1 -> 0X4000000000000001)
3000164 microseconds
timeout
[ 2016-10-27 2:10:27]Process 3044 termed with signal 14(SIGALRM)
PT_F33-1_bit_1-100 Test Num : 69
Inject into ../bin/hello
----- Type : 1_bit_1 Pos : PT_F33 -----
There are 1 faults will be injected in faulttable...
101146 microseconds
Fault on PT_F33(0X1 -> 0X101)
3000201 microseconds
timeout
[ 2016-10-27 2:10:30]Process 3046 termed with signal 14(SIGALRM)
PT_F33-1_bit_1-100 Test Num : 70
Inject into ../bin/hello
----- Type : 1_bit_1 Pos : PT_F33 -----
There are 1 faults will be injected in faulttable...
101139 microseconds
Fault on PT_F33(0X1 -> 0X1000000000001)
3000146 microseconds
timeout
[ 2016-10-27 2:10:33]Process 3048 termed with signal 14(SIGALRM)
PT_F33-1_bit_1-100 Test Num : 71
Inject into ../bin/hello
----- Type : 1_bit_1 Pos : PT_F33 -----
There are 1 faults will be injected in faulttable...
101344 microseconds
Fault on PT_F33(0X1 -> 0X4000000000001)
3000065 microseconds
timeout
[ 2016-10-27 2:10:36]Process 3050 termed with signal 14(SIGALRM)
PT_F33-1_bit_1-100 Test Num : 72
Inject into ../bin/hello
----- Type : 1_bit_1 Pos : PT_F33 -----
There are 1 faults will be injected in faulttable...
101088 microseconds
Fault on PT_F33(0X1 -> 0X20000001)
3000105 microseconds
timeout
[ 2016-10-27 2:10:39]Process 3052 termed with signal 14(SIGALRM)
PT_F33-1_bit_1-100 Test Num : 73
Inject into ../bin/hello
----- Type : 1_bit_1 Pos : PT_F33 -----
There are 1 faults will be injected in faulttable...
101026 microseconds
Fault on PT_F33(0X1 -> 0X4000000000000001)
3000081 microseconds
timeout
[ 2016-10-27 2:10:43]Process 3054 termed with signal 14(SIGALRM)
PT_F33-1_bit_1-100 Test Num : 74
Inject into ../bin/hello
----- Type : 1_bit_1 Pos : PT_F33 -----
There are 1 faults will be injected in faulttable...
100991 microseconds
Fault on PT_F33(0X1 -> 0X801)
3000064 microseconds
timeout
[ 2016-10-27 2:10:46]Process 3056 termed with signal 14(SIGALRM)
PT_F33-1_bit_1-100 Test Num : 75
Inject into ../bin/hello
----- Type : 1_bit_1 Pos : PT_F33 -----
There are 1 faults will be injected in faulttable...
100098 microseconds
Fault on PT_F33(0X1 -> 0X200000001)
3000068 microseconds
timeout
[ 2016-10-27 2:10:49]Process 3058 termed with signal 14(SIGALRM)
PT_F33-1_bit_1-100 Test Num : 76
Inject into ../bin/hello
----- Type : 1_bit_1 Pos : PT_F33 -----
There are 1 faults will be injected in faulttable...
100128 microseconds
Fault on PT_F33(0X1 -> 0X800000000001)
3000084 microseconds
timeout
[ 2016-10-27 2:10:52]Process 3060 termed with signal 14(SIGALRM)
PT_F33-1_bit_1-100 Test Num : 77
Inject into ../bin/hello
----- Type : 1_bit_1 Pos : PT_F33 -----
There are 1 faults will be injected in faulttable...
101377 microseconds
Fault on PT_F33(0X1 -> 0X80000000001)
3000249 microseconds
timeout
[ 2016-10-27 2:10:55]Process 3062 termed with signal 14(SIGALRM)
PT_F33-1_bit_1-100 Test Num : 78
Inject into ../bin/hello
----- Type : 1_bit_1 Pos : PT_F33 -----
There are 1 faults will be injected in faulttable...
100305 microseconds
Fault on PT_F33(0X1 -> 0X4001)
3000105 microseconds
timeout
[ 2016-10-27 2:10:58]Process 3064 termed with signal 14(SIGALRM)
PT_F33-1_bit_1-100 Test Num : 79
Inject into ../bin/hello
----- Type : 1_bit_1 Pos : PT_F33 -----
There are 1 faults will be injected in faulttable...
100075 microseconds
Fault on PT_F33(0X1 -> 0X40001)
3000067 microseconds
timeout
[  2016-10-27 2:11:1]Process 3066 termed with signal 14(SIGALRM)
PT_F33-1_bit_1-100 Test Num : 80
Inject into ../bin/hello
----- Type : 1_bit_1 Pos : PT_F33 -----
There are 1 faults will be injected in faulttable...
101188 microseconds
Fault on PT_F33(0X1 -> 0X9)
3000076 microseconds
timeout
[  2016-10-27 2:11:4]Process 3068 termed with signal 14(SIGALRM)
PT_F33-1_bit_1-100 Test Num : 81
Inject into ../bin/hello
----- Type : 1_bit_1 Pos : PT_F33 -----
There are 1 faults will be injected in faulttable...
101318 microseconds
Fault on PT_F33(0X1 -> 0X20000000001)
3000102 microseconds
timeout
[  2016-10-27 2:11:7]Process 3070 termed with signal 14(SIGALRM)
PT_F33-1_bit_1-100 Test Num : 82
Inject into ../bin/hello
----- Type : 1_bit_1 Pos : PT_F33 -----
There are 1 faults will be injected in faulttable...
101234 microseconds
Fault on PT_F33(0X1 -> 0X8000000000000001)
3000137 microseconds
timeout
[ 2016-10-27 2:11:11]Process 3072 termed with signal 14(SIGALRM)
PT_F33-1_bit_1-100 Test Num : 83
Inject into ../bin/hello
----- Type : 1_bit_1 Pos : PT_F33 -----
There are 1 faults will be injected in faulttable...
101153 microseconds
Fault on PT_F33(0X1 -> 0X1001)
3000115 microseconds
timeout
[ 2016-10-27 2:11:14]Process 3074 termed with signal 14(SIGALRM)
PT_F33-1_bit_1-100 Test Num : 84
Inject into ../bin/hello
----- Type : 1_bit_1 Pos : PT_F33 -----
There are 1 faults will be injected in faulttable...
100070 microseconds
Fault on PT_F33(0X1 -> 0X8000000001)
3000159 microseconds
timeout
[ 2016-10-27 2:11:17]Process 3076 termed with signal 14(SIGALRM)
PT_F33-1_bit_1-100 Test Num : 85
Inject into ../bin/hello
----- Type : 1_bit_1 Pos : PT_F33 -----
There are 1 faults will be injected in faulttable...
101094 microseconds
Fault on PT_F33(0X1 -> 0X4001)
3000080 microseconds
timeout
[ 2016-10-27 2:11:20]Process 3078 termed with signal 14(SIGALRM)
PT_F33-1_bit_1-100 Test Num : 86
Inject into ../bin/hello
----- Type : 1_bit_1 Pos : PT_F33 -----
There are 1 faults will be injected in faulttable...
100074 microseconds
Fault on PT_F33(0X1 -> 0X401)
3000065 microseconds
timeout
[ 2016-10-27 2:11:23]Process 3080 termed with signal 14(SIGALRM)
PT_F33-1_bit_1-100 Test Num : 87
Inject into ../bin/hello
----- Type : 1_bit_1 Pos : PT_F33 -----
There are 1 faults will be injected in faulttable...
101348 microseconds
Fault on PT_F33(0X1 -> 0X200000001)
3000179 microseconds
timeout
[ 2016-10-27 2:11:26]Process 3082 termed with signal 14(SIGALRM)
PT_F33-1_bit_1-100 Test Num : 88
Inject into ../bin/hello
----- Type : 1_bit_1 Pos : PT_F33 -----
There are 1 faults will be injected in faulttable...
101494 microseconds
Fault on PT_F33(0X1 -> 0X1)
3000128 microseconds
timeout
[ 2016-10-27 2:11:29]Process 3084 termed with signal 14(SIGALRM)
PT_F33-1_bit_1-100 Test Num : 89
Inject into ../bin/hello
----- Type : 1_bit_1 Pos : PT_F33 -----
There are 1 faults will be injected in faulttable...
101141 microseconds
Fault on PT_F33(0X1 -> 0X1000000000000001)
3000062 microseconds
timeout
[ 2016-10-27 2:11:32]Process 3086 termed with signal 14(SIGALRM)
PT_F33-1_bit_1-100 Test Num : 90
Inject into ../bin/hello
----- Type : 1_bit_1 Pos : PT_F33 -----
There are 1 faults will be injected in faulttable...
101242 microseconds
Fault on PT_F33(0X1 -> 0X2000000001)
3000104 microseconds
timeout
[ 2016-10-27 2:11:35]Process 3088 termed with signal 14(SIGALRM)
PT_F33-1_bit_1-100 Test Num : 91
Inject into ../bin/hello
----- Type : 1_bit_1 Pos : PT_F33 -----
There are 1 faults will be injected in faulttable...
101182 microseconds
Fault on PT_F33(0X1 -> 0X8001)
3000098 microseconds
timeout
[ 2016-10-27 2:11:39]Process 3090 termed with signal 14(SIGALRM)
PT_F33-1_bit_1-100 Test Num : 92
Inject into ../bin/hello
----- Type : 1_bit_1 Pos : PT_F33 -----
There are 1 faults will be injected in faulttable...
101094 microseconds
Fault on PT_F33(0X1 -> 0X800000001)
3000065 microseconds
timeout
[ 2016-10-27 2:11:42]Process 3092 termed with signal 14(SIGALRM)
PT_F33-1_bit_1-100 Test Num : 93
Inject into ../bin/hello
----- Type : 1_bit_1 Pos : PT_F33 -----
There are 1 faults will be injected in faulttable...
101196 microseconds
Fault on PT_F33(0X1 -> 0X100000000000001)
3000130 microseconds
timeout
[ 2016-10-27 2:11:45]Process 3094 termed with signal 14(SIGALRM)
PT_F33-1_bit_1-100 Test Num : 94
Inject into ../bin/hello
----- Type : 1_bit_1 Pos : PT_F33 -----
There are 1 faults will be injected in faulttable...
101227 microseconds
Fault on PT_F33(0X1 -> 0X4001)
3000100 microseconds
timeout
[ 2016-10-27 2:11:48]Process 3096 termed with signal 14(SIGALRM)
PT_F33-1_bit_1-100 Test Num : 95
Inject into ../bin/hello
----- Type : 1_bit_1 Pos : PT_F33 -----
There are 1 faults will be injected in faulttable...
101350 microseconds
Fault on PT_F33(0X1 -> 0X401)
3000087 microseconds
timeout
[ 2016-10-27 2:11:51]Process 3098 termed with signal 14(SIGALRM)
PT_F33-1_bit_1-100 Test Num : 96
Inject into ../bin/hello
----- Type : 1_bit_1 Pos : PT_F33 -----
There are 1 faults will be injected in faulttable...
101626 microseconds
Fault on PT_F33(0X1 -> 0X800000000001)
3000062 microseconds
timeout
[ 2016-10-27 2:11:54]Process 3100 termed with signal 14(SIGALRM)
PT_F33-1_bit_1-100 Test Num : 97
Inject into ../bin/hello
----- Type : 1_bit_1 Pos : PT_F33 -----
There are 1 faults will be injected in faulttable...
101024 microseconds
Fault on PT_F33(0X1 -> 0X200000000001)
3000105 microseconds
timeout
[ 2016-10-27 2:11:57]Process 3102 termed with signal 14(SIGALRM)
PT_F33-1_bit_1-100 Test Num : 98
Inject into ../bin/hello
----- Type : 1_bit_1 Pos : PT_F33 -----
There are 1 faults will be injected in faulttable...
101234 microseconds
Fault on PT_F33(0X1 -> 0X1)
3000152 microseconds
timeout
[  2016-10-27 2:12:0]Process 3104 termed with signal 14(SIGALRM)
PT_F33-1_bit_1-100 Test Num : 99
Inject into ../bin/hello
----- Type : 1_bit_1 Pos : PT_F33 -----
There are 1 faults will be injected in faulttable...
100297 microseconds
Fault on PT_F33(0X1 -> 0X40000001)
3000126 microseconds
timeout
[  2016-10-27 2:12:3]Process 3106 termed with signal 14(SIGALRM)
PT_F33-1_bit_1-100 Test Num : 100
Inject into ../bin/hello
----- Type : 1_bit_1 Pos : PT_F33 -----
There are 1 faults will be injected in faulttable...
100148 microseconds
Fault on PT_F33(0X1 -> 0X2000000001)
3000122 microseconds
timeout
[  2016-10-27 2:12:7]Process 3108 termed with signal 14(SIGALRM)
