PT_F33-2_bit_0-100 Test Num : 1
Inject into ../bin/hello
----- Type : 2_bit_0 Pos : PT_F33 -----
There are 1 faults will be injected in faulttable...
101211 microseconds
Fault on PT_F33(0X1 -> 0X1)
3000086 microseconds
timeout
[  2016-10-27 2:1:47]Process 2707 termed with signal 14(SIGALRM)
PT_F33-2_bit_0-100 Test Num : 2
Inject into ../bin/hello
----- Type : 2_bit_0 Pos : PT_F33 -----
There are 1 faults will be injected in faulttable...
100985 microseconds
Fault on PT_F33(0X1 -> 0X1)
3000080 microseconds
timeout
[  2016-10-27 2:1:50]Process 2709 termed with signal 14(SIGALRM)
PT_F33-2_bit_0-100 Test Num : 3
Inject into ../bin/hello
----- Type : 2_bit_0 Pos : PT_F33 -----
There are 1 faults will be injected in faulttable...
101338 microseconds
Fault on PT_F33(0X1 -> 0X1)
3000103 microseconds
timeout
[  2016-10-27 2:1:53]Process 2711 termed with signal 14(SIGALRM)
PT_F33-2_bit_0-100 Test Num : 4
Inject into ../bin/hello
----- Type : 2_bit_0 Pos : PT_F33 -----
There are 1 faults will be injected in faulttable...
101648 microseconds
Fault on PT_F33(0X1 -> 0X1)
3000122 microseconds
timeout
[  2016-10-27 2:1:56]Process 2713 termed with signal 14(SIGALRM)
PT_F33-2_bit_0-100 Test Num : 5
Inject into ../bin/hello
----- Type : 2_bit_0 Pos : PT_F33 -----
There are 1 faults will be injected in faulttable...
101644 microseconds
Fault on PT_F33(0X1 -> 0X1)
3000129 microseconds
timeout
[   2016-10-27 2:2:0]Process 2715 termed with signal 14(SIGALRM)
PT_F33-2_bit_0-100 Test Num : 6
Inject into ../bin/hello
----- Type : 2_bit_0 Pos : PT_F33 -----
There are 1 faults will be injected in faulttable...
101322 microseconds
Fault on PT_F33(0X1 -> 0X1)
3000093 microseconds
timeout
[   2016-10-27 2:2:3]Process 2717 termed with signal 14(SIGALRM)
PT_F33-2_bit_0-100 Test Num : 7
Inject into ../bin/hello
----- Type : 2_bit_0 Pos : PT_F33 -----
There are 1 faults will be injected in faulttable...
100931 microseconds
Fault on PT_F33(0X1 -> 0X1)
3000077 microseconds
timeout
[   2016-10-27 2:2:6]Process 2719 termed with signal 14(SIGALRM)
PT_F33-2_bit_0-100 Test Num : 8
Inject into ../bin/hello
----- Type : 2_bit_0 Pos : PT_F33 -----
There are 1 faults will be injected in faulttable...
101675 microseconds
Fault on PT_F33(0X1 -> 0X1)
3000113 microseconds
timeout
[   2016-10-27 2:2:9]Process 2721 termed with signal 14(SIGALRM)
PT_F33-2_bit_0-100 Test Num : 9
Inject into ../bin/hello
----- Type : 2_bit_0 Pos : PT_F33 -----
There are 1 faults will be injected in faulttable...
101517 microseconds
Fault on PT_F33(0X1 -> 0X1)
3000078 microseconds
timeout
[  2016-10-27 2:2:12]Process 2723 termed with signal 14(SIGALRM)
PT_F33-2_bit_0-100 Test Num : 10
Inject into ../bin/hello
----- Type : 2_bit_0 Pos : PT_F33 -----
There are 1 faults will be injected in faulttable...
101550 microseconds
Fault on PT_F33(0X1 -> 0X1)
3000118 microseconds
timeout
[  2016-10-27 2:2:15]Process 2725 termed with signal 14(SIGALRM)
PT_F33-2_bit_0-100 Test Num : 11
Inject into ../bin/hello
----- Type : 2_bit_0 Pos : PT_F33 -----
There are 1 faults will be injected in faulttable...
101586 microseconds
Fault on PT_F33(0X1 -> 0X1)
3000091 microseconds
timeout
[  2016-10-27 2:2:18]Process 2727 termed with signal 14(SIGALRM)
PT_F33-2_bit_0-100 Test Num : 12
Inject into ../bin/hello
----- Type : 2_bit_0 Pos : PT_F33 -----
There are 1 faults will be injected in faulttable...
100128 microseconds
Fault on PT_F33(0X1 -> 0X1)
3000113 microseconds
timeout
[  2016-10-27 2:2:21]Process 2729 termed with signal 14(SIGALRM)
PT_F33-2_bit_0-100 Test Num : 13
Inject into ../bin/hello
----- Type : 2_bit_0 Pos : PT_F33 -----
There are 1 faults will be injected in faulttable...
101051 microseconds
Fault on PT_F33(0X1 -> 0X1)
3000069 microseconds
timeout
[  2016-10-27 2:2:24]Process 2731 termed with signal 14(SIGALRM)
PT_F33-2_bit_0-100 Test Num : 14
Inject into ../bin/hello
----- Type : 2_bit_0 Pos : PT_F33 -----
There are 1 faults will be injected in faulttable...
101415 microseconds
Fault on PT_F33(0X1 -> 0X1)
3000104 microseconds
timeout
[  2016-10-27 2:2:28]Process 2733 termed with signal 14(SIGALRM)
PT_F33-2_bit_0-100 Test Num : 15
Inject into ../bin/hello
----- Type : 2_bit_0 Pos : PT_F33 -----
There are 1 faults will be injected in faulttable...
101112 microseconds
Fault on PT_F33(0X1 -> 0X1)
3000091 microseconds
timeout
[  2016-10-27 2:2:31]Process 2735 termed with signal 14(SIGALRM)
PT_F33-2_bit_0-100 Test Num : 16
Inject into ../bin/hello
----- Type : 2_bit_0 Pos : PT_F33 -----
There are 1 faults will be injected in faulttable...
101470 microseconds
Fault on PT_F33(0X1 -> 0X1)
3000071 microseconds
timeout
[  2016-10-27 2:2:34]Process 2737 termed with signal 14(SIGALRM)
PT_F33-2_bit_0-100 Test Num : 17
Inject into ../bin/hello
----- Type : 2_bit_0 Pos : PT_F33 -----
There are 1 faults will be injected in faulttable...
101076 microseconds
Fault on PT_F33(0X1 -> 0X1)
3000114 microseconds
timeout
[  2016-10-27 2:2:37]Process 2739 termed with signal 14(SIGALRM)
PT_F33-2_bit_0-100 Test Num : 18
Inject into ../bin/hello
----- Type : 2_bit_0 Pos : PT_F33 -----
There are 1 faults will be injected in faulttable...
101378 microseconds
Fault on PT_F33(0X1 -> 0X1)
3000096 microseconds
timeout
[  2016-10-27 2:2:40]Process 2741 termed with signal 14(SIGALRM)
PT_F33-2_bit_0-100 Test Num : 19
Inject into ../bin/hello
----- Type : 2_bit_0 Pos : PT_F33 -----
There are 1 faults will be injected in faulttable...
101257 microseconds
Fault on PT_F33(0X1 -> 0X1)
3000106 microseconds
timeout
[  2016-10-27 2:2:43]Process 2743 termed with signal 14(SIGALRM)
PT_F33-2_bit_0-100 Test Num : 20
Inject into ../bin/hello
----- Type : 2_bit_0 Pos : PT_F33 -----
There are 1 faults will be injected in faulttable...
101596 microseconds
Fault on PT_F33(0X1 -> 0X1)
3000101 microseconds
timeout
[  2016-10-27 2:2:46]Process 2745 termed with signal 14(SIGALRM)
PT_F33-2_bit_0-100 Test Num : 21
Inject into ../bin/hello
----- Type : 2_bit_0 Pos : PT_F33 -----
There are 1 faults will be injected in faulttable...
101201 microseconds
Fault on PT_F33(0X1 -> 0X1)
3000113 microseconds
timeout
[  2016-10-27 2:2:49]Process 2747 termed with signal 14(SIGALRM)
PT_F33-2_bit_0-100 Test Num : 22
Inject into ../bin/hello
----- Type : 2_bit_0 Pos : PT_F33 -----
There are 1 faults will be injected in faulttable...
100986 microseconds
Fault on PT_F33(0X1 -> 0X1)
3000132 microseconds
timeout
[  2016-10-27 2:2:52]Process 2749 termed with signal 14(SIGALRM)
PT_F33-2_bit_0-100 Test Num : 23
Inject into ../bin/hello
----- Type : 2_bit_0 Pos : PT_F33 -----
There are 1 faults will be injected in faulttable...
101099 microseconds
Fault on PT_F33(0X1 -> 0X1)
3000591 microseconds
timeout
[  2016-10-27 2:2:56]Process 2751 termed with signal 14(SIGALRM)
PT_F33-2_bit_0-100 Test Num : 24
Inject into ../bin/hello
----- Type : 2_bit_0 Pos : PT_F33 -----
There are 1 faults will be injected in faulttable...
100075 microseconds
Fault on PT_F33(0X1 -> 0X1)
3000090 microseconds
timeout
[  2016-10-27 2:2:59]Process 2753 termed with signal 14(SIGALRM)
PT_F33-2_bit_0-100 Test Num : 25
Inject into ../bin/hello
----- Type : 2_bit_0 Pos : PT_F33 -----
There are 1 faults will be injected in faulttable...
101174 microseconds
Fault on PT_F33(0X1 -> 0X1)
3000117 microseconds
timeout
[   2016-10-27 2:3:2]Process 2755 termed with signal 14(SIGALRM)
PT_F33-2_bit_0-100 Test Num : 26
Inject into ../bin/hello
----- Type : 2_bit_0 Pos : PT_F33 -----
There are 1 faults will be injected in faulttable...
101457 microseconds
Fault on PT_F33(0X1 -> 0X1)
3000092 microseconds
timeout
[   2016-10-27 2:3:5]Process 2757 termed with signal 14(SIGALRM)
PT_F33-2_bit_0-100 Test Num : 27
Inject into ../bin/hello
----- Type : 2_bit_0 Pos : PT_F33 -----
There are 1 faults will be injected in faulttable...
101104 microseconds
Fault on PT_F33(0X1 -> 0X1)
3000095 microseconds
timeout
[   2016-10-27 2:3:8]Process 2759 termed with signal 14(SIGALRM)
PT_F33-2_bit_0-100 Test Num : 28
Inject into ../bin/hello
----- Type : 2_bit_0 Pos : PT_F33 -----
There are 1 faults will be injected in faulttable...
101896 microseconds
Fault on PT_F33(0X1 -> 0X1)
3000078 microseconds
timeout
[  2016-10-27 2:3:11]Process 2761 termed with signal 14(SIGALRM)
PT_F33-2_bit_0-100 Test Num : 29
Inject into ../bin/hello
----- Type : 2_bit_0 Pos : PT_F33 -----
There are 1 faults will be injected in faulttable...
101506 microseconds
Fault on PT_F33(0X1 -> 0X0)
3000124 microseconds
timeout
[  2016-10-27 2:3:14]Process 2763 termed with signal 14(SIGALRM)
PT_F33-2_bit_0-100 Test Num : 30
Inject into ../bin/hello
----- Type : 2_bit_0 Pos : PT_F33 -----
There are 1 faults will be injected in faulttable...
100073 microseconds
Fault on PT_F33(0X1 -> 0X1)
3000090 microseconds
timeout
[  2016-10-27 2:3:17]Process 2765 termed with signal 14(SIGALRM)
PT_F33-2_bit_0-100 Test Num : 31
Inject into ../bin/hello
----- Type : 2_bit_0 Pos : PT_F33 -----
There are 1 faults will be injected in faulttable...
100209 microseconds
Fault on PT_F33(0X1 -> 0X1)
3000126 microseconds
timeout
[  2016-10-27 2:3:21]Process 2767 termed with signal 14(SIGALRM)
PT_F33-2_bit_0-100 Test Num : 32
Inject into ../bin/hello
----- Type : 2_bit_0 Pos : PT_F33 -----
There are 1 faults will be injected in faulttable...
101383 microseconds
Fault on PT_F33(0X1 -> 0X1)
3000104 microseconds
timeout
[  2016-10-27 2:3:24]Process 2769 termed with signal 14(SIGALRM)
PT_F33-2_bit_0-100 Test Num : 33
Inject into ../bin/hello
----- Type : 2_bit_0 Pos : PT_F33 -----
There are 1 faults will be injected in faulttable...
100101 microseconds
Fault on PT_F33(0X1 -> 0X1)
3000128 microseconds
timeout
[  2016-10-27 2:3:27]Process 2771 termed with signal 14(SIGALRM)
PT_F33-2_bit_0-100 Test Num : 34
Inject into ../bin/hello
----- Type : 2_bit_0 Pos : PT_F33 -----
There are 1 faults will be injected in faulttable...
101174 microseconds
Fault on PT_F33(0X1 -> 0X1)
3000135 microseconds
timeout
[  2016-10-27 2:3:30]Process 2773 termed with signal 14(SIGALRM)
PT_F33-2_bit_0-100 Test Num : 35
Inject into ../bin/hello
----- Type : 2_bit_0 Pos : PT_F33 -----
There are 1 faults will be injected in faulttable...
101207 microseconds
Fault on PT_F33(0X1 -> 0X1)
3000135 microseconds
timeout
[  2016-10-27 2:3:33]Process 2775 termed with signal 14(SIGALRM)
PT_F33-2_bit_0-100 Test Num : 36
Inject into ../bin/hello
----- Type : 2_bit_0 Pos : PT_F33 -----
There are 1 faults will be injected in faulttable...
101073 microseconds
Fault on PT_F33(0X1 -> 0X1)
3000113 microseconds
timeout
[  2016-10-27 2:3:36]Process 2777 termed with signal 14(SIGALRM)
PT_F33-2_bit_0-100 Test Num : 37
Inject into ../bin/hello
----- Type : 2_bit_0 Pos : PT_F33 -----
There are 1 faults will be injected in faulttable...
101310 microseconds
Fault on PT_F33(0X1 -> 0X1)
3000263 microseconds
timeout
[  2016-10-27 2:3:39]Process 2779 termed with signal 14(SIGALRM)
PT_F33-2_bit_0-100 Test Num : 38
Inject into ../bin/hello
----- Type : 2_bit_0 Pos : PT_F33 -----
There are 1 faults will be injected in faulttable...
100083 microseconds
Fault on PT_F33(0X1 -> 0X1)
3000060 microseconds
timeout
[  2016-10-27 2:3:42]Process 2781 termed with signal 14(SIGALRM)
PT_F33-2_bit_0-100 Test Num : 39
Inject into ../bin/hello
----- Type : 2_bit_0 Pos : PT_F33 -----
There are 1 faults will be injected in faulttable...
100980 microseconds
Fault on PT_F33(0X1 -> 0X1)
3000075 microseconds
timeout
[  2016-10-27 2:3:45]Process 2783 termed with signal 14(SIGALRM)
PT_F33-2_bit_0-100 Test Num : 40
Inject into ../bin/hello
----- Type : 2_bit_0 Pos : PT_F33 -----
There are 1 faults will be injected in faulttable...
101410 microseconds
Fault on PT_F33(0X1 -> 0X1)
3000099 microseconds
timeout
[  2016-10-27 2:3:49]Process 2785 termed with signal 14(SIGALRM)
PT_F33-2_bit_0-100 Test Num : 41
Inject into ../bin/hello
----- Type : 2_bit_0 Pos : PT_F33 -----
There are 1 faults will be injected in faulttable...
101124 microseconds
Fault on PT_F33(0X1 -> 0X1)
3000258 microseconds
timeout
[  2016-10-27 2:3:52]Process 2787 termed with signal 14(SIGALRM)
PT_F33-2_bit_0-100 Test Num : 42
Inject into ../bin/hello
----- Type : 2_bit_0 Pos : PT_F33 -----
There are 1 faults will be injected in faulttable...
101245 microseconds
Fault on PT_F33(0X1 -> 0X1)
3000133 microseconds
timeout
[  2016-10-27 2:3:55]Process 2789 termed with signal 14(SIGALRM)
PT_F33-2_bit_0-100 Test Num : 43
Inject into ../bin/hello
----- Type : 2_bit_0 Pos : PT_F33 -----
There are 1 faults will be injected in faulttable...
101611 microseconds
Fault on PT_F33(0X1 -> 0X1)
3000132 microseconds
timeout
[  2016-10-27 2:3:58]Process 2791 termed with signal 14(SIGALRM)
PT_F33-2_bit_0-100 Test Num : 44
Inject into ../bin/hello
----- Type : 2_bit_0 Pos : PT_F33 -----
There are 1 faults will be injected in faulttable...
100093 microseconds
Fault on PT_F33(0X1 -> 0X1)
3000104 microseconds
timeout
[   2016-10-27 2:4:1]Process 2793 termed with signal 14(SIGALRM)
PT_F33-2_bit_0-100 Test Num : 45
Inject into ../bin/hello
----- Type : 2_bit_0 Pos : PT_F33 -----
There are 1 faults will be injected in faulttable...
100991 microseconds
Fault on PT_F33(0X1 -> 0X1)
3000129 microseconds
timeout
[   2016-10-27 2:4:4]Process 2795 termed with signal 14(SIGALRM)
PT_F33-2_bit_0-100 Test Num : 46
Inject into ../bin/hello
----- Type : 2_bit_0 Pos : PT_F33 -----
There are 1 faults will be injected in faulttable...
101242 microseconds
Fault on PT_F33(0X1 -> 0X1)
3000149 microseconds
timeout
[   2016-10-27 2:4:7]Process 2797 termed with signal 14(SIGALRM)
PT_F33-2_bit_0-100 Test Num : 47
Inject into ../bin/hello
----- Type : 2_bit_0 Pos : PT_F33 -----
There are 1 faults will be injected in faulttable...
100139 microseconds
Fault on PT_F33(0X1 -> 0X1)
3000081 microseconds
timeout
[  2016-10-27 2:4:10]Process 2799 termed with signal 14(SIGALRM)
PT_F33-2_bit_0-100 Test Num : 48
Inject into ../bin/hello
----- Type : 2_bit_0 Pos : PT_F33 -----
There are 1 faults will be injected in faulttable...
101117 microseconds
Fault on PT_F33(0X1 -> 0X1)
3000092 microseconds
timeout
[  2016-10-27 2:4:13]Process 2801 termed with signal 14(SIGALRM)
PT_F33-2_bit_0-100 Test Num : 49
Inject into ../bin/hello
----- Type : 2_bit_0 Pos : PT_F33 -----
There are 1 faults will be injected in faulttable...
101221 microseconds
Fault on PT_F33(0X1 -> 0X1)
3000060 microseconds
timeout
[  2016-10-27 2:4:17]Process 2803 termed with signal 14(SIGALRM)
PT_F33-2_bit_0-100 Test Num : 50
Inject into ../bin/hello
----- Type : 2_bit_0 Pos : PT_F33 -----
There are 1 faults will be injected in faulttable...
100965 microseconds
Fault on PT_F33(0X1 -> 0X1)
3000072 microseconds
timeout
[  2016-10-27 2:4:20]Process 2805 termed with signal 14(SIGALRM)
PT_F33-2_bit_0-100 Test Num : 51
Inject into ../bin/hello
----- Type : 2_bit_0 Pos : PT_F33 -----
There are 1 faults will be injected in faulttable...
101124 microseconds
Fault on PT_F33(0X1 -> 0X1)
3000089 microseconds
timeout
[  2016-10-27 2:4:23]Process 2807 termed with signal 14(SIGALRM)
PT_F33-2_bit_0-100 Test Num : 52
Inject into ../bin/hello
----- Type : 2_bit_0 Pos : PT_F33 -----
There are 1 faults will be injected in faulttable...
100943 microseconds
Fault on PT_F33(0X1 -> 0X1)
3000117 microseconds
timeout
[  2016-10-27 2:4:26]Process 2810 termed with signal 14(SIGALRM)
PT_F33-2_bit_0-100 Test Num : 53
Inject into ../bin/hello
----- Type : 2_bit_0 Pos : PT_F33 -----
There are 1 faults will be injected in faulttable...
101089 microseconds
Fault on PT_F33(0X1 -> 0X1)
3000105 microseconds
timeout
[  2016-10-27 2:4:29]Process 2812 termed with signal 14(SIGALRM)
PT_F33-2_bit_0-100 Test Num : 54
Inject into ../bin/hello
----- Type : 2_bit_0 Pos : PT_F33 -----
There are 1 faults will be injected in faulttable...
101066 microseconds
Fault on PT_F33(0X1 -> 0X1)
3000106 microseconds
timeout
[  2016-10-27 2:4:32]Process 2814 termed with signal 14(SIGALRM)
PT_F33-2_bit_0-100 Test Num : 55
Inject into ../bin/hello
----- Type : 2_bit_0 Pos : PT_F33 -----
There are 1 faults will be injected in faulttable...
101012 microseconds
Fault on PT_F33(0X1 -> 0X1)
3000061 microseconds
timeout
[  2016-10-27 2:4:35]Process 2816 termed with signal 14(SIGALRM)
PT_F33-2_bit_0-100 Test Num : 56
Inject into ../bin/hello
----- Type : 2_bit_0 Pos : PT_F33 -----
There are 1 faults will be injected in faulttable...
100933 microseconds
Fault on PT_F33(0X1 -> 0X1)
3000070 microseconds
timeout
[  2016-10-27 2:4:38]Process 2818 termed with signal 14(SIGALRM)
PT_F33-2_bit_0-100 Test Num : 57
Inject into ../bin/hello
----- Type : 2_bit_0 Pos : PT_F33 -----
There are 1 faults will be injected in faulttable...
101130 microseconds
Fault on PT_F33(0X1 -> 0X1)
3000134 microseconds
timeout
[  2016-10-27 2:4:41]Process 2820 termed with signal 14(SIGALRM)
PT_F33-2_bit_0-100 Test Num : 58
Inject into ../bin/hello
----- Type : 2_bit_0 Pos : PT_F33 -----
There are 1 faults will be injected in faulttable...
101465 microseconds
Fault on PT_F33(0X1 -> 0X1)
3000066 microseconds
timeout
[  2016-10-27 2:4:45]Process 2822 termed with signal 14(SIGALRM)
PT_F33-2_bit_0-100 Test Num : 59
Inject into ../bin/hello
----- Type : 2_bit_0 Pos : PT_F33 -----
There are 1 faults will be injected in faulttable...
100106 microseconds
Fault on PT_F33(0X1 -> 0X1)
3000081 microseconds
timeout
[  2016-10-27 2:4:48]Process 2824 termed with signal 14(SIGALRM)
PT_F33-2_bit_0-100 Test Num : 60
Inject into ../bin/hello
----- Type : 2_bit_0 Pos : PT_F33 -----
There are 1 faults will be injected in faulttable...
100993 microseconds
Fault on PT_F33(0X1 -> 0X1)
3000060 microseconds
timeout
[  2016-10-27 2:4:51]Process 2826 termed with signal 14(SIGALRM)
PT_F33-2_bit_0-100 Test Num : 61
Inject into ../bin/hello
----- Type : 2_bit_0 Pos : PT_F33 -----
There are 1 faults will be injected in faulttable...
101146 microseconds
Fault on PT_F33(0X1 -> 0X1)
3000125 microseconds
timeout
[  2016-10-27 2:4:54]Process 2828 termed with signal 14(SIGALRM)
PT_F33-2_bit_0-100 Test Num : 62
Inject into ../bin/hello
----- Type : 2_bit_0 Pos : PT_F33 -----
There are 1 faults will be injected in faulttable...
101148 microseconds
Fault on PT_F33(0X1 -> 0X1)
3000126 microseconds
timeout
[  2016-10-27 2:4:57]Process 2830 termed with signal 14(SIGALRM)
PT_F33-2_bit_0-100 Test Num : 63
Inject into ../bin/hello
----- Type : 2_bit_0 Pos : PT_F33 -----
There are 1 faults will be injected in faulttable...
101481 microseconds
Fault on PT_F33(0X1 -> 0X1)
3000125 microseconds
timeout
[   2016-10-27 2:5:0]Process 2832 termed with signal 14(SIGALRM)
PT_F33-2_bit_0-100 Test Num : 64
Inject into ../bin/hello
----- Type : 2_bit_0 Pos : PT_F33 -----
There are 1 faults will be injected in faulttable...
101181 microseconds
Fault on PT_F33(0X1 -> 0X1)
3000119 microseconds
timeout
[   2016-10-27 2:5:3]Process 2834 termed with signal 14(SIGALRM)
PT_F33-2_bit_0-100 Test Num : 65
Inject into ../bin/hello
----- Type : 2_bit_0 Pos : PT_F33 -----
There are 1 faults will be injected in faulttable...
101005 microseconds
Fault on PT_F33(0X1 -> 0X1)
3000270 microseconds
timeout
[   2016-10-27 2:5:6]Process 2836 termed with signal 14(SIGALRM)
PT_F33-2_bit_0-100 Test Num : 66
Inject into ../bin/hello
----- Type : 2_bit_0 Pos : PT_F33 -----
There are 1 faults will be injected in faulttable...
100932 microseconds
Fault on PT_F33(0X1 -> 0X1)
3000143 microseconds
timeout
[   2016-10-27 2:5:9]Process 2838 termed with signal 14(SIGALRM)
PT_F33-2_bit_0-100 Test Num : 67
Inject into ../bin/hello
----- Type : 2_bit_0 Pos : PT_F33 -----
There are 1 faults will be injected in faulttable...
101300 microseconds
Fault on PT_F33(0X1 -> 0X1)
3000150 microseconds
timeout
[  2016-10-27 2:5:13]Process 2840 termed with signal 14(SIGALRM)
PT_F33-2_bit_0-100 Test Num : 68
Inject into ../bin/hello
----- Type : 2_bit_0 Pos : PT_F33 -----
There are 1 faults will be injected in faulttable...
101267 microseconds
Fault on PT_F33(0X1 -> 0X1)
3000114 microseconds
timeout
[  2016-10-27 2:5:16]Process 2842 termed with signal 14(SIGALRM)
PT_F33-2_bit_0-100 Test Num : 69
Inject into ../bin/hello
----- Type : 2_bit_0 Pos : PT_F33 -----
There are 1 faults will be injected in faulttable...
101138 microseconds
Fault on PT_F33(0X1 -> 0X1)
3000086 microseconds
timeout
[  2016-10-27 2:5:19]Process 2844 termed with signal 14(SIGALRM)
PT_F33-2_bit_0-100 Test Num : 70
Inject into ../bin/hello
----- Type : 2_bit_0 Pos : PT_F33 -----
There are 1 faults will be injected in faulttable...
101661 microseconds
Fault on PT_F33(0X1 -> 0X1)
3000069 microseconds
timeout
[  2016-10-27 2:5:22]Process 2846 termed with signal 14(SIGALRM)
PT_F33-2_bit_0-100 Test Num : 71
Inject into ../bin/hello
----- Type : 2_bit_0 Pos : PT_F33 -----
There are 1 faults will be injected in faulttable...
101068 microseconds
Fault on PT_F33(0X1 -> 0X1)
3000094 microseconds
timeout
[  2016-10-27 2:5:25]Process 2848 termed with signal 14(SIGALRM)
PT_F33-2_bit_0-100 Test Num : 72
Inject into ../bin/hello
----- Type : 2_bit_0 Pos : PT_F33 -----
There are 1 faults will be injected in faulttable...
100197 microseconds
Fault on PT_F33(0X1 -> 0X1)
3000071 microseconds
timeout
[  2016-10-27 2:5:28]Process 2850 termed with signal 14(SIGALRM)
PT_F33-2_bit_0-100 Test Num : 73
Inject into ../bin/hello
----- Type : 2_bit_0 Pos : PT_F33 -----
There are 1 faults will be injected in faulttable...
100076 microseconds
Fault on PT_F33(0X1 -> 0X1)
3000210 microseconds
timeout
[  2016-10-27 2:5:31]Process 2852 termed with signal 14(SIGALRM)
PT_F33-2_bit_0-100 Test Num : 74
Inject into ../bin/hello
----- Type : 2_bit_0 Pos : PT_F33 -----
There are 1 faults will be injected in faulttable...
101036 microseconds
Fault on PT_F33(0X1 -> 0X1)
3000125 microseconds
timeout
[  2016-10-27 2:5:34]Process 2854 termed with signal 14(SIGALRM)
PT_F33-2_bit_0-100 Test Num : 75
Inject into ../bin/hello
----- Type : 2_bit_0 Pos : PT_F33 -----
There are 1 faults will be injected in faulttable...
101430 microseconds
Fault on PT_F33(0X1 -> 0X1)
3000089 microseconds
timeout
[  2016-10-27 2:5:37]Process 2856 termed with signal 14(SIGALRM)
PT_F33-2_bit_0-100 Test Num : 76
Inject into ../bin/hello
----- Type : 2_bit_0 Pos : PT_F33 -----
There are 1 faults will be injected in faulttable...
101326 microseconds
Fault on PT_F33(0X1 -> 0X1)
3000136 microseconds
timeout
[  2016-10-27 2:5:41]Process 2858 termed with signal 14(SIGALRM)
PT_F33-2_bit_0-100 Test Num : 77
Inject into ../bin/hello
----- Type : 2_bit_0 Pos : PT_F33 -----
There are 1 faults will be injected in faulttable...
101261 microseconds
Fault on PT_F33(0X1 -> 0X1)
3000133 microseconds
timeout
[  2016-10-27 2:5:44]Process 2860 termed with signal 14(SIGALRM)
PT_F33-2_bit_0-100 Test Num : 78
Inject into ../bin/hello
----- Type : 2_bit_0 Pos : PT_F33 -----
There are 1 faults will be injected in faulttable...
101814 microseconds
Fault on PT_F33(0X1 -> 0X1)
3000138 microseconds
timeout
[  2016-10-27 2:5:47]Process 2862 termed with signal 14(SIGALRM)
PT_F33-2_bit_0-100 Test Num : 79
Inject into ../bin/hello
----- Type : 2_bit_0 Pos : PT_F33 -----
There are 1 faults will be injected in faulttable...
100169 microseconds
Fault on PT_F33(0X1 -> 0X0)
3000119 microseconds
timeout
[  2016-10-27 2:5:50]Process 2864 termed with signal 14(SIGALRM)
PT_F33-2_bit_0-100 Test Num : 80
Inject into ../bin/hello
----- Type : 2_bit_0 Pos : PT_F33 -----
There are 1 faults will be injected in faulttable...
101315 microseconds
Fault on PT_F33(0X1 -> 0X1)
3000093 microseconds
timeout
[  2016-10-27 2:5:53]Process 2866 termed with signal 14(SIGALRM)
PT_F33-2_bit_0-100 Test Num : 81
Inject into ../bin/hello
----- Type : 2_bit_0 Pos : PT_F33 -----
There are 1 faults will be injected in faulttable...
101124 microseconds
Fault on PT_F33(0X1 -> 0X1)
3000083 microseconds
timeout
[  2016-10-27 2:5:56]Process 2868 termed with signal 14(SIGALRM)
PT_F33-2_bit_0-100 Test Num : 82
Inject into ../bin/hello
----- Type : 2_bit_0 Pos : PT_F33 -----
There are 1 faults will be injected in faulttable...
100972 microseconds
Fault on PT_F33(0X1 -> 0X1)
3000113 microseconds
timeout
[  2016-10-27 2:5:59]Process 2870 termed with signal 14(SIGALRM)
PT_F33-2_bit_0-100 Test Num : 83
Inject into ../bin/hello
----- Type : 2_bit_0 Pos : PT_F33 -----
There are 1 faults will be injected in faulttable...
101660 microseconds
Fault on PT_F33(0X1 -> 0X1)
3000116 microseconds
timeout
[   2016-10-27 2:6:2]Process 2872 termed with signal 14(SIGALRM)
PT_F33-2_bit_0-100 Test Num : 84
Inject into ../bin/hello
----- Type : 2_bit_0 Pos : PT_F33 -----
There are 1 faults will be injected in faulttable...
100211 microseconds
Fault on PT_F33(0X1 -> 0X1)
3000129 microseconds
timeout
[   2016-10-27 2:6:5]Process 2874 termed with signal 14(SIGALRM)
PT_F33-2_bit_0-100 Test Num : 85
Inject into ../bin/hello
----- Type : 2_bit_0 Pos : PT_F33 -----
There are 1 faults will be injected in faulttable...
100133 microseconds
Fault on PT_F33(0X1 -> 0X1)
3000129 microseconds
timeout
[   2016-10-27 2:6:9]Process 2876 termed with signal 14(SIGALRM)
PT_F33-2_bit_0-100 Test Num : 86
Inject into ../bin/hello
----- Type : 2_bit_0 Pos : PT_F33 -----
There are 1 faults will be injected in faulttable...
101326 microseconds
Fault on PT_F33(0X1 -> 0X1)
3000109 microseconds
timeout
[  2016-10-27 2:6:12]Process 2878 termed with signal 14(SIGALRM)
PT_F33-2_bit_0-100 Test Num : 87
Inject into ../bin/hello
----- Type : 2_bit_0 Pos : PT_F33 -----
There are 1 faults will be injected in faulttable...
101330 microseconds
Fault on PT_F33(0X1 -> 0X1)
3000098 microseconds
timeout
[  2016-10-27 2:6:15]Process 2880 termed with signal 14(SIGALRM)
PT_F33-2_bit_0-100 Test Num : 88
Inject into ../bin/hello
----- Type : 2_bit_0 Pos : PT_F33 -----
There are 1 faults will be injected in faulttable...
101173 microseconds
Fault on PT_F33(0X1 -> 0X1)
3000061 microseconds
timeout
[  2016-10-27 2:6:18]Process 2882 termed with signal 14(SIGALRM)
PT_F33-2_bit_0-100 Test Num : 89
Inject into ../bin/hello
----- Type : 2_bit_0 Pos : PT_F33 -----
There are 1 faults will be injected in faulttable...
100116 microseconds
Fault on PT_F33(0X1 -> 0X1)
3000108 microseconds
timeout
[  2016-10-27 2:6:21]Process 2884 termed with signal 14(SIGALRM)
PT_F33-2_bit_0-100 Test Num : 90
Inject into ../bin/hello
----- Type : 2_bit_0 Pos : PT_F33 -----
There are 1 faults will be injected in faulttable...
101163 microseconds
Fault on PT_F33(0X1 -> 0X1)
3000074 microseconds
timeout
[  2016-10-27 2:6:24]Process 2886 termed with signal 14(SIGALRM)
PT_F33-2_bit_0-100 Test Num : 91
Inject into ../bin/hello
----- Type : 2_bit_0 Pos : PT_F33 -----
There are 1 faults will be injected in faulttable...
102879 microseconds
Fault on PT_F33(0X1 -> 0X1)
3000108 microseconds
timeout
[  2016-10-27 2:6:27]Process 2888 termed with signal 14(SIGALRM)
PT_F33-2_bit_0-100 Test Num : 92
Inject into ../bin/hello
----- Type : 2_bit_0 Pos : PT_F33 -----
There are 1 faults will be injected in faulttable...
100103 microseconds
Fault on PT_F33(0X1 -> 0X1)
3000128 microseconds
timeout
[  2016-10-27 2:6:30]Process 2890 termed with signal 14(SIGALRM)
PT_F33-2_bit_0-100 Test Num : 93
Inject into ../bin/hello
----- Type : 2_bit_0 Pos : PT_F33 -----
There are 1 faults will be injected in faulttable...
101764 microseconds
Fault on PT_F33(0X1 -> 0X1)
3000226 microseconds
timeout
[  2016-10-27 2:6:33]Process 2892 termed with signal 14(SIGALRM)
PT_F33-2_bit_0-100 Test Num : 94
Inject into ../bin/hello
----- Type : 2_bit_0 Pos : PT_F33 -----
There are 1 faults will be injected in faulttable...
101161 microseconds
Fault on PT_F33(0X1 -> 0X1)
3000166 microseconds
timeout
[  2016-10-27 2:6:37]Process 2894 termed with signal 14(SIGALRM)
PT_F33-2_bit_0-100 Test Num : 95
Inject into ../bin/hello
----- Type : 2_bit_0 Pos : PT_F33 -----
There are 1 faults will be injected in faulttable...
101464 microseconds
Fault on PT_F33(0X1 -> 0X1)
3000138 microseconds
timeout
[  2016-10-27 2:6:40]Process 2896 termed with signal 14(SIGALRM)
PT_F33-2_bit_0-100 Test Num : 96
Inject into ../bin/hello
----- Type : 2_bit_0 Pos : PT_F33 -----
There are 1 faults will be injected in faulttable...
101753 microseconds
Fault on PT_F33(0X1 -> 0X1)
3000126 microseconds
timeout
[  2016-10-27 2:6:43]Process 2898 termed with signal 14(SIGALRM)
PT_F33-2_bit_0-100 Test Num : 97
Inject into ../bin/hello
----- Type : 2_bit_0 Pos : PT_F33 -----
There are 1 faults will be injected in faulttable...
101399 microseconds
Fault on PT_F33(0X1 -> 0X1)
3000083 microseconds
timeout
[  2016-10-27 2:6:46]Process 2900 termed with signal 14(SIGALRM)
PT_F33-2_bit_0-100 Test Num : 98
Inject into ../bin/hello
----- Type : 2_bit_0 Pos : PT_F33 -----
There are 1 faults will be injected in faulttable...
101323 microseconds
Fault on PT_F33(0X1 -> 0X1)
3000079 microseconds
timeout
[  2016-10-27 2:6:49]Process 2902 termed with signal 14(SIGALRM)
PT_F33-2_bit_0-100 Test Num : 99
Inject into ../bin/hello
----- Type : 2_bit_0 Pos : PT_F33 -----
There are 1 faults will be injected in faulttable...
101069 microseconds
Fault on PT_F33(0X1 -> 0X1)
3000071 microseconds
timeout
[  2016-10-27 2:6:52]Process 2904 termed with signal 14(SIGALRM)
PT_F33-2_bit_0-100 Test Num : 100
Inject into ../bin/hello
----- Type : 2_bit_0 Pos : PT_F33 -----
There are 1 faults will be injected in faulttable...
101203 microseconds
Fault on PT_F33(0X1 -> 0X1)
3000084 microseconds
timeout
[  2016-10-27 2:6:55]Process 2906 termed with signal 14(SIGALRM)
