PT_F36-8_low_1-100 Test Num : 1
Inject into ../bin/hello
----- Type : 8_low_1 Pos : PT_F36 -----
There are 1 faults will be injected in faulttable...
101376 microseconds
Fault on PT_F36(0X7ffc06a5dd10 -> 0X7ffc06a5ddff)
3000065 microseconds
timeout
[ 2016-10-27 5:55:15]Process 12433 termed with signal 14(SIGALRM)
PT_F36-8_low_1-100 Test Num : 2
Inject into ../bin/hello
----- Type : 8_low_1 Pos : PT_F36 -----
There are 1 faults will be injected in faulttable...
100974 microseconds
Fault on PT_F36(0X7ffe7a9dcca0 -> 0X7ffe7a9dccff)
3000147 microseconds
timeout
[ 2016-10-27 5:55:19]Process 12435 termed with signal 14(SIGALRM)
PT_F36-8_low_1-100 Test Num : 3
Inject into ../bin/hello
----- Type : 8_low_1 Pos : PT_F36 -----
There are 1 faults will be injected in faulttable...
101305 microseconds
Fault on PT_F36(0X7ffc69ff4830 -> 0X7ffc69ff48ff)
3000089 microseconds
timeout
[ 2016-10-27 5:55:22]Process 12437 termed with signal 14(SIGALRM)
PT_F36-8_low_1-100 Test Num : 4
Inject into ../bin/hello
----- Type : 8_low_1 Pos : PT_F36 -----
There are 1 faults will be injected in faulttable...
101066 microseconds
Fault on PT_F36(0X7ffeadee3830 -> 0X7ffeadee38ff)
3000079 microseconds
timeout
[ 2016-10-27 5:55:25]Process 12439 termed with signal 14(SIGALRM)
PT_F36-8_low_1-100 Test Num : 5
Inject into ../bin/hello
----- Type : 8_low_1 Pos : PT_F36 -----
There are 1 faults will be injected in faulttable...
100943 microseconds
Fault on PT_F36(0X7fff80f635b0 -> 0X7fff80f635ff)
3000085 microseconds
timeout
[ 2016-10-27 5:55:28]Process 12441 termed with signal 14(SIGALRM)
PT_F36-8_low_1-100 Test Num : 6
Inject into ../bin/hello
----- Type : 8_low_1 Pos : PT_F36 -----
There are 1 faults will be injected in faulttable...
100991 microseconds
Fault on PT_F36(0X7ffe3d5e8fb0 -> 0X7ffe3d5e8fff)
3000073 microseconds
timeout
[ 2016-10-27 5:55:31]Process 12443 termed with signal 14(SIGALRM)
PT_F36-8_low_1-100 Test Num : 7
Inject into ../bin/hello
----- Type : 8_low_1 Pos : PT_F36 -----
There are 1 faults will be injected in faulttable...
101021 microseconds
Fault on PT_F36(0X7fffc2818e50 -> 0X7fffc2818eff)
3000074 microseconds
timeout
[ 2016-10-27 5:55:34]Process 12445 termed with signal 14(SIGALRM)
PT_F36-8_low_1-100 Test Num : 8
Inject into ../bin/hello
----- Type : 8_low_1 Pos : PT_F36 -----
There are 1 faults will be injected in faulttable...
100077 microseconds
Fault on PT_F36(0X7ffe018b29a0 -> 0X7ffe018b29ff)
3000068 microseconds
timeout
[ 2016-10-27 5:55:37]Process 12447 termed with signal 14(SIGALRM)
PT_F36-8_low_1-100 Test Num : 9
Inject into ../bin/hello
----- Type : 8_low_1 Pos : PT_F36 -----
There are 1 faults will be injected in faulttable...
101015 microseconds
Fault on PT_F36(0X7ffc38cee470 -> 0X7ffc38cee4ff)
3000067 microseconds
timeout
[ 2016-10-27 5:55:40]Process 12449 termed with signal 14(SIGALRM)
PT_F36-8_low_1-100 Test Num : 10
Inject into ../bin/hello
----- Type : 8_low_1 Pos : PT_F36 -----
There are 1 faults will be injected in faulttable...
100970 microseconds
Fault on PT_F36(0X7ffc428e77f0 -> 0X7ffc428e77ff)
3000070 microseconds
timeout
[ 2016-10-27 5:55:44]Process 12451 termed with signal 14(SIGALRM)
PT_F36-8_low_1-100 Test Num : 11
Inject into ../bin/hello
----- Type : 8_low_1 Pos : PT_F36 -----
There are 1 faults will be injected in faulttable...
101143 microseconds
Fault on PT_F36(0X7ffe37da2440 -> 0X7ffe37da24ff)
3000109 microseconds
timeout
[ 2016-10-27 5:55:47]Process 12453 termed with signal 14(SIGALRM)
PT_F36-8_low_1-100 Test Num : 12
Inject into ../bin/hello
----- Type : 8_low_1 Pos : PT_F36 -----
There are 1 faults will be injected in faulttable...
100990 microseconds
Fault on PT_F36(0X7ffdecc8e570 -> 0X7ffdecc8e5ff)
3000064 microseconds
timeout
[ 2016-10-27 5:55:50]Process 12455 termed with signal 14(SIGALRM)
PT_F36-8_low_1-100 Test Num : 13
Inject into ../bin/hello
----- Type : 8_low_1 Pos : PT_F36 -----
There are 1 faults will be injected in faulttable...
101221 microseconds
Fault on PT_F36(0X7fff626cd310 -> 0X7fff626cd3ff)
3000109 microseconds
timeout
[ 2016-10-27 5:55:53]Process 12457 termed with signal 14(SIGALRM)
PT_F36-8_low_1-100 Test Num : 14
Inject into ../bin/hello
----- Type : 8_low_1 Pos : PT_F36 -----
There are 1 faults will be injected in faulttable...
101021 microseconds
Fault on PT_F36(0X7fff856ae3f0 -> 0X7fff856ae3ff)
3000083 microseconds
timeout
[ 2016-10-27 5:55:56]Process 12459 termed with signal 14(SIGALRM)
PT_F36-8_low_1-100 Test Num : 15
Inject into ../bin/hello
----- Type : 8_low_1 Pos : PT_F36 -----
There are 1 faults will be injected in faulttable...
101027 microseconds
Fault on PT_F36(0X7fffd3cc52e0 -> 0X7fffd3cc52ff)
3000101 microseconds
timeout
[ 2016-10-27 5:55:59]Process 12461 termed with signal 14(SIGALRM)
PT_F36-8_low_1-100 Test Num : 16
Inject into ../bin/hello
----- Type : 8_low_1 Pos : PT_F36 -----
There are 1 faults will be injected in faulttable...
101288 microseconds
Fault on PT_F36(0X7ffc1e0680d0 -> 0X7ffc1e0680ff)
3000085 microseconds
timeout
[  2016-10-27 5:56:2]Process 12463 termed with signal 14(SIGALRM)
PT_F36-8_low_1-100 Test Num : 17
Inject into ../bin/hello
----- Type : 8_low_1 Pos : PT_F36 -----
There are 1 faults will be injected in faulttable...
101060 microseconds
Fault on PT_F36(0X7ffc5d4e28d0 -> 0X7ffc5d4e28ff)
3000069 microseconds
timeout
[  2016-10-27 5:56:5]Process 12465 termed with signal 14(SIGALRM)
PT_F36-8_low_1-100 Test Num : 18
Inject into ../bin/hello
----- Type : 8_low_1 Pos : PT_F36 -----
There are 1 faults will be injected in faulttable...
100081 microseconds
Fault on PT_F36(0X7fffc3cc0b10 -> 0X7fffc3cc0bff)
3000085 microseconds
timeout
[  2016-10-27 5:56:8]Process 12467 termed with signal 14(SIGALRM)
PT_F36-8_low_1-100 Test Num : 19
Inject into ../bin/hello
----- Type : 8_low_1 Pos : PT_F36 -----
There are 1 faults will be injected in faulttable...
101206 microseconds
Fault on PT_F36(0X7ffe8a9fe6f0 -> 0X7ffe8a9fe6ff)
3000092 microseconds
timeout
[ 2016-10-27 5:56:12]Process 12469 termed with signal 14(SIGALRM)
PT_F36-8_low_1-100 Test Num : 20
Inject into ../bin/hello
----- Type : 8_low_1 Pos : PT_F36 -----
There are 1 faults will be injected in faulttable...
100910 microseconds
Fault on PT_F36(0X7ffe4c237570 -> 0X7ffe4c2375ff)
3000111 microseconds
timeout
[ 2016-10-27 5:56:15]Process 12471 termed with signal 14(SIGALRM)
PT_F36-8_low_1-100 Test Num : 21
Inject into ../bin/hello
----- Type : 8_low_1 Pos : PT_F36 -----
There are 1 faults will be injected in faulttable...
100986 microseconds
Fault on PT_F36(0X7ffc023763d0 -> 0X7ffc023763ff)
3000066 microseconds
timeout
[ 2016-10-27 5:56:18]Process 12473 termed with signal 14(SIGALRM)
PT_F36-8_low_1-100 Test Num : 22
Inject into ../bin/hello
----- Type : 8_low_1 Pos : PT_F36 -----
There are 1 faults will be injected in faulttable...
101106 microseconds
Fault on PT_F36(0X7ffc873133f0 -> 0X7ffc873133ff)
3000093 microseconds
timeout
[ 2016-10-27 5:56:21]Process 12475 termed with signal 14(SIGALRM)
PT_F36-8_low_1-100 Test Num : 23
Inject into ../bin/hello
----- Type : 8_low_1 Pos : PT_F36 -----
There are 1 faults will be injected in faulttable...
101305 microseconds
Fault on PT_F36(0X7ffc64414f60 -> 0X7ffc64414fff)
3000077 microseconds
timeout
[ 2016-10-27 5:56:24]Process 12477 termed with signal 14(SIGALRM)
PT_F36-8_low_1-100 Test Num : 24
Inject into ../bin/hello
----- Type : 8_low_1 Pos : PT_F36 -----
There are 1 faults will be injected in faulttable...
100971 microseconds
Fault on PT_F36(0X7fffa040f600 -> 0X7fffa040f6ff)
3000070 microseconds
timeout
[ 2016-10-27 5:56:27]Process 12479 termed with signal 14(SIGALRM)
PT_F36-8_low_1-100 Test Num : 25
Inject into ../bin/hello
----- Type : 8_low_1 Pos : PT_F36 -----
There are 1 faults will be injected in faulttable...
100963 microseconds
Fault on PT_F36(0X7ffe23c0a050 -> 0X7ffe23c0a0ff)
3000072 microseconds
timeout
[ 2016-10-27 5:56:30]Process 12481 termed with signal 14(SIGALRM)
PT_F36-8_low_1-100 Test Num : 26
Inject into ../bin/hello
----- Type : 8_low_1 Pos : PT_F36 -----
There are 1 faults will be injected in faulttable...
100081 microseconds
Fault on PT_F36(0X7ffd58835a20 -> 0X7ffd58835aff)
3000167 microseconds
timeout
[ 2016-10-27 5:56:33]Process 12483 termed with signal 14(SIGALRM)
PT_F36-8_low_1-100 Test Num : 27
Inject into ../bin/hello
----- Type : 8_low_1 Pos : PT_F36 -----
There are 1 faults will be injected in faulttable...
100082 microseconds
Fault on PT_F36(0X7ffeb0b13960 -> 0X7ffeb0b139ff)
3000066 microseconds
timeout
[ 2016-10-27 5:56:36]Process 12485 termed with signal 14(SIGALRM)
PT_F36-8_low_1-100 Test Num : 28
Inject into ../bin/hello
----- Type : 8_low_1 Pos : PT_F36 -----
There are 1 faults will be injected in faulttable...
100937 microseconds
Fault on PT_F36(0X7fff7c4c9d50 -> 0X7fff7c4c9dff)
3000107 microseconds
timeout
[ 2016-10-27 5:56:40]Process 12487 termed with signal 14(SIGALRM)
PT_F36-8_low_1-100 Test Num : 29
Inject into ../bin/hello
----- Type : 8_low_1 Pos : PT_F36 -----
There are 1 faults will be injected in faulttable...
101157 microseconds
Fault on PT_F36(0X7ffde3b764d0 -> 0X7ffde3b764ff)
3000078 microseconds
timeout
[ 2016-10-27 5:56:43]Process 12489 termed with signal 14(SIGALRM)
PT_F36-8_low_1-100 Test Num : 30
Inject into ../bin/hello
----- Type : 8_low_1 Pos : PT_F36 -----
There are 1 faults will be injected in faulttable...
101061 microseconds
Fault on PT_F36(0X7ffdf0895f90 -> 0X7ffdf0895fff)
3000057 microseconds
timeout
[ 2016-10-27 5:56:46]Process 12491 termed with signal 14(SIGALRM)
PT_F36-8_low_1-100 Test Num : 31
Inject into ../bin/hello
----- Type : 8_low_1 Pos : PT_F36 -----
There are 1 faults will be injected in faulttable...
100954 microseconds
Fault on PT_F36(0X7ffd7059d910 -> 0X7ffd7059d9ff)
3000073 microseconds
timeout
[ 2016-10-27 5:56:49]Process 12493 termed with signal 14(SIGALRM)
PT_F36-8_low_1-100 Test Num : 32
Inject into ../bin/hello
----- Type : 8_low_1 Pos : PT_F36 -----
There are 1 faults will be injected in faulttable...
100967 microseconds
Fault on PT_F36(0X7ffd507969b0 -> 0X7ffd507969ff)
3000115 microseconds
timeout
[ 2016-10-27 5:56:52]Process 12495 termed with signal 14(SIGALRM)
PT_F36-8_low_1-100 Test Num : 33
Inject into ../bin/hello
----- Type : 8_low_1 Pos : PT_F36 -----
There are 1 faults will be injected in faulttable...
101042 microseconds
Fault on PT_F36(0X7ffccfd85fc0 -> 0X7ffccfd85fff)
3000104 microseconds
timeout
[ 2016-10-27 5:56:55]Process 12497 termed with signal 14(SIGALRM)
PT_F36-8_low_1-100 Test Num : 34
Inject into ../bin/hello
----- Type : 8_low_1 Pos : PT_F36 -----
There are 1 faults will be injected in faulttable...
101064 microseconds
Fault on PT_F36(0X7ffc449ac6c0 -> 0X7ffc449ac6ff)
3000070 microseconds
timeout
[ 2016-10-27 5:56:58]Process 12499 termed with signal 14(SIGALRM)
PT_F36-8_low_1-100 Test Num : 35
Inject into ../bin/hello
----- Type : 8_low_1 Pos : PT_F36 -----
There are 1 faults will be injected in faulttable...
101172 microseconds
Fault on PT_F36(0X7ffefb92ce70 -> 0X7ffefb92ceff)
3000074 microseconds
timeout
[  2016-10-27 5:57:1]Process 12501 termed with signal 14(SIGALRM)
PT_F36-8_low_1-100 Test Num : 36
Inject into ../bin/hello
----- Type : 8_low_1 Pos : PT_F36 -----
There are 1 faults will be injected in faulttable...
100994 microseconds
Fault on PT_F36(0X7ffd1fd629c0 -> 0X7ffd1fd629ff)
3000055 microseconds
timeout
[  2016-10-27 5:57:4]Process 12503 termed with signal 14(SIGALRM)
PT_F36-8_low_1-100 Test Num : 37
Inject into ../bin/hello
----- Type : 8_low_1 Pos : PT_F36 -----
There are 1 faults will be injected in faulttable...
100201 microseconds
Fault on PT_F36(0X7ffe60016ed0 -> 0X7ffe60016eff)
3000132 microseconds
timeout
[  2016-10-27 5:57:8]Process 12505 termed with signal 14(SIGALRM)
PT_F36-8_low_1-100 Test Num : 38
Inject into ../bin/hello
----- Type : 8_low_1 Pos : PT_F36 -----
There are 1 faults will be injected in faulttable...
101123 microseconds
Fault on PT_F36(0X7ffcbaa3d380 -> 0X7ffcbaa3d3ff)
3000100 microseconds
timeout
[ 2016-10-27 5:57:11]Process 12507 termed with signal 14(SIGALRM)
PT_F36-8_low_1-100 Test Num : 39
Inject into ../bin/hello
----- Type : 8_low_1 Pos : PT_F36 -----
There are 1 faults will be injected in faulttable...
101132 microseconds
Fault on PT_F36(0X7fffb47445a0 -> 0X7fffb47445ff)
3000068 microseconds
timeout
[ 2016-10-27 5:57:14]Process 12509 termed with signal 14(SIGALRM)
PT_F36-8_low_1-100 Test Num : 40
Inject into ../bin/hello
----- Type : 8_low_1 Pos : PT_F36 -----
There are 1 faults will be injected in faulttable...
100319 microseconds
Fault on PT_F36(0X7ffd829bbbe0 -> 0X7ffd829bbbff)
3000077 microseconds
timeout
[ 2016-10-27 5:57:17]Process 12511 termed with signal 14(SIGALRM)
PT_F36-8_low_1-100 Test Num : 41
Inject into ../bin/hello
----- Type : 8_low_1 Pos : PT_F36 -----
There are 1 faults will be injected in faulttable...
101061 microseconds
Fault on PT_F36(0X7ffd9ceefa30 -> 0X7ffd9ceefaff)
3000082 microseconds
timeout
[ 2016-10-27 5:57:20]Process 12513 termed with signal 14(SIGALRM)
PT_F36-8_low_1-100 Test Num : 42
Inject into ../bin/hello
----- Type : 8_low_1 Pos : PT_F36 -----
There are 1 faults will be injected in faulttable...
101059 microseconds
Fault on PT_F36(0X7fffe446e2a0 -> 0X7fffe446e2ff)
3000114 microseconds
timeout
[ 2016-10-27 5:57:23]Process 12515 termed with signal 14(SIGALRM)
PT_F36-8_low_1-100 Test Num : 43
Inject into ../bin/hello
----- Type : 8_low_1 Pos : PT_F36 -----
There are 1 faults will be injected in faulttable...
100997 microseconds
Fault on PT_F36(0X7ffdf2cc0b50 -> 0X7ffdf2cc0bff)
3000076 microseconds
timeout
[ 2016-10-27 5:57:26]Process 12517 termed with signal 14(SIGALRM)
PT_F36-8_low_1-100 Test Num : 44
Inject into ../bin/hello
----- Type : 8_low_1 Pos : PT_F36 -----
There are 1 faults will be injected in faulttable...
101319 microseconds
Fault on PT_F36(0X7ffdcd1d9cb0 -> 0X7ffdcd1d9cff)
3000131 microseconds
timeout
[ 2016-10-27 5:57:29]Process 12519 termed with signal 14(SIGALRM)
PT_F36-8_low_1-100 Test Num : 45
Inject into ../bin/hello
----- Type : 8_low_1 Pos : PT_F36 -----
There are 1 faults will be injected in faulttable...
101564 microseconds
Fault on PT_F36(0X7ffdb4983b50 -> 0X7ffdb4983bff)
3000109 microseconds
timeout
[ 2016-10-27 5:57:32]Process 12521 termed with signal 14(SIGALRM)
PT_F36-8_low_1-100 Test Num : 46
Inject into ../bin/hello
----- Type : 8_low_1 Pos : PT_F36 -----
There are 1 faults will be injected in faulttable...
100094 microseconds
Fault on PT_F36(0X7ffe1e8fa760 -> 0X7ffe1e8fa7ff)
3000098 microseconds
timeout
[ 2016-10-27 5:57:36]Process 12523 termed with signal 14(SIGALRM)
PT_F36-8_low_1-100 Test Num : 47
Inject into ../bin/hello
----- Type : 8_low_1 Pos : PT_F36 -----
There are 1 faults will be injected in faulttable...
101148 microseconds
Fault on PT_F36(0X7ffcf1df4020 -> 0X7ffcf1df40ff)
3000078 microseconds
timeout
[ 2016-10-27 5:57:39]Process 12525 termed with signal 14(SIGALRM)
PT_F36-8_low_1-100 Test Num : 48
Inject into ../bin/hello
----- Type : 8_low_1 Pos : PT_F36 -----
There are 1 faults will be injected in faulttable...
101429 microseconds
Fault on PT_F36(0X7ffd975500d0 -> 0X7ffd975500ff)
3000513 microseconds
timeout
[ 2016-10-27 5:57:42]Process 12527 termed with signal 14(SIGALRM)
PT_F36-8_low_1-100 Test Num : 49
Inject into ../bin/hello
----- Type : 8_low_1 Pos : PT_F36 -----
There are 1 faults will be injected in faulttable...
101014 microseconds
Fault on PT_F36(0X7ffc152290b0 -> 0X7ffc152290ff)
3000072 microseconds
timeout
[ 2016-10-27 5:57:45]Process 12529 termed with signal 14(SIGALRM)
PT_F36-8_low_1-100 Test Num : 50
Inject into ../bin/hello
----- Type : 8_low_1 Pos : PT_F36 -----
There are 1 faults will be injected in faulttable...
100963 microseconds
Fault on PT_F36(0X7ffe5252ee30 -> 0X7ffe5252eeff)
3000085 microseconds
timeout
[ 2016-10-27 5:57:48]Process 12531 termed with signal 14(SIGALRM)
PT_F36-8_low_1-100 Test Num : 51
Inject into ../bin/hello
----- Type : 8_low_1 Pos : PT_F36 -----
There are 1 faults will be injected in faulttable...
101044 microseconds
Fault on PT_F36(0X7ffe4ef50a10 -> 0X7ffe4ef50aff)
3000059 microseconds
timeout
[ 2016-10-27 5:57:51]Process 12533 termed with signal 14(SIGALRM)
PT_F36-8_low_1-100 Test Num : 52
Inject into ../bin/hello
----- Type : 8_low_1 Pos : PT_F36 -----
There are 1 faults will be injected in faulttable...
101185 microseconds
Fault on PT_F36(0X7ffc8b573d60 -> 0X7ffc8b573dff)
3000084 microseconds
timeout
[ 2016-10-27 5:57:54]Process 12535 termed with signal 14(SIGALRM)
PT_F36-8_low_1-100 Test Num : 53
Inject into ../bin/hello
----- Type : 8_low_1 Pos : PT_F36 -----
There are 1 faults will be injected in faulttable...
101142 microseconds
Fault on PT_F36(0X7ffe1927bb90 -> 0X7ffe1927bbff)
3000108 microseconds
timeout
[ 2016-10-27 5:57:57]Process 12537 termed with signal 14(SIGALRM)
PT_F36-8_low_1-100 Test Num : 54
Inject into ../bin/hello
----- Type : 8_low_1 Pos : PT_F36 -----
There are 1 faults will be injected in faulttable...
100657 microseconds
Fault on PT_F36(0X7fffb61e5ca0 -> 0X7fffb61e5cff)
3000790 microseconds
timeout
[  2016-10-27 5:58:0]Process 12539 termed with signal 14(SIGALRM)
PT_F36-8_low_1-100 Test Num : 55
Inject into ../bin/hello
----- Type : 8_low_1 Pos : PT_F36 -----
There are 1 faults will be injected in faulttable...
101338 microseconds
Fault on PT_F36(0X7fff9a2ff850 -> 0X7fff9a2ff8ff)
3000096 microseconds
timeout
[  2016-10-27 5:58:4]Process 12541 termed with signal 14(SIGALRM)
PT_F36-8_low_1-100 Test Num : 56
Inject into ../bin/hello
----- Type : 8_low_1 Pos : PT_F36 -----
There are 1 faults will be injected in faulttable...
100142 microseconds
Fault on PT_F36(0X7ffe48e09460 -> 0X7ffe48e094ff)
3000063 microseconds
timeout
[  2016-10-27 5:58:7]Process 12543 termed with signal 14(SIGALRM)
PT_F36-8_low_1-100 Test Num : 57
Inject into ../bin/hello
----- Type : 8_low_1 Pos : PT_F36 -----
There are 1 faults will be injected in faulttable...
101029 microseconds
Fault on PT_F36(0X7ffd53d8e3b0 -> 0X7ffd53d8e3ff)
3000073 microseconds
timeout
[ 2016-10-27 5:58:10]Process 12545 termed with signal 14(SIGALRM)
PT_F36-8_low_1-100 Test Num : 58
Inject into ../bin/hello
----- Type : 8_low_1 Pos : PT_F36 -----
There are 1 faults will be injected in faulttable...
101255 microseconds
Fault on PT_F36(0X7ffff905c3c0 -> 0X7ffff905c3ff)
3000093 microseconds
timeout
[ 2016-10-27 5:58:13]Process 12547 termed with signal 14(SIGALRM)
PT_F36-8_low_1-100 Test Num : 59
Inject into ../bin/hello
----- Type : 8_low_1 Pos : PT_F36 -----
There are 1 faults will be injected in faulttable...
101187 microseconds
Fault on PT_F36(0X7ffd6b31b240 -> 0X7ffd6b31b2ff)
3000080 microseconds
timeout
[ 2016-10-27 5:58:16]Process 12549 termed with signal 14(SIGALRM)
PT_F36-8_low_1-100 Test Num : 60
Inject into ../bin/hello
----- Type : 8_low_1 Pos : PT_F36 -----
There are 1 faults will be injected in faulttable...
101024 microseconds
Fault on PT_F36(0X7ffe578e0450 -> 0X7ffe578e04ff)
3000071 microseconds
timeout
[ 2016-10-27 5:58:19]Process 12551 termed with signal 14(SIGALRM)
PT_F36-8_low_1-100 Test Num : 61
Inject into ../bin/hello
----- Type : 8_low_1 Pos : PT_F36 -----
There are 1 faults will be injected in faulttable...
100080 microseconds
Fault on PT_F36(0X7ffc0f282e20 -> 0X7ffc0f282eff)
3000065 microseconds
timeout
[ 2016-10-27 5:58:22]Process 12553 termed with signal 14(SIGALRM)
PT_F36-8_low_1-100 Test Num : 62
Inject into ../bin/hello
----- Type : 8_low_1 Pos : PT_F36 -----
There are 1 faults will be injected in faulttable...
100984 microseconds
Fault on PT_F36(0X7ffc4c5a5c40 -> 0X7ffc4c5a5cff)
3000070 microseconds
timeout
[ 2016-10-27 5:58:25]Process 12555 termed with signal 14(SIGALRM)
PT_F36-8_low_1-100 Test Num : 63
Inject into ../bin/hello
----- Type : 8_low_1 Pos : PT_F36 -----
There are 1 faults will be injected in faulttable...
101216 microseconds
Fault on PT_F36(0X7ffd9bae1af0 -> 0X7ffd9bae1aff)
3000467 microseconds
timeout
[ 2016-10-27 5:58:28]Process 12557 termed with signal 14(SIGALRM)
PT_F36-8_low_1-100 Test Num : 64
Inject into ../bin/hello
----- Type : 8_low_1 Pos : PT_F36 -----
There are 1 faults will be injected in faulttable...
101301 microseconds
Fault on PT_F36(0X7fff993bfb20 -> 0X7fff993bfbff)
3000082 microseconds
timeout
[ 2016-10-27 5:58:32]Process 12559 termed with signal 14(SIGALRM)
PT_F36-8_low_1-100 Test Num : 65
Inject into ../bin/hello
----- Type : 8_low_1 Pos : PT_F36 -----
There are 1 faults will be injected in faulttable...
100946 microseconds
Fault on PT_F36(0X7fff64159120 -> 0X7fff641591ff)
3000099 microseconds
timeout
[ 2016-10-27 5:58:35]Process 12561 termed with signal 14(SIGALRM)
PT_F36-8_low_1-100 Test Num : 66
Inject into ../bin/hello
----- Type : 8_low_1 Pos : PT_F36 -----
There are 1 faults will be injected in faulttable...
100965 microseconds
Fault on PT_F36(0X7ffd3b3be780 -> 0X7ffd3b3be7ff)
3000067 microseconds
timeout
[ 2016-10-27 5:58:38]Process 12563 termed with signal 14(SIGALRM)
PT_F36-8_low_1-100 Test Num : 67
Inject into ../bin/hello
----- Type : 8_low_1 Pos : PT_F36 -----
There are 1 faults will be injected in faulttable...
101029 microseconds
Fault on PT_F36(0X7ffd6c7cace0 -> 0X7ffd6c7cacff)
3000083 microseconds
timeout
[ 2016-10-27 5:58:41]Process 12565 termed with signal 14(SIGALRM)
PT_F36-8_low_1-100 Test Num : 68
Inject into ../bin/hello
----- Type : 8_low_1 Pos : PT_F36 -----
There are 1 faults will be injected in faulttable...
101000 microseconds
Fault on PT_F36(0X7fff0c2709d0 -> 0X7fff0c2709ff)
3000093 microseconds
timeout
[ 2016-10-27 5:58:44]Process 12567 termed with signal 14(SIGALRM)
PT_F36-8_low_1-100 Test Num : 69
Inject into ../bin/hello
----- Type : 8_low_1 Pos : PT_F36 -----
There are 1 faults will be injected in faulttable...
100970 microseconds
Fault on PT_F36(0X7ffcde3a61c0 -> 0X7ffcde3a61ff)
3000141 microseconds
timeout
[ 2016-10-27 5:58:47]Process 12569 termed with signal 14(SIGALRM)
PT_F36-8_low_1-100 Test Num : 70
Inject into ../bin/hello
----- Type : 8_low_1 Pos : PT_F36 -----
There are 1 faults will be injected in faulttable...
100941 microseconds
Fault on PT_F36(0X7fff7f04a670 -> 0X7fff7f04a6ff)
3000154 microseconds
timeout
[ 2016-10-27 5:58:50]Process 12571 termed with signal 14(SIGALRM)
PT_F36-8_low_1-100 Test Num : 71
Inject into ../bin/hello
----- Type : 8_low_1 Pos : PT_F36 -----
There are 1 faults will be injected in faulttable...
101073 microseconds
Fault on PT_F36(0X7ffddda53b00 -> 0X7ffddda53bff)
3000070 microseconds
timeout
[ 2016-10-27 5:58:53]Process 12573 termed with signal 14(SIGALRM)
PT_F36-8_low_1-100 Test Num : 72
Inject into ../bin/hello
----- Type : 8_low_1 Pos : PT_F36 -----
There are 1 faults will be injected in faulttable...
100090 microseconds
Fault on PT_F36(0X7ffdf76cca80 -> 0X7ffdf76ccaff)
3000065 microseconds
timeout
[ 2016-10-27 5:58:56]Process 12575 termed with signal 14(SIGALRM)
PT_F36-8_low_1-100 Test Num : 73
Inject into ../bin/hello
----- Type : 8_low_1 Pos : PT_F36 -----
There are 1 faults will be injected in faulttable...
100897 microseconds
Fault on PT_F36(0X7ffe27c5b240 -> 0X7ffe27c5b2ff)
3000069 microseconds
timeout
[  2016-10-27 5:59:0]Process 12577 termed with signal 14(SIGALRM)
PT_F36-8_low_1-100 Test Num : 74
Inject into ../bin/hello
----- Type : 8_low_1 Pos : PT_F36 -----
There are 1 faults will be injected in faulttable...
101097 microseconds
Fault on PT_F36(0X7ffd7990c7c0 -> 0X7ffd7990c7ff)
3000136 microseconds
timeout
[  2016-10-27 5:59:3]Process 12579 termed with signal 14(SIGALRM)
PT_F36-8_low_1-100 Test Num : 75
Inject into ../bin/hello
----- Type : 8_low_1 Pos : PT_F36 -----
There are 1 faults will be injected in faulttable...
101207 microseconds
Fault on PT_F36(0X7fffe1d40380 -> 0X7fffe1d403ff)
3000199 microseconds
timeout
[  2016-10-27 5:59:6]Process 12581 termed with signal 14(SIGALRM)
PT_F36-8_low_1-100 Test Num : 76
Inject into ../bin/hello
----- Type : 8_low_1 Pos : PT_F36 -----
There are 1 faults will be injected in faulttable...
100980 microseconds
Fault on PT_F36(0X7ffe3c5dd6c0 -> 0X7ffe3c5dd6ff)
3000068 microseconds
timeout
[  2016-10-27 5:59:9]Process 12583 termed with signal 14(SIGALRM)
PT_F36-8_low_1-100 Test Num : 77
Inject into ../bin/hello
----- Type : 8_low_1 Pos : PT_F36 -----
There are 1 faults will be injected in faulttable...
100977 microseconds
Fault on PT_F36(0X7ffca9a99010 -> 0X7ffca9a990ff)
3000078 microseconds
timeout
[ 2016-10-27 5:59:12]Process 12585 termed with signal 14(SIGALRM)
PT_F36-8_low_1-100 Test Num : 78
Inject into ../bin/hello
----- Type : 8_low_1 Pos : PT_F36 -----
There are 1 faults will be injected in faulttable...
101126 microseconds
Fault on PT_F36(0X7ffdd7e731a0 -> 0X7ffdd7e731ff)
3000094 microseconds
timeout
[ 2016-10-27 5:59:15]Process 12587 termed with signal 14(SIGALRM)
PT_F36-8_low_1-100 Test Num : 79
Inject into ../bin/hello
----- Type : 8_low_1 Pos : PT_F36 -----
There are 1 faults will be injected in faulttable...
100983 microseconds
Fault on PT_F36(0X7ffd68bffc40 -> 0X7ffd68bffcff)
3000068 microseconds
timeout
[ 2016-10-27 5:59:18]Process 12591 termed with signal 14(SIGALRM)
PT_F36-8_low_1-100 Test Num : 80
Inject into ../bin/hello
----- Type : 8_low_1 Pos : PT_F36 -----
There are 1 faults will be injected in faulttable...
101355 microseconds
Fault on PT_F36(0X7ffc14cb86f0 -> 0X7ffc14cb86ff)
3000073 microseconds
timeout
[ 2016-10-27 5:59:21]Process 12595 termed with signal 14(SIGALRM)
PT_F36-8_low_1-100 Test Num : 81
Inject into ../bin/hello
----- Type : 8_low_1 Pos : PT_F36 -----
There are 1 faults will be injected in faulttable...
101002 microseconds
Fault on PT_F36(0X7ffd85dd1930 -> 0X7ffd85dd19ff)
3000088 microseconds
timeout
[ 2016-10-27 5:59:24]Process 12599 termed with signal 14(SIGALRM)
PT_F36-8_low_1-100 Test Num : 82
Inject into ../bin/hello
----- Type : 8_low_1 Pos : PT_F36 -----
There are 1 faults will be injected in faulttable...
101462 microseconds
Fault on PT_F36(0X7ffc7e80b3d0 -> 0X7ffc7e80b3ff)
3000084 microseconds
timeout
[ 2016-10-27 5:59:28]Process 12603 termed with signal 14(SIGALRM)
PT_F36-8_low_1-100 Test Num : 83
Inject into ../bin/hello
----- Type : 8_low_1 Pos : PT_F36 -----
There are 1 faults will be injected in faulttable...
100918 microseconds
Fault on PT_F36(0X7ffcf4525ad0 -> 0X7ffcf4525aff)
3000104 microseconds
timeout
[ 2016-10-27 5:59:31]Process 12607 termed with signal 14(SIGALRM)
PT_F36-8_low_1-100 Test Num : 84
Inject into ../bin/hello
----- Type : 8_low_1 Pos : PT_F36 -----
There are 1 faults will be injected in faulttable...
101259 microseconds
Fault on PT_F36(0X7ffef06aded0 -> 0X7ffef06adeff)
3000092 microseconds
timeout
[ 2016-10-27 5:59:34]Process 12611 termed with signal 14(SIGALRM)
PT_F36-8_low_1-100 Test Num : 85
Inject into ../bin/hello
----- Type : 8_low_1 Pos : PT_F36 -----
There are 1 faults will be injected in faulttable...
100976 microseconds
Fault on PT_F36(0X7ffee8e96e70 -> 0X7ffee8e96eff)
3000071 microseconds
timeout
[ 2016-10-27 5:59:37]Process 12615 termed with signal 14(SIGALRM)
PT_F36-8_low_1-100 Test Num : 86
Inject into ../bin/hello
----- Type : 8_low_1 Pos : PT_F36 -----
There are 1 faults will be injected in faulttable...
100969 microseconds
Fault on PT_F36(0X7ffd8f7e12e0 -> 0X7ffd8f7e12ff)
3000074 microseconds
timeout
[ 2016-10-27 5:59:40]Process 12617 termed with signal 14(SIGALRM)
PT_F36-8_low_1-100 Test Num : 87
Inject into ../bin/hello
----- Type : 8_low_1 Pos : PT_F36 -----
There are 1 faults will be injected in faulttable...
101016 microseconds
Fault on PT_F36(0X7fff72136a70 -> 0X7fff72136aff)
3000068 microseconds
timeout
[ 2016-10-27 5:59:43]Process 12619 termed with signal 14(SIGALRM)
PT_F36-8_low_1-100 Test Num : 88
Inject into ../bin/hello
----- Type : 8_low_1 Pos : PT_F36 -----
There are 1 faults will be injected in faulttable...
101047 microseconds
Fault on PT_F36(0X7ffc5b321fe0 -> 0X7ffc5b321fff)
3000084 microseconds
timeout
[ 2016-10-27 5:59:46]Process 12621 termed with signal 14(SIGALRM)
PT_F36-8_low_1-100 Test Num : 89
Inject into ../bin/hello
----- Type : 8_low_1 Pos : PT_F36 -----
There are 1 faults will be injected in faulttable...
100941 microseconds
Fault on PT_F36(0X7fff0781e0c0 -> 0X7fff0781e0ff)
3000084 microseconds
timeout
[ 2016-10-27 5:59:49]Process 12623 termed with signal 14(SIGALRM)
PT_F36-8_low_1-100 Test Num : 90
Inject into ../bin/hello
----- Type : 8_low_1 Pos : PT_F36 -----
There are 1 faults will be injected in faulttable...
100072 microseconds
Fault on PT_F36(0X7ffcb623dbf0 -> 0X7ffcb623dbff)
3000121 microseconds
timeout
[ 2016-10-27 5:59:53]Process 12625 termed with signal 14(SIGALRM)
PT_F36-8_low_1-100 Test Num : 91
Inject into ../bin/hello
----- Type : 8_low_1 Pos : PT_F36 -----
There are 1 faults will be injected in faulttable...
101088 microseconds
Fault on PT_F36(0X7fff1f5b1030 -> 0X7fff1f5b10ff)
3000068 microseconds
timeout
[ 2016-10-27 5:59:56]Process 12627 termed with signal 14(SIGALRM)
PT_F36-8_low_1-100 Test Num : 92
Inject into ../bin/hello
----- Type : 8_low_1 Pos : PT_F36 -----
There are 1 faults will be injected in faulttable...
100977 microseconds
Fault on PT_F36(0X7ffe5e96b630 -> 0X7ffe5e96b6ff)
3000082 microseconds
timeout
[ 2016-10-27 5:59:59]Process 12629 termed with signal 14(SIGALRM)
PT_F36-8_low_1-100 Test Num : 93
Inject into ../bin/hello
----- Type : 8_low_1 Pos : PT_F36 -----
There are 1 faults will be injected in faulttable...
101037 microseconds
Fault on PT_F36(0X7fffaf10e850 -> 0X7fffaf10e8ff)
3000083 microseconds
timeout
[   2016-10-27 6:0:2]Process 12631 termed with signal 14(SIGALRM)
PT_F36-8_low_1-100 Test Num : 94
Inject into ../bin/hello
----- Type : 8_low_1 Pos : PT_F36 -----
There are 1 faults will be injected in faulttable...
100990 microseconds
Fault on PT_F36(0X7fff97e34720 -> 0X7fff97e347ff)
3000083 microseconds
timeout
[   2016-10-27 6:0:5]Process 12633 termed with signal 14(SIGALRM)
PT_F36-8_low_1-100 Test Num : 95
Inject into ../bin/hello
----- Type : 8_low_1 Pos : PT_F36 -----
There are 1 faults will be injected in faulttable...
100083 microseconds
Fault on PT_F36(0X7ffcc802db20 -> 0X7ffcc802dbff)
3000090 microseconds
timeout
[   2016-10-27 6:0:8]Process 12635 termed with signal 14(SIGALRM)
PT_F36-8_low_1-100 Test Num : 96
Inject into ../bin/hello
----- Type : 8_low_1 Pos : PT_F36 -----
There are 1 faults will be injected in faulttable...
101076 microseconds
Fault on PT_F36(0X7fff4e2e5990 -> 0X7fff4e2e59ff)
3000087 microseconds
timeout
[  2016-10-27 6:0:11]Process 12637 termed with signal 14(SIGALRM)
PT_F36-8_low_1-100 Test Num : 97
Inject into ../bin/hello
----- Type : 8_low_1 Pos : PT_F36 -----
There are 1 faults will be injected in faulttable...
101172 microseconds
Fault on PT_F36(0X7ffc86d94620 -> 0X7ffc86d946ff)
3000085 microseconds
timeout
[  2016-10-27 6:0:14]Process 12640 termed with signal 14(SIGALRM)
PT_F36-8_low_1-100 Test Num : 98
Inject into ../bin/hello
----- Type : 8_low_1 Pos : PT_F36 -----
There are 1 faults will be injected in faulttable...
101080 microseconds
Fault on PT_F36(0X7fff1779c720 -> 0X7fff1779c7ff)
3000098 microseconds
timeout
[  2016-10-27 6:0:17]Process 12642 termed with signal 14(SIGALRM)
PT_F36-8_low_1-100 Test Num : 99
Inject into ../bin/hello
----- Type : 8_low_1 Pos : PT_F36 -----
There are 1 faults will be injected in faulttable...
101136 microseconds
Fault on PT_F36(0X7ffe672835d0 -> 0X7ffe672835ff)
3000082 microseconds
timeout
[  2016-10-27 6:0:21]Process 12644 termed with signal 14(SIGALRM)
PT_F36-8_low_1-100 Test Num : 100
Inject into ../bin/hello
----- Type : 8_low_1 Pos : PT_F36 -----
There are 1 faults will be injected in faulttable...
101102 microseconds
Fault on PT_F36(0X7ffeab1586b0 -> 0X7ffeab1586ff)
3000079 microseconds
timeout
[  2016-10-27 6:0:24]Process 12646 termed with signal 14(SIGALRM)
