PT_F36-2_bit_0-100 Test Num : 1
Inject into ../bin/hello
----- Type : 2_bit_0 Pos : PT_F36 -----
There are 1 faults will be injected in faulttable...
101054 microseconds
Fault on PT_F36(0X7ffce07b76d0 -> 0X7fbce07b76d0)
3000071 microseconds
timeout
[ 2016-10-27 5:39:42]Process 11786 termed with signal 14(SIGALRM)
PT_F36-2_bit_0-100 Test Num : 2
Inject into ../bin/hello
----- Type : 2_bit_0 Pos : PT_F36 -----
There are 1 faults will be injected in faulttable...
100961 microseconds
Fault on PT_F36(0X7fff820bae10 -> 0X7fff820bae10)
3000065 microseconds
timeout
[ 2016-10-27 5:39:45]Process 11789 termed with signal 14(SIGALRM)
PT_F36-2_bit_0-100 Test Num : 3
Inject into ../bin/hello
----- Type : 2_bit_0 Pos : PT_F36 -----
There are 1 faults will be injected in faulttable...
100972 microseconds
Fault on PT_F36(0X7fff384c4350 -> 0X7fff384c4350)
3000122 microseconds
timeout
[ 2016-10-27 5:39:48]Process 11791 termed with signal 14(SIGALRM)
PT_F36-2_bit_0-100 Test Num : 4
Inject into ../bin/hello
----- Type : 2_bit_0 Pos : PT_F36 -----
There are 1 faults will be injected in faulttable...
100076 microseconds
Fault on PT_F36(0X7ffe380b3440 -> 0X7ffe38093440)
3000066 microseconds
timeout
[ 2016-10-27 5:39:51]Process 11793 termed with signal 14(SIGALRM)
PT_F36-2_bit_0-100 Test Num : 5
Inject into ../bin/hello
----- Type : 2_bit_0 Pos : PT_F36 -----
There are 1 faults will be injected in faulttable...
101174 microseconds
Fault on PT_F36(0X7ffc706685b0 -> 0X7ffc706685b0)
3000090 microseconds
timeout
[ 2016-10-27 5:39:54]Process 11796 termed with signal 14(SIGALRM)
PT_F36-2_bit_0-100 Test Num : 6
Inject into ../bin/hello
----- Type : 2_bit_0 Pos : PT_F36 -----
There are 1 faults will be injected in faulttable...
101061 microseconds
Fault on PT_F36(0X7fffe40cb1a0 -> 0X7ffbe40cb1a0)
3000069 microseconds
timeout
[ 2016-10-27 5:39:57]Process 11798 termed with signal 14(SIGALRM)
PT_F36-2_bit_0-100 Test Num : 7
Inject into ../bin/hello
----- Type : 2_bit_0 Pos : PT_F36 -----
There are 1 faults will be injected in faulttable...
100940 microseconds
Fault on PT_F36(0X7ffdebc019e0 -> 0X5ffdebc019e0)
3000092 microseconds
timeout
[  2016-10-27 5:40:0]Process 11801 termed with signal 14(SIGALRM)
PT_F36-2_bit_0-100 Test Num : 8
Inject into ../bin/hello
----- Type : 2_bit_0 Pos : PT_F36 -----
There are 1 faults will be injected in faulttable...
100113 microseconds
Fault on PT_F36(0X7ffc6e24e300 -> 0X7ffc6e24e300)
3000074 microseconds
timeout
[  2016-10-27 5:40:3]Process 11803 termed with signal 14(SIGALRM)
PT_F36-2_bit_0-100 Test Num : 9
Inject into ../bin/hello
----- Type : 2_bit_0 Pos : PT_F36 -----
There are 1 faults will be injected in faulttable...
101611 microseconds
Fault on PT_F36(0X7fff9a540bd0 -> 0X7fbf9a540bd0)
3000084 microseconds
timeout
[  2016-10-27 5:40:7]Process 11805 termed with signal 14(SIGALRM)
PT_F36-2_bit_0-100 Test Num : 10
Inject into ../bin/hello
----- Type : 2_bit_0 Pos : PT_F36 -----
There are 1 faults will be injected in faulttable...
101391 microseconds
Fault on PT_F36(0X7ffda4604380 -> 0X3ffda4604380)
3000068 microseconds
timeout
[ 2016-10-27 5:40:10]Process 11809 termed with signal 14(SIGALRM)
PT_F36-2_bit_0-100 Test Num : 11
Inject into ../bin/hello
----- Type : 2_bit_0 Pos : PT_F36 -----
There are 1 faults will be injected in faulttable...
100996 microseconds
Fault on PT_F36(0X7ffde6769400 -> 0X5ffde2769400)
3000084 microseconds
timeout
[ 2016-10-27 5:40:13]Process 11811 termed with signal 14(SIGALRM)
PT_F36-2_bit_0-100 Test Num : 12
Inject into ../bin/hello
----- Type : 2_bit_0 Pos : PT_F36 -----
There are 1 faults will be injected in faulttable...
100120 microseconds
Fault on PT_F36(0X7fff3c73adb0 -> 0X7dff3c73adb0)
3000083 microseconds
timeout
[ 2016-10-27 5:40:16]Process 11814 termed with signal 14(SIGALRM)
PT_F36-2_bit_0-100 Test Num : 13
Inject into ../bin/hello
----- Type : 2_bit_0 Pos : PT_F36 -----
There are 1 faults will be injected in faulttable...
100927 microseconds
Fault on PT_F36(0X7ffe47072fb0 -> 0X7dfe470727b0)
3000097 microseconds
timeout
[ 2016-10-27 5:40:19]Process 11816 termed with signal 14(SIGALRM)
PT_F36-2_bit_0-100 Test Num : 14
Inject into ../bin/hello
----- Type : 2_bit_0 Pos : PT_F36 -----
There are 1 faults will be injected in faulttable...
100085 microseconds
Fault on PT_F36(0X7ffd594ab9d0 -> 0X7ffd594ab9d0)
3000060 microseconds
timeout
[ 2016-10-27 5:40:22]Process 11819 termed with signal 14(SIGALRM)
PT_F36-2_bit_0-100 Test Num : 15
Inject into ../bin/hello
----- Type : 2_bit_0 Pos : PT_F36 -----
There are 1 faults will be injected in faulttable...
101004 microseconds
Fault on PT_F36(0X7ffc35b65ed0 -> 0X7bfc35b65ed0)
3000062 microseconds
timeout
[ 2016-10-27 5:40:25]Process 11821 termed with signal 14(SIGALRM)
PT_F36-2_bit_0-100 Test Num : 16
Inject into ../bin/hello
----- Type : 2_bit_0 Pos : PT_F36 -----
There are 1 faults will be injected in faulttable...
101026 microseconds
Fault on PT_F36(0X7fffa0bca480 -> 0X7fffa0aca480)
3000101 microseconds
timeout
[ 2016-10-27 5:40:28]Process 11823 termed with signal 14(SIGALRM)
PT_F36-2_bit_0-100 Test Num : 17
Inject into ../bin/hello
----- Type : 2_bit_0 Pos : PT_F36 -----
There are 1 faults will be injected in faulttable...
101281 microseconds
Fault on PT_F36(0X7ffce58d39d0 -> 0X7f7ce58d29d0)
3000121 microseconds
timeout
[ 2016-10-27 5:40:31]Process 11826 termed with signal 14(SIGALRM)
PT_F36-2_bit_0-100 Test Num : 18
Inject into ../bin/hello
----- Type : 2_bit_0 Pos : PT_F36 -----
There are 1 faults will be injected in faulttable...
101172 microseconds
Fault on PT_F36(0X7fffaff474f0 -> 0X7fffaff474f0)
3000228 microseconds
timeout
[ 2016-10-27 5:40:35]Process 11828 termed with signal 14(SIGALRM)
PT_F36-2_bit_0-100 Test Num : 19
Inject into ../bin/hello
----- Type : 2_bit_0 Pos : PT_F36 -----
There are 1 faults will be injected in faulttable...
101085 microseconds
Fault on PT_F36(0X7ffed2d25520 -> 0X7bfed2d25520)
3000075 microseconds
timeout
[ 2016-10-27 5:40:38]Process 11831 termed with signal 14(SIGALRM)
PT_F36-2_bit_0-100 Test Num : 20
Inject into ../bin/hello
----- Type : 2_bit_0 Pos : PT_F36 -----
There are 1 faults will be injected in faulttable...
100066 microseconds
Fault on PT_F36(0X7ffc3af974e0 -> 0X7ff83af174e0)
3000064 microseconds
timeout
[ 2016-10-27 5:40:41]Process 11833 termed with signal 14(SIGALRM)
PT_F36-2_bit_0-100 Test Num : 21
Inject into ../bin/hello
----- Type : 2_bit_0 Pos : PT_F36 -----
There are 1 faults will be injected in faulttable...
101048 microseconds
Fault on PT_F36(0X7ffce23f2a00 -> 0X5ffc623f2a00)
3000082 microseconds
timeout
[ 2016-10-27 5:40:44]Process 11835 termed with signal 14(SIGALRM)
PT_F36-2_bit_0-100 Test Num : 22
Inject into ../bin/hello
----- Type : 2_bit_0 Pos : PT_F36 -----
There are 1 faults will be injected in faulttable...
101072 microseconds
Fault on PT_F36(0X7ffccd601320 -> 0X6ffc8d601320)
3000099 microseconds
timeout
[ 2016-10-27 5:40:47]Process 11837 termed with signal 14(SIGALRM)
PT_F36-2_bit_0-100 Test Num : 23
Inject into ../bin/hello
----- Type : 2_bit_0 Pos : PT_F36 -----
There are 1 faults will be injected in faulttable...
100947 microseconds
Fault on PT_F36(0X7fff802ee2c0 -> 0X7dff802ee2c0)
3000094 microseconds
timeout
[ 2016-10-27 5:40:50]Process 11839 termed with signal 14(SIGALRM)
PT_F36-2_bit_0-100 Test Num : 24
Inject into ../bin/hello
----- Type : 2_bit_0 Pos : PT_F36 -----
There are 1 faults will be injected in faulttable...
101114 microseconds
Fault on PT_F36(0X7ffcb29337e0 -> 0X7efc329337e0)
3000090 microseconds
timeout
[ 2016-10-27 5:40:53]Process 11841 termed with signal 14(SIGALRM)
PT_F36-2_bit_0-100 Test Num : 25
Inject into ../bin/hello
----- Type : 2_bit_0 Pos : PT_F36 -----
There are 1 faults will be injected in faulttable...
100072 microseconds
Fault on PT_F36(0X7ffe272207c0 -> 0X7bfe272207c0)
3000084 microseconds
timeout
[ 2016-10-27 5:40:56]Process 11843 termed with signal 14(SIGALRM)
PT_F36-2_bit_0-100 Test Num : 26
Inject into ../bin/hello
----- Type : 2_bit_0 Pos : PT_F36 -----
There are 1 faults will be injected in faulttable...
100084 microseconds
Fault on PT_F36(0X7ffe726dc850 -> 0X7ffe726dc850)
3000069 microseconds
timeout
[ 2016-10-27 5:40:59]Process 11845 termed with signal 14(SIGALRM)
PT_F36-2_bit_0-100 Test Num : 27
Inject into ../bin/hello
----- Type : 2_bit_0 Pos : PT_F36 -----
There are 1 faults will be injected in faulttable...
101106 microseconds
Fault on PT_F36(0X7ffecab64100 -> 0X7fbecab64100)
3000098 microseconds
timeout
[  2016-10-27 5:41:3]Process 11847 termed with signal 14(SIGALRM)
PT_F36-2_bit_0-100 Test Num : 28
Inject into ../bin/hello
----- Type : 2_bit_0 Pos : PT_F36 -----
There are 1 faults will be injected in faulttable...
101313 microseconds
Fault on PT_F36(0X7fff0985a6b0 -> 0X7fbf0981a6b0)
3000108 microseconds
timeout
[  2016-10-27 5:41:6]Process 11849 termed with signal 14(SIGALRM)
PT_F36-2_bit_0-100 Test Num : 29
Inject into ../bin/hello
----- Type : 2_bit_0 Pos : PT_F36 -----
There are 1 faults will be injected in faulttable...
101278 microseconds
Fault on PT_F36(0X7ffe325a0fe0 -> 0X7ffc325a0f60)
3000075 microseconds
timeout
[  2016-10-27 5:41:9]Process 11851 termed with signal 14(SIGALRM)
PT_F36-2_bit_0-100 Test Num : 30
Inject into ../bin/hello
----- Type : 2_bit_0 Pos : PT_F36 -----
There are 1 faults will be injected in faulttable...
100068 microseconds
Fault on PT_F36(0X7fffe3e4f6c0 -> 0X7fffe3e4b6c0)
3000133 microseconds
timeout
[ 2016-10-27 5:41:12]Process 11853 termed with signal 14(SIGALRM)
PT_F36-2_bit_0-100 Test Num : 31
Inject into ../bin/hello
----- Type : 2_bit_0 Pos : PT_F36 -----
There are 1 faults will be injected in faulttable...
101007 microseconds
Fault on PT_F36(0X7ffdba0a6dd0 -> 0X7ff5ba086dd0)
3000111 microseconds
timeout
[ 2016-10-27 5:41:15]Process 11855 termed with signal 14(SIGALRM)
PT_F36-2_bit_0-100 Test Num : 32
Inject into ../bin/hello
----- Type : 2_bit_0 Pos : PT_F36 -----
There are 1 faults will be injected in faulttable...
101204 microseconds
Fault on PT_F36(0X7ffe770d7750 -> 0X7ffe770d3710)
3000153 microseconds
timeout
[ 2016-10-27 5:41:18]Process 11857 termed with signal 14(SIGALRM)
PT_F36-2_bit_0-100 Test Num : 33
Inject into ../bin/hello
----- Type : 2_bit_0 Pos : PT_F36 -----
There are 1 faults will be injected in faulttable...
100102 microseconds
Fault on PT_F36(0X7ffd4a60b2d0 -> 0X7ff94a60b2d0)
3000057 microseconds
timeout
[ 2016-10-27 5:41:21]Process 11859 termed with signal 14(SIGALRM)
PT_F36-2_bit_0-100 Test Num : 34
Inject into ../bin/hello
----- Type : 2_bit_0 Pos : PT_F36 -----
There are 1 faults will be injected in faulttable...
101095 microseconds
Fault on PT_F36(0X7ffcad8e3c30 -> 0X7ffcad8a3c30)
3000087 microseconds
timeout
[ 2016-10-27 5:41:24]Process 11861 termed with signal 14(SIGALRM)
PT_F36-2_bit_0-100 Test Num : 35
Inject into ../bin/hello
----- Type : 2_bit_0 Pos : PT_F36 -----
There are 1 faults will be injected in faulttable...
101236 microseconds
Fault on PT_F36(0X7ffc9a4a9d70 -> 0X7ff49a4a9d70)
3000109 microseconds
timeout
[ 2016-10-27 5:41:27]Process 11863 termed with signal 14(SIGALRM)
PT_F36-2_bit_0-100 Test Num : 36
Inject into ../bin/hello
----- Type : 2_bit_0 Pos : PT_F36 -----
There are 1 faults will be injected in faulttable...
101464 microseconds
Fault on PT_F36(0X7fff5c5def70 -> 0X7fff585dee70)
3000103 microseconds
timeout
[ 2016-10-27 5:41:31]Process 11865 termed with signal 14(SIGALRM)
PT_F36-2_bit_0-100 Test Num : 37
Inject into ../bin/hello
----- Type : 2_bit_0 Pos : PT_F36 -----
There are 1 faults will be injected in faulttable...
101075 microseconds
Fault on PT_F36(0X7ffd4aff7cd0 -> 0X7ffd4abf7cd0)
3000091 microseconds
timeout
[ 2016-10-27 5:41:34]Process 11867 termed with signal 14(SIGALRM)
PT_F36-2_bit_0-100 Test Num : 38
Inject into ../bin/hello
----- Type : 2_bit_0 Pos : PT_F36 -----
There are 1 faults will be injected in faulttable...
100973 microseconds
Fault on PT_F36(0X7ffe3b6e6e60 -> 0X7ffe2b6e6e40)
3000098 microseconds
timeout
[ 2016-10-27 5:41:37]Process 11869 termed with signal 14(SIGALRM)
PT_F36-2_bit_0-100 Test Num : 39
Inject into ../bin/hello
----- Type : 2_bit_0 Pos : PT_F36 -----
There are 1 faults will be injected in faulttable...
101139 microseconds
Fault on PT_F36(0X7ffceb3f0e70 -> 0X7ffce33f0e70)
3000096 microseconds
timeout
[ 2016-10-27 5:41:40]Process 11871 termed with signal 14(SIGALRM)
PT_F36-2_bit_0-100 Test Num : 40
Inject into ../bin/hello
----- Type : 2_bit_0 Pos : PT_F36 -----
There are 1 faults will be injected in faulttable...
101035 microseconds
Fault on PT_F36(0X7ffdf2022aa0 -> 0X7ffdf2022aa0)
3000134 microseconds
timeout
[ 2016-10-27 5:41:43]Process 11873 termed with signal 14(SIGALRM)
PT_F36-2_bit_0-100 Test Num : 41
Inject into ../bin/hello
----- Type : 2_bit_0 Pos : PT_F36 -----
There are 1 faults will be injected in faulttable...
101517 microseconds
Fault on PT_F36(0X7ffe502f2da0 -> 0X7fde502f2da0)
3000106 microseconds
timeout
[ 2016-10-27 5:41:46]Process 11875 termed with signal 14(SIGALRM)
PT_F36-2_bit_0-100 Test Num : 42
Inject into ../bin/hello
----- Type : 2_bit_0 Pos : PT_F36 -----
There are 1 faults will be injected in faulttable...
100956 microseconds
Fault on PT_F36(0X7fffdd3cb170 -> 0X7fdf5d3cb170)
3000067 microseconds
timeout
[ 2016-10-27 5:41:49]Process 11877 termed with signal 14(SIGALRM)
PT_F36-2_bit_0-100 Test Num : 43
Inject into ../bin/hello
----- Type : 2_bit_0 Pos : PT_F36 -----
There are 1 faults will be injected in faulttable...
101038 microseconds
Fault on PT_F36(0X7ffd8e2346d0 -> 0X7ffd8e2346d0)
3000071 microseconds
timeout
[ 2016-10-27 5:41:52]Process 11879 termed with signal 14(SIGALRM)
PT_F36-2_bit_0-100 Test Num : 44
Inject into ../bin/hello
----- Type : 2_bit_0 Pos : PT_F36 -----
There are 1 faults will be injected in faulttable...
100082 microseconds
Fault on PT_F36(0X7ffcf3afe430 -> 0X7ffcf3afe430)
3000080 microseconds
timeout
[ 2016-10-27 5:41:55]Process 11881 termed with signal 14(SIGALRM)
PT_F36-2_bit_0-100 Test Num : 45
Inject into ../bin/hello
----- Type : 2_bit_0 Pos : PT_F36 -----
There are 1 faults will be injected in faulttable...
100961 microseconds
Fault on PT_F36(0X7ffd36574fa0 -> 0X7ffd36574fa0)
3000101 microseconds
timeout
[ 2016-10-27 5:41:59]Process 11883 termed with signal 14(SIGALRM)
PT_F36-2_bit_0-100 Test Num : 46
Inject into ../bin/hello
----- Type : 2_bit_0 Pos : PT_F36 -----
There are 1 faults will be injected in faulttable...
100080 microseconds
Fault on PT_F36(0X7ffde209ec30 -> 0X7ffde209ec30)
3000088 microseconds
timeout
[  2016-10-27 5:42:2]Process 11885 termed with signal 14(SIGALRM)
PT_F36-2_bit_0-100 Test Num : 47
Inject into ../bin/hello
----- Type : 2_bit_0 Pos : PT_F36 -----
There are 1 faults will be injected in faulttable...
101433 microseconds
Fault on PT_F36(0X7fff5117df30 -> 0X7eff5117df20)
3000103 microseconds
timeout
[  2016-10-27 5:42:5]Process 11887 termed with signal 14(SIGALRM)
PT_F36-2_bit_0-100 Test Num : 48
Inject into ../bin/hello
----- Type : 2_bit_0 Pos : PT_F36 -----
There are 1 faults will be injected in faulttable...
101148 microseconds
Fault on PT_F36(0X7fff32c9f170 -> 0X7fff12c9f170)
3000103 microseconds
timeout
[  2016-10-27 5:42:8]Process 11889 termed with signal 14(SIGALRM)
PT_F36-2_bit_0-100 Test Num : 49
Inject into ../bin/hello
----- Type : 2_bit_0 Pos : PT_F36 -----
There are 1 faults will be injected in faulttable...
101438 microseconds
Fault on PT_F36(0X7ffeb5fa6a70 -> 0X7bfcb5fa6a70)
3000059 microseconds
timeout
[ 2016-10-27 5:42:11]Process 11891 termed with signal 14(SIGALRM)
PT_F36-2_bit_0-100 Test Num : 50
Inject into ../bin/hello
----- Type : 2_bit_0 Pos : PT_F36 -----
There are 1 faults will be injected in faulttable...
101014 microseconds
Fault on PT_F36(0X7fffdb08bd90 -> 0X7fff9b08bd90)
3000241 microseconds
timeout
[ 2016-10-27 5:42:14]Process 11893 termed with signal 14(SIGALRM)
PT_F36-2_bit_0-100 Test Num : 51
Inject into ../bin/hello
----- Type : 2_bit_0 Pos : PT_F36 -----
There are 1 faults will be injected in faulttable...
101146 microseconds
Fault on PT_F36(0X7ffd73b0c8a0 -> 0X7ffd73b088a0)
3000091 microseconds
timeout
[ 2016-10-27 5:42:17]Process 11895 termed with signal 14(SIGALRM)
PT_F36-2_bit_0-100 Test Num : 52
Inject into ../bin/hello
----- Type : 2_bit_0 Pos : PT_F36 -----
There are 1 faults will be injected in faulttable...
101027 microseconds
Fault on PT_F36(0X7fff13fb0b60 -> 0X6fff13fb0b20)
3000082 microseconds
timeout
[ 2016-10-27 5:42:20]Process 11897 termed with signal 14(SIGALRM)
PT_F36-2_bit_0-100 Test Num : 53
Inject into ../bin/hello
----- Type : 2_bit_0 Pos : PT_F36 -----
There are 1 faults will be injected in faulttable...
100109 microseconds
Fault on PT_F36(0X7ffc1b947550 -> 0X7ffc1b943550)
3000069 microseconds
timeout
[ 2016-10-27 5:42:23]Process 11899 termed with signal 14(SIGALRM)
PT_F36-2_bit_0-100 Test Num : 54
Inject into ../bin/hello
----- Type : 2_bit_0 Pos : PT_F36 -----
There are 1 faults will be injected in faulttable...
101063 microseconds
Fault on PT_F36(0X7ffec39c83e0 -> 0X3ffec39c83e0)
3000086 microseconds
timeout
[ 2016-10-27 5:42:27]Process 11901 termed with signal 14(SIGALRM)
PT_F36-2_bit_0-100 Test Num : 55
Inject into ../bin/hello
----- Type : 2_bit_0 Pos : PT_F36 -----
There are 1 faults will be injected in faulttable...
101031 microseconds
Fault on PT_F36(0X7fffd4b7bd30 -> 0X7fffd4b7bc30)
3000101 microseconds
timeout
[ 2016-10-27 5:42:30]Process 11903 termed with signal 14(SIGALRM)
PT_F36-2_bit_0-100 Test Num : 56
Inject into ../bin/hello
----- Type : 2_bit_0 Pos : PT_F36 -----
There are 1 faults will be injected in faulttable...
100108 microseconds
Fault on PT_F36(0X7ffe237734f0 -> 0X7efe237734f0)
3000065 microseconds
timeout
[ 2016-10-27 5:42:33]Process 11905 termed with signal 14(SIGALRM)
PT_F36-2_bit_0-100 Test Num : 57
Inject into ../bin/hello
----- Type : 2_bit_0 Pos : PT_F36 -----
There are 1 faults will be injected in faulttable...
101154 microseconds
Fault on PT_F36(0X7ffdb04b5310 -> 0X7fedb04b5310)
3000099 microseconds
timeout
[ 2016-10-27 5:42:36]Process 11907 termed with signal 14(SIGALRM)
PT_F36-2_bit_0-100 Test Num : 58
Inject into ../bin/hello
----- Type : 2_bit_0 Pos : PT_F36 -----
There are 1 faults will be injected in faulttable...
100066 microseconds
Fault on PT_F36(0X7fffbfbebc50 -> 0X7fdfbbbebc50)
3000068 microseconds
timeout
[ 2016-10-27 5:42:39]Process 11909 termed with signal 14(SIGALRM)
PT_F36-2_bit_0-100 Test Num : 59
Inject into ../bin/hello
----- Type : 2_bit_0 Pos : PT_F36 -----
There are 1 faults will be injected in faulttable...
101045 microseconds
Fault on PT_F36(0X7ffcf68220e0 -> 0X7ffcf68220c0)
3000065 microseconds
timeout
[ 2016-10-27 5:42:42]Process 11911 termed with signal 14(SIGALRM)
PT_F36-2_bit_0-100 Test Num : 60
Inject into ../bin/hello
----- Type : 2_bit_0 Pos : PT_F36 -----
There are 1 faults will be injected in faulttable...
100968 microseconds
Fault on PT_F36(0X7ffedb0e26a0 -> 0X7bfedb0e26a0)
3000110 microseconds
timeout
[ 2016-10-27 5:42:45]Process 11913 termed with signal 14(SIGALRM)
PT_F36-2_bit_0-100 Test Num : 61
Inject into ../bin/hello
----- Type : 2_bit_0 Pos : PT_F36 -----
There are 1 faults will be injected in faulttable...
100083 microseconds
Fault on PT_F36(0X7fffc8d15aa0 -> 0X7fffc8515aa0)
3000070 microseconds
timeout
[ 2016-10-27 5:42:48]Process 11915 termed with signal 14(SIGALRM)
PT_F36-2_bit_0-100 Test Num : 62
Inject into ../bin/hello
----- Type : 2_bit_0 Pos : PT_F36 -----
There are 1 faults will be injected in faulttable...
100929 microseconds
Fault on PT_F36(0X7ffd4e2a6f40 -> 0X7ffd4e2a2740)
3000098 microseconds
timeout
[ 2016-10-27 5:42:51]Process 11917 termed with signal 14(SIGALRM)
PT_F36-2_bit_0-100 Test Num : 63
Inject into ../bin/hello
----- Type : 2_bit_0 Pos : PT_F36 -----
There are 1 faults will be injected in faulttable...
101172 microseconds
Fault on PT_F36(0X7ffe08c2fe00 -> 0X7ffe08c2fe00)
3000132 microseconds
timeout
[ 2016-10-27 5:42:55]Process 11919 termed with signal 14(SIGALRM)
PT_F36-2_bit_0-100 Test Num : 64
Inject into ../bin/hello
----- Type : 2_bit_0 Pos : PT_F36 -----
There are 1 faults will be injected in faulttable...
101259 microseconds
Fault on PT_F36(0X7ffe3cb18f30 -> 0X7fbe3cb18f30)
3000161 microseconds
timeout
[ 2016-10-27 5:42:58]Process 11921 termed with signal 14(SIGALRM)
PT_F36-2_bit_0-100 Test Num : 65
Inject into ../bin/hello
----- Type : 2_bit_0 Pos : PT_F36 -----
There are 1 faults will be injected in faulttable...
101048 microseconds
Fault on PT_F36(0X7fff0b460640 -> 0X7fff0b460240)
3000081 microseconds
timeout
[  2016-10-27 5:43:1]Process 11923 termed with signal 14(SIGALRM)
PT_F36-2_bit_0-100 Test Num : 66
Inject into ../bin/hello
----- Type : 2_bit_0 Pos : PT_F36 -----
There are 1 faults will be injected in faulttable...
101154 microseconds
Fault on PT_F36(0X7fffd992f1b0 -> 0X7fefd982f1b0)
3000099 microseconds
timeout
[  2016-10-27 5:43:4]Process 11925 termed with signal 14(SIGALRM)
PT_F36-2_bit_0-100 Test Num : 67
Inject into ../bin/hello
----- Type : 2_bit_0 Pos : PT_F36 -----
There are 1 faults will be injected in faulttable...
101087 microseconds
Fault on PT_F36(0X7ffc545f7c20 -> 0X7ffc541f7c20)
3000081 microseconds
timeout
[  2016-10-27 5:43:7]Process 11927 termed with signal 14(SIGALRM)
PT_F36-2_bit_0-100 Test Num : 68
Inject into ../bin/hello
----- Type : 2_bit_0 Pos : PT_F36 -----
There are 1 faults will be injected in faulttable...
100987 microseconds
Fault on PT_F36(0X7ffdd99c9710 -> 0X7ffc999c9710)
3000074 microseconds
timeout
[ 2016-10-27 5:43:10]Process 11929 termed with signal 14(SIGALRM)
PT_F36-2_bit_0-100 Test Num : 69
Inject into ../bin/hello
----- Type : 2_bit_0 Pos : PT_F36 -----
There are 1 faults will be injected in faulttable...
100910 microseconds
Fault on PT_F36(0X7fffb827dbe0 -> 0X5fffb827dbe0)
3000080 microseconds
timeout
[ 2016-10-27 5:43:13]Process 11931 termed with signal 14(SIGALRM)
PT_F36-2_bit_0-100 Test Num : 70
Inject into ../bin/hello
----- Type : 2_bit_0 Pos : PT_F36 -----
There are 1 faults will be injected in faulttable...
100068 microseconds
Fault on PT_F36(0X7ffd605f93f0 -> 0X7ffd605f92f0)
3000116 microseconds
timeout
[ 2016-10-27 5:43:16]Process 11933 termed with signal 14(SIGALRM)
PT_F36-2_bit_0-100 Test Num : 71
Inject into ../bin/hello
----- Type : 2_bit_0 Pos : PT_F36 -----
There are 1 faults will be injected in faulttable...
100116 microseconds
Fault on PT_F36(0X7fff3c372e20 -> 0X7fff34372620)
3000068 microseconds
timeout
[ 2016-10-27 5:43:19]Process 11935 termed with signal 14(SIGALRM)
PT_F36-2_bit_0-100 Test Num : 72
Inject into ../bin/hello
----- Type : 2_bit_0 Pos : PT_F36 -----
There are 1 faults will be injected in faulttable...
100985 microseconds
Fault on PT_F36(0X7ffeae3ac730 -> 0X7ffeae3ac730)
3000073 microseconds
timeout
[ 2016-10-27 5:43:23]Process 11937 termed with signal 14(SIGALRM)
PT_F36-2_bit_0-100 Test Num : 73
Inject into ../bin/hello
----- Type : 2_bit_0 Pos : PT_F36 -----
There are 1 faults will be injected in faulttable...
101003 microseconds
Fault on PT_F36(0X7ffe7c0c6810 -> 0X7ffe7c0c6810)
3000095 microseconds
timeout
[ 2016-10-27 5:43:26]Process 11939 termed with signal 14(SIGALRM)
PT_F36-2_bit_0-100 Test Num : 74
Inject into ../bin/hello
----- Type : 2_bit_0 Pos : PT_F36 -----
There are 1 faults will be injected in faulttable...
100994 microseconds
Fault on PT_F36(0X7fffc7f4dbf0 -> 0X7fffc7f4dbf0)
3000057 microseconds
timeout
[ 2016-10-27 5:43:29]Process 11941 termed with signal 14(SIGALRM)
PT_F36-2_bit_0-100 Test Num : 75
Inject into ../bin/hello
----- Type : 2_bit_0 Pos : PT_F36 -----
There are 1 faults will be injected in faulttable...
100909 microseconds
Fault on PT_F36(0X7fff21e56090 -> 0X7fff21656090)
3000083 microseconds
timeout
[ 2016-10-27 5:43:32]Process 11943 termed with signal 14(SIGALRM)
PT_F36-2_bit_0-100 Test Num : 76
Inject into ../bin/hello
----- Type : 2_bit_0 Pos : PT_F36 -----
There are 1 faults will be injected in faulttable...
101075 microseconds
Fault on PT_F36(0X7ffe3e6738a0 -> 0X7bfe3e6738a0)
3000128 microseconds
timeout
[ 2016-10-27 5:43:35]Process 11945 termed with signal 14(SIGALRM)
PT_F36-2_bit_0-100 Test Num : 77
Inject into ../bin/hello
----- Type : 2_bit_0 Pos : PT_F36 -----
There are 1 faults will be injected in faulttable...
101033 microseconds
Fault on PT_F36(0X7ffcad44e640 -> 0X7fecad44e640)
3000101 microseconds
timeout
[ 2016-10-27 5:43:38]Process 11947 termed with signal 14(SIGALRM)
PT_F36-2_bit_0-100 Test Num : 78
Inject into ../bin/hello
----- Type : 2_bit_0 Pos : PT_F36 -----
There are 1 faults will be injected in faulttable...
101235 microseconds
Fault on PT_F36(0X7fff991c9ed0 -> 0X7fff991c9ed0)
3000090 microseconds
timeout
[ 2016-10-27 5:43:41]Process 11949 termed with signal 14(SIGALRM)
PT_F36-2_bit_0-100 Test Num : 79
Inject into ../bin/hello
----- Type : 2_bit_0 Pos : PT_F36 -----
There are 1 faults will be injected in faulttable...
101381 microseconds
Fault on PT_F36(0X7ffcff81b7b0 -> 0X7fe8ff81b7b0)
3000204 microseconds
timeout
[ 2016-10-27 5:43:44]Process 11951 termed with signal 14(SIGALRM)
PT_F36-2_bit_0-100 Test Num : 80
Inject into ../bin/hello
----- Type : 2_bit_0 Pos : PT_F36 -----
There are 1 faults will be injected in faulttable...
100121 microseconds
Fault on PT_F36(0X7ffc7965d880 -> 0X7ffc7965d080)
3000088 microseconds
timeout
[ 2016-10-27 5:43:48]Process 11953 termed with signal 14(SIGALRM)
PT_F36-2_bit_0-100 Test Num : 81
Inject into ../bin/hello
----- Type : 2_bit_0 Pos : PT_F36 -----
There are 1 faults will be injected in faulttable...
101046 microseconds
Fault on PT_F36(0X7ffdb43611d0 -> 0X7ffdb43610d0)
3000087 microseconds
timeout
[ 2016-10-27 5:43:51]Process 11955 termed with signal 14(SIGALRM)
PT_F36-2_bit_0-100 Test Num : 82
Inject into ../bin/hello
----- Type : 2_bit_0 Pos : PT_F36 -----
There are 1 faults will be injected in faulttable...
101033 microseconds
Fault on PT_F36(0X7ffea31445b0 -> 0X7ffea31441b0)
3000075 microseconds
timeout
[ 2016-10-27 5:43:54]Process 11957 termed with signal 14(SIGALRM)
PT_F36-2_bit_0-100 Test Num : 83
Inject into ../bin/hello
----- Type : 2_bit_0 Pos : PT_F36 -----
There are 1 faults will be injected in faulttable...
100998 microseconds
Fault on PT_F36(0X7fff5b754de0 -> 0X7ffe5b754dc0)
3000074 microseconds
timeout
[ 2016-10-27 5:43:57]Process 11959 termed with signal 14(SIGALRM)
PT_F36-2_bit_0-100 Test Num : 84
Inject into ../bin/hello
----- Type : 2_bit_0 Pos : PT_F36 -----
There are 1 faults will be injected in faulttable...
101038 microseconds
Fault on PT_F36(0X7fff0c926020 -> 0X7fff0c926020)
3000079 microseconds
timeout
[  2016-10-27 5:44:0]Process 11961 termed with signal 14(SIGALRM)
PT_F36-2_bit_0-100 Test Num : 85
Inject into ../bin/hello
----- Type : 2_bit_0 Pos : PT_F36 -----
There are 1 faults will be injected in faulttable...
101356 microseconds
Fault on PT_F36(0X7ffe28aa9b60 -> 0X7ffe28aa9b60)
3000390 microseconds
timeout
[  2016-10-27 5:44:3]Process 11963 termed with signal 14(SIGALRM)
PT_F36-2_bit_0-100 Test Num : 86
Inject into ../bin/hello
----- Type : 2_bit_0 Pos : PT_F36 -----
There are 1 faults will be injected in faulttable...
101022 microseconds
Fault on PT_F36(0X7fffd1acd1c0 -> 0X7fff51ac51c0)
3000059 microseconds
timeout
[  2016-10-27 5:44:6]Process 11965 termed with signal 14(SIGALRM)
PT_F36-2_bit_0-100 Test Num : 87
Inject into ../bin/hello
----- Type : 2_bit_0 Pos : PT_F36 -----
There are 1 faults will be injected in faulttable...
100962 microseconds
Fault on PT_F36(0X7fff15fad3e0 -> 0X77ff15fad3e0)
3000065 microseconds
timeout
[  2016-10-27 5:44:9]Process 11967 termed with signal 14(SIGALRM)
PT_F36-2_bit_0-100 Test Num : 88
Inject into ../bin/hello
----- Type : 2_bit_0 Pos : PT_F36 -----
There are 1 faults will be injected in faulttable...
101223 microseconds
Fault on PT_F36(0X7ffde7a8b3a0 -> 0X77fce7a8b3a0)
3000161 microseconds
timeout
[ 2016-10-27 5:44:12]Process 11969 termed with signal 14(SIGALRM)
PT_F36-2_bit_0-100 Test Num : 89
Inject into ../bin/hello
----- Type : 2_bit_0 Pos : PT_F36 -----
There are 1 faults will be injected in faulttable...
100091 microseconds
Fault on PT_F36(0X7ffcd0a0c0e0 -> 0X7ff8d0a0c0e0)
3000131 microseconds
timeout
[ 2016-10-27 5:44:16]Process 11971 termed with signal 14(SIGALRM)
PT_F36-2_bit_0-100 Test Num : 90
Inject into ../bin/hello
----- Type : 2_bit_0 Pos : PT_F36 -----
There are 1 faults will be injected in faulttable...
100112 microseconds
Fault on PT_F36(0X7ffe7ad69fd0 -> 0X7ffe7ad69f50)
3000089 microseconds
timeout
[ 2016-10-27 5:44:19]Process 11973 termed with signal 14(SIGALRM)
PT_F36-2_bit_0-100 Test Num : 91
Inject into ../bin/hello
----- Type : 2_bit_0 Pos : PT_F36 -----
There are 1 faults will be injected in faulttable...
100154 microseconds
Fault on PT_F36(0X7fff56c76720 -> 0X7fff56c46720)
3000115 microseconds
timeout
[ 2016-10-27 5:44:22]Process 11975 termed with signal 14(SIGALRM)
PT_F36-2_bit_0-100 Test Num : 92
Inject into ../bin/hello
----- Type : 2_bit_0 Pos : PT_F36 -----
There are 1 faults will be injected in faulttable...
101143 microseconds
Fault on PT_F36(0X7ffc201bcbe0 -> 0X7ff8201bcbe0)
3000114 microseconds
timeout
[ 2016-10-27 5:44:25]Process 11977 termed with signal 14(SIGALRM)
PT_F36-2_bit_0-100 Test Num : 93
Inject into ../bin/hello
----- Type : 2_bit_0 Pos : PT_F36 -----
There are 1 faults will be injected in faulttable...
100080 microseconds
Fault on PT_F36(0X7fff039a2db0 -> 0X7ff5039a2db0)
3000115 microseconds
timeout
[ 2016-10-27 5:44:28]Process 11979 termed with signal 14(SIGALRM)
PT_F36-2_bit_0-100 Test Num : 94
Inject into ../bin/hello
----- Type : 2_bit_0 Pos : PT_F36 -----
There are 1 faults will be injected in faulttable...
101000 microseconds
Fault on PT_F36(0X7ffdbc390030 -> 0X5ffdbc380030)
3000083 microseconds
timeout
[ 2016-10-27 5:44:31]Process 11981 termed with signal 14(SIGALRM)
PT_F36-2_bit_0-100 Test Num : 95
Inject into ../bin/hello
----- Type : 2_bit_0 Pos : PT_F36 -----
There are 1 faults will be injected in faulttable...
101119 microseconds
Fault on PT_F36(0X7ffd5850ff10 -> 0X7ffd5850fd10)
3000093 microseconds
timeout
[ 2016-10-27 5:44:34]Process 11983 termed with signal 14(SIGALRM)
PT_F36-2_bit_0-100 Test Num : 96
Inject into ../bin/hello
----- Type : 2_bit_0 Pos : PT_F36 -----
There are 1 faults will be injected in faulttable...
100917 microseconds
Fault on PT_F36(0X7ffdf7a8fd00 -> 0X7ffdf5a87d00)
3000174 microseconds
timeout
[ 2016-10-27 5:44:37]Process 11985 termed with signal 14(SIGALRM)
PT_F36-2_bit_0-100 Test Num : 97
Inject into ../bin/hello
----- Type : 2_bit_0 Pos : PT_F36 -----
There are 1 faults will be injected in faulttable...
100072 microseconds
Fault on PT_F36(0X7ffe16e0d400 -> 0X7ffe16e0d400)
3000076 microseconds
timeout
[ 2016-10-27 5:44:40]Process 11987 termed with signal 14(SIGALRM)
PT_F36-2_bit_0-100 Test Num : 98
Inject into ../bin/hello
----- Type : 2_bit_0 Pos : PT_F36 -----
There are 1 faults will be injected in faulttable...
100103 microseconds
Fault on PT_F36(0X7ffed39c0a50 -> 0X7ffed19c0a50)
3000066 microseconds
timeout
[ 2016-10-27 5:44:44]Process 11989 termed with signal 14(SIGALRM)
PT_F36-2_bit_0-100 Test Num : 99
Inject into ../bin/hello
----- Type : 2_bit_0 Pos : PT_F36 -----
There are 1 faults will be injected in faulttable...
101220 microseconds
Fault on PT_F36(0X7ffd09464b40 -> 0X7ffd09464b40)
3000072 microseconds
timeout
[ 2016-10-27 5:44:47]Process 11991 termed with signal 14(SIGALRM)
PT_F36-2_bit_0-100 Test Num : 100
Inject into ../bin/hello
----- Type : 2_bit_0 Pos : PT_F36 -----
There are 1 faults will be injected in faulttable...
101007 microseconds
Fault on PT_F36(0X7ffd48bd9920 -> 0X7ffd48bd9920)
3000079 microseconds
timeout
[ 2016-10-27 5:44:50]Process 11993 termed with signal 14(SIGALRM)
