PT_F36-2_bit_flip-100 Test Num : 1
Inject into ../bin/hello
----- Type : 2_bit_flip Pos : PT_F36 -----
There are 1 faults will be injected in faulttable...
100885 microseconds
Fault on PT_F36(0X7ffcbbeccf90 -> 0X13ffcbbeccf90)
3000065 microseconds
timeout
[ 2016-10-27 5:29:19]Process 11325 termed with signal 14(SIGALRM)
PT_F36-2_bit_flip-100 Test Num : 2
Inject into ../bin/hello
----- Type : 2_bit_flip Pos : PT_F36 -----
There are 1 faults will be injected in faulttable...
100959 microseconds
Fault on PT_F36(0X7fff6867c6d0 -> 0X7fff2867c6d1)
3000067 microseconds
timeout
[ 2016-10-27 5:29:22]Process 11328 termed with signal 14(SIGALRM)
PT_F36-2_bit_flip-100 Test Num : 3
Inject into ../bin/hello
----- Type : 2_bit_flip Pos : PT_F36 -----
There are 1 faults will be injected in faulttable...
101083 microseconds
Fault on PT_F36(0X7fff111e0700 -> 0Xffff911e0700)
3000084 microseconds
timeout
[ 2016-10-27 5:29:25]Process 11331 termed with signal 14(SIGALRM)
PT_F36-2_bit_flip-100 Test Num : 4
Inject into ../bin/hello
----- Type : 2_bit_flip Pos : PT_F36 -----
There are 1 faults will be injected in faulttable...
100987 microseconds
Fault on PT_F36(0X7ffc1b11a1a0 -> 0X40087ffc1b11a1a0)
3000095 microseconds
timeout
[ 2016-10-27 5:29:28]Process 11334 termed with signal 14(SIGALRM)
PT_F36-2_bit_flip-100 Test Num : 5
Inject into ../bin/hello
----- Type : 2_bit_flip Pos : PT_F36 -----
There are 1 faults will be injected in faulttable...
101027 microseconds
Fault on PT_F36(0X7ffd0b137210 -> 0X7ffd0b537610)
3000108 microseconds
timeout
[ 2016-10-27 5:29:32]Process 11336 termed with signal 14(SIGALRM)
PT_F36-2_bit_flip-100 Test Num : 6
Inject into ../bin/hello
----- Type : 2_bit_flip Pos : PT_F36 -----
There are 1 faults will be injected in faulttable...
101194 microseconds
Fault on PT_F36(0X7fffc2c4f160 -> 0X7fffc2ccf161)
3000084 microseconds
timeout
[ 2016-10-27 5:29:35]Process 11338 termed with signal 14(SIGALRM)
PT_F36-2_bit_flip-100 Test Num : 7
Inject into ../bin/hello
----- Type : 2_bit_flip Pos : PT_F36 -----
There are 1 faults will be injected in faulttable...
101010 microseconds
Fault on PT_F36(0X7ffeb1e5d9f0 -> 0X107ffea1e5d9f0)
3000060 microseconds
timeout
[ 2016-10-27 5:29:38]Process 11340 termed with signal 14(SIGALRM)
PT_F36-2_bit_flip-100 Test Num : 8
Inject into ../bin/hello
----- Type : 2_bit_flip Pos : PT_F36 -----
There are 1 faults will be injected in faulttable...
100967 microseconds
Fault on PT_F36(0X7ffca9424450 -> 0X2000fffca9424450)
3000076 microseconds
timeout
[ 2016-10-27 5:29:41]Process 11342 termed with signal 14(SIGALRM)
PT_F36-2_bit_flip-100 Test Num : 9
Inject into ../bin/hello
----- Type : 2_bit_flip Pos : PT_F36 -----
There are 1 faults will be injected in faulttable...
101035 microseconds
Fault on PT_F36(0X7fff7e8ed9e0 -> 0X7fff7faed9e0)
3000099 microseconds
timeout
[ 2016-10-27 5:29:44]Process 11344 termed with signal 14(SIGALRM)
PT_F36-2_bit_flip-100 Test Num : 10
Inject into ../bin/hello
----- Type : 2_bit_flip Pos : PT_F36 -----
There are 1 faults will be injected in faulttable...
100979 microseconds
Fault on PT_F36(0X7ffd0d9a9370 -> 0X80007fed0d9a9370)
3000067 microseconds
timeout
[ 2016-10-27 5:29:47]Process 11346 termed with signal 14(SIGALRM)
PT_F36-2_bit_flip-100 Test Num : 11
Inject into ../bin/hello
----- Type : 2_bit_flip Pos : PT_F36 -----
There are 1 faults will be injected in faulttable...
100978 microseconds
Fault on PT_F36(0X7fff060b7530 -> 0Xffff060b5530)
3000084 microseconds
timeout
[ 2016-10-27 5:29:50]Process 11348 termed with signal 14(SIGALRM)
PT_F36-2_bit_flip-100 Test Num : 12
Inject into ../bin/hello
----- Type : 2_bit_flip Pos : PT_F36 -----
There are 1 faults will be injected in faulttable...
100942 microseconds
Fault on PT_F36(0X7ffff7d8a350 -> 0X47fffe7d8a350)
3000108 microseconds
timeout
[ 2016-10-27 5:29:53]Process 11350 termed with signal 14(SIGALRM)
PT_F36-2_bit_flip-100 Test Num : 13
Inject into ../bin/hello
----- Type : 2_bit_flip Pos : PT_F36 -----
There are 1 faults will be injected in faulttable...
100275 microseconds
Fault on PT_F36(0X7ffd5745fb40 -> 0X3ffd5745fa40)
3000117 microseconds
timeout
[ 2016-10-27 5:29:56]Process 11352 termed with signal 14(SIGALRM)
PT_F36-2_bit_flip-100 Test Num : 14
Inject into ../bin/hello
----- Type : 2_bit_flip Pos : PT_F36 -----
There are 1 faults will be injected in faulttable...
100987 microseconds
Fault on PT_F36(0X7ffe639b2da0 -> 0X7fbe639b3da0)
3000130 microseconds
timeout
[  2016-10-27 5:30:0]Process 11354 termed with signal 14(SIGALRM)
PT_F36-2_bit_flip-100 Test Num : 15
Inject into ../bin/hello
----- Type : 2_bit_flip Pos : PT_F36 -----
There are 1 faults will be injected in faulttable...
101026 microseconds
Fault on PT_F36(0X7fffa30b9910 -> 0X7fffa3139910)
3000065 microseconds
timeout
[  2016-10-27 5:30:3]Process 11356 termed with signal 14(SIGALRM)
PT_F36-2_bit_flip-100 Test Num : 16
Inject into ../bin/hello
----- Type : 2_bit_flip Pos : PT_F36 -----
There are 1 faults will be injected in faulttable...
101074 microseconds
Fault on PT_F36(0X7ffd19401f10 -> 0X80007bfd19401f10)
3000095 microseconds
timeout
[  2016-10-27 5:30:6]Process 11358 termed with signal 14(SIGALRM)
PT_F36-2_bit_flip-100 Test Num : 17
Inject into ../bin/hello
----- Type : 2_bit_flip Pos : PT_F36 -----
There are 1 faults will be injected in faulttable...
100984 microseconds
Fault on PT_F36(0X7ffe44f32f00 -> 0X4007fde44f32f00)
3000081 microseconds
timeout
[  2016-10-27 5:30:9]Process 11361 termed with signal 14(SIGALRM)
PT_F36-2_bit_flip-100 Test Num : 18
Inject into ../bin/hello
----- Type : 2_bit_flip Pos : PT_F36 -----
There are 1 faults will be injected in faulttable...
100983 microseconds
Fault on PT_F36(0X7ffdc002d210 -> 0X6ffdc042d210)
3000092 microseconds
timeout
[ 2016-10-27 5:30:12]Process 11363 termed with signal 14(SIGALRM)
PT_F36-2_bit_flip-100 Test Num : 19
Inject into ../bin/hello
----- Type : 2_bit_flip Pos : PT_F36 -----
There are 1 faults will be injected in faulttable...
101297 microseconds
Fault on PT_F36(0X7ffc7877f150 -> 0X85ffc7877f150)
3000087 microseconds
timeout
[ 2016-10-27 5:30:15]Process 11365 termed with signal 14(SIGALRM)
PT_F36-2_bit_flip-100 Test Num : 20
Inject into ../bin/hello
----- Type : 2_bit_flip Pos : PT_F36 -----
There are 1 faults will be injected in faulttable...
100948 microseconds
Fault on PT_F36(0X7fff12dd8e90 -> 0X6fff12d98e90)
3000137 microseconds
timeout
[ 2016-10-27 5:30:18]Process 11367 termed with signal 14(SIGALRM)
PT_F36-2_bit_flip-100 Test Num : 21
Inject into ../bin/hello
----- Type : 2_bit_flip Pos : PT_F36 -----
There are 1 faults will be injected in faulttable...
101674 microseconds
Fault on PT_F36(0X7ffd15e67b70 -> 0X10007ffd15e67b50)
3000074 microseconds
timeout
[ 2016-10-27 5:30:21]Process 11369 termed with signal 14(SIGALRM)
PT_F36-2_bit_flip-100 Test Num : 22
Inject into ../bin/hello
----- Type : 2_bit_flip Pos : PT_F36 -----
There are 1 faults will be injected in faulttable...
101084 microseconds
Fault on PT_F36(0X7fff012d4170 -> 0X8047fff012d4170)
3000097 microseconds
timeout
[ 2016-10-27 5:30:24]Process 11371 termed with signal 14(SIGALRM)
PT_F36-2_bit_flip-100 Test Num : 23
Inject into ../bin/hello
----- Type : 2_bit_flip Pos : PT_F36 -----
There are 1 faults will be injected in faulttable...
100971 microseconds
Fault on PT_F36(0X7ffd091868f0 -> 0X7ffd093868f8)
3000074 microseconds
timeout
[ 2016-10-27 5:30:28]Process 11373 termed with signal 14(SIGALRM)
PT_F36-2_bit_flip-100 Test Num : 24
Inject into ../bin/hello
----- Type : 2_bit_flip Pos : PT_F36 -----
There are 1 faults will be injected in faulttable...
101298 microseconds
Fault on PT_F36(0X7fff639923f0 -> 0X7eff639823f0)
3000086 microseconds
timeout
[ 2016-10-27 5:30:31]Process 11375 termed with signal 14(SIGALRM)
PT_F36-2_bit_flip-100 Test Num : 25
Inject into ../bin/hello
----- Type : 2_bit_flip Pos : PT_F36 -----
There are 1 faults will be injected in faulttable...
100082 microseconds
Fault on PT_F36(0X7ffe56154920 -> 0X7ffe5615cd20)
3000073 microseconds
timeout
[ 2016-10-27 5:30:34]Process 11377 termed with signal 14(SIGALRM)
PT_F36-2_bit_flip-100 Test Num : 26
Inject into ../bin/hello
----- Type : 2_bit_flip Pos : PT_F36 -----
There are 1 faults will be injected in faulttable...
100996 microseconds
Fault on PT_F36(0X7ffe1f81dc60 -> 0X7ffa1f83dc60)
3000337 microseconds
timeout
[ 2016-10-27 5:30:37]Process 11379 termed with signal 14(SIGALRM)
PT_F36-2_bit_flip-100 Test Num : 27
Inject into ../bin/hello
----- Type : 2_bit_flip Pos : PT_F36 -----
There are 1 faults will be injected in faulttable...
100923 microseconds
Fault on PT_F36(0X7fffd8059ad0 -> 0X7fffd805bbd0)
3000057 microseconds
timeout
[ 2016-10-27 5:30:40]Process 11381 termed with signal 14(SIGALRM)
PT_F36-2_bit_flip-100 Test Num : 28
Inject into ../bin/hello
----- Type : 2_bit_flip Pos : PT_F36 -----
There are 1 faults will be injected in faulttable...
100077 microseconds
Fault on PT_F36(0X7ffcb4122d50 -> 0X7ffc74122d50)
3000063 microseconds
timeout
[ 2016-10-27 5:30:43]Process 11383 termed with signal 14(SIGALRM)
PT_F36-2_bit_flip-100 Test Num : 29
Inject into ../bin/hello
----- Type : 2_bit_flip Pos : PT_F36 -----
There are 1 faults will be injected in faulttable...
101046 microseconds
Fault on PT_F36(0X7ffc971fa180 -> 0X407ffc971fa181)
3000086 microseconds
timeout
[ 2016-10-27 5:30:46]Process 11385 termed with signal 14(SIGALRM)
PT_F36-2_bit_flip-100 Test Num : 30
Inject into ../bin/hello
----- Type : 2_bit_flip Pos : PT_F36 -----
There are 1 faults will be injected in faulttable...
100887 microseconds
Fault on PT_F36(0X7ffdabf02e40 -> 0X87ffdabf02e48)
3000103 microseconds
timeout
[ 2016-10-27 5:30:49]Process 11387 termed with signal 14(SIGALRM)
PT_F36-2_bit_flip-100 Test Num : 31
Inject into ../bin/hello
----- Type : 2_bit_flip Pos : PT_F36 -----
There are 1 faults will be injected in faulttable...
101074 microseconds
Fault on PT_F36(0X7fff5e909170 -> 0X7fff5e909173)
3000080 microseconds
timeout
[ 2016-10-27 5:30:52]Process 11389 termed with signal 14(SIGALRM)
PT_F36-2_bit_flip-100 Test Num : 32
Inject into ../bin/hello
----- Type : 2_bit_flip Pos : PT_F36 -----
There are 1 faults will be injected in faulttable...
100875 microseconds
Fault on PT_F36(0X7ffcc2e5d600 -> 0X7ffcc2f5d608)
3000106 microseconds
timeout
[ 2016-10-27 5:30:56]Process 11391 termed with signal 14(SIGALRM)
PT_F36-2_bit_flip-100 Test Num : 33
Inject into ../bin/hello
----- Type : 2_bit_flip Pos : PT_F36 -----
There are 1 faults will be injected in faulttable...
100165 microseconds
Fault on PT_F36(0X7ffdb4d64fc0 -> 0X27f7db4d64fc0)
3000074 microseconds
timeout
[ 2016-10-27 5:30:59]Process 11393 termed with signal 14(SIGALRM)
PT_F36-2_bit_flip-100 Test Num : 34
Inject into ../bin/hello
----- Type : 2_bit_flip Pos : PT_F36 -----
There are 1 faults will be injected in faulttable...
100086 microseconds
Fault on PT_F36(0X7ffd23550bd0 -> 0X1007ffd23550bc0)
3000079 microseconds
timeout
[  2016-10-27 5:31:2]Process 11395 termed with signal 14(SIGALRM)
PT_F36-2_bit_flip-100 Test Num : 35
Inject into ../bin/hello
----- Type : 2_bit_flip Pos : PT_F36 -----
There are 1 faults will be injected in faulttable...
101002 microseconds
Fault on PT_F36(0X7ffd9b442530 -> 0X7fbd9b442730)
3000077 microseconds
timeout
[  2016-10-27 5:31:5]Process 11397 termed with signal 14(SIGALRM)
PT_F36-2_bit_flip-100 Test Num : 36
Inject into ../bin/hello
----- Type : 2_bit_flip Pos : PT_F36 -----
There are 1 faults will be injected in faulttable...
100896 microseconds
Fault on PT_F36(0X7ffdf402fc60 -> 0X4007ffdf402fc61)
3000072 microseconds
timeout
[  2016-10-27 5:31:8]Process 11399 termed with signal 14(SIGALRM)
PT_F36-2_bit_flip-100 Test Num : 37
Inject into ../bin/hello
----- Type : 2_bit_flip Pos : PT_F36 -----
There are 1 faults will be injected in faulttable...
100911 microseconds
Fault on PT_F36(0X7ffdca49ac50 -> 0X7fddca498c50)
3000154 microseconds
timeout
[ 2016-10-27 5:31:11]Process 11401 termed with signal 14(SIGALRM)
PT_F36-2_bit_flip-100 Test Num : 38
Inject into ../bin/hello
----- Type : 2_bit_flip Pos : PT_F36 -----
There are 1 faults will be injected in faulttable...
100092 microseconds
Fault on PT_F36(0X7ffd700e0200 -> 0X7fdf700e0200)
3000092 microseconds
timeout
[ 2016-10-27 5:31:14]Process 11403 termed with signal 14(SIGALRM)
PT_F36-2_bit_flip-100 Test Num : 39
Inject into ../bin/hello
----- Type : 2_bit_flip Pos : PT_F36 -----
There are 1 faults will be injected in faulttable...
101101 microseconds
Fault on PT_F36(0X7fffde6e8020 -> 0X7ffdde6e8030)
3000088 microseconds
timeout
[ 2016-10-27 5:31:17]Process 11405 termed with signal 14(SIGALRM)
PT_F36-2_bit_flip-100 Test Num : 40
Inject into ../bin/hello
----- Type : 2_bit_flip Pos : PT_F36 -----
There are 1 faults will be injected in faulttable...
100950 microseconds
Fault on PT_F36(0X7ffc5e511950 -> 0X7dfc5e519950)
3000068 microseconds
timeout
[ 2016-10-27 5:31:20]Process 11407 termed with signal 14(SIGALRM)
PT_F36-2_bit_flip-100 Test Num : 41
Inject into ../bin/hello
----- Type : 2_bit_flip Pos : PT_F36 -----
There are 1 faults will be injected in faulttable...
100088 microseconds
Fault on PT_F36(0X7ffdf46d7bc0 -> 0X2000fffdf46d7bc0)
3000085 microseconds
timeout
[ 2016-10-27 5:31:24]Process 11409 termed with signal 14(SIGALRM)
PT_F36-2_bit_flip-100 Test Num : 42
Inject into ../bin/hello
----- Type : 2_bit_flip Pos : PT_F36 -----
There are 1 faults will be injected in faulttable...
101446 microseconds
Fault on PT_F36(0X7fff15061770 -> 0X7ffd15161770)
3000068 microseconds
timeout
[ 2016-10-27 5:31:27]Process 11411 termed with signal 14(SIGALRM)
PT_F36-2_bit_flip-100 Test Num : 43
Inject into ../bin/hello
----- Type : 2_bit_flip Pos : PT_F36 -----
There are 1 faults will be injected in faulttable...
101090 microseconds
Fault on PT_F36(0X7ffe2b3ae470 -> 0Xff7e2b3ae470)
3000083 microseconds
timeout
[ 2016-10-27 5:31:30]Process 11413 termed with signal 14(SIGALRM)
PT_F36-2_bit_flip-100 Test Num : 44
Inject into ../bin/hello
----- Type : 2_bit_flip Pos : PT_F36 -----
There are 1 faults will be injected in faulttable...
100952 microseconds
Fault on PT_F36(0X7fff7940fb70 -> 0X3fdf7940fb70)
3000064 microseconds
timeout
[ 2016-10-27 5:31:33]Process 11415 termed with signal 14(SIGALRM)
PT_F36-2_bit_flip-100 Test Num : 45
Inject into ../bin/hello
----- Type : 2_bit_flip Pos : PT_F36 -----
There are 1 faults will be injected in faulttable...
100972 microseconds
Fault on PT_F36(0X7ffd6f4b1410 -> 0X2000fffd6f4b1410)
3000066 microseconds
timeout
[ 2016-10-27 5:31:36]Process 11417 termed with signal 14(SIGALRM)
PT_F36-2_bit_flip-100 Test Num : 46
Inject into ../bin/hello
----- Type : 2_bit_flip Pos : PT_F36 -----
There are 1 faults will be injected in faulttable...
100964 microseconds
Fault on PT_F36(0X7ffd965e4d20 -> 0X7ffdd65e4c20)
3000056 microseconds
timeout
[ 2016-10-27 5:31:39]Process 11419 termed with signal 14(SIGALRM)
PT_F36-2_bit_flip-100 Test Num : 47
Inject into ../bin/hello
----- Type : 2_bit_flip Pos : PT_F36 -----
There are 1 faults will be injected in faulttable...
100979 microseconds
Fault on PT_F36(0X7ffef5d1a2e0 -> 0X7ff6f5d1a2e8)
3000064 microseconds
timeout
[ 2016-10-27 5:31:42]Process 11421 termed with signal 14(SIGALRM)
PT_F36-2_bit_flip-100 Test Num : 48
Inject into ../bin/hello
----- Type : 2_bit_flip Pos : PT_F36 -----
There are 1 faults will be injected in faulttable...
100999 microseconds
Fault on PT_F36(0X7ffca462e510 -> 0X7ffca462e400)
3000070 microseconds
timeout
[ 2016-10-27 5:31:45]Process 11423 termed with signal 14(SIGALRM)
PT_F36-2_bit_flip-100 Test Num : 49
Inject into ../bin/hello
----- Type : 2_bit_flip Pos : PT_F36 -----
There are 1 faults will be injected in faulttable...
101016 microseconds
Fault on PT_F36(0X7fffeefc3240 -> 0X7fffeefc3268)
3000079 microseconds
timeout
[ 2016-10-27 5:31:48]Process 11425 termed with signal 14(SIGALRM)
PT_F36-2_bit_flip-100 Test Num : 50
Inject into ../bin/hello
----- Type : 2_bit_flip Pos : PT_F36 -----
There are 1 faults will be injected in faulttable...
100086 microseconds
Fault on PT_F36(0X7ffe4c22ea50 -> 0X7efe4c22ea70)
3000100 microseconds
timeout
[ 2016-10-27 5:31:52]Process 11427 termed with signal 14(SIGALRM)
PT_F36-2_bit_flip-100 Test Num : 51
Inject into ../bin/hello
----- Type : 2_bit_flip Pos : PT_F36 -----
There are 1 faults will be injected in faulttable...
100070 microseconds
Fault on PT_F36(0X7ffc946d2a20 -> 0Xfffc946d2a00)
3000059 microseconds
timeout
[ 2016-10-27 5:31:55]Process 11429 termed with signal 14(SIGALRM)
PT_F36-2_bit_flip-100 Test Num : 52
Inject into ../bin/hello
----- Type : 2_bit_flip Pos : PT_F36 -----
There are 1 faults will be injected in faulttable...
101183 microseconds
Fault on PT_F36(0X7fffcf36fc40 -> 0X47fffef36fc40)
3000077 microseconds
timeout
[ 2016-10-27 5:31:58]Process 11431 termed with signal 14(SIGALRM)
PT_F36-2_bit_flip-100 Test Num : 53
Inject into ../bin/hello
----- Type : 2_bit_flip Pos : PT_F36 -----
There are 1 faults will be injected in faulttable...
100141 microseconds
Fault on PT_F36(0X7ffd0d09c2a0 -> 0X67fd0d09c2a0)
3000075 microseconds
timeout
[  2016-10-27 5:32:1]Process 11433 termed with signal 14(SIGALRM)
PT_F36-2_bit_flip-100 Test Num : 54
Inject into ../bin/hello
----- Type : 2_bit_flip Pos : PT_F36 -----
There are 1 faults will be injected in faulttable...
100929 microseconds
Fault on PT_F36(0X7ffed62bbfc0 -> 0X80007ffe562bbfc0)
3000096 microseconds
timeout
[  2016-10-27 5:32:4]Process 11435 termed with signal 14(SIGALRM)
PT_F36-2_bit_flip-100 Test Num : 55
Inject into ../bin/hello
----- Type : 2_bit_flip Pos : PT_F36 -----
There are 1 faults will be injected in faulttable...
100088 microseconds
Fault on PT_F36(0X7ffe2022b080 -> 0X5ffe2422b080)
3000062 microseconds
timeout
[  2016-10-27 5:32:7]Process 11439 termed with signal 14(SIGALRM)
PT_F36-2_bit_flip-100 Test Num : 56
Inject into ../bin/hello
----- Type : 2_bit_flip Pos : PT_F36 -----
There are 1 faults will be injected in faulttable...
101072 microseconds
Fault on PT_F36(0X7ffcf2b90410 -> 0X7ffcf0b90411)
3000179 microseconds
timeout
[ 2016-10-27 5:32:10]Process 11441 termed with signal 14(SIGALRM)
PT_F36-2_bit_flip-100 Test Num : 57
Inject into ../bin/hello
----- Type : 2_bit_flip Pos : PT_F36 -----
There are 1 faults will be injected in faulttable...
101092 microseconds
Fault on PT_F36(0X7ffe3747bd50 -> 0X7ffe37cfbd50)
3000066 microseconds
timeout
[ 2016-10-27 5:32:13]Process 11443 termed with signal 14(SIGALRM)
PT_F36-2_bit_flip-100 Test Num : 58
Inject into ../bin/hello
----- Type : 2_bit_flip Pos : PT_F36 -----
There are 1 faults will be injected in faulttable...
101089 microseconds
Fault on PT_F36(0X7ffd39cf0700 -> 0X47ffd29cf0700)
3000076 microseconds
timeout
[ 2016-10-27 5:32:16]Process 11445 termed with signal 14(SIGALRM)
PT_F36-2_bit_flip-100 Test Num : 59
Inject into ../bin/hello
----- Type : 2_bit_flip Pos : PT_F36 -----
There are 1 faults will be injected in faulttable...
101685 microseconds
Fault on PT_F36(0X7ffeac2c3a00 -> 0X7ffe2c2c3a04)
3000091 microseconds
timeout
[ 2016-10-27 5:32:20]Process 11447 termed with signal 14(SIGALRM)
PT_F36-2_bit_flip-100 Test Num : 60
Inject into ../bin/hello
----- Type : 2_bit_flip Pos : PT_F36 -----
There are 1 faults will be injected in faulttable...
101001 microseconds
Fault on PT_F36(0X7ffce92d0250 -> 0X7ffc692d0240)
3000105 microseconds
timeout
[ 2016-10-27 5:32:23]Process 11449 termed with signal 14(SIGALRM)
PT_F36-2_bit_flip-100 Test Num : 61
Inject into ../bin/hello
----- Type : 2_bit_flip Pos : PT_F36 -----
There are 1 faults will be injected in faulttable...
101304 microseconds
Fault on PT_F36(0X7ffc6fcc08f0 -> 0X4007ffc6fcc0af0)
3000176 microseconds
timeout
[ 2016-10-27 5:32:26]Process 11451 termed with signal 14(SIGALRM)
PT_F36-2_bit_flip-100 Test Num : 62
Inject into ../bin/hello
----- Type : 2_bit_flip Pos : PT_F36 -----
There are 1 faults will be injected in faulttable...
101124 microseconds
Fault on PT_F36(0X7ffc2a4ff720 -> 0X47fdc2a4ff720)
3000089 microseconds
timeout
[ 2016-10-27 5:32:29]Process 11453 termed with signal 14(SIGALRM)
PT_F36-2_bit_flip-100 Test Num : 63
Inject into ../bin/hello
----- Type : 2_bit_flip Pos : PT_F36 -----
There are 1 faults will be injected in faulttable...
100084 microseconds
Fault on PT_F36(0X7ffe959e7bd0 -> 0X97ffe959e7bd0)
3000114 microseconds
timeout
[ 2016-10-27 5:32:32]Process 11455 termed with signal 14(SIGALRM)
PT_F36-2_bit_flip-100 Test Num : 64
Inject into ../bin/hello
----- Type : 2_bit_flip Pos : PT_F36 -----
There are 1 faults will be injected in faulttable...
101085 microseconds
Fault on PT_F36(0X7ffe70829340 -> 0X7ffe70829260)
3000087 microseconds
timeout
[ 2016-10-27 5:32:35]Process 11457 termed with signal 14(SIGALRM)
PT_F36-2_bit_flip-100 Test Num : 65
Inject into ../bin/hello
----- Type : 2_bit_flip Pos : PT_F36 -----
There are 1 faults will be injected in faulttable...
101516 microseconds
Fault on PT_F36(0X7fff138ca9c0 -> 0X90007fff138ca9c0)
3000070 microseconds
timeout
[ 2016-10-27 5:32:38]Process 11459 termed with signal 14(SIGALRM)
PT_F36-2_bit_flip-100 Test Num : 66
Inject into ../bin/hello
----- Type : 2_bit_flip Pos : PT_F36 -----
There are 1 faults will be injected in faulttable...
100076 microseconds
Fault on PT_F36(0X7fff61e2fa30 -> 0X807fff6162fa30)
3000069 microseconds
timeout
[ 2016-10-27 5:32:41]Process 11461 termed with signal 14(SIGALRM)
PT_F36-2_bit_flip-100 Test Num : 67
Inject into ../bin/hello
----- Type : 2_bit_flip Pos : PT_F36 -----
There are 1 faults will be injected in faulttable...
101066 microseconds
Fault on PT_F36(0X7ffcf965efa0 -> 0X7ffef965eba0)
3000080 microseconds
timeout
[ 2016-10-27 5:32:45]Process 11463 termed with signal 14(SIGALRM)
PT_F36-2_bit_flip-100 Test Num : 68
Inject into ../bin/hello
----- Type : 2_bit_flip Pos : PT_F36 -----
There are 1 faults will be injected in faulttable...
100986 microseconds
Fault on PT_F36(0X7ffc31041650 -> 0X2007fdc31041650)
3000066 microseconds
timeout
[ 2016-10-27 5:32:48]Process 11465 termed with signal 14(SIGALRM)
PT_F36-2_bit_flip-100 Test Num : 69
Inject into ../bin/hello
----- Type : 2_bit_flip Pos : PT_F36 -----
There are 1 faults will be injected in faulttable...
101015 microseconds
Fault on PT_F36(0X7ffce1fbbbc0 -> 0X607ffce1fbbbc0)
3000150 microseconds
timeout
[ 2016-10-27 5:32:51]Process 11467 termed with signal 14(SIGALRM)
PT_F36-2_bit_flip-100 Test Num : 70
Inject into ../bin/hello
----- Type : 2_bit_flip Pos : PT_F36 -----
There are 1 faults will be injected in faulttable...
101003 microseconds
Fault on PT_F36(0X7ffd6091c6d0 -> 0X7ffd6091c651)
3000106 microseconds
timeout
[ 2016-10-27 5:32:54]Process 11469 termed with signal 14(SIGALRM)
PT_F36-2_bit_flip-100 Test Num : 71
Inject into ../bin/hello
----- Type : 2_bit_flip Pos : PT_F36 -----
There are 1 faults will be injected in faulttable...
101073 microseconds
Fault on PT_F36(0X7ffe4529f9a0 -> 0X27ffe4529fda0)
3000137 microseconds
timeout
[ 2016-10-27 5:32:57]Process 11471 termed with signal 14(SIGALRM)
PT_F36-2_bit_flip-100 Test Num : 72
Inject into ../bin/hello
----- Type : 2_bit_flip Pos : PT_F36 -----
There are 1 faults will be injected in faulttable...
101319 microseconds
Fault on PT_F36(0X7ffd70ad7450 -> 0X7ffd78ad74d0)
3000087 microseconds
timeout
[  2016-10-27 5:33:0]Process 11473 termed with signal 14(SIGALRM)
PT_F36-2_bit_flip-100 Test Num : 73
Inject into ../bin/hello
----- Type : 2_bit_flip Pos : PT_F36 -----
There are 1 faults will be injected in faulttable...
101044 microseconds
Fault on PT_F36(0X7fff1214ef00 -> 0X7ff75214ef00)
3000080 microseconds
timeout
[  2016-10-27 5:33:3]Process 11475 termed with signal 14(SIGALRM)
PT_F36-2_bit_flip-100 Test Num : 74
Inject into ../bin/hello
----- Type : 2_bit_flip Pos : PT_F36 -----
There are 1 faults will be injected in faulttable...
101020 microseconds
Fault on PT_F36(0X7ffe79fdb010 -> 0X77fe79bdb010)
3000068 microseconds
timeout
[  2016-10-27 5:33:6]Process 11477 termed with signal 14(SIGALRM)
PT_F36-2_bit_flip-100 Test Num : 75
Inject into ../bin/hello
----- Type : 2_bit_flip Pos : PT_F36 -----
There are 1 faults will be injected in faulttable...
101032 microseconds
Fault on PT_F36(0X7ffe2f4d4490 -> 0X7ffeaf4d0490)
3000076 microseconds
timeout
[  2016-10-27 5:33:9]Process 11479 termed with signal 14(SIGALRM)
PT_F36-2_bit_flip-100 Test Num : 76
Inject into ../bin/hello
----- Type : 2_bit_flip Pos : PT_F36 -----
There are 1 faults will be injected in faulttable...
100120 microseconds
Fault on PT_F36(0X7fff9e7f9a80 -> 0X2807fff9e7f9a80)
3000058 microseconds
timeout
[ 2016-10-27 5:33:13]Process 11481 termed with signal 14(SIGALRM)
PT_F36-2_bit_flip-100 Test Num : 77
Inject into ../bin/hello
----- Type : 2_bit_flip Pos : PT_F36 -----
There are 1 faults will be injected in faulttable...
100930 microseconds
Fault on PT_F36(0X7ffda4ac8670 -> 0X107ffda4ac8672)
3000061 microseconds
timeout
[ 2016-10-27 5:33:16]Process 11483 termed with signal 14(SIGALRM)
PT_F36-2_bit_flip-100 Test Num : 78
Inject into ../bin/hello
----- Type : 2_bit_flip Pos : PT_F36 -----
There are 1 faults will be injected in faulttable...
100974 microseconds
Fault on PT_F36(0X7ffe5b8b59a0 -> 0X3ffe5b8b5da0)
3000067 microseconds
timeout
[ 2016-10-27 5:33:19]Process 11485 termed with signal 14(SIGALRM)
PT_F36-2_bit_flip-100 Test Num : 79
Inject into ../bin/hello
----- Type : 2_bit_flip Pos : PT_F36 -----
There are 1 faults will be injected in faulttable...
101031 microseconds
Fault on PT_F36(0X7fffa535b220 -> 0X7fefa515b220)
3000073 microseconds
timeout
[ 2016-10-27 5:33:22]Process 11487 termed with signal 14(SIGALRM)
PT_F36-2_bit_flip-100 Test Num : 80
Inject into ../bin/hello
----- Type : 2_bit_flip Pos : PT_F36 -----
There are 1 faults will be injected in faulttable...
100967 microseconds
Fault on PT_F36(0X7ffebf73d5e0 -> 0X7ffebf72d5e8)
3000082 microseconds
timeout
[ 2016-10-27 5:33:25]Process 11489 termed with signal 14(SIGALRM)
PT_F36-2_bit_flip-100 Test Num : 81
Inject into ../bin/hello
----- Type : 2_bit_flip Pos : PT_F36 -----
There are 1 faults will be injected in faulttable...
100223 microseconds
Fault on PT_F36(0X7ffdd7712f60 -> 0X7ffdd7d12f60)
3000093 microseconds
timeout
[ 2016-10-27 5:33:28]Process 11491 termed with signal 14(SIGALRM)
PT_F36-2_bit_flip-100 Test Num : 82
Inject into ../bin/hello
----- Type : 2_bit_flip Pos : PT_F36 -----
There are 1 faults will be injected in faulttable...
101094 microseconds
Fault on PT_F36(0X7ffd3e435cf0 -> 0X7dfd3e435cf1)
3000116 microseconds
timeout
[ 2016-10-27 5:33:31]Process 11498 termed with signal 14(SIGALRM)
PT_F36-2_bit_flip-100 Test Num : 83
Inject into ../bin/hello
----- Type : 2_bit_flip Pos : PT_F36 -----
There are 1 faults will be injected in faulttable...
101019 microseconds
Fault on PT_F36(0X7ffcb505b310 -> 0X7ffcb505a710)
3000072 microseconds
timeout
[ 2016-10-27 5:33:34]Process 11500 termed with signal 14(SIGALRM)
PT_F36-2_bit_flip-100 Test Num : 84
Inject into ../bin/hello
----- Type : 2_bit_flip Pos : PT_F36 -----
There are 1 faults will be injected in faulttable...
100069 microseconds
Fault on PT_F36(0X7ffdcd27e520 -> 0X1007bfdcd27e520)
3000065 microseconds
timeout
[ 2016-10-27 5:33:37]Process 11502 termed with signal 14(SIGALRM)
PT_F36-2_bit_flip-100 Test Num : 85
Inject into ../bin/hello
----- Type : 2_bit_flip Pos : PT_F36 -----
There are 1 faults will be injected in faulttable...
100986 microseconds
Fault on PT_F36(0X7ffc32b0eee0 -> 0X807ff432b0eee0)
3000068 microseconds
timeout
[ 2016-10-27 5:33:41]Process 11504 termed with signal 14(SIGALRM)
PT_F36-2_bit_flip-100 Test Num : 86
Inject into ../bin/hello
----- Type : 2_bit_flip Pos : PT_F36 -----
There are 1 faults will be injected in faulttable...
101099 microseconds
Fault on PT_F36(0X7ffda91f49e0 -> 0X7ff9a91d49e0)
3000106 microseconds
timeout
[ 2016-10-27 5:33:44]Process 11507 termed with signal 14(SIGALRM)
PT_F36-2_bit_flip-100 Test Num : 87
Inject into ../bin/hello
----- Type : 2_bit_flip Pos : PT_F36 -----
There are 1 faults will be injected in faulttable...
100924 microseconds
Fault on PT_F36(0X7ffd00dc5170 -> 0X7fbd00dcd170)
3000066 microseconds
timeout
[ 2016-10-27 5:33:47]Process 11509 termed with signal 14(SIGALRM)
PT_F36-2_bit_flip-100 Test Num : 88
Inject into ../bin/hello
----- Type : 2_bit_flip Pos : PT_F36 -----
There are 1 faults will be injected in faulttable...
101080 microseconds
Fault on PT_F36(0X7ffd88561550 -> 0X6fed88561550)
3000071 microseconds
timeout
[ 2016-10-27 5:33:50]Process 11511 termed with signal 14(SIGALRM)
PT_F36-2_bit_flip-100 Test Num : 89
Inject into ../bin/hello
----- Type : 2_bit_flip Pos : PT_F36 -----
There are 1 faults will be injected in faulttable...
100990 microseconds
Fault on PT_F36(0X7ffcdfcaa940 -> 0X76fcdfcaa940)
3000103 microseconds
timeout
[ 2016-10-27 5:33:53]Process 11514 termed with signal 14(SIGALRM)
PT_F36-2_bit_flip-100 Test Num : 90
Inject into ../bin/hello
----- Type : 2_bit_flip Pos : PT_F36 -----
There are 1 faults will be injected in faulttable...
101026 microseconds
Fault on PT_F36(0X7ffedf9b5c30 -> 0X10007ffedf9b5c32)
3000069 microseconds
timeout
[ 2016-10-27 5:33:56]Process 11516 termed with signal 14(SIGALRM)
PT_F36-2_bit_flip-100 Test Num : 91
Inject into ../bin/hello
----- Type : 2_bit_flip Pos : PT_F36 -----
There are 1 faults will be injected in faulttable...
100974 microseconds
Fault on PT_F36(0X7ffe92a98050 -> 0X27ff692a98050)
3000098 microseconds
timeout
[ 2016-10-27 5:33:59]Process 11519 termed with signal 14(SIGALRM)
PT_F36-2_bit_flip-100 Test Num : 92
Inject into ../bin/hello
----- Type : 2_bit_flip Pos : PT_F36 -----
There are 1 faults will be injected in faulttable...
100972 microseconds
Fault on PT_F36(0X7ffe70dd7a80 -> 0X7ffe71dd7a00)
3000068 microseconds
timeout
[  2016-10-27 5:34:2]Process 11521 termed with signal 14(SIGALRM)
PT_F36-2_bit_flip-100 Test Num : 93
Inject into ../bin/hello
----- Type : 2_bit_flip Pos : PT_F36 -----
There are 1 faults will be injected in faulttable...
100979 microseconds
Fault on PT_F36(0X7ffe98e4cb50 -> 0X4007ffed8e4cb50)
3000099 microseconds
timeout
[  2016-10-27 5:34:5]Process 11523 termed with signal 14(SIGALRM)
PT_F36-2_bit_flip-100 Test Num : 94
Inject into ../bin/hello
----- Type : 2_bit_flip Pos : PT_F36 -----
There are 1 faults will be injected in faulttable...
100967 microseconds
Fault on PT_F36(0X7ffe99dc0bd0 -> 0X2007ffe99dc09d0)
3000063 microseconds
timeout
[  2016-10-27 5:34:9]Process 11526 termed with signal 14(SIGALRM)
PT_F36-2_bit_flip-100 Test Num : 95
Inject into ../bin/hello
----- Type : 2_bit_flip Pos : PT_F36 -----
There are 1 faults will be injected in faulttable...
100123 microseconds
Fault on PT_F36(0X7fff83898cf0 -> 0X4007dff83898cf0)
3000087 microseconds
timeout
[ 2016-10-27 5:34:12]Process 11528 termed with signal 14(SIGALRM)
PT_F36-2_bit_flip-100 Test Num : 96
Inject into ../bin/hello
----- Type : 2_bit_flip Pos : PT_F36 -----
There are 1 faults will be injected in faulttable...
101155 microseconds
Fault on PT_F36(0X7ffc7df2b1f0 -> 0X7ffc7df2a1f8)
3000075 microseconds
timeout
[ 2016-10-27 5:34:15]Process 11531 termed with signal 14(SIGALRM)
PT_F36-2_bit_flip-100 Test Num : 97
Inject into ../bin/hello
----- Type : 2_bit_flip Pos : PT_F36 -----
There are 1 faults will be injected in faulttable...
100965 microseconds
Fault on PT_F36(0X7ffee7251fe0 -> 0X17ffee7251fe8)
3000095 microseconds
timeout
[ 2016-10-27 5:34:18]Process 11533 termed with signal 14(SIGALRM)
PT_F36-2_bit_flip-100 Test Num : 98
Inject into ../bin/hello
----- Type : 2_bit_flip Pos : PT_F36 -----
There are 1 faults will be injected in faulttable...
100070 microseconds
Fault on PT_F36(0X7ffd25e88400 -> 0X7ffd25ea8408)
3000098 microseconds
timeout
[ 2016-10-27 5:34:21]Process 11535 termed with signal 14(SIGALRM)
PT_F36-2_bit_flip-100 Test Num : 99
Inject into ../bin/hello
----- Type : 2_bit_flip Pos : PT_F36 -----
There are 1 faults will be injected in faulttable...
100964 microseconds
Fault on PT_F36(0X7ffd68d54290 -> 0X5ffd68d5c290)
3000110 microseconds
timeout
[ 2016-10-27 5:34:24]Process 11538 termed with signal 14(SIGALRM)
PT_F36-2_bit_flip-100 Test Num : 100
Inject into ../bin/hello
----- Type : 2_bit_flip Pos : PT_F36 -----
There are 1 faults will be injected in faulttable...
100115 microseconds
Fault on PT_F36(0X7ffcc283b480 -> 0X7fbc4283b480)
3000124 microseconds
timeout
[ 2016-10-27 5:34:27]Process 11540 termed with signal 14(SIGALRM)
