PT_F36-1_bit_1-100 Test Num : 1
Inject into ../bin/hello
----- Type : 1_bit_1 Pos : PT_F36 -----
There are 1 faults will be injected in faulttable...
101070 microseconds
Fault on PT_F36(0X7ffc210e7590 -> 0X7ffc210e7590)
3000093 microseconds
timeout
[ 2016-10-27 5:44:53]Process 11996 termed with signal 14(SIGALRM)
PT_F36-1_bit_1-100 Test Num : 2
Inject into ../bin/hello
----- Type : 1_bit_1 Pos : PT_F36 -----
There are 1 faults will be injected in faulttable...
100139 microseconds
Fault on PT_F36(0X7ffea8e8bf70 -> 0X47ffea8e8bf70)
3000054 microseconds
timeout
[ 2016-10-27 5:44:56]Process 11998 termed with signal 14(SIGALRM)
PT_F36-1_bit_1-100 Test Num : 3
Inject into ../bin/hello
----- Type : 1_bit_1 Pos : PT_F36 -----
There are 1 faults will be injected in faulttable...
101077 microseconds
Fault on PT_F36(0X7ffe55db0740 -> 0X7ffe55db0740)
3000069 microseconds
timeout
[ 2016-10-27 5:44:59]Process 12000 termed with signal 14(SIGALRM)
PT_F36-1_bit_1-100 Test Num : 4
Inject into ../bin/hello
----- Type : 1_bit_1 Pos : PT_F36 -----
There are 1 faults will be injected in faulttable...
100958 microseconds
Fault on PT_F36(0X7fff4b64f920 -> 0X7fff4b64f960)
3000106 microseconds
timeout
[  2016-10-27 5:45:2]Process 12002 termed with signal 14(SIGALRM)
PT_F36-1_bit_1-100 Test Num : 5
Inject into ../bin/hello
----- Type : 1_bit_1 Pos : PT_F36 -----
There are 1 faults will be injected in faulttable...
101141 microseconds
Fault on PT_F36(0X7ffdb287bb20 -> 0X4007ffdb287bb20)
3000185 microseconds
timeout
[  2016-10-27 5:45:5]Process 12004 termed with signal 14(SIGALRM)
PT_F36-1_bit_1-100 Test Num : 6
Inject into ../bin/hello
----- Type : 1_bit_1 Pos : PT_F36 -----
There are 1 faults will be injected in faulttable...
101338 microseconds
Fault on PT_F36(0X7fffcc9165a0 -> 0X7fffcc9165a0)
3000059 microseconds
timeout
[  2016-10-27 5:45:8]Process 12006 termed with signal 14(SIGALRM)
PT_F36-1_bit_1-100 Test Num : 7
Inject into ../bin/hello
----- Type : 1_bit_1 Pos : PT_F36 -----
There are 1 faults will be injected in faulttable...
100262 microseconds
Fault on PT_F36(0X7ffdeb8b4270 -> 0X807ffdeb8b4270)
3000097 microseconds
timeout
[ 2016-10-27 5:45:12]Process 12009 termed with signal 14(SIGALRM)
PT_F36-1_bit_1-100 Test Num : 8
Inject into ../bin/hello
----- Type : 1_bit_1 Pos : PT_F36 -----
There are 1 faults will be injected in faulttable...
101192 microseconds
Fault on PT_F36(0X7ffe40ea77c0 -> 0X4007ffe40ea77c0)
3000111 microseconds
timeout
[ 2016-10-27 5:45:15]Process 12011 termed with signal 14(SIGALRM)
PT_F36-1_bit_1-100 Test Num : 9
Inject into ../bin/hello
----- Type : 1_bit_1 Pos : PT_F36 -----
There are 1 faults will be injected in faulttable...
100999 microseconds
Fault on PT_F36(0X7ffd0f5859a0 -> 0X7ffd0f7859a0)
3000090 microseconds
timeout
[ 2016-10-27 5:45:18]Process 12013 termed with signal 14(SIGALRM)
PT_F36-1_bit_1-100 Test Num : 10
Inject into ../bin/hello
----- Type : 1_bit_1 Pos : PT_F36 -----
There are 1 faults will be injected in faulttable...
100975 microseconds
Fault on PT_F36(0X7ffc7f65fbf0 -> 0X40007ffc7f65fbf0)
3000075 microseconds
timeout
[ 2016-10-27 5:45:21]Process 12015 termed with signal 14(SIGALRM)
PT_F36-1_bit_1-100 Test Num : 11
Inject into ../bin/hello
----- Type : 1_bit_1 Pos : PT_F36 -----
There are 1 faults will be injected in faulttable...
100994 microseconds
Fault on PT_F36(0X7ffd8408a4d0 -> 0X87ffd8408a4d0)
3000081 microseconds
timeout
[ 2016-10-27 5:45:24]Process 12017 termed with signal 14(SIGALRM)
PT_F36-1_bit_1-100 Test Num : 12
Inject into ../bin/hello
----- Type : 1_bit_1 Pos : PT_F36 -----
There are 1 faults will be injected in faulttable...
101129 microseconds
Fault on PT_F36(0X7ffc20a3cc00 -> 0X7ffc20a7cc00)
3000135 microseconds
timeout
[ 2016-10-27 5:45:27]Process 12019 termed with signal 14(SIGALRM)
PT_F36-1_bit_1-100 Test Num : 13
Inject into ../bin/hello
----- Type : 1_bit_1 Pos : PT_F36 -----
There are 1 faults will be injected in faulttable...
101021 microseconds
Fault on PT_F36(0X7ffdc834c6f0 -> 0X80007ffdc834c6f0)
3000078 microseconds
timeout
[ 2016-10-27 5:45:30]Process 12021 termed with signal 14(SIGALRM)
PT_F36-1_bit_1-100 Test Num : 14
Inject into ../bin/hello
----- Type : 1_bit_1 Pos : PT_F36 -----
There are 1 faults will be injected in faulttable...
101046 microseconds
Fault on PT_F36(0X7ffc7ad02f50 -> 0X7ffc7ad02fd0)
3000058 microseconds
timeout
[ 2016-10-27 5:45:33]Process 12023 termed with signal 14(SIGALRM)
PT_F36-1_bit_1-100 Test Num : 15
Inject into ../bin/hello
----- Type : 1_bit_1 Pos : PT_F36 -----
There are 1 faults will be injected in faulttable...
100945 microseconds
Fault on PT_F36(0X7ffd9da737e0 -> 0X7ffd9da737e0)
3000074 microseconds
timeout
[ 2016-10-27 5:45:36]Process 12025 termed with signal 14(SIGALRM)
PT_F36-1_bit_1-100 Test Num : 16
Inject into ../bin/hello
----- Type : 1_bit_1 Pos : PT_F36 -----
There are 1 faults will be injected in faulttable...
101043 microseconds
Fault on PT_F36(0X7ffdbcc4ced0 -> 0X7ffdbcc4ced0)
3000098 microseconds
timeout
[ 2016-10-27 5:45:40]Process 12027 termed with signal 14(SIGALRM)
PT_F36-1_bit_1-100 Test Num : 17
Inject into ../bin/hello
----- Type : 1_bit_1 Pos : PT_F36 -----
There are 1 faults will be injected in faulttable...
101539 microseconds
Fault on PT_F36(0X7ffd154722e0 -> 0X7ffd154722e0)
3000093 microseconds
timeout
[ 2016-10-27 5:45:43]Process 12029 termed with signal 14(SIGALRM)
PT_F36-1_bit_1-100 Test Num : 18
Inject into ../bin/hello
----- Type : 1_bit_1 Pos : PT_F36 -----
There are 1 faults will be injected in faulttable...
101004 microseconds
Fault on PT_F36(0X7fffc9627e90 -> 0X4007fffc9627e90)
3000085 microseconds
timeout
[ 2016-10-27 5:45:46]Process 12031 termed with signal 14(SIGALRM)
PT_F36-1_bit_1-100 Test Num : 19
Inject into ../bin/hello
----- Type : 1_bit_1 Pos : PT_F36 -----
There are 1 faults will be injected in faulttable...
101180 microseconds
Fault on PT_F36(0X7ffe4bffa290 -> 0X7ffe4bffa290)
3000089 microseconds
timeout
[ 2016-10-27 5:45:49]Process 12033 termed with signal 14(SIGALRM)
PT_F36-1_bit_1-100 Test Num : 20
Inject into ../bin/hello
----- Type : 1_bit_1 Pos : PT_F36 -----
There are 1 faults will be injected in faulttable...
100906 microseconds
Fault on PT_F36(0X7ffd2619de80 -> 0X40007ffd2619de80)
3000068 microseconds
timeout
[ 2016-10-27 5:45:52]Process 12035 termed with signal 14(SIGALRM)
PT_F36-1_bit_1-100 Test Num : 21
Inject into ../bin/hello
----- Type : 1_bit_1 Pos : PT_F36 -----
There are 1 faults will be injected in faulttable...
101290 microseconds
Fault on PT_F36(0X7fffa51fa5e0 -> 0X7fffa51fa5e0)
3000060 microseconds
timeout
[ 2016-10-27 5:45:55]Process 12037 termed with signal 14(SIGALRM)
PT_F36-1_bit_1-100 Test Num : 22
Inject into ../bin/hello
----- Type : 1_bit_1 Pos : PT_F36 -----
There are 1 faults will be injected in faulttable...
100913 microseconds
Fault on PT_F36(0X7ffc94b23c80 -> 0X7ffc94b23c80)
3000066 microseconds
timeout
[ 2016-10-27 5:45:58]Process 12039 termed with signal 14(SIGALRM)
PT_F36-1_bit_1-100 Test Num : 23
Inject into ../bin/hello
----- Type : 1_bit_1 Pos : PT_F36 -----
There are 1 faults will be injected in faulttable...
100079 microseconds
Fault on PT_F36(0X7ffe48615870 -> 0X8007ffe48615870)
3000140 microseconds
timeout
[  2016-10-27 5:46:1]Process 12041 termed with signal 14(SIGALRM)
PT_F36-1_bit_1-100 Test Num : 24
Inject into ../bin/hello
----- Type : 1_bit_1 Pos : PT_F36 -----
There are 1 faults will be injected in faulttable...
101422 microseconds
Fault on PT_F36(0X7fff70095d30 -> 0X7fff70095d30)
3000072 microseconds
timeout
[  2016-10-27 5:46:5]Process 12043 termed with signal 14(SIGALRM)
PT_F36-1_bit_1-100 Test Num : 25
Inject into ../bin/hello
----- Type : 1_bit_1 Pos : PT_F36 -----
There are 1 faults will be injected in faulttable...
100959 microseconds
Fault on PT_F36(0X7ffd1938a280 -> 0X2007ffd1938a280)
3000075 microseconds
timeout
[  2016-10-27 5:46:8]Process 12045 termed with signal 14(SIGALRM)
PT_F36-1_bit_1-100 Test Num : 26
Inject into ../bin/hello
----- Type : 1_bit_1 Pos : PT_F36 -----
There are 1 faults will be injected in faulttable...
101077 microseconds
Fault on PT_F36(0X7ffc1e022050 -> 0X7ffc1e222050)
3000080 microseconds
timeout
[ 2016-10-27 5:46:11]Process 12047 termed with signal 14(SIGALRM)
PT_F36-1_bit_1-100 Test Num : 27
Inject into ../bin/hello
----- Type : 1_bit_1 Pos : PT_F36 -----
There are 1 faults will be injected in faulttable...
100069 microseconds
Fault on PT_F36(0X7fff29a2aa50 -> 0X7fff29a2aa50)
3000078 microseconds
timeout
[ 2016-10-27 5:46:14]Process 12049 termed with signal 14(SIGALRM)
PT_F36-1_bit_1-100 Test Num : 28
Inject into ../bin/hello
----- Type : 1_bit_1 Pos : PT_F36 -----
There are 1 faults will be injected in faulttable...
101167 microseconds
Fault on PT_F36(0X7fffe8e3cd00 -> 0X1007fffe8e3cd00)
3000127 microseconds
timeout
[ 2016-10-27 5:46:17]Process 12051 termed with signal 14(SIGALRM)
PT_F36-1_bit_1-100 Test Num : 29
Inject into ../bin/hello
----- Type : 1_bit_1 Pos : PT_F36 -----
There are 1 faults will be injected in faulttable...
101099 microseconds
Fault on PT_F36(0X7ffc08f97280 -> 0X7ffc08f97280)
3000121 microseconds
timeout
[ 2016-10-27 5:46:20]Process 12053 termed with signal 14(SIGALRM)
PT_F36-1_bit_1-100 Test Num : 30
Inject into ../bin/hello
----- Type : 1_bit_1 Pos : PT_F36 -----
There are 1 faults will be injected in faulttable...
101005 microseconds
Fault on PT_F36(0X7ffc8124ab60 -> 0X7ffc8124ab60)
3000119 microseconds
timeout
[ 2016-10-27 5:46:23]Process 12055 termed with signal 14(SIGALRM)
PT_F36-1_bit_1-100 Test Num : 31
Inject into ../bin/hello
----- Type : 1_bit_1 Pos : PT_F36 -----
There are 1 faults will be injected in faulttable...
101359 microseconds
Fault on PT_F36(0X7ffe3d0c5da0 -> 0X7ffe3d0c5da0)
3000089 microseconds
timeout
[ 2016-10-27 5:46:26]Process 12057 termed with signal 14(SIGALRM)
PT_F36-1_bit_1-100 Test Num : 32
Inject into ../bin/hello
----- Type : 1_bit_1 Pos : PT_F36 -----
There are 1 faults will be injected in faulttable...
101059 microseconds
Fault on PT_F36(0X7ffeda863ac0 -> 0X7ffeda863ac0)
3000117 microseconds
timeout
[ 2016-10-27 5:46:29]Process 12059 termed with signal 14(SIGALRM)
PT_F36-1_bit_1-100 Test Num : 33
Inject into ../bin/hello
----- Type : 1_bit_1 Pos : PT_F36 -----
There are 1 faults will be injected in faulttable...
101041 microseconds
Fault on PT_F36(0X7ffe31c0bf80 -> 0X7ffe31c0bf80)
3000153 microseconds
timeout
[ 2016-10-27 5:46:33]Process 12061 termed with signal 14(SIGALRM)
PT_F36-1_bit_1-100 Test Num : 34
Inject into ../bin/hello
----- Type : 1_bit_1 Pos : PT_F36 -----
There are 1 faults will be injected in faulttable...
100937 microseconds
Fault on PT_F36(0X7ffcb08ac470 -> 0X7ffcb08ac470)
3000066 microseconds
timeout
[ 2016-10-27 5:46:36]Process 12064 termed with signal 14(SIGALRM)
PT_F36-1_bit_1-100 Test Num : 35
Inject into ../bin/hello
----- Type : 1_bit_1 Pos : PT_F36 -----
There are 1 faults will be injected in faulttable...
101103 microseconds
Fault on PT_F36(0X7ffdbbd03a00 -> 0X7ffdbbd03a00)
3000081 microseconds
timeout
[ 2016-10-27 5:46:39]Process 12066 termed with signal 14(SIGALRM)
PT_F36-1_bit_1-100 Test Num : 36
Inject into ../bin/hello
----- Type : 1_bit_1 Pos : PT_F36 -----
There are 1 faults will be injected in faulttable...
101041 microseconds
Fault on PT_F36(0X7fff1d005680 -> 0X7fff1d005680)
3000092 microseconds
timeout
[ 2016-10-27 5:46:42]Process 12069 termed with signal 14(SIGALRM)
PT_F36-1_bit_1-100 Test Num : 37
Inject into ../bin/hello
----- Type : 1_bit_1 Pos : PT_F36 -----
There are 1 faults will be injected in faulttable...
101045 microseconds
Fault on PT_F36(0X7ffcf208e170 -> 0X7ffcf208e170)
3000079 microseconds
timeout
[ 2016-10-27 5:46:45]Process 12071 termed with signal 14(SIGALRM)
PT_F36-1_bit_1-100 Test Num : 38
Inject into ../bin/hello
----- Type : 1_bit_1 Pos : PT_F36 -----
There are 1 faults will be injected in faulttable...
101427 microseconds
Fault on PT_F36(0X7ffc7c0254f0 -> 0X207ffc7c0254f0)
3000067 microseconds
timeout
[ 2016-10-27 5:46:48]Process 12073 termed with signal 14(SIGALRM)
PT_F36-1_bit_1-100 Test Num : 39
Inject into ../bin/hello
----- Type : 1_bit_1 Pos : PT_F36 -----
There are 1 faults will be injected in faulttable...
100930 microseconds
Fault on PT_F36(0X7fffbf744e70 -> 0X7fffbf744e70)
3000087 microseconds
timeout
[ 2016-10-27 5:46:51]Process 12075 termed with signal 14(SIGALRM)
PT_F36-1_bit_1-100 Test Num : 40
Inject into ../bin/hello
----- Type : 1_bit_1 Pos : PT_F36 -----
There are 1 faults will be injected in faulttable...
100960 microseconds
Fault on PT_F36(0X7ffe4db25a70 -> 0X7ffe5db25a70)
3000066 microseconds
timeout
[ 2016-10-27 5:46:54]Process 12077 termed with signal 14(SIGALRM)
PT_F36-1_bit_1-100 Test Num : 41
Inject into ../bin/hello
----- Type : 1_bit_1 Pos : PT_F36 -----
There are 1 faults will be injected in faulttable...
100080 microseconds
Fault on PT_F36(0X7ffffe978250 -> 0X1007ffffe978250)
3000086 microseconds
timeout
[ 2016-10-27 5:46:57]Process 12080 termed with signal 14(SIGALRM)
PT_F36-1_bit_1-100 Test Num : 42
Inject into ../bin/hello
----- Type : 1_bit_1 Pos : PT_F36 -----
There are 1 faults will be injected in faulttable...
100075 microseconds
Fault on PT_F36(0X7ffca298c320 -> 0X7ffca298c320)
3000065 microseconds
timeout
[  2016-10-27 5:47:1]Process 12082 termed with signal 14(SIGALRM)
PT_F36-1_bit_1-100 Test Num : 43
Inject into ../bin/hello
----- Type : 1_bit_1 Pos : PT_F36 -----
There are 1 faults will be injected in faulttable...
100925 microseconds
Fault on PT_F36(0X7ffc7f701e80 -> 0X2007ffc7f701e80)
3000070 microseconds
timeout
[  2016-10-27 5:47:4]Process 12084 termed with signal 14(SIGALRM)
PT_F36-1_bit_1-100 Test Num : 44
Inject into ../bin/hello
----- Type : 1_bit_1 Pos : PT_F36 -----
There are 1 faults will be injected in faulttable...
100993 microseconds
Fault on PT_F36(0X7ffd76b1a4f0 -> 0X7ffd76b1e4f0)
3000072 microseconds
timeout
[  2016-10-27 5:47:7]Process 12086 termed with signal 14(SIGALRM)
PT_F36-1_bit_1-100 Test Num : 45
Inject into ../bin/hello
----- Type : 1_bit_1 Pos : PT_F36 -----
There are 1 faults will be injected in faulttable...
100900 microseconds
Fault on PT_F36(0X7ffe20e17360 -> 0X7ffe20e17360)
3000090 microseconds
timeout
[ 2016-10-27 5:47:10]Process 12088 termed with signal 14(SIGALRM)
PT_F36-1_bit_1-100 Test Num : 46
Inject into ../bin/hello
----- Type : 1_bit_1 Pos : PT_F36 -----
There are 1 faults will be injected in faulttable...
100952 microseconds
Fault on PT_F36(0X7ffefc1b6620 -> 0X7ffefc1b7620)
3000080 microseconds
timeout
[ 2016-10-27 5:47:13]Process 12090 termed with signal 14(SIGALRM)
PT_F36-1_bit_1-100 Test Num : 47
Inject into ../bin/hello
----- Type : 1_bit_1 Pos : PT_F36 -----
There are 1 faults will be injected in faulttable...
101040 microseconds
Fault on PT_F36(0X7ffcb1fa5260 -> 0X4007ffcb1fa5260)
3000098 microseconds
timeout
[ 2016-10-27 5:47:16]Process 12092 termed with signal 14(SIGALRM)
PT_F36-1_bit_1-100 Test Num : 48
Inject into ../bin/hello
----- Type : 1_bit_1 Pos : PT_F36 -----
There are 1 faults will be injected in faulttable...
101014 microseconds
Fault on PT_F36(0X7ffe3d27c350 -> 0X7ffe3d27c350)
3000084 microseconds
timeout
[ 2016-10-27 5:47:19]Process 12094 termed with signal 14(SIGALRM)
PT_F36-1_bit_1-100 Test Num : 49
Inject into ../bin/hello
----- Type : 1_bit_1 Pos : PT_F36 -----
There are 1 faults will be injected in faulttable...
101010 microseconds
Fault on PT_F36(0X7ffc027f1c20 -> 0X7ffc027f5c20)
3000125 microseconds
timeout
[ 2016-10-27 5:47:22]Process 12096 termed with signal 14(SIGALRM)
PT_F36-1_bit_1-100 Test Num : 50
Inject into ../bin/hello
----- Type : 1_bit_1 Pos : PT_F36 -----
There are 1 faults will be injected in faulttable...
101078 microseconds
Fault on PT_F36(0X7ffcb67fd830 -> 0X4007ffcb67fd830)
3000091 microseconds
timeout
[ 2016-10-27 5:47:25]Process 12098 termed with signal 14(SIGALRM)
PT_F36-1_bit_1-100 Test Num : 51
Inject into ../bin/hello
----- Type : 1_bit_1 Pos : PT_F36 -----
There are 1 faults will be injected in faulttable...
100963 microseconds
Fault on PT_F36(0X7fff4adfbce0 -> 0X7fff4adfbce8)
3000077 microseconds
timeout
[ 2016-10-27 5:47:29]Process 12100 termed with signal 14(SIGALRM)
PT_F36-1_bit_1-100 Test Num : 52
Inject into ../bin/hello
----- Type : 1_bit_1 Pos : PT_F36 -----
There are 1 faults will be injected in faulttable...
100984 microseconds
Fault on PT_F36(0X7ffeea2ca630 -> 0X7ffeea2ca630)
3000080 microseconds
timeout
[ 2016-10-27 5:47:32]Process 12102 termed with signal 14(SIGALRM)
PT_F36-1_bit_1-100 Test Num : 53
Inject into ../bin/hello
----- Type : 1_bit_1 Pos : PT_F36 -----
There are 1 faults will be injected in faulttable...
101052 microseconds
Fault on PT_F36(0X7ffe024bcfb0 -> 0X7ffe024bcfb0)
3000080 microseconds
timeout
[ 2016-10-27 5:47:35]Process 12104 termed with signal 14(SIGALRM)
PT_F36-1_bit_1-100 Test Num : 54
Inject into ../bin/hello
----- Type : 1_bit_1 Pos : PT_F36 -----
There are 1 faults will be injected in faulttable...
100969 microseconds
Fault on PT_F36(0X7fff06f69000 -> 0X7fff06f69002)
3000085 microseconds
timeout
[ 2016-10-27 5:47:38]Process 12106 termed with signal 14(SIGALRM)
PT_F36-1_bit_1-100 Test Num : 55
Inject into ../bin/hello
----- Type : 1_bit_1 Pos : PT_F36 -----
There are 1 faults will be injected in faulttable...
101087 microseconds
Fault on PT_F36(0X7ffefc6f1310 -> 0X1007ffefc6f1310)
3000068 microseconds
timeout
[ 2016-10-27 5:47:41]Process 12108 termed with signal 14(SIGALRM)
PT_F36-1_bit_1-100 Test Num : 56
Inject into ../bin/hello
----- Type : 1_bit_1 Pos : PT_F36 -----
There are 1 faults will be injected in faulttable...
101133 microseconds
Fault on PT_F36(0X7ffc40714a60 -> 0X40007ffc40714a60)
3000108 microseconds
timeout
[ 2016-10-27 5:47:44]Process 12110 termed with signal 14(SIGALRM)
PT_F36-1_bit_1-100 Test Num : 57
Inject into ../bin/hello
----- Type : 1_bit_1 Pos : PT_F36 -----
There are 1 faults will be injected in faulttable...
100978 microseconds
Fault on PT_F36(0X7ffe1f6462e0 -> 0X7ffe1f6662e0)
3000079 microseconds
timeout
[ 2016-10-27 5:47:47]Process 12112 termed with signal 14(SIGALRM)
PT_F36-1_bit_1-100 Test Num : 58
Inject into ../bin/hello
----- Type : 1_bit_1 Pos : PT_F36 -----
There are 1 faults will be injected in faulttable...
100109 microseconds
Fault on PT_F36(0X7ffe62323a60 -> 0X7ffe623a3a60)
3000069 microseconds
timeout
[ 2016-10-27 5:47:50]Process 12114 termed with signal 14(SIGALRM)
PT_F36-1_bit_1-100 Test Num : 59
Inject into ../bin/hello
----- Type : 1_bit_1 Pos : PT_F36 -----
There are 1 faults will be injected in faulttable...
100974 microseconds
Fault on PT_F36(0X7ffcd5438ff0 -> 0X7ffcd5438ff0)
3000133 microseconds
timeout
[ 2016-10-27 5:47:53]Process 12116 termed with signal 14(SIGALRM)
PT_F36-1_bit_1-100 Test Num : 60
Inject into ../bin/hello
----- Type : 1_bit_1 Pos : PT_F36 -----
There are 1 faults will be injected in faulttable...
100142 microseconds
Fault on PT_F36(0X7ffe78150620 -> 0X7ffe78150620)
3000094 microseconds
timeout
[ 2016-10-27 5:47:57]Process 12118 termed with signal 14(SIGALRM)
PT_F36-1_bit_1-100 Test Num : 61
Inject into ../bin/hello
----- Type : 1_bit_1 Pos : PT_F36 -----
There are 1 faults will be injected in faulttable...
100915 microseconds
Fault on PT_F36(0X7ffc3bc18820 -> 0X7ffc3bc18820)
3000049 microseconds
timeout
[  2016-10-27 5:48:0]Process 12120 termed with signal 14(SIGALRM)
PT_F36-1_bit_1-100 Test Num : 62
Inject into ../bin/hello
----- Type : 1_bit_1 Pos : PT_F36 -----
There are 1 faults will be injected in faulttable...
100077 microseconds
Fault on PT_F36(0X7ffc46c21280 -> 0X7ffc46c29280)
3000077 microseconds
timeout
[  2016-10-27 5:48:3]Process 12122 termed with signal 14(SIGALRM)
PT_F36-1_bit_1-100 Test Num : 63
Inject into ../bin/hello
----- Type : 1_bit_1 Pos : PT_F36 -----
There are 1 faults will be injected in faulttable...
101194 microseconds
Fault on PT_F36(0X7ffc13cfc220 -> 0X7ffc13cfc222)
3000104 microseconds
timeout
[  2016-10-27 5:48:6]Process 12124 termed with signal 14(SIGALRM)
PT_F36-1_bit_1-100 Test Num : 64
Inject into ../bin/hello
----- Type : 1_bit_1 Pos : PT_F36 -----
There are 1 faults will be injected in faulttable...
100276 microseconds
Fault on PT_F36(0X7ffefbe54250 -> 0X7ffefbe54250)
3000122 microseconds
timeout
[  2016-10-27 5:48:9]Process 12126 termed with signal 14(SIGALRM)
PT_F36-1_bit_1-100 Test Num : 65
Inject into ../bin/hello
----- Type : 1_bit_1 Pos : PT_F36 -----
There are 1 faults will be injected in faulttable...
101008 microseconds
Fault on PT_F36(0X7ffdca68f460 -> 0X7ffdca68f460)
3000073 microseconds
timeout
[ 2016-10-27 5:48:12]Process 12128 termed with signal 14(SIGALRM)
PT_F36-1_bit_1-100 Test Num : 66
Inject into ../bin/hello
----- Type : 1_bit_1 Pos : PT_F36 -----
There are 1 faults will be injected in faulttable...
100087 microseconds
Fault on PT_F36(0X7ffebfe6daf0 -> 0X7ffebfe6daf0)
3000082 microseconds
timeout
[ 2016-10-27 5:48:15]Process 12130 termed with signal 14(SIGALRM)
PT_F36-1_bit_1-100 Test Num : 67
Inject into ../bin/hello
----- Type : 1_bit_1 Pos : PT_F36 -----
There are 1 faults will be injected in faulttable...
101052 microseconds
Fault on PT_F36(0X7ffd9cb73220 -> 0X407ffd9cb73220)
3000142 microseconds
timeout
[ 2016-10-27 5:48:18]Process 12132 termed with signal 14(SIGALRM)
PT_F36-1_bit_1-100 Test Num : 68
Inject into ../bin/hello
----- Type : 1_bit_1 Pos : PT_F36 -----
There are 1 faults will be injected in faulttable...
101495 microseconds
Fault on PT_F36(0X7fff32dafd30 -> 0X7fff32dafd34)
3000064 microseconds
timeout
[ 2016-10-27 5:48:21]Process 12134 termed with signal 14(SIGALRM)
PT_F36-1_bit_1-100 Test Num : 69
Inject into ../bin/hello
----- Type : 1_bit_1 Pos : PT_F36 -----
There are 1 faults will be injected in faulttable...
100980 microseconds
Fault on PT_F36(0X7fff087117c0 -> 0X7fff087117c1)
3000065 microseconds
timeout
[ 2016-10-27 5:48:25]Process 12136 termed with signal 14(SIGALRM)
PT_F36-1_bit_1-100 Test Num : 70
Inject into ../bin/hello
----- Type : 1_bit_1 Pos : PT_F36 -----
There are 1 faults will be injected in faulttable...
100095 microseconds
Fault on PT_F36(0X7ffe7b47c810 -> 0X7ffe7b47c810)
3000070 microseconds
timeout
[ 2016-10-27 5:48:28]Process 12138 termed with signal 14(SIGALRM)
PT_F36-1_bit_1-100 Test Num : 71
Inject into ../bin/hello
----- Type : 1_bit_1 Pos : PT_F36 -----
There are 1 faults will be injected in faulttable...
100084 microseconds
Fault on PT_F36(0X7ffeab763670 -> 0X7ffeab763670)
3000111 microseconds
timeout
[ 2016-10-27 5:48:31]Process 12140 termed with signal 14(SIGALRM)
PT_F36-1_bit_1-100 Test Num : 72
Inject into ../bin/hello
----- Type : 1_bit_1 Pos : PT_F36 -----
There are 1 faults will be injected in faulttable...
100926 microseconds
Fault on PT_F36(0X7ffd6a109970 -> 0X40007ffd6a109970)
3000062 microseconds
timeout
[ 2016-10-27 5:48:34]Process 12142 termed with signal 14(SIGALRM)
PT_F36-1_bit_1-100 Test Num : 73
Inject into ../bin/hello
----- Type : 1_bit_1 Pos : PT_F36 -----
There are 1 faults will be injected in faulttable...
100995 microseconds
Fault on PT_F36(0X7ffc104faec0 -> 0X7ffc104fafc0)
3000070 microseconds
timeout
[ 2016-10-27 5:48:37]Process 12144 termed with signal 14(SIGALRM)
PT_F36-1_bit_1-100 Test Num : 74
Inject into ../bin/hello
----- Type : 1_bit_1 Pos : PT_F36 -----
There are 1 faults will be injected in faulttable...
101500 microseconds
Fault on PT_F36(0X7ffe2a5a07d0 -> 0X2007ffe2a5a07d0)
3000104 microseconds
timeout
[ 2016-10-27 5:48:40]Process 12146 termed with signal 14(SIGALRM)
PT_F36-1_bit_1-100 Test Num : 75
Inject into ../bin/hello
----- Type : 1_bit_1 Pos : PT_F36 -----
There are 1 faults will be injected in faulttable...
101431 microseconds
Fault on PT_F36(0X7ffdf4b42350 -> 0X7ffdf4b42350)
3000134 microseconds
timeout
[ 2016-10-27 5:48:43]Process 12148 termed with signal 14(SIGALRM)
PT_F36-1_bit_1-100 Test Num : 76
Inject into ../bin/hello
----- Type : 1_bit_1 Pos : PT_F36 -----
There are 1 faults will be injected in faulttable...
101049 microseconds
Fault on PT_F36(0X7ffead3cb5d0 -> 0X7ffead3cb5d8)
3000159 microseconds
timeout
[ 2016-10-27 5:48:46]Process 12150 termed with signal 14(SIGALRM)
PT_F36-1_bit_1-100 Test Num : 77
Inject into ../bin/hello
----- Type : 1_bit_1 Pos : PT_F36 -----
There are 1 faults will be injected in faulttable...
101003 microseconds
Fault on PT_F36(0X7ffdbddf4220 -> 0X407ffdbddf4220)
3000066 microseconds
timeout
[ 2016-10-27 5:48:49]Process 12152 termed with signal 14(SIGALRM)
PT_F36-1_bit_1-100 Test Num : 78
Inject into ../bin/hello
----- Type : 1_bit_1 Pos : PT_F36 -----
There are 1 faults will be injected in faulttable...
100126 microseconds
Fault on PT_F36(0X7ffdf7939020 -> 0X107ffdf7939020)
3000075 microseconds
timeout
[ 2016-10-27 5:48:53]Process 12154 termed with signal 14(SIGALRM)
PT_F36-1_bit_1-100 Test Num : 79
Inject into ../bin/hello
----- Type : 1_bit_1 Pos : PT_F36 -----
There are 1 faults will be injected in faulttable...
100988 microseconds
Fault on PT_F36(0X7ffec6458a30 -> 0X7ffec6458a30)
3000091 microseconds
timeout
[ 2016-10-27 5:48:56]Process 12156 termed with signal 14(SIGALRM)
PT_F36-1_bit_1-100 Test Num : 80
Inject into ../bin/hello
----- Type : 1_bit_1 Pos : PT_F36 -----
There are 1 faults will be injected in faulttable...
100899 microseconds
Fault on PT_F36(0X7ffe11b74540 -> 0X40007ffe11b74540)
3000068 microseconds
timeout
[ 2016-10-27 5:48:59]Process 12158 termed with signal 14(SIGALRM)
PT_F36-1_bit_1-100 Test Num : 81
Inject into ../bin/hello
----- Type : 1_bit_1 Pos : PT_F36 -----
There are 1 faults will be injected in faulttable...
100977 microseconds
Fault on PT_F36(0X7ffe3e9b8130 -> 0X7ffe3e9b8130)
3000066 microseconds
timeout
[  2016-10-27 5:49:2]Process 12160 termed with signal 14(SIGALRM)
PT_F36-1_bit_1-100 Test Num : 82
Inject into ../bin/hello
----- Type : 1_bit_1 Pos : PT_F36 -----
There are 1 faults will be injected in faulttable...
100964 microseconds
Fault on PT_F36(0X7ffdc1157270 -> 0X7ffdc1157270)
3000075 microseconds
timeout
[  2016-10-27 5:49:5]Process 12162 termed with signal 14(SIGALRM)
PT_F36-1_bit_1-100 Test Num : 83
Inject into ../bin/hello
----- Type : 1_bit_1 Pos : PT_F36 -----
There are 1 faults will be injected in faulttable...
101038 microseconds
Fault on PT_F36(0X7ffcb33da270 -> 0X4007ffcb33da270)
3000075 microseconds
timeout
[  2016-10-27 5:49:8]Process 12164 termed with signal 14(SIGALRM)
PT_F36-1_bit_1-100 Test Num : 84
Inject into ../bin/hello
----- Type : 1_bit_1 Pos : PT_F36 -----
There are 1 faults will be injected in faulttable...
101133 microseconds
Fault on PT_F36(0X7ffd0b30f500 -> 0X7ffd0b30f500)
3000104 microseconds
timeout
[ 2016-10-27 5:49:11]Process 12166 termed with signal 14(SIGALRM)
PT_F36-1_bit_1-100 Test Num : 85
Inject into ../bin/hello
----- Type : 1_bit_1 Pos : PT_F36 -----
There are 1 faults will be injected in faulttable...
100991 microseconds
Fault on PT_F36(0X7ffd66323ce0 -> 0X10007ffd66323ce0)
3000075 microseconds
timeout
[ 2016-10-27 5:49:14]Process 12168 termed with signal 14(SIGALRM)
PT_F36-1_bit_1-100 Test Num : 86
Inject into ../bin/hello
----- Type : 1_bit_1 Pos : PT_F36 -----
There are 1 faults will be injected in faulttable...
100958 microseconds
Fault on PT_F36(0X7ffe5ced8320 -> 0X7ffe5ced8320)
3000097 microseconds
timeout
[ 2016-10-27 5:49:17]Process 12170 termed with signal 14(SIGALRM)
PT_F36-1_bit_1-100 Test Num : 87
Inject into ../bin/hello
----- Type : 1_bit_1 Pos : PT_F36 -----
There are 1 faults will be injected in faulttable...
100106 microseconds
Fault on PT_F36(0X7ffc5351b6e0 -> 0X7ffc5351b6e0)
3000114 microseconds
timeout
[ 2016-10-27 5:49:21]Process 12172 termed with signal 14(SIGALRM)
PT_F36-1_bit_1-100 Test Num : 88
Inject into ../bin/hello
----- Type : 1_bit_1 Pos : PT_F36 -----
There are 1 faults will be injected in faulttable...
101312 microseconds
Fault on PT_F36(0X7ffc69b1d270 -> 0X7ffc69b1d2f0)
3000245 microseconds
timeout
[ 2016-10-27 5:49:24]Process 12174 termed with signal 14(SIGALRM)
PT_F36-1_bit_1-100 Test Num : 89
Inject into ../bin/hello
----- Type : 1_bit_1 Pos : PT_F36 -----
There are 1 faults will be injected in faulttable...
100072 microseconds
Fault on PT_F36(0X7ffdfc80c380 -> 0X7ffdfc80c380)
3000068 microseconds
timeout
[ 2016-10-27 5:49:27]Process 12176 termed with signal 14(SIGALRM)
PT_F36-1_bit_1-100 Test Num : 90
Inject into ../bin/hello
----- Type : 1_bit_1 Pos : PT_F36 -----
There are 1 faults will be injected in faulttable...
100987 microseconds
Fault on PT_F36(0X7ffc658e4890 -> 0X7ffe658e4890)
3000102 microseconds
timeout
[ 2016-10-27 5:49:30]Process 12178 termed with signal 14(SIGALRM)
PT_F36-1_bit_1-100 Test Num : 91
Inject into ../bin/hello
----- Type : 1_bit_1 Pos : PT_F36 -----
There are 1 faults will be injected in faulttable...
100977 microseconds
Fault on PT_F36(0X7ffe4d7e07d0 -> 0X10007ffe4d7e07d0)
3000073 microseconds
timeout
[ 2016-10-27 5:49:33]Process 12180 termed with signal 14(SIGALRM)
PT_F36-1_bit_1-100 Test Num : 92
Inject into ../bin/hello
----- Type : 1_bit_1 Pos : PT_F36 -----
There are 1 faults will be injected in faulttable...
101033 microseconds
Fault on PT_F36(0X7ffeb6a3d840 -> 0X7ffeb6a3d848)
3000074 microseconds
timeout
[ 2016-10-27 5:49:36]Process 12182 termed with signal 14(SIGALRM)
PT_F36-1_bit_1-100 Test Num : 93
Inject into ../bin/hello
----- Type : 1_bit_1 Pos : PT_F36 -----
There are 1 faults will be injected in faulttable...
100102 microseconds
Fault on PT_F36(0X7ffca74b3680 -> 0X7ffca74b3680)
3000121 microseconds
timeout
[ 2016-10-27 5:49:39]Process 12184 termed with signal 14(SIGALRM)
PT_F36-1_bit_1-100 Test Num : 94
Inject into ../bin/hello
----- Type : 1_bit_1 Pos : PT_F36 -----
There are 1 faults will be injected in faulttable...
101057 microseconds
Fault on PT_F36(0X7ffdf25248f0 -> 0X7ffdf25249f0)
3000097 microseconds
timeout
[ 2016-10-27 5:49:42]Process 12186 termed with signal 14(SIGALRM)
PT_F36-1_bit_1-100 Test Num : 95
Inject into ../bin/hello
----- Type : 1_bit_1 Pos : PT_F36 -----
There are 1 faults will be injected in faulttable...
101081 microseconds
Fault on PT_F36(0X7ffdfc5fce60 -> 0X87ffdfc5fce60)
3000078 microseconds
timeout
[ 2016-10-27 5:49:45]Process 12188 termed with signal 14(SIGALRM)
PT_F36-1_bit_1-100 Test Num : 96
Inject into ../bin/hello
----- Type : 1_bit_1 Pos : PT_F36 -----
There are 1 faults will be injected in faulttable...
100077 microseconds
Fault on PT_F36(0X7fffe05fd8d0 -> 0X7fffe05fd8d0)
3000064 microseconds
timeout
[ 2016-10-27 5:49:49]Process 12190 termed with signal 14(SIGALRM)
PT_F36-1_bit_1-100 Test Num : 97
Inject into ../bin/hello
----- Type : 1_bit_1 Pos : PT_F36 -----
There are 1 faults will be injected in faulttable...
101159 microseconds
Fault on PT_F36(0X7ffd5e7fedd0 -> 0X7ffd5e7fedd0)
3000093 microseconds
timeout
[ 2016-10-27 5:49:52]Process 12192 termed with signal 14(SIGALRM)
PT_F36-1_bit_1-100 Test Num : 98
Inject into ../bin/hello
----- Type : 1_bit_1 Pos : PT_F36 -----
There are 1 faults will be injected in faulttable...
100981 microseconds
Fault on PT_F36(0X7ffe22909d40 -> 0X807ffe22909d40)
3000148 microseconds
timeout
[ 2016-10-27 5:49:55]Process 12194 termed with signal 14(SIGALRM)
PT_F36-1_bit_1-100 Test Num : 99
Inject into ../bin/hello
----- Type : 1_bit_1 Pos : PT_F36 -----
There are 1 faults will be injected in faulttable...
100061 microseconds
Fault on PT_F36(0X7fff319c24c0 -> 0X7fff319c34c0)
3000128 microseconds
timeout
[ 2016-10-27 5:49:58]Process 12196 termed with signal 14(SIGALRM)
PT_F36-1_bit_1-100 Test Num : 100
Inject into ../bin/hello
----- Type : 1_bit_1 Pos : PT_F36 -----
There are 1 faults will be injected in faulttable...
101131 microseconds
Fault on PT_F36(0X7ffc17619930 -> 0X10007ffc17619930)
3000074 microseconds
timeout
[  2016-10-27 5:50:1]Process 12198 termed with signal 14(SIGALRM)
