PT_F35-1_bit_flip-100 Test Num : 1
Inject into an exculetable program ../bin/ptrace/hello
There are 1 faults will be injected in faulttable...
step|misrosec = 100000, unit = m, position = PT_F35(48), type = 1_bit_flip(3)
109146 microseconds
Fault on PT_F35(0X0 -> 0X4000000000)
timeout now but the process is still running...
[  2016-6-12 21:9:18]Process 9868 termed with signal 14(SIGALRM)
PT_F35-1_bit_flip-100 Test Num : 2
Inject into an exculetable program ../bin/ptrace/hello
There are 1 faults will be injected in faulttable...
step|misrosec = 100000, unit = m, position = PT_F35(48), type = 1_bit_flip(3)
125708 microseconds
Fault on PT_F35(0X0 -> 0X10)
timeout now but the process is still running...
[  2016-6-12 21:9:21]Process 9870 termed with signal 14(SIGALRM)
PT_F35-1_bit_flip-100 Test Num : 3
Inject into an exculetable program ../bin/ptrace/hello
There are 1 faults will be injected in faulttable...
step|misrosec = 100000, unit = m, position = PT_F35(48), type = 1_bit_flip(3)
126048 microseconds
Fault on PT_F35(0X0 -> 0X400000000000000)
timeout now but the process is still running...
[  2016-6-12 21:9:24]Process 9872 termed with signal 14(SIGALRM)
PT_F35-1_bit_flip-100 Test Num : 4
Inject into an exculetable program ../bin/ptrace/hello
There are 1 faults will be injected in faulttable...
step|misrosec = 100000, unit = m, position = PT_F35(48), type = 1_bit_flip(3)
126197 microseconds
Fault on PT_F35(0X0 -> 0X2000000000000)
timeout now but the process is still running...
[  2016-6-12 21:9:27]Process 9874 termed with signal 14(SIGALRM)
PT_F35-1_bit_flip-100 Test Num : 5
Inject into an exculetable program ../bin/ptrace/hello
There are 1 faults will be injected in faulttable...
step|misrosec = 100000, unit = m, position = PT_F35(48), type = 1_bit_flip(3)
126099 microseconds
Fault on PT_F35(0X0 -> 0X400000000000000)
timeout now but the process is still running...
[  2016-6-12 21:9:30]Process 9876 termed with signal 14(SIGALRM)
PT_F35-1_bit_flip-100 Test Num : 6
Inject into an exculetable program ../bin/ptrace/hello
There are 1 faults will be injected in faulttable...
step|misrosec = 100000, unit = m, position = PT_F35(48), type = 1_bit_flip(3)
126047 microseconds
Fault on PT_F35(0X0 -> 0X80000000000000)
timeout now but the process is still running...
[  2016-6-12 21:9:33]Process 9878 termed with signal 14(SIGALRM)
PT_F35-1_bit_flip-100 Test Num : 7
Inject into an exculetable program ../bin/ptrace/hello
There are 1 faults will be injected in faulttable...
step|misrosec = 100000, unit = m, position = PT_F35(48), type = 1_bit_flip(3)
126211 microseconds
Fault on PT_F35(0X0 -> 0X10000000)
timeout now but the process is still running...
[  2016-6-12 21:9:37]Process 9880 termed with signal 14(SIGALRM)
PT_F35-1_bit_flip-100 Test Num : 8
Inject into an exculetable program ../bin/ptrace/hello
There are 1 faults will be injected in faulttable...
step|misrosec = 100000, unit = m, position = PT_F35(48), type = 1_bit_flip(3)
125601 microseconds
Fault on PT_F35(0X0 -> 0X40000000000000)
timeout now but the process is still running...
[  2016-6-12 21:9:40]Process 9882 termed with signal 14(SIGALRM)
PT_F35-1_bit_flip-100 Test Num : 9
Inject into an exculetable program ../bin/ptrace/hello
There are 1 faults will be injected in faulttable...
step|misrosec = 100000, unit = m, position = PT_F35(48), type = 1_bit_flip(3)
126031 microseconds
Fault on PT_F35(0X0 -> 0X8)
timeout now but the process is still running...
[  2016-6-12 21:9:43]Process 9884 termed with signal 14(SIGALRM)
PT_F35-1_bit_flip-100 Test Num : 10
Inject into an exculetable program ../bin/ptrace/hello
There are 1 faults will be injected in faulttable...
step|misrosec = 100000, unit = m, position = PT_F35(48), type = 1_bit_flip(3)
126034 microseconds
Fault on PT_F35(0X0 -> 0X2000000000)
timeout now but the process is still running...
[  2016-6-12 21:9:46]Process 9886 termed with signal 14(SIGALRM)
PT_F35-1_bit_flip-100 Test Num : 11
Inject into an exculetable program ../bin/ptrace/hello
There are 1 faults will be injected in faulttable...
step|misrosec = 100000, unit = m, position = PT_F35(48), type = 1_bit_flip(3)
126077 microseconds
Fault on PT_F35(0X0 -> 0X200000000000)
timeout now but the process is still running...
[  2016-6-12 21:9:49]Process 9888 termed with signal 14(SIGALRM)
PT_F35-1_bit_flip-100 Test Num : 12
Inject into an exculetable program ../bin/ptrace/hello
There are 1 faults will be injected in faulttable...
step|misrosec = 100000, unit = m, position = PT_F35(48), type = 1_bit_flip(3)
126043 microseconds
Fault on PT_F35(0X0 -> 0X1000)
timeout now but the process is still running...
[  2016-6-12 21:9:52]Process 9890 termed with signal 14(SIGALRM)
PT_F35-1_bit_flip-100 Test Num : 13
Inject into an exculetable program ../bin/ptrace/hello
There are 1 faults will be injected in faulttable...
step|misrosec = 100000, unit = m, position = PT_F35(48), type = 1_bit_flip(3)
125475 microseconds
Fault on PT_F35(0X0 -> 0X20000000000000)
timeout now but the process is still running...
[  2016-6-12 21:9:56]Process 9892 termed with signal 14(SIGALRM)
PT_F35-1_bit_flip-100 Test Num : 14
Inject into an exculetable program ../bin/ptrace/hello
There are 1 faults will be injected in faulttable...
step|misrosec = 100000, unit = m, position = PT_F35(48), type = 1_bit_flip(3)
126037 microseconds
Fault on PT_F35(0X0 -> 0X4000000000)
timeout now but the process is still running...
[  2016-6-12 21:9:59]Process 9894 termed with signal 14(SIGALRM)
PT_F35-1_bit_flip-100 Test Num : 15
Inject into an exculetable program ../bin/ptrace/hello
There are 1 faults will be injected in faulttable...
step|misrosec = 100000, unit = m, position = PT_F35(48), type = 1_bit_flip(3)
126029 microseconds
Fault on PT_F35(0X0 -> 0X400000000000)
timeout now but the process is still running...
[  2016-6-12 21:10:2]Process 9896 termed with signal 14(SIGALRM)
PT_F35-1_bit_flip-100 Test Num : 16
Inject into an exculetable program ../bin/ptrace/hello
There are 1 faults will be injected in faulttable...
step|misrosec = 100000, unit = m, position = PT_F35(48), type = 1_bit_flip(3)
125984 microseconds
Fault on PT_F35(0X0 -> 0X2000000000)
timeout now but the process is still running...
[  2016-6-12 21:10:5]Process 9898 termed with signal 14(SIGALRM)
PT_F35-1_bit_flip-100 Test Num : 17
Inject into an exculetable program ../bin/ptrace/hello
There are 1 faults will be injected in faulttable...
step|misrosec = 100000, unit = m, position = PT_F35(48), type = 1_bit_flip(3)
126033 microseconds
Fault on PT_F35(0X0 -> 0X1)
timeout now but the process is still running...
[  2016-6-12 21:10:8]Process 9900 termed with signal 14(SIGALRM)
PT_F35-1_bit_flip-100 Test Num : 18
Inject into an exculetable program ../bin/ptrace/hello
There are 1 faults will be injected in faulttable...
step|misrosec = 100000, unit = m, position = PT_F35(48), type = 1_bit_flip(3)
126037 microseconds
Fault on PT_F35(0X0 -> 0X4000000)
timeout now but the process is still running...
[ 2016-6-12 21:10:11]Process 9902 termed with signal 14(SIGALRM)
PT_F35-1_bit_flip-100 Test Num : 19
Inject into an exculetable program ../bin/ptrace/hello
There are 1 faults will be injected in faulttable...
step|misrosec = 100000, unit = m, position = PT_F35(48), type = 1_bit_flip(3)
116116 microseconds
Fault on PT_F35(0X0 -> 0X800000)
timeout now but the process is still running...
[ 2016-6-12 21:10:14]Process 9904 termed with signal 14(SIGALRM)
PT_F35-1_bit_flip-100 Test Num : 20
Inject into an exculetable program ../bin/ptrace/hello
There are 1 faults will be injected in faulttable...
step|misrosec = 100000, unit = m, position = PT_F35(48), type = 1_bit_flip(3)
126077 microseconds
Fault on PT_F35(0X0 -> 0X4000000000)
timeout now but the process is still running...
[ 2016-6-12 21:10:18]Process 9906 termed with signal 14(SIGALRM)
PT_F35-1_bit_flip-100 Test Num : 21
Inject into an exculetable program ../bin/ptrace/hello
There are 1 faults will be injected in faulttable...
step|misrosec = 100000, unit = m, position = PT_F35(48), type = 1_bit_flip(3)
126065 microseconds
Fault on PT_F35(0X0 -> 0X10000)
timeout now but the process is still running...
[ 2016-6-12 21:10:21]Process 9908 termed with signal 14(SIGALRM)
PT_F35-1_bit_flip-100 Test Num : 22
Inject into an exculetable program ../bin/ptrace/hello
There are 1 faults will be injected in faulttable...
step|misrosec = 100000, unit = m, position = PT_F35(48), type = 1_bit_flip(3)
126019 microseconds
Fault on PT_F35(0X0 -> 0X8000000000000000)
timeout now but the process is still running...
[ 2016-6-12 21:10:24]Process 9910 termed with signal 14(SIGALRM)
PT_F35-1_bit_flip-100 Test Num : 23
Inject into an exculetable program ../bin/ptrace/hello
There are 1 faults will be injected in faulttable...
step|misrosec = 100000, unit = m, position = PT_F35(48), type = 1_bit_flip(3)
126091 microseconds
Fault on PT_F35(0X0 -> 0X8)
timeout now but the process is still running...
[ 2016-6-12 21:10:27]Process 9912 termed with signal 14(SIGALRM)
PT_F35-1_bit_flip-100 Test Num : 24
Inject into an exculetable program ../bin/ptrace/hello
There are 1 faults will be injected in faulttable...
step|misrosec = 100000, unit = m, position = PT_F35(48), type = 1_bit_flip(3)
126081 microseconds
Fault on PT_F35(0X0 -> 0X400000)
timeout now but the process is still running...
[ 2016-6-12 21:10:30]Process 9914 termed with signal 14(SIGALRM)
PT_F35-1_bit_flip-100 Test Num : 25
Inject into an exculetable program ../bin/ptrace/hello
There are 1 faults will be injected in faulttable...
step|misrosec = 100000, unit = m, position = PT_F35(48), type = 1_bit_flip(3)
126012 microseconds
Fault on PT_F35(0X0 -> 0X2000000)
timeout now but the process is still running...
[ 2016-6-12 21:10:33]Process 9916 termed with signal 14(SIGALRM)
PT_F35-1_bit_flip-100 Test Num : 26
Inject into an exculetable program ../bin/ptrace/hello
There are 1 faults will be injected in faulttable...
step|misrosec = 100000, unit = m, position = PT_F35(48), type = 1_bit_flip(3)
126174 microseconds
Fault on PT_F35(0X0 -> 0X8000)
timeout now but the process is still running...
[ 2016-6-12 21:10:36]Process 9918 termed with signal 14(SIGALRM)
PT_F35-1_bit_flip-100 Test Num : 27
Inject into an exculetable program ../bin/ptrace/hello
There are 1 faults will be injected in faulttable...
step|misrosec = 100000, unit = m, position = PT_F35(48), type = 1_bit_flip(3)
126001 microseconds
Fault on PT_F35(0X0 -> 0X200000)
timeout now but the process is still running...
[ 2016-6-12 21:10:40]Process 9920 termed with signal 14(SIGALRM)
PT_F35-1_bit_flip-100 Test Num : 28
Inject into an exculetable program ../bin/ptrace/hello
There are 1 faults will be injected in faulttable...
step|misrosec = 100000, unit = m, position = PT_F35(48), type = 1_bit_flip(3)
126117 microseconds
Fault on PT_F35(0X0 -> 0X200000000)
timeout now but the process is still running...
[ 2016-6-12 21:10:43]Process 9922 termed with signal 14(SIGALRM)
PT_F35-1_bit_flip-100 Test Num : 29
Inject into an exculetable program ../bin/ptrace/hello
There are 1 faults will be injected in faulttable...
step|misrosec = 100000, unit = m, position = PT_F35(48), type = 1_bit_flip(3)
126128 microseconds
Fault on PT_F35(0X0 -> 0X800)
timeout now but the process is still running...
[ 2016-6-12 21:10:46]Process 9924 termed with signal 14(SIGALRM)
PT_F35-1_bit_flip-100 Test Num : 30
Inject into an exculetable program ../bin/ptrace/hello
There are 1 faults will be injected in faulttable...
step|misrosec = 100000, unit = m, position = PT_F35(48), type = 1_bit_flip(3)
125997 microseconds
Fault on PT_F35(0X0 -> 0X2000)
timeout now but the process is still running...
[ 2016-6-12 21:10:49]Process 9926 termed with signal 14(SIGALRM)
PT_F35-1_bit_flip-100 Test Num : 31
Inject into an exculetable program ../bin/ptrace/hello
There are 1 faults will be injected in faulttable...
step|misrosec = 100000, unit = m, position = PT_F35(48), type = 1_bit_flip(3)
126042 microseconds
Fault on PT_F35(0X0 -> 0X10000000000000)
timeout now but the process is still running...
[ 2016-6-12 21:10:52]Process 9928 termed with signal 14(SIGALRM)
PT_F35-1_bit_flip-100 Test Num : 32
Inject into an exculetable program ../bin/ptrace/hello
There are 1 faults will be injected in faulttable...
step|misrosec = 100000, unit = m, position = PT_F35(48), type = 1_bit_flip(3)
126027 microseconds
Fault on PT_F35(0X0 -> 0X4000000000000000)
timeout now but the process is still running...
[ 2016-6-12 21:10:55]Process 9930 termed with signal 14(SIGALRM)
PT_F35-1_bit_flip-100 Test Num : 33
Inject into an exculetable program ../bin/ptrace/hello
There are 1 faults will be injected in faulttable...
step|misrosec = 100000, unit = m, position = PT_F35(48), type = 1_bit_flip(3)
126052 microseconds
Fault on PT_F35(0X0 -> 0X100000)
timeout now but the process is still running...
[ 2016-6-12 21:10:58]Process 9932 termed with signal 14(SIGALRM)
PT_F35-1_bit_flip-100 Test Num : 34
Inject into an exculetable program ../bin/ptrace/hello
There are 1 faults will be injected in faulttable...
step|misrosec = 100000, unit = m, position = PT_F35(48), type = 1_bit_flip(3)
126056 microseconds
Fault on PT_F35(0X0 -> 0X8000000)
timeout now but the process is still running...
[  2016-6-12 21:11:2]Process 9934 termed with signal 14(SIGALRM)
PT_F35-1_bit_flip-100 Test Num : 35
Inject into an exculetable program ../bin/ptrace/hello
There are 1 faults will be injected in faulttable...
step|misrosec = 100000, unit = m, position = PT_F35(48), type = 1_bit_flip(3)
126047 microseconds
Fault on PT_F35(0X0 -> 0X2)
timeout now but the process is still running...
[  2016-6-12 21:11:5]Process 9936 termed with signal 14(SIGALRM)
PT_F35-1_bit_flip-100 Test Num : 36
Inject into an exculetable program ../bin/ptrace/hello
There are 1 faults will be injected in faulttable...
step|misrosec = 100000, unit = m, position = PT_F35(48), type = 1_bit_flip(3)
126145 microseconds
Fault on PT_F35(0X0 -> 0X40000000000)
timeout now but the process is still running...
[  2016-6-12 21:11:8]Process 9938 termed with signal 14(SIGALRM)
PT_F35-1_bit_flip-100 Test Num : 37
Inject into an exculetable program ../bin/ptrace/hello
There are 1 faults will be injected in faulttable...
step|misrosec = 100000, unit = m, position = PT_F35(48), type = 1_bit_flip(3)
125988 microseconds
Fault on PT_F35(0X0 -> 0X10000000)
timeout now but the process is still running...
[ 2016-6-12 21:11:11]Process 9940 termed with signal 14(SIGALRM)
PT_F35-1_bit_flip-100 Test Num : 38
Inject into an exculetable program ../bin/ptrace/hello
There are 1 faults will be injected in faulttable...
step|misrosec = 100000, unit = m, position = PT_F35(48), type = 1_bit_flip(3)
126011 microseconds
Fault on PT_F35(0X0 -> 0X8)
timeout now but the process is still running...
[ 2016-6-12 21:11:14]Process 9942 termed with signal 14(SIGALRM)
PT_F35-1_bit_flip-100 Test Num : 39
Inject into an exculetable program ../bin/ptrace/hello
There are 1 faults will be injected in faulttable...
step|misrosec = 100000, unit = m, position = PT_F35(48), type = 1_bit_flip(3)
126018 microseconds
Fault on PT_F35(0X0 -> 0X1000000000000)
timeout now but the process is still running...
[ 2016-6-12 21:11:17]Process 9944 termed with signal 14(SIGALRM)
PT_F35-1_bit_flip-100 Test Num : 40
Inject into an exculetable program ../bin/ptrace/hello
There are 1 faults will be injected in faulttable...
step|misrosec = 100000, unit = m, position = PT_F35(48), type = 1_bit_flip(3)
126050 microseconds
Fault on PT_F35(0X0 -> 0X1000000000)
timeout now but the process is still running...
[ 2016-6-12 21:11:21]Process 9946 termed with signal 14(SIGALRM)
PT_F35-1_bit_flip-100 Test Num : 41
Inject into an exculetable program ../bin/ptrace/hello
There are 1 faults will be injected in faulttable...
step|misrosec = 100000, unit = m, position = PT_F35(48), type = 1_bit_flip(3)
126519 microseconds
Fault on PT_F35(0X0 -> 0X800)
timeout now but the process is still running...
[ 2016-6-12 21:11:24]Process 9948 termed with signal 14(SIGALRM)
PT_F35-1_bit_flip-100 Test Num : 42
Inject into an exculetable program ../bin/ptrace/hello
There are 1 faults will be injected in faulttable...
step|misrosec = 100000, unit = m, position = PT_F35(48), type = 1_bit_flip(3)
126089 microseconds
Fault on PT_F35(0X0 -> 0X80)
timeout now but the process is still running...
[ 2016-6-12 21:11:27]Process 9950 termed with signal 14(SIGALRM)
PT_F35-1_bit_flip-100 Test Num : 43
Inject into an exculetable program ../bin/ptrace/hello
There are 1 faults will be injected in faulttable...
step|misrosec = 100000, unit = m, position = PT_F35(48), type = 1_bit_flip(3)
126001 microseconds
Fault on PT_F35(0X0 -> 0X40000000000000)
timeout now but the process is still running...
[ 2016-6-12 21:11:30]Process 9952 termed with signal 14(SIGALRM)
PT_F35-1_bit_flip-100 Test Num : 44
Inject into an exculetable program ../bin/ptrace/hello
There are 1 faults will be injected in faulttable...
step|misrosec = 100000, unit = m, position = PT_F35(48), type = 1_bit_flip(3)
115976 microseconds
Fault on PT_F35(0X0 -> 0X4000000000)
timeout now but the process is still running...
[ 2016-6-12 21:11:33]Process 9954 termed with signal 14(SIGALRM)
PT_F35-1_bit_flip-100 Test Num : 45
Inject into an exculetable program ../bin/ptrace/hello
There are 1 faults will be injected in faulttable...
step|misrosec = 100000, unit = m, position = PT_F35(48), type = 1_bit_flip(3)
116063 microseconds
Fault on PT_F35(0X0 -> 0X1000000000000000)
timeout now but the process is still running...
[ 2016-6-12 21:11:36]Process 9956 termed with signal 14(SIGALRM)
PT_F35-1_bit_flip-100 Test Num : 46
Inject into an exculetable program ../bin/ptrace/hello
There are 1 faults will be injected in faulttable...
step|misrosec = 100000, unit = m, position = PT_F35(48), type = 1_bit_flip(3)
126160 microseconds
Fault on PT_F35(0X0 -> 0X80)
timeout now but the process is still running...
[ 2016-6-12 21:11:39]Process 9958 termed with signal 14(SIGALRM)
PT_F35-1_bit_flip-100 Test Num : 47
Inject into an exculetable program ../bin/ptrace/hello
There are 1 faults will be injected in faulttable...
step|misrosec = 100000, unit = m, position = PT_F35(48), type = 1_bit_flip(3)
125981 microseconds
Fault on PT_F35(0X0 -> 0X8000000000)
timeout now but the process is still running...
[ 2016-6-12 21:11:43]Process 9960 termed with signal 14(SIGALRM)
PT_F35-1_bit_flip-100 Test Num : 48
Inject into an exculetable program ../bin/ptrace/hello
There are 1 faults will be injected in faulttable...
step|misrosec = 100000, unit = m, position = PT_F35(48), type = 1_bit_flip(3)
126121 microseconds
Fault on PT_F35(0X0 -> 0X80)
timeout now but the process is still running...
[ 2016-6-12 21:11:46]Process 9962 termed with signal 14(SIGALRM)
PT_F35-1_bit_flip-100 Test Num : 49
Inject into an exculetable program ../bin/ptrace/hello
There are 1 faults will be injected in faulttable...
step|misrosec = 100000, unit = m, position = PT_F35(48), type = 1_bit_flip(3)
126050 microseconds
Fault on PT_F35(0X0 -> 0X4000000000000000)
timeout now but the process is still running...
[ 2016-6-12 21:11:49]Process 9964 termed with signal 14(SIGALRM)
PT_F35-1_bit_flip-100 Test Num : 50
Inject into an exculetable program ../bin/ptrace/hello
There are 1 faults will be injected in faulttable...
step|misrosec = 100000, unit = m, position = PT_F35(48), type = 1_bit_flip(3)
115998 microseconds
Fault on PT_F35(0X0 -> 0X8)
timeout now but the process is still running...
[ 2016-6-12 21:11:52]Process 9966 termed with signal 14(SIGALRM)
PT_F35-1_bit_flip-100 Test Num : 51
Inject into an exculetable program ../bin/ptrace/hello
There are 1 faults will be injected in faulttable...
step|misrosec = 100000, unit = m, position = PT_F35(48), type = 1_bit_flip(3)
126071 microseconds
Fault on PT_F35(0X0 -> 0X1000000000000)
timeout now but the process is still running...
[ 2016-6-12 21:11:55]Process 9968 termed with signal 14(SIGALRM)
PT_F35-1_bit_flip-100 Test Num : 52
Inject into an exculetable program ../bin/ptrace/hello
There are 1 faults will be injected in faulttable...
step|misrosec = 100000, unit = m, position = PT_F35(48), type = 1_bit_flip(3)
126003 microseconds
Fault on PT_F35(0X0 -> 0X40000000)
timeout now but the process is still running...
[ 2016-6-12 21:11:58]Process 9970 termed with signal 14(SIGALRM)
PT_F35-1_bit_flip-100 Test Num : 53
Inject into an exculetable program ../bin/ptrace/hello
There are 1 faults will be injected in faulttable...
step|misrosec = 100000, unit = m, position = PT_F35(48), type = 1_bit_flip(3)
125993 microseconds
Fault on PT_F35(0X0 -> 0X1000000000000000)
timeout now but the process is still running...
[  2016-6-12 21:12:1]Process 9972 termed with signal 14(SIGALRM)
PT_F35-1_bit_flip-100 Test Num : 54
Inject into an exculetable program ../bin/ptrace/hello
There are 1 faults will be injected in faulttable...
step|misrosec = 100000, unit = m, position = PT_F35(48), type = 1_bit_flip(3)
125882 microseconds
Fault on PT_F35(0X0 -> 0X10000)
timeout now but the process is still running...
[  2016-6-12 21:12:5]Process 9974 termed with signal 14(SIGALRM)
PT_F35-1_bit_flip-100 Test Num : 55
Inject into an exculetable program ../bin/ptrace/hello
There are 1 faults will be injected in faulttable...
step|misrosec = 100000, unit = m, position = PT_F35(48), type = 1_bit_flip(3)
125831 microseconds
Fault on PT_F35(0X0 -> 0X10000000000)
timeout now but the process is still running...
[  2016-6-12 21:12:8]Process 9976 termed with signal 14(SIGALRM)
PT_F35-1_bit_flip-100 Test Num : 56
Inject into an exculetable program ../bin/ptrace/hello
There are 1 faults will be injected in faulttable...
step|misrosec = 100000, unit = m, position = PT_F35(48), type = 1_bit_flip(3)
126018 microseconds
Fault on PT_F35(0X0 -> 0X100000000000000)
timeout now but the process is still running...
[ 2016-6-12 21:12:11]Process 9978 termed with signal 14(SIGALRM)
PT_F35-1_bit_flip-100 Test Num : 57
Inject into an exculetable program ../bin/ptrace/hello
There are 1 faults will be injected in faulttable...
step|misrosec = 100000, unit = m, position = PT_F35(48), type = 1_bit_flip(3)
126100 microseconds
Fault on PT_F35(0X0 -> 0X1000000000000000)
timeout now but the process is still running...
[ 2016-6-12 21:12:14]Process 9980 termed with signal 14(SIGALRM)
PT_F35-1_bit_flip-100 Test Num : 58
Inject into an exculetable program ../bin/ptrace/hello
There are 1 faults will be injected in faulttable...
step|misrosec = 100000, unit = m, position = PT_F35(48), type = 1_bit_flip(3)
125637 microseconds
Fault on PT_F35(0X0 -> 0X80000000000000)
timeout now but the process is still running...
[ 2016-6-12 21:12:17]Process 9982 termed with signal 14(SIGALRM)
PT_F35-1_bit_flip-100 Test Num : 59
Inject into an exculetable program ../bin/ptrace/hello
There are 1 faults will be injected in faulttable...
step|misrosec = 100000, unit = m, position = PT_F35(48), type = 1_bit_flip(3)
125961 microseconds
Fault on PT_F35(0X0 -> 0X40000000)
timeout now but the process is still running...
[ 2016-6-12 21:12:20]Process 9984 termed with signal 14(SIGALRM)
PT_F35-1_bit_flip-100 Test Num : 60
Inject into an exculetable program ../bin/ptrace/hello
There are 1 faults will be injected in faulttable...
step|misrosec = 100000, unit = m, position = PT_F35(48), type = 1_bit_flip(3)
126219 microseconds
Fault on PT_F35(0X0 -> 0X200000)
timeout now but the process is still running...
[ 2016-6-12 21:12:23]Process 9986 termed with signal 14(SIGALRM)
PT_F35-1_bit_flip-100 Test Num : 61
Inject into an exculetable program ../bin/ptrace/hello
There are 1 faults will be injected in faulttable...
step|misrosec = 100000, unit = m, position = PT_F35(48), type = 1_bit_flip(3)
126073 microseconds
Fault on PT_F35(0X0 -> 0X2000000000000000)
timeout now but the process is still running...
[ 2016-6-12 21:12:27]Process 9988 termed with signal 14(SIGALRM)
PT_F35-1_bit_flip-100 Test Num : 62
Inject into an exculetable program ../bin/ptrace/hello
There are 1 faults will be injected in faulttable...
step|misrosec = 100000, unit = m, position = PT_F35(48), type = 1_bit_flip(3)
126146 microseconds
Fault on PT_F35(0X0 -> 0X80000000000000)
timeout now but the process is still running...
[ 2016-6-12 21:12:30]Process 9990 termed with signal 14(SIGALRM)
PT_F35-1_bit_flip-100 Test Num : 63
Inject into an exculetable program ../bin/ptrace/hello
There are 1 faults will be injected in faulttable...
step|misrosec = 100000, unit = m, position = PT_F35(48), type = 1_bit_flip(3)
126156 microseconds
Fault on PT_F35(0X0 -> 0X8)
timeout now but the process is still running...
[ 2016-6-12 21:12:33]Process 9992 termed with signal 14(SIGALRM)
PT_F35-1_bit_flip-100 Test Num : 64
Inject into an exculetable program ../bin/ptrace/hello
There are 1 faults will be injected in faulttable...
step|misrosec = 100000, unit = m, position = PT_F35(48), type = 1_bit_flip(3)
126061 microseconds
Fault on PT_F35(0X0 -> 0X8000000000)
timeout now but the process is still running...
[ 2016-6-12 21:12:36]Process 9994 termed with signal 14(SIGALRM)
PT_F35-1_bit_flip-100 Test Num : 65
Inject into an exculetable program ../bin/ptrace/hello
There are 1 faults will be injected in faulttable...
step|misrosec = 100000, unit = m, position = PT_F35(48), type = 1_bit_flip(3)
126218 microseconds
Fault on PT_F35(0X0 -> 0X1000)
timeout now but the process is still running...
[ 2016-6-12 21:12:39]Process 9996 termed with signal 14(SIGALRM)
PT_F35-1_bit_flip-100 Test Num : 66
Inject into an exculetable program ../bin/ptrace/hello
There are 1 faults will be injected in faulttable...
step|misrosec = 100000, unit = m, position = PT_F35(48), type = 1_bit_flip(3)
126067 microseconds
Fault on PT_F35(0X0 -> 0X800000)
timeout now but the process is still running...
[ 2016-6-12 21:12:42]Process 9998 termed with signal 14(SIGALRM)
PT_F35-1_bit_flip-100 Test Num : 67
Inject into an exculetable program ../bin/ptrace/hello
There are 1 faults will be injected in faulttable...
step|misrosec = 100000, unit = m, position = PT_F35(48), type = 1_bit_flip(3)
126061 microseconds
Fault on PT_F35(0X0 -> 0X20000000000)
timeout now but the process is still running...
[ 2016-6-12 21:12:46]Process 10000 termed with signal 14(SIGALRM)
PT_F35-1_bit_flip-100 Test Num : 68
Inject into an exculetable program ../bin/ptrace/hello
There are 1 faults will be injected in faulttable...
step|misrosec = 100000, unit = m, position = PT_F35(48), type = 1_bit_flip(3)
126004 microseconds
Fault on PT_F35(0X0 -> 0X1)
timeout now but the process is still running...
[ 2016-6-12 21:12:49]Process 10002 termed with signal 14(SIGALRM)
PT_F35-1_bit_flip-100 Test Num : 69
Inject into an exculetable program ../bin/ptrace/hello
There are 1 faults will be injected in faulttable...
step|misrosec = 100000, unit = m, position = PT_F35(48), type = 1_bit_flip(3)
126033 microseconds
Fault on PT_F35(0X0 -> 0X80000000000)
timeout now but the process is still running...
[ 2016-6-12 21:12:52]Process 10004 termed with signal 14(SIGALRM)
PT_F35-1_bit_flip-100 Test Num : 70
Inject into an exculetable program ../bin/ptrace/hello
There are 1 faults will be injected in faulttable...
step|misrosec = 100000, unit = m, position = PT_F35(48), type = 1_bit_flip(3)
115876 microseconds
Fault on PT_F35(0X0 -> 0X100000000000)
timeout now but the process is still running...
[ 2016-6-12 21:12:55]Process 10006 termed with signal 14(SIGALRM)
PT_F35-1_bit_flip-100 Test Num : 71
Inject into an exculetable program ../bin/ptrace/hello
There are 1 faults will be injected in faulttable...
step|misrosec = 100000, unit = m, position = PT_F35(48), type = 1_bit_flip(3)
126012 microseconds
Fault on PT_F35(0X0 -> 0X10000000000)
timeout now but the process is still running...
[ 2016-6-12 21:12:58]Process 10008 termed with signal 14(SIGALRM)
PT_F35-1_bit_flip-100 Test Num : 72
Inject into an exculetable program ../bin/ptrace/hello
There are 1 faults will be injected in faulttable...
step|misrosec = 100000, unit = m, position = PT_F35(48), type = 1_bit_flip(3)
126068 microseconds
Fault on PT_F35(0X0 -> 0X10000000000)
timeout now but the process is still running...
[  2016-6-12 21:13:1]Process 10010 termed with signal 14(SIGALRM)
PT_F35-1_bit_flip-100 Test Num : 73
Inject into an exculetable program ../bin/ptrace/hello
There are 1 faults will be injected in faulttable...
step|misrosec = 100000, unit = m, position = PT_F35(48), type = 1_bit_flip(3)
125932 microseconds
Fault on PT_F35(0X0 -> 0X10000000)
timeout now but the process is still running...
[  2016-6-12 21:13:4]Process 10012 termed with signal 14(SIGALRM)
PT_F35-1_bit_flip-100 Test Num : 74
Inject into an exculetable program ../bin/ptrace/hello
There are 1 faults will be injected in faulttable...
step|misrosec = 100000, unit = m, position = PT_F35(48), type = 1_bit_flip(3)
125882 microseconds
Fault on PT_F35(0X0 -> 0X8000000000000)
timeout now but the process is still running...
[  2016-6-12 21:13:8]Process 10014 termed with signal 14(SIGALRM)
PT_F35-1_bit_flip-100 Test Num : 75
Inject into an exculetable program ../bin/ptrace/hello
There are 1 faults will be injected in faulttable...
step|misrosec = 100000, unit = m, position = PT_F35(48), type = 1_bit_flip(3)
126495 microseconds
Fault on PT_F35(0X0 -> 0X8000000)
timeout now but the process is still running...
[ 2016-6-12 21:13:11]Process 10016 termed with signal 14(SIGALRM)
PT_F35-1_bit_flip-100 Test Num : 76
Inject into an exculetable program ../bin/ptrace/hello
There are 1 faults will be injected in faulttable...
step|misrosec = 100000, unit = m, position = PT_F35(48), type = 1_bit_flip(3)
125549 microseconds
Fault on PT_F35(0X0 -> 0X400)
timeout now but the process is still running...
[ 2016-6-12 21:13:14]Process 10018 termed with signal 14(SIGALRM)
PT_F35-1_bit_flip-100 Test Num : 77
Inject into an exculetable program ../bin/ptrace/hello
There are 1 faults will be injected in faulttable...
step|misrosec = 100000, unit = m, position = PT_F35(48), type = 1_bit_flip(3)
116050 microseconds
Fault on PT_F35(0X0 -> 0X2000)
timeout now but the process is still running...
[ 2016-6-12 21:13:17]Process 10020 termed with signal 14(SIGALRM)
PT_F35-1_bit_flip-100 Test Num : 78
Inject into an exculetable program ../bin/ptrace/hello
There are 1 faults will be injected in faulttable...
step|misrosec = 100000, unit = m, position = PT_F35(48), type = 1_bit_flip(3)
116025 microseconds
Fault on PT_F35(0X0 -> 0X200000000000)
timeout now but the process is still running...
[ 2016-6-12 21:13:20]Process 10022 termed with signal 14(SIGALRM)
PT_F35-1_bit_flip-100 Test Num : 79
Inject into an exculetable program ../bin/ptrace/hello
There are 1 faults will be injected in faulttable...
step|misrosec = 100000, unit = m, position = PT_F35(48), type = 1_bit_flip(3)
116069 microseconds
Fault on PT_F35(0X0 -> 0X100000000000000)
timeout now but the process is still running...
[ 2016-6-12 21:13:23]Process 10024 termed with signal 14(SIGALRM)
PT_F35-1_bit_flip-100 Test Num : 80
Inject into an exculetable program ../bin/ptrace/hello
There are 1 faults will be injected in faulttable...
step|misrosec = 100000, unit = m, position = PT_F35(48), type = 1_bit_flip(3)
126104 microseconds
Fault on PT_F35(0X0 -> 0X80000000000)
timeout now but the process is still running...
[ 2016-6-12 21:13:26]Process 10026 termed with signal 14(SIGALRM)
PT_F35-1_bit_flip-100 Test Num : 81
Inject into an exculetable program ../bin/ptrace/hello
There are 1 faults will be injected in faulttable...
step|misrosec = 100000, unit = m, position = PT_F35(48), type = 1_bit_flip(3)
126120 microseconds
Fault on PT_F35(0X0 -> 0X4000)
timeout now but the process is still running...
[ 2016-6-12 21:13:30]Process 10028 termed with signal 14(SIGALRM)
PT_F35-1_bit_flip-100 Test Num : 82
Inject into an exculetable program ../bin/ptrace/hello
There are 1 faults will be injected in faulttable...
step|misrosec = 100000, unit = m, position = PT_F35(48), type = 1_bit_flip(3)
115939 microseconds
Fault on PT_F35(0X0 -> 0X4)
timeout now but the process is still running...
[ 2016-6-12 21:13:33]Process 10030 termed with signal 14(SIGALRM)
PT_F35-1_bit_flip-100 Test Num : 83
Inject into an exculetable program ../bin/ptrace/hello
There are 1 faults will be injected in faulttable...
step|misrosec = 100000, unit = m, position = PT_F35(48), type = 1_bit_flip(3)
116107 microseconds
Fault on PT_F35(0X0 -> 0X800000000000)
timeout now but the process is still running...
[ 2016-6-12 21:13:36]Process 10032 termed with signal 14(SIGALRM)
PT_F35-1_bit_flip-100 Test Num : 84
Inject into an exculetable program ../bin/ptrace/hello
There are 1 faults will be injected in faulttable...
step|misrosec = 100000, unit = m, position = PT_F35(48), type = 1_bit_flip(3)
116033 microseconds
Fault on PT_F35(0X0 -> 0X400000000)
timeout now but the process is still running...
[ 2016-6-12 21:13:39]Process 10034 termed with signal 14(SIGALRM)
PT_F35-1_bit_flip-100 Test Num : 85
Inject into an exculetable program ../bin/ptrace/hello
There are 1 faults will be injected in faulttable...
step|misrosec = 100000, unit = m, position = PT_F35(48), type = 1_bit_flip(3)
116116 microseconds
Fault on PT_F35(0X0 -> 0X1)
timeout now but the process is still running...
[ 2016-6-12 21:13:42]Process 10036 termed with signal 14(SIGALRM)
PT_F35-1_bit_flip-100 Test Num : 86
Inject into an exculetable program ../bin/ptrace/hello
There are 1 faults will be injected in faulttable...
step|misrosec = 100000, unit = m, position = PT_F35(48), type = 1_bit_flip(3)
116172 microseconds
Fault on PT_F35(0X0 -> 0X80)
timeout now but the process is still running...
[ 2016-6-12 21:13:45]Process 10038 termed with signal 14(SIGALRM)
PT_F35-1_bit_flip-100 Test Num : 87
Inject into an exculetable program ../bin/ptrace/hello
There are 1 faults will be injected in faulttable...
step|misrosec = 100000, unit = m, position = PT_F35(48), type = 1_bit_flip(3)
116110 microseconds
Fault on PT_F35(0X0 -> 0X800000000000000)
timeout now but the process is still running...
[ 2016-6-12 21:13:48]Process 10040 termed with signal 14(SIGALRM)
PT_F35-1_bit_flip-100 Test Num : 88
Inject into an exculetable program ../bin/ptrace/hello
There are 1 faults will be injected in faulttable...
step|misrosec = 100000, unit = m, position = PT_F35(48), type = 1_bit_flip(3)
116174 microseconds
Fault on PT_F35(0X0 -> 0X2000000000)
timeout now but the process is still running...
[ 2016-6-12 21:13:52]Process 10042 termed with signal 14(SIGALRM)
PT_F35-1_bit_flip-100 Test Num : 89
Inject into an exculetable program ../bin/ptrace/hello
There are 1 faults will be injected in faulttable...
step|misrosec = 100000, unit = m, position = PT_F35(48), type = 1_bit_flip(3)
116194 microseconds
Fault on PT_F35(0X0 -> 0X800000)
timeout now but the process is still running...
[ 2016-6-12 21:13:55]Process 10044 termed with signal 14(SIGALRM)
PT_F35-1_bit_flip-100 Test Num : 90
Inject into an exculetable program ../bin/ptrace/hello
There are 1 faults will be injected in faulttable...
step|misrosec = 100000, unit = m, position = PT_F35(48), type = 1_bit_flip(3)
125961 microseconds
Fault on PT_F35(0X0 -> 0X100000000000)
timeout now but the process is still running...
[ 2016-6-12 21:13:58]Process 10046 termed with signal 14(SIGALRM)
PT_F35-1_bit_flip-100 Test Num : 91
Inject into an exculetable program ../bin/ptrace/hello
There are 1 faults will be injected in faulttable...
step|misrosec = 100000, unit = m, position = PT_F35(48), type = 1_bit_flip(3)
116106 microseconds
Fault on PT_F35(0X0 -> 0X200000000)
timeout now but the process is still running...
[  2016-6-12 21:14:1]Process 10048 termed with signal 14(SIGALRM)
PT_F35-1_bit_flip-100 Test Num : 92
Inject into an exculetable program ../bin/ptrace/hello
There are 1 faults will be injected in faulttable...
step|misrosec = 100000, unit = m, position = PT_F35(48), type = 1_bit_flip(3)
115931 microseconds
Fault on PT_F35(0X0 -> 0X4000000000)
timeout now but the process is still running...
[  2016-6-12 21:14:4]Process 10050 termed with signal 14(SIGALRM)
PT_F35-1_bit_flip-100 Test Num : 93
Inject into an exculetable program ../bin/ptrace/hello
There are 1 faults will be injected in faulttable...
step|misrosec = 100000, unit = m, position = PT_F35(48), type = 1_bit_flip(3)
126081 microseconds
Fault on PT_F35(0X0 -> 0X8)
timeout now but the process is still running...
[  2016-6-12 21:14:7]Process 10052 termed with signal 14(SIGALRM)
PT_F35-1_bit_flip-100 Test Num : 94
Inject into an exculetable program ../bin/ptrace/hello
There are 1 faults will be injected in faulttable...
step|misrosec = 100000, unit = m, position = PT_F35(48), type = 1_bit_flip(3)
126482 microseconds
Fault on PT_F35(0X0 -> 0X100000000)
timeout now but the process is still running...
[ 2016-6-12 21:14:10]Process 10054 termed with signal 14(SIGALRM)
PT_F35-1_bit_flip-100 Test Num : 95
Inject into an exculetable program ../bin/ptrace/hello
There are 1 faults will be injected in faulttable...
step|misrosec = 100000, unit = m, position = PT_F35(48), type = 1_bit_flip(3)
126045 microseconds
Fault on PT_F35(0X0 -> 0X40)
timeout now but the process is still running...
[ 2016-6-12 21:14:14]Process 10056 termed with signal 14(SIGALRM)
PT_F35-1_bit_flip-100 Test Num : 96
Inject into an exculetable program ../bin/ptrace/hello
There are 1 faults will be injected in faulttable...
step|misrosec = 100000, unit = m, position = PT_F35(48), type = 1_bit_flip(3)
125323 microseconds
Fault on PT_F35(0X0 -> 0X2000000000000)
timeout now but the process is still running...
[ 2016-6-12 21:14:17]Process 10058 termed with signal 14(SIGALRM)
PT_F35-1_bit_flip-100 Test Num : 97
Inject into an exculetable program ../bin/ptrace/hello
There are 1 faults will be injected in faulttable...
step|misrosec = 100000, unit = m, position = PT_F35(48), type = 1_bit_flip(3)
126028 microseconds
Fault on PT_F35(0X0 -> 0X200)
timeout now but the process is still running...
[ 2016-6-12 21:14:20]Process 10060 termed with signal 14(SIGALRM)
PT_F35-1_bit_flip-100 Test Num : 98
Inject into an exculetable program ../bin/ptrace/hello
There are 1 faults will be injected in faulttable...
step|misrosec = 100000, unit = m, position = PT_F35(48), type = 1_bit_flip(3)
126090 microseconds
Fault on PT_F35(0X0 -> 0X400000000000000)
timeout now but the process is still running...
[ 2016-6-12 21:14:23]Process 10062 termed with signal 14(SIGALRM)
PT_F35-1_bit_flip-100 Test Num : 99
Inject into an exculetable program ../bin/ptrace/hello
There are 1 faults will be injected in faulttable...
step|misrosec = 100000, unit = m, position = PT_F35(48), type = 1_bit_flip(3)
125952 microseconds
Fault on PT_F35(0X0 -> 0X200000)
timeout now but the process is still running...
[ 2016-6-12 21:14:26]Process 10064 termed with signal 14(SIGALRM)
PT_F35-1_bit_flip-100 Test Num : 100
Inject into an exculetable program ../bin/ptrace/hello
There are 1 faults will be injected in faulttable...
step|misrosec = 100000, unit = m, position = PT_F35(48), type = 1_bit_flip(3)
116032 microseconds
Fault on PT_F35(0X0 -> 0X10000000000)
timeout now but the process is still running...
[ 2016-6-12 21:14:29]Process 10066 termed with signal 14(SIGALRM)
