PT_F40-8_low_0-150 Test Num : 1
Inject into ../bin/hello
----- Type : 8_low_0 Pos : PT_F40 -----
There are 1 faults will be injected in faulttable...
101037 microseconds
Fault on PT_F40(0X7fc464b45ee0 -> 0X7fc464b45e00)
22 microseconds
[2016-10-27 11:15:24]Process 10010 termed with signal 11(SIGSEGV)
PT_F40-8_low_0-150 Test Num : 2
Inject into ../bin/hello
----- Type : 8_low_0 Pos : PT_F40 -----
There are 1 faults will be injected in faulttable...
101287 microseconds
Fault on PT_F40(0X7fb228170ee0 -> 0X7fb228170e00)
17 microseconds
[2016-10-27 11:15:24]Process 10012 termed with signal 11(SIGSEGV)
PT_F40-8_low_0-150 Test Num : 3
Inject into ../bin/hello
----- Type : 8_low_0 Pos : PT_F40 -----
There are 1 faults will be injected in faulttable...
101757 microseconds
Fault on PT_F40(0X7f34b8ab5ee0 -> 0X7f34b8ab5e00)
21 microseconds
[2016-10-27 11:15:24]Process 10014 termed with signal 11(SIGSEGV)
PT_F40-8_low_0-150 Test Num : 4
Inject into ../bin/hello
----- Type : 8_low_0 Pos : PT_F40 -----
There are 1 faults will be injected in faulttable...
101203 microseconds
Fault on PT_F40(0X7f89ebbacee0 -> 0X7f89ebbace00)
15 microseconds
[2016-10-27 11:15:24]Process 10016 termed with signal 11(SIGSEGV)
PT_F40-8_low_0-150 Test Num : 5
Inject into ../bin/hello
----- Type : 8_low_0 Pos : PT_F40 -----
There are 1 faults will be injected in faulttable...
101420 microseconds
Fault on PT_F40(0X7fbdad5f8ee0 -> 0X7fbdad5f8e00)
20 microseconds
[2016-10-27 11:15:25]Process 10018 termed with signal 11(SIGSEGV)
PT_F40-8_low_0-150 Test Num : 6
Inject into ../bin/hello
----- Type : 8_low_0 Pos : PT_F40 -----
There are 1 faults will be injected in faulttable...
101380 microseconds
Fault on PT_F40(0X7f25e8edeee0 -> 0X7f25e8edee00)
20 microseconds
[2016-10-27 11:15:25]Process 10020 termed with signal 11(SIGSEGV)
PT_F40-8_low_0-150 Test Num : 7
Inject into ../bin/hello
----- Type : 8_low_0 Pos : PT_F40 -----
There are 1 faults will be injected in faulttable...
101247 microseconds
Fault on PT_F40(0X7fa12067cee0 -> 0X7fa12067ce00)
18 microseconds
[2016-10-27 11:15:25]Process 10022 termed with signal 11(SIGSEGV)
PT_F40-8_low_0-150 Test Num : 8
Inject into ../bin/hello
----- Type : 8_low_0 Pos : PT_F40 -----
There are 1 faults will be injected in faulttable...
101325 microseconds
Fault on PT_F40(0X7f33ee09aee0 -> 0X7f33ee09ae00)
13 microseconds
[2016-10-27 11:15:25]Process 10024 termed with signal 11(SIGSEGV)
PT_F40-8_low_0-150 Test Num : 9
Inject into ../bin/hello
----- Type : 8_low_0 Pos : PT_F40 -----
There are 1 faults will be injected in faulttable...
101129 microseconds
Fault on PT_F40(0X7f0d2662fee0 -> 0X7f0d2662fe00)
24 microseconds
[2016-10-27 11:15:25]Process 10026 termed with signal 11(SIGSEGV)
PT_F40-8_low_0-150 Test Num : 10
Inject into ../bin/hello
----- Type : 8_low_0 Pos : PT_F40 -----
There are 1 faults will be injected in faulttable...
101091 microseconds
Fault on PT_F40(0X7f8a99732ee0 -> 0X7f8a99732e00)
17 microseconds
[2016-10-27 11:15:25]Process 10028 termed with signal 11(SIGSEGV)
PT_F40-8_low_0-150 Test Num : 11
Inject into ../bin/hello
----- Type : 8_low_0 Pos : PT_F40 -----
There are 1 faults will be injected in faulttable...
101061 microseconds
Fault on PT_F40(0X7fe298b11ee0 -> 0X7fe298b11e00)
20 microseconds
[2016-10-27 11:15:25]Process 10030 termed with signal 11(SIGSEGV)
PT_F40-8_low_0-150 Test Num : 12
Inject into ../bin/hello
----- Type : 8_low_0 Pos : PT_F40 -----
There are 1 faults will be injected in faulttable...
100258 microseconds
Fault on PT_F40(0X7fc485e45ee0 -> 0X7fc485e45e00)
18 microseconds
[2016-10-27 11:15:25]Process 10032 termed with signal 11(SIGSEGV)
PT_F40-8_low_0-150 Test Num : 13
Inject into ../bin/hello
----- Type : 8_low_0 Pos : PT_F40 -----
There are 1 faults will be injected in faulttable...
101089 microseconds
Fault on PT_F40(0X7f370bcb6ee0 -> 0X7f370bcb6e00)
16 microseconds
[2016-10-27 11:15:25]Process 10034 termed with signal 11(SIGSEGV)
PT_F40-8_low_0-150 Test Num : 14
Inject into ../bin/hello
----- Type : 8_low_0 Pos : PT_F40 -----
There are 1 faults will be injected in faulttable...
100072 microseconds
Fault on PT_F40(0X7f9113f8cee0 -> 0X7f9113f8ce00)
14 microseconds
[2016-10-27 11:15:26]Process 10036 termed with signal 11(SIGSEGV)
PT_F40-8_low_0-150 Test Num : 15
Inject into ../bin/hello
----- Type : 8_low_0 Pos : PT_F40 -----
There are 1 faults will be injected in faulttable...
101054 microseconds
Fault on PT_F40(0X7fc8d3115ee0 -> 0X7fc8d3115e00)
22 microseconds
[2016-10-27 11:15:26]Process 10038 termed with signal 11(SIGSEGV)
PT_F40-8_low_0-150 Test Num : 16
Inject into ../bin/hello
----- Type : 8_low_0 Pos : PT_F40 -----
There are 1 faults will be injected in faulttable...
101090 microseconds
Fault on PT_F40(0X7f05cae66ee0 -> 0X7f05cae66e00)
15 microseconds
[2016-10-27 11:15:26]Process 10040 termed with signal 11(SIGSEGV)
PT_F40-8_low_0-150 Test Num : 17
Inject into ../bin/hello
----- Type : 8_low_0 Pos : PT_F40 -----
There are 1 faults will be injected in faulttable...
101137 microseconds
Fault on PT_F40(0X7f8c2b7f8ee0 -> 0X7f8c2b7f8e00)
20 microseconds
[2016-10-27 11:15:26]Process 10042 termed with signal 11(SIGSEGV)
PT_F40-8_low_0-150 Test Num : 18
Inject into ../bin/hello
----- Type : 8_low_0 Pos : PT_F40 -----
There are 1 faults will be injected in faulttable...
100224 microseconds
Fault on PT_F40(0X7f3a553c6ee0 -> 0X7f3a553c6e00)
15 microseconds
[2016-10-27 11:15:26]Process 10044 termed with signal 11(SIGSEGV)
PT_F40-8_low_0-150 Test Num : 19
Inject into ../bin/hello
----- Type : 8_low_0 Pos : PT_F40 -----
There are 1 faults will be injected in faulttable...
101246 microseconds
Fault on PT_F40(0X7f8b1a909ee0 -> 0X7f8b1a909e00)
14 microseconds
[2016-10-27 11:15:26]Process 10046 termed with signal 11(SIGSEGV)
PT_F40-8_low_0-150 Test Num : 20
Inject into ../bin/hello
----- Type : 8_low_0 Pos : PT_F40 -----
There are 1 faults will be injected in faulttable...
101076 microseconds
Fault on PT_F40(0X7fc301efeee0 -> 0X7fc301efee00)
19 microseconds
[2016-10-27 11:15:26]Process 10048 termed with signal 11(SIGSEGV)
PT_F40-8_low_0-150 Test Num : 21
Inject into ../bin/hello
----- Type : 8_low_0 Pos : PT_F40 -----
There are 1 faults will be injected in faulttable...
101186 microseconds
Fault on PT_F40(0X7fdfe5e0bee0 -> 0X7fdfe5e0be00)
37 microseconds
[2016-10-27 11:15:26]Process 10050 termed with signal 11(SIGSEGV)
PT_F40-8_low_0-150 Test Num : 22
Inject into ../bin/hello
----- Type : 8_low_0 Pos : PT_F40 -----
There are 1 faults will be injected in faulttable...
101013 microseconds
Fault on PT_F40(0X7f0080bacee0 -> 0X7f0080bace00)
15 microseconds
[2016-10-27 11:15:26]Process 10052 termed with signal 11(SIGSEGV)
PT_F40-8_low_0-150 Test Num : 23
Inject into ../bin/hello
----- Type : 8_low_0 Pos : PT_F40 -----
There are 1 faults will be injected in faulttable...
101178 microseconds
Fault on PT_F40(0X7f6573270ee0 -> 0X7f6573270e00)
18 microseconds
[2016-10-27 11:15:26]Process 10054 termed with signal 11(SIGSEGV)
PT_F40-8_low_0-150 Test Num : 24
Inject into ../bin/hello
----- Type : 8_low_0 Pos : PT_F40 -----
There are 1 faults will be injected in faulttable...
101052 microseconds
Fault on PT_F40(0X7ff92c4bbee0 -> 0X7ff92c4bbe00)
15 microseconds
[2016-10-27 11:15:27]Process 10056 termed with signal 11(SIGSEGV)
PT_F40-8_low_0-150 Test Num : 25
Inject into ../bin/hello
----- Type : 8_low_0 Pos : PT_F40 -----
There are 1 faults will be injected in faulttable...
100064 microseconds
Fault on PT_F40(0X7f33fa0b7ee0 -> 0X7f33fa0b7e00)
22 microseconds
[2016-10-27 11:15:27]Process 10058 termed with signal 11(SIGSEGV)
PT_F40-8_low_0-150 Test Num : 26
Inject into ../bin/hello
----- Type : 8_low_0 Pos : PT_F40 -----
There are 1 faults will be injected in faulttable...
101463 microseconds
Fault on PT_F40(0X7f7fa4b23ee0 -> 0X7f7fa4b23e00)
22 microseconds
[2016-10-27 11:15:27]Process 10060 termed with signal 11(SIGSEGV)
PT_F40-8_low_0-150 Test Num : 27
Inject into ../bin/hello
----- Type : 8_low_0 Pos : PT_F40 -----
There are 1 faults will be injected in faulttable...
101063 microseconds
Fault on PT_F40(0X7fe862147ee0 -> 0X7fe862147e00)
19 microseconds
[2016-10-27 11:15:27]Process 10062 termed with signal 11(SIGSEGV)
PT_F40-8_low_0-150 Test Num : 28
Inject into ../bin/hello
----- Type : 8_low_0 Pos : PT_F40 -----
There are 1 faults will be injected in faulttable...
101074 microseconds
Fault on PT_F40(0X7faa8b33dee0 -> 0X7faa8b33de00)
20 microseconds
[2016-10-27 11:15:27]Process 10064 termed with signal 11(SIGSEGV)
PT_F40-8_low_0-150 Test Num : 29
Inject into ../bin/hello
----- Type : 8_low_0 Pos : PT_F40 -----
There are 1 faults will be injected in faulttable...
101328 microseconds
Fault on PT_F40(0X7fe5db876ee0 -> 0X7fe5db876e00)
13 microseconds
[2016-10-27 11:15:27]Process 10066 termed with signal 11(SIGSEGV)
PT_F40-8_low_0-150 Test Num : 30
Inject into ../bin/hello
----- Type : 8_low_0 Pos : PT_F40 -----
There are 1 faults will be injected in faulttable...
100099 microseconds
Fault on PT_F40(0X7f12738c1ee0 -> 0X7f12738c1e00)
25 microseconds
[2016-10-27 11:15:27]Process 10068 termed with signal 11(SIGSEGV)
PT_F40-8_low_0-150 Test Num : 31
Inject into ../bin/hello
----- Type : 8_low_0 Pos : PT_F40 -----
There are 1 faults will be injected in faulttable...
101240 microseconds
Fault on PT_F40(0X7f6647446ee0 -> 0X7f6647446e00)
19 microseconds
[2016-10-27 11:15:27]Process 10070 termed with signal 11(SIGSEGV)
PT_F40-8_low_0-150 Test Num : 32
Inject into ../bin/hello
----- Type : 8_low_0 Pos : PT_F40 -----
There are 1 faults will be injected in faulttable...
101278 microseconds
Fault on PT_F40(0X7f09dae4eee0 -> 0X7f09dae4ee00)
16 microseconds
[2016-10-27 11:15:27]Process 10072 termed with signal 11(SIGSEGV)
PT_F40-8_low_0-150 Test Num : 33
Inject into ../bin/hello
----- Type : 8_low_0 Pos : PT_F40 -----
There are 1 faults will be injected in faulttable...
101204 microseconds
Fault on PT_F40(0X7f83eb467ee0 -> 0X7f83eb467e00)
20 microseconds
[2016-10-27 11:15:28]Process 10074 termed with signal 11(SIGSEGV)
PT_F40-8_low_0-150 Test Num : 34
Inject into ../bin/hello
----- Type : 8_low_0 Pos : PT_F40 -----
There are 1 faults will be injected in faulttable...
101233 microseconds
Fault on PT_F40(0X7fc580a7bee0 -> 0X7fc580a7be00)
14 microseconds
[2016-10-27 11:15:28]Process 10076 termed with signal 11(SIGSEGV)
PT_F40-8_low_0-150 Test Num : 35
Inject into ../bin/hello
----- Type : 8_low_0 Pos : PT_F40 -----
There are 1 faults will be injected in faulttable...
101053 microseconds
Fault on PT_F40(0X7f286fb57ee0 -> 0X7f286fb57e00)
22 microseconds
[2016-10-27 11:15:28]Process 10078 termed with signal 11(SIGSEGV)
PT_F40-8_low_0-150 Test Num : 36
Inject into ../bin/hello
----- Type : 8_low_0 Pos : PT_F40 -----
There are 1 faults will be injected in faulttable...
100117 microseconds
Fault on PT_F40(0X7f79c32bcee0 -> 0X7f79c32bce00)
21 microseconds
[2016-10-27 11:15:28]Process 10080 termed with signal 11(SIGSEGV)
PT_F40-8_low_0-150 Test Num : 37
Inject into ../bin/hello
----- Type : 8_low_0 Pos : PT_F40 -----
There are 1 faults will be injected in faulttable...
101181 microseconds
Fault on PT_F40(0X7f8bb8cbaee0 -> 0X7f8bb8cbae00)
18 microseconds
[2016-10-27 11:15:28]Process 10082 termed with signal 11(SIGSEGV)
PT_F40-8_low_0-150 Test Num : 38
Inject into ../bin/hello
----- Type : 8_low_0 Pos : PT_F40 -----
There are 1 faults will be injected in faulttable...
101482 microseconds
Fault on PT_F40(0X7f3f610c2ee0 -> 0X7f3f610c2e00)
21 microseconds
[2016-10-27 11:15:28]Process 10084 termed with signal 11(SIGSEGV)
PT_F40-8_low_0-150 Test Num : 39
Inject into ../bin/hello
----- Type : 8_low_0 Pos : PT_F40 -----
There are 1 faults will be injected in faulttable...
101955 microseconds
Fault on PT_F40(0X7fc4f3dfaee0 -> 0X7fc4f3dfae00)
15 microseconds
[2016-10-27 11:15:28]Process 10086 termed with signal 11(SIGSEGV)
PT_F40-8_low_0-150 Test Num : 40
Inject into ../bin/hello
----- Type : 8_low_0 Pos : PT_F40 -----
There are 1 faults will be injected in faulttable...
101118 microseconds
Fault on PT_F40(0X7f79df856ee0 -> 0X7f79df856e00)
17 microseconds
[2016-10-27 11:15:28]Process 10088 termed with signal 11(SIGSEGV)
PT_F40-8_low_0-150 Test Num : 41
Inject into ../bin/hello
----- Type : 8_low_0 Pos : PT_F40 -----
There are 1 faults will be injected in faulttable...
101192 microseconds
Fault on PT_F40(0X7f2c0b461ee0 -> 0X7f2c0b461e00)
18 microseconds
[2016-10-27 11:15:28]Process 10090 termed with signal 11(SIGSEGV)
PT_F40-8_low_0-150 Test Num : 42
Inject into ../bin/hello
----- Type : 8_low_0 Pos : PT_F40 -----
There are 1 faults will be injected in faulttable...
101123 microseconds
Fault on PT_F40(0X7f70f6669ee0 -> 0X7f70f6669e00)
16 microseconds
[2016-10-27 11:15:29]Process 10092 termed with signal 11(SIGSEGV)
PT_F40-8_low_0-150 Test Num : 43
Inject into ../bin/hello
----- Type : 8_low_0 Pos : PT_F40 -----
There are 1 faults will be injected in faulttable...
101067 microseconds
Fault on PT_F40(0X7f4cc0792ee0 -> 0X7f4cc0792e00)
17 microseconds
[2016-10-27 11:15:29]Process 10094 termed with signal 11(SIGSEGV)
PT_F40-8_low_0-150 Test Num : 44
Inject into ../bin/hello
----- Type : 8_low_0 Pos : PT_F40 -----
There are 1 faults will be injected in faulttable...
101455 microseconds
Fault on PT_F40(0X7fb3ab739ee0 -> 0X7fb3ab739e00)
23 microseconds
[2016-10-27 11:15:29]Process 10096 termed with signal 11(SIGSEGV)
PT_F40-8_low_0-150 Test Num : 45
Inject into ../bin/hello
----- Type : 8_low_0 Pos : PT_F40 -----
There are 1 faults will be injected in faulttable...
101438 microseconds
Fault on PT_F40(0X7f3c243e4ee0 -> 0X7f3c243e4e00)
21 microseconds
[2016-10-27 11:15:29]Process 10098 termed with signal 11(SIGSEGV)
PT_F40-8_low_0-150 Test Num : 46
Inject into ../bin/hello
----- Type : 8_low_0 Pos : PT_F40 -----
There are 1 faults will be injected in faulttable...
101365 microseconds
Fault on PT_F40(0X7fc48029eee0 -> 0X7fc48029ee00)
20 microseconds
[2016-10-27 11:15:29]Process 10100 termed with signal 11(SIGSEGV)
PT_F40-8_low_0-150 Test Num : 47
Inject into ../bin/hello
----- Type : 8_low_0 Pos : PT_F40 -----
There are 1 faults will be injected in faulttable...
101327 microseconds
Fault on PT_F40(0X7f0f61627ee0 -> 0X7f0f61627e00)
15 microseconds
[2016-10-27 11:15:29]Process 10102 termed with signal 11(SIGSEGV)
PT_F40-8_low_0-150 Test Num : 48
Inject into ../bin/hello
----- Type : 8_low_0 Pos : PT_F40 -----
There are 1 faults will be injected in faulttable...
101140 microseconds
Fault on PT_F40(0X7f5dbb76cee0 -> 0X7f5dbb76ce00)
17 microseconds
[2016-10-27 11:15:29]Process 10104 termed with signal 11(SIGSEGV)
PT_F40-8_low_0-150 Test Num : 49
Inject into ../bin/hello
----- Type : 8_low_0 Pos : PT_F40 -----
There are 1 faults will be injected in faulttable...
101088 microseconds
Fault on PT_F40(0X7fc6e88d6ee0 -> 0X7fc6e88d6e00)
13 microseconds
[2016-10-27 11:15:29]Process 10106 termed with signal 11(SIGSEGV)
PT_F40-8_low_0-150 Test Num : 50
Inject into ../bin/hello
----- Type : 8_low_0 Pos : PT_F40 -----
There are 1 faults will be injected in faulttable...
101010 microseconds
Fault on PT_F40(0X7fc2b5c50ee0 -> 0X7fc2b5c50e00)
14 microseconds
[2016-10-27 11:15:29]Process 10108 termed with signal 11(SIGSEGV)
PT_F40-8_low_0-150 Test Num : 51
Inject into ../bin/hello
----- Type : 8_low_0 Pos : PT_F40 -----
There are 1 faults will be injected in faulttable...
100975 microseconds
Fault on PT_F40(0X7f66eb773ee0 -> 0X7f66eb773e00)
20 microseconds
[2016-10-27 11:15:30]Process 10110 termed with signal 11(SIGSEGV)
PT_F40-8_low_0-150 Test Num : 52
Inject into ../bin/hello
----- Type : 8_low_0 Pos : PT_F40 -----
There are 1 faults will be injected in faulttable...
101201 microseconds
Fault on PT_F40(0X7f171a4acee0 -> 0X7f171a4ace00)
20 microseconds
[2016-10-27 11:15:30]Process 10112 termed with signal 11(SIGSEGV)
PT_F40-8_low_0-150 Test Num : 53
Inject into ../bin/hello
----- Type : 8_low_0 Pos : PT_F40 -----
There are 1 faults will be injected in faulttable...
101497 microseconds
Fault on PT_F40(0X7f3a1ccf3ee0 -> 0X7f3a1ccf3e00)
20 microseconds
[2016-10-27 11:15:30]Process 10114 termed with signal 11(SIGSEGV)
PT_F40-8_low_0-150 Test Num : 54
Inject into ../bin/hello
----- Type : 8_low_0 Pos : PT_F40 -----
There are 1 faults will be injected in faulttable...
101567 microseconds
Fault on PT_F40(0X7fe3d7970ee0 -> 0X7fe3d7970e00)
21 microseconds
[2016-10-27 11:15:30]Process 10116 termed with signal 11(SIGSEGV)
PT_F40-8_low_0-150 Test Num : 55
Inject into ../bin/hello
----- Type : 8_low_0 Pos : PT_F40 -----
There are 1 faults will be injected in faulttable...
101378 microseconds
Fault on PT_F40(0X7f98f446aee0 -> 0X7f98f446ae00)
18 microseconds
[2016-10-27 11:15:30]Process 10118 termed with signal 11(SIGSEGV)
PT_F40-8_low_0-150 Test Num : 56
Inject into ../bin/hello
----- Type : 8_low_0 Pos : PT_F40 -----
There are 1 faults will be injected in faulttable...
101116 microseconds
Fault on PT_F40(0X7f6075acdee0 -> 0X7f6075acde00)
19 microseconds
[2016-10-27 11:15:30]Process 10120 termed with signal 11(SIGSEGV)
PT_F40-8_low_0-150 Test Num : 57
Inject into ../bin/hello
----- Type : 8_low_0 Pos : PT_F40 -----
There are 1 faults will be injected in faulttable...
100105 microseconds
Fault on PT_F40(0X7f48b985cee0 -> 0X7f48b985ce00)
13 microseconds
[2016-10-27 11:15:30]Process 10122 termed with signal 11(SIGSEGV)
PT_F40-8_low_0-150 Test Num : 58
Inject into ../bin/hello
----- Type : 8_low_0 Pos : PT_F40 -----
There are 1 faults will be injected in faulttable...
101091 microseconds
Fault on PT_F40(0X7fe54bc02ee0 -> 0X7fe54bc02e00)
21 microseconds
[2016-10-27 11:15:30]Process 10124 termed with signal 11(SIGSEGV)
PT_F40-8_low_0-150 Test Num : 59
Inject into ../bin/hello
----- Type : 8_low_0 Pos : PT_F40 -----
There are 1 faults will be injected in faulttable...
101290 microseconds
Fault on PT_F40(0X7f7c46bb7ee0 -> 0X7f7c46bb7e00)
21 microseconds
[2016-10-27 11:15:30]Process 10126 termed with signal 11(SIGSEGV)
PT_F40-8_low_0-150 Test Num : 60
Inject into ../bin/hello
----- Type : 8_low_0 Pos : PT_F40 -----
There are 1 faults will be injected in faulttable...
101038 microseconds
Fault on PT_F40(0X7fe492a3bee0 -> 0X7fe492a3be00)
16 microseconds
[2016-10-27 11:15:31]Process 10128 termed with signal 11(SIGSEGV)
PT_F40-8_low_0-150 Test Num : 61
Inject into ../bin/hello
----- Type : 8_low_0 Pos : PT_F40 -----
There are 1 faults will be injected in faulttable...
101458 microseconds
Fault on PT_F40(0X7f6be543eee0 -> 0X7f6be543ee00)
17 microseconds
[2016-10-27 11:15:31]Process 10130 termed with signal 11(SIGSEGV)
PT_F40-8_low_0-150 Test Num : 62
Inject into ../bin/hello
----- Type : 8_low_0 Pos : PT_F40 -----
There are 1 faults will be injected in faulttable...
101076 microseconds
Fault on PT_F40(0X7f293b216ee0 -> 0X7f293b216e00)
12 microseconds
[2016-10-27 11:15:31]Process 10132 termed with signal 11(SIGSEGV)
PT_F40-8_low_0-150 Test Num : 63
Inject into ../bin/hello
----- Type : 8_low_0 Pos : PT_F40 -----
There are 1 faults will be injected in faulttable...
101557 microseconds
Fault on PT_F40(0X7f5697bd4ee0 -> 0X7f5697bd4e00)
14 microseconds
[2016-10-27 11:15:31]Process 10134 termed with signal 11(SIGSEGV)
PT_F40-8_low_0-150 Test Num : 64
Inject into ../bin/hello
----- Type : 8_low_0 Pos : PT_F40 -----
There are 1 faults will be injected in faulttable...
101031 microseconds
Fault on PT_F40(0X7fa498aa5ee0 -> 0X7fa498aa5e00)
12 microseconds
[2016-10-27 11:15:31]Process 10136 termed with signal 11(SIGSEGV)
PT_F40-8_low_0-150 Test Num : 65
Inject into ../bin/hello
----- Type : 8_low_0 Pos : PT_F40 -----
There are 1 faults will be injected in faulttable...
101099 microseconds
Fault on PT_F40(0X7ff136898ee0 -> 0X7ff136898e00)
39 microseconds
[2016-10-27 11:15:31]Process 10138 termed with signal 11(SIGSEGV)
PT_F40-8_low_0-150 Test Num : 66
Inject into ../bin/hello
----- Type : 8_low_0 Pos : PT_F40 -----
There are 1 faults will be injected in faulttable...
101297 microseconds
Fault on PT_F40(0X7f17c2f21ee0 -> 0X7f17c2f21e00)
14 microseconds
[2016-10-27 11:15:31]Process 10140 termed with signal 11(SIGSEGV)
PT_F40-8_low_0-150 Test Num : 67
Inject into ../bin/hello
----- Type : 8_low_0 Pos : PT_F40 -----
There are 1 faults will be injected in faulttable...
100078 microseconds
Fault on PT_F40(0X7f0ebe7cfee0 -> 0X7f0ebe7cfe00)
12 microseconds
[2016-10-27 11:15:31]Process 10142 termed with signal 11(SIGSEGV)
PT_F40-8_low_0-150 Test Num : 68
Inject into ../bin/hello
----- Type : 8_low_0 Pos : PT_F40 -----
There are 1 faults will be injected in faulttable...
101095 microseconds
Fault on PT_F40(0X7f4b14180ee0 -> 0X7f4b14180e00)
14 microseconds
[2016-10-27 11:15:31]Process 10144 termed with signal 11(SIGSEGV)
PT_F40-8_low_0-150 Test Num : 69
Inject into ../bin/hello
----- Type : 8_low_0 Pos : PT_F40 -----
There are 1 faults will be injected in faulttable...
100936 microseconds
Fault on PT_F40(0X7fa5b412bee0 -> 0X7fa5b412be00)
17 microseconds
[2016-10-27 11:15:32]Process 10146 termed with signal 11(SIGSEGV)
PT_F40-8_low_0-150 Test Num : 70
Inject into ../bin/hello
----- Type : 8_low_0 Pos : PT_F40 -----
There are 1 faults will be injected in faulttable...
101026 microseconds
Fault on PT_F40(0X7f6e2596bee0 -> 0X7f6e2596be00)
25 microseconds
[2016-10-27 11:15:32]Process 10148 termed with signal 11(SIGSEGV)
PT_F40-8_low_0-150 Test Num : 71
Inject into ../bin/hello
----- Type : 8_low_0 Pos : PT_F40 -----
There are 1 faults will be injected in faulttable...
100995 microseconds
Fault on PT_F40(0X7f74fafcdee0 -> 0X7f74fafcde00)
22 microseconds
[2016-10-27 11:15:32]Process 10150 termed with signal 11(SIGSEGV)
PT_F40-8_low_0-150 Test Num : 72
Inject into ../bin/hello
----- Type : 8_low_0 Pos : PT_F40 -----
There are 1 faults will be injected in faulttable...
101121 microseconds
Fault on PT_F40(0X7f865476fee0 -> 0X7f865476fe00)
12 microseconds
[2016-10-27 11:15:32]Process 10152 termed with signal 11(SIGSEGV)
PT_F40-8_low_0-150 Test Num : 73
Inject into ../bin/hello
----- Type : 8_low_0 Pos : PT_F40 -----
There are 1 faults will be injected in faulttable...
100148 microseconds
Fault on PT_F40(0X7fe58847dee0 -> 0X7fe58847de00)
22 microseconds
[2016-10-27 11:15:32]Process 10154 termed with signal 11(SIGSEGV)
PT_F40-8_low_0-150 Test Num : 74
Inject into ../bin/hello
----- Type : 8_low_0 Pos : PT_F40 -----
There are 1 faults will be injected in faulttable...
101521 microseconds
Fault on PT_F40(0X7f3318174ee0 -> 0X7f3318174e00)
17 microseconds
[2016-10-27 11:15:32]Process 10156 termed with signal 11(SIGSEGV)
PT_F40-8_low_0-150 Test Num : 75
Inject into ../bin/hello
----- Type : 8_low_0 Pos : PT_F40 -----
There are 1 faults will be injected in faulttable...
101051 microseconds
Fault on PT_F40(0X7f8b2e00dee0 -> 0X7f8b2e00de00)
18 microseconds
[2016-10-27 11:15:32]Process 10158 termed with signal 11(SIGSEGV)
PT_F40-8_low_0-150 Test Num : 76
Inject into ../bin/hello
----- Type : 8_low_0 Pos : PT_F40 -----
There are 1 faults will be injected in faulttable...
100925 microseconds
Fault on PT_F40(0X7f796af2bee0 -> 0X7f796af2be00)
22 microseconds
[2016-10-27 11:15:32]Process 10160 termed with signal 11(SIGSEGV)
PT_F40-8_low_0-150 Test Num : 77
Inject into ../bin/hello
----- Type : 8_low_0 Pos : PT_F40 -----
There are 1 faults will be injected in faulttable...
101281 microseconds
Fault on PT_F40(0X7facf6377ee0 -> 0X7facf6377e00)
22 microseconds
[2016-10-27 11:15:32]Process 10162 termed with signal 11(SIGSEGV)
PT_F40-8_low_0-150 Test Num : 78
Inject into ../bin/hello
----- Type : 8_low_0 Pos : PT_F40 -----
There are 1 faults will be injected in faulttable...
101066 microseconds
Fault on PT_F40(0X7f6b3abe1ee0 -> 0X7f6b3abe1e00)
13 microseconds
[2016-10-27 11:15:33]Process 10164 termed with signal 11(SIGSEGV)
PT_F40-8_low_0-150 Test Num : 79
Inject into ../bin/hello
----- Type : 8_low_0 Pos : PT_F40 -----
There are 1 faults will be injected in faulttable...
101179 microseconds
Fault on PT_F40(0X7fbbb9643ee0 -> 0X7fbbb9643e00)
21 microseconds
[2016-10-27 11:15:33]Process 10166 termed with signal 11(SIGSEGV)
PT_F40-8_low_0-150 Test Num : 80
Inject into ../bin/hello
----- Type : 8_low_0 Pos : PT_F40 -----
There are 1 faults will be injected in faulttable...
100929 microseconds
Fault on PT_F40(0X7f87e905aee0 -> 0X7f87e905ae00)
18 microseconds
[2016-10-27 11:15:33]Process 10168 termed with signal 11(SIGSEGV)
PT_F40-8_low_0-150 Test Num : 81
Inject into ../bin/hello
----- Type : 8_low_0 Pos : PT_F40 -----
There are 1 faults will be injected in faulttable...
101056 microseconds
Fault on PT_F40(0X7ff377deaee0 -> 0X7ff377deae00)
14 microseconds
[2016-10-27 11:15:33]Process 10170 termed with signal 11(SIGSEGV)
PT_F40-8_low_0-150 Test Num : 82
Inject into ../bin/hello
----- Type : 8_low_0 Pos : PT_F40 -----
There are 1 faults will be injected in faulttable...
100145 microseconds
Fault on PT_F40(0X7efd364b6ee0 -> 0X7efd364b6e00)
20 microseconds
[2016-10-27 11:15:33]Process 10172 termed with signal 11(SIGSEGV)
PT_F40-8_low_0-150 Test Num : 83
Inject into ../bin/hello
----- Type : 8_low_0 Pos : PT_F40 -----
There are 1 faults will be injected in faulttable...
101144 microseconds
Fault on PT_F40(0X7fd930676ee0 -> 0X7fd930676e00)
22 microseconds
[2016-10-27 11:15:33]Process 10174 termed with signal 11(SIGSEGV)
PT_F40-8_low_0-150 Test Num : 84
Inject into ../bin/hello
----- Type : 8_low_0 Pos : PT_F40 -----
There are 1 faults will be injected in faulttable...
100086 microseconds
Fault on PT_F40(0X7f81fa738ee0 -> 0X7f81fa738e00)
17 microseconds
[2016-10-27 11:15:33]Process 10176 termed with signal 11(SIGSEGV)
PT_F40-8_low_0-150 Test Num : 85
Inject into ../bin/hello
----- Type : 8_low_0 Pos : PT_F40 -----
There are 1 faults will be injected in faulttable...
101252 microseconds
Fault on PT_F40(0X7f43026feee0 -> 0X7f43026fee00)
17 microseconds
[2016-10-27 11:15:33]Process 10178 termed with signal 11(SIGSEGV)
PT_F40-8_low_0-150 Test Num : 86
Inject into ../bin/hello
----- Type : 8_low_0 Pos : PT_F40 -----
There are 1 faults will be injected in faulttable...
100977 microseconds
Fault on PT_F40(0X7f991bbfaee0 -> 0X7f991bbfae00)
16 microseconds
[2016-10-27 11:15:33]Process 10180 termed with signal 11(SIGSEGV)
PT_F40-8_low_0-150 Test Num : 87
Inject into ../bin/hello
----- Type : 8_low_0 Pos : PT_F40 -----
There are 1 faults will be injected in faulttable...
101031 microseconds
Fault on PT_F40(0X7fcd98188ee0 -> 0X7fcd98188e00)
22 microseconds
[2016-10-27 11:15:34]Process 10182 termed with signal 11(SIGSEGV)
PT_F40-8_low_0-150 Test Num : 88
Inject into ../bin/hello
----- Type : 8_low_0 Pos : PT_F40 -----
There are 1 faults will be injected in faulttable...
101274 microseconds
Fault on PT_F40(0X7faa252e7ee0 -> 0X7faa252e7e00)
15 microseconds
[2016-10-27 11:15:34]Process 10184 termed with signal 11(SIGSEGV)
PT_F40-8_low_0-150 Test Num : 89
Inject into ../bin/hello
----- Type : 8_low_0 Pos : PT_F40 -----
There are 1 faults will be injected in faulttable...
101144 microseconds
Fault on PT_F40(0X7f755e299ee0 -> 0X7f755e299e00)
20 microseconds
[2016-10-27 11:15:34]Process 10186 termed with signal 11(SIGSEGV)
PT_F40-8_low_0-150 Test Num : 90
Inject into ../bin/hello
----- Type : 8_low_0 Pos : PT_F40 -----
There are 1 faults will be injected in faulttable...
101009 microseconds
Fault on PT_F40(0X7f1cae561ee0 -> 0X7f1cae561e00)
19 microseconds
[2016-10-27 11:15:34]Process 10188 termed with signal 11(SIGSEGV)
PT_F40-8_low_0-150 Test Num : 91
Inject into ../bin/hello
----- Type : 8_low_0 Pos : PT_F40 -----
There are 1 faults will be injected in faulttable...
101108 microseconds
Fault on PT_F40(0X7fd41dc8aee0 -> 0X7fd41dc8ae00)
13 microseconds
[2016-10-27 11:15:34]Process 10190 termed with signal 11(SIGSEGV)
PT_F40-8_low_0-150 Test Num : 92
Inject into ../bin/hello
----- Type : 8_low_0 Pos : PT_F40 -----
There are 1 faults will be injected in faulttable...
101103 microseconds
Fault on PT_F40(0X7f84c16e4ee0 -> 0X7f84c16e4e00)
22 microseconds
[2016-10-27 11:15:34]Process 10192 termed with signal 11(SIGSEGV)
PT_F40-8_low_0-150 Test Num : 93
Inject into ../bin/hello
----- Type : 8_low_0 Pos : PT_F40 -----
There are 1 faults will be injected in faulttable...
101186 microseconds
Fault on PT_F40(0X7f9e6e46cee0 -> 0X7f9e6e46ce00)
13 microseconds
[2016-10-27 11:15:34]Process 10194 termed with signal 11(SIGSEGV)
PT_F40-8_low_0-150 Test Num : 94
Inject into ../bin/hello
----- Type : 8_low_0 Pos : PT_F40 -----
There are 1 faults will be injected in faulttable...
101108 microseconds
Fault on PT_F40(0X7fbad31b5ee0 -> 0X7fbad31b5e00)
25 microseconds
[2016-10-27 11:15:34]Process 10196 termed with signal 11(SIGSEGV)
PT_F40-8_low_0-150 Test Num : 95
Inject into ../bin/hello
----- Type : 8_low_0 Pos : PT_F40 -----
There are 1 faults will be injected in faulttable...
100093 microseconds
Fault on PT_F40(0X7fa0c3745ee0 -> 0X7fa0c3745e00)
20 microseconds
[2016-10-27 11:15:34]Process 10198 termed with signal 11(SIGSEGV)
PT_F40-8_low_0-150 Test Num : 96
Inject into ../bin/hello
----- Type : 8_low_0 Pos : PT_F40 -----
There are 1 faults will be injected in faulttable...
100079 microseconds
Fault on PT_F40(0X7f54a4debee0 -> 0X7f54a4debe00)
20 microseconds
[2016-10-27 11:15:34]Process 10200 termed with signal 11(SIGSEGV)
PT_F40-8_low_0-150 Test Num : 97
Inject into ../bin/hello
----- Type : 8_low_0 Pos : PT_F40 -----
There are 1 faults will be injected in faulttable...
101022 microseconds
Fault on PT_F40(0X7f95960e0ee0 -> 0X7f95960e0e00)
15 microseconds
[2016-10-27 11:15:35]Process 10202 termed with signal 11(SIGSEGV)
PT_F40-8_low_0-150 Test Num : 98
Inject into ../bin/hello
----- Type : 8_low_0 Pos : PT_F40 -----
There are 1 faults will be injected in faulttable...
101286 microseconds
Fault on PT_F40(0X7f008734eee0 -> 0X7f008734ee00)
19 microseconds
[2016-10-27 11:15:35]Process 10204 termed with signal 11(SIGSEGV)
PT_F40-8_low_0-150 Test Num : 99
Inject into ../bin/hello
----- Type : 8_low_0 Pos : PT_F40 -----
There are 1 faults will be injected in faulttable...
101359 microseconds
Fault on PT_F40(0X7f5f3edc8ee0 -> 0X7f5f3edc8e00)
16 microseconds
[2016-10-27 11:15:35]Process 10206 termed with signal 11(SIGSEGV)
PT_F40-8_low_0-150 Test Num : 100
Inject into ../bin/hello
----- Type : 8_low_0 Pos : PT_F40 -----
There are 1 faults will be injected in faulttable...
101189 microseconds
Fault on PT_F40(0X7f30eaad7ee0 -> 0X7f30eaad7e00)
15 microseconds
[2016-10-27 11:15:35]Process 10208 termed with signal 11(SIGSEGV)
PT_F40-8_low_0-150 Test Num : 101
Inject into ../bin/hello
----- Type : 8_low_0 Pos : PT_F40 -----
There are 1 faults will be injected in faulttable...
100087 microseconds
Fault on PT_F40(0X7fb4c7ccdee0 -> 0X7fb4c7ccde00)
13 microseconds
[2016-10-27 11:15:35]Process 10210 termed with signal 11(SIGSEGV)
PT_F40-8_low_0-150 Test Num : 102
Inject into ../bin/hello
----- Type : 8_low_0 Pos : PT_F40 -----
There are 1 faults will be injected in faulttable...
100208 microseconds
Fault on PT_F40(0X7f22c9fa3ee0 -> 0X7f22c9fa3e00)
15 microseconds
[2016-10-27 11:15:35]Process 10212 termed with signal 11(SIGSEGV)
PT_F40-8_low_0-150 Test Num : 103
Inject into ../bin/hello
----- Type : 8_low_0 Pos : PT_F40 -----
There are 1 faults will be injected in faulttable...
100092 microseconds
Fault on PT_F40(0X7fd42283bee0 -> 0X7fd42283be00)
22 microseconds
[2016-10-27 11:15:35]Process 10214 termed with signal 11(SIGSEGV)
PT_F40-8_low_0-150 Test Num : 104
Inject into ../bin/hello
----- Type : 8_low_0 Pos : PT_F40 -----
There are 1 faults will be injected in faulttable...
101108 microseconds
Fault on PT_F40(0X7f769392cee0 -> 0X7f769392ce00)
17 microseconds
[2016-10-27 11:15:35]Process 10216 termed with signal 11(SIGSEGV)
PT_F40-8_low_0-150 Test Num : 105
Inject into ../bin/hello
----- Type : 8_low_0 Pos : PT_F40 -----
There are 1 faults will be injected in faulttable...
100942 microseconds
Fault on PT_F40(0X7fe436eafee0 -> 0X7fe436eafe00)
16 microseconds
[2016-10-27 11:15:35]Process 10218 termed with signal 11(SIGSEGV)
PT_F40-8_low_0-150 Test Num : 106
Inject into ../bin/hello
----- Type : 8_low_0 Pos : PT_F40 -----
There are 1 faults will be injected in faulttable...
100987 microseconds
Fault on PT_F40(0X7f8bdf585ee0 -> 0X7f8bdf585e00)
20 microseconds
[2016-10-27 11:15:36]Process 10220 termed with signal 11(SIGSEGV)
PT_F40-8_low_0-150 Test Num : 107
Inject into ../bin/hello
----- Type : 8_low_0 Pos : PT_F40 -----
There are 1 faults will be injected in faulttable...
100079 microseconds
Fault on PT_F40(0X7fad0b2e3ee0 -> 0X7fad0b2e3e00)
16 microseconds
[2016-10-27 11:15:36]Process 10222 termed with signal 11(SIGSEGV)
PT_F40-8_low_0-150 Test Num : 108
Inject into ../bin/hello
----- Type : 8_low_0 Pos : PT_F40 -----
There are 1 faults will be injected in faulttable...
101171 microseconds
Fault on PT_F40(0X7f83e2c0bee0 -> 0X7f83e2c0be00)
25 microseconds
[2016-10-27 11:15:36]Process 10224 termed with signal 11(SIGSEGV)
PT_F40-8_low_0-150 Test Num : 109
Inject into ../bin/hello
----- Type : 8_low_0 Pos : PT_F40 -----
There are 1 faults will be injected in faulttable...
101187 microseconds
Fault on PT_F40(0X7faba77ebee0 -> 0X7faba77ebe00)
21 microseconds
[2016-10-27 11:15:36]Process 10226 termed with signal 11(SIGSEGV)
PT_F40-8_low_0-150 Test Num : 110
Inject into ../bin/hello
----- Type : 8_low_0 Pos : PT_F40 -----
There are 1 faults will be injected in faulttable...
101144 microseconds
Fault on PT_F40(0X7f1b9afb6ee0 -> 0X7f1b9afb6e00)
24 microseconds
[2016-10-27 11:15:36]Process 10228 termed with signal 11(SIGSEGV)
PT_F40-8_low_0-150 Test Num : 111
Inject into ../bin/hello
----- Type : 8_low_0 Pos : PT_F40 -----
There are 1 faults will be injected in faulttable...
100155 microseconds
Fault on PT_F40(0X7fcccdc4cee0 -> 0X7fcccdc4ce00)
19 microseconds
[2016-10-27 11:15:36]Process 10230 termed with signal 11(SIGSEGV)
PT_F40-8_low_0-150 Test Num : 112
Inject into ../bin/hello
----- Type : 8_low_0 Pos : PT_F40 -----
There are 1 faults will be injected in faulttable...
100997 microseconds
Fault on PT_F40(0X7fc2d8d7dee0 -> 0X7fc2d8d7de00)
22 microseconds
[2016-10-27 11:15:36]Process 10232 termed with signal 11(SIGSEGV)
PT_F40-8_low_0-150 Test Num : 113
Inject into ../bin/hello
----- Type : 8_low_0 Pos : PT_F40 -----
There are 1 faults will be injected in faulttable...
100069 microseconds
Fault on PT_F40(0X7f6186f92ee0 -> 0X7f6186f92e00)
16 microseconds
[2016-10-27 11:15:36]Process 10234 termed with signal 11(SIGSEGV)
PT_F40-8_low_0-150 Test Num : 114
Inject into ../bin/hello
----- Type : 8_low_0 Pos : PT_F40 -----
There are 1 faults will be injected in faulttable...
100262 microseconds
Fault on PT_F40(0X7f7a96e01ee0 -> 0X7f7a96e01e00)
16 microseconds
[2016-10-27 11:15:36]Process 10236 termed with signal 11(SIGSEGV)
PT_F40-8_low_0-150 Test Num : 115
Inject into ../bin/hello
----- Type : 8_low_0 Pos : PT_F40 -----
There are 1 faults will be injected in faulttable...
101095 microseconds
Fault on PT_F40(0X7f1932819ee0 -> 0X7f1932819e00)
14 microseconds
[2016-10-27 11:15:37]Process 10238 termed with signal 11(SIGSEGV)
PT_F40-8_low_0-150 Test Num : 116
Inject into ../bin/hello
----- Type : 8_low_0 Pos : PT_F40 -----
There are 1 faults will be injected in faulttable...
101108 microseconds
Fault on PT_F40(0X7f0e37ce4ee0 -> 0X7f0e37ce4e00)
16 microseconds
[2016-10-27 11:15:37]Process 10240 termed with signal 11(SIGSEGV)
PT_F40-8_low_0-150 Test Num : 117
Inject into ../bin/hello
----- Type : 8_low_0 Pos : PT_F40 -----
There are 1 faults will be injected in faulttable...
101119 microseconds
Fault on PT_F40(0X7fa04de74ee0 -> 0X7fa04de74e00)
20 microseconds
[2016-10-27 11:15:37]Process 10242 termed with signal 11(SIGSEGV)
PT_F40-8_low_0-150 Test Num : 118
Inject into ../bin/hello
----- Type : 8_low_0 Pos : PT_F40 -----
There are 1 faults will be injected in faulttable...
101546 microseconds
Fault on PT_F40(0X7f17b11c1ee0 -> 0X7f17b11c1e00)
20 microseconds
[2016-10-27 11:15:37]Process 10244 termed with signal 11(SIGSEGV)
PT_F40-8_low_0-150 Test Num : 119
Inject into ../bin/hello
----- Type : 8_low_0 Pos : PT_F40 -----
There are 1 faults will be injected in faulttable...
101052 microseconds
Fault on PT_F40(0X7fbe1b36aee0 -> 0X7fbe1b36ae00)
15 microseconds
[2016-10-27 11:15:37]Process 10246 termed with signal 11(SIGSEGV)
PT_F40-8_low_0-150 Test Num : 120
Inject into ../bin/hello
----- Type : 8_low_0 Pos : PT_F40 -----
There are 1 faults will be injected in faulttable...
101105 microseconds
Fault on PT_F40(0X7fd7b1459ee0 -> 0X7fd7b1459e00)
14 microseconds
[2016-10-27 11:15:37]Process 10248 termed with signal 11(SIGSEGV)
PT_F40-8_low_0-150 Test Num : 121
Inject into ../bin/hello
----- Type : 8_low_0 Pos : PT_F40 -----
There are 1 faults will be injected in faulttable...
101196 microseconds
Fault on PT_F40(0X7fee931e9ee0 -> 0X7fee931e9e00)
15 microseconds
[2016-10-27 11:15:37]Process 10250 termed with signal 11(SIGSEGV)
PT_F40-8_low_0-150 Test Num : 122
Inject into ../bin/hello
----- Type : 8_low_0 Pos : PT_F40 -----
There are 1 faults will be injected in faulttable...
101104 microseconds
Fault on PT_F40(0X7f98c3c30ee0 -> 0X7f98c3c30e00)
15 microseconds
[2016-10-27 11:15:37]Process 10252 termed with signal 11(SIGSEGV)
PT_F40-8_low_0-150 Test Num : 123
Inject into ../bin/hello
----- Type : 8_low_0 Pos : PT_F40 -----
There are 1 faults will be injected in faulttable...
101054 microseconds
Fault on PT_F40(0X7f26868a9ee0 -> 0X7f26868a9e00)
15 microseconds
[2016-10-27 11:15:37]Process 10254 termed with signal 11(SIGSEGV)
PT_F40-8_low_0-150 Test Num : 124
Inject into ../bin/hello
----- Type : 8_low_0 Pos : PT_F40 -----
There are 1 faults will be injected in faulttable...
101073 microseconds
Fault on PT_F40(0X7f084897aee0 -> 0X7f084897ae00)
25 microseconds
[2016-10-27 11:15:38]Process 10256 termed with signal 11(SIGSEGV)
PT_F40-8_low_0-150 Test Num : 125
Inject into ../bin/hello
----- Type : 8_low_0 Pos : PT_F40 -----
There are 1 faults will be injected in faulttable...
101185 microseconds
Fault on PT_F40(0X7f600f8a4ee0 -> 0X7f600f8a4e00)
23 microseconds
[2016-10-27 11:15:38]Process 10258 termed with signal 11(SIGSEGV)
PT_F40-8_low_0-150 Test Num : 126
Inject into ../bin/hello
----- Type : 8_low_0 Pos : PT_F40 -----
There are 1 faults will be injected in faulttable...
101178 microseconds
Fault on PT_F40(0X7f2f4cb1aee0 -> 0X7f2f4cb1ae00)
17 microseconds
[2016-10-27 11:15:38]Process 10260 termed with signal 11(SIGSEGV)
PT_F40-8_low_0-150 Test Num : 127
Inject into ../bin/hello
----- Type : 8_low_0 Pos : PT_F40 -----
There are 1 faults will be injected in faulttable...
101035 microseconds
Fault on PT_F40(0X7ff6d5c83ee0 -> 0X7ff6d5c83e00)
14 microseconds
[2016-10-27 11:15:38]Process 10262 termed with signal 11(SIGSEGV)
PT_F40-8_low_0-150 Test Num : 128
Inject into ../bin/hello
----- Type : 8_low_0 Pos : PT_F40 -----
There are 1 faults will be injected in faulttable...
101105 microseconds
Fault on PT_F40(0X7fd032ea0ee0 -> 0X7fd032ea0e00)
16 microseconds
[2016-10-27 11:15:38]Process 10264 termed with signal 11(SIGSEGV)
PT_F40-8_low_0-150 Test Num : 129
Inject into ../bin/hello
----- Type : 8_low_0 Pos : PT_F40 -----
There are 1 faults will be injected in faulttable...
101080 microseconds
Fault on PT_F40(0X7f87c6dc9ee0 -> 0X7f87c6dc9e00)
16 microseconds
[2016-10-27 11:15:38]Process 10266 termed with signal 11(SIGSEGV)
PT_F40-8_low_0-150 Test Num : 130
Inject into ../bin/hello
----- Type : 8_low_0 Pos : PT_F40 -----
There are 1 faults will be injected in faulttable...
100145 microseconds
Fault on PT_F40(0X7f7cc618fee0 -> 0X7f7cc618fe00)
20 microseconds
[2016-10-27 11:15:38]Process 10268 termed with signal 11(SIGSEGV)
PT_F40-8_low_0-150 Test Num : 131
Inject into ../bin/hello
----- Type : 8_low_0 Pos : PT_F40 -----
There are 1 faults will be injected in faulttable...
100091 microseconds
Fault on PT_F40(0X7f2fb5f0fee0 -> 0X7f2fb5f0fe00)
22 microseconds
[2016-10-27 11:15:38]Process 10270 termed with signal 11(SIGSEGV)
PT_F40-8_low_0-150 Test Num : 132
Inject into ../bin/hello
----- Type : 8_low_0 Pos : PT_F40 -----
There are 1 faults will be injected in faulttable...
100067 microseconds
Fault on PT_F40(0X7f5f20a2dee0 -> 0X7f5f20a2de00)
16 microseconds
[2016-10-27 11:15:38]Process 10272 termed with signal 11(SIGSEGV)
PT_F40-8_low_0-150 Test Num : 133
Inject into ../bin/hello
----- Type : 8_low_0 Pos : PT_F40 -----
There are 1 faults will be injected in faulttable...
101209 microseconds
Fault on PT_F40(0X7f7ea2a72ee0 -> 0X7f7ea2a72e00)
15 microseconds
[2016-10-27 11:15:39]Process 10274 termed with signal 11(SIGSEGV)
PT_F40-8_low_0-150 Test Num : 134
Inject into ../bin/hello
----- Type : 8_low_0 Pos : PT_F40 -----
There are 1 faults will be injected in faulttable...
101844 microseconds
Fault on PT_F40(0X7f9ef227dee0 -> 0X7f9ef227de00)
15 microseconds
[2016-10-27 11:15:39]Process 10276 termed with signal 11(SIGSEGV)
PT_F40-8_low_0-150 Test Num : 135
Inject into ../bin/hello
----- Type : 8_low_0 Pos : PT_F40 -----
There are 1 faults will be injected in faulttable...
101127 microseconds
Fault on PT_F40(0X7fc68da1dee0 -> 0X7fc68da1de00)
15 microseconds
[2016-10-27 11:15:39]Process 10278 termed with signal 11(SIGSEGV)
PT_F40-8_low_0-150 Test Num : 136
Inject into ../bin/hello
----- Type : 8_low_0 Pos : PT_F40 -----
There are 1 faults will be injected in faulttable...
101169 microseconds
Fault on PT_F40(0X7fc157807ee0 -> 0X7fc157807e00)
21 microseconds
[2016-10-27 11:15:39]Process 10281 termed with signal 11(SIGSEGV)
PT_F40-8_low_0-150 Test Num : 137
Inject into ../bin/hello
----- Type : 8_low_0 Pos : PT_F40 -----
There are 1 faults will be injected in faulttable...
101632 microseconds
Fault on PT_F40(0X7fc0545edee0 -> 0X7fc0545ede00)
22 microseconds
[2016-10-27 11:15:39]Process 10283 termed with signal 11(SIGSEGV)
PT_F40-8_low_0-150 Test Num : 138
Inject into ../bin/hello
----- Type : 8_low_0 Pos : PT_F40 -----
There are 1 faults will be injected in faulttable...
101140 microseconds
Fault on PT_F40(0X7f51b0ea0ee0 -> 0X7f51b0ea0e00)
16 microseconds
[2016-10-27 11:15:39]Process 10285 termed with signal 11(SIGSEGV)
PT_F40-8_low_0-150 Test Num : 139
Inject into ../bin/hello
----- Type : 8_low_0 Pos : PT_F40 -----
There are 1 faults will be injected in faulttable...
101165 microseconds
Fault on PT_F40(0X7f7af7e1dee0 -> 0X7f7af7e1de00)
25 microseconds
[2016-10-27 11:15:39]Process 10287 termed with signal 11(SIGSEGV)
PT_F40-8_low_0-150 Test Num : 140
Inject into ../bin/hello
----- Type : 8_low_0 Pos : PT_F40 -----
There are 1 faults will be injected in faulttable...
101023 microseconds
Fault on PT_F40(0X7fd0b19e3ee0 -> 0X7fd0b19e3e00)
11 microseconds
[2016-10-27 11:15:39]Process 10289 termed with signal 11(SIGSEGV)
PT_F40-8_low_0-150 Test Num : 141
Inject into ../bin/hello
----- Type : 8_low_0 Pos : PT_F40 -----
There are 1 faults will be injected in faulttable...
101230 microseconds
Fault on PT_F40(0X7f3c06b5eee0 -> 0X7f3c06b5ee00)
15 microseconds
[2016-10-27 11:15:39]Process 10291 termed with signal 11(SIGSEGV)
PT_F40-8_low_0-150 Test Num : 142
Inject into ../bin/hello
----- Type : 8_low_0 Pos : PT_F40 -----
There are 1 faults will be injected in faulttable...
100990 microseconds
Fault on PT_F40(0X7f4a0b4aaee0 -> 0X7f4a0b4aae00)
17 microseconds
[2016-10-27 11:15:40]Process 10293 termed with signal 11(SIGSEGV)
PT_F40-8_low_0-150 Test Num : 143
Inject into ../bin/hello
----- Type : 8_low_0 Pos : PT_F40 -----
There are 1 faults will be injected in faulttable...
101105 microseconds
Fault on PT_F40(0X7f583149dee0 -> 0X7f583149de00)
20 microseconds
[2016-10-27 11:15:40]Process 10295 termed with signal 11(SIGSEGV)
PT_F40-8_low_0-150 Test Num : 144
Inject into ../bin/hello
----- Type : 8_low_0 Pos : PT_F40 -----
There are 1 faults will be injected in faulttable...
101175 microseconds
Fault on PT_F40(0X7efe6b826ee0 -> 0X7efe6b826e00)
18 microseconds
[2016-10-27 11:15:40]Process 10297 termed with signal 11(SIGSEGV)
PT_F40-8_low_0-150 Test Num : 145
Inject into ../bin/hello
----- Type : 8_low_0 Pos : PT_F40 -----
There are 1 faults will be injected in faulttable...
100160 microseconds
Fault on PT_F40(0X7f0caa429ee0 -> 0X7f0caa429e00)
14 microseconds
[2016-10-27 11:15:40]Process 10299 termed with signal 11(SIGSEGV)
PT_F40-8_low_0-150 Test Num : 146
Inject into ../bin/hello
----- Type : 8_low_0 Pos : PT_F40 -----
There are 1 faults will be injected in faulttable...
101110 microseconds
Fault on PT_F40(0X7f385aa8cee0 -> 0X7f385aa8ce00)
15 microseconds
[2016-10-27 11:15:40]Process 10301 termed with signal 11(SIGSEGV)
PT_F40-8_low_0-150 Test Num : 147
Inject into ../bin/hello
----- Type : 8_low_0 Pos : PT_F40 -----
There are 1 faults will be injected in faulttable...
101196 microseconds
Fault on PT_F40(0X7f63a4f5aee0 -> 0X7f63a4f5ae00)
20 microseconds
[2016-10-27 11:15:40]Process 10303 termed with signal 11(SIGSEGV)
PT_F40-8_low_0-150 Test Num : 148
Inject into ../bin/hello
----- Type : 8_low_0 Pos : PT_F40 -----
There are 1 faults will be injected in faulttable...
101201 microseconds
Fault on PT_F40(0X7f8b4d6ecee0 -> 0X7f8b4d6ece00)
37 microseconds
[2016-10-27 11:15:40]Process 10305 termed with signal 11(SIGSEGV)
PT_F40-8_low_0-150 Test Num : 149
Inject into ../bin/hello
----- Type : 8_low_0 Pos : PT_F40 -----
There are 1 faults will be injected in faulttable...
101389 microseconds
Fault on PT_F40(0X7f7df310aee0 -> 0X7f7df310ae00)
19 microseconds
[2016-10-27 11:15:40]Process 10307 termed with signal 11(SIGSEGV)
PT_F40-8_low_0-150 Test Num : 150
Inject into ../bin/hello
----- Type : 8_low_0 Pos : PT_F40 -----
There are 1 faults will be injected in faulttable...
101191 microseconds
Fault on PT_F40(0X7fd0b866aee0 -> 0X7fd0b866ae00)
21 microseconds
[2016-10-27 11:15:40]Process 10309 termed with signal 11(SIGSEGV)
