PT_F40-8_low_error-150 Test Num : 1
Inject into ../bin/hello
----- Type : 8_low_error Pos : PT_F40 -----
There are 1 faults will be injected in faulttable...
100273 microseconds
Fault on PT_F40(0X7f4fd0d24ee0 -> 0X7f4fd0d24e88)
3000070 microseconds
timeout
[2016-10-27 11:15:44]Process 10312 termed with signal 14(SIGALRM)
PT_F40-8_low_error-150 Test Num : 2
Inject into ../bin/hello
----- Type : 8_low_error Pos : PT_F40 -----
There are 1 faults will be injected in faulttable...
101232 microseconds
Fault on PT_F40(0X7f6fd4104ee0 -> 0X7f6fd4104e45)
48 microseconds
[2016-10-27 11:15:44]Process 10314 termed with signal 4(SIGILL)
PT_F40-8_low_error-150 Test Num : 3
Inject into ../bin/hello
----- Type : 8_low_error Pos : PT_F40 -----
There are 1 faults will be injected in faulttable...
100997 microseconds
Fault on PT_F40(0X7f28c425aee0 -> 0X7f28c425ae45)
18 microseconds
[2016-10-27 11:15:44]Process 10316 termed with signal 4(SIGILL)
PT_F40-8_low_error-150 Test Num : 4
Inject into ../bin/hello
----- Type : 8_low_error Pos : PT_F40 -----
There are 1 faults will be injected in faulttable...
100963 microseconds
Fault on PT_F40(0X7f5017f8bee0 -> 0X7f5017f8be45)
23 microseconds
[2016-10-27 11:15:44]Process 10318 termed with signal 4(SIGILL)
PT_F40-8_low_error-150 Test Num : 5
Inject into ../bin/hello
----- Type : 8_low_error Pos : PT_F40 -----
There are 1 faults will be injected in faulttable...
101005 microseconds
Fault on PT_F40(0X7fb978455ee0 -> 0X7fb978455e45)
27 microseconds
[2016-10-27 11:15:44]Process 10320 termed with signal 4(SIGILL)
PT_F40-8_low_error-150 Test Num : 6
Inject into ../bin/hello
----- Type : 8_low_error Pos : PT_F40 -----
There are 1 faults will be injected in faulttable...
101401 microseconds
Fault on PT_F40(0X7f547b8cbee0 -> 0X7f547b8cbe45)
26 microseconds
[2016-10-27 11:15:44]Process 10322 termed with signal 4(SIGILL)
PT_F40-8_low_error-150 Test Num : 7
Inject into ../bin/hello
----- Type : 8_low_error Pos : PT_F40 -----
There are 1 faults will be injected in faulttable...
101128 microseconds
Fault on PT_F40(0X7f590fe61ee0 -> 0X7f590fe61e45)
23 microseconds
[2016-10-27 11:15:44]Process 10324 termed with signal 4(SIGILL)
PT_F40-8_low_error-150 Test Num : 8
Inject into ../bin/hello
----- Type : 8_low_error Pos : PT_F40 -----
There are 1 faults will be injected in faulttable...
100225 microseconds
Fault on PT_F40(0X7fd98610cee0 -> 0X7fd98610ce45)
22 microseconds
[2016-10-27 11:15:44]Process 10326 termed with signal 4(SIGILL)
PT_F40-8_low_error-150 Test Num : 9
Inject into ../bin/hello
----- Type : 8_low_error Pos : PT_F40 -----
There are 1 faults will be injected in faulttable...
100961 microseconds
Fault on PT_F40(0X7ff0ad64eee0 -> 0X7ff0ad64ee45)
26 microseconds
[2016-10-27 11:15:44]Process 10328 termed with signal 4(SIGILL)
PT_F40-8_low_error-150 Test Num : 10
Inject into ../bin/hello
----- Type : 8_low_error Pos : PT_F40 -----
There are 1 faults will be injected in faulttable...
100076 microseconds
Fault on PT_F40(0X7f09b9295ee0 -> 0X7f09b9295e72)
3000052 microseconds
timeout
[2016-10-27 11:15:48]Process 10330 termed with signal 14(SIGALRM)
PT_F40-8_low_error-150 Test Num : 11
Inject into ../bin/hello
----- Type : 8_low_error Pos : PT_F40 -----
There are 1 faults will be injected in faulttable...
101320 microseconds
Fault on PT_F40(0X7efe1942aee0 -> 0X7efe1942aec5)
16 microseconds
[2016-10-27 11:15:48]Process 10332 termed with signal 11(SIGSEGV)
PT_F40-8_low_error-150 Test Num : 12
Inject into ../bin/hello
----- Type : 8_low_error Pos : PT_F40 -----
There are 1 faults will be injected in faulttable...
101030 microseconds
Fault on PT_F40(0X7f88e7eaeee0 -> 0X7f88e7eaeec5)
14 microseconds
[2016-10-27 11:15:48]Process 10334 termed with signal 11(SIGSEGV)
PT_F40-8_low_error-150 Test Num : 13
Inject into ../bin/hello
----- Type : 8_low_error Pos : PT_F40 -----
There are 1 faults will be injected in faulttable...
101278 microseconds
Fault on PT_F40(0X7f22d2b72ee0 -> 0X7f22d2b72ec5)
12 microseconds
[2016-10-27 11:15:48]Process 10336 termed with signal 11(SIGSEGV)
PT_F40-8_low_error-150 Test Num : 14
Inject into ../bin/hello
----- Type : 8_low_error Pos : PT_F40 -----
There are 1 faults will be injected in faulttable...
101140 microseconds
Fault on PT_F40(0X7f7f0e8e7ee0 -> 0X7f7f0e8e7ec5)
12 microseconds
[2016-10-27 11:15:48]Process 10338 termed with signal 11(SIGSEGV)
PT_F40-8_low_error-150 Test Num : 15
Inject into ../bin/hello
----- Type : 8_low_error Pos : PT_F40 -----
There are 1 faults will be injected in faulttable...
101195 microseconds
Fault on PT_F40(0X7f3b8fc32ee0 -> 0X7f3b8fc32ec5)
22 microseconds
[2016-10-27 11:15:48]Process 10340 termed with signal 11(SIGSEGV)
PT_F40-8_low_error-150 Test Num : 16
Inject into ../bin/hello
----- Type : 8_low_error Pos : PT_F40 -----
There are 1 faults will be injected in faulttable...
101091 microseconds
Fault on PT_F40(0X7f39c1e8eee0 -> 0X7f39c1e8eec5)
11 microseconds
[2016-10-27 11:15:48]Process 10342 termed with signal 11(SIGSEGV)
PT_F40-8_low_error-150 Test Num : 17
Inject into ../bin/hello
----- Type : 8_low_error Pos : PT_F40 -----
There are 1 faults will be injected in faulttable...
101109 microseconds
Fault on PT_F40(0X7fbcbace2ee0 -> 0X7fbcbace2ec5)
14 microseconds
[2016-10-27 11:15:48]Process 10344 termed with signal 11(SIGSEGV)
PT_F40-8_low_error-150 Test Num : 18
Inject into ../bin/hello
----- Type : 8_low_error Pos : PT_F40 -----
There are 1 faults will be injected in faulttable...
101133 microseconds
Fault on PT_F40(0X7f46016e1ee0 -> 0X7f46016e1ec5)
21 microseconds
[2016-10-27 11:15:48]Process 10346 termed with signal 11(SIGSEGV)
PT_F40-8_low_error-150 Test Num : 19
Inject into ../bin/hello
----- Type : 8_low_error Pos : PT_F40 -----
There are 1 faults will be injected in faulttable...
101513 microseconds
Fault on PT_F40(0X7f487ee96ee0 -> 0X7f487ee96e70)
22 microseconds
[2016-10-27 11:15:49]Process 10348 termed with signal 11(SIGSEGV)
PT_F40-8_low_error-150 Test Num : 20
Inject into ../bin/hello
----- Type : 8_low_error Pos : PT_F40 -----
There are 1 faults will be injected in faulttable...
101166 microseconds
Fault on PT_F40(0X7fe0a8374ee0 -> 0X7fe0a8374e70)
31 microseconds
[2016-10-27 11:15:49]Process 10350 termed with signal 11(SIGSEGV)
PT_F40-8_low_error-150 Test Num : 21
Inject into ../bin/hello
----- Type : 8_low_error Pos : PT_F40 -----
There are 1 faults will be injected in faulttable...
101698 microseconds
Fault on PT_F40(0X7fc47f8e5ee0 -> 0X7fc47f8e5e70)
15 microseconds
[2016-10-27 11:15:49]Process 10352 termed with signal 11(SIGSEGV)
PT_F40-8_low_error-150 Test Num : 22
Inject into ../bin/hello
----- Type : 8_low_error Pos : PT_F40 -----
There are 1 faults will be injected in faulttable...
101088 microseconds
Fault on PT_F40(0X7f5abda8fee0 -> 0X7f5abda8fe70)
21 microseconds
[2016-10-27 11:15:49]Process 10354 termed with signal 11(SIGSEGV)
PT_F40-8_low_error-150 Test Num : 23
Inject into ../bin/hello
----- Type : 8_low_error Pos : PT_F40 -----
There are 1 faults will be injected in faulttable...
101087 microseconds
Fault on PT_F40(0X7fe13ecc7ee0 -> 0X7fe13ecc7e70)
26 microseconds
[2016-10-27 11:15:49]Process 10356 termed with signal 11(SIGSEGV)
PT_F40-8_low_error-150 Test Num : 24
Inject into ../bin/hello
----- Type : 8_low_error Pos : PT_F40 -----
There are 1 faults will be injected in faulttable...
101221 microseconds
Fault on PT_F40(0X7fa1ad689ee0 -> 0X7fa1ad689e70)
20 microseconds
[2016-10-27 11:15:49]Process 10358 termed with signal 11(SIGSEGV)
PT_F40-8_low_error-150 Test Num : 25
Inject into ../bin/hello
----- Type : 8_low_error Pos : PT_F40 -----
There are 1 faults will be injected in faulttable...
101003 microseconds
Fault on PT_F40(0X7f572d2e5ee0 -> 0X7f572d2e5e70)
18 microseconds
[2016-10-27 11:15:49]Process 10360 termed with signal 11(SIGSEGV)
PT_F40-8_low_error-150 Test Num : 26
Inject into ../bin/hello
----- Type : 8_low_error Pos : PT_F40 -----
There are 1 faults will be injected in faulttable...
101218 microseconds
Fault on PT_F40(0X7f17e4ae3ee0 -> 0X7f17e4ae3e70)
16 microseconds
[2016-10-27 11:15:49]Process 10362 termed with signal 11(SIGSEGV)
PT_F40-8_low_error-150 Test Num : 27
Inject into ../bin/hello
----- Type : 8_low_error Pos : PT_F40 -----
There are 1 faults will be injected in faulttable...
101291 microseconds
Fault on PT_F40(0X7f846fecdee0 -> 0X7f846fecde70)
25 microseconds
[2016-10-27 11:15:49]Process 10365 termed with signal 11(SIGSEGV)
PT_F40-8_low_error-150 Test Num : 28
Inject into ../bin/hello
----- Type : 8_low_error Pos : PT_F40 -----
There are 1 faults will be injected in faulttable...
101202 microseconds
Fault on PT_F40(0X7f251fe5fee0 -> 0X7f251fe5fe68)
32 microseconds
[2016-10-27 11:15:50]Process 10367 termed with signal 11(SIGSEGV)
PT_F40-8_low_error-150 Test Num : 29
Inject into ../bin/hello
----- Type : 8_low_error Pos : PT_F40 -----
There are 1 faults will be injected in faulttable...
101319 microseconds
Fault on PT_F40(0X7f4f6dfdbee0 -> 0X7f4f6dfdbe68)
20 microseconds
[2016-10-27 11:15:50]Process 10369 termed with signal 11(SIGSEGV)
PT_F40-8_low_error-150 Test Num : 30
Inject into ../bin/hello
----- Type : 8_low_error Pos : PT_F40 -----
There are 1 faults will be injected in faulttable...
101199 microseconds
Fault on PT_F40(0X7fce393b8ee0 -> 0X7fce393b8e68)
27 microseconds
[2016-10-27 11:15:50]Process 10371 termed with signal 11(SIGSEGV)
PT_F40-8_low_error-150 Test Num : 31
Inject into ../bin/hello
----- Type : 8_low_error Pos : PT_F40 -----
There are 1 faults will be injected in faulttable...
101757 microseconds
Fault on PT_F40(0X7f6edd1afee0 -> 0X7f6edd1afe68)
27 microseconds
[2016-10-27 11:15:50]Process 10373 termed with signal 11(SIGSEGV)
PT_F40-8_low_error-150 Test Num : 32
Inject into ../bin/hello
----- Type : 8_low_error Pos : PT_F40 -----
There are 1 faults will be injected in faulttable...
101741 microseconds
Fault on PT_F40(0X7f99aebdfee0 -> 0X7f99aebdfe68)
22 microseconds
[2016-10-27 11:15:50]Process 10375 termed with signal 11(SIGSEGV)
PT_F40-8_low_error-150 Test Num : 33
Inject into ../bin/hello
----- Type : 8_low_error Pos : PT_F40 -----
There are 1 faults will be injected in faulttable...
101100 microseconds
Fault on PT_F40(0X7fd365931ee0 -> 0X7fd365931e68)
22 microseconds
[2016-10-27 11:15:50]Process 10377 termed with signal 11(SIGSEGV)
PT_F40-8_low_error-150 Test Num : 34
Inject into ../bin/hello
----- Type : 8_low_error Pos : PT_F40 -----
There are 1 faults will be injected in faulttable...
101179 microseconds
Fault on PT_F40(0X7fd553ae0ee0 -> 0X7fd553ae0e68)
18 microseconds
[2016-10-27 11:15:50]Process 10379 termed with signal 11(SIGSEGV)
PT_F40-8_low_error-150 Test Num : 35
Inject into ../bin/hello
----- Type : 8_low_error Pos : PT_F40 -----
There are 1 faults will be injected in faulttable...
101153 microseconds
Fault on PT_F40(0X7f53f8f02ee0 -> 0X7f53f8f02e68)
20 microseconds
[2016-10-27 11:15:50]Process 10381 termed with signal 11(SIGSEGV)
PT_F40-8_low_error-150 Test Num : 36
Inject into ../bin/hello
----- Type : 8_low_error Pos : PT_F40 -----
There are 1 faults will be injected in faulttable...
101295 microseconds
Fault on PT_F40(0X7f19cc7d0ee0 -> 0X7f19cc7d0e68)
23 microseconds
[2016-10-27 11:15:50]Process 10383 termed with signal 11(SIGSEGV)
PT_F40-8_low_error-150 Test Num : 37
Inject into ../bin/hello
----- Type : 8_low_error Pos : PT_F40 -----
There are 1 faults will be injected in faulttable...
101161 microseconds
Fault on PT_F40(0X7fbb5bd92ee0 -> 0X7fbb5bd92e7b)
3000105 microseconds
timeout
[2016-10-27 11:15:54]Process 10385 termed with signal 14(SIGALRM)
PT_F40-8_low_error-150 Test Num : 38
Inject into ../bin/hello
----- Type : 8_low_error Pos : PT_F40 -----
There are 1 faults will be injected in faulttable...
101069 microseconds
Fault on PT_F40(0X7fc6089c0ee0 -> 0X7fc6089c0eea)
3000115 microseconds
timeout
[2016-10-27 11:15:57]Process 10387 termed with signal 14(SIGALRM)
PT_F40-8_low_error-150 Test Num : 39
Inject into ../bin/hello
----- Type : 8_low_error Pos : PT_F40 -----
There are 1 faults will be injected in faulttable...
101104 microseconds
Fault on PT_F40(0X7f942f394ee0 -> 0X7f942f394e61)
18 microseconds
[2016-10-27 11:15:57]Process 10389 termed with signal 11(SIGSEGV)
PT_F40-8_low_error-150 Test Num : 40
Inject into ../bin/hello
----- Type : 8_low_error Pos : PT_F40 -----
There are 1 faults will be injected in faulttable...
101806 microseconds
Fault on PT_F40(0X7f743f52aee0 -> 0X7f743f52ae61)
15 microseconds
[2016-10-27 11:15:57]Process 10391 termed with signal 11(SIGSEGV)
PT_F40-8_low_error-150 Test Num : 41
Inject into ../bin/hello
----- Type : 8_low_error Pos : PT_F40 -----
There are 1 faults will be injected in faulttable...
100127 microseconds
Fault on PT_F40(0X7f0010a23ee0 -> 0X7f0010a23e61)
26 microseconds
[2016-10-27 11:15:57]Process 10393 termed with signal 11(SIGSEGV)
PT_F40-8_low_error-150 Test Num : 42
Inject into ../bin/hello
----- Type : 8_low_error Pos : PT_F40 -----
There are 1 faults will be injected in faulttable...
101656 microseconds
Fault on PT_F40(0X7f728189cee0 -> 0X7f728189ce61)
14 microseconds
[2016-10-27 11:15:57]Process 10395 termed with signal 11(SIGSEGV)
PT_F40-8_low_error-150 Test Num : 43
Inject into ../bin/hello
----- Type : 8_low_error Pos : PT_F40 -----
There are 1 faults will be injected in faulttable...
101022 microseconds
Fault on PT_F40(0X7f38883a8ee0 -> 0X7f38883a8e61)
20 microseconds
[2016-10-27 11:15:57]Process 10397 termed with signal 11(SIGSEGV)
PT_F40-8_low_error-150 Test Num : 44
Inject into ../bin/hello
----- Type : 8_low_error Pos : PT_F40 -----
There are 1 faults will be injected in faulttable...
100961 microseconds
Fault on PT_F40(0X7ff98bfd3ee0 -> 0X7ff98bfd3e61)
35 microseconds
[2016-10-27 11:15:57]Process 10399 termed with signal 11(SIGSEGV)
PT_F40-8_low_error-150 Test Num : 45
Inject into ../bin/hello
----- Type : 8_low_error Pos : PT_F40 -----
There are 1 faults will be injected in faulttable...
101067 microseconds
Fault on PT_F40(0X7f68b54e8ee0 -> 0X7f68b54e8e61)
23 microseconds
[2016-10-27 11:15:57]Process 10401 termed with signal 11(SIGSEGV)
PT_F40-8_low_error-150 Test Num : 46
Inject into ../bin/hello
----- Type : 8_low_error Pos : PT_F40 -----
There are 1 faults will be injected in faulttable...
100986 microseconds
Fault on PT_F40(0X7f35a0c77ee0 -> 0X7f35a0c77ea7)
20 microseconds
[2016-10-27 11:15:58]Process 10403 termed with signal 11(SIGSEGV)
PT_F40-8_low_error-150 Test Num : 47
Inject into ../bin/hello
----- Type : 8_low_error Pos : PT_F40 -----
There are 1 faults will be injected in faulttable...
101136 microseconds
Fault on PT_F40(0X7f3acedc9ee0 -> 0X7f3acedc9ea7)
20 microseconds
[2016-10-27 11:15:58]Process 10405 termed with signal 11(SIGSEGV)
PT_F40-8_low_error-150 Test Num : 48
Inject into ../bin/hello
----- Type : 8_low_error Pos : PT_F40 -----
There are 1 faults will be injected in faulttable...
101123 microseconds
Fault on PT_F40(0X7f9eff643ee0 -> 0X7f9eff643ea7)
16 microseconds
[2016-10-27 11:15:58]Process 10407 termed with signal 11(SIGSEGV)
PT_F40-8_low_error-150 Test Num : 49
Inject into ../bin/hello
----- Type : 8_low_error Pos : PT_F40 -----
There are 1 faults will be injected in faulttable...
101080 microseconds
Fault on PT_F40(0X7f72a76dcee0 -> 0X7f72a76dcea7)
17 microseconds
[2016-10-27 11:15:58]Process 10409 termed with signal 11(SIGSEGV)
PT_F40-8_low_error-150 Test Num : 50
Inject into ../bin/hello
----- Type : 8_low_error Pos : PT_F40 -----
There are 1 faults will be injected in faulttable...
101000 microseconds
Fault on PT_F40(0X7f92e20fdee0 -> 0X7f92e20fdea7)
19 microseconds
[2016-10-27 11:15:58]Process 10411 termed with signal 11(SIGSEGV)
PT_F40-8_low_error-150 Test Num : 51
Inject into ../bin/hello
----- Type : 8_low_error Pos : PT_F40 -----
There are 1 faults will be injected in faulttable...
101069 microseconds
Fault on PT_F40(0X7f7abe1d5ee0 -> 0X7f7abe1d5ea7)
33 microseconds
[2016-10-27 11:15:58]Process 10413 termed with signal 11(SIGSEGV)
PT_F40-8_low_error-150 Test Num : 52
Inject into ../bin/hello
----- Type : 8_low_error Pos : PT_F40 -----
There are 1 faults will be injected in faulttable...
101348 microseconds
Fault on PT_F40(0X7f7d5d671ee0 -> 0X7f7d5d671ea7)
14 microseconds
[2016-10-27 11:15:58]Process 10415 termed with signal 11(SIGSEGV)
PT_F40-8_low_error-150 Test Num : 53
Inject into ../bin/hello
----- Type : 8_low_error Pos : PT_F40 -----
There are 1 faults will be injected in faulttable...
101182 microseconds
Fault on PT_F40(0X7fdd0697cee0 -> 0X7fdd0697cea7)
16 microseconds
[2016-10-27 11:15:58]Process 10417 termed with signal 11(SIGSEGV)
PT_F40-8_low_error-150 Test Num : 54
Inject into ../bin/hello
----- Type : 8_low_error Pos : PT_F40 -----
There are 1 faults will be injected in faulttable...
101377 microseconds
Fault on PT_F40(0X7f1e5e47aee0 -> 0X7f1e5e47aea7)
17 microseconds
[2016-10-27 11:15:58]Process 10419 termed with signal 11(SIGSEGV)
PT_F40-8_low_error-150 Test Num : 55
Inject into ../bin/hello
----- Type : 8_low_error Pos : PT_F40 -----
There are 1 faults will be injected in faulttable...
101141 microseconds
Fault on PT_F40(0X7f878678fee0 -> 0X7f878678fef7)
45 microseconds
[2016-10-27 11:15:59]Process 10421 termed with signal 11(SIGSEGV)
PT_F40-8_low_error-150 Test Num : 56
Inject into ../bin/hello
----- Type : 8_low_error Pos : PT_F40 -----
There are 1 faults will be injected in faulttable...
100288 microseconds
Fault on PT_F40(0X7f2ea7cafee0 -> 0X7f2ea7cafef7)
108 microseconds
[2016-10-27 11:15:59]Process 10423 termed with signal 11(SIGSEGV)
PT_F40-8_low_error-150 Test Num : 57
Inject into ../bin/hello
----- Type : 8_low_error Pos : PT_F40 -----
There are 1 faults will be injected in faulttable...
101152 microseconds
Fault on PT_F40(0X7f96e074fee0 -> 0X7f96e074fef7)
16 microseconds
[2016-10-27 11:15:59]Process 10425 termed with signal 11(SIGSEGV)
PT_F40-8_low_error-150 Test Num : 58
Inject into ../bin/hello
----- Type : 8_low_error Pos : PT_F40 -----
There are 1 faults will be injected in faulttable...
101148 microseconds
Fault on PT_F40(0X7f18df324ee0 -> 0X7f18df324ef7)
14 microseconds
[2016-10-27 11:15:59]Process 10427 termed with signal 11(SIGSEGV)
PT_F40-8_low_error-150 Test Num : 59
Inject into ../bin/hello
----- Type : 8_low_error Pos : PT_F40 -----
There are 1 faults will be injected in faulttable...
100086 microseconds
Fault on PT_F40(0X7f5a1de90ee0 -> 0X7f5a1de90ef7)
20 microseconds
[2016-10-27 11:15:59]Process 10429 termed with signal 11(SIGSEGV)
PT_F40-8_low_error-150 Test Num : 60
Inject into ../bin/hello
----- Type : 8_low_error Pos : PT_F40 -----
There are 1 faults will be injected in faulttable...
100915 microseconds
Fault on PT_F40(0X7ff9db35cee0 -> 0X7ff9db35cef7)
15 microseconds
[2016-10-27 11:15:59]Process 10431 termed with signal 11(SIGSEGV)
PT_F40-8_low_error-150 Test Num : 61
Inject into ../bin/hello
----- Type : 8_low_error Pos : PT_F40 -----
There are 1 faults will be injected in faulttable...
100978 microseconds
Fault on PT_F40(0X7f6b75619ee0 -> 0X7f6b75619ef7)
14 microseconds
[2016-10-27 11:15:59]Process 10433 termed with signal 11(SIGSEGV)
PT_F40-8_low_error-150 Test Num : 62
Inject into ../bin/hello
----- Type : 8_low_error Pos : PT_F40 -----
There are 1 faults will be injected in faulttable...
100940 microseconds
Fault on PT_F40(0X7f7b8b532ee0 -> 0X7f7b8b532ef7)
16 microseconds
[2016-10-27 11:15:59]Process 10435 termed with signal 11(SIGSEGV)
PT_F40-8_low_error-150 Test Num : 63
Inject into ../bin/hello
----- Type : 8_low_error Pos : PT_F40 -----
There are 1 faults will be injected in faulttable...
101172 microseconds
Fault on PT_F40(0X7f4c3f60dee0 -> 0X7f4c3f60def7)
27 microseconds
[2016-10-27 11:15:59]Process 10437 termed with signal 11(SIGSEGV)
PT_F40-8_low_error-150 Test Num : 64
Inject into ../bin/hello
----- Type : 8_low_error Pos : PT_F40 -----
There are 1 faults will be injected in faulttable...
100961 microseconds
Fault on PT_F40(0X7febcb292ee0 -> 0X7febcb292ef7)
17 microseconds
[2016-10-27 11:15:59]Process 10439 termed with signal 11(SIGSEGV)
PT_F40-8_low_error-150 Test Num : 65
Inject into ../bin/hello
----- Type : 8_low_error Pos : PT_F40 -----
There are 1 faults will be injected in faulttable...
100100 microseconds
Fault on PT_F40(0X7f643e39eee0 -> 0X7f643e39ee62)
16 microseconds
[ 2016-10-27 11:16:0]Process 10441 termed with signal 11(SIGSEGV)
PT_F40-8_low_error-150 Test Num : 66
Inject into ../bin/hello
----- Type : 8_low_error Pos : PT_F40 -----
There are 1 faults will be injected in faulttable...
101343 microseconds
Fault on PT_F40(0X7f8157a65ee0 -> 0X7f8157a65e62)
17 microseconds
[ 2016-10-27 11:16:0]Process 10443 termed with signal 11(SIGSEGV)
PT_F40-8_low_error-150 Test Num : 67
Inject into ../bin/hello
----- Type : 8_low_error Pos : PT_F40 -----
There are 1 faults will be injected in faulttable...
101114 microseconds
Fault on PT_F40(0X7f460d8e4ee0 -> 0X7f460d8e4e62)
17 microseconds
[ 2016-10-27 11:16:0]Process 10445 termed with signal 11(SIGSEGV)
PT_F40-8_low_error-150 Test Num : 68
Inject into ../bin/hello
----- Type : 8_low_error Pos : PT_F40 -----
There are 1 faults will be injected in faulttable...
101286 microseconds
Fault on PT_F40(0X7f32fea2eee0 -> 0X7f32fea2ee62)
13 microseconds
[ 2016-10-27 11:16:0]Process 10447 termed with signal 11(SIGSEGV)
PT_F40-8_low_error-150 Test Num : 69
Inject into ../bin/hello
----- Type : 8_low_error Pos : PT_F40 -----
There are 1 faults will be injected in faulttable...
101132 microseconds
Fault on PT_F40(0X7f32bc1f8ee0 -> 0X7f32bc1f8e62)
15 microseconds
[ 2016-10-27 11:16:0]Process 10449 termed with signal 11(SIGSEGV)
PT_F40-8_low_error-150 Test Num : 70
Inject into ../bin/hello
----- Type : 8_low_error Pos : PT_F40 -----
There are 1 faults will be injected in faulttable...
100976 microseconds
Fault on PT_F40(0X7f3c59c86ee0 -> 0X7f3c59c86e62)
14 microseconds
[ 2016-10-27 11:16:0]Process 10451 termed with signal 11(SIGSEGV)
PT_F40-8_low_error-150 Test Num : 71
Inject into ../bin/hello
----- Type : 8_low_error Pos : PT_F40 -----
There are 1 faults will be injected in faulttable...
100928 microseconds
Fault on PT_F40(0X7fb3381a7ee0 -> 0X7fb3381a7e62)
15 microseconds
[ 2016-10-27 11:16:0]Process 10453 termed with signal 11(SIGSEGV)
PT_F40-8_low_error-150 Test Num : 72
Inject into ../bin/hello
----- Type : 8_low_error Pos : PT_F40 -----
There are 1 faults will be injected in faulttable...
101121 microseconds
Fault on PT_F40(0X7f4a0f7ecee0 -> 0X7f4a0f7ece62)
27 microseconds
[ 2016-10-27 11:16:0]Process 10455 termed with signal 11(SIGSEGV)
PT_F40-8_low_error-150 Test Num : 73
Inject into ../bin/hello
----- Type : 8_low_error Pos : PT_F40 -----
There are 1 faults will be injected in faulttable...
101086 microseconds
Fault on PT_F40(0X7f2037a6cee0 -> 0X7f2037a6ce62)
14 microseconds
[ 2016-10-27 11:16:0]Process 10457 termed with signal 11(SIGSEGV)
PT_F40-8_low_error-150 Test Num : 74
Inject into ../bin/hello
----- Type : 8_low_error Pos : PT_F40 -----
There are 1 faults will be injected in faulttable...
100096 microseconds
Fault on PT_F40(0X7feec2c04ee0 -> 0X7feec2c04e90)
3000078 microseconds
timeout
[ 2016-10-27 11:16:4]Process 10459 termed with signal 14(SIGALRM)
PT_F40-8_low_error-150 Test Num : 75
Inject into ../bin/hello
----- Type : 8_low_error Pos : PT_F40 -----
There are 1 faults will be injected in faulttable...
101103 microseconds
Fault on PT_F40(0X7fd2fd8d8ee0 -> 0X7fd2fd8d8efa)
19 microseconds
[ 2016-10-27 11:16:4]Process 10461 termed with signal 11(SIGSEGV)
PT_F40-8_low_error-150 Test Num : 76
Inject into ../bin/hello
----- Type : 8_low_error Pos : PT_F40 -----
There are 1 faults will be injected in faulttable...
101224 microseconds
Fault on PT_F40(0X7f14fdf74ee0 -> 0X7f14fdf74efa)
18 microseconds
[ 2016-10-27 11:16:4]Process 10463 termed with signal 11(SIGSEGV)
PT_F40-8_low_error-150 Test Num : 77
Inject into ../bin/hello
----- Type : 8_low_error Pos : PT_F40 -----
There are 1 faults will be injected in faulttable...
101081 microseconds
Fault on PT_F40(0X7f10b9525ee0 -> 0X7f10b9525efa)
30 microseconds
[ 2016-10-27 11:16:4]Process 10465 termed with signal 11(SIGSEGV)
PT_F40-8_low_error-150 Test Num : 78
Inject into ../bin/hello
----- Type : 8_low_error Pos : PT_F40 -----
There are 1 faults will be injected in faulttable...
101240 microseconds
Fault on PT_F40(0X7f6c50b1fee0 -> 0X7f6c50b1fefa)
20 microseconds
[ 2016-10-27 11:16:4]Process 10467 termed with signal 11(SIGSEGV)
PT_F40-8_low_error-150 Test Num : 79
Inject into ../bin/hello
----- Type : 8_low_error Pos : PT_F40 -----
There are 1 faults will be injected in faulttable...
101143 microseconds
Fault on PT_F40(0X7fd8d1d15ee0 -> 0X7fd8d1d15efa)
18 microseconds
[ 2016-10-27 11:16:4]Process 10469 termed with signal 11(SIGSEGV)
PT_F40-8_low_error-150 Test Num : 80
Inject into ../bin/hello
----- Type : 8_low_error Pos : PT_F40 -----
There are 1 faults will be injected in faulttable...
101447 microseconds
Fault on PT_F40(0X7fbbc16adee0 -> 0X7fbbc16adefa)
16 microseconds
[ 2016-10-27 11:16:4]Process 10471 termed with signal 11(SIGSEGV)
PT_F40-8_low_error-150 Test Num : 81
Inject into ../bin/hello
----- Type : 8_low_error Pos : PT_F40 -----
There are 1 faults will be injected in faulttable...
100147 microseconds
Fault on PT_F40(0X7f6d16320ee0 -> 0X7f6d16320efa)
22 microseconds
[ 2016-10-27 11:16:4]Process 10473 termed with signal 11(SIGSEGV)
PT_F40-8_low_error-150 Test Num : 82
Inject into ../bin/hello
----- Type : 8_low_error Pos : PT_F40 -----
There are 1 faults will be injected in faulttable...
100994 microseconds
Fault on PT_F40(0X7f7023c04ee0 -> 0X7f7023c04efa)
15 microseconds
[ 2016-10-27 11:16:4]Process 10475 termed with signal 11(SIGSEGV)
PT_F40-8_low_error-150 Test Num : 83
Inject into ../bin/hello
----- Type : 8_low_error Pos : PT_F40 -----
There are 1 faults will be injected in faulttable...
100981 microseconds
Fault on PT_F40(0X7f1763a32ee0 -> 0X7f1763a32e67)
32 microseconds
[ 2016-10-27 11:16:5]Process 10477 termed with signal 4(SIGILL)
PT_F40-8_low_error-150 Test Num : 84
Inject into ../bin/hello
----- Type : 8_low_error Pos : PT_F40 -----
There are 1 faults will be injected in faulttable...
101340 microseconds
Fault on PT_F40(0X7fdf878afee0 -> 0X7fdf878afe67)
18 microseconds
[ 2016-10-27 11:16:5]Process 10479 termed with signal 4(SIGILL)
PT_F40-8_low_error-150 Test Num : 85
Inject into ../bin/hello
----- Type : 8_low_error Pos : PT_F40 -----
There are 1 faults will be injected in faulttable...
101353 microseconds
Fault on PT_F40(0X7fec72f23ee0 -> 0X7fec72f23e67)
30 microseconds
[ 2016-10-27 11:16:5]Process 10481 termed with signal 4(SIGILL)
PT_F40-8_low_error-150 Test Num : 86
Inject into ../bin/hello
----- Type : 8_low_error Pos : PT_F40 -----
There are 1 faults will be injected in faulttable...
100099 microseconds
Fault on PT_F40(0X7fd62b0a4ee0 -> 0X7fd62b0a4e67)
22 microseconds
[ 2016-10-27 11:16:5]Process 10483 termed with signal 4(SIGILL)
PT_F40-8_low_error-150 Test Num : 87
Inject into ../bin/hello
----- Type : 8_low_error Pos : PT_F40 -----
There are 1 faults will be injected in faulttable...
100956 microseconds
Fault on PT_F40(0X7f5167c41ee0 -> 0X7f5167c41e67)
232 microseconds
[ 2016-10-27 11:16:5]Process 10485 termed with signal 4(SIGILL)
PT_F40-8_low_error-150 Test Num : 88
Inject into ../bin/hello
----- Type : 8_low_error Pos : PT_F40 -----
There are 1 faults will be injected in faulttable...
101264 microseconds
Fault on PT_F40(0X7f2c96cfdee0 -> 0X7f2c96cfde67)
27 microseconds
[ 2016-10-27 11:16:5]Process 10487 termed with signal 4(SIGILL)
PT_F40-8_low_error-150 Test Num : 89
Inject into ../bin/hello
----- Type : 8_low_error Pos : PT_F40 -----
There are 1 faults will be injected in faulttable...
101010 microseconds
Fault on PT_F40(0X7f6c6ac9bee0 -> 0X7f6c6ac9be67)
23 microseconds
[ 2016-10-27 11:16:5]Process 10489 termed with signal 4(SIGILL)
PT_F40-8_low_error-150 Test Num : 90
Inject into ../bin/hello
----- Type : 8_low_error Pos : PT_F40 -----
There are 1 faults will be injected in faulttable...
100083 microseconds
Fault on PT_F40(0X7f5075535ee0 -> 0X7f5075535e67)
25 microseconds
[ 2016-10-27 11:16:5]Process 10492 termed with signal 4(SIGILL)
PT_F40-8_low_error-150 Test Num : 91
Inject into ../bin/hello
----- Type : 8_low_error Pos : PT_F40 -----
There are 1 faults will be injected in faulttable...
101432 microseconds
Fault on PT_F40(0X7f928755fee0 -> 0X7f928755fe67)
23 microseconds
[ 2016-10-27 11:16:5]Process 10494 termed with signal 4(SIGILL)
PT_F40-8_low_error-150 Test Num : 92
Inject into ../bin/hello
----- Type : 8_low_error Pos : PT_F40 -----
There are 1 faults will be injected in faulttable...
101068 microseconds
Fault on PT_F40(0X7fd7f6273ee0 -> 0X7fd7f6273e4f)
23 microseconds
[ 2016-10-27 11:16:6]Process 10496 termed with signal 11(SIGSEGV)
PT_F40-8_low_error-150 Test Num : 93
Inject into ../bin/hello
----- Type : 8_low_error Pos : PT_F40 -----
There are 1 faults will be injected in faulttable...
101630 microseconds
Fault on PT_F40(0X7f7781e34ee0 -> 0X7f7781e34e4f)
14 microseconds
[ 2016-10-27 11:16:6]Process 10498 termed with signal 11(SIGSEGV)
PT_F40-8_low_error-150 Test Num : 94
Inject into ../bin/hello
----- Type : 8_low_error Pos : PT_F40 -----
There are 1 faults will be injected in faulttable...
101195 microseconds
Fault on PT_F40(0X7fb4bee50ee0 -> 0X7fb4bee50e4f)
22 microseconds
[ 2016-10-27 11:16:6]Process 10500 termed with signal 11(SIGSEGV)
PT_F40-8_low_error-150 Test Num : 95
Inject into ../bin/hello
----- Type : 8_low_error Pos : PT_F40 -----
There are 1 faults will be injected in faulttable...
101029 microseconds
Fault on PT_F40(0X7f8e25086ee0 -> 0X7f8e25086e4f)
20 microseconds
[ 2016-10-27 11:16:6]Process 10502 termed with signal 11(SIGSEGV)
PT_F40-8_low_error-150 Test Num : 96
Inject into ../bin/hello
----- Type : 8_low_error Pos : PT_F40 -----
There are 1 faults will be injected in faulttable...
101177 microseconds
Fault on PT_F40(0X7fcfc4d09ee0 -> 0X7fcfc4d09e4f)
18 microseconds
[ 2016-10-27 11:16:6]Process 10504 termed with signal 11(SIGSEGV)
PT_F40-8_low_error-150 Test Num : 97
Inject into ../bin/hello
----- Type : 8_low_error Pos : PT_F40 -----
There are 1 faults will be injected in faulttable...
101268 microseconds
Fault on PT_F40(0X7f9235ab9ee0 -> 0X7f9235ab9e4f)
16 microseconds
[ 2016-10-27 11:16:6]Process 10506 termed with signal 11(SIGSEGV)
PT_F40-8_low_error-150 Test Num : 98
Inject into ../bin/hello
----- Type : 8_low_error Pos : PT_F40 -----
There are 1 faults will be injected in faulttable...
101156 microseconds
Fault on PT_F40(0X7f8150e38ee0 -> 0X7f8150e38e4f)
17 microseconds
[ 2016-10-27 11:16:6]Process 10508 termed with signal 11(SIGSEGV)
PT_F40-8_low_error-150 Test Num : 99
Inject into ../bin/hello
----- Type : 8_low_error Pos : PT_F40 -----
There are 1 faults will be injected in faulttable...
101247 microseconds
Fault on PT_F40(0X7ff05d3a8ee0 -> 0X7ff05d3a8e4f)
22 microseconds
[ 2016-10-27 11:16:6]Process 10510 termed with signal 11(SIGSEGV)
PT_F40-8_low_error-150 Test Num : 100
Inject into ../bin/hello
----- Type : 8_low_error Pos : PT_F40 -----
There are 1 faults will be injected in faulttable...
101627 microseconds
Fault on PT_F40(0X7ff93817dee0 -> 0X7ff93817de4f)
24 microseconds
[ 2016-10-27 11:16:6]Process 10512 termed with signal 11(SIGSEGV)
PT_F40-8_low_error-150 Test Num : 101
Inject into ../bin/hello
----- Type : 8_low_error Pos : PT_F40 -----
There are 1 faults will be injected in faulttable...
101650 microseconds
Fault on PT_F40(0X7ff000a33ee0 -> 0X7ff000a33e60)
22 microseconds
[ 2016-10-27 11:16:7]Process 10514 termed with signal 11(SIGSEGV)
PT_F40-8_low_error-150 Test Num : 102
Inject into ../bin/hello
----- Type : 8_low_error Pos : PT_F40 -----
There are 1 faults will be injected in faulttable...
101584 microseconds
Fault on PT_F40(0X7f148452eee0 -> 0X7f148452ee60)
24 microseconds
[ 2016-10-27 11:16:7]Process 10516 termed with signal 11(SIGSEGV)
PT_F40-8_low_error-150 Test Num : 103
Inject into ../bin/hello
----- Type : 8_low_error Pos : PT_F40 -----
There are 1 faults will be injected in faulttable...
100119 microseconds
Fault on PT_F40(0X7fef6ffe2ee0 -> 0X7fef6ffe2e60)
189 microseconds
[ 2016-10-27 11:16:7]Process 10518 termed with signal 11(SIGSEGV)
PT_F40-8_low_error-150 Test Num : 104
Inject into ../bin/hello
----- Type : 8_low_error Pos : PT_F40 -----
There are 1 faults will be injected in faulttable...
101563 microseconds
Fault on PT_F40(0X7f7995725ee0 -> 0X7f7995725e60)
19 microseconds
[ 2016-10-27 11:16:7]Process 10520 termed with signal 11(SIGSEGV)
PT_F40-8_low_error-150 Test Num : 105
Inject into ../bin/hello
----- Type : 8_low_error Pos : PT_F40 -----
There are 1 faults will be injected in faulttable...
100132 microseconds
Fault on PT_F40(0X7f9d14a5cee0 -> 0X7f9d14a5ce60)
20 microseconds
[ 2016-10-27 11:16:7]Process 10522 termed with signal 11(SIGSEGV)
PT_F40-8_low_error-150 Test Num : 106
Inject into ../bin/hello
----- Type : 8_low_error Pos : PT_F40 -----
There are 1 faults will be injected in faulttable...
101400 microseconds
Fault on PT_F40(0X7f8237163ee0 -> 0X7f8237163e60)
24 microseconds
[ 2016-10-27 11:16:7]Process 10524 termed with signal 11(SIGSEGV)
PT_F40-8_low_error-150 Test Num : 107
Inject into ../bin/hello
----- Type : 8_low_error Pos : PT_F40 -----
There are 1 faults will be injected in faulttable...
101453 microseconds
Fault on PT_F40(0X7f4d0f9bfee0 -> 0X7f4d0f9bfe60)
17 microseconds
[ 2016-10-27 11:16:7]Process 10526 termed with signal 11(SIGSEGV)
PT_F40-8_low_error-150 Test Num : 108
Inject into ../bin/hello
----- Type : 8_low_error Pos : PT_F40 -----
There are 1 faults will be injected in faulttable...
101377 microseconds
Fault on PT_F40(0X7fe3e6ff5ee0 -> 0X7fe3e6ff5e60)
13 microseconds
[ 2016-10-27 11:16:7]Process 10528 termed with signal 11(SIGSEGV)
PT_F40-8_low_error-150 Test Num : 109
Inject into ../bin/hello
----- Type : 8_low_error Pos : PT_F40 -----
There are 1 faults will be injected in faulttable...
101017 microseconds
Fault on PT_F40(0X7f04a3f8dee0 -> 0X7f04a3f8de60)
27 microseconds
[ 2016-10-27 11:16:7]Process 10530 termed with signal 11(SIGSEGV)
PT_F40-8_low_error-150 Test Num : 110
Inject into ../bin/hello
----- Type : 8_low_error Pos : PT_F40 -----
There are 1 faults will be injected in faulttable...
101530 microseconds
Fault on PT_F40(0X7f4511943ee0 -> 0X7f4511943eec)
22 microseconds
[ 2016-10-27 11:16:8]Process 10532 termed with signal 11(SIGSEGV)
PT_F40-8_low_error-150 Test Num : 111
Inject into ../bin/hello
----- Type : 8_low_error Pos : PT_F40 -----
There are 1 faults will be injected in faulttable...
101156 microseconds
Fault on PT_F40(0X7fe37ccc2ee0 -> 0X7fe37ccc2eec)
16 microseconds
[ 2016-10-27 11:16:8]Process 10534 termed with signal 11(SIGSEGV)
PT_F40-8_low_error-150 Test Num : 112
Inject into ../bin/hello
----- Type : 8_low_error Pos : PT_F40 -----
There are 1 faults will be injected in faulttable...
101154 microseconds
Fault on PT_F40(0X7f3b3e34eee0 -> 0X7f3b3e34eeec)
24 microseconds
[ 2016-10-27 11:16:8]Process 10536 termed with signal 11(SIGSEGV)
PT_F40-8_low_error-150 Test Num : 113
Inject into ../bin/hello
----- Type : 8_low_error Pos : PT_F40 -----
There are 1 faults will be injected in faulttable...
101648 microseconds
Fault on PT_F40(0X7fe7f10cbee0 -> 0X7fe7f10cbeec)
24 microseconds
[ 2016-10-27 11:16:8]Process 10538 termed with signal 11(SIGSEGV)
PT_F40-8_low_error-150 Test Num : 114
Inject into ../bin/hello
----- Type : 8_low_error Pos : PT_F40 -----
There are 1 faults will be injected in faulttable...
101392 microseconds
Fault on PT_F40(0X7ff12c94dee0 -> 0X7ff12c94deec)
20 microseconds
[ 2016-10-27 11:16:8]Process 10540 termed with signal 11(SIGSEGV)
PT_F40-8_low_error-150 Test Num : 115
Inject into ../bin/hello
----- Type : 8_low_error Pos : PT_F40 -----
There are 1 faults will be injected in faulttable...
101086 microseconds
Fault on PT_F40(0X7f07f4922ee0 -> 0X7f07f4922eec)
15 microseconds
[ 2016-10-27 11:16:8]Process 10542 termed with signal 11(SIGSEGV)
PT_F40-8_low_error-150 Test Num : 116
Inject into ../bin/hello
----- Type : 8_low_error Pos : PT_F40 -----
There are 1 faults will be injected in faulttable...
100985 microseconds
Fault on PT_F40(0X7f2707629ee0 -> 0X7f2707629eec)
16 microseconds
[ 2016-10-27 11:16:8]Process 10544 termed with signal 11(SIGSEGV)
PT_F40-8_low_error-150 Test Num : 117
Inject into ../bin/hello
----- Type : 8_low_error Pos : PT_F40 -----
There are 1 faults will be injected in faulttable...
100955 microseconds
Fault on PT_F40(0X7f151571aee0 -> 0X7f151571aeec)
16 microseconds
[ 2016-10-27 11:16:8]Process 10546 termed with signal 11(SIGSEGV)
PT_F40-8_low_error-150 Test Num : 118
Inject into ../bin/hello
----- Type : 8_low_error Pos : PT_F40 -----
There are 1 faults will be injected in faulttable...
100989 microseconds
Fault on PT_F40(0X7f5246ae7ee0 -> 0X7f5246ae7eec)
22 microseconds
[ 2016-10-27 11:16:8]Process 10548 termed with signal 11(SIGSEGV)
PT_F40-8_low_error-150 Test Num : 119
Inject into ../bin/hello
----- Type : 8_low_error Pos : PT_F40 -----
There are 1 faults will be injected in faulttable...
101265 microseconds
Fault on PT_F40(0X7f2ca0949ee0 -> 0X7f2ca0949e2a)
25 microseconds
[ 2016-10-27 11:16:9]Process 10550 termed with signal 11(SIGSEGV)
PT_F40-8_low_error-150 Test Num : 120
Inject into ../bin/hello
----- Type : 8_low_error Pos : PT_F40 -----
There are 1 faults will be injected in faulttable...
101038 microseconds
Fault on PT_F40(0X7f8fce1b5ee0 -> 0X7f8fce1b5e2a)
24 microseconds
[ 2016-10-27 11:16:9]Process 10552 termed with signal 11(SIGSEGV)
PT_F40-8_low_error-150 Test Num : 121
Inject into ../bin/hello
----- Type : 8_low_error Pos : PT_F40 -----
There are 1 faults will be injected in faulttable...
101474 microseconds
Fault on PT_F40(0X7fa13515cee0 -> 0X7fa13515ce2a)
26 microseconds
[ 2016-10-27 11:16:9]Process 10554 termed with signal 11(SIGSEGV)
PT_F40-8_low_error-150 Test Num : 122
Inject into ../bin/hello
----- Type : 8_low_error Pos : PT_F40 -----
There are 1 faults will be injected in faulttable...
101390 microseconds
Fault on PT_F40(0X7f3db6139ee0 -> 0X7f3db6139e2a)
13 microseconds
[ 2016-10-27 11:16:9]Process 10556 termed with signal 11(SIGSEGV)
PT_F40-8_low_error-150 Test Num : 123
Inject into ../bin/hello
----- Type : 8_low_error Pos : PT_F40 -----
There are 1 faults will be injected in faulttable...
100981 microseconds
Fault on PT_F40(0X7fdf398faee0 -> 0X7fdf398fae2a)
16 microseconds
[ 2016-10-27 11:16:9]Process 10558 termed with signal 11(SIGSEGV)
PT_F40-8_low_error-150 Test Num : 124
Inject into ../bin/hello
----- Type : 8_low_error Pos : PT_F40 -----
There are 1 faults will be injected in faulttable...
101027 microseconds
Fault on PT_F40(0X7f441672bee0 -> 0X7f441672be2a)
17 microseconds
[ 2016-10-27 11:16:9]Process 10560 termed with signal 11(SIGSEGV)
PT_F40-8_low_error-150 Test Num : 125
Inject into ../bin/hello
----- Type : 8_low_error Pos : PT_F40 -----
There are 1 faults will be injected in faulttable...
101194 microseconds
Fault on PT_F40(0X7f83d39baee0 -> 0X7f83d39bae2a)
22 microseconds
[ 2016-10-27 11:16:9]Process 10562 termed with signal 11(SIGSEGV)
PT_F40-8_low_error-150 Test Num : 126
Inject into ../bin/hello
----- Type : 8_low_error Pos : PT_F40 -----
There are 1 faults will be injected in faulttable...
100953 microseconds
Fault on PT_F40(0X7fcd89925ee0 -> 0X7fcd89925e2a)
16 microseconds
[ 2016-10-27 11:16:9]Process 10564 termed with signal 11(SIGSEGV)
PT_F40-8_low_error-150 Test Num : 127
Inject into ../bin/hello
----- Type : 8_low_error Pos : PT_F40 -----
There are 1 faults will be injected in faulttable...
101007 microseconds
Fault on PT_F40(0X7f94f744dee0 -> 0X7f94f744de2a)
15 microseconds
[ 2016-10-27 11:16:9]Process 10566 termed with signal 11(SIGSEGV)
PT_F40-8_low_error-150 Test Num : 128
Inject into ../bin/hello
----- Type : 8_low_error Pos : PT_F40 -----
There are 1 faults will be injected in faulttable...
100944 microseconds
Fault on PT_F40(0X7f5a31be6ee0 -> 0X7f5a31be6e2a)
14 microseconds
[ 2016-10-27 11:16:9]Process 10568 termed with signal 11(SIGSEGV)
PT_F40-8_low_error-150 Test Num : 129
Inject into ../bin/hello
----- Type : 8_low_error Pos : PT_F40 -----
There are 1 faults will be injected in faulttable...
101136 microseconds
Fault on PT_F40(0X7f98e5048ee0 -> 0X7f98e5048ec1)
13 microseconds
[2016-10-27 11:16:10]Process 10570 termed with signal 11(SIGSEGV)
PT_F40-8_low_error-150 Test Num : 130
Inject into ../bin/hello
----- Type : 8_low_error Pos : PT_F40 -----
There are 1 faults will be injected in faulttable...
101046 microseconds
Fault on PT_F40(0X7f75d3b98ee0 -> 0X7f75d3b98ec1)
14 microseconds
[2016-10-27 11:16:10]Process 10572 termed with signal 11(SIGSEGV)
PT_F40-8_low_error-150 Test Num : 131
Inject into ../bin/hello
----- Type : 8_low_error Pos : PT_F40 -----
There are 1 faults will be injected in faulttable...
100074 microseconds
Fault on PT_F40(0X7f392137aee0 -> 0X7f392137aec1)
13 microseconds
[2016-10-27 11:16:10]Process 10574 termed with signal 11(SIGSEGV)
PT_F40-8_low_error-150 Test Num : 132
Inject into ../bin/hello
----- Type : 8_low_error Pos : PT_F40 -----
There are 1 faults will be injected in faulttable...
101054 microseconds
Fault on PT_F40(0X7f82c4432ee0 -> 0X7f82c4432ec1)
15 microseconds
[2016-10-27 11:16:10]Process 10576 termed with signal 11(SIGSEGV)
PT_F40-8_low_error-150 Test Num : 133
Inject into ../bin/hello
----- Type : 8_low_error Pos : PT_F40 -----
There are 1 faults will be injected in faulttable...
101043 microseconds
Fault on PT_F40(0X7f9aa2627ee0 -> 0X7f9aa2627ec1)
13 microseconds
[2016-10-27 11:16:10]Process 10578 termed with signal 11(SIGSEGV)
PT_F40-8_low_error-150 Test Num : 134
Inject into ../bin/hello
----- Type : 8_low_error Pos : PT_F40 -----
There are 1 faults will be injected in faulttable...
101151 microseconds
Fault on PT_F40(0X7f78bf354ee0 -> 0X7f78bf354ec1)
19 microseconds
[2016-10-27 11:16:10]Process 10580 termed with signal 11(SIGSEGV)
PT_F40-8_low_error-150 Test Num : 135
Inject into ../bin/hello
----- Type : 8_low_error Pos : PT_F40 -----
There are 1 faults will be injected in faulttable...
100146 microseconds
Fault on PT_F40(0X7fe7d1902ee0 -> 0X7fe7d1902ec1)
21 microseconds
[2016-10-27 11:16:10]Process 10582 termed with signal 11(SIGSEGV)
PT_F40-8_low_error-150 Test Num : 136
Inject into ../bin/hello
----- Type : 8_low_error Pos : PT_F40 -----
There are 1 faults will be injected in faulttable...
101163 microseconds
Fault on PT_F40(0X7f993c57fee0 -> 0X7f993c57fec1)
20 microseconds
[2016-10-27 11:16:10]Process 10584 termed with signal 11(SIGSEGV)
PT_F40-8_low_error-150 Test Num : 137
Inject into ../bin/hello
----- Type : 8_low_error Pos : PT_F40 -----
There are 1 faults will be injected in faulttable...
101050 microseconds
Fault on PT_F40(0X7f31b1f1fee0 -> 0X7f31b1f1fec1)
21 microseconds
[2016-10-27 11:16:10]Process 10586 termed with signal 11(SIGSEGV)
PT_F40-8_low_error-150 Test Num : 138
Inject into ../bin/hello
----- Type : 8_low_error Pos : PT_F40 -----
There are 1 faults will be injected in faulttable...
101337 microseconds
Fault on PT_F40(0X7f9974192ee0 -> 0X7f9974192ece)
17 microseconds
[2016-10-27 11:16:11]Process 10588 termed with signal 4(SIGILL)
PT_F40-8_low_error-150 Test Num : 139
Inject into ../bin/hello
----- Type : 8_low_error Pos : PT_F40 -----
There are 1 faults will be injected in faulttable...
101119 microseconds
Fault on PT_F40(0X7f1b87e92ee0 -> 0X7f1b87e92ece)
29 microseconds
[2016-10-27 11:16:11]Process 10590 termed with signal 4(SIGILL)
PT_F40-8_low_error-150 Test Num : 140
Inject into ../bin/hello
----- Type : 8_low_error Pos : PT_F40 -----
There are 1 faults will be injected in faulttable...
101168 microseconds
Fault on PT_F40(0X7f381fe55ee0 -> 0X7f381fe55ece)
18 microseconds
[2016-10-27 11:16:11]Process 10592 termed with signal 4(SIGILL)
PT_F40-8_low_error-150 Test Num : 141
Inject into ../bin/hello
----- Type : 8_low_error Pos : PT_F40 -----
There are 1 faults will be injected in faulttable...
101137 microseconds
Fault on PT_F40(0X7f2992c36ee0 -> 0X7f2992c36ece)
19 microseconds
[2016-10-27 11:16:11]Process 10594 termed with signal 4(SIGILL)
PT_F40-8_low_error-150 Test Num : 142
Inject into ../bin/hello
----- Type : 8_low_error Pos : PT_F40 -----
There are 1 faults will be injected in faulttable...
100283 microseconds
Fault on PT_F40(0X7f92ef60cee0 -> 0X7f92ef60cece)
26 microseconds
[2016-10-27 11:16:11]Process 10596 termed with signal 4(SIGILL)
PT_F40-8_low_error-150 Test Num : 143
Inject into ../bin/hello
----- Type : 8_low_error Pos : PT_F40 -----
There are 1 faults will be injected in faulttable...
101343 microseconds
Fault on PT_F40(0X7f5a2a741ee0 -> 0X7f5a2a741ece)
21 microseconds
[2016-10-27 11:16:11]Process 10598 termed with signal 4(SIGILL)
PT_F40-8_low_error-150 Test Num : 144
Inject into ../bin/hello
----- Type : 8_low_error Pos : PT_F40 -----
There are 1 faults will be injected in faulttable...
101157 microseconds
Fault on PT_F40(0X7ff3b084bee0 -> 0X7ff3b084bece)
27 microseconds
[2016-10-27 11:16:11]Process 10600 termed with signal 4(SIGILL)
PT_F40-8_low_error-150 Test Num : 145
Inject into ../bin/hello
----- Type : 8_low_error Pos : PT_F40 -----
There are 1 faults will be injected in faulttable...
101250 microseconds
Fault on PT_F40(0X7fdd1a97cee0 -> 0X7fdd1a97cece)
29 microseconds
[2016-10-27 11:16:11]Process 10602 termed with signal 4(SIGILL)
PT_F40-8_low_error-150 Test Num : 146
Inject into ../bin/hello
----- Type : 8_low_error Pos : PT_F40 -----
There are 1 faults will be injected in faulttable...
100141 microseconds
Fault on PT_F40(0X7f38eebdaee0 -> 0X7f38eebdaece)
28 microseconds
[2016-10-27 11:16:11]Process 10604 termed with signal 4(SIGILL)
PT_F40-8_low_error-150 Test Num : 147
Inject into ../bin/hello
----- Type : 8_low_error Pos : PT_F40 -----
There are 1 faults will be injected in faulttable...
101036 microseconds
Fault on PT_F40(0X7f5a11798ee0 -> 0X7f5a11798e68)
24 microseconds
[2016-10-27 11:16:12]Process 10606 termed with signal 11(SIGSEGV)
PT_F40-8_low_error-150 Test Num : 148
Inject into ../bin/hello
----- Type : 8_low_error Pos : PT_F40 -----
There are 1 faults will be injected in faulttable...
100260 microseconds
Fault on PT_F40(0X7fb55d8a0ee0 -> 0X7fb55d8a0e68)
25 microseconds
[2016-10-27 11:16:12]Process 10608 termed with signal 11(SIGSEGV)
PT_F40-8_low_error-150 Test Num : 149
Inject into ../bin/hello
----- Type : 8_low_error Pos : PT_F40 -----
There are 1 faults will be injected in faulttable...
101201 microseconds
Fault on PT_F40(0X7f0d4a20fee0 -> 0X7f0d4a20fe68)
30 microseconds
[2016-10-27 11:16:12]Process 10610 termed with signal 11(SIGSEGV)
PT_F40-8_low_error-150 Test Num : 150
Inject into ../bin/hello
----- Type : 8_low_error Pos : PT_F40 -----
There are 1 faults will be injected in faulttable...
101295 microseconds
Fault on PT_F40(0X7fe5f2611ee0 -> 0X7fe5f2611e68)
25 microseconds
[2016-10-27 11:16:12]Process 10612 termed with signal 11(SIGSEGV)
