PT_F40-2_bit_0-150 Test Num : 1
Inject into ../bin/hello
----- Type : 2_bit_0 Pos : PT_F40 -----
There are 1 faults will be injected in faulttable...
100080 microseconds
Fault on PT_F40(0X7f4deff3cee0 -> 0X7f4dcff3cee0)
16 microseconds
[2016-10-27 11:11:54]Process 8764 termed with signal 11(SIGSEGV)
PT_F40-2_bit_0-150 Test Num : 2
Inject into ../bin/hello
----- Type : 2_bit_0 Pos : PT_F40 -----
There are 1 faults will be injected in faulttable...
100900 microseconds
Fault on PT_F40(0X7f95d64f3ee0 -> 0X7f95d64f3ee0)
3000072 microseconds
timeout
[2016-10-27 11:11:57]Process 8766 termed with signal 14(SIGALRM)
PT_F40-2_bit_0-150 Test Num : 3
Inject into ../bin/hello
----- Type : 2_bit_0 Pos : PT_F40 -----
There are 1 faults will be injected in faulttable...
100993 microseconds
Fault on PT_F40(0X7f9e600dfee0 -> 0X7f9e600dfec0)
24 microseconds
[2016-10-27 11:11:57]Process 8768 termed with signal 4(SIGILL)
PT_F40-2_bit_0-150 Test Num : 4
Inject into ../bin/hello
----- Type : 2_bit_0 Pos : PT_F40 -----
There are 1 faults will be injected in faulttable...
100930 microseconds
Fault on PT_F40(0X7f2075323ee0 -> 0X7f2075323ec0)
24 microseconds
[2016-10-27 11:11:57]Process 8770 termed with signal 4(SIGILL)
PT_F40-2_bit_0-150 Test Num : 5
Inject into ../bin/hello
----- Type : 2_bit_0 Pos : PT_F40 -----
There are 1 faults will be injected in faulttable...
101033 microseconds
Fault on PT_F40(0X7f303c387ee0 -> 0X7f303c1876e0)
17 microseconds
[2016-10-27 11:11:58]Process 8772 termed with signal 11(SIGSEGV)
PT_F40-2_bit_0-150 Test Num : 6
Inject into ../bin/hello
----- Type : 2_bit_0 Pos : PT_F40 -----
There are 1 faults will be injected in faulttable...
101193 microseconds
Fault on PT_F40(0X7f62dd6beee0 -> 0X7f62dd4be6e0)
19 microseconds
[2016-10-27 11:11:58]Process 8774 termed with signal 11(SIGSEGV)
PT_F40-2_bit_0-150 Test Num : 7
Inject into ../bin/hello
----- Type : 2_bit_0 Pos : PT_F40 -----
There are 1 faults will be injected in faulttable...
100111 microseconds
Fault on PT_F40(0X7fc485bc5ee0 -> 0X7fc4859c56e0)
20 microseconds
[2016-10-27 11:11:58]Process 8776 termed with signal 11(SIGSEGV)
PT_F40-2_bit_0-150 Test Num : 8
Inject into ../bin/hello
----- Type : 2_bit_0 Pos : PT_F40 -----
There are 1 faults will be injected in faulttable...
101118 microseconds
Fault on PT_F40(0X7f0eb6c14ee0 -> 0X7f0eb6c146e0)
22 microseconds
[2016-10-27 11:11:58]Process 8778 termed with signal 11(SIGSEGV)
PT_F40-2_bit_0-150 Test Num : 9
Inject into ../bin/hello
----- Type : 2_bit_0 Pos : PT_F40 -----
There are 1 faults will be injected in faulttable...
101107 microseconds
Fault on PT_F40(0X7f8cebbc7ee0 -> 0X7f8ceb9c76e0)
15 microseconds
[2016-10-27 11:11:58]Process 8780 termed with signal 11(SIGSEGV)
PT_F40-2_bit_0-150 Test Num : 10
Inject into ../bin/hello
----- Type : 2_bit_0 Pos : PT_F40 -----
There are 1 faults will be injected in faulttable...
101819 microseconds
Fault on PT_F40(0X7fd10bc2dee0 -> 0X7fd10bc2d6e0)
12 microseconds
[2016-10-27 11:11:58]Process 8782 termed with signal 11(SIGSEGV)
PT_F40-2_bit_0-150 Test Num : 11
Inject into ../bin/hello
----- Type : 2_bit_0 Pos : PT_F40 -----
There are 1 faults will be injected in faulttable...
100943 microseconds
Fault on PT_F40(0X7f3bf9261ee0 -> 0X7f3bf90616e0)
14 microseconds
[2016-10-27 11:11:58]Process 8784 termed with signal 11(SIGSEGV)
PT_F40-2_bit_0-150 Test Num : 12
Inject into ../bin/hello
----- Type : 2_bit_0 Pos : PT_F40 -----
There are 1 faults will be injected in faulttable...
101027 microseconds
Fault on PT_F40(0X7feb73cc5ee0 -> 0X7feb73cc56e0)
151 microseconds
[2016-10-27 11:11:58]Process 8786 termed with signal 11(SIGSEGV)
PT_F40-2_bit_0-150 Test Num : 13
Inject into ../bin/hello
----- Type : 2_bit_0 Pos : PT_F40 -----
There are 1 faults will be injected in faulttable...
100972 microseconds
Fault on PT_F40(0X7fd93e478ee0 -> 0X7fd93e4786e0)
21 microseconds
[2016-10-27 11:11:58]Process 8788 termed with signal 11(SIGSEGV)
PT_F40-2_bit_0-150 Test Num : 14
Inject into ../bin/hello
----- Type : 2_bit_0 Pos : PT_F40 -----
There are 1 faults will be injected in faulttable...
101523 microseconds
Fault on PT_F40(0X7f1c64f36ee0 -> 0X7f1c64f36ee0)
3000118 microseconds
timeout
[ 2016-10-27 11:12:2]Process 8790 termed with signal 14(SIGALRM)
PT_F40-2_bit_0-150 Test Num : 15
Inject into ../bin/hello
----- Type : 2_bit_0 Pos : PT_F40 -----
There are 1 faults will be injected in faulttable...
101675 microseconds
Fault on PT_F40(0X7f3636956ee0 -> 0X7f3636956ee0)
3000134 microseconds
timeout
[ 2016-10-27 11:12:5]Process 8792 termed with signal 14(SIGALRM)
PT_F40-2_bit_0-150 Test Num : 16
Inject into ../bin/hello
----- Type : 2_bit_0 Pos : PT_F40 -----
There are 1 faults will be injected in faulttable...
100075 microseconds
Fault on PT_F40(0X7f6392b4bee0 -> 0X6f6392b4bee0)
16 microseconds
[ 2016-10-27 11:12:5]Process 8794 termed with signal 11(SIGSEGV)
PT_F40-2_bit_0-150 Test Num : 17
Inject into ../bin/hello
----- Type : 2_bit_0 Pos : PT_F40 -----
There are 1 faults will be injected in faulttable...
101265 microseconds
Fault on PT_F40(0X7fe22cfedee0 -> 0X6fe22cfedee0)
18 microseconds
[ 2016-10-27 11:12:5]Process 8796 termed with signal 11(SIGSEGV)
PT_F40-2_bit_0-150 Test Num : 18
Inject into ../bin/hello
----- Type : 2_bit_0 Pos : PT_F40 -----
There are 1 faults will be injected in faulttable...
101350 microseconds
Fault on PT_F40(0X7f1ea70e9ee0 -> 0X6f1ea70e9ee0)
9 microseconds
[ 2016-10-27 11:12:5]Process 8798 termed with signal 11(SIGSEGV)
PT_F40-2_bit_0-150 Test Num : 19
Inject into ../bin/hello
----- Type : 2_bit_0 Pos : PT_F40 -----
There are 1 faults will be injected in faulttable...
101030 microseconds
Fault on PT_F40(0X7f0a1ce59ee0 -> 0X6f0a1ce59ee0)
13 microseconds
[ 2016-10-27 11:12:5]Process 8800 termed with signal 11(SIGSEGV)
PT_F40-2_bit_0-150 Test Num : 20
Inject into ../bin/hello
----- Type : 2_bit_0 Pos : PT_F40 -----
There are 1 faults will be injected in faulttable...
101558 microseconds
Fault on PT_F40(0X7f2ad4fe9ee0 -> 0X6f2ad4fe9ee0)
22 microseconds
[ 2016-10-27 11:12:5]Process 8802 termed with signal 11(SIGSEGV)
PT_F40-2_bit_0-150 Test Num : 21
Inject into ../bin/hello
----- Type : 2_bit_0 Pos : PT_F40 -----
There are 1 faults will be injected in faulttable...
101268 microseconds
Fault on PT_F40(0X7f61a4388ee0 -> 0X6f61a4388ee0)
29 microseconds
[ 2016-10-27 11:12:5]Process 8804 termed with signal 11(SIGSEGV)
PT_F40-2_bit_0-150 Test Num : 22
Inject into ../bin/hello
----- Type : 2_bit_0 Pos : PT_F40 -----
There are 1 faults will be injected in faulttable...
101296 microseconds
Fault on PT_F40(0X7f0eee7bdee0 -> 0X6f0eee7bdee0)
19 microseconds
[ 2016-10-27 11:12:5]Process 8806 termed with signal 11(SIGSEGV)
PT_F40-2_bit_0-150 Test Num : 23
Inject into ../bin/hello
----- Type : 2_bit_0 Pos : PT_F40 -----
There are 1 faults will be injected in faulttable...
100269 microseconds
Fault on PT_F40(0X7f1865ac6ee0 -> 0X7b1865ac6ee0)
21 microseconds
[ 2016-10-27 11:12:6]Process 8808 termed with signal 11(SIGSEGV)
PT_F40-2_bit_0-150 Test Num : 24
Inject into ../bin/hello
----- Type : 2_bit_0 Pos : PT_F40 -----
There are 1 faults will be injected in faulttable...
101319 microseconds
Fault on PT_F40(0X7fc394ec9ee0 -> 0X7bc394ec9ee0)
20 microseconds
[ 2016-10-27 11:12:6]Process 8810 termed with signal 11(SIGSEGV)
PT_F40-2_bit_0-150 Test Num : 25
Inject into ../bin/hello
----- Type : 2_bit_0 Pos : PT_F40 -----
There are 1 faults will be injected in faulttable...
101267 microseconds
Fault on PT_F40(0X7fdc2b73fee0 -> 0X7bdc2b73fee0)
27 microseconds
[ 2016-10-27 11:12:6]Process 8812 termed with signal 11(SIGSEGV)
PT_F40-2_bit_0-150 Test Num : 26
Inject into ../bin/hello
----- Type : 2_bit_0 Pos : PT_F40 -----
There are 1 faults will be injected in faulttable...
100116 microseconds
Fault on PT_F40(0X7f9ba19d4ee0 -> 0X7b9ba19d4ee0)
17 microseconds
[ 2016-10-27 11:12:6]Process 8814 termed with signal 11(SIGSEGV)
PT_F40-2_bit_0-150 Test Num : 27
Inject into ../bin/hello
----- Type : 2_bit_0 Pos : PT_F40 -----
There are 1 faults will be injected in faulttable...
101303 microseconds
Fault on PT_F40(0X7f0298aa7ee0 -> 0X7b0298aa7ee0)
21 microseconds
[ 2016-10-27 11:12:6]Process 8816 termed with signal 11(SIGSEGV)
PT_F40-2_bit_0-150 Test Num : 28
Inject into ../bin/hello
----- Type : 2_bit_0 Pos : PT_F40 -----
There are 1 faults will be injected in faulttable...
100997 microseconds
Fault on PT_F40(0X7faf36fd7ee0 -> 0X7baf36fd7ee0)
20 microseconds
[ 2016-10-27 11:12:6]Process 8818 termed with signal 11(SIGSEGV)
PT_F40-2_bit_0-150 Test Num : 29
Inject into ../bin/hello
----- Type : 2_bit_0 Pos : PT_F40 -----
There are 1 faults will be injected in faulttable...
101102 microseconds
Fault on PT_F40(0X7fa14944bee0 -> 0X7ba14944bee0)
18 microseconds
[ 2016-10-27 11:12:6]Process 8820 termed with signal 11(SIGSEGV)
PT_F40-2_bit_0-150 Test Num : 30
Inject into ../bin/hello
----- Type : 2_bit_0 Pos : PT_F40 -----
There are 1 faults will be injected in faulttable...
101107 microseconds
Fault on PT_F40(0X7fcfc822cee0 -> 0X7bcfc822cee0)
14 microseconds
[ 2016-10-27 11:12:6]Process 8822 termed with signal 11(SIGSEGV)
PT_F40-2_bit_0-150 Test Num : 31
Inject into ../bin/hello
----- Type : 2_bit_0 Pos : PT_F40 -----
There are 1 faults will be injected in faulttable...
100911 microseconds
Fault on PT_F40(0X7fe9f25deee0 -> 0X7be9f25deee0)
16 microseconds
[ 2016-10-27 11:12:6]Process 8824 termed with signal 11(SIGSEGV)
PT_F40-2_bit_0-150 Test Num : 32
Inject into ../bin/hello
----- Type : 2_bit_0 Pos : PT_F40 -----
There are 1 faults will be injected in faulttable...
101011 microseconds
Fault on PT_F40(0X7f4cad08aee0 -> 0X7b4cad08aee0)
20 microseconds
[ 2016-10-27 11:12:6]Process 8826 termed with signal 11(SIGSEGV)
PT_F40-2_bit_0-150 Test Num : 33
Inject into ../bin/hello
----- Type : 2_bit_0 Pos : PT_F40 -----
There are 1 faults will be injected in faulttable...
101540 microseconds
Fault on PT_F40(0X7f5d2ed21ee0 -> 0X7f5d2cd21ee0)
25 microseconds
[ 2016-10-27 11:12:7]Process 8828 termed with signal 11(SIGSEGV)
PT_F40-2_bit_0-150 Test Num : 34
Inject into ../bin/hello
----- Type : 2_bit_0 Pos : PT_F40 -----
There are 1 faults will be injected in faulttable...
101300 microseconds
Fault on PT_F40(0X7f94fe81dee0 -> 0X7f94fc81dee0)
15 microseconds
[ 2016-10-27 11:12:7]Process 8830 termed with signal 11(SIGSEGV)
PT_F40-2_bit_0-150 Test Num : 35
Inject into ../bin/hello
----- Type : 2_bit_0 Pos : PT_F40 -----
There are 1 faults will be injected in faulttable...
100969 microseconds
Fault on PT_F40(0X7effc917fee0 -> 0X7effc917fee0)
3000158 microseconds
timeout
[2016-10-27 11:12:10]Process 8832 termed with signal 14(SIGALRM)
PT_F40-2_bit_0-150 Test Num : 36
Inject into ../bin/hello
----- Type : 2_bit_0 Pos : PT_F40 -----
There are 1 faults will be injected in faulttable...
101103 microseconds
Fault on PT_F40(0X7f5b91c66ee0 -> 0X7f5911c66ee0)
20 microseconds
[2016-10-27 11:12:10]Process 8834 termed with signal 11(SIGSEGV)
PT_F40-2_bit_0-150 Test Num : 37
Inject into ../bin/hello
----- Type : 2_bit_0 Pos : PT_F40 -----
There are 1 faults will be injected in faulttable...
101532 microseconds
Fault on PT_F40(0X7f692bf0dee0 -> 0X7f692bf0dee0)
3000090 microseconds
timeout
[2016-10-27 11:12:13]Process 8836 termed with signal 14(SIGALRM)
PT_F40-2_bit_0-150 Test Num : 38
Inject into ../bin/hello
----- Type : 2_bit_0 Pos : PT_F40 -----
There are 1 faults will be injected in faulttable...
101114 microseconds
Fault on PT_F40(0X7f9fccbdeee0 -> 0X7f9fccbd6ee0)
19 microseconds
[2016-10-27 11:12:13]Process 8838 termed with signal 11(SIGSEGV)
PT_F40-2_bit_0-150 Test Num : 39
Inject into ../bin/hello
----- Type : 2_bit_0 Pos : PT_F40 -----
There are 1 faults will be injected in faulttable...
101053 microseconds
Fault on PT_F40(0X7fd7bc650ee0 -> 0X7fd7bc650ee0)
3000058 microseconds
timeout
[2016-10-27 11:12:16]Process 8840 termed with signal 14(SIGALRM)
PT_F40-2_bit_0-150 Test Num : 40
Inject into ../bin/hello
----- Type : 2_bit_0 Pos : PT_F40 -----
There are 1 faults will be injected in faulttable...
101071 microseconds
Fault on PT_F40(0X7fbcb07efee0 -> 0X6fbcb07efee0)
15 microseconds
[2016-10-27 11:12:16]Process 8842 termed with signal 11(SIGSEGV)
PT_F40-2_bit_0-150 Test Num : 41
Inject into ../bin/hello
----- Type : 2_bit_0 Pos : PT_F40 -----
There are 1 faults will be injected in faulttable...
101146 microseconds
Fault on PT_F40(0X7feabf4bbee0 -> 0X6feabf4bbee0)
15 microseconds
[2016-10-27 11:12:16]Process 8844 termed with signal 11(SIGSEGV)
PT_F40-2_bit_0-150 Test Num : 42
Inject into ../bin/hello
----- Type : 2_bit_0 Pos : PT_F40 -----
There are 1 faults will be injected in faulttable...
101085 microseconds
Fault on PT_F40(0X7fee63309ee0 -> 0X7dee63309ee0)
14 microseconds
[2016-10-27 11:12:17]Process 8846 termed with signal 11(SIGSEGV)
PT_F40-2_bit_0-150 Test Num : 43
Inject into ../bin/hello
----- Type : 2_bit_0 Pos : PT_F40 -----
There are 1 faults will be injected in faulttable...
101052 microseconds
Fault on PT_F40(0X7f26f7154ee0 -> 0X7d26f7154ee0)
14 microseconds
[2016-10-27 11:12:17]Process 8848 termed with signal 11(SIGSEGV)
PT_F40-2_bit_0-150 Test Num : 44
Inject into ../bin/hello
----- Type : 2_bit_0 Pos : PT_F40 -----
There are 1 faults will be injected in faulttable...
101072 microseconds
Fault on PT_F40(0X7efc7b6c6ee0 -> 0X7cfc7b6c6ee0)
23 microseconds
[2016-10-27 11:12:17]Process 8850 termed with signal 11(SIGSEGV)
PT_F40-2_bit_0-150 Test Num : 45
Inject into ../bin/hello
----- Type : 2_bit_0 Pos : PT_F40 -----
There are 1 faults will be injected in faulttable...
101032 microseconds
Fault on PT_F40(0X7fc380692ee0 -> 0X7dc380692ee0)
15 microseconds
[2016-10-27 11:12:17]Process 8852 termed with signal 11(SIGSEGV)
PT_F40-2_bit_0-150 Test Num : 46
Inject into ../bin/hello
----- Type : 2_bit_0 Pos : PT_F40 -----
There are 1 faults will be injected in faulttable...
101020 microseconds
Fault on PT_F40(0X7ffa9edccee0 -> 0X7dfa9edccee0)
17 microseconds
[2016-10-27 11:12:17]Process 8854 termed with signal 11(SIGSEGV)
PT_F40-2_bit_0-150 Test Num : 47
Inject into ../bin/hello
----- Type : 2_bit_0 Pos : PT_F40 -----
There are 1 faults will be injected in faulttable...
101066 microseconds
Fault on PT_F40(0X7efc0ebffee0 -> 0X7cfc0ebffee0)
15 microseconds
[2016-10-27 11:12:17]Process 8856 termed with signal 11(SIGSEGV)
PT_F40-2_bit_0-150 Test Num : 48
Inject into ../bin/hello
----- Type : 2_bit_0 Pos : PT_F40 -----
There are 1 faults will be injected in faulttable...
101675 microseconds
Fault on PT_F40(0X7f2364c96ee0 -> 0X7d2364c96ee0)
22 microseconds
[2016-10-27 11:12:17]Process 8858 termed with signal 11(SIGSEGV)
PT_F40-2_bit_0-150 Test Num : 49
Inject into ../bin/hello
----- Type : 2_bit_0 Pos : PT_F40 -----
There are 1 faults will be injected in faulttable...
101366 microseconds
Fault on PT_F40(0X7fdacbf34ee0 -> 0X7ddacbf34ee0)
14 microseconds
[2016-10-27 11:12:17]Process 8860 termed with signal 11(SIGSEGV)
PT_F40-2_bit_0-150 Test Num : 50
Inject into ../bin/hello
----- Type : 2_bit_0 Pos : PT_F40 -----
There are 1 faults will be injected in faulttable...
101300 microseconds
Fault on PT_F40(0X7f915f1feee0 -> 0X7d915f1feee0)
17 microseconds
[2016-10-27 11:12:17]Process 8862 termed with signal 11(SIGSEGV)
PT_F40-2_bit_0-150 Test Num : 51
Inject into ../bin/hello
----- Type : 2_bit_0 Pos : PT_F40 -----
There are 1 faults will be injected in faulttable...
101151 microseconds
Fault on PT_F40(0X7ff79806fee0 -> 0X3ff798067ee0)
13 microseconds
[2016-10-27 11:12:18]Process 8864 termed with signal 11(SIGSEGV)
PT_F40-2_bit_0-150 Test Num : 52
Inject into ../bin/hello
----- Type : 2_bit_0 Pos : PT_F40 -----
There are 1 faults will be injected in faulttable...
101217 microseconds
Fault on PT_F40(0X7f594c45fee0 -> 0X3f594c457ee0)
14 microseconds
[2016-10-27 11:12:18]Process 8866 termed with signal 11(SIGSEGV)
PT_F40-2_bit_0-150 Test Num : 53
Inject into ../bin/hello
----- Type : 2_bit_0 Pos : PT_F40 -----
There are 1 faults will be injected in faulttable...
101131 microseconds
Fault on PT_F40(0X7fb54c414ee0 -> 0X3fb54c414ee0)
15 microseconds
[2016-10-27 11:12:18]Process 8868 termed with signal 11(SIGSEGV)
PT_F40-2_bit_0-150 Test Num : 54
Inject into ../bin/hello
----- Type : 2_bit_0 Pos : PT_F40 -----
There are 1 faults will be injected in faulttable...
101342 microseconds
Fault on PT_F40(0X7f60dcca3ee0 -> 0X3f60dcca3ee0)
19 microseconds
[2016-10-27 11:12:18]Process 8870 termed with signal 11(SIGSEGV)
PT_F40-2_bit_0-150 Test Num : 55
Inject into ../bin/hello
----- Type : 2_bit_0 Pos : PT_F40 -----
There are 1 faults will be injected in faulttable...
101255 microseconds
Fault on PT_F40(0X7f941976bee0 -> 0X3f9419763ee0)
22 microseconds
[2016-10-27 11:12:18]Process 8872 termed with signal 11(SIGSEGV)
PT_F40-2_bit_0-150 Test Num : 56
Inject into ../bin/hello
----- Type : 2_bit_0 Pos : PT_F40 -----
There are 1 faults will be injected in faulttable...
101140 microseconds
Fault on PT_F40(0X7f9820549ee0 -> 0X3f9820541ee0)
16 microseconds
[2016-10-27 11:12:18]Process 8874 termed with signal 11(SIGSEGV)
PT_F40-2_bit_0-150 Test Num : 57
Inject into ../bin/hello
----- Type : 2_bit_0 Pos : PT_F40 -----
There are 1 faults will be injected in faulttable...
100998 microseconds
Fault on PT_F40(0X7f3574049ee0 -> 0X3f3574041ee0)
16 microseconds
[2016-10-27 11:12:18]Process 8876 termed with signal 11(SIGSEGV)
PT_F40-2_bit_0-150 Test Num : 58
Inject into ../bin/hello
----- Type : 2_bit_0 Pos : PT_F40 -----
There are 1 faults will be injected in faulttable...
101034 microseconds
Fault on PT_F40(0X7ffa07104ee0 -> 0X3ffa07104ee0)
21 microseconds
[2016-10-27 11:12:18]Process 8878 termed with signal 11(SIGSEGV)
PT_F40-2_bit_0-150 Test Num : 59
Inject into ../bin/hello
----- Type : 2_bit_0 Pos : PT_F40 -----
There are 1 faults will be injected in faulttable...
100960 microseconds
Fault on PT_F40(0X7fde2222dee0 -> 0X3fde22225ee0)
16 microseconds
[2016-10-27 11:12:18]Process 8880 termed with signal 11(SIGSEGV)
PT_F40-2_bit_0-150 Test Num : 60
Inject into ../bin/hello
----- Type : 2_bit_0 Pos : PT_F40 -----
There are 1 faults will be injected in faulttable...
101456 microseconds
Fault on PT_F40(0X7fe553636ee0 -> 0X7fe152636ee0)
13 microseconds
[2016-10-27 11:12:19]Process 8882 termed with signal 11(SIGSEGV)
PT_F40-2_bit_0-150 Test Num : 61
Inject into ../bin/hello
----- Type : 2_bit_0 Pos : PT_F40 -----
There are 1 faults will be injected in faulttable...
101006 microseconds
Fault on PT_F40(0X7fcba516bee0 -> 0X7fcba416bee0)
14 microseconds
[2016-10-27 11:12:19]Process 8884 termed with signal 11(SIGSEGV)
PT_F40-2_bit_0-150 Test Num : 62
Inject into ../bin/hello
----- Type : 2_bit_0 Pos : PT_F40 -----
There are 1 faults will be injected in faulttable...
101022 microseconds
Fault on PT_F40(0X7f6ba5c86ee0 -> 0X7f6ba4c86ee0)
15 microseconds
[2016-10-27 11:12:19]Process 8886 termed with signal 11(SIGSEGV)
PT_F40-2_bit_0-150 Test Num : 63
Inject into ../bin/hello
----- Type : 2_bit_0 Pos : PT_F40 -----
There are 1 faults will be injected in faulttable...
101388 microseconds
Fault on PT_F40(0X7fbb576dbee0 -> 0X7fbb566dbee0)
16 microseconds
[2016-10-27 11:12:19]Process 8888 termed with signal 11(SIGSEGV)
PT_F40-2_bit_0-150 Test Num : 64
Inject into ../bin/hello
----- Type : 2_bit_0 Pos : PT_F40 -----
There are 1 faults will be injected in faulttable...
101014 microseconds
Fault on PT_F40(0X7eff5371bee0 -> 0X7efb5271bee0)
13 microseconds
[2016-10-27 11:12:19]Process 8890 termed with signal 11(SIGSEGV)
PT_F40-2_bit_0-150 Test Num : 65
Inject into ../bin/hello
----- Type : 2_bit_0 Pos : PT_F40 -----
There are 1 faults will be injected in faulttable...
101151 microseconds
Fault on PT_F40(0X7fae53c6eee0 -> 0X7faa52c6eee0)
18 microseconds
[2016-10-27 11:12:19]Process 8892 termed with signal 11(SIGSEGV)
PT_F40-2_bit_0-150 Test Num : 66
Inject into ../bin/hello
----- Type : 2_bit_0 Pos : PT_F40 -----
There are 1 faults will be injected in faulttable...
101350 microseconds
Fault on PT_F40(0X7fcad4937ee0 -> 0X7fcad4937ee0)
3000110 microseconds
timeout
[2016-10-27 11:12:22]Process 8894 termed with signal 14(SIGALRM)
PT_F40-2_bit_0-150 Test Num : 67
Inject into ../bin/hello
----- Type : 2_bit_0 Pos : PT_F40 -----
There are 1 faults will be injected in faulttable...
100119 microseconds
Fault on PT_F40(0X7f0cfe5c6ee0 -> 0X7f0cfe5c6ee0)
3000120 microseconds
timeout
[2016-10-27 11:12:25]Process 8896 termed with signal 14(SIGALRM)
PT_F40-2_bit_0-150 Test Num : 68
Inject into ../bin/hello
----- Type : 2_bit_0 Pos : PT_F40 -----
There are 1 faults will be injected in faulttable...
101054 microseconds
Fault on PT_F40(0X7effd70abee0 -> 0X7effd70abee0)
3000119 microseconds
timeout
[2016-10-27 11:12:28]Process 8898 termed with signal 14(SIGALRM)
PT_F40-2_bit_0-150 Test Num : 69
Inject into ../bin/hello
----- Type : 2_bit_0 Pos : PT_F40 -----
There are 1 faults will be injected in faulttable...
101415 microseconds
Fault on PT_F40(0X7fe5c8353ee0 -> 0X7fe5c8353ee0)
3000064 microseconds
timeout
[2016-10-27 11:12:32]Process 8900 termed with signal 14(SIGALRM)
PT_F40-2_bit_0-150 Test Num : 70
Inject into ../bin/hello
----- Type : 2_bit_0 Pos : PT_F40 -----
There are 1 faults will be injected in faulttable...
101126 microseconds
Fault on PT_F40(0X7f13b446aee0 -> 0X7f13b446aee0)
3000101 microseconds
timeout
[2016-10-27 11:12:35]Process 8902 termed with signal 14(SIGALRM)
PT_F40-2_bit_0-150 Test Num : 71
Inject into ../bin/hello
----- Type : 2_bit_0 Pos : PT_F40 -----
There are 1 faults will be injected in faulttable...
101382 microseconds
Fault on PT_F40(0X7f6d0acd8ee0 -> 0X7f6d0acd8ee0)
3000062 microseconds
timeout
[2016-10-27 11:12:38]Process 8904 termed with signal 14(SIGALRM)
PT_F40-2_bit_0-150 Test Num : 72
Inject into ../bin/hello
----- Type : 2_bit_0 Pos : PT_F40 -----
There are 1 faults will be injected in faulttable...
101384 microseconds
Fault on PT_F40(0X7f8acce47ee0 -> 0X7f8acce47ee0)
3000459 microseconds
timeout
[2016-10-27 11:12:41]Process 8906 termed with signal 14(SIGALRM)
PT_F40-2_bit_0-150 Test Num : 73
Inject into ../bin/hello
----- Type : 2_bit_0 Pos : PT_F40 -----
There are 1 faults will be injected in faulttable...
101232 microseconds
Fault on PT_F40(0X7f5cdbbe8ee0 -> 0X7f5cdbbc8ee0)
24 microseconds
[2016-10-27 11:12:41]Process 8908 termed with signal 11(SIGSEGV)
PT_F40-2_bit_0-150 Test Num : 74
Inject into ../bin/hello
----- Type : 2_bit_0 Pos : PT_F40 -----
There are 1 faults will be injected in faulttable...
101440 microseconds
Fault on PT_F40(0X7f757565bee0 -> 0X7f757565bee0)
3000605 microseconds
timeout
[2016-10-27 11:12:44]Process 8910 termed with signal 14(SIGALRM)
PT_F40-2_bit_0-150 Test Num : 75
Inject into ../bin/hello
----- Type : 2_bit_0 Pos : PT_F40 -----
There are 1 faults will be injected in faulttable...
101268 microseconds
Fault on PT_F40(0X7f6a9e2ddee0 -> 0X7f6a9e2dde60)
22 microseconds
[2016-10-27 11:12:44]Process 8912 termed with signal 11(SIGSEGV)
PT_F40-2_bit_0-150 Test Num : 76
Inject into ../bin/hello
----- Type : 2_bit_0 Pos : PT_F40 -----
There are 1 faults will be injected in faulttable...
101118 microseconds
Fault on PT_F40(0X7ff367af0ee0 -> 0X7ff367ad0e60)
19 microseconds
[2016-10-27 11:12:44]Process 8914 termed with signal 11(SIGSEGV)
PT_F40-2_bit_0-150 Test Num : 77
Inject into ../bin/hello
----- Type : 2_bit_0 Pos : PT_F40 -----
There are 1 faults will be injected in faulttable...
101128 microseconds
Fault on PT_F40(0X7f895990dee0 -> 0X7f895990de60)
22 microseconds
[2016-10-27 11:12:44]Process 8916 termed with signal 11(SIGSEGV)
PT_F40-2_bit_0-150 Test Num : 78
Inject into ../bin/hello
----- Type : 2_bit_0 Pos : PT_F40 -----
There are 1 faults will be injected in faulttable...
101024 microseconds
Fault on PT_F40(0X7fe33a035ee0 -> 0X7fe33a035e60)
12 microseconds
[2016-10-27 11:12:45]Process 8918 termed with signal 11(SIGSEGV)
PT_F40-2_bit_0-150 Test Num : 79
Inject into ../bin/hello
----- Type : 2_bit_0 Pos : PT_F40 -----
There are 1 faults will be injected in faulttable...
101038 microseconds
Fault on PT_F40(0X7ff317cd0ee0 -> 0X7ff313cd0e60)
16 microseconds
[2016-10-27 11:12:45]Process 8920 termed with signal 11(SIGSEGV)
PT_F40-2_bit_0-150 Test Num : 80
Inject into ../bin/hello
----- Type : 2_bit_0 Pos : PT_F40 -----
There are 1 faults will be injected in faulttable...
100954 microseconds
Fault on PT_F40(0X7f7a3d155ee0 -> 0X7f7a39155e60)
12 microseconds
[2016-10-27 11:12:45]Process 8922 termed with signal 11(SIGSEGV)
PT_F40-2_bit_0-150 Test Num : 81
Inject into ../bin/hello
----- Type : 2_bit_0 Pos : PT_F40 -----
There are 1 faults will be injected in faulttable...
101040 microseconds
Fault on PT_F40(0X7fdbf0ce4ee0 -> 0X7fdbf0ce4e60)
15 microseconds
[2016-10-27 11:12:45]Process 8924 termed with signal 11(SIGSEGV)
PT_F40-2_bit_0-150 Test Num : 82
Inject into ../bin/hello
----- Type : 2_bit_0 Pos : PT_F40 -----
There are 1 faults will be injected in faulttable...
101176 microseconds
Fault on PT_F40(0X7f9d7de54ee0 -> 0X7f9d79e54e60)
11 microseconds
[2016-10-27 11:12:45]Process 8926 termed with signal 11(SIGSEGV)
PT_F40-2_bit_0-150 Test Num : 83
Inject into ../bin/hello
----- Type : 2_bit_0 Pos : PT_F40 -----
There are 1 faults will be injected in faulttable...
100117 microseconds
Fault on PT_F40(0X7ff716aedee0 -> 0X7ff712aede60)
13 microseconds
[2016-10-27 11:12:45]Process 8928 termed with signal 11(SIGSEGV)
PT_F40-2_bit_0-150 Test Num : 84
Inject into ../bin/hello
----- Type : 2_bit_0 Pos : PT_F40 -----
There are 1 faults will be injected in faulttable...
101024 microseconds
Fault on PT_F40(0X7ff081ba9ee0 -> 0X7ff081ba9e60)
15 microseconds
[2016-10-27 11:12:45]Process 8930 termed with signal 11(SIGSEGV)
PT_F40-2_bit_0-150 Test Num : 85
Inject into ../bin/hello
----- Type : 2_bit_0 Pos : PT_F40 -----
There are 1 faults will be injected in faulttable...
100145 microseconds
Fault on PT_F40(0X7f8f1f06eee0 -> 0X7f8f1b06ee60)
19 microseconds
[2016-10-27 11:12:45]Process 8932 termed with signal 11(SIGSEGV)
PT_F40-2_bit_0-150 Test Num : 86
Inject into ../bin/hello
----- Type : 2_bit_0 Pos : PT_F40 -----
There are 1 faults will be injected in faulttable...
101415 microseconds
Fault on PT_F40(0X7f20b08ddee0 -> 0X7f20b08dde60)
15 microseconds
[2016-10-27 11:12:45]Process 8934 termed with signal 11(SIGSEGV)
PT_F40-2_bit_0-150 Test Num : 87
Inject into ../bin/hello
----- Type : 2_bit_0 Pos : PT_F40 -----
There are 1 faults will be injected in faulttable...
101039 microseconds
Fault on PT_F40(0X7fc1fc52fee0 -> 0X7fc1fc52fee0)
3000125 microseconds
timeout
[2016-10-27 11:12:49]Process 8936 termed with signal 14(SIGALRM)
PT_F40-2_bit_0-150 Test Num : 88
Inject into ../bin/hello
----- Type : 2_bit_0 Pos : PT_F40 -----
There are 1 faults will be injected in faulttable...
100136 microseconds
Fault on PT_F40(0X7ff914f92ee0 -> 0X7ff914f92ee0)
3000110 microseconds
timeout
[2016-10-27 11:12:52]Process 8938 termed with signal 14(SIGALRM)
PT_F40-2_bit_0-150 Test Num : 89
Inject into ../bin/hello
----- Type : 2_bit_0 Pos : PT_F40 -----
There are 1 faults will be injected in faulttable...
100071 microseconds
Fault on PT_F40(0X7f417c61dee0 -> 0X7f417c61dae0)
3000063 microseconds
timeout
[2016-10-27 11:12:55]Process 8940 termed with signal 14(SIGALRM)
PT_F40-2_bit_0-150 Test Num : 90
Inject into ../bin/hello
----- Type : 2_bit_0 Pos : PT_F40 -----
There are 1 faults will be injected in faulttable...
101034 microseconds
Fault on PT_F40(0X7fed29f31ee0 -> 0X7fed29731ee0)
23 microseconds
[2016-10-27 11:12:55]Process 8942 termed with signal 11(SIGSEGV)
PT_F40-2_bit_0-150 Test Num : 91
Inject into ../bin/hello
----- Type : 2_bit_0 Pos : PT_F40 -----
There are 1 faults will be injected in faulttable...
101157 microseconds
Fault on PT_F40(0X7f5e3a371ee0 -> 0X7f5e3a371ee0)
3000110 microseconds
timeout
[2016-10-27 11:12:58]Process 8944 termed with signal 14(SIGALRM)
PT_F40-2_bit_0-150 Test Num : 92
Inject into ../bin/hello
----- Type : 2_bit_0 Pos : PT_F40 -----
There are 1 faults will be injected in faulttable...
101538 microseconds
Fault on PT_F40(0X7f9bfb52cee0 -> 0X7f8bfb52cee0)
47 microseconds
[2016-10-27 11:12:58]Process 8960 termed with signal 11(SIGSEGV)
PT_F40-2_bit_0-150 Test Num : 93
Inject into ../bin/hello
----- Type : 2_bit_0 Pos : PT_F40 -----
There are 1 faults will be injected in faulttable...
101379 microseconds
Fault on PT_F40(0X7f0ef77b7ee0 -> 0X7f0ef77b7ee0)
3000190 microseconds
timeout
[ 2016-10-27 11:13:1]Process 8962 termed with signal 14(SIGALRM)
PT_F40-2_bit_0-150 Test Num : 94
Inject into ../bin/hello
----- Type : 2_bit_0 Pos : PT_F40 -----
There are 1 faults will be injected in faulttable...
101304 microseconds
Fault on PT_F40(0X7f95ee5eeee0 -> 0X7f95ce5e6ee0)
23 microseconds
[ 2016-10-27 11:13:1]Process 8992 termed with signal 11(SIGSEGV)
PT_F40-2_bit_0-150 Test Num : 95
Inject into ../bin/hello
----- Type : 2_bit_0 Pos : PT_F40 -----
There are 1 faults will be injected in faulttable...
101125 microseconds
Fault on PT_F40(0X7f62ad088ee0 -> 0X7f628d080ee0)
16 microseconds
[ 2016-10-27 11:13:1]Process 8994 termed with signal 11(SIGSEGV)
PT_F40-2_bit_0-150 Test Num : 96
Inject into ../bin/hello
----- Type : 2_bit_0 Pos : PT_F40 -----
There are 1 faults will be injected in faulttable...
101160 microseconds
Fault on PT_F40(0X7f19aba76ee0 -> 0X5f19aba76ee0)
15 microseconds
[ 2016-10-27 11:13:2]Process 8996 termed with signal 11(SIGSEGV)
PT_F40-2_bit_0-150 Test Num : 97
Inject into ../bin/hello
----- Type : 2_bit_0 Pos : PT_F40 -----
There are 1 faults will be injected in faulttable...
101117 microseconds
Fault on PT_F40(0X7fae181d8ee0 -> 0X5faa181d8ee0)
17 microseconds
[ 2016-10-27 11:13:2]Process 8998 termed with signal 11(SIGSEGV)
PT_F40-2_bit_0-150 Test Num : 98
Inject into ../bin/hello
----- Type : 2_bit_0 Pos : PT_F40 -----
There are 1 faults will be injected in faulttable...
101090 microseconds
Fault on PT_F40(0X7fc0ba185ee0 -> 0X5fc0ba185ee0)
11 microseconds
[ 2016-10-27 11:13:2]Process 9000 termed with signal 11(SIGSEGV)
PT_F40-2_bit_0-150 Test Num : 99
Inject into ../bin/hello
----- Type : 2_bit_0 Pos : PT_F40 -----
There are 1 faults will be injected in faulttable...
100254 microseconds
Fault on PT_F40(0X7fc08c0f9ee0 -> 0X5fc08c0f9ee0)
13 microseconds
[ 2016-10-27 11:13:2]Process 9002 termed with signal 11(SIGSEGV)
PT_F40-2_bit_0-150 Test Num : 100
Inject into ../bin/hello
----- Type : 2_bit_0 Pos : PT_F40 -----
There are 1 faults will be injected in faulttable...
101136 microseconds
Fault on PT_F40(0X7fe19ec45ee0 -> 0X5fe19ec45ee0)
21 microseconds
[ 2016-10-27 11:13:2]Process 9004 termed with signal 11(SIGSEGV)
PT_F40-2_bit_0-150 Test Num : 101
Inject into ../bin/hello
----- Type : 2_bit_0 Pos : PT_F40 -----
There are 1 faults will be injected in faulttable...
100089 microseconds
Fault on PT_F40(0X7f93c90f7ee0 -> 0X5f93c90f7ee0)
21 microseconds
[ 2016-10-27 11:13:2]Process 9006 termed with signal 11(SIGSEGV)
PT_F40-2_bit_0-150 Test Num : 102
Inject into ../bin/hello
----- Type : 2_bit_0 Pos : PT_F40 -----
There are 1 faults will be injected in faulttable...
101102 microseconds
Fault on PT_F40(0X7f7562a30ee0 -> 0X5f7162a30ee0)
17 microseconds
[ 2016-10-27 11:13:2]Process 9008 termed with signal 11(SIGSEGV)
PT_F40-2_bit_0-150 Test Num : 103
Inject into ../bin/hello
----- Type : 2_bit_0 Pos : PT_F40 -----
There are 1 faults will be injected in faulttable...
101071 microseconds
Fault on PT_F40(0X7fb130728ee0 -> 0X5fb130728ee0)
20 microseconds
[ 2016-10-27 11:13:2]Process 9010 termed with signal 11(SIGSEGV)
PT_F40-2_bit_0-150 Test Num : 104
Inject into ../bin/hello
----- Type : 2_bit_0 Pos : PT_F40 -----
There are 1 faults will be injected in faulttable...
101134 microseconds
Fault on PT_F40(0X7f06be3b2ee0 -> 0X5f02be3b2ee0)
12 microseconds
[ 2016-10-27 11:13:2]Process 9012 termed with signal 11(SIGSEGV)
PT_F40-2_bit_0-150 Test Num : 105
Inject into ../bin/hello
----- Type : 2_bit_0 Pos : PT_F40 -----
There are 1 faults will be injected in faulttable...
100239 microseconds
Fault on PT_F40(0X7f38da1ecee0 -> 0X7f38da1ec6e0)
15 microseconds
[ 2016-10-27 11:13:3]Process 9014 termed with signal 11(SIGSEGV)
PT_F40-2_bit_0-150 Test Num : 106
Inject into ../bin/hello
----- Type : 2_bit_0 Pos : PT_F40 -----
There are 1 faults will be injected in faulttable...
101192 microseconds
Fault on PT_F40(0X7f628599dee0 -> 0X7f628599d6e0)
16 microseconds
[ 2016-10-27 11:13:3]Process 9016 termed with signal 11(SIGSEGV)
PT_F40-2_bit_0-150 Test Num : 107
Inject into ../bin/hello
----- Type : 2_bit_0 Pos : PT_F40 -----
There are 1 faults will be injected in faulttable...
101264 microseconds
Fault on PT_F40(0X7f45b5e9cee0 -> 0X7f45b5e9c6e0)
15 microseconds
[ 2016-10-27 11:13:3]Process 9018 termed with signal 11(SIGSEGV)
PT_F40-2_bit_0-150 Test Num : 108
Inject into ../bin/hello
----- Type : 2_bit_0 Pos : PT_F40 -----
There are 1 faults will be injected in faulttable...
100146 microseconds
Fault on PT_F40(0X7ff57e86fee0 -> 0X7ff57e86f6e0)
22 microseconds
[ 2016-10-27 11:13:3]Process 9020 termed with signal 11(SIGSEGV)
PT_F40-2_bit_0-150 Test Num : 109
Inject into ../bin/hello
----- Type : 2_bit_0 Pos : PT_F40 -----
There are 1 faults will be injected in faulttable...
101149 microseconds
Fault on PT_F40(0X7f8656214ee0 -> 0X7f86562146e0)
18 microseconds
[ 2016-10-27 11:13:3]Process 9022 termed with signal 11(SIGSEGV)
PT_F40-2_bit_0-150 Test Num : 110
Inject into ../bin/hello
----- Type : 2_bit_0 Pos : PT_F40 -----
There are 1 faults will be injected in faulttable...
101362 microseconds
Fault on PT_F40(0X7ff666eb4ee0 -> 0X7ff666eb46e0)
15 microseconds
[ 2016-10-27 11:13:3]Process 9024 termed with signal 11(SIGSEGV)
PT_F40-2_bit_0-150 Test Num : 111
Inject into ../bin/hello
----- Type : 2_bit_0 Pos : PT_F40 -----
There are 1 faults will be injected in faulttable...
100077 microseconds
Fault on PT_F40(0X7f52c09f8ee0 -> 0X7f52c09f86e0)
15 microseconds
[ 2016-10-27 11:13:3]Process 9026 termed with signal 11(SIGSEGV)
PT_F40-2_bit_0-150 Test Num : 112
Inject into ../bin/hello
----- Type : 2_bit_0 Pos : PT_F40 -----
There are 1 faults will be injected in faulttable...
101094 microseconds
Fault on PT_F40(0X7f6d99691ee0 -> 0X7f6d996916e0)
15 microseconds
[ 2016-10-27 11:13:3]Process 9028 termed with signal 11(SIGSEGV)
PT_F40-2_bit_0-150 Test Num : 113
Inject into ../bin/hello
----- Type : 2_bit_0 Pos : PT_F40 -----
There are 1 faults will be injected in faulttable...
101012 microseconds
Fault on PT_F40(0X7f809f273ee0 -> 0X7f809f2736e0)
23 microseconds
[ 2016-10-27 11:13:3]Process 9030 termed with signal 11(SIGSEGV)
PT_F40-2_bit_0-150 Test Num : 114
Inject into ../bin/hello
----- Type : 2_bit_0 Pos : PT_F40 -----
There are 1 faults will be injected in faulttable...
101085 microseconds
Fault on PT_F40(0X7f0d30597ee0 -> 0X7f0d305976e0)
14 microseconds
[ 2016-10-27 11:13:3]Process 9032 termed with signal 11(SIGSEGV)
PT_F40-2_bit_0-150 Test Num : 115
Inject into ../bin/hello
----- Type : 2_bit_0 Pos : PT_F40 -----
There are 1 faults will be injected in faulttable...
101115 microseconds
Fault on PT_F40(0X7f29716ceee0 -> 0X7d29716ceee0)
21 microseconds
[ 2016-10-27 11:13:4]Process 9034 termed with signal 11(SIGSEGV)
PT_F40-2_bit_0-150 Test Num : 116
Inject into ../bin/hello
----- Type : 2_bit_0 Pos : PT_F40 -----
There are 1 faults will be injected in faulttable...
101265 microseconds
Fault on PT_F40(0X7f021b947ee0 -> 0X7d001b947ee0)
15 microseconds
[ 2016-10-27 11:13:4]Process 9036 termed with signal 11(SIGSEGV)
PT_F40-2_bit_0-150 Test Num : 117
Inject into ../bin/hello
----- Type : 2_bit_0 Pos : PT_F40 -----
There are 1 faults will be injected in faulttable...
101115 microseconds
Fault on PT_F40(0X7f9403269ee0 -> 0X7d9403269ee0)
57 microseconds
[ 2016-10-27 11:13:4]Process 9038 termed with signal 11(SIGSEGV)
PT_F40-2_bit_0-150 Test Num : 118
Inject into ../bin/hello
----- Type : 2_bit_0 Pos : PT_F40 -----
There are 1 faults will be injected in faulttable...
101007 microseconds
Fault on PT_F40(0X7fb2e2fbeee0 -> 0X7db0e2fbeee0)
12 microseconds
[ 2016-10-27 11:13:4]Process 9040 termed with signal 11(SIGSEGV)
PT_F40-2_bit_0-150 Test Num : 119
Inject into ../bin/hello
----- Type : 2_bit_0 Pos : PT_F40 -----
There are 1 faults will be injected in faulttable...
101278 microseconds
Fault on PT_F40(0X7fc078826ee0 -> 0X7dc078826ee0)
14 microseconds
[ 2016-10-27 11:13:4]Process 9042 termed with signal 11(SIGSEGV)
PT_F40-2_bit_0-150 Test Num : 120
Inject into ../bin/hello
----- Type : 2_bit_0 Pos : PT_F40 -----
There are 1 faults will be injected in faulttable...
101062 microseconds
Fault on PT_F40(0X7f885c511ee0 -> 0X7d885c511ee0)
23 microseconds
[ 2016-10-27 11:13:4]Process 9044 termed with signal 11(SIGSEGV)
PT_F40-2_bit_0-150 Test Num : 121
Inject into ../bin/hello
----- Type : 2_bit_0 Pos : PT_F40 -----
There are 1 faults will be injected in faulttable...
101092 microseconds
Fault on PT_F40(0X7fa8e775fee0 -> 0X7da8e775fee0)
13 microseconds
[ 2016-10-27 11:13:4]Process 9046 termed with signal 11(SIGSEGV)
PT_F40-2_bit_0-150 Test Num : 122
Inject into ../bin/hello
----- Type : 2_bit_0 Pos : PT_F40 -----
There are 1 faults will be injected in faulttable...
100981 microseconds
Fault on PT_F40(0X7fb8f02a7ee0 -> 0X7db8f02a7ee0)
16 microseconds
[ 2016-10-27 11:13:4]Process 9048 termed with signal 11(SIGSEGV)
PT_F40-2_bit_0-150 Test Num : 123
Inject into ../bin/hello
----- Type : 2_bit_0 Pos : PT_F40 -----
There are 1 faults will be injected in faulttable...
101251 microseconds
Fault on PT_F40(0X7f93fd835ee0 -> 0X7d91fd835ee0)
16 microseconds
[ 2016-10-27 11:13:4]Process 9050 termed with signal 11(SIGSEGV)
PT_F40-2_bit_0-150 Test Num : 124
Inject into ../bin/hello
----- Type : 2_bit_0 Pos : PT_F40 -----
There are 1 faults will be injected in faulttable...
101051 microseconds
Fault on PT_F40(0X7fb357456ee0 -> 0X7fb357456ee0)
3000069 microseconds
timeout
[ 2016-10-27 11:13:8]Process 9052 termed with signal 14(SIGALRM)
PT_F40-2_bit_0-150 Test Num : 125
Inject into ../bin/hello
----- Type : 2_bit_0 Pos : PT_F40 -----
There are 1 faults will be injected in faulttable...
101250 microseconds
Fault on PT_F40(0X7f65c7f28ee0 -> 0X3f65c7f28ee0)
24 microseconds
[ 2016-10-27 11:13:8]Process 9054 termed with signal 11(SIGSEGV)
PT_F40-2_bit_0-150 Test Num : 126
Inject into ../bin/hello
----- Type : 2_bit_0 Pos : PT_F40 -----
There are 1 faults will be injected in faulttable...
101141 microseconds
Fault on PT_F40(0X7ff5f68f7ee0 -> 0X3ff5f68f7ee0)
15 microseconds
[ 2016-10-27 11:13:8]Process 9056 termed with signal 11(SIGSEGV)
PT_F40-2_bit_0-150 Test Num : 127
Inject into ../bin/hello
----- Type : 2_bit_0 Pos : PT_F40 -----
There are 1 faults will be injected in faulttable...
101229 microseconds
Fault on PT_F40(0X7f75104eeee0 -> 0X3f75104eeee0)
30 microseconds
[ 2016-10-27 11:13:8]Process 9058 termed with signal 11(SIGSEGV)
PT_F40-2_bit_0-150 Test Num : 128
Inject into ../bin/hello
----- Type : 2_bit_0 Pos : PT_F40 -----
There are 1 faults will be injected in faulttable...
101316 microseconds
Fault on PT_F40(0X7fcc092adee0 -> 0X3fcc092adee0)
18 microseconds
[ 2016-10-27 11:13:8]Process 9060 termed with signal 11(SIGSEGV)
PT_F40-2_bit_0-150 Test Num : 129
Inject into ../bin/hello
----- Type : 2_bit_0 Pos : PT_F40 -----
There are 1 faults will be injected in faulttable...
100119 microseconds
Fault on PT_F40(0X7f2bb1a60ee0 -> 0X3f2bb1a60ee0)
18 microseconds
[ 2016-10-27 11:13:8]Process 9062 termed with signal 11(SIGSEGV)
PT_F40-2_bit_0-150 Test Num : 130
Inject into ../bin/hello
----- Type : 2_bit_0 Pos : PT_F40 -----
There are 1 faults will be injected in faulttable...
101609 microseconds
Fault on PT_F40(0X7f7954b43ee0 -> 0X3f7954b43ee0)
19 microseconds
[ 2016-10-27 11:13:8]Process 9064 termed with signal 11(SIGSEGV)
PT_F40-2_bit_0-150 Test Num : 131
Inject into ../bin/hello
----- Type : 2_bit_0 Pos : PT_F40 -----
There are 1 faults will be injected in faulttable...
101569 microseconds
Fault on PT_F40(0X7f3067535ee0 -> 0X3f3067535ee0)
46 microseconds
[ 2016-10-27 11:13:8]Process 9066 termed with signal 11(SIGSEGV)
PT_F40-2_bit_0-150 Test Num : 132
Inject into ../bin/hello
----- Type : 2_bit_0 Pos : PT_F40 -----
There are 1 faults will be injected in faulttable...
101755 microseconds
Fault on PT_F40(0X7fe420095ee0 -> 0X3fe420095ee0)
20 microseconds
[ 2016-10-27 11:13:8]Process 9068 termed with signal 11(SIGSEGV)
PT_F40-2_bit_0-150 Test Num : 133
Inject into ../bin/hello
----- Type : 2_bit_0 Pos : PT_F40 -----
There are 1 faults will be injected in faulttable...
101643 microseconds
Fault on PT_F40(0X7f8f4eb92ee0 -> 0X7f8f4eb92ee0)
3000224 microseconds
timeout
[2016-10-27 11:13:12]Process 9070 termed with signal 14(SIGALRM)
PT_F40-2_bit_0-150 Test Num : 134
Inject into ../bin/hello
----- Type : 2_bit_0 Pos : PT_F40 -----
There are 1 faults will be injected in faulttable...
101257 microseconds
Fault on PT_F40(0X7f3a7f0e1ee0 -> 0X7f3a7f0e16e0)
20 microseconds
[2016-10-27 11:13:12]Process 9072 termed with signal 11(SIGSEGV)
PT_F40-2_bit_0-150 Test Num : 135
Inject into ../bin/hello
----- Type : 2_bit_0 Pos : PT_F40 -----
There are 1 faults will be injected in faulttable...
101025 microseconds
Fault on PT_F40(0X7f7249b24ee0 -> 0X7f7249b246e0)
16 microseconds
[2016-10-27 11:13:12]Process 9074 termed with signal 11(SIGSEGV)
PT_F40-2_bit_0-150 Test Num : 136
Inject into ../bin/hello
----- Type : 2_bit_0 Pos : PT_F40 -----
There are 1 faults will be injected in faulttable...
100099 microseconds
Fault on PT_F40(0X7f7d945bdee0 -> 0X7f7d941bd6e0)
17 microseconds
[2016-10-27 11:13:12]Process 9076 termed with signal 11(SIGSEGV)
PT_F40-2_bit_0-150 Test Num : 137
Inject into ../bin/hello
----- Type : 2_bit_0 Pos : PT_F40 -----
There are 1 faults will be injected in faulttable...
101234 microseconds
Fault on PT_F40(0X7f1e17d95ee0 -> 0X7f1e179956e0)
20 microseconds
[2016-10-27 11:13:12]Process 9078 termed with signal 11(SIGSEGV)
PT_F40-2_bit_0-150 Test Num : 138
Inject into ../bin/hello
----- Type : 2_bit_0 Pos : PT_F40 -----
There are 1 faults will be injected in faulttable...
101537 microseconds
Fault on PT_F40(0X7f3c12a5dee0 -> 0X7f3c12a5d6e0)
33 microseconds
[2016-10-27 11:13:12]Process 9080 termed with signal 11(SIGSEGV)
PT_F40-2_bit_0-150 Test Num : 139
Inject into ../bin/hello
----- Type : 2_bit_0 Pos : PT_F40 -----
There are 1 faults will be injected in faulttable...
101226 microseconds
Fault on PT_F40(0X7fa1d6378ee0 -> 0X7fa1d63786e0)
15 microseconds
[2016-10-27 11:13:12]Process 9082 termed with signal 11(SIGSEGV)
PT_F40-2_bit_0-150 Test Num : 140
Inject into ../bin/hello
----- Type : 2_bit_0 Pos : PT_F40 -----
There are 1 faults will be injected in faulttable...
101160 microseconds
Fault on PT_F40(0X7f8ea6f6cee0 -> 0X7f8ea6b6c6e0)
23 microseconds
[2016-10-27 11:13:12]Process 9084 termed with signal 11(SIGSEGV)
PT_F40-2_bit_0-150 Test Num : 141
Inject into ../bin/hello
----- Type : 2_bit_0 Pos : PT_F40 -----
There are 1 faults will be injected in faulttable...
101280 microseconds
Fault on PT_F40(0X7f015b6c9ee0 -> 0X7f015b2c96e0)
17 microseconds
[2016-10-27 11:13:12]Process 9086 termed with signal 11(SIGSEGV)
PT_F40-2_bit_0-150 Test Num : 142
Inject into ../bin/hello
----- Type : 2_bit_0 Pos : PT_F40 -----
There are 1 faults will be injected in faulttable...
101166 microseconds
Fault on PT_F40(0X7efdc732fee0 -> 0X7efdc332fee0)
17 microseconds
[2016-10-27 11:13:13]Process 9088 termed with signal 11(SIGSEGV)
PT_F40-2_bit_0-150 Test Num : 143
Inject into ../bin/hello
----- Type : 2_bit_0 Pos : PT_F40 -----
There are 1 faults will be injected in faulttable...
101163 microseconds
Fault on PT_F40(0X7fd03761dee0 -> 0X7fd03321dee0)
14 microseconds
[2016-10-27 11:13:13]Process 9090 termed with signal 11(SIGSEGV)
PT_F40-2_bit_0-150 Test Num : 144
Inject into ../bin/hello
----- Type : 2_bit_0 Pos : PT_F40 -----
There are 1 faults will be injected in faulttable...
101008 microseconds
Fault on PT_F40(0X7f9723f1bee0 -> 0X7f9723b1bee0)
19 microseconds
[2016-10-27 11:13:13]Process 9092 termed with signal 11(SIGSEGV)
PT_F40-2_bit_0-150 Test Num : 145
Inject into ../bin/hello
----- Type : 2_bit_0 Pos : PT_F40 -----
There are 1 faults will be injected in faulttable...
101538 microseconds
Fault on PT_F40(0X7f9127786ee0 -> 0X7f9123386ee0)
21 microseconds
[2016-10-27 11:13:13]Process 9094 termed with signal 11(SIGSEGV)
PT_F40-2_bit_0-150 Test Num : 146
Inject into ../bin/hello
----- Type : 2_bit_0 Pos : PT_F40 -----
There are 1 faults will be injected in faulttable...
101694 microseconds
Fault on PT_F40(0X7f7fffdf6ee0 -> 0X7f7ffb9f6ee0)
25 microseconds
[2016-10-27 11:13:13]Process 9096 termed with signal 11(SIGSEGV)
PT_F40-2_bit_0-150 Test Num : 147
Inject into ../bin/hello
----- Type : 2_bit_0 Pos : PT_F40 -----
There are 1 faults will be injected in faulttable...
101503 microseconds
Fault on PT_F40(0X7f96408cfee0 -> 0X7f96408cfee0)
3000149 microseconds
timeout
[2016-10-27 11:13:16]Process 9098 termed with signal 14(SIGALRM)
PT_F40-2_bit_0-150 Test Num : 148
Inject into ../bin/hello
----- Type : 2_bit_0 Pos : PT_F40 -----
There are 1 faults will be injected in faulttable...
100278 microseconds
Fault on PT_F40(0X7fb34cf66ee0 -> 0X5fb34cf666e0)
19 microseconds
[2016-10-27 11:13:16]Process 9100 termed with signal 11(SIGSEGV)
PT_F40-2_bit_0-150 Test Num : 149
Inject into ../bin/hello
----- Type : 2_bit_0 Pos : PT_F40 -----
There are 1 faults will be injected in faulttable...
101055 microseconds
Fault on PT_F40(0X7ff74dedeee0 -> 0X5ff74dede6e0)
17 microseconds
[2016-10-27 11:13:16]Process 9102 termed with signal 11(SIGSEGV)
PT_F40-2_bit_0-150 Test Num : 150
Inject into ../bin/hello
----- Type : 2_bit_0 Pos : PT_F40 -----
There are 1 faults will be injected in faulttable...
101095 microseconds
Fault on PT_F40(0X7fa33dabaee0 -> 0X5fa33daba6e0)
24 microseconds
[2016-10-27 11:13:16]Process 9104 termed with signal 11(SIGSEGV)
