PT_F40-2_bit_1-150 Test Num : 1
Inject into ../bin/hello
----- Type : 2_bit_1 Pos : PT_F40 -----
There are 1 faults will be injected in faulttable...
101298 microseconds
Fault on PT_F40(0X7fcb3b15aee0 -> 0X7fcb3f15aee0)
23 microseconds
[2016-10-27 11:14:18]Process 9408 termed with signal 11(SIGSEGV)
PT_F40-2_bit_1-150 Test Num : 2
Inject into ../bin/hello
----- Type : 2_bit_1 Pos : PT_F40 -----
There are 1 faults will be injected in faulttable...
101080 microseconds
Fault on PT_F40(0X7fdc67613ee0 -> 0X7fdc67613ee0)
3000076 microseconds
timeout
[2016-10-27 11:14:21]Process 9410 termed with signal 14(SIGALRM)
PT_F40-2_bit_1-150 Test Num : 3
Inject into ../bin/hello
----- Type : 2_bit_1 Pos : PT_F40 -----
There are 1 faults will be injected in faulttable...
101249 microseconds
Fault on PT_F40(0X7f95f9fbeee0 -> 0X7f95f9fbeee0)
3000086 microseconds
timeout
[2016-10-27 11:14:24]Process 9412 termed with signal 14(SIGALRM)
PT_F40-2_bit_1-150 Test Num : 4
Inject into ../bin/hello
----- Type : 2_bit_1 Pos : PT_F40 -----
There are 1 faults will be injected in faulttable...
100979 microseconds
Fault on PT_F40(0X7fe82644fee0 -> 0X7fe82644fee0)
3000142 microseconds
timeout
[2016-10-27 11:14:28]Process 9414 termed with signal 14(SIGALRM)
PT_F40-2_bit_1-150 Test Num : 5
Inject into ../bin/hello
----- Type : 2_bit_1 Pos : PT_F40 -----
There are 1 faults will be injected in faulttable...
101130 microseconds
Fault on PT_F40(0X7f5a0f97fee0 -> 0Xff5a2f97fee0)
15 microseconds
[2016-10-27 11:14:28]Process 9416 termed with signal 11(SIGSEGV)
PT_F40-2_bit_1-150 Test Num : 6
Inject into ../bin/hello
----- Type : 2_bit_1 Pos : PT_F40 -----
There are 1 faults will be injected in faulttable...
101172 microseconds
Fault on PT_F40(0X7f755b9e7ee0 -> 0Xff757b9e7ee0)
13 microseconds
[2016-10-27 11:14:28]Process 9418 termed with signal 11(SIGSEGV)
PT_F40-2_bit_1-150 Test Num : 7
Inject into ../bin/hello
----- Type : 2_bit_1 Pos : PT_F40 -----
There are 1 faults will be injected in faulttable...
100219 microseconds
Fault on PT_F40(0X7f9bd52feee0 -> 0Xff9bf52feee0)
16 microseconds
[2016-10-27 11:14:28]Process 9420 termed with signal 11(SIGSEGV)
PT_F40-2_bit_1-150 Test Num : 8
Inject into ../bin/hello
----- Type : 2_bit_1 Pos : PT_F40 -----
There are 1 faults will be injected in faulttable...
100958 microseconds
Fault on PT_F40(0X7fb21a881ee0 -> 0Xffb23a881ee0)
12 microseconds
[2016-10-27 11:14:28]Process 9422 termed with signal 11(SIGSEGV)
PT_F40-2_bit_1-150 Test Num : 9
Inject into ../bin/hello
----- Type : 2_bit_1 Pos : PT_F40 -----
There are 1 faults will be injected in faulttable...
101158 microseconds
Fault on PT_F40(0X7f5a875a7ee0 -> 0Xff5aa75a7ee0)
16 microseconds
[2016-10-27 11:14:28]Process 9424 termed with signal 11(SIGSEGV)
PT_F40-2_bit_1-150 Test Num : 10
Inject into ../bin/hello
----- Type : 2_bit_1 Pos : PT_F40 -----
There are 1 faults will be injected in faulttable...
101347 microseconds
Fault on PT_F40(0X7f96fb92dee0 -> 0Xff96fb92dee0)
20 microseconds
[2016-10-27 11:14:28]Process 9426 termed with signal 11(SIGSEGV)
PT_F40-2_bit_1-150 Test Num : 11
Inject into ../bin/hello
----- Type : 2_bit_1 Pos : PT_F40 -----
There are 1 faults will be injected in faulttable...
100107 microseconds
Fault on PT_F40(0X7f1833c75ee0 -> 0Xff1833c75ee0)
14 microseconds
[2016-10-27 11:14:28]Process 9428 termed with signal 11(SIGSEGV)
PT_F40-2_bit_1-150 Test Num : 12
Inject into ../bin/hello
----- Type : 2_bit_1 Pos : PT_F40 -----
There are 1 faults will be injected in faulttable...
101124 microseconds
Fault on PT_F40(0X7ff9ac735ee0 -> 0Xfff9ac735ee0)
18 microseconds
[2016-10-27 11:14:28]Process 9430 termed with signal 11(SIGSEGV)
PT_F40-2_bit_1-150 Test Num : 13
Inject into ../bin/hello
----- Type : 2_bit_1 Pos : PT_F40 -----
There are 1 faults will be injected in faulttable...
101198 microseconds
Fault on PT_F40(0X7f473861dee0 -> 0Xff473861dee0)
17 microseconds
[2016-10-27 11:14:28]Process 9432 termed with signal 11(SIGSEGV)
PT_F40-2_bit_1-150 Test Num : 14
Inject into ../bin/hello
----- Type : 2_bit_1 Pos : PT_F40 -----
There are 1 faults will be injected in faulttable...
101278 microseconds
Fault on PT_F40(0X7ff8595aeee0 -> 0X407ff8d95aeee0)
12 microseconds
[2016-10-27 11:14:29]Process 9434 termed with signal 11(SIGSEGV)
PT_F40-2_bit_1-150 Test Num : 15
Inject into ../bin/hello
----- Type : 2_bit_1 Pos : PT_F40 -----
There are 1 faults will be injected in faulttable...
101008 microseconds
Fault on PT_F40(0X7fddd4267ee0 -> 0X407fddd4267ee0)
11 microseconds
[2016-10-27 11:14:29]Process 9436 termed with signal 11(SIGSEGV)
PT_F40-2_bit_1-150 Test Num : 16
Inject into ../bin/hello
----- Type : 2_bit_1 Pos : PT_F40 -----
There are 1 faults will be injected in faulttable...
101428 microseconds
Fault on PT_F40(0X7fba4591eee0 -> 0X407fbac591eee0)
16 microseconds
[2016-10-27 11:14:29]Process 9438 termed with signal 11(SIGSEGV)
PT_F40-2_bit_1-150 Test Num : 17
Inject into ../bin/hello
----- Type : 2_bit_1 Pos : PT_F40 -----
There are 1 faults will be injected in faulttable...
101048 microseconds
Fault on PT_F40(0X7faa9d1ccee0 -> 0X407faa9d1ccee0)
19 microseconds
[2016-10-27 11:14:29]Process 9440 termed with signal 11(SIGSEGV)
PT_F40-2_bit_1-150 Test Num : 18
Inject into ../bin/hello
----- Type : 2_bit_1 Pos : PT_F40 -----
There are 1 faults will be injected in faulttable...
100081 microseconds
Fault on PT_F40(0X7fc35e3dbee0 -> 0X407fc3de3dbee0)
13 microseconds
[2016-10-27 11:14:29]Process 9442 termed with signal 11(SIGSEGV)
PT_F40-2_bit_1-150 Test Num : 19
Inject into ../bin/hello
----- Type : 2_bit_1 Pos : PT_F40 -----
There are 1 faults will be injected in faulttable...
101056 microseconds
Fault on PT_F40(0X7f0c2942dee0 -> 0X407f0ca942dee0)
9 microseconds
[2016-10-27 11:14:29]Process 9444 termed with signal 11(SIGSEGV)
PT_F40-2_bit_1-150 Test Num : 20
Inject into ../bin/hello
----- Type : 2_bit_1 Pos : PT_F40 -----
There are 1 faults will be injected in faulttable...
101151 microseconds
Fault on PT_F40(0X7fcc37befee0 -> 0X407fccb7befee0)
12 microseconds
[2016-10-27 11:14:29]Process 9446 termed with signal 11(SIGSEGV)
PT_F40-2_bit_1-150 Test Num : 21
Inject into ../bin/hello
----- Type : 2_bit_1 Pos : PT_F40 -----
There are 1 faults will be injected in faulttable...
101128 microseconds
Fault on PT_F40(0X7fd60eabcee0 -> 0X407fd68eabcee0)
12 microseconds
[2016-10-27 11:14:29]Process 9448 termed with signal 11(SIGSEGV)
PT_F40-2_bit_1-150 Test Num : 22
Inject into ../bin/hello
----- Type : 2_bit_1 Pos : PT_F40 -----
There are 1 faults will be injected in faulttable...
101087 microseconds
Fault on PT_F40(0X7f62de07cee0 -> 0X407f62de07cee0)
12 microseconds
[2016-10-27 11:14:29]Process 9450 termed with signal 11(SIGSEGV)
PT_F40-2_bit_1-150 Test Num : 23
Inject into ../bin/hello
----- Type : 2_bit_1 Pos : PT_F40 -----
There are 1 faults will be injected in faulttable...
101077 microseconds
Fault on PT_F40(0X7f8ffc06aee0 -> 0X7f8ffe06aee0)
14 microseconds
[2016-10-27 11:14:30]Process 9452 termed with signal 11(SIGSEGV)
PT_F40-2_bit_1-150 Test Num : 24
Inject into ../bin/hello
----- Type : 2_bit_1 Pos : PT_F40 -----
There are 1 faults will be injected in faulttable...
101029 microseconds
Fault on PT_F40(0X7f35ffa03ee0 -> 0X7f35ffa03ee0)
3000063 microseconds
timeout
[2016-10-27 11:14:33]Process 9454 termed with signal 14(SIGALRM)
PT_F40-2_bit_1-150 Test Num : 25
Inject into ../bin/hello
----- Type : 2_bit_1 Pos : PT_F40 -----
There are 1 faults will be injected in faulttable...
101030 microseconds
Fault on PT_F40(0X7f6f9883bee0 -> 0X7f6f9883bee0)
3000079 microseconds
timeout
[2016-10-27 11:14:36]Process 9456 termed with signal 14(SIGALRM)
PT_F40-2_bit_1-150 Test Num : 26
Inject into ../bin/hello
----- Type : 2_bit_1 Pos : PT_F40 -----
There are 1 faults will be injected in faulttable...
100150 microseconds
Fault on PT_F40(0X7fb47d7ceee0 -> 0X7fb47dfceee0)
25 microseconds
[2016-10-27 11:14:36]Process 9458 termed with signal 11(SIGSEGV)
PT_F40-2_bit_1-150 Test Num : 27
Inject into ../bin/hello
----- Type : 2_bit_1 Pos : PT_F40 -----
There are 1 faults will be injected in faulttable...
101118 microseconds
Fault on PT_F40(0X7f5071508ee0 -> 0X7f5071d48ee0)
14 microseconds
[2016-10-27 11:14:36]Process 9460 termed with signal 11(SIGSEGV)
PT_F40-2_bit_1-150 Test Num : 28
Inject into ../bin/hello
----- Type : 2_bit_1 Pos : PT_F40 -----
There are 1 faults will be injected in faulttable...
101303 microseconds
Fault on PT_F40(0X7fcb0f89eee0 -> 0X7fcb0f8deee0)
27 microseconds
[2016-10-27 11:14:36]Process 9462 termed with signal 11(SIGSEGV)
PT_F40-2_bit_1-150 Test Num : 29
Inject into ../bin/hello
----- Type : 2_bit_1 Pos : PT_F40 -----
There are 1 faults will be injected in faulttable...
101600 microseconds
Fault on PT_F40(0X7fa943390ee0 -> 0X7fa943bd0ee0)
18 microseconds
[2016-10-27 11:14:36]Process 9464 termed with signal 11(SIGSEGV)
PT_F40-2_bit_1-150 Test Num : 30
Inject into ../bin/hello
----- Type : 2_bit_1 Pos : PT_F40 -----
There are 1 faults will be injected in faulttable...
101234 microseconds
Fault on PT_F40(0X7f3176647ee0 -> 0X7f3176e47ee0)
21 microseconds
[2016-10-27 11:14:36]Process 9466 termed with signal 11(SIGSEGV)
PT_F40-2_bit_1-150 Test Num : 31
Inject into ../bin/hello
----- Type : 2_bit_1 Pos : PT_F40 -----
There are 1 faults will be injected in faulttable...
101765 microseconds
Fault on PT_F40(0X7f026840bee0 -> 0X7f0268c4bee0)
13 microseconds
[2016-10-27 11:14:36]Process 9468 termed with signal 11(SIGSEGV)
PT_F40-2_bit_1-150 Test Num : 32
Inject into ../bin/hello
----- Type : 2_bit_1 Pos : PT_F40 -----
There are 1 faults will be injected in faulttable...
101222 microseconds
Fault on PT_F40(0X7fdefabf4ee0 -> 0X7fdefbbf4ee1)
12 microseconds
[2016-10-27 11:14:37]Process 9470 termed with signal 11(SIGSEGV)
PT_F40-2_bit_1-150 Test Num : 33
Inject into ../bin/hello
----- Type : 2_bit_1 Pos : PT_F40 -----
There are 1 faults will be injected in faulttable...
101080 microseconds
Fault on PT_F40(0X7f3e45810ee0 -> 0X7f3e45810ee1)
23 microseconds
[2016-10-27 11:14:37]Process 9472 termed with signal 4(SIGILL)
PT_F40-2_bit_1-150 Test Num : 34
Inject into ../bin/hello
----- Type : 2_bit_1 Pos : PT_F40 -----
There are 1 faults will be injected in faulttable...
101218 microseconds
Fault on PT_F40(0X7f55c6abaee0 -> 0X7f55c7abaee1)
15 microseconds
[2016-10-27 11:14:37]Process 9474 termed with signal 11(SIGSEGV)
PT_F40-2_bit_1-150 Test Num : 35
Inject into ../bin/hello
----- Type : 2_bit_1 Pos : PT_F40 -----
There are 1 faults will be injected in faulttable...
101267 microseconds
Fault on PT_F40(0X7fd5e871bee0 -> 0X7fd5e971bee1)
15 microseconds
[2016-10-27 11:14:37]Process 9476 termed with signal 11(SIGSEGV)
PT_F40-2_bit_1-150 Test Num : 36
Inject into ../bin/hello
----- Type : 2_bit_1 Pos : PT_F40 -----
There are 1 faults will be injected in faulttable...
101109 microseconds
Fault on PT_F40(0X7f4cdafc0ee0 -> 0X7f4cdbfc0ee1)
17 microseconds
[2016-10-27 11:14:37]Process 9478 termed with signal 11(SIGSEGV)
PT_F40-2_bit_1-150 Test Num : 37
Inject into ../bin/hello
----- Type : 2_bit_1 Pos : PT_F40 -----
There are 1 faults will be injected in faulttable...
101620 microseconds
Fault on PT_F40(0X7ff37405dee0 -> 0X7ff37505dee1)
24 microseconds
[2016-10-27 11:14:37]Process 9480 termed with signal 11(SIGSEGV)
PT_F40-2_bit_1-150 Test Num : 38
Inject into ../bin/hello
----- Type : 2_bit_1 Pos : PT_F40 -----
There are 1 faults will be injected in faulttable...
101050 microseconds
Fault on PT_F40(0X7f295174cee0 -> 0X7f295174cee1)
21 microseconds
[2016-10-27 11:14:37]Process 9482 termed with signal 4(SIGILL)
PT_F40-2_bit_1-150 Test Num : 39
Inject into ../bin/hello
----- Type : 2_bit_1 Pos : PT_F40 -----
There are 1 faults will be injected in faulttable...
101094 microseconds
Fault on PT_F40(0X7fb1c1f60ee0 -> 0X7fb1c1f60ee1)
22 microseconds
[2016-10-27 11:14:37]Process 9484 termed with signal 4(SIGILL)
PT_F40-2_bit_1-150 Test Num : 40
Inject into ../bin/hello
----- Type : 2_bit_1 Pos : PT_F40 -----
There are 1 faults will be injected in faulttable...
101071 microseconds
Fault on PT_F40(0X7f5cc30b2ee0 -> 0X7f5cc30b2ee1)
21 microseconds
[2016-10-27 11:14:37]Process 9486 termed with signal 4(SIGILL)
PT_F40-2_bit_1-150 Test Num : 41
Inject into ../bin/hello
----- Type : 2_bit_1 Pos : PT_F40 -----
There are 1 faults will be injected in faulttable...
101161 microseconds
Fault on PT_F40(0X7f1ffc4d3ee0 -> 0Xff1ffc4d3ee0)
13 microseconds
[2016-10-27 11:14:38]Process 9488 termed with signal 11(SIGSEGV)
PT_F40-2_bit_1-150 Test Num : 42
Inject into ../bin/hello
----- Type : 2_bit_1 Pos : PT_F40 -----
There are 1 faults will be injected in faulttable...
101046 microseconds
Fault on PT_F40(0X7f1f57f92ee0 -> 0Xff1f57f92ee0)
18 microseconds
[2016-10-27 11:14:38]Process 9490 termed with signal 11(SIGSEGV)
PT_F40-2_bit_1-150 Test Num : 43
Inject into ../bin/hello
----- Type : 2_bit_1 Pos : PT_F40 -----
There are 1 faults will be injected in faulttable...
100125 microseconds
Fault on PT_F40(0X7f126249aee0 -> 0Xff126249aee0)
18 microseconds
[2016-10-27 11:14:38]Process 9492 termed with signal 11(SIGSEGV)
PT_F40-2_bit_1-150 Test Num : 44
Inject into ../bin/hello
----- Type : 2_bit_1 Pos : PT_F40 -----
There are 1 faults will be injected in faulttable...
101420 microseconds
Fault on PT_F40(0X7f22c5a66ee0 -> 0Xff22c5a66ee0)
19 microseconds
[2016-10-27 11:14:38]Process 9494 termed with signal 11(SIGSEGV)
PT_F40-2_bit_1-150 Test Num : 45
Inject into ../bin/hello
----- Type : 2_bit_1 Pos : PT_F40 -----
There are 1 faults will be injected in faulttable...
100996 microseconds
Fault on PT_F40(0X7f1ff2a92ee0 -> 0Xff1ff2a92ee0)
15 microseconds
[2016-10-27 11:14:38]Process 9496 termed with signal 11(SIGSEGV)
PT_F40-2_bit_1-150 Test Num : 46
Inject into ../bin/hello
----- Type : 2_bit_1 Pos : PT_F40 -----
There are 1 faults will be injected in faulttable...
100078 microseconds
Fault on PT_F40(0X7fcaaaffcee0 -> 0Xffcaaaffcee0)
14 microseconds
[2016-10-27 11:14:38]Process 9498 termed with signal 11(SIGSEGV)
PT_F40-2_bit_1-150 Test Num : 47
Inject into ../bin/hello
----- Type : 2_bit_1 Pos : PT_F40 -----
There are 1 faults will be injected in faulttable...
101147 microseconds
Fault on PT_F40(0X7efc8ff82ee0 -> 0Xfefc8ff82ee0)
13 microseconds
[2016-10-27 11:14:38]Process 9500 termed with signal 11(SIGSEGV)
PT_F40-2_bit_1-150 Test Num : 48
Inject into ../bin/hello
----- Type : 2_bit_1 Pos : PT_F40 -----
There are 1 faults will be injected in faulttable...
101443 microseconds
Fault on PT_F40(0X7f396bb99ee0 -> 0Xff396bb99ee0)
13 microseconds
[2016-10-27 11:14:38]Process 9502 termed with signal 11(SIGSEGV)
PT_F40-2_bit_1-150 Test Num : 49
Inject into ../bin/hello
----- Type : 2_bit_1 Pos : PT_F40 -----
There are 1 faults will be injected in faulttable...
101202 microseconds
Fault on PT_F40(0X7f0fbab09ee0 -> 0Xff0fbab09ee0)
12 microseconds
[2016-10-27 11:14:38]Process 9504 termed with signal 11(SIGSEGV)
PT_F40-2_bit_1-150 Test Num : 50
Inject into ../bin/hello
----- Type : 2_bit_1 Pos : PT_F40 -----
There are 1 faults will be injected in faulttable...
101365 microseconds
Fault on PT_F40(0X7f93fc72bee0 -> 0X20007f93fc72bee0)
18 microseconds
[2016-10-27 11:14:39]Process 9506 termed with signal 11(SIGSEGV)
PT_F40-2_bit_1-150 Test Num : 51
Inject into ../bin/hello
----- Type : 2_bit_1 Pos : PT_F40 -----
There are 1 faults will be injected in faulttable...
101151 microseconds
Fault on PT_F40(0X7f8a72173ee0 -> 0X20007f8a72173ee0)
19 microseconds
[2016-10-27 11:14:39]Process 9508 termed with signal 11(SIGSEGV)
PT_F40-2_bit_1-150 Test Num : 52
Inject into ../bin/hello
----- Type : 2_bit_1 Pos : PT_F40 -----
There are 1 faults will be injected in faulttable...
101166 microseconds
Fault on PT_F40(0X7f153d49cee0 -> 0X20007f153d49cee0)
18 microseconds
[2016-10-27 11:14:39]Process 9510 termed with signal 11(SIGSEGV)
PT_F40-2_bit_1-150 Test Num : 53
Inject into ../bin/hello
----- Type : 2_bit_1 Pos : PT_F40 -----
There are 1 faults will be injected in faulttable...
101169 microseconds
Fault on PT_F40(0X7f1a0a302ee0 -> 0X20007f1a0a302ee0)
15 microseconds
[2016-10-27 11:14:39]Process 9512 termed with signal 11(SIGSEGV)
PT_F40-2_bit_1-150 Test Num : 54
Inject into ../bin/hello
----- Type : 2_bit_1 Pos : PT_F40 -----
There are 1 faults will be injected in faulttable...
101195 microseconds
Fault on PT_F40(0X7f91d1d20ee0 -> 0X20007f91d1d20ee0)
10 microseconds
[2016-10-27 11:14:39]Process 9514 termed with signal 11(SIGSEGV)
PT_F40-2_bit_1-150 Test Num : 55
Inject into ../bin/hello
----- Type : 2_bit_1 Pos : PT_F40 -----
There are 1 faults will be injected in faulttable...
101086 microseconds
Fault on PT_F40(0X7f9ab1718ee0 -> 0X20007f9ab1718ee0)
12 microseconds
[2016-10-27 11:14:39]Process 9516 termed with signal 11(SIGSEGV)
PT_F40-2_bit_1-150 Test Num : 56
Inject into ../bin/hello
----- Type : 2_bit_1 Pos : PT_F40 -----
There are 1 faults will be injected in faulttable...
101866 microseconds
Fault on PT_F40(0X7f6cb85a2ee0 -> 0X20007f6cb85a2ee0)
13 microseconds
[2016-10-27 11:14:39]Process 9518 termed with signal 11(SIGSEGV)
PT_F40-2_bit_1-150 Test Num : 57
Inject into ../bin/hello
----- Type : 2_bit_1 Pos : PT_F40 -----
There are 1 faults will be injected in faulttable...
101125 microseconds
Fault on PT_F40(0X7fad862f7ee0 -> 0X20007fad862f7ee0)
24 microseconds
[2016-10-27 11:14:39]Process 9520 termed with signal 11(SIGSEGV)
PT_F40-2_bit_1-150 Test Num : 58
Inject into ../bin/hello
----- Type : 2_bit_1 Pos : PT_F40 -----
There are 1 faults will be injected in faulttable...
101085 microseconds
Fault on PT_F40(0X7fc1fabf3ee0 -> 0X20007fc1fabf3ee0)
12 microseconds
[2016-10-27 11:14:39]Process 9522 termed with signal 11(SIGSEGV)
PT_F40-2_bit_1-150 Test Num : 59
Inject into ../bin/hello
----- Type : 2_bit_1 Pos : PT_F40 -----
There are 1 faults will be injected in faulttable...
101214 microseconds
Fault on PT_F40(0X7f55ab208ee0 -> 0X20007f55ab208fe0)
17 microseconds
[2016-10-27 11:14:40]Process 9524 termed with signal 11(SIGSEGV)
PT_F40-2_bit_1-150 Test Num : 60
Inject into ../bin/hello
----- Type : 2_bit_1 Pos : PT_F40 -----
There are 1 faults will be injected in faulttable...
101235 microseconds
Fault on PT_F40(0X7f17ff896ee0 -> 0X20007f17ff896fe0)
21 microseconds
[2016-10-27 11:14:40]Process 9526 termed with signal 11(SIGSEGV)
PT_F40-2_bit_1-150 Test Num : 61
Inject into ../bin/hello
----- Type : 2_bit_1 Pos : PT_F40 -----
There are 1 faults will be injected in faulttable...
101122 microseconds
Fault on PT_F40(0X7fcd628fdee0 -> 0X20007fcd628fdfe0)
13 microseconds
[2016-10-27 11:14:40]Process 9528 termed with signal 11(SIGSEGV)
PT_F40-2_bit_1-150 Test Num : 62
Inject into ../bin/hello
----- Type : 2_bit_1 Pos : PT_F40 -----
There are 1 faults will be injected in faulttable...
101242 microseconds
Fault on PT_F40(0X7f434decdee0 -> 0X20007f434decdfe0)
15 microseconds
[2016-10-27 11:14:40]Process 9530 termed with signal 11(SIGSEGV)
PT_F40-2_bit_1-150 Test Num : 63
Inject into ../bin/hello
----- Type : 2_bit_1 Pos : PT_F40 -----
There are 1 faults will be injected in faulttable...
101559 microseconds
Fault on PT_F40(0X7fda3f712ee0 -> 0X20007fda3f712fe0)
36 microseconds
[2016-10-27 11:14:40]Process 9532 termed with signal 11(SIGSEGV)
PT_F40-2_bit_1-150 Test Num : 64
Inject into ../bin/hello
----- Type : 2_bit_1 Pos : PT_F40 -----
There are 1 faults will be injected in faulttable...
100098 microseconds
Fault on PT_F40(0X7f2c9aea9ee0 -> 0X20007f2c9aea9fe0)
18 microseconds
[2016-10-27 11:14:40]Process 9534 termed with signal 11(SIGSEGV)
PT_F40-2_bit_1-150 Test Num : 65
Inject into ../bin/hello
----- Type : 2_bit_1 Pos : PT_F40 -----
There are 1 faults will be injected in faulttable...
101119 microseconds
Fault on PT_F40(0X7fcf0ac4fee0 -> 0X20007fcf0ac4ffe0)
18 microseconds
[2016-10-27 11:14:40]Process 9536 termed with signal 11(SIGSEGV)
PT_F40-2_bit_1-150 Test Num : 66
Inject into ../bin/hello
----- Type : 2_bit_1 Pos : PT_F40 -----
There are 1 faults will be injected in faulttable...
101046 microseconds
Fault on PT_F40(0X7f5ae5404ee0 -> 0X20007f5ae5404fe0)
19 microseconds
[2016-10-27 11:14:40]Process 9538 termed with signal 11(SIGSEGV)
PT_F40-2_bit_1-150 Test Num : 67
Inject into ../bin/hello
----- Type : 2_bit_1 Pos : PT_F40 -----
There are 1 faults will be injected in faulttable...
101503 microseconds
Fault on PT_F40(0X7f09607d5ee0 -> 0X20007f09607d5fe0)
15 microseconds
[2016-10-27 11:14:40]Process 9540 termed with signal 11(SIGSEGV)
PT_F40-2_bit_1-150 Test Num : 68
Inject into ../bin/hello
----- Type : 2_bit_1 Pos : PT_F40 -----
There are 1 faults will be injected in faulttable...
101467 microseconds
Fault on PT_F40(0X7effaee88ee0 -> 0X7effaee88ef0)
22 microseconds
[2016-10-27 11:14:41]Process 9542 termed with signal 11(SIGSEGV)
PT_F40-2_bit_1-150 Test Num : 69
Inject into ../bin/hello
----- Type : 2_bit_1 Pos : PT_F40 -----
There are 1 faults will be injected in faulttable...
100093 microseconds
Fault on PT_F40(0X7f14e24e8ee0 -> 0X7f1ce24e8ef0)
17 microseconds
[2016-10-27 11:14:41]Process 9544 termed with signal 11(SIGSEGV)
PT_F40-2_bit_1-150 Test Num : 70
Inject into ../bin/hello
----- Type : 2_bit_1 Pos : PT_F40 -----
There are 1 faults will be injected in faulttable...
101209 microseconds
Fault on PT_F40(0X7fe267840ee0 -> 0X7fea67840ef0)
13 microseconds
[2016-10-27 11:14:41]Process 9546 termed with signal 11(SIGSEGV)
PT_F40-2_bit_1-150 Test Num : 71
Inject into ../bin/hello
----- Type : 2_bit_1 Pos : PT_F40 -----
There are 1 faults will be injected in faulttable...
101045 microseconds
Fault on PT_F40(0X7f741e083ee0 -> 0X7f7c1e083ef0)
17 microseconds
[2016-10-27 11:14:41]Process 9548 termed with signal 11(SIGSEGV)
PT_F40-2_bit_1-150 Test Num : 72
Inject into ../bin/hello
----- Type : 2_bit_1 Pos : PT_F40 -----
There are 1 faults will be injected in faulttable...
100091 microseconds
Fault on PT_F40(0X7fd3dd289ee0 -> 0X7fdbdd289ef0)
12 microseconds
[2016-10-27 11:14:41]Process 9550 termed with signal 11(SIGSEGV)
PT_F40-2_bit_1-150 Test Num : 73
Inject into ../bin/hello
----- Type : 2_bit_1 Pos : PT_F40 -----
There are 1 faults will be injected in faulttable...
101090 microseconds
Fault on PT_F40(0X7f49e95e6ee0 -> 0X7f49e95e6ef0)
18 microseconds
[2016-10-27 11:14:41]Process 9552 termed with signal 11(SIGSEGV)
PT_F40-2_bit_1-150 Test Num : 74
Inject into ../bin/hello
----- Type : 2_bit_1 Pos : PT_F40 -----
There are 1 faults will be injected in faulttable...
101027 microseconds
Fault on PT_F40(0X7f81225a6ee0 -> 0X7f89225a6ef0)
20 microseconds
[2016-10-27 11:14:41]Process 9554 termed with signal 11(SIGSEGV)
PT_F40-2_bit_1-150 Test Num : 75
Inject into ../bin/hello
----- Type : 2_bit_1 Pos : PT_F40 -----
There are 1 faults will be injected in faulttable...
101165 microseconds
Fault on PT_F40(0X7f416f25aee0 -> 0X7f496f25aef0)
15 microseconds
[2016-10-27 11:14:41]Process 9556 termed with signal 11(SIGSEGV)
PT_F40-2_bit_1-150 Test Num : 76
Inject into ../bin/hello
----- Type : 2_bit_1 Pos : PT_F40 -----
There are 1 faults will be injected in faulttable...
100083 microseconds
Fault on PT_F40(0X7f16725d7ee0 -> 0X7f1e725d7ef0)
14 microseconds
[2016-10-27 11:14:41]Process 9558 termed with signal 11(SIGSEGV)
PT_F40-2_bit_1-150 Test Num : 77
Inject into ../bin/hello
----- Type : 2_bit_1 Pos : PT_F40 -----
There are 1 faults will be injected in faulttable...
100926 microseconds
Fault on PT_F40(0X7ff75b25cee0 -> 0X7ff75b2dcee0)
3000097 microseconds
timeout
[2016-10-27 11:14:45]Process 9560 termed with signal 14(SIGALRM)
PT_F40-2_bit_1-150 Test Num : 78
Inject into ../bin/hello
----- Type : 2_bit_1 Pos : PT_F40 -----
There are 1 faults will be injected in faulttable...
101134 microseconds
Fault on PT_F40(0X7fc1db343ee0 -> 0X7fe1db343ee0)
19 microseconds
[2016-10-27 11:14:45]Process 9562 termed with signal 11(SIGSEGV)
PT_F40-2_bit_1-150 Test Num : 79
Inject into ../bin/hello
----- Type : 2_bit_1 Pos : PT_F40 -----
There are 1 faults will be injected in faulttable...
100077 microseconds
Fault on PT_F40(0X7f7d4ad3aee0 -> 0X7f7d4ad3aee0)
3000062 microseconds
timeout
[2016-10-27 11:14:48]Process 9564 termed with signal 14(SIGALRM)
PT_F40-2_bit_1-150 Test Num : 80
Inject into ../bin/hello
----- Type : 2_bit_1 Pos : PT_F40 -----
There are 1 faults will be injected in faulttable...
100952 microseconds
Fault on PT_F40(0X7f97e37e9ee0 -> 0X7f97f37e9ee0)
13 microseconds
[2016-10-27 11:14:48]Process 9566 termed with signal 11(SIGSEGV)
PT_F40-2_bit_1-150 Test Num : 81
Inject into ../bin/hello
----- Type : 2_bit_1 Pos : PT_F40 -----
There are 1 faults will be injected in faulttable...
101161 microseconds
Fault on PT_F40(0X7fc60f1c7ee0 -> 0X7fc61f1c7ee0)
15 microseconds
[2016-10-27 11:14:48]Process 9568 termed with signal 11(SIGSEGV)
PT_F40-2_bit_1-150 Test Num : 82
Inject into ../bin/hello
----- Type : 2_bit_1 Pos : PT_F40 -----
There are 1 faults will be injected in faulttable...
101059 microseconds
Fault on PT_F40(0X7f496bc4fee0 -> 0X7f497bc4fee0)
13 microseconds
[2016-10-27 11:14:48]Process 9570 termed with signal 11(SIGSEGV)
PT_F40-2_bit_1-150 Test Num : 83
Inject into ../bin/hello
----- Type : 2_bit_1 Pos : PT_F40 -----
There are 1 faults will be injected in faulttable...
100983 microseconds
Fault on PT_F40(0X7ffabf3beee0 -> 0X7ffabf3beee0)
3000118 microseconds
timeout
[2016-10-27 11:14:51]Process 9572 termed with signal 14(SIGALRM)
PT_F40-2_bit_1-150 Test Num : 84
Inject into ../bin/hello
----- Type : 2_bit_1 Pos : PT_F40 -----
There are 1 faults will be injected in faulttable...
101107 microseconds
Fault on PT_F40(0X7ff54b0f1ee0 -> 0X7ff54b0f5ee0)
30 microseconds
[2016-10-27 11:14:51]Process 9574 termed with signal 11(SIGSEGV)
PT_F40-2_bit_1-150 Test Num : 85
Inject into ../bin/hello
----- Type : 2_bit_1 Pos : PT_F40 -----
There are 1 faults will be injected in faulttable...
101377 microseconds
Fault on PT_F40(0X7fca90d3dee0 -> 0X7fca98d3dee0)
17 microseconds
[2016-10-27 11:14:51]Process 9576 termed with signal 11(SIGSEGV)
PT_F40-2_bit_1-150 Test Num : 86
Inject into ../bin/hello
----- Type : 2_bit_1 Pos : PT_F40 -----
There are 1 faults will be injected in faulttable...
101023 microseconds
Fault on PT_F40(0X7f724a5c1ee0 -> 0X7f724a5c5ee0)
32 microseconds
[2016-10-27 11:14:51]Process 9578 termed with signal 11(SIGSEGV)
PT_F40-2_bit_1-150 Test Num : 87
Inject into ../bin/hello
----- Type : 2_bit_1 Pos : PT_F40 -----
There are 1 faults will be injected in faulttable...
101131 microseconds
Fault on PT_F40(0X7f0f08f4dee0 -> 0X7f0f09f4dee0)
21 microseconds
[2016-10-27 11:14:52]Process 9580 termed with signal 11(SIGSEGV)
PT_F40-2_bit_1-150 Test Num : 88
Inject into ../bin/hello
----- Type : 2_bit_1 Pos : PT_F40 -----
There are 1 faults will be injected in faulttable...
101103 microseconds
Fault on PT_F40(0X7fc817276ee0 -> 0X7fc81727eee0)
30 microseconds
[2016-10-27 11:14:52]Process 9582 termed with signal 11(SIGSEGV)
PT_F40-2_bit_1-150 Test Num : 89
Inject into ../bin/hello
----- Type : 2_bit_1 Pos : PT_F40 -----
There are 1 faults will be injected in faulttable...
101197 microseconds
Fault on PT_F40(0X7fa552c2cee0 -> 0X7fa553c2cee0)
21 microseconds
[2016-10-27 11:14:52]Process 9584 termed with signal 11(SIGSEGV)
PT_F40-2_bit_1-150 Test Num : 90
Inject into ../bin/hello
----- Type : 2_bit_1 Pos : PT_F40 -----
There are 1 faults will be injected in faulttable...
101579 microseconds
Fault on PT_F40(0X7f097d56aee0 -> 0X7f097d56aee0)
3000106 microseconds
timeout
[2016-10-27 11:14:55]Process 9586 termed with signal 14(SIGALRM)
PT_F40-2_bit_1-150 Test Num : 91
Inject into ../bin/hello
----- Type : 2_bit_1 Pos : PT_F40 -----
There are 1 faults will be injected in faulttable...
101114 microseconds
Fault on PT_F40(0X7f7fa060fee0 -> 0X7f7fa060fee4)
26 microseconds
[2016-10-27 11:14:55]Process 9588 termed with signal 4(SIGILL)
PT_F40-2_bit_1-150 Test Num : 92
Inject into ../bin/hello
----- Type : 2_bit_1 Pos : PT_F40 -----
There are 1 faults will be injected in faulttable...
100961 microseconds
Fault on PT_F40(0X7f40d486fee0 -> 0X7f40d486fee4)
26 microseconds
[2016-10-27 11:14:55]Process 9590 termed with signal 4(SIGILL)
PT_F40-2_bit_1-150 Test Num : 93
Inject into ../bin/hello
----- Type : 2_bit_1 Pos : PT_F40 -----
There are 1 faults will be injected in faulttable...
100983 microseconds
Fault on PT_F40(0X7faf47f4aee0 -> 0X7faf47f4aee4)
21 microseconds
[2016-10-27 11:14:55]Process 9592 termed with signal 4(SIGILL)
PT_F40-2_bit_1-150 Test Num : 94
Inject into ../bin/hello
----- Type : 2_bit_1 Pos : PT_F40 -----
There are 1 faults will be injected in faulttable...
101003 microseconds
Fault on PT_F40(0X7febf8d31ee0 -> 0X7febf8d31ee4)
30 microseconds
[2016-10-27 11:14:55]Process 9594 termed with signal 4(SIGILL)
PT_F40-2_bit_1-150 Test Num : 95
Inject into ../bin/hello
----- Type : 2_bit_1 Pos : PT_F40 -----
There are 1 faults will be injected in faulttable...
101107 microseconds
Fault on PT_F40(0X7f9de3136ee0 -> 0X7f9de3136ee4)
35 microseconds
[2016-10-27 11:14:55]Process 9596 termed with signal 4(SIGILL)
PT_F40-2_bit_1-150 Test Num : 96
Inject into ../bin/hello
----- Type : 2_bit_1 Pos : PT_F40 -----
There are 1 faults will be injected in faulttable...
101642 microseconds
Fault on PT_F40(0X7f096e0d7ee0 -> 0X407f096e0d7ee0)
13 microseconds
[2016-10-27 11:14:56]Process 9598 termed with signal 11(SIGSEGV)
PT_F40-2_bit_1-150 Test Num : 97
Inject into ../bin/hello
----- Type : 2_bit_1 Pos : PT_F40 -----
There are 1 faults will be injected in faulttable...
101069 microseconds
Fault on PT_F40(0X7f12a05d7ee0 -> 0X407f12a05d7ee0)
22 microseconds
[2016-10-27 11:14:56]Process 9600 termed with signal 11(SIGSEGV)
PT_F40-2_bit_1-150 Test Num : 98
Inject into ../bin/hello
----- Type : 2_bit_1 Pos : PT_F40 -----
There are 1 faults will be injected in faulttable...
101225 microseconds
Fault on PT_F40(0X7f386aff6ee0 -> 0X407f386aff6ee0)
15 microseconds
[2016-10-27 11:14:56]Process 9602 termed with signal 11(SIGSEGV)
PT_F40-2_bit_1-150 Test Num : 99
Inject into ../bin/hello
----- Type : 2_bit_1 Pos : PT_F40 -----
There are 1 faults will be injected in faulttable...
101206 microseconds
Fault on PT_F40(0X7faf29ba0ee0 -> 0X407faf29ba0ee0)
11 microseconds
[2016-10-27 11:14:56]Process 9604 termed with signal 11(SIGSEGV)
PT_F40-2_bit_1-150 Test Num : 100
Inject into ../bin/hello
----- Type : 2_bit_1 Pos : PT_F40 -----
There are 1 faults will be injected in faulttable...
101051 microseconds
Fault on PT_F40(0X7ff87f4b3ee0 -> 0X407ff87f4b3ee0)
13 microseconds
[2016-10-27 11:14:56]Process 9606 termed with signal 11(SIGSEGV)
PT_F40-2_bit_1-150 Test Num : 101
Inject into ../bin/hello
----- Type : 2_bit_1 Pos : PT_F40 -----
There are 1 faults will be injected in faulttable...
101672 microseconds
Fault on PT_F40(0X7f56d8c8bee0 -> 0X407f56d8c8bee0)
15 microseconds
[2016-10-27 11:14:56]Process 9608 termed with signal 11(SIGSEGV)
PT_F40-2_bit_1-150 Test Num : 102
Inject into ../bin/hello
----- Type : 2_bit_1 Pos : PT_F40 -----
There are 1 faults will be injected in faulttable...
101096 microseconds
Fault on PT_F40(0X7efe5c278ee0 -> 0X407efe5c278ee0)
18 microseconds
[2016-10-27 11:14:56]Process 9610 termed with signal 11(SIGSEGV)
PT_F40-2_bit_1-150 Test Num : 103
Inject into ../bin/hello
----- Type : 2_bit_1 Pos : PT_F40 -----
There are 1 faults will be injected in faulttable...
100088 microseconds
Fault on PT_F40(0X7f580bc6cee0 -> 0X407f580bc6cee0)
16 microseconds
[2016-10-27 11:14:56]Process 9612 termed with signal 11(SIGSEGV)
PT_F40-2_bit_1-150 Test Num : 104
Inject into ../bin/hello
----- Type : 2_bit_1 Pos : PT_F40 -----
There are 1 faults will be injected in faulttable...
101028 microseconds
Fault on PT_F40(0X7fe1af913ee0 -> 0X407fe1af913ee0)
13 microseconds
[2016-10-27 11:14:56]Process 9614 termed with signal 11(SIGSEGV)
PT_F40-2_bit_1-150 Test Num : 105
Inject into ../bin/hello
----- Type : 2_bit_1 Pos : PT_F40 -----
There are 1 faults will be injected in faulttable...
100069 microseconds
Fault on PT_F40(0X7f90ce93eee0 -> 0X17f90ce93eef0)
8 microseconds
[2016-10-27 11:14:57]Process 9616 termed with signal 11(SIGSEGV)
PT_F40-2_bit_1-150 Test Num : 106
Inject into ../bin/hello
----- Type : 2_bit_1 Pos : PT_F40 -----
There are 1 faults will be injected in faulttable...
100922 microseconds
Fault on PT_F40(0X7f8fdd2bbee0 -> 0X17f8fdd2bbef0)
11 microseconds
[2016-10-27 11:14:57]Process 9618 termed with signal 11(SIGSEGV)
PT_F40-2_bit_1-150 Test Num : 107
Inject into ../bin/hello
----- Type : 2_bit_1 Pos : PT_F40 -----
There are 1 faults will be injected in faulttable...
101187 microseconds
Fault on PT_F40(0X7ffb4e422ee0 -> 0X17ffb4e422ef0)
14 microseconds
[2016-10-27 11:14:57]Process 9620 termed with signal 11(SIGSEGV)
PT_F40-2_bit_1-150 Test Num : 108
Inject into ../bin/hello
----- Type : 2_bit_1 Pos : PT_F40 -----
There are 1 faults will be injected in faulttable...
101050 microseconds
Fault on PT_F40(0X7f3c62cd2ee0 -> 0X17f3c62cd2ef0)
10 microseconds
[2016-10-27 11:14:57]Process 9622 termed with signal 11(SIGSEGV)
PT_F40-2_bit_1-150 Test Num : 109
Inject into ../bin/hello
----- Type : 2_bit_1 Pos : PT_F40 -----
There are 1 faults will be injected in faulttable...
100242 microseconds
Fault on PT_F40(0X7f82fa202ee0 -> 0X17f82fa202ef0)
10 microseconds
[2016-10-27 11:14:57]Process 9624 termed with signal 11(SIGSEGV)
PT_F40-2_bit_1-150 Test Num : 110
Inject into ../bin/hello
----- Type : 2_bit_1 Pos : PT_F40 -----
There are 1 faults will be injected in faulttable...
101061 microseconds
Fault on PT_F40(0X7fdca9459ee0 -> 0X17fdca9459ef0)
10 microseconds
[2016-10-27 11:14:57]Process 9626 termed with signal 11(SIGSEGV)
PT_F40-2_bit_1-150 Test Num : 111
Inject into ../bin/hello
----- Type : 2_bit_1 Pos : PT_F40 -----
There are 1 faults will be injected in faulttable...
100960 microseconds
Fault on PT_F40(0X7f3a470cdee0 -> 0X17f3a470cdef0)
11 microseconds
[2016-10-27 11:14:57]Process 9628 termed with signal 11(SIGSEGV)
PT_F40-2_bit_1-150 Test Num : 112
Inject into ../bin/hello
----- Type : 2_bit_1 Pos : PT_F40 -----
There are 1 faults will be injected in faulttable...
100990 microseconds
Fault on PT_F40(0X7fde9fbd5ee0 -> 0X17fde9fbd5ef0)
15 microseconds
[2016-10-27 11:14:57]Process 9630 termed with signal 11(SIGSEGV)
PT_F40-2_bit_1-150 Test Num : 113
Inject into ../bin/hello
----- Type : 2_bit_1 Pos : PT_F40 -----
There are 1 faults will be injected in faulttable...
101058 microseconds
Fault on PT_F40(0X7f311a1daee0 -> 0X17f311a1daef0)
12 microseconds
[2016-10-27 11:14:57]Process 9632 termed with signal 11(SIGSEGV)
PT_F40-2_bit_1-150 Test Num : 114
Inject into ../bin/hello
----- Type : 2_bit_1 Pos : PT_F40 -----
There are 1 faults will be injected in faulttable...
101101 microseconds
Fault on PT_F40(0X7fe1623deee0 -> 0X40007ff1623deee0)
13 microseconds
[2016-10-27 11:14:58]Process 9634 termed with signal 11(SIGSEGV)
PT_F40-2_bit_1-150 Test Num : 115
Inject into ../bin/hello
----- Type : 2_bit_1 Pos : PT_F40 -----
There are 1 faults will be injected in faulttable...
100076 microseconds
Fault on PT_F40(0X7fe07d982ee0 -> 0X40007ff07d982ee0)
12 microseconds
[2016-10-27 11:14:58]Process 9636 termed with signal 11(SIGSEGV)
PT_F40-2_bit_1-150 Test Num : 116
Inject into ../bin/hello
----- Type : 2_bit_1 Pos : PT_F40 -----
There are 1 faults will be injected in faulttable...
101015 microseconds
Fault on PT_F40(0X7fb149070ee0 -> 0X40007fb149070ee0)
12 microseconds
[2016-10-27 11:14:58]Process 9638 termed with signal 11(SIGSEGV)
PT_F40-2_bit_1-150 Test Num : 117
Inject into ../bin/hello
----- Type : 2_bit_1 Pos : PT_F40 -----
There are 1 faults will be injected in faulttable...
101056 microseconds
Fault on PT_F40(0X7f07cfdc5ee0 -> 0X40007f17cfdc5ee0)
13 microseconds
[2016-10-27 11:14:58]Process 9640 termed with signal 11(SIGSEGV)
PT_F40-2_bit_1-150 Test Num : 118
Inject into ../bin/hello
----- Type : 2_bit_1 Pos : PT_F40 -----
There are 1 faults will be injected in faulttable...
101166 microseconds
Fault on PT_F40(0X7fc776fe8ee0 -> 0X40007fd776fe8ee0)
11 microseconds
[2016-10-27 11:14:58]Process 9642 termed with signal 11(SIGSEGV)
PT_F40-2_bit_1-150 Test Num : 119
Inject into ../bin/hello
----- Type : 2_bit_1 Pos : PT_F40 -----
There are 1 faults will be injected in faulttable...
101453 microseconds
Fault on PT_F40(0X7f2421d28ee0 -> 0X40007f3421d28ee0)
17 microseconds
[2016-10-27 11:14:58]Process 9644 termed with signal 11(SIGSEGV)
PT_F40-2_bit_1-150 Test Num : 120
Inject into ../bin/hello
----- Type : 2_bit_1 Pos : PT_F40 -----
There are 1 faults will be injected in faulttable...
100112 microseconds
Fault on PT_F40(0X7f62804a6ee0 -> 0X40007f72804a6ee0)
16 microseconds
[2016-10-27 11:14:58]Process 9646 termed with signal 11(SIGSEGV)
PT_F40-2_bit_1-150 Test Num : 121
Inject into ../bin/hello
----- Type : 2_bit_1 Pos : PT_F40 -----
There are 1 faults will be injected in faulttable...
100073 microseconds
Fault on PT_F40(0X7f821f6e4ee0 -> 0X40007f921f6e4ee0)
13 microseconds
[2016-10-27 11:14:58]Process 9648 termed with signal 11(SIGSEGV)
PT_F40-2_bit_1-150 Test Num : 122
Inject into ../bin/hello
----- Type : 2_bit_1 Pos : PT_F40 -----
There are 1 faults will be injected in faulttable...
101045 microseconds
Fault on PT_F40(0X7f2015330ee0 -> 0X40007f3015330ee0)
21 microseconds
[2016-10-27 11:14:58]Process 9650 termed with signal 11(SIGSEGV)
PT_F40-2_bit_1-150 Test Num : 123
Inject into ../bin/hello
----- Type : 2_bit_1 Pos : PT_F40 -----
There are 1 faults will be injected in faulttable...
101067 microseconds
Fault on PT_F40(0X7f558a64aee0 -> 0X207f558a64aee0)
13 microseconds
[2016-10-27 11:14:59]Process 9652 termed with signal 11(SIGSEGV)
PT_F40-2_bit_1-150 Test Num : 124
Inject into ../bin/hello
----- Type : 2_bit_1 Pos : PT_F40 -----
There are 1 faults will be injected in faulttable...
100973 microseconds
Fault on PT_F40(0X7fcb4f091ee0 -> 0X207fcb4f091ee0)
12 microseconds
[2016-10-27 11:14:59]Process 9654 termed with signal 11(SIGSEGV)
PT_F40-2_bit_1-150 Test Num : 125
Inject into ../bin/hello
----- Type : 2_bit_1 Pos : PT_F40 -----
There are 1 faults will be injected in faulttable...
101235 microseconds
Fault on PT_F40(0X7fe1e5903ee0 -> 0X207fe1e7903ee0)
12 microseconds
[2016-10-27 11:14:59]Process 9656 termed with signal 11(SIGSEGV)
PT_F40-2_bit_1-150 Test Num : 126
Inject into ../bin/hello
----- Type : 2_bit_1 Pos : PT_F40 -----
There are 1 faults will be injected in faulttable...
100079 microseconds
Fault on PT_F40(0X7f2f128aaee0 -> 0X207f2f128aaee0)
15 microseconds
[2016-10-27 11:14:59]Process 9658 termed with signal 11(SIGSEGV)
PT_F40-2_bit_1-150 Test Num : 127
Inject into ../bin/hello
----- Type : 2_bit_1 Pos : PT_F40 -----
There are 1 faults will be injected in faulttable...
101143 microseconds
Fault on PT_F40(0X7fc884edcee0 -> 0X207fc886edcee0)
12 microseconds
[2016-10-27 11:14:59]Process 9660 termed with signal 11(SIGSEGV)
PT_F40-2_bit_1-150 Test Num : 128
Inject into ../bin/hello
----- Type : 2_bit_1 Pos : PT_F40 -----
There are 1 faults will be injected in faulttable...
101283 microseconds
Fault on PT_F40(0X7f08240e8ee0 -> 0X207f08260e8ee0)
11 microseconds
[2016-10-27 11:14:59]Process 9662 termed with signal 11(SIGSEGV)
PT_F40-2_bit_1-150 Test Num : 129
Inject into ../bin/hello
----- Type : 2_bit_1 Pos : PT_F40 -----
There are 1 faults will be injected in faulttable...
101105 microseconds
Fault on PT_F40(0X7feb22a58ee0 -> 0X207feb22a58ee0)
12 microseconds
[2016-10-27 11:14:59]Process 9664 termed with signal 11(SIGSEGV)
PT_F40-2_bit_1-150 Test Num : 130
Inject into ../bin/hello
----- Type : 2_bit_1 Pos : PT_F40 -----
There are 1 faults will be injected in faulttable...
101086 microseconds
Fault on PT_F40(0X7f9ffcf79ee0 -> 0X207f9ffef79ee0)
17 microseconds
[2016-10-27 11:14:59]Process 9666 termed with signal 11(SIGSEGV)
PT_F40-2_bit_1-150 Test Num : 131
Inject into ../bin/hello
----- Type : 2_bit_1 Pos : PT_F40 -----
There are 1 faults will be injected in faulttable...
100082 microseconds
Fault on PT_F40(0X7f2483216ee0 -> 0X207f2483216ee0)
13 microseconds
[2016-10-27 11:14:59]Process 9668 termed with signal 11(SIGSEGV)
PT_F40-2_bit_1-150 Test Num : 132
Inject into ../bin/hello
----- Type : 2_bit_1 Pos : PT_F40 -----
There are 1 faults will be injected in faulttable...
101173 microseconds
Fault on PT_F40(0X7fe61ce62ee0 -> 0X87fe61ce62ee0)
17 microseconds
[ 2016-10-27 11:15:0]Process 9670 termed with signal 11(SIGSEGV)
PT_F40-2_bit_1-150 Test Num : 133
Inject into ../bin/hello
----- Type : 2_bit_1 Pos : PT_F40 -----
There are 1 faults will be injected in faulttable...
101163 microseconds
Fault on PT_F40(0X7fa3ec6c5ee0 -> 0X87fa3ec6c5ee0)
16 microseconds
[ 2016-10-27 11:15:0]Process 9672 termed with signal 11(SIGSEGV)
PT_F40-2_bit_1-150 Test Num : 134
Inject into ../bin/hello
----- Type : 2_bit_1 Pos : PT_F40 -----
There are 1 faults will be injected in faulttable...
100100 microseconds
Fault on PT_F40(0X7f510cf40ee0 -> 0X87f510cf40ee0)
17 microseconds
[ 2016-10-27 11:15:0]Process 9674 termed with signal 11(SIGSEGV)
PT_F40-2_bit_1-150 Test Num : 135
Inject into ../bin/hello
----- Type : 2_bit_1 Pos : PT_F40 -----
There are 1 faults will be injected in faulttable...
101137 microseconds
Fault on PT_F40(0X7f116d547ee0 -> 0X87f116d547ee0)
23 microseconds
[ 2016-10-27 11:15:0]Process 9676 termed with signal 11(SIGSEGV)
PT_F40-2_bit_1-150 Test Num : 136
Inject into ../bin/hello
----- Type : 2_bit_1 Pos : PT_F40 -----
There are 1 faults will be injected in faulttable...
101150 microseconds
Fault on PT_F40(0X7fb303c95ee0 -> 0X87fb303c95ee0)
15 microseconds
[ 2016-10-27 11:15:0]Process 9678 termed with signal 11(SIGSEGV)
PT_F40-2_bit_1-150 Test Num : 137
Inject into ../bin/hello
----- Type : 2_bit_1 Pos : PT_F40 -----
There are 1 faults will be injected in faulttable...
101077 microseconds
Fault on PT_F40(0X7f088cc18ee0 -> 0X87f088cc18ee0)
13 microseconds
[ 2016-10-27 11:15:0]Process 9680 termed with signal 11(SIGSEGV)
PT_F40-2_bit_1-150 Test Num : 138
Inject into ../bin/hello
----- Type : 2_bit_1 Pos : PT_F40 -----
There are 1 faults will be injected in faulttable...
101206 microseconds
Fault on PT_F40(0X7faefb72dee0 -> 0X87faefb72dee0)
13 microseconds
[ 2016-10-27 11:15:0]Process 9682 termed with signal 11(SIGSEGV)
PT_F40-2_bit_1-150 Test Num : 139
Inject into ../bin/hello
----- Type : 2_bit_1 Pos : PT_F40 -----
There are 1 faults will be injected in faulttable...
101409 microseconds
Fault on PT_F40(0X7f613be7eee0 -> 0X87f613be7eee0)
20 microseconds
[ 2016-10-27 11:15:0]Process 9684 termed with signal 11(SIGSEGV)
PT_F40-2_bit_1-150 Test Num : 140
Inject into ../bin/hello
----- Type : 2_bit_1 Pos : PT_F40 -----
There are 1 faults will be injected in faulttable...
101577 microseconds
Fault on PT_F40(0X7f626c299ee0 -> 0X87f626c299ee0)
28 microseconds
[ 2016-10-27 11:15:0]Process 9686 termed with signal 11(SIGSEGV)
PT_F40-2_bit_1-150 Test Num : 141
Inject into ../bin/hello
----- Type : 2_bit_1 Pos : PT_F40 -----
There are 1 faults will be injected in faulttable...
101023 microseconds
Fault on PT_F40(0X7feb906c8ee0 -> 0X87feb906c8ee0)
14 microseconds
[ 2016-10-27 11:15:0]Process 9688 termed with signal 11(SIGSEGV)
PT_F40-2_bit_1-150 Test Num : 142
Inject into ../bin/hello
----- Type : 2_bit_1 Pos : PT_F40 -----
There are 1 faults will be injected in faulttable...
101484 microseconds
Fault on PT_F40(0X7f19600e1ee0 -> 0X7f19600e1ee0)
3000331 microseconds
timeout
[ 2016-10-27 11:15:4]Process 9690 termed with signal 14(SIGALRM)
PT_F40-2_bit_1-150 Test Num : 143
Inject into ../bin/hello
----- Type : 2_bit_1 Pos : PT_F40 -----
There are 1 faults will be injected in faulttable...
100998 microseconds
Fault on PT_F40(0X7f94d9205ee0 -> 0X7f94d9205ee0)
3000075 microseconds
timeout
[ 2016-10-27 11:15:7]Process 9692 termed with signal 14(SIGALRM)
PT_F40-2_bit_1-150 Test Num : 144
Inject into ../bin/hello
----- Type : 2_bit_1 Pos : PT_F40 -----
There are 1 faults will be injected in faulttable...
101102 microseconds
Fault on PT_F40(0X7fde5dbabee0 -> 0X4007fde5fbabee0)
13 microseconds
[ 2016-10-27 11:15:7]Process 9694 termed with signal 11(SIGSEGV)
PT_F40-2_bit_1-150 Test Num : 145
Inject into ../bin/hello
----- Type : 2_bit_1 Pos : PT_F40 -----
There are 1 faults will be injected in faulttable...
101491 microseconds
Fault on PT_F40(0X7f6f8abd8ee0 -> 0X4007f6f8abd8ee0)
10 microseconds
[ 2016-10-27 11:15:7]Process 9696 termed with signal 11(SIGSEGV)
PT_F40-2_bit_1-150 Test Num : 146
Inject into ../bin/hello
----- Type : 2_bit_1 Pos : PT_F40 -----
There are 1 faults will be injected in faulttable...
101259 microseconds
Fault on PT_F40(0X7f501ec73ee0 -> 0X4007f501ec73ee0)
27 microseconds
[ 2016-10-27 11:15:7]Process 9698 termed with signal 11(SIGSEGV)
PT_F40-2_bit_1-150 Test Num : 147
Inject into ../bin/hello
----- Type : 2_bit_1 Pos : PT_F40 -----
There are 1 faults will be injected in faulttable...
101103 microseconds
Fault on PT_F40(0X7f30607cfee0 -> 0X4007f30627cfee0)
11 microseconds
[ 2016-10-27 11:15:7]Process 9700 termed with signal 11(SIGSEGV)
PT_F40-2_bit_1-150 Test Num : 148
Inject into ../bin/hello
----- Type : 2_bit_1 Pos : PT_F40 -----
There are 1 faults will be injected in faulttable...
100191 microseconds
Fault on PT_F40(0X7f2a7c3fbee0 -> 0X4007f2a7e3fbee0)
18 microseconds
[ 2016-10-27 11:15:7]Process 9702 termed with signal 11(SIGSEGV)
PT_F40-2_bit_1-150 Test Num : 149
Inject into ../bin/hello
----- Type : 2_bit_1 Pos : PT_F40 -----
There are 1 faults will be injected in faulttable...
101491 microseconds
Fault on PT_F40(0X7faa327c1ee0 -> 0X4007faa327c1ee0)
12 microseconds
[ 2016-10-27 11:15:7]Process 9704 termed with signal 11(SIGSEGV)
PT_F40-2_bit_1-150 Test Num : 150
Inject into ../bin/hello
----- Type : 2_bit_1 Pos : PT_F40 -----
There are 1 faults will be injected in faulttable...
101119 microseconds
Fault on PT_F40(0X7fd849a3cee0 -> 0X4007fd84ba3cee0)
15 microseconds
[ 2016-10-27 11:15:7]Process 9706 termed with signal 11(SIGSEGV)
