PT_F40-plus_5-150 Test Num : 1
Inject into ../bin/hello
----- Type : plus_5 Pos : PT_F40 -----
There are 1 faults will be injected in faulttable...
101071 microseconds
Fault on PT_F40(0X7f54a9df1ee0 -> 0X7f54a9df1ee5)
32 microseconds
[2016-10-27 11:32:19]Process 12539 termed with signal 4(SIGILL)
PT_F40-plus_5-150 Test Num : 2
Inject into ../bin/hello
----- Type : plus_5 Pos : PT_F40 -----
There are 1 faults will be injected in faulttable...
101053 microseconds
Fault on PT_F40(0X7f285de46ee0 -> 0X7f285de46ee5)
29 microseconds
[2016-10-27 11:32:19]Process 12541 termed with signal 4(SIGILL)
PT_F40-plus_5-150 Test Num : 3
Inject into ../bin/hello
----- Type : plus_5 Pos : PT_F40 -----
There are 1 faults will be injected in faulttable...
101410 microseconds
Fault on PT_F40(0X7f02a05f2ee0 -> 0X7f02a05f2ee5)
20 microseconds
[2016-10-27 11:32:19]Process 12543 termed with signal 4(SIGILL)
PT_F40-plus_5-150 Test Num : 4
Inject into ../bin/hello
----- Type : plus_5 Pos : PT_F40 -----
There are 1 faults will be injected in faulttable...
100964 microseconds
Fault on PT_F40(0X7fe26a42dee0 -> 0X7fe26a42dee5)
25 microseconds
[2016-10-27 11:32:19]Process 12545 termed with signal 4(SIGILL)
PT_F40-plus_5-150 Test Num : 5
Inject into ../bin/hello
----- Type : plus_5 Pos : PT_F40 -----
There are 1 faults will be injected in faulttable...
100074 microseconds
Fault on PT_F40(0X7f82202c1ee0 -> 0X7f82202c1ee5)
22 microseconds
[2016-10-27 11:32:19]Process 12547 termed with signal 4(SIGILL)
PT_F40-plus_5-150 Test Num : 6
Inject into ../bin/hello
----- Type : plus_5 Pos : PT_F40 -----
There are 1 faults will be injected in faulttable...
100974 microseconds
Fault on PT_F40(0X7f4db1860ee0 -> 0X7f4db1860ee5)
36 microseconds
[2016-10-27 11:32:19]Process 12549 termed with signal 4(SIGILL)
PT_F40-plus_5-150 Test Num : 7
Inject into ../bin/hello
----- Type : plus_5 Pos : PT_F40 -----
There are 1 faults will be injected in faulttable...
100970 microseconds
Fault on PT_F40(0X7faf2aff9ee0 -> 0X7faf2aff9ee5)
24 microseconds
[2016-10-27 11:32:20]Process 12551 termed with signal 4(SIGILL)
PT_F40-plus_5-150 Test Num : 8
Inject into ../bin/hello
----- Type : plus_5 Pos : PT_F40 -----
There are 1 faults will be injected in faulttable...
101203 microseconds
Fault on PT_F40(0X7feef3ee2ee0 -> 0X7feef3ee2ee5)
21 microseconds
[2016-10-27 11:32:20]Process 12553 termed with signal 4(SIGILL)
PT_F40-plus_5-150 Test Num : 9
Inject into ../bin/hello
----- Type : plus_5 Pos : PT_F40 -----
There are 1 faults will be injected in faulttable...
101174 microseconds
Fault on PT_F40(0X7ff8185c6ee0 -> 0X7ff8185c6ee5)
30 microseconds
[2016-10-27 11:32:20]Process 12555 termed with signal 4(SIGILL)
PT_F40-plus_5-150 Test Num : 10
Inject into ../bin/hello
----- Type : plus_5 Pos : PT_F40 -----
There are 1 faults will be injected in faulttable...
101054 microseconds
Fault on PT_F40(0X7f910fb9bee0 -> 0X7f910fb9bee5)
21 microseconds
[2016-10-27 11:32:20]Process 12557 termed with signal 4(SIGILL)
PT_F40-plus_5-150 Test Num : 11
Inject into ../bin/hello
----- Type : plus_5 Pos : PT_F40 -----
There are 1 faults will be injected in faulttable...
101158 microseconds
Fault on PT_F40(0X7f305da41ee0 -> 0X7f305da41ee5)
26 microseconds
[2016-10-27 11:32:20]Process 12559 termed with signal 4(SIGILL)
PT_F40-plus_5-150 Test Num : 12
Inject into ../bin/hello
----- Type : plus_5 Pos : PT_F40 -----
There are 1 faults will be injected in faulttable...
101237 microseconds
Fault on PT_F40(0X7f7e65418ee0 -> 0X7f7e65418ee5)
39 microseconds
[2016-10-27 11:32:20]Process 12561 termed with signal 4(SIGILL)
PT_F40-plus_5-150 Test Num : 13
Inject into ../bin/hello
----- Type : plus_5 Pos : PT_F40 -----
There are 1 faults will be injected in faulttable...
101336 microseconds
Fault on PT_F40(0X7f420d693ee0 -> 0X7f420d693ee5)
28 microseconds
[2016-10-27 11:32:20]Process 12563 termed with signal 4(SIGILL)
PT_F40-plus_5-150 Test Num : 14
Inject into ../bin/hello
----- Type : plus_5 Pos : PT_F40 -----
There are 1 faults will be injected in faulttable...
101056 microseconds
Fault on PT_F40(0X7f3a72be6ee0 -> 0X7f3a72be6ee5)
34 microseconds
[2016-10-27 11:32:20]Process 12565 termed with signal 4(SIGILL)
PT_F40-plus_5-150 Test Num : 15
Inject into ../bin/hello
----- Type : plus_5 Pos : PT_F40 -----
There are 1 faults will be injected in faulttable...
101231 microseconds
Fault on PT_F40(0X7f0342c70ee0 -> 0X7f0342c70ee5)
36 microseconds
[2016-10-27 11:32:20]Process 12567 termed with signal 4(SIGILL)
PT_F40-plus_5-150 Test Num : 16
Inject into ../bin/hello
----- Type : plus_5 Pos : PT_F40 -----
There are 1 faults will be injected in faulttable...
101096 microseconds
Fault on PT_F40(0X7fab8c7b6ee0 -> 0X7fab8c7b6ee5)
31 microseconds
[2016-10-27 11:32:21]Process 12569 termed with signal 4(SIGILL)
PT_F40-plus_5-150 Test Num : 17
Inject into ../bin/hello
----- Type : plus_5 Pos : PT_F40 -----
There are 1 faults will be injected in faulttable...
100994 microseconds
Fault on PT_F40(0X7f5dbc3a3ee0 -> 0X7f5dbc3a3ee5)
31 microseconds
[2016-10-27 11:32:21]Process 12571 termed with signal 4(SIGILL)
PT_F40-plus_5-150 Test Num : 18
Inject into ../bin/hello
----- Type : plus_5 Pos : PT_F40 -----
There are 1 faults will be injected in faulttable...
101132 microseconds
Fault on PT_F40(0X7f5d9bb19ee0 -> 0X7f5d9bb19ee5)
26 microseconds
[2016-10-27 11:32:21]Process 12573 termed with signal 4(SIGILL)
PT_F40-plus_5-150 Test Num : 19
Inject into ../bin/hello
----- Type : plus_5 Pos : PT_F40 -----
There are 1 faults will be injected in faulttable...
100140 microseconds
Fault on PT_F40(0X7fe183fccee0 -> 0X7fe183fccee5)
29 microseconds
[2016-10-27 11:32:21]Process 12575 termed with signal 4(SIGILL)
PT_F40-plus_5-150 Test Num : 20
Inject into ../bin/hello
----- Type : plus_5 Pos : PT_F40 -----
There are 1 faults will be injected in faulttable...
101470 microseconds
Fault on PT_F40(0X7fb540fe3ee0 -> 0X7fb540fe3ee5)
22 microseconds
[2016-10-27 11:32:21]Process 12577 termed with signal 4(SIGILL)
PT_F40-plus_5-150 Test Num : 21
Inject into ../bin/hello
----- Type : plus_5 Pos : PT_F40 -----
There are 1 faults will be injected in faulttable...
101131 microseconds
Fault on PT_F40(0X7f3d55061ee0 -> 0X7f3d55061ee5)
44 microseconds
[2016-10-27 11:32:21]Process 12579 termed with signal 4(SIGILL)
PT_F40-plus_5-150 Test Num : 22
Inject into ../bin/hello
----- Type : plus_5 Pos : PT_F40 -----
There are 1 faults will be injected in faulttable...
101362 microseconds
Fault on PT_F40(0X7fed4f27bee0 -> 0X7fed4f27bee5)
21 microseconds
[2016-10-27 11:32:21]Process 12581 termed with signal 4(SIGILL)
PT_F40-plus_5-150 Test Num : 23
Inject into ../bin/hello
----- Type : plus_5 Pos : PT_F40 -----
There are 1 faults will be injected in faulttable...
101038 microseconds
Fault on PT_F40(0X7f828148cee0 -> 0X7f828148cee5)
26 microseconds
[2016-10-27 11:32:21]Process 12583 termed with signal 4(SIGILL)
PT_F40-plus_5-150 Test Num : 24
Inject into ../bin/hello
----- Type : plus_5 Pos : PT_F40 -----
There are 1 faults will be injected in faulttable...
101091 microseconds
Fault on PT_F40(0X7f0abe514ee0 -> 0X7f0abe514ee5)
26 microseconds
[2016-10-27 11:32:21]Process 12585 termed with signal 4(SIGILL)
PT_F40-plus_5-150 Test Num : 25
Inject into ../bin/hello
----- Type : plus_5 Pos : PT_F40 -----
There are 1 faults will be injected in faulttable...
101162 microseconds
Fault on PT_F40(0X7f457114dee0 -> 0X7f457114dee5)
23 microseconds
[2016-10-27 11:32:22]Process 12587 termed with signal 4(SIGILL)
PT_F40-plus_5-150 Test Num : 26
Inject into ../bin/hello
----- Type : plus_5 Pos : PT_F40 -----
There are 1 faults will be injected in faulttable...
100999 microseconds
Fault on PT_F40(0X7f20cd409ee0 -> 0X7f20cd409ee5)
25 microseconds
[2016-10-27 11:32:22]Process 12591 termed with signal 4(SIGILL)
PT_F40-plus_5-150 Test Num : 27
Inject into ../bin/hello
----- Type : plus_5 Pos : PT_F40 -----
There are 1 faults will be injected in faulttable...
101092 microseconds
Fault on PT_F40(0X7fc406fabee0 -> 0X7fc406fabee5)
30 microseconds
[2016-10-27 11:32:22]Process 12595 termed with signal 4(SIGILL)
PT_F40-plus_5-150 Test Num : 28
Inject into ../bin/hello
----- Type : plus_5 Pos : PT_F40 -----
There are 1 faults will be injected in faulttable...
101192 microseconds
Fault on PT_F40(0X7f55a498dee0 -> 0X7f55a498dee5)
22 microseconds
[2016-10-27 11:32:22]Process 12599 termed with signal 4(SIGILL)
PT_F40-plus_5-150 Test Num : 29
Inject into ../bin/hello
----- Type : plus_5 Pos : PT_F40 -----
There are 1 faults will be injected in faulttable...
101273 microseconds
Fault on PT_F40(0X7f41b1d42ee0 -> 0X7f41b1d42ee5)
34 microseconds
[2016-10-27 11:32:22]Process 12603 termed with signal 4(SIGILL)
PT_F40-plus_5-150 Test Num : 30
Inject into ../bin/hello
----- Type : plus_5 Pos : PT_F40 -----
There are 1 faults will be injected in faulttable...
101443 microseconds
Fault on PT_F40(0X7fd7d6c0fee0 -> 0X7fd7d6c0fee5)
26 microseconds
[2016-10-27 11:32:22]Process 12607 termed with signal 4(SIGILL)
PT_F40-plus_5-150 Test Num : 31
Inject into ../bin/hello
----- Type : plus_5 Pos : PT_F40 -----
There are 1 faults will be injected in faulttable...
101291 microseconds
Fault on PT_F40(0X7f5400c04ee0 -> 0X7f5400c04ee5)
26 microseconds
[2016-10-27 11:32:22]Process 12611 termed with signal 4(SIGILL)
PT_F40-plus_5-150 Test Num : 32
Inject into ../bin/hello
----- Type : plus_5 Pos : PT_F40 -----
There are 1 faults will be injected in faulttable...
101247 microseconds
Fault on PT_F40(0X7f4652cd9ee0 -> 0X7f4652cd9ee5)
36 microseconds
[2016-10-27 11:32:22]Process 12615 termed with signal 4(SIGILL)
PT_F40-plus_5-150 Test Num : 33
Inject into ../bin/hello
----- Type : plus_5 Pos : PT_F40 -----
There are 1 faults will be injected in faulttable...
100080 microseconds
Fault on PT_F40(0X7fc7bd37eee0 -> 0X7fc7bd37eee5)
20 microseconds
[2016-10-27 11:32:22]Process 12617 termed with signal 4(SIGILL)
PT_F40-plus_5-150 Test Num : 34
Inject into ../bin/hello
----- Type : plus_5 Pos : PT_F40 -----
There are 1 faults will be injected in faulttable...
100984 microseconds
Fault on PT_F40(0X7f94f0a2fee0 -> 0X7f94f0a2fee5)
20 microseconds
[2016-10-27 11:32:23]Process 12619 termed with signal 4(SIGILL)
PT_F40-plus_5-150 Test Num : 35
Inject into ../bin/hello
----- Type : plus_5 Pos : PT_F40 -----
There are 1 faults will be injected in faulttable...
100107 microseconds
Fault on PT_F40(0X7f692a7e0ee0 -> 0X7f692a7e0ee5)
23 microseconds
[2016-10-27 11:32:23]Process 12621 termed with signal 4(SIGILL)
PT_F40-plus_5-150 Test Num : 36
Inject into ../bin/hello
----- Type : plus_5 Pos : PT_F40 -----
There are 1 faults will be injected in faulttable...
101242 microseconds
Fault on PT_F40(0X7f1bed8c4ee0 -> 0X7f1bed8c4ee5)
29 microseconds
[2016-10-27 11:32:23]Process 12623 termed with signal 4(SIGILL)
PT_F40-plus_5-150 Test Num : 37
Inject into ../bin/hello
----- Type : plus_5 Pos : PT_F40 -----
There are 1 faults will be injected in faulttable...
100328 microseconds
Fault on PT_F40(0X7f2987019ee0 -> 0X7f2987019ee5)
32 microseconds
[2016-10-27 11:32:23]Process 12625 termed with signal 4(SIGILL)
PT_F40-plus_5-150 Test Num : 38
Inject into ../bin/hello
----- Type : plus_5 Pos : PT_F40 -----
There are 1 faults will be injected in faulttable...
101147 microseconds
Fault on PT_F40(0X7fcd2b060ee0 -> 0X7fcd2b060ee5)
27 microseconds
[2016-10-27 11:32:23]Process 12627 termed with signal 4(SIGILL)
PT_F40-plus_5-150 Test Num : 39
Inject into ../bin/hello
----- Type : plus_5 Pos : PT_F40 -----
There are 1 faults will be injected in faulttable...
101051 microseconds
Fault on PT_F40(0X7f386e1f7ee0 -> 0X7f386e1f7ee5)
21 microseconds
[2016-10-27 11:32:23]Process 12629 termed with signal 4(SIGILL)
PT_F40-plus_5-150 Test Num : 40
Inject into ../bin/hello
----- Type : plus_5 Pos : PT_F40 -----
There are 1 faults will be injected in faulttable...
101014 microseconds
Fault on PT_F40(0X7f38ecf2eee0 -> 0X7f38ecf2eee5)
30 microseconds
[2016-10-27 11:32:23]Process 12631 termed with signal 4(SIGILL)
PT_F40-plus_5-150 Test Num : 41
Inject into ../bin/hello
----- Type : plus_5 Pos : PT_F40 -----
There are 1 faults will be injected in faulttable...
101158 microseconds
Fault on PT_F40(0X7f9ff3e0bee0 -> 0X7f9ff3e0bee5)
31 microseconds
[2016-10-27 11:32:23]Process 12633 termed with signal 4(SIGILL)
PT_F40-plus_5-150 Test Num : 42
Inject into ../bin/hello
----- Type : plus_5 Pos : PT_F40 -----
There are 1 faults will be injected in faulttable...
102347 microseconds
Fault on PT_F40(0X7ffb4beb5ee0 -> 0X7ffb4beb5ee5)
18 microseconds
[2016-10-27 11:32:23]Process 12635 termed with signal 4(SIGILL)
PT_F40-plus_5-150 Test Num : 43
Inject into ../bin/hello
----- Type : plus_5 Pos : PT_F40 -----
There are 1 faults will be injected in faulttable...
100990 microseconds
Fault on PT_F40(0X7f9ecb2ecee0 -> 0X7f9ecb2ecee5)
29 microseconds
[2016-10-27 11:32:24]Process 12637 termed with signal 4(SIGILL)
PT_F40-plus_5-150 Test Num : 44
Inject into ../bin/hello
----- Type : plus_5 Pos : PT_F40 -----
There are 1 faults will be injected in faulttable...
101108 microseconds
Fault on PT_F40(0X7ff834b7dee0 -> 0X7ff834b7dee5)
21 microseconds
[2016-10-27 11:32:24]Process 12639 termed with signal 4(SIGILL)
PT_F40-plus_5-150 Test Num : 45
Inject into ../bin/hello
----- Type : plus_5 Pos : PT_F40 -----
There are 1 faults will be injected in faulttable...
101182 microseconds
Fault on PT_F40(0X7f02575ebee0 -> 0X7f02575ebee5)
31 microseconds
[2016-10-27 11:32:24]Process 12641 termed with signal 4(SIGILL)
PT_F40-plus_5-150 Test Num : 46
Inject into ../bin/hello
----- Type : plus_5 Pos : PT_F40 -----
There are 1 faults will be injected in faulttable...
101336 microseconds
Fault on PT_F40(0X7f02cfe71ee0 -> 0X7f02cfe71ee5)
21 microseconds
[2016-10-27 11:32:24]Process 12643 termed with signal 4(SIGILL)
PT_F40-plus_5-150 Test Num : 47
Inject into ../bin/hello
----- Type : plus_5 Pos : PT_F40 -----
There are 1 faults will be injected in faulttable...
101117 microseconds
Fault on PT_F40(0X7f20f668dee0 -> 0X7f20f668dee5)
21 microseconds
[2016-10-27 11:32:24]Process 12645 termed with signal 4(SIGILL)
PT_F40-plus_5-150 Test Num : 48
Inject into ../bin/hello
----- Type : plus_5 Pos : PT_F40 -----
There are 1 faults will be injected in faulttable...
100092 microseconds
Fault on PT_F40(0X7f1363165ee0 -> 0X7f1363165ee5)
23 microseconds
[2016-10-27 11:32:24]Process 12647 termed with signal 4(SIGILL)
PT_F40-plus_5-150 Test Num : 49
Inject into ../bin/hello
----- Type : plus_5 Pos : PT_F40 -----
There are 1 faults will be injected in faulttable...
101080 microseconds
Fault on PT_F40(0X7fe2d7344ee0 -> 0X7fe2d7344ee5)
28 microseconds
[2016-10-27 11:32:24]Process 12649 termed with signal 4(SIGILL)
PT_F40-plus_5-150 Test Num : 50
Inject into ../bin/hello
----- Type : plus_5 Pos : PT_F40 -----
There are 1 faults will be injected in faulttable...
101243 microseconds
Fault on PT_F40(0X7efd28a39ee0 -> 0X7efd28a39ee5)
20 microseconds
[2016-10-27 11:32:24]Process 12651 termed with signal 4(SIGILL)
PT_F40-plus_5-150 Test Num : 51
Inject into ../bin/hello
----- Type : plus_5 Pos : PT_F40 -----
There are 1 faults will be injected in faulttable...
101416 microseconds
Fault on PT_F40(0X7ffb319b2ee0 -> 0X7ffb319b2ee5)
32 microseconds
[2016-10-27 11:32:24]Process 12653 termed with signal 4(SIGILL)
PT_F40-plus_5-150 Test Num : 52
Inject into ../bin/hello
----- Type : plus_5 Pos : PT_F40 -----
There are 1 faults will be injected in faulttable...
101082 microseconds
Fault on PT_F40(0X7f44ad2ecee0 -> 0X7f44ad2ecee5)
29 microseconds
[2016-10-27 11:32:24]Process 12655 termed with signal 4(SIGILL)
PT_F40-plus_5-150 Test Num : 53
Inject into ../bin/hello
----- Type : plus_5 Pos : PT_F40 -----
There are 1 faults will be injected in faulttable...
101069 microseconds
Fault on PT_F40(0X7f442259cee0 -> 0X7f442259cee5)
22 microseconds
[2016-10-27 11:32:25]Process 12657 termed with signal 4(SIGILL)
PT_F40-plus_5-150 Test Num : 54
Inject into ../bin/hello
----- Type : plus_5 Pos : PT_F40 -----
There are 1 faults will be injected in faulttable...
100254 microseconds
Fault on PT_F40(0X7f94472caee0 -> 0X7f94472caee5)
24 microseconds
[2016-10-27 11:32:25]Process 12659 termed with signal 4(SIGILL)
PT_F40-plus_5-150 Test Num : 55
Inject into ../bin/hello
----- Type : plus_5 Pos : PT_F40 -----
There are 1 faults will be injected in faulttable...
101025 microseconds
Fault on PT_F40(0X7fc1877b4ee0 -> 0X7fc1877b4ee5)
28 microseconds
[2016-10-27 11:32:25]Process 12661 termed with signal 4(SIGILL)
PT_F40-plus_5-150 Test Num : 56
Inject into ../bin/hello
----- Type : plus_5 Pos : PT_F40 -----
There are 1 faults will be injected in faulttable...
101050 microseconds
Fault on PT_F40(0X7f43ffe33ee0 -> 0X7f43ffe33ee5)
41 microseconds
[2016-10-27 11:32:25]Process 12663 termed with signal 4(SIGILL)
PT_F40-plus_5-150 Test Num : 57
Inject into ../bin/hello
----- Type : plus_5 Pos : PT_F40 -----
There are 1 faults will be injected in faulttable...
101644 microseconds
Fault on PT_F40(0X7fa8b4155ee0 -> 0X7fa8b4155ee5)
27 microseconds
[2016-10-27 11:32:25]Process 12665 termed with signal 4(SIGILL)
PT_F40-plus_5-150 Test Num : 58
Inject into ../bin/hello
----- Type : plus_5 Pos : PT_F40 -----
There are 1 faults will be injected in faulttable...
101080 microseconds
Fault on PT_F40(0X7f6dbc971ee0 -> 0X7f6dbc971ee5)
28 microseconds
[2016-10-27 11:32:25]Process 12667 termed with signal 4(SIGILL)
PT_F40-plus_5-150 Test Num : 59
Inject into ../bin/hello
----- Type : plus_5 Pos : PT_F40 -----
There are 1 faults will be injected in faulttable...
100952 microseconds
Fault on PT_F40(0X7f28cbefbee0 -> 0X7f28cbefbee5)
20 microseconds
[2016-10-27 11:32:25]Process 12669 termed with signal 4(SIGILL)
PT_F40-plus_5-150 Test Num : 60
Inject into ../bin/hello
----- Type : plus_5 Pos : PT_F40 -----
There are 1 faults will be injected in faulttable...
100998 microseconds
Fault on PT_F40(0X7f9752907ee0 -> 0X7f9752907ee5)
21 microseconds
[2016-10-27 11:32:25]Process 12671 termed with signal 4(SIGILL)
PT_F40-plus_5-150 Test Num : 61
Inject into ../bin/hello
----- Type : plus_5 Pos : PT_F40 -----
There are 1 faults will be injected in faulttable...
101069 microseconds
Fault on PT_F40(0X7ff1c277aee0 -> 0X7ff1c277aee5)
19 microseconds
[2016-10-27 11:32:25]Process 12673 termed with signal 4(SIGILL)
PT_F40-plus_5-150 Test Num : 62
Inject into ../bin/hello
----- Type : plus_5 Pos : PT_F40 -----
There are 1 faults will be injected in faulttable...
100089 microseconds
Fault on PT_F40(0X7fdbfba5fee0 -> 0X7fdbfba5fee5)
20 microseconds
[2016-10-27 11:32:26]Process 12675 termed with signal 4(SIGILL)
PT_F40-plus_5-150 Test Num : 63
Inject into ../bin/hello
----- Type : plus_5 Pos : PT_F40 -----
There are 1 faults will be injected in faulttable...
100991 microseconds
Fault on PT_F40(0X7f54f44cbee0 -> 0X7f54f44cbee5)
21 microseconds
[2016-10-27 11:32:26]Process 12677 termed with signal 4(SIGILL)
PT_F40-plus_5-150 Test Num : 64
Inject into ../bin/hello
----- Type : plus_5 Pos : PT_F40 -----
There are 1 faults will be injected in faulttable...
101060 microseconds
Fault on PT_F40(0X7f5fe29c7ee0 -> 0X7f5fe29c7ee5)
19 microseconds
[2016-10-27 11:32:26]Process 12679 termed with signal 4(SIGILL)
PT_F40-plus_5-150 Test Num : 65
Inject into ../bin/hello
----- Type : plus_5 Pos : PT_F40 -----
There are 1 faults will be injected in faulttable...
101435 microseconds
Fault on PT_F40(0X7f95a25f0ee0 -> 0X7f95a25f0ee5)
22 microseconds
[2016-10-27 11:32:26]Process 12681 termed with signal 4(SIGILL)
PT_F40-plus_5-150 Test Num : 66
Inject into ../bin/hello
----- Type : plus_5 Pos : PT_F40 -----
There are 1 faults will be injected in faulttable...
101116 microseconds
Fault on PT_F40(0X7f9cdc3b4ee0 -> 0X7f9cdc3b4ee5)
20 microseconds
[2016-10-27 11:32:26]Process 12683 termed with signal 4(SIGILL)
PT_F40-plus_5-150 Test Num : 67
Inject into ../bin/hello
----- Type : plus_5 Pos : PT_F40 -----
There are 1 faults will be injected in faulttable...
101238 microseconds
Fault on PT_F40(0X7f6e82fb7ee0 -> 0X7f6e82fb7ee5)
28 microseconds
[2016-10-27 11:32:26]Process 12685 termed with signal 4(SIGILL)
PT_F40-plus_5-150 Test Num : 68
Inject into ../bin/hello
----- Type : plus_5 Pos : PT_F40 -----
There are 1 faults will be injected in faulttable...
101120 microseconds
Fault on PT_F40(0X7f0f8cd4bee0 -> 0X7f0f8cd4bee5)
21 microseconds
[2016-10-27 11:32:26]Process 12687 termed with signal 4(SIGILL)
PT_F40-plus_5-150 Test Num : 69
Inject into ../bin/hello
----- Type : plus_5 Pos : PT_F40 -----
There are 1 faults will be injected in faulttable...
101044 microseconds
Fault on PT_F40(0X7f4810440ee0 -> 0X7f4810440ee5)
21 microseconds
[2016-10-27 11:32:26]Process 12689 termed with signal 4(SIGILL)
PT_F40-plus_5-150 Test Num : 70
Inject into ../bin/hello
----- Type : plus_5 Pos : PT_F40 -----
There are 1 faults will be injected in faulttable...
101204 microseconds
Fault on PT_F40(0X7f0099b1aee0 -> 0X7f0099b1aee5)
30 microseconds
[2016-10-27 11:32:26]Process 12691 termed with signal 4(SIGILL)
PT_F40-plus_5-150 Test Num : 71
Inject into ../bin/hello
----- Type : plus_5 Pos : PT_F40 -----
There are 1 faults will be injected in faulttable...
101001 microseconds
Fault on PT_F40(0X7f18fbd88ee0 -> 0X7f18fbd88ee5)
34 microseconds
[2016-10-27 11:32:27]Process 12693 termed with signal 4(SIGILL)
PT_F40-plus_5-150 Test Num : 72
Inject into ../bin/hello
----- Type : plus_5 Pos : PT_F40 -----
There are 1 faults will be injected in faulttable...
101040 microseconds
Fault on PT_F40(0X7fb1c72afee0 -> 0X7fb1c72afee5)
30 microseconds
[2016-10-27 11:32:27]Process 12695 termed with signal 4(SIGILL)
PT_F40-plus_5-150 Test Num : 73
Inject into ../bin/hello
----- Type : plus_5 Pos : PT_F40 -----
There are 1 faults will be injected in faulttable...
101136 microseconds
Fault on PT_F40(0X7fbca9c9fee0 -> 0X7fbca9c9fee5)
22 microseconds
[2016-10-27 11:32:27]Process 12697 termed with signal 4(SIGILL)
PT_F40-plus_5-150 Test Num : 74
Inject into ../bin/hello
----- Type : plus_5 Pos : PT_F40 -----
There are 1 faults will be injected in faulttable...
101306 microseconds
Fault on PT_F40(0X7fa4623d7ee0 -> 0X7fa4623d7ee5)
21 microseconds
[2016-10-27 11:32:27]Process 12699 termed with signal 4(SIGILL)
PT_F40-plus_5-150 Test Num : 75
Inject into ../bin/hello
----- Type : plus_5 Pos : PT_F40 -----
There are 1 faults will be injected in faulttable...
101270 microseconds
Fault on PT_F40(0X7f1ce8990ee0 -> 0X7f1ce8990ee5)
27 microseconds
[2016-10-27 11:32:27]Process 12701 termed with signal 4(SIGILL)
PT_F40-plus_5-150 Test Num : 76
Inject into ../bin/hello
----- Type : plus_5 Pos : PT_F40 -----
There are 1 faults will be injected in faulttable...
100257 microseconds
Fault on PT_F40(0X7f15f687dee0 -> 0X7f15f687dee5)
18 microseconds
[2016-10-27 11:32:27]Process 12703 termed with signal 4(SIGILL)
PT_F40-plus_5-150 Test Num : 77
Inject into ../bin/hello
----- Type : plus_5 Pos : PT_F40 -----
There are 1 faults will be injected in faulttable...
101376 microseconds
Fault on PT_F40(0X7f465067fee0 -> 0X7f465067fee5)
20 microseconds
[2016-10-27 11:32:27]Process 12705 termed with signal 4(SIGILL)
PT_F40-plus_5-150 Test Num : 78
Inject into ../bin/hello
----- Type : plus_5 Pos : PT_F40 -----
There are 1 faults will be injected in faulttable...
100125 microseconds
Fault on PT_F40(0X7f46076f4ee0 -> 0X7f46076f4ee5)
28 microseconds
[2016-10-27 11:32:27]Process 12707 termed with signal 4(SIGILL)
PT_F40-plus_5-150 Test Num : 79
Inject into ../bin/hello
----- Type : plus_5 Pos : PT_F40 -----
There are 1 faults will be injected in faulttable...
101228 microseconds
Fault on PT_F40(0X7f1b3c732ee0 -> 0X7f1b3c732ee5)
35 microseconds
[2016-10-27 11:32:27]Process 12709 termed with signal 4(SIGILL)
PT_F40-plus_5-150 Test Num : 80
Inject into ../bin/hello
----- Type : plus_5 Pos : PT_F40 -----
There are 1 faults will be injected in faulttable...
101288 microseconds
Fault on PT_F40(0X7faf83761ee0 -> 0X7faf83761ee5)
20 microseconds
[2016-10-27 11:32:28]Process 12711 termed with signal 4(SIGILL)
PT_F40-plus_5-150 Test Num : 81
Inject into ../bin/hello
----- Type : plus_5 Pos : PT_F40 -----
There are 1 faults will be injected in faulttable...
101089 microseconds
Fault on PT_F40(0X7fa6c21a5ee0 -> 0X7fa6c21a5ee5)
22 microseconds
[2016-10-27 11:32:28]Process 12713 termed with signal 4(SIGILL)
PT_F40-plus_5-150 Test Num : 82
Inject into ../bin/hello
----- Type : plus_5 Pos : PT_F40 -----
There are 1 faults will be injected in faulttable...
101178 microseconds
Fault on PT_F40(0X7f6532b81ee0 -> 0X7f6532b81ee5)
29 microseconds
[2016-10-27 11:32:28]Process 12715 termed with signal 4(SIGILL)
PT_F40-plus_5-150 Test Num : 83
Inject into ../bin/hello
----- Type : plus_5 Pos : PT_F40 -----
There are 1 faults will be injected in faulttable...
101068 microseconds
Fault on PT_F40(0X7f658958bee0 -> 0X7f658958bee5)
29 microseconds
[2016-10-27 11:32:28]Process 12717 termed with signal 4(SIGILL)
PT_F40-plus_5-150 Test Num : 84
Inject into ../bin/hello
----- Type : plus_5 Pos : PT_F40 -----
There are 1 faults will be injected in faulttable...
101399 microseconds
Fault on PT_F40(0X7f6d1611dee0 -> 0X7f6d1611dee5)
24 microseconds
[2016-10-27 11:32:28]Process 12719 termed with signal 4(SIGILL)
PT_F40-plus_5-150 Test Num : 85
Inject into ../bin/hello
----- Type : plus_5 Pos : PT_F40 -----
There are 1 faults will be injected in faulttable...
101040 microseconds
Fault on PT_F40(0X7f8504d7eee0 -> 0X7f8504d7eee5)
27 microseconds
[2016-10-27 11:32:28]Process 12721 termed with signal 4(SIGILL)
PT_F40-plus_5-150 Test Num : 86
Inject into ../bin/hello
----- Type : plus_5 Pos : PT_F40 -----
There are 1 faults will be injected in faulttable...
101182 microseconds
Fault on PT_F40(0X7f0ae8e74ee0 -> 0X7f0ae8e74ee5)
30 microseconds
[2016-10-27 11:32:28]Process 12723 termed with signal 4(SIGILL)
PT_F40-plus_5-150 Test Num : 87
Inject into ../bin/hello
----- Type : plus_5 Pos : PT_F40 -----
There are 1 faults will be injected in faulttable...
100096 microseconds
Fault on PT_F40(0X7fd4a610eee0 -> 0X7fd4a610eee5)
20 microseconds
[2016-10-27 11:32:28]Process 12725 termed with signal 4(SIGILL)
PT_F40-plus_5-150 Test Num : 88
Inject into ../bin/hello
----- Type : plus_5 Pos : PT_F40 -----
There are 1 faults will be injected in faulttable...
100991 microseconds
Fault on PT_F40(0X7f9192067ee0 -> 0X7f9192067ee5)
45 microseconds
[2016-10-27 11:32:28]Process 12727 termed with signal 4(SIGILL)
PT_F40-plus_5-150 Test Num : 89
Inject into ../bin/hello
----- Type : plus_5 Pos : PT_F40 -----
There are 1 faults will be injected in faulttable...
101229 microseconds
Fault on PT_F40(0X7fdc16681ee0 -> 0X7fdc16681ee5)
22 microseconds
[2016-10-27 11:32:29]Process 12729 termed with signal 4(SIGILL)
PT_F40-plus_5-150 Test Num : 90
Inject into ../bin/hello
----- Type : plus_5 Pos : PT_F40 -----
There are 1 faults will be injected in faulttable...
100953 microseconds
Fault on PT_F40(0X7f8a6aa5dee0 -> 0X7f8a6aa5dee5)
29 microseconds
[2016-10-27 11:32:29]Process 12731 termed with signal 4(SIGILL)
PT_F40-plus_5-150 Test Num : 91
Inject into ../bin/hello
----- Type : plus_5 Pos : PT_F40 -----
There are 1 faults will be injected in faulttable...
100977 microseconds
Fault on PT_F40(0X7f5cc3648ee0 -> 0X7f5cc3648ee5)
36 microseconds
[2016-10-27 11:32:29]Process 12733 termed with signal 4(SIGILL)
PT_F40-plus_5-150 Test Num : 92
Inject into ../bin/hello
----- Type : plus_5 Pos : PT_F40 -----
There are 1 faults will be injected in faulttable...
101598 microseconds
Fault on PT_F40(0X7fcf9cc30ee0 -> 0X7fcf9cc30ee5)
24 microseconds
[2016-10-27 11:32:29]Process 12735 termed with signal 4(SIGILL)
PT_F40-plus_5-150 Test Num : 93
Inject into ../bin/hello
----- Type : plus_5 Pos : PT_F40 -----
There are 1 faults will be injected in faulttable...
100217 microseconds
Fault on PT_F40(0X7fd55801aee0 -> 0X7fd55801aee5)
21 microseconds
[2016-10-27 11:32:29]Process 12737 termed with signal 4(SIGILL)
PT_F40-plus_5-150 Test Num : 94
Inject into ../bin/hello
----- Type : plus_5 Pos : PT_F40 -----
There are 1 faults will be injected in faulttable...
101144 microseconds
Fault on PT_F40(0X7fec269f1ee0 -> 0X7fec269f1ee5)
22 microseconds
[2016-10-27 11:32:29]Process 12739 termed with signal 4(SIGILL)
PT_F40-plus_5-150 Test Num : 95
Inject into ../bin/hello
----- Type : plus_5 Pos : PT_F40 -----
There are 1 faults will be injected in faulttable...
101005 microseconds
Fault on PT_F40(0X7f634b8a3ee0 -> 0X7f634b8a3ee5)
26 microseconds
[2016-10-27 11:32:29]Process 12742 termed with signal 4(SIGILL)
PT_F40-plus_5-150 Test Num : 96
Inject into ../bin/hello
----- Type : plus_5 Pos : PT_F40 -----
There are 1 faults will be injected in faulttable...
100995 microseconds
Fault on PT_F40(0X7f6a33c71ee0 -> 0X7f6a33c71ee5)
26 microseconds
[2016-10-27 11:32:29]Process 12744 termed with signal 4(SIGILL)
PT_F40-plus_5-150 Test Num : 97
Inject into ../bin/hello
----- Type : plus_5 Pos : PT_F40 -----
There are 1 faults will be injected in faulttable...
101178 microseconds
Fault on PT_F40(0X7f2c7a68cee0 -> 0X7f2c7a68cee5)
29 microseconds
[2016-10-27 11:32:29]Process 12746 termed with signal 4(SIGILL)
PT_F40-plus_5-150 Test Num : 98
Inject into ../bin/hello
----- Type : plus_5 Pos : PT_F40 -----
There are 1 faults will be injected in faulttable...
100064 microseconds
Fault on PT_F40(0X7f3b7b207ee0 -> 0X7f3b7b207ee5)
28 microseconds
[2016-10-27 11:32:30]Process 12748 termed with signal 4(SIGILL)
PT_F40-plus_5-150 Test Num : 99
Inject into ../bin/hello
----- Type : plus_5 Pos : PT_F40 -----
There are 1 faults will be injected in faulttable...
101047 microseconds
Fault on PT_F40(0X7f4a6e6f9ee0 -> 0X7f4a6e6f9ee5)
22 microseconds
[2016-10-27 11:32:30]Process 12750 termed with signal 4(SIGILL)
PT_F40-plus_5-150 Test Num : 100
Inject into ../bin/hello
----- Type : plus_5 Pos : PT_F40 -----
There are 1 faults will be injected in faulttable...
101136 microseconds
Fault on PT_F40(0X7f5a09b34ee0 -> 0X7f5a09b34ee5)
27 microseconds
[2016-10-27 11:32:30]Process 12752 termed with signal 4(SIGILL)
PT_F40-plus_5-150 Test Num : 101
Inject into ../bin/hello
----- Type : plus_5 Pos : PT_F40 -----
There are 1 faults will be injected in faulttable...
101116 microseconds
Fault on PT_F40(0X7fd8b0957ee0 -> 0X7fd8b0957ee5)
26 microseconds
[2016-10-27 11:32:30]Process 12754 termed with signal 4(SIGILL)
PT_F40-plus_5-150 Test Num : 102
Inject into ../bin/hello
----- Type : plus_5 Pos : PT_F40 -----
There are 1 faults will be injected in faulttable...
101133 microseconds
Fault on PT_F40(0X7f4271dacee0 -> 0X7f4271dacee5)
29 microseconds
[2016-10-27 11:32:30]Process 12756 termed with signal 4(SIGILL)
PT_F40-plus_5-150 Test Num : 103
Inject into ../bin/hello
----- Type : plus_5 Pos : PT_F40 -----
There are 1 faults will be injected in faulttable...
101108 microseconds
Fault on PT_F40(0X7fce52584ee0 -> 0X7fce52584ee5)
21 microseconds
[2016-10-27 11:32:30]Process 12758 termed with signal 4(SIGILL)
PT_F40-plus_5-150 Test Num : 104
Inject into ../bin/hello
----- Type : plus_5 Pos : PT_F40 -----
There are 1 faults will be injected in faulttable...
100299 microseconds
Fault on PT_F40(0X7fec3548eee0 -> 0X7fec3548eee5)
23 microseconds
[2016-10-27 11:32:30]Process 12760 termed with signal 4(SIGILL)
PT_F40-plus_5-150 Test Num : 105
Inject into ../bin/hello
----- Type : plus_5 Pos : PT_F40 -----
There are 1 faults will be injected in faulttable...
100100 microseconds
Fault on PT_F40(0X7f94242c4ee0 -> 0X7f94242c4ee5)
28 microseconds
[2016-10-27 11:32:30]Process 12762 termed with signal 4(SIGILL)
PT_F40-plus_5-150 Test Num : 106
Inject into ../bin/hello
----- Type : plus_5 Pos : PT_F40 -----
There are 1 faults will be injected in faulttable...
101248 microseconds
Fault on PT_F40(0X7f4987876ee0 -> 0X7f4987876ee5)
21 microseconds
[2016-10-27 11:32:30]Process 12764 termed with signal 4(SIGILL)
PT_F40-plus_5-150 Test Num : 107
Inject into ../bin/hello
----- Type : plus_5 Pos : PT_F40 -----
There are 1 faults will be injected in faulttable...
101013 microseconds
Fault on PT_F40(0X7f9056fc9ee0 -> 0X7f9056fc9ee5)
21 microseconds
[2016-10-27 11:32:31]Process 12766 termed with signal 4(SIGILL)
PT_F40-plus_5-150 Test Num : 108
Inject into ../bin/hello
----- Type : plus_5 Pos : PT_F40 -----
There are 1 faults will be injected in faulttable...
101079 microseconds
Fault on PT_F40(0X7f29316f1ee0 -> 0X7f29316f1ee5)
19 microseconds
[2016-10-27 11:32:31]Process 12768 termed with signal 4(SIGILL)
PT_F40-plus_5-150 Test Num : 109
Inject into ../bin/hello
----- Type : plus_5 Pos : PT_F40 -----
There are 1 faults will be injected in faulttable...
101013 microseconds
Fault on PT_F40(0X7fd65919dee0 -> 0X7fd65919dee5)
21 microseconds
[2016-10-27 11:32:31]Process 12770 termed with signal 4(SIGILL)
PT_F40-plus_5-150 Test Num : 110
Inject into ../bin/hello
----- Type : plus_5 Pos : PT_F40 -----
There are 1 faults will be injected in faulttable...
100292 microseconds
Fault on PT_F40(0X7f5bbd794ee0 -> 0X7f5bbd794ee5)
22 microseconds
[2016-10-27 11:32:31]Process 12772 termed with signal 4(SIGILL)
PT_F40-plus_5-150 Test Num : 111
Inject into ../bin/hello
----- Type : plus_5 Pos : PT_F40 -----
There are 1 faults will be injected in faulttable...
101001 microseconds
Fault on PT_F40(0X7fb2dd701ee0 -> 0X7fb2dd701ee5)
19 microseconds
[2016-10-27 11:32:31]Process 12774 termed with signal 4(SIGILL)
PT_F40-plus_5-150 Test Num : 112
Inject into ../bin/hello
----- Type : plus_5 Pos : PT_F40 -----
There are 1 faults will be injected in faulttable...
101071 microseconds
Fault on PT_F40(0X7f5a2a617ee0 -> 0X7f5a2a617ee5)
28 microseconds
[2016-10-27 11:32:31]Process 12776 termed with signal 4(SIGILL)
PT_F40-plus_5-150 Test Num : 113
Inject into ../bin/hello
----- Type : plus_5 Pos : PT_F40 -----
There are 1 faults will be injected in faulttable...
101362 microseconds
Fault on PT_F40(0X7f76270e5ee0 -> 0X7f76270e5ee5)
27 microseconds
[2016-10-27 11:32:31]Process 12778 termed with signal 4(SIGILL)
PT_F40-plus_5-150 Test Num : 114
Inject into ../bin/hello
----- Type : plus_5 Pos : PT_F40 -----
There are 1 faults will be injected in faulttable...
101413 microseconds
Fault on PT_F40(0X7faf8773cee0 -> 0X7faf8773cee5)
38 microseconds
[2016-10-27 11:32:31]Process 12780 termed with signal 4(SIGILL)
PT_F40-plus_5-150 Test Num : 115
Inject into ../bin/hello
----- Type : plus_5 Pos : PT_F40 -----
There are 1 faults will be injected in faulttable...
101195 microseconds
Fault on PT_F40(0X7fd501bfdee0 -> 0X7fd501bfdee5)
30 microseconds
[2016-10-27 11:32:31]Process 12782 termed with signal 4(SIGILL)
PT_F40-plus_5-150 Test Num : 116
Inject into ../bin/hello
----- Type : plus_5 Pos : PT_F40 -----
There are 1 faults will be injected in faulttable...
100151 microseconds
Fault on PT_F40(0X7fc618eefee0 -> 0X7fc618eefee5)
30 microseconds
[2016-10-27 11:32:31]Process 12784 termed with signal 4(SIGILL)
PT_F40-plus_5-150 Test Num : 117
Inject into ../bin/hello
----- Type : plus_5 Pos : PT_F40 -----
There are 1 faults will be injected in faulttable...
101373 microseconds
Fault on PT_F40(0X7f1952a90ee0 -> 0X7f1952a90ee5)
29 microseconds
[2016-10-27 11:32:32]Process 12786 termed with signal 4(SIGILL)
PT_F40-plus_5-150 Test Num : 118
Inject into ../bin/hello
----- Type : plus_5 Pos : PT_F40 -----
There are 1 faults will be injected in faulttable...
101077 microseconds
Fault on PT_F40(0X7fbd5b8b2ee0 -> 0X7fbd5b8b2ee5)
35 microseconds
[2016-10-27 11:32:32]Process 12788 termed with signal 4(SIGILL)
PT_F40-plus_5-150 Test Num : 119
Inject into ../bin/hello
----- Type : plus_5 Pos : PT_F40 -----
There are 1 faults will be injected in faulttable...
100159 microseconds
Fault on PT_F40(0X7f873df0fee0 -> 0X7f873df0fee5)
49 microseconds
[2016-10-27 11:32:32]Process 12790 termed with signal 4(SIGILL)
PT_F40-plus_5-150 Test Num : 120
Inject into ../bin/hello
----- Type : plus_5 Pos : PT_F40 -----
There are 1 faults will be injected in faulttable...
101070 microseconds
Fault on PT_F40(0X7faae5c87ee0 -> 0X7faae5c87ee5)
29 microseconds
[2016-10-27 11:32:32]Process 12792 termed with signal 4(SIGILL)
PT_F40-plus_5-150 Test Num : 121
Inject into ../bin/hello
----- Type : plus_5 Pos : PT_F40 -----
There are 1 faults will be injected in faulttable...
101235 microseconds
Fault on PT_F40(0X7f73ec3bcee0 -> 0X7f73ec3bcee5)
28 microseconds
[2016-10-27 11:32:32]Process 12794 termed with signal 4(SIGILL)
PT_F40-plus_5-150 Test Num : 122
Inject into ../bin/hello
----- Type : plus_5 Pos : PT_F40 -----
There are 1 faults will be injected in faulttable...
101116 microseconds
Fault on PT_F40(0X7f478c728ee0 -> 0X7f478c728ee5)
23 microseconds
[2016-10-27 11:32:32]Process 12796 termed with signal 4(SIGILL)
PT_F40-plus_5-150 Test Num : 123
Inject into ../bin/hello
----- Type : plus_5 Pos : PT_F40 -----
There are 1 faults will be injected in faulttable...
101480 microseconds
Fault on PT_F40(0X7fa06c956ee0 -> 0X7fa06c956ee5)
31 microseconds
[2016-10-27 11:32:32]Process 12798 termed with signal 4(SIGILL)
PT_F40-plus_5-150 Test Num : 124
Inject into ../bin/hello
----- Type : plus_5 Pos : PT_F40 -----
There are 1 faults will be injected in faulttable...
101552 microseconds
Fault on PT_F40(0X7ff44e37bee0 -> 0X7ff44e37bee5)
52 microseconds
[2016-10-27 11:32:32]Process 12800 termed with signal 4(SIGILL)
PT_F40-plus_5-150 Test Num : 125
Inject into ../bin/hello
----- Type : plus_5 Pos : PT_F40 -----
There are 1 faults will be injected in faulttable...
101012 microseconds
Fault on PT_F40(0X7fec7d04bee0 -> 0X7fec7d04bee5)
29 microseconds
[2016-10-27 11:32:32]Process 12802 termed with signal 4(SIGILL)
PT_F40-plus_5-150 Test Num : 126
Inject into ../bin/hello
----- Type : plus_5 Pos : PT_F40 -----
There are 1 faults will be injected in faulttable...
101425 microseconds
Fault on PT_F40(0X7f024e471ee0 -> 0X7f024e471ee5)
32 microseconds
[2016-10-27 11:32:33]Process 12804 termed with signal 4(SIGILL)
PT_F40-plus_5-150 Test Num : 127
Inject into ../bin/hello
----- Type : plus_5 Pos : PT_F40 -----
There are 1 faults will be injected in faulttable...
101676 microseconds
Fault on PT_F40(0X7f445d071ee0 -> 0X7f445d071ee5)
32 microseconds
[2016-10-27 11:32:33]Process 12806 termed with signal 4(SIGILL)
PT_F40-plus_5-150 Test Num : 128
Inject into ../bin/hello
----- Type : plus_5 Pos : PT_F40 -----
There are 1 faults will be injected in faulttable...
101069 microseconds
Fault on PT_F40(0X7f178fea9ee0 -> 0X7f178fea9ee5)
22 microseconds
[2016-10-27 11:32:33]Process 12808 termed with signal 4(SIGILL)
PT_F40-plus_5-150 Test Num : 129
Inject into ../bin/hello
----- Type : plus_5 Pos : PT_F40 -----
There are 1 faults will be injected in faulttable...
101167 microseconds
Fault on PT_F40(0X7fe78f2bdee0 -> 0X7fe78f2bdee5)
22 microseconds
[2016-10-27 11:32:33]Process 12810 termed with signal 4(SIGILL)
PT_F40-plus_5-150 Test Num : 130
Inject into ../bin/hello
----- Type : plus_5 Pos : PT_F40 -----
There are 1 faults will be injected in faulttable...
101240 microseconds
Fault on PT_F40(0X7f6c3ed76ee0 -> 0X7f6c3ed76ee5)
35 microseconds
[2016-10-27 11:32:33]Process 12812 termed with signal 4(SIGILL)
PT_F40-plus_5-150 Test Num : 131
Inject into ../bin/hello
----- Type : plus_5 Pos : PT_F40 -----
There are 1 faults will be injected in faulttable...
101160 microseconds
Fault on PT_F40(0X7fb6a3059ee0 -> 0X7fb6a3059ee5)
20 microseconds
[2016-10-27 11:32:33]Process 12814 termed with signal 4(SIGILL)
PT_F40-plus_5-150 Test Num : 132
Inject into ../bin/hello
----- Type : plus_5 Pos : PT_F40 -----
There are 1 faults will be injected in faulttable...
100996 microseconds
Fault on PT_F40(0X7fed16a82ee0 -> 0X7fed16a82ee5)
32 microseconds
[2016-10-27 11:32:33]Process 12816 termed with signal 4(SIGILL)
PT_F40-plus_5-150 Test Num : 133
Inject into ../bin/hello
----- Type : plus_5 Pos : PT_F40 -----
There are 1 faults will be injected in faulttable...
100113 microseconds
Fault on PT_F40(0X7f0e0e3feee0 -> 0X7f0e0e3feee5)
20 microseconds
[2016-10-27 11:32:33]Process 12818 termed with signal 4(SIGILL)
PT_F40-plus_5-150 Test Num : 134
Inject into ../bin/hello
----- Type : plus_5 Pos : PT_F40 -----
There are 1 faults will be injected in faulttable...
101385 microseconds
Fault on PT_F40(0X7f1911fa0ee0 -> 0X7f1911fa0ee5)
26 microseconds
[2016-10-27 11:32:33]Process 12820 termed with signal 4(SIGILL)
PT_F40-plus_5-150 Test Num : 135
Inject into ../bin/hello
----- Type : plus_5 Pos : PT_F40 -----
There are 1 faults will be injected in faulttable...
101276 microseconds
Fault on PT_F40(0X7fe3315c2ee0 -> 0X7fe3315c2ee5)
35 microseconds
[2016-10-27 11:32:34]Process 12822 termed with signal 4(SIGILL)
PT_F40-plus_5-150 Test Num : 136
Inject into ../bin/hello
----- Type : plus_5 Pos : PT_F40 -----
There are 1 faults will be injected in faulttable...
100076 microseconds
Fault on PT_F40(0X7fb4709a4ee0 -> 0X7fb4709a4ee5)
27 microseconds
[2016-10-27 11:32:34]Process 12824 termed with signal 4(SIGILL)
PT_F40-plus_5-150 Test Num : 137
Inject into ../bin/hello
----- Type : plus_5 Pos : PT_F40 -----
There are 1 faults will be injected in faulttable...
100875 microseconds
Fault on PT_F40(0X7f9dce2b6ee0 -> 0X7f9dce2b6ee5)
21 microseconds
[2016-10-27 11:32:34]Process 12826 termed with signal 4(SIGILL)
PT_F40-plus_5-150 Test Num : 138
Inject into ../bin/hello
----- Type : plus_5 Pos : PT_F40 -----
There are 1 faults will be injected in faulttable...
101452 microseconds
Fault on PT_F40(0X7ff5dc659ee0 -> 0X7ff5dc659ee5)
34 microseconds
[2016-10-27 11:32:34]Process 12828 termed with signal 4(SIGILL)
PT_F40-plus_5-150 Test Num : 139
Inject into ../bin/hello
----- Type : plus_5 Pos : PT_F40 -----
There are 1 faults will be injected in faulttable...
101195 microseconds
Fault on PT_F40(0X7f631f9b3ee0 -> 0X7f631f9b3ee5)
42 microseconds
[2016-10-27 11:32:34]Process 12830 termed with signal 4(SIGILL)
PT_F40-plus_5-150 Test Num : 140
Inject into ../bin/hello
----- Type : plus_5 Pos : PT_F40 -----
There are 1 faults will be injected in faulttable...
101484 microseconds
Fault on PT_F40(0X7febe0d38ee0 -> 0X7febe0d38ee5)
28 microseconds
[2016-10-27 11:32:34]Process 12832 termed with signal 4(SIGILL)
PT_F40-plus_5-150 Test Num : 141
Inject into ../bin/hello
----- Type : plus_5 Pos : PT_F40 -----
There are 1 faults will be injected in faulttable...
101482 microseconds
Fault on PT_F40(0X7f63b64b2ee0 -> 0X7f63b64b2ee5)
37 microseconds
[2016-10-27 11:32:34]Process 12834 termed with signal 4(SIGILL)
PT_F40-plus_5-150 Test Num : 142
Inject into ../bin/hello
----- Type : plus_5 Pos : PT_F40 -----
There are 1 faults will be injected in faulttable...
101080 microseconds
Fault on PT_F40(0X7f4e5c4b3ee0 -> 0X7f4e5c4b3ee5)
24 microseconds
[2016-10-27 11:32:34]Process 12836 termed with signal 4(SIGILL)
PT_F40-plus_5-150 Test Num : 143
Inject into ../bin/hello
----- Type : plus_5 Pos : PT_F40 -----
There are 1 faults will be injected in faulttable...
100982 microseconds
Fault on PT_F40(0X7f82721f5ee0 -> 0X7f82721f5ee5)
28 microseconds
[2016-10-27 11:32:34]Process 12838 termed with signal 4(SIGILL)
PT_F40-plus_5-150 Test Num : 144
Inject into ../bin/hello
----- Type : plus_5 Pos : PT_F40 -----
There are 1 faults will be injected in faulttable...
101817 microseconds
Fault on PT_F40(0X7f991d106ee0 -> 0X7f991d106ee5)
31 microseconds
[2016-10-27 11:32:35]Process 12840 termed with signal 4(SIGILL)
PT_F40-plus_5-150 Test Num : 145
Inject into ../bin/hello
----- Type : plus_5 Pos : PT_F40 -----
There are 1 faults will be injected in faulttable...
101018 microseconds
Fault on PT_F40(0X7f4b99757ee0 -> 0X7f4b99757ee5)
32 microseconds
[2016-10-27 11:32:35]Process 12842 termed with signal 4(SIGILL)
PT_F40-plus_5-150 Test Num : 146
Inject into ../bin/hello
----- Type : plus_5 Pos : PT_F40 -----
There are 1 faults will be injected in faulttable...
101312 microseconds
Fault on PT_F40(0X7f13d94c0ee0 -> 0X7f13d94c0ee5)
23 microseconds
[2016-10-27 11:32:35]Process 12844 termed with signal 4(SIGILL)
PT_F40-plus_5-150 Test Num : 147
Inject into ../bin/hello
----- Type : plus_5 Pos : PT_F40 -----
There are 1 faults will be injected in faulttable...
100099 microseconds
Fault on PT_F40(0X7f32dee44ee0 -> 0X7f32dee44ee5)
27 microseconds
[2016-10-27 11:32:35]Process 12846 termed with signal 4(SIGILL)
PT_F40-plus_5-150 Test Num : 148
Inject into ../bin/hello
----- Type : plus_5 Pos : PT_F40 -----
There are 1 faults will be injected in faulttable...
100271 microseconds
Fault on PT_F40(0X7faa00da1ee0 -> 0X7faa00da1ee5)
29 microseconds
[2016-10-27 11:32:35]Process 12848 termed with signal 4(SIGILL)
PT_F40-plus_5-150 Test Num : 149
Inject into ../bin/hello
----- Type : plus_5 Pos : PT_F40 -----
There are 1 faults will be injected in faulttable...
101395 microseconds
Fault on PT_F40(0X7fd22bbeeee0 -> 0X7fd22bbeeee5)
31 microseconds
[2016-10-27 11:32:35]Process 12850 termed with signal 4(SIGILL)
PT_F40-plus_5-150 Test Num : 150
Inject into ../bin/hello
----- Type : plus_5 Pos : PT_F40 -----
There are 1 faults will be injected in faulttable...
101141 microseconds
Fault on PT_F40(0X7f515a7fbee0 -> 0X7f515a7fbee5)
31 microseconds
[2016-10-27 11:32:35]Process 12852 termed with signal 4(SIGILL)
