PT_F40-8_low_1-150 Test Num : 1
Inject into ../bin/hello
----- Type : 8_low_1 Pos : PT_F40 -----
There are 1 faults will be injected in faulttable...
100079 microseconds
Fault on PT_F40(0X7fcf2607dee0 -> 0X7fcf2607deff)
14 microseconds
[ 2016-10-27 11:15:8]Process 9709 termed with signal 11(SIGSEGV)
PT_F40-8_low_1-150 Test Num : 2
Inject into ../bin/hello
----- Type : 8_low_1 Pos : PT_F40 -----
There are 1 faults will be injected in faulttable...
100956 microseconds
Fault on PT_F40(0X7f92fbad6ee0 -> 0X7f92fbad6eff)
17 microseconds
[ 2016-10-27 11:15:8]Process 9711 termed with signal 11(SIGSEGV)
PT_F40-8_low_1-150 Test Num : 3
Inject into ../bin/hello
----- Type : 8_low_1 Pos : PT_F40 -----
There are 1 faults will be injected in faulttable...
101036 microseconds
Fault on PT_F40(0X7f375fd7eee0 -> 0X7f375fd7eeff)
15 microseconds
[ 2016-10-27 11:15:8]Process 9713 termed with signal 11(SIGSEGV)
PT_F40-8_low_1-150 Test Num : 4
Inject into ../bin/hello
----- Type : 8_low_1 Pos : PT_F40 -----
There are 1 faults will be injected in faulttable...
100938 microseconds
Fault on PT_F40(0X7f7417dd1ee0 -> 0X7f7417dd1eff)
23 microseconds
[ 2016-10-27 11:15:8]Process 9715 termed with signal 11(SIGSEGV)
PT_F40-8_low_1-150 Test Num : 5
Inject into ../bin/hello
----- Type : 8_low_1 Pos : PT_F40 -----
There are 1 faults will be injected in faulttable...
101048 microseconds
Fault on PT_F40(0X7ff5bf3d3ee0 -> 0X7ff5bf3d3eff)
13 microseconds
[ 2016-10-27 11:15:8]Process 9717 termed with signal 11(SIGSEGV)
PT_F40-8_low_1-150 Test Num : 6
Inject into ../bin/hello
----- Type : 8_low_1 Pos : PT_F40 -----
There are 1 faults will be injected in faulttable...
100974 microseconds
Fault on PT_F40(0X7feaa3691ee0 -> 0X7feaa3691eff)
21 microseconds
[ 2016-10-27 11:15:8]Process 9719 termed with signal 11(SIGSEGV)
PT_F40-8_low_1-150 Test Num : 7
Inject into ../bin/hello
----- Type : 8_low_1 Pos : PT_F40 -----
There are 1 faults will be injected in faulttable...
101321 microseconds
Fault on PT_F40(0X7f1d14061ee0 -> 0X7f1d14061eff)
19 microseconds
[ 2016-10-27 11:15:8]Process 9721 termed with signal 11(SIGSEGV)
PT_F40-8_low_1-150 Test Num : 8
Inject into ../bin/hello
----- Type : 8_low_1 Pos : PT_F40 -----
There are 1 faults will be injected in faulttable...
100974 microseconds
Fault on PT_F40(0X7f136359bee0 -> 0X7f136359beff)
14 microseconds
[ 2016-10-27 11:15:8]Process 9723 termed with signal 11(SIGSEGV)
PT_F40-8_low_1-150 Test Num : 9
Inject into ../bin/hello
----- Type : 8_low_1 Pos : PT_F40 -----
There are 1 faults will be injected in faulttable...
101027 microseconds
Fault on PT_F40(0X7ff6be60bee0 -> 0X7ff6be60beff)
200 microseconds
[ 2016-10-27 11:15:9]Process 9725 termed with signal 11(SIGSEGV)
PT_F40-8_low_1-150 Test Num : 10
Inject into ../bin/hello
----- Type : 8_low_1 Pos : PT_F40 -----
There are 1 faults will be injected in faulttable...
101236 microseconds
Fault on PT_F40(0X7f81c3a4aee0 -> 0X7f81c3a4aeff)
16 microseconds
[ 2016-10-27 11:15:9]Process 9727 termed with signal 11(SIGSEGV)
PT_F40-8_low_1-150 Test Num : 11
Inject into ../bin/hello
----- Type : 8_low_1 Pos : PT_F40 -----
There are 1 faults will be injected in faulttable...
100271 microseconds
Fault on PT_F40(0X7f45ed7c2ee0 -> 0X7f45ed7c2eff)
21 microseconds
[ 2016-10-27 11:15:9]Process 9729 termed with signal 11(SIGSEGV)
PT_F40-8_low_1-150 Test Num : 12
Inject into ../bin/hello
----- Type : 8_low_1 Pos : PT_F40 -----
There are 1 faults will be injected in faulttable...
101154 microseconds
Fault on PT_F40(0X7fbbc9346ee0 -> 0X7fbbc9346eff)
20 microseconds
[ 2016-10-27 11:15:9]Process 9731 termed with signal 11(SIGSEGV)
PT_F40-8_low_1-150 Test Num : 13
Inject into ../bin/hello
----- Type : 8_low_1 Pos : PT_F40 -----
There are 1 faults will be injected in faulttable...
101295 microseconds
Fault on PT_F40(0X7fb0e72d3ee0 -> 0X7fb0e72d3eff)
20 microseconds
[ 2016-10-27 11:15:9]Process 9733 termed with signal 11(SIGSEGV)
PT_F40-8_low_1-150 Test Num : 14
Inject into ../bin/hello
----- Type : 8_low_1 Pos : PT_F40 -----
There are 1 faults will be injected in faulttable...
101026 microseconds
Fault on PT_F40(0X7f6fde5dcee0 -> 0X7f6fde5dceff)
21 microseconds
[ 2016-10-27 11:15:9]Process 9735 termed with signal 11(SIGSEGV)
PT_F40-8_low_1-150 Test Num : 15
Inject into ../bin/hello
----- Type : 8_low_1 Pos : PT_F40 -----
There are 1 faults will be injected in faulttable...
101421 microseconds
Fault on PT_F40(0X7f7f44097ee0 -> 0X7f7f44097eff)
17 microseconds
[ 2016-10-27 11:15:9]Process 9737 termed with signal 11(SIGSEGV)
PT_F40-8_low_1-150 Test Num : 16
Inject into ../bin/hello
----- Type : 8_low_1 Pos : PT_F40 -----
There are 1 faults will be injected in faulttable...
100954 microseconds
Fault on PT_F40(0X7fc478b9fee0 -> 0X7fc478b9feff)
23 microseconds
[ 2016-10-27 11:15:9]Process 9739 termed with signal 11(SIGSEGV)
PT_F40-8_low_1-150 Test Num : 17
Inject into ../bin/hello
----- Type : 8_low_1 Pos : PT_F40 -----
There are 1 faults will be injected in faulttable...
101047 microseconds
Fault on PT_F40(0X7f5ca8e57ee0 -> 0X7f5ca8e57eff)
18 microseconds
[ 2016-10-27 11:15:9]Process 9741 termed with signal 11(SIGSEGV)
PT_F40-8_low_1-150 Test Num : 18
Inject into ../bin/hello
----- Type : 8_low_1 Pos : PT_F40 -----
There are 1 faults will be injected in faulttable...
101106 microseconds
Fault on PT_F40(0X7fad5f49aee0 -> 0X7fad5f49aeff)
17 microseconds
[2016-10-27 11:15:10]Process 9743 termed with signal 11(SIGSEGV)
PT_F40-8_low_1-150 Test Num : 19
Inject into ../bin/hello
----- Type : 8_low_1 Pos : PT_F40 -----
There are 1 faults will be injected in faulttable...
101086 microseconds
Fault on PT_F40(0X7fe175567ee0 -> 0X7fe175567eff)
17 microseconds
[2016-10-27 11:15:10]Process 9745 termed with signal 11(SIGSEGV)
PT_F40-8_low_1-150 Test Num : 20
Inject into ../bin/hello
----- Type : 8_low_1 Pos : PT_F40 -----
There are 1 faults will be injected in faulttable...
101094 microseconds
Fault on PT_F40(0X7f8ba0619ee0 -> 0X7f8ba0619eff)
16 microseconds
[2016-10-27 11:15:10]Process 9747 termed with signal 11(SIGSEGV)
PT_F40-8_low_1-150 Test Num : 21
Inject into ../bin/hello
----- Type : 8_low_1 Pos : PT_F40 -----
There are 1 faults will be injected in faulttable...
101257 microseconds
Fault on PT_F40(0X7fc0465a3ee0 -> 0X7fc0465a3eff)
14 microseconds
[2016-10-27 11:15:10]Process 9749 termed with signal 11(SIGSEGV)
PT_F40-8_low_1-150 Test Num : 22
Inject into ../bin/hello
----- Type : 8_low_1 Pos : PT_F40 -----
There are 1 faults will be injected in faulttable...
101082 microseconds
Fault on PT_F40(0X7faced970ee0 -> 0X7faced970eff)
16 microseconds
[2016-10-27 11:15:10]Process 9751 termed with signal 11(SIGSEGV)
PT_F40-8_low_1-150 Test Num : 23
Inject into ../bin/hello
----- Type : 8_low_1 Pos : PT_F40 -----
There are 1 faults will be injected in faulttable...
100115 microseconds
Fault on PT_F40(0X7f513d5b0ee0 -> 0X7f513d5b0eff)
19 microseconds
[2016-10-27 11:15:10]Process 9753 termed with signal 11(SIGSEGV)
PT_F40-8_low_1-150 Test Num : 24
Inject into ../bin/hello
----- Type : 8_low_1 Pos : PT_F40 -----
There are 1 faults will be injected in faulttable...
100980 microseconds
Fault on PT_F40(0X7fec90155ee0 -> 0X7fec90155eff)
15 microseconds
[2016-10-27 11:15:10]Process 9755 termed with signal 11(SIGSEGV)
PT_F40-8_low_1-150 Test Num : 25
Inject into ../bin/hello
----- Type : 8_low_1 Pos : PT_F40 -----
There are 1 faults will be injected in faulttable...
101026 microseconds
Fault on PT_F40(0X7fe86d33eee0 -> 0X7fe86d33eeff)
14 microseconds
[2016-10-27 11:15:10]Process 9757 termed with signal 11(SIGSEGV)
PT_F40-8_low_1-150 Test Num : 26
Inject into ../bin/hello
----- Type : 8_low_1 Pos : PT_F40 -----
There are 1 faults will be injected in faulttable...
100992 microseconds
Fault on PT_F40(0X7f5ef1791ee0 -> 0X7f5ef1791eff)
20 microseconds
[2016-10-27 11:15:10]Process 9759 termed with signal 11(SIGSEGV)
PT_F40-8_low_1-150 Test Num : 27
Inject into ../bin/hello
----- Type : 8_low_1 Pos : PT_F40 -----
There are 1 faults will be injected in faulttable...
100074 microseconds
Fault on PT_F40(0X7f7a14d70ee0 -> 0X7f7a14d70eff)
21 microseconds
[2016-10-27 11:15:11]Process 9761 termed with signal 11(SIGSEGV)
PT_F40-8_low_1-150 Test Num : 28
Inject into ../bin/hello
----- Type : 8_low_1 Pos : PT_F40 -----
There are 1 faults will be injected in faulttable...
101278 microseconds
Fault on PT_F40(0X7fcdd72baee0 -> 0X7fcdd72baeff)
15 microseconds
[2016-10-27 11:15:11]Process 9763 termed with signal 11(SIGSEGV)
PT_F40-8_low_1-150 Test Num : 29
Inject into ../bin/hello
----- Type : 8_low_1 Pos : PT_F40 -----
There are 1 faults will be injected in faulttable...
100073 microseconds
Fault on PT_F40(0X7ff55e9dbee0 -> 0X7ff55e9dbeff)
16 microseconds
[2016-10-27 11:15:11]Process 9765 termed with signal 11(SIGSEGV)
PT_F40-8_low_1-150 Test Num : 30
Inject into ../bin/hello
----- Type : 8_low_1 Pos : PT_F40 -----
There are 1 faults will be injected in faulttable...
101000 microseconds
Fault on PT_F40(0X7f33bb4d2ee0 -> 0X7f33bb4d2eff)
21 microseconds
[2016-10-27 11:15:11]Process 9767 termed with signal 11(SIGSEGV)
PT_F40-8_low_1-150 Test Num : 31
Inject into ../bin/hello
----- Type : 8_low_1 Pos : PT_F40 -----
There are 1 faults will be injected in faulttable...
100992 microseconds
Fault on PT_F40(0X7f8386ed3ee0 -> 0X7f8386ed3eff)
13 microseconds
[2016-10-27 11:15:11]Process 9769 termed with signal 11(SIGSEGV)
PT_F40-8_low_1-150 Test Num : 32
Inject into ../bin/hello
----- Type : 8_low_1 Pos : PT_F40 -----
There are 1 faults will be injected in faulttable...
101050 microseconds
Fault on PT_F40(0X7fb3969f3ee0 -> 0X7fb3969f3eff)
18 microseconds
[2016-10-27 11:15:11]Process 9771 termed with signal 11(SIGSEGV)
PT_F40-8_low_1-150 Test Num : 33
Inject into ../bin/hello
----- Type : 8_low_1 Pos : PT_F40 -----
There are 1 faults will be injected in faulttable...
101351 microseconds
Fault on PT_F40(0X7fcbc6e6cee0 -> 0X7fcbc6e6ceff)
14 microseconds
[2016-10-27 11:15:11]Process 9773 termed with signal 11(SIGSEGV)
PT_F40-8_low_1-150 Test Num : 34
Inject into ../bin/hello
----- Type : 8_low_1 Pos : PT_F40 -----
There are 1 faults will be injected in faulttable...
101150 microseconds
Fault on PT_F40(0X7f05fabc5ee0 -> 0X7f05fabc5eff)
15 microseconds
[2016-10-27 11:15:11]Process 9775 termed with signal 11(SIGSEGV)
PT_F40-8_low_1-150 Test Num : 35
Inject into ../bin/hello
----- Type : 8_low_1 Pos : PT_F40 -----
There are 1 faults will be injected in faulttable...
101165 microseconds
Fault on PT_F40(0X7fb701541ee0 -> 0X7fb701541eff)
13 microseconds
[2016-10-27 11:15:11]Process 9777 termed with signal 11(SIGSEGV)
PT_F40-8_low_1-150 Test Num : 36
Inject into ../bin/hello
----- Type : 8_low_1 Pos : PT_F40 -----
There are 1 faults will be injected in faulttable...
101129 microseconds
Fault on PT_F40(0X7f145c94fee0 -> 0X7f145c94feff)
14 microseconds
[2016-10-27 11:15:11]Process 9779 termed with signal 11(SIGSEGV)
PT_F40-8_low_1-150 Test Num : 37
Inject into ../bin/hello
----- Type : 8_low_1 Pos : PT_F40 -----
There are 1 faults will be injected in faulttable...
101191 microseconds
Fault on PT_F40(0X7f86e2b42ee0 -> 0X7f86e2b42eff)
15 microseconds
[2016-10-27 11:15:12]Process 9781 termed with signal 11(SIGSEGV)
PT_F40-8_low_1-150 Test Num : 38
Inject into ../bin/hello
----- Type : 8_low_1 Pos : PT_F40 -----
There are 1 faults will be injected in faulttable...
100120 microseconds
Fault on PT_F40(0X7f2945e3eee0 -> 0X7f2945e3eeff)
19 microseconds
[2016-10-27 11:15:12]Process 9783 termed with signal 11(SIGSEGV)
PT_F40-8_low_1-150 Test Num : 39
Inject into ../bin/hello
----- Type : 8_low_1 Pos : PT_F40 -----
There are 1 faults will be injected in faulttable...
101140 microseconds
Fault on PT_F40(0X7f64ddfc3ee0 -> 0X7f64ddfc3eff)
15 microseconds
[2016-10-27 11:15:12]Process 9785 termed with signal 11(SIGSEGV)
PT_F40-8_low_1-150 Test Num : 40
Inject into ../bin/hello
----- Type : 8_low_1 Pos : PT_F40 -----
There are 1 faults will be injected in faulttable...
101084 microseconds
Fault on PT_F40(0X7fc6d1561ee0 -> 0X7fc6d1561eff)
15 microseconds
[2016-10-27 11:15:12]Process 9787 termed with signal 11(SIGSEGV)
PT_F40-8_low_1-150 Test Num : 41
Inject into ../bin/hello
----- Type : 8_low_1 Pos : PT_F40 -----
There are 1 faults will be injected in faulttable...
101294 microseconds
Fault on PT_F40(0X7f4615fe5ee0 -> 0X7f4615fe5eff)
24 microseconds
[2016-10-27 11:15:12]Process 9789 termed with signal 11(SIGSEGV)
PT_F40-8_low_1-150 Test Num : 42
Inject into ../bin/hello
----- Type : 8_low_1 Pos : PT_F40 -----
There are 1 faults will be injected in faulttable...
101177 microseconds
Fault on PT_F40(0X7f5c5920cee0 -> 0X7f5c5920ceff)
21 microseconds
[2016-10-27 11:15:12]Process 9791 termed with signal 11(SIGSEGV)
PT_F40-8_low_1-150 Test Num : 43
Inject into ../bin/hello
----- Type : 8_low_1 Pos : PT_F40 -----
There are 1 faults will be injected in faulttable...
101237 microseconds
Fault on PT_F40(0X7f2899d3cee0 -> 0X7f2899d3ceff)
17 microseconds
[2016-10-27 11:15:12]Process 9793 termed with signal 11(SIGSEGV)
PT_F40-8_low_1-150 Test Num : 44
Inject into ../bin/hello
----- Type : 8_low_1 Pos : PT_F40 -----
There are 1 faults will be injected in faulttable...
101460 microseconds
Fault on PT_F40(0X7f8d4e3a3ee0 -> 0X7f8d4e3a3eff)
17 microseconds
[2016-10-27 11:15:12]Process 9795 termed with signal 11(SIGSEGV)
PT_F40-8_low_1-150 Test Num : 45
Inject into ../bin/hello
----- Type : 8_low_1 Pos : PT_F40 -----
There are 1 faults will be injected in faulttable...
101269 microseconds
Fault on PT_F40(0X7fcebc0e4ee0 -> 0X7fcebc0e4eff)
21 microseconds
[2016-10-27 11:15:12]Process 9797 termed with signal 11(SIGSEGV)
PT_F40-8_low_1-150 Test Num : 46
Inject into ../bin/hello
----- Type : 8_low_1 Pos : PT_F40 -----
There are 1 faults will be injected in faulttable...
101324 microseconds
Fault on PT_F40(0X7f4709fcdee0 -> 0X7f4709fcdeff)
29 microseconds
[2016-10-27 11:15:13]Process 9799 termed with signal 11(SIGSEGV)
PT_F40-8_low_1-150 Test Num : 47
Inject into ../bin/hello
----- Type : 8_low_1 Pos : PT_F40 -----
There are 1 faults will be injected in faulttable...
101225 microseconds
Fault on PT_F40(0X7f4d66838ee0 -> 0X7f4d66838eff)
23 microseconds
[2016-10-27 11:15:13]Process 9801 termed with signal 11(SIGSEGV)
PT_F40-8_low_1-150 Test Num : 48
Inject into ../bin/hello
----- Type : 8_low_1 Pos : PT_F40 -----
There are 1 faults will be injected in faulttable...
101291 microseconds
Fault on PT_F40(0X7f60fb66fee0 -> 0X7f60fb66feff)
17 microseconds
[2016-10-27 11:15:13]Process 9803 termed with signal 11(SIGSEGV)
PT_F40-8_low_1-150 Test Num : 49
Inject into ../bin/hello
----- Type : 8_low_1 Pos : PT_F40 -----
There are 1 faults will be injected in faulttable...
101477 microseconds
Fault on PT_F40(0X7f3424d4dee0 -> 0X7f3424d4deff)
20 microseconds
[2016-10-27 11:15:13]Process 9805 termed with signal 11(SIGSEGV)
PT_F40-8_low_1-150 Test Num : 50
Inject into ../bin/hello
----- Type : 8_low_1 Pos : PT_F40 -----
There are 1 faults will be injected in faulttable...
101373 microseconds
Fault on PT_F40(0X7f5258551ee0 -> 0X7f5258551eff)
20 microseconds
[2016-10-27 11:15:13]Process 9807 termed with signal 11(SIGSEGV)
PT_F40-8_low_1-150 Test Num : 51
Inject into ../bin/hello
----- Type : 8_low_1 Pos : PT_F40 -----
There are 1 faults will be injected in faulttable...
100110 microseconds
Fault on PT_F40(0X7f8e79089ee0 -> 0X7f8e79089eff)
22 microseconds
[2016-10-27 11:15:13]Process 9809 termed with signal 11(SIGSEGV)
PT_F40-8_low_1-150 Test Num : 52
Inject into ../bin/hello
----- Type : 8_low_1 Pos : PT_F40 -----
There are 1 faults will be injected in faulttable...
100075 microseconds
Fault on PT_F40(0X7fa97f5a3ee0 -> 0X7fa97f5a3eff)
15 microseconds
[2016-10-27 11:15:13]Process 9811 termed with signal 11(SIGSEGV)
PT_F40-8_low_1-150 Test Num : 53
Inject into ../bin/hello
----- Type : 8_low_1 Pos : PT_F40 -----
There are 1 faults will be injected in faulttable...
101002 microseconds
Fault on PT_F40(0X7f6cae68eee0 -> 0X7f6cae68eeff)
20 microseconds
[2016-10-27 11:15:13]Process 9813 termed with signal 11(SIGSEGV)
PT_F40-8_low_1-150 Test Num : 54
Inject into ../bin/hello
----- Type : 8_low_1 Pos : PT_F40 -----
There are 1 faults will be injected in faulttable...
101031 microseconds
Fault on PT_F40(0X7f50c355eee0 -> 0X7f50c355eeff)
16 microseconds
[2016-10-27 11:15:13]Process 9815 termed with signal 11(SIGSEGV)
PT_F40-8_low_1-150 Test Num : 55
Inject into ../bin/hello
----- Type : 8_low_1 Pos : PT_F40 -----
There are 1 faults will be injected in faulttable...
101033 microseconds
Fault on PT_F40(0X7f17df2ecee0 -> 0X7f17df2eceff)
21 microseconds
[2016-10-27 11:15:14]Process 9817 termed with signal 11(SIGSEGV)
PT_F40-8_low_1-150 Test Num : 56
Inject into ../bin/hello
----- Type : 8_low_1 Pos : PT_F40 -----
There are 1 faults will be injected in faulttable...
100070 microseconds
Fault on PT_F40(0X7f39bc5a5ee0 -> 0X7f39bc5a5eff)
19 microseconds
[2016-10-27 11:15:14]Process 9819 termed with signal 11(SIGSEGV)
PT_F40-8_low_1-150 Test Num : 57
Inject into ../bin/hello
----- Type : 8_low_1 Pos : PT_F40 -----
There are 1 faults will be injected in faulttable...
100084 microseconds
Fault on PT_F40(0X7f641cf5dee0 -> 0X7f641cf5deff)
14 microseconds
[2016-10-27 11:15:14]Process 9821 termed with signal 11(SIGSEGV)
PT_F40-8_low_1-150 Test Num : 58
Inject into ../bin/hello
----- Type : 8_low_1 Pos : PT_F40 -----
There are 1 faults will be injected in faulttable...
100997 microseconds
Fault on PT_F40(0X7fe7988f1ee0 -> 0X7fe7988f1eff)
18 microseconds
[2016-10-27 11:15:14]Process 9823 termed with signal 11(SIGSEGV)
PT_F40-8_low_1-150 Test Num : 59
Inject into ../bin/hello
----- Type : 8_low_1 Pos : PT_F40 -----
There are 1 faults will be injected in faulttable...
101061 microseconds
Fault on PT_F40(0X7f0405f92ee0 -> 0X7f0405f92eff)
16 microseconds
[2016-10-27 11:15:14]Process 9825 termed with signal 11(SIGSEGV)
PT_F40-8_low_1-150 Test Num : 60
Inject into ../bin/hello
----- Type : 8_low_1 Pos : PT_F40 -----
There are 1 faults will be injected in faulttable...
101143 microseconds
Fault on PT_F40(0X7fa132d34ee0 -> 0X7fa132d34eff)
14 microseconds
[2016-10-27 11:15:14]Process 9827 termed with signal 11(SIGSEGV)
PT_F40-8_low_1-150 Test Num : 61
Inject into ../bin/hello
----- Type : 8_low_1 Pos : PT_F40 -----
There are 1 faults will be injected in faulttable...
101198 microseconds
Fault on PT_F40(0X7f6cdbbfdee0 -> 0X7f6cdbbfdeff)
25 microseconds
[2016-10-27 11:15:14]Process 9829 termed with signal 11(SIGSEGV)
PT_F40-8_low_1-150 Test Num : 62
Inject into ../bin/hello
----- Type : 8_low_1 Pos : PT_F40 -----
There are 1 faults will be injected in faulttable...
101391 microseconds
Fault on PT_F40(0X7fca412b3ee0 -> 0X7fca412b3eff)
21 microseconds
[2016-10-27 11:15:14]Process 9831 termed with signal 11(SIGSEGV)
PT_F40-8_low_1-150 Test Num : 63
Inject into ../bin/hello
----- Type : 8_low_1 Pos : PT_F40 -----
There are 1 faults will be injected in faulttable...
101202 microseconds
Fault on PT_F40(0X7f84868e3ee0 -> 0X7f84868e3eff)
20 microseconds
[2016-10-27 11:15:14]Process 9833 termed with signal 11(SIGSEGV)
PT_F40-8_low_1-150 Test Num : 64
Inject into ../bin/hello
----- Type : 8_low_1 Pos : PT_F40 -----
There are 1 faults will be injected in faulttable...
100936 microseconds
Fault on PT_F40(0X7f773c66cee0 -> 0X7f773c66ceff)
15 microseconds
[2016-10-27 11:15:15]Process 9835 termed with signal 11(SIGSEGV)
PT_F40-8_low_1-150 Test Num : 65
Inject into ../bin/hello
----- Type : 8_low_1 Pos : PT_F40 -----
There are 1 faults will be injected in faulttable...
100956 microseconds
Fault on PT_F40(0X7f44c2e90ee0 -> 0X7f44c2e90eff)
16 microseconds
[2016-10-27 11:15:15]Process 9837 termed with signal 11(SIGSEGV)
PT_F40-8_low_1-150 Test Num : 66
Inject into ../bin/hello
----- Type : 8_low_1 Pos : PT_F40 -----
There are 1 faults will be injected in faulttable...
100872 microseconds
Fault on PT_F40(0X7fc81b8f0ee0 -> 0X7fc81b8f0eff)
15 microseconds
[2016-10-27 11:15:15]Process 9839 termed with signal 11(SIGSEGV)
PT_F40-8_low_1-150 Test Num : 67
Inject into ../bin/hello
----- Type : 8_low_1 Pos : PT_F40 -----
There are 1 faults will be injected in faulttable...
101058 microseconds
Fault on PT_F40(0X7f1ea16acee0 -> 0X7f1ea16aceff)
17 microseconds
[2016-10-27 11:15:15]Process 9841 termed with signal 11(SIGSEGV)
PT_F40-8_low_1-150 Test Num : 68
Inject into ../bin/hello
----- Type : 8_low_1 Pos : PT_F40 -----
There are 1 faults will be injected in faulttable...
100978 microseconds
Fault on PT_F40(0X7fb65319fee0 -> 0X7fb65319feff)
20 microseconds
[2016-10-27 11:15:15]Process 9843 termed with signal 11(SIGSEGV)
PT_F40-8_low_1-150 Test Num : 69
Inject into ../bin/hello
----- Type : 8_low_1 Pos : PT_F40 -----
There are 1 faults will be injected in faulttable...
101110 microseconds
Fault on PT_F40(0X7fb038a84ee0 -> 0X7fb038a84eff)
22 microseconds
[2016-10-27 11:15:15]Process 9845 termed with signal 11(SIGSEGV)
PT_F40-8_low_1-150 Test Num : 70
Inject into ../bin/hello
----- Type : 8_low_1 Pos : PT_F40 -----
There are 1 faults will be injected in faulttable...
101052 microseconds
Fault on PT_F40(0X7f28d3d5dee0 -> 0X7f28d3d5deff)
17 microseconds
[2016-10-27 11:15:15]Process 9847 termed with signal 11(SIGSEGV)
PT_F40-8_low_1-150 Test Num : 71
Inject into ../bin/hello
----- Type : 8_low_1 Pos : PT_F40 -----
There are 1 faults will be injected in faulttable...
101247 microseconds
Fault on PT_F40(0X7f1fb2d5eee0 -> 0X7f1fb2d5eeff)
17 microseconds
[2016-10-27 11:15:15]Process 9849 termed with signal 11(SIGSEGV)
PT_F40-8_low_1-150 Test Num : 72
Inject into ../bin/hello
----- Type : 8_low_1 Pos : PT_F40 -----
There are 1 faults will be injected in faulttable...
101007 microseconds
Fault on PT_F40(0X7f9d18acdee0 -> 0X7f9d18acdeff)
18 microseconds
[2016-10-27 11:15:15]Process 9851 termed with signal 11(SIGSEGV)
PT_F40-8_low_1-150 Test Num : 73
Inject into ../bin/hello
----- Type : 8_low_1 Pos : PT_F40 -----
There are 1 faults will be injected in faulttable...
100939 microseconds
Fault on PT_F40(0X7fad87427ee0 -> 0X7fad87427eff)
22 microseconds
[2016-10-27 11:15:16]Process 9853 termed with signal 11(SIGSEGV)
PT_F40-8_low_1-150 Test Num : 74
Inject into ../bin/hello
----- Type : 8_low_1 Pos : PT_F40 -----
There are 1 faults will be injected in faulttable...
100071 microseconds
Fault on PT_F40(0X7f88d2f66ee0 -> 0X7f88d2f66eff)
17 microseconds
[2016-10-27 11:15:16]Process 9855 termed with signal 11(SIGSEGV)
PT_F40-8_low_1-150 Test Num : 75
Inject into ../bin/hello
----- Type : 8_low_1 Pos : PT_F40 -----
There are 1 faults will be injected in faulttable...
101124 microseconds
Fault on PT_F40(0X7fda59e4cee0 -> 0X7fda59e4ceff)
16 microseconds
[2016-10-27 11:15:16]Process 9857 termed with signal 11(SIGSEGV)
PT_F40-8_low_1-150 Test Num : 76
Inject into ../bin/hello
----- Type : 8_low_1 Pos : PT_F40 -----
There are 1 faults will be injected in faulttable...
101052 microseconds
Fault on PT_F40(0X7fa5e8268ee0 -> 0X7fa5e8268eff)
14 microseconds
[2016-10-27 11:15:16]Process 9859 termed with signal 11(SIGSEGV)
PT_F40-8_low_1-150 Test Num : 77
Inject into ../bin/hello
----- Type : 8_low_1 Pos : PT_F40 -----
There are 1 faults will be injected in faulttable...
100974 microseconds
Fault on PT_F40(0X7f72fdaffee0 -> 0X7f72fdaffeff)
25 microseconds
[2016-10-27 11:15:16]Process 9861 termed with signal 11(SIGSEGV)
PT_F40-8_low_1-150 Test Num : 78
Inject into ../bin/hello
----- Type : 8_low_1 Pos : PT_F40 -----
There are 1 faults will be injected in faulttable...
101212 microseconds
Fault on PT_F40(0X7feee46c6ee0 -> 0X7feee46c6eff)
20 microseconds
[2016-10-27 11:15:16]Process 9863 termed with signal 11(SIGSEGV)
PT_F40-8_low_1-150 Test Num : 79
Inject into ../bin/hello
----- Type : 8_low_1 Pos : PT_F40 -----
There are 1 faults will be injected in faulttable...
100086 microseconds
Fault on PT_F40(0X7f0636f4dee0 -> 0X7f0636f4deff)
20 microseconds
[2016-10-27 11:15:16]Process 9865 termed with signal 11(SIGSEGV)
PT_F40-8_low_1-150 Test Num : 80
Inject into ../bin/hello
----- Type : 8_low_1 Pos : PT_F40 -----
There are 1 faults will be injected in faulttable...
101329 microseconds
Fault on PT_F40(0X7ff5acb3dee0 -> 0X7ff5acb3deff)
21 microseconds
[2016-10-27 11:15:16]Process 9867 termed with signal 11(SIGSEGV)
PT_F40-8_low_1-150 Test Num : 81
Inject into ../bin/hello
----- Type : 8_low_1 Pos : PT_F40 -----
There are 1 faults will be injected in faulttable...
101088 microseconds
Fault on PT_F40(0X7f3dd4697ee0 -> 0X7f3dd4697eff)
16 microseconds
[2016-10-27 11:15:16]Process 9869 termed with signal 11(SIGSEGV)
PT_F40-8_low_1-150 Test Num : 82
Inject into ../bin/hello
----- Type : 8_low_1 Pos : PT_F40 -----
There are 1 faults will be injected in faulttable...
101162 microseconds
Fault on PT_F40(0X7f2d5f85dee0 -> 0X7f2d5f85deff)
25 microseconds
[2016-10-27 11:15:17]Process 9871 termed with signal 11(SIGSEGV)
PT_F40-8_low_1-150 Test Num : 83
Inject into ../bin/hello
----- Type : 8_low_1 Pos : PT_F40 -----
There are 1 faults will be injected in faulttable...
100913 microseconds
Fault on PT_F40(0X7f0f4f8c8ee0 -> 0X7f0f4f8c8eff)
15 microseconds
[2016-10-27 11:15:17]Process 9873 termed with signal 11(SIGSEGV)
PT_F40-8_low_1-150 Test Num : 84
Inject into ../bin/hello
----- Type : 8_low_1 Pos : PT_F40 -----
There are 1 faults will be injected in faulttable...
101071 microseconds
Fault on PT_F40(0X7f32cd89eee0 -> 0X7f32cd89eeff)
20 microseconds
[2016-10-27 11:15:17]Process 9875 termed with signal 11(SIGSEGV)
PT_F40-8_low_1-150 Test Num : 85
Inject into ../bin/hello
----- Type : 8_low_1 Pos : PT_F40 -----
There are 1 faults will be injected in faulttable...
100985 microseconds
Fault on PT_F40(0X7fe2b3652ee0 -> 0X7fe2b3652eff)
17 microseconds
[2016-10-27 11:15:17]Process 9877 termed with signal 11(SIGSEGV)
PT_F40-8_low_1-150 Test Num : 86
Inject into ../bin/hello
----- Type : 8_low_1 Pos : PT_F40 -----
There are 1 faults will be injected in faulttable...
100986 microseconds
Fault on PT_F40(0X7ff1a60cfee0 -> 0X7ff1a60cfeff)
16 microseconds
[2016-10-27 11:15:17]Process 9879 termed with signal 11(SIGSEGV)
PT_F40-8_low_1-150 Test Num : 87
Inject into ../bin/hello
----- Type : 8_low_1 Pos : PT_F40 -----
There are 1 faults will be injected in faulttable...
101141 microseconds
Fault on PT_F40(0X7fee408c7ee0 -> 0X7fee408c7eff)
16 microseconds
[2016-10-27 11:15:17]Process 9881 termed with signal 11(SIGSEGV)
PT_F40-8_low_1-150 Test Num : 88
Inject into ../bin/hello
----- Type : 8_low_1 Pos : PT_F40 -----
There are 1 faults will be injected in faulttable...
101040 microseconds
Fault on PT_F40(0X7fce8cc06ee0 -> 0X7fce8cc06eff)
14 microseconds
[2016-10-27 11:15:17]Process 9883 termed with signal 11(SIGSEGV)
PT_F40-8_low_1-150 Test Num : 89
Inject into ../bin/hello
----- Type : 8_low_1 Pos : PT_F40 -----
There are 1 faults will be injected in faulttable...
101073 microseconds
Fault on PT_F40(0X7f1daa49fee0 -> 0X7f1daa49feff)
21 microseconds
[2016-10-27 11:15:17]Process 9885 termed with signal 11(SIGSEGV)
PT_F40-8_low_1-150 Test Num : 90
Inject into ../bin/hello
----- Type : 8_low_1 Pos : PT_F40 -----
There are 1 faults will be injected in faulttable...
100083 microseconds
Fault on PT_F40(0X7f1357591ee0 -> 0X7f1357591eff)
24 microseconds
[2016-10-27 11:15:17]Process 9887 termed with signal 11(SIGSEGV)
PT_F40-8_low_1-150 Test Num : 91
Inject into ../bin/hello
----- Type : 8_low_1 Pos : PT_F40 -----
There are 1 faults will be injected in faulttable...
100935 microseconds
Fault on PT_F40(0X7efcc868eee0 -> 0X7efcc868eeff)
13 microseconds
[2016-10-27 11:15:17]Process 9889 termed with signal 11(SIGSEGV)
PT_F40-8_low_1-150 Test Num : 92
Inject into ../bin/hello
----- Type : 8_low_1 Pos : PT_F40 -----
There are 1 faults will be injected in faulttable...
100103 microseconds
Fault on PT_F40(0X7f45931b8ee0 -> 0X7f45931b8eff)
29 microseconds
[2016-10-27 11:15:18]Process 9891 termed with signal 11(SIGSEGV)
PT_F40-8_low_1-150 Test Num : 93
Inject into ../bin/hello
----- Type : 8_low_1 Pos : PT_F40 -----
There are 1 faults will be injected in faulttable...
100987 microseconds
Fault on PT_F40(0X7f4dccfbdee0 -> 0X7f4dccfbdeff)
16 microseconds
[2016-10-27 11:15:18]Process 9893 termed with signal 11(SIGSEGV)
PT_F40-8_low_1-150 Test Num : 94
Inject into ../bin/hello
----- Type : 8_low_1 Pos : PT_F40 -----
There are 1 faults will be injected in faulttable...
100952 microseconds
Fault on PT_F40(0X7f63a0995ee0 -> 0X7f63a0995eff)
15 microseconds
[2016-10-27 11:15:18]Process 9895 termed with signal 11(SIGSEGV)
PT_F40-8_low_1-150 Test Num : 95
Inject into ../bin/hello
----- Type : 8_low_1 Pos : PT_F40 -----
There are 1 faults will be injected in faulttable...
101026 microseconds
Fault on PT_F40(0X7f21fece1ee0 -> 0X7f21fece1eff)
14 microseconds
[2016-10-27 11:15:18]Process 9897 termed with signal 11(SIGSEGV)
PT_F40-8_low_1-150 Test Num : 96
Inject into ../bin/hello
----- Type : 8_low_1 Pos : PT_F40 -----
There are 1 faults will be injected in faulttable...
100132 microseconds
Fault on PT_F40(0X7fa94b9cbee0 -> 0X7fa94b9cbeff)
17 microseconds
[2016-10-27 11:15:18]Process 9899 termed with signal 11(SIGSEGV)
PT_F40-8_low_1-150 Test Num : 97
Inject into ../bin/hello
----- Type : 8_low_1 Pos : PT_F40 -----
There are 1 faults will be injected in faulttable...
101146 microseconds
Fault on PT_F40(0X7f214289aee0 -> 0X7f214289aeff)
15 microseconds
[2016-10-27 11:15:18]Process 9901 termed with signal 11(SIGSEGV)
PT_F40-8_low_1-150 Test Num : 98
Inject into ../bin/hello
----- Type : 8_low_1 Pos : PT_F40 -----
There are 1 faults will be injected in faulttable...
100085 microseconds
Fault on PT_F40(0X7fe61c7c1ee0 -> 0X7fe61c7c1eff)
16 microseconds
[2016-10-27 11:15:18]Process 9903 termed with signal 11(SIGSEGV)
PT_F40-8_low_1-150 Test Num : 99
Inject into ../bin/hello
----- Type : 8_low_1 Pos : PT_F40 -----
There are 1 faults will be injected in faulttable...
101041 microseconds
Fault on PT_F40(0X7f3d47749ee0 -> 0X7f3d47749eff)
22 microseconds
[2016-10-27 11:15:18]Process 9905 termed with signal 11(SIGSEGV)
PT_F40-8_low_1-150 Test Num : 100
Inject into ../bin/hello
----- Type : 8_low_1 Pos : PT_F40 -----
There are 1 faults will be injected in faulttable...
101298 microseconds
Fault on PT_F40(0X7f295744cee0 -> 0X7f295744ceff)
16 microseconds
[2016-10-27 11:15:18]Process 9907 termed with signal 11(SIGSEGV)
PT_F40-8_low_1-150 Test Num : 101
Inject into ../bin/hello
----- Type : 8_low_1 Pos : PT_F40 -----
There are 1 faults will be injected in faulttable...
100989 microseconds
Fault on PT_F40(0X7f00b5238ee0 -> 0X7f00b5238eff)
22 microseconds
[2016-10-27 11:15:19]Process 9909 termed with signal 11(SIGSEGV)
PT_F40-8_low_1-150 Test Num : 102
Inject into ../bin/hello
----- Type : 8_low_1 Pos : PT_F40 -----
There are 1 faults will be injected in faulttable...
101165 microseconds
Fault on PT_F40(0X7f6b8bdc5ee0 -> 0X7f6b8bdc5eff)
21 microseconds
[2016-10-27 11:15:19]Process 9911 termed with signal 11(SIGSEGV)
PT_F40-8_low_1-150 Test Num : 103
Inject into ../bin/hello
----- Type : 8_low_1 Pos : PT_F40 -----
There are 1 faults will be injected in faulttable...
101630 microseconds
Fault on PT_F40(0X7f7542a86ee0 -> 0X7f7542a86eff)
15 microseconds
[2016-10-27 11:15:19]Process 9913 termed with signal 11(SIGSEGV)
PT_F40-8_low_1-150 Test Num : 104
Inject into ../bin/hello
----- Type : 8_low_1 Pos : PT_F40 -----
There are 1 faults will be injected in faulttable...
100309 microseconds
Fault on PT_F40(0X7f4e7697fee0 -> 0X7f4e7697feff)
19 microseconds
[2016-10-27 11:15:19]Process 9915 termed with signal 11(SIGSEGV)
PT_F40-8_low_1-150 Test Num : 105
Inject into ../bin/hello
----- Type : 8_low_1 Pos : PT_F40 -----
There are 1 faults will be injected in faulttable...
100162 microseconds
Fault on PT_F40(0X7f76924fdee0 -> 0X7f76924fdeff)
19 microseconds
[2016-10-27 11:15:19]Process 9917 termed with signal 11(SIGSEGV)
PT_F40-8_low_1-150 Test Num : 106
Inject into ../bin/hello
----- Type : 8_low_1 Pos : PT_F40 -----
There are 1 faults will be injected in faulttable...
101139 microseconds
Fault on PT_F40(0X7f459ea97ee0 -> 0X7f459ea97eff)
22 microseconds
[2016-10-27 11:15:19]Process 9919 termed with signal 11(SIGSEGV)
PT_F40-8_low_1-150 Test Num : 107
Inject into ../bin/hello
----- Type : 8_low_1 Pos : PT_F40 -----
There are 1 faults will be injected in faulttable...
101192 microseconds
Fault on PT_F40(0X7efdb9c7dee0 -> 0X7efdb9c7deff)
22 microseconds
[2016-10-27 11:15:19]Process 9921 termed with signal 11(SIGSEGV)
PT_F40-8_low_1-150 Test Num : 108
Inject into ../bin/hello
----- Type : 8_low_1 Pos : PT_F40 -----
There are 1 faults will be injected in faulttable...
101093 microseconds
Fault on PT_F40(0X7fb792fb4ee0 -> 0X7fb792fb4eff)
17 microseconds
[2016-10-27 11:15:19]Process 9923 termed with signal 11(SIGSEGV)
PT_F40-8_low_1-150 Test Num : 109
Inject into ../bin/hello
----- Type : 8_low_1 Pos : PT_F40 -----
There are 1 faults will be injected in faulttable...
101202 microseconds
Fault on PT_F40(0X7fac40847ee0 -> 0X7fac40847eff)
15 microseconds
[2016-10-27 11:15:19]Process 9925 termed with signal 11(SIGSEGV)
PT_F40-8_low_1-150 Test Num : 110
Inject into ../bin/hello
----- Type : 8_low_1 Pos : PT_F40 -----
There are 1 faults will be injected in faulttable...
100082 microseconds
Fault on PT_F40(0X7f2690211ee0 -> 0X7f2690211eff)
19 microseconds
[2016-10-27 11:15:20]Process 9927 termed with signal 11(SIGSEGV)
PT_F40-8_low_1-150 Test Num : 111
Inject into ../bin/hello
----- Type : 8_low_1 Pos : PT_F40 -----
There are 1 faults will be injected in faulttable...
101522 microseconds
Fault on PT_F40(0X7f2325cd5ee0 -> 0X7f2325cd5eff)
21 microseconds
[2016-10-27 11:15:20]Process 9929 termed with signal 11(SIGSEGV)
PT_F40-8_low_1-150 Test Num : 112
Inject into ../bin/hello
----- Type : 8_low_1 Pos : PT_F40 -----
There are 1 faults will be injected in faulttable...
101027 microseconds
Fault on PT_F40(0X7f43a5ee9ee0 -> 0X7f43a5ee9eff)
17 microseconds
[2016-10-27 11:15:20]Process 9931 termed with signal 11(SIGSEGV)
PT_F40-8_low_1-150 Test Num : 113
Inject into ../bin/hello
----- Type : 8_low_1 Pos : PT_F40 -----
There are 1 faults will be injected in faulttable...
100119 microseconds
Fault on PT_F40(0X7f4f27548ee0 -> 0X7f4f27548eff)
22 microseconds
[2016-10-27 11:15:20]Process 9933 termed with signal 11(SIGSEGV)
PT_F40-8_low_1-150 Test Num : 114
Inject into ../bin/hello
----- Type : 8_low_1 Pos : PT_F40 -----
There are 1 faults will be injected in faulttable...
100990 microseconds
Fault on PT_F40(0X7f6bc0accee0 -> 0X7f6bc0acceff)
19 microseconds
[2016-10-27 11:15:20]Process 9935 termed with signal 11(SIGSEGV)
PT_F40-8_low_1-150 Test Num : 115
Inject into ../bin/hello
----- Type : 8_low_1 Pos : PT_F40 -----
There are 1 faults will be injected in faulttable...
101029 microseconds
Fault on PT_F40(0X7f84e3447ee0 -> 0X7f84e3447eff)
19 microseconds
[2016-10-27 11:15:20]Process 9937 termed with signal 11(SIGSEGV)
PT_F40-8_low_1-150 Test Num : 116
Inject into ../bin/hello
----- Type : 8_low_1 Pos : PT_F40 -----
There are 1 faults will be injected in faulttable...
100090 microseconds
Fault on PT_F40(0X7f113d916ee0 -> 0X7f113d916eff)
15 microseconds
[2016-10-27 11:15:20]Process 9939 termed with signal 11(SIGSEGV)
PT_F40-8_low_1-150 Test Num : 117
Inject into ../bin/hello
----- Type : 8_low_1 Pos : PT_F40 -----
There are 1 faults will be injected in faulttable...
101160 microseconds
Fault on PT_F40(0X7f34d1214ee0 -> 0X7f34d1214eff)
17 microseconds
[2016-10-27 11:15:20]Process 9941 termed with signal 11(SIGSEGV)
PT_F40-8_low_1-150 Test Num : 118
Inject into ../bin/hello
----- Type : 8_low_1 Pos : PT_F40 -----
There are 1 faults will be injected in faulttable...
101203 microseconds
Fault on PT_F40(0X7f3ea53d8ee0 -> 0X7f3ea53d8eff)
20 microseconds
[2016-10-27 11:15:20]Process 9943 termed with signal 11(SIGSEGV)
PT_F40-8_low_1-150 Test Num : 119
Inject into ../bin/hello
----- Type : 8_low_1 Pos : PT_F40 -----
There are 1 faults will be injected in faulttable...
101057 microseconds
Fault on PT_F40(0X7fa0ab45cee0 -> 0X7fa0ab45ceff)
14 microseconds
[2016-10-27 11:15:21]Process 9945 termed with signal 11(SIGSEGV)
PT_F40-8_low_1-150 Test Num : 120
Inject into ../bin/hello
----- Type : 8_low_1 Pos : PT_F40 -----
There are 1 faults will be injected in faulttable...
101126 microseconds
Fault on PT_F40(0X7f7a91514ee0 -> 0X7f7a91514eff)
17 microseconds
[2016-10-27 11:15:21]Process 9947 termed with signal 11(SIGSEGV)
PT_F40-8_low_1-150 Test Num : 121
Inject into ../bin/hello
----- Type : 8_low_1 Pos : PT_F40 -----
There are 1 faults will be injected in faulttable...
100978 microseconds
Fault on PT_F40(0X7fc61d56aee0 -> 0X7fc61d56aeff)
13 microseconds
[2016-10-27 11:15:21]Process 9949 termed with signal 11(SIGSEGV)
PT_F40-8_low_1-150 Test Num : 122
Inject into ../bin/hello
----- Type : 8_low_1 Pos : PT_F40 -----
There are 1 faults will be injected in faulttable...
100263 microseconds
Fault on PT_F40(0X7f9c5bd6aee0 -> 0X7f9c5bd6aeff)
13 microseconds
[2016-10-27 11:15:21]Process 9951 termed with signal 11(SIGSEGV)
PT_F40-8_low_1-150 Test Num : 123
Inject into ../bin/hello
----- Type : 8_low_1 Pos : PT_F40 -----
There are 1 faults will be injected in faulttable...
101351 microseconds
Fault on PT_F40(0X7ff07d76aee0 -> 0X7ff07d76aeff)
15 microseconds
[2016-10-27 11:15:21]Process 9953 termed with signal 11(SIGSEGV)
PT_F40-8_low_1-150 Test Num : 124
Inject into ../bin/hello
----- Type : 8_low_1 Pos : PT_F40 -----
There are 1 faults will be injected in faulttable...
100084 microseconds
Fault on PT_F40(0X7fa762d52ee0 -> 0X7fa762d52eff)
16 microseconds
[2016-10-27 11:15:21]Process 9955 termed with signal 11(SIGSEGV)
PT_F40-8_low_1-150 Test Num : 125
Inject into ../bin/hello
----- Type : 8_low_1 Pos : PT_F40 -----
There are 1 faults will be injected in faulttable...
101065 microseconds
Fault on PT_F40(0X7f7e60595ee0 -> 0X7f7e60595eff)
22 microseconds
[2016-10-27 11:15:21]Process 9957 termed with signal 11(SIGSEGV)
PT_F40-8_low_1-150 Test Num : 126
Inject into ../bin/hello
----- Type : 8_low_1 Pos : PT_F40 -----
There are 1 faults will be injected in faulttable...
101390 microseconds
Fault on PT_F40(0X7f92b5372ee0 -> 0X7f92b5372eff)
21 microseconds
[2016-10-27 11:15:21]Process 9959 termed with signal 11(SIGSEGV)
PT_F40-8_low_1-150 Test Num : 127
Inject into ../bin/hello
----- Type : 8_low_1 Pos : PT_F40 -----
There are 1 faults will be injected in faulttable...
101140 microseconds
Fault on PT_F40(0X7fc87722bee0 -> 0X7fc87722beff)
23 microseconds
[2016-10-27 11:15:21]Process 9961 termed with signal 11(SIGSEGV)
PT_F40-8_low_1-150 Test Num : 128
Inject into ../bin/hello
----- Type : 8_low_1 Pos : PT_F40 -----
There are 1 faults will be injected in faulttable...
100253 microseconds
Fault on PT_F40(0X7f5126d94ee0 -> 0X7f5126d94eff)
16 microseconds
[2016-10-27 11:15:22]Process 9963 termed with signal 11(SIGSEGV)
PT_F40-8_low_1-150 Test Num : 129
Inject into ../bin/hello
----- Type : 8_low_1 Pos : PT_F40 -----
There are 1 faults will be injected in faulttable...
100083 microseconds
Fault on PT_F40(0X7f19cb373ee0 -> 0X7f19cb373eff)
14 microseconds
[2016-10-27 11:15:22]Process 9965 termed with signal 11(SIGSEGV)
PT_F40-8_low_1-150 Test Num : 130
Inject into ../bin/hello
----- Type : 8_low_1 Pos : PT_F40 -----
There are 1 faults will be injected in faulttable...
101082 microseconds
Fault on PT_F40(0X7f3a2aff7ee0 -> 0X7f3a2aff7eff)
21 microseconds
[2016-10-27 11:15:22]Process 9967 termed with signal 11(SIGSEGV)
PT_F40-8_low_1-150 Test Num : 131
Inject into ../bin/hello
----- Type : 8_low_1 Pos : PT_F40 -----
There are 1 faults will be injected in faulttable...
100995 microseconds
Fault on PT_F40(0X7f5666d6bee0 -> 0X7f5666d6beff)
14 microseconds
[2016-10-27 11:15:22]Process 9969 termed with signal 11(SIGSEGV)
PT_F40-8_low_1-150 Test Num : 132
Inject into ../bin/hello
----- Type : 8_low_1 Pos : PT_F40 -----
There are 1 faults will be injected in faulttable...
100092 microseconds
Fault on PT_F40(0X7f249f56dee0 -> 0X7f249f56deff)
15 microseconds
[2016-10-27 11:15:22]Process 9971 termed with signal 11(SIGSEGV)
PT_F40-8_low_1-150 Test Num : 133
Inject into ../bin/hello
----- Type : 8_low_1 Pos : PT_F40 -----
There are 1 faults will be injected in faulttable...
101187 microseconds
Fault on PT_F40(0X7fd290ed6ee0 -> 0X7fd290ed6eff)
15 microseconds
[2016-10-27 11:15:22]Process 9973 termed with signal 11(SIGSEGV)
PT_F40-8_low_1-150 Test Num : 134
Inject into ../bin/hello
----- Type : 8_low_1 Pos : PT_F40 -----
There are 1 faults will be injected in faulttable...
100113 microseconds
Fault on PT_F40(0X7f53b43b8ee0 -> 0X7f53b43b8eff)
19 microseconds
[2016-10-27 11:15:22]Process 9975 termed with signal 11(SIGSEGV)
PT_F40-8_low_1-150 Test Num : 135
Inject into ../bin/hello
----- Type : 8_low_1 Pos : PT_F40 -----
There are 1 faults will be injected in faulttable...
100175 microseconds
Fault on PT_F40(0X7f16bf275ee0 -> 0X7f16bf275eff)
17 microseconds
[2016-10-27 11:15:22]Process 9977 termed with signal 11(SIGSEGV)
PT_F40-8_low_1-150 Test Num : 136
Inject into ../bin/hello
----- Type : 8_low_1 Pos : PT_F40 -----
There are 1 faults will be injected in faulttable...
101457 microseconds
Fault on PT_F40(0X7f409ef13ee0 -> 0X7f409ef13eff)
20 microseconds
[2016-10-27 11:15:22]Process 9979 termed with signal 11(SIGSEGV)
PT_F40-8_low_1-150 Test Num : 137
Inject into ../bin/hello
----- Type : 8_low_1 Pos : PT_F40 -----
There are 1 faults will be injected in faulttable...
100102 microseconds
Fault on PT_F40(0X7fc0ef2c3ee0 -> 0X7fc0ef2c3eff)
16 microseconds
[2016-10-27 11:15:23]Process 9981 termed with signal 11(SIGSEGV)
PT_F40-8_low_1-150 Test Num : 138
Inject into ../bin/hello
----- Type : 8_low_1 Pos : PT_F40 -----
There are 1 faults will be injected in faulttable...
100092 microseconds
Fault on PT_F40(0X7f8826815ee0 -> 0X7f8826815eff)
15 microseconds
[2016-10-27 11:15:23]Process 9983 termed with signal 11(SIGSEGV)
PT_F40-8_low_1-150 Test Num : 139
Inject into ../bin/hello
----- Type : 8_low_1 Pos : PT_F40 -----
There are 1 faults will be injected in faulttable...
101148 microseconds
Fault on PT_F40(0X7f895e252ee0 -> 0X7f895e252eff)
19 microseconds
[2016-10-27 11:15:23]Process 9985 termed with signal 11(SIGSEGV)
PT_F40-8_low_1-150 Test Num : 140
Inject into ../bin/hello
----- Type : 8_low_1 Pos : PT_F40 -----
There are 1 faults will be injected in faulttable...
101145 microseconds
Fault on PT_F40(0X7fcac1ea2ee0 -> 0X7fcac1ea2eff)
20 microseconds
[2016-10-27 11:15:23]Process 9987 termed with signal 11(SIGSEGV)
PT_F40-8_low_1-150 Test Num : 141
Inject into ../bin/hello
----- Type : 8_low_1 Pos : PT_F40 -----
There are 1 faults will be injected in faulttable...
100099 microseconds
Fault on PT_F40(0X7f5aefc46ee0 -> 0X7f5aefc46eff)
16 microseconds
[2016-10-27 11:15:23]Process 9989 termed with signal 11(SIGSEGV)
PT_F40-8_low_1-150 Test Num : 142
Inject into ../bin/hello
----- Type : 8_low_1 Pos : PT_F40 -----
There are 1 faults will be injected in faulttable...
101246 microseconds
Fault on PT_F40(0X7f4be86d0ee0 -> 0X7f4be86d0eff)
16 microseconds
[2016-10-27 11:15:23]Process 9991 termed with signal 11(SIGSEGV)
PT_F40-8_low_1-150 Test Num : 143
Inject into ../bin/hello
----- Type : 8_low_1 Pos : PT_F40 -----
There are 1 faults will be injected in faulttable...
101083 microseconds
Fault on PT_F40(0X7f2535d32ee0 -> 0X7f2535d32eff)
20 microseconds
[2016-10-27 11:15:23]Process 9993 termed with signal 11(SIGSEGV)
PT_F40-8_low_1-150 Test Num : 144
Inject into ../bin/hello
----- Type : 8_low_1 Pos : PT_F40 -----
There are 1 faults will be injected in faulttable...
101020 microseconds
Fault on PT_F40(0X7fd74b2b1ee0 -> 0X7fd74b2b1eff)
17 microseconds
[2016-10-27 11:15:23]Process 9995 termed with signal 11(SIGSEGV)
PT_F40-8_low_1-150 Test Num : 145
Inject into ../bin/hello
----- Type : 8_low_1 Pos : PT_F40 -----
There are 1 faults will be injected in faulttable...
101102 microseconds
Fault on PT_F40(0X7f1da6ea2ee0 -> 0X7f1da6ea2eff)
16 microseconds
[2016-10-27 11:15:23]Process 9997 termed with signal 11(SIGSEGV)
PT_F40-8_low_1-150 Test Num : 146
Inject into ../bin/hello
----- Type : 8_low_1 Pos : PT_F40 -----
There are 1 faults will be injected in faulttable...
100965 microseconds
Fault on PT_F40(0X7f421b321ee0 -> 0X7f421b321eff)
13 microseconds
[2016-10-27 11:15:23]Process 9999 termed with signal 11(SIGSEGV)
PT_F40-8_low_1-150 Test Num : 147
Inject into ../bin/hello
----- Type : 8_low_1 Pos : PT_F40 -----
There are 1 faults will be injected in faulttable...
100077 microseconds
Fault on PT_F40(0X7fa50f433ee0 -> 0X7fa50f433eff)
15 microseconds
[2016-10-27 11:15:24]Process 10001 termed with signal 11(SIGSEGV)
PT_F40-8_low_1-150 Test Num : 148
Inject into ../bin/hello
----- Type : 8_low_1 Pos : PT_F40 -----
There are 1 faults will be injected in faulttable...
100126 microseconds
Fault on PT_F40(0X7f3259f5bee0 -> 0X7f3259f5beff)
17 microseconds
[2016-10-27 11:15:24]Process 10003 termed with signal 11(SIGSEGV)
PT_F40-8_low_1-150 Test Num : 149
Inject into ../bin/hello
----- Type : 8_low_1 Pos : PT_F40 -----
There are 1 faults will be injected in faulttable...
100979 microseconds
Fault on PT_F40(0X7f2985fc3ee0 -> 0X7f2985fc3eff)
28 microseconds
[2016-10-27 11:15:24]Process 10005 termed with signal 11(SIGSEGV)
PT_F40-8_low_1-150 Test Num : 150
Inject into ../bin/hello
----- Type : 8_low_1 Pos : PT_F40 -----
There are 1 faults will be injected in faulttable...
101111 microseconds
Fault on PT_F40(0X7f07e4589ee0 -> 0X7f07e4589eff)
20 microseconds
[2016-10-27 11:15:24]Process 10007 termed with signal 11(SIGSEGV)
