PT_F40-plus_1-150 Test Num : 1
Inject into ../bin/hello
----- Type : plus_1 Pos : PT_F40 -----
There are 1 faults will be injected in faulttable...
101153 microseconds
Fault on PT_F40(0X7f93fa574ee0 -> 0X7f93fa574ee1)
27 microseconds
[2016-10-27 11:16:12]Process 10615 termed with signal 4(SIGILL)
PT_F40-plus_1-150 Test Num : 2
Inject into ../bin/hello
----- Type : plus_1 Pos : PT_F40 -----
There are 1 faults will be injected in faulttable...
100084 microseconds
Fault on PT_F40(0X7fbbe8aaeee0 -> 0X7fbbe8aaeee1)
24 microseconds
[2016-10-27 11:16:12]Process 10617 termed with signal 4(SIGILL)
PT_F40-plus_1-150 Test Num : 3
Inject into ../bin/hello
----- Type : plus_1 Pos : PT_F40 -----
There are 1 faults will be injected in faulttable...
101429 microseconds
Fault on PT_F40(0X7f17adef9ee0 -> 0X7f17adef9ee1)
45 microseconds
[2016-10-27 11:16:12]Process 10619 termed with signal 4(SIGILL)
PT_F40-plus_1-150 Test Num : 4
Inject into ../bin/hello
----- Type : plus_1 Pos : PT_F40 -----
There are 1 faults will be injected in faulttable...
101644 microseconds
Fault on PT_F40(0X7f387352eee0 -> 0X7f387352eee1)
31 microseconds
[2016-10-27 11:16:12]Process 10621 termed with signal 4(SIGILL)
PT_F40-plus_1-150 Test Num : 5
Inject into ../bin/hello
----- Type : plus_1 Pos : PT_F40 -----
There are 1 faults will be injected in faulttable...
101214 microseconds
Fault on PT_F40(0X7faa4012fee0 -> 0X7faa4012fee1)
30 microseconds
[2016-10-27 11:16:13]Process 10623 termed with signal 4(SIGILL)
PT_F40-plus_1-150 Test Num : 6
Inject into ../bin/hello
----- Type : plus_1 Pos : PT_F40 -----
There are 1 faults will be injected in faulttable...
100161 microseconds
Fault on PT_F40(0X7f5211c5eee0 -> 0X7f5211c5eee1)
30 microseconds
[2016-10-27 11:16:13]Process 10625 termed with signal 4(SIGILL)
PT_F40-plus_1-150 Test Num : 7
Inject into ../bin/hello
----- Type : plus_1 Pos : PT_F40 -----
There are 1 faults will be injected in faulttable...
101331 microseconds
Fault on PT_F40(0X7f0b1dc2eee0 -> 0X7f0b1dc2eee1)
34 microseconds
[2016-10-27 11:16:13]Process 10627 termed with signal 4(SIGILL)
PT_F40-plus_1-150 Test Num : 8
Inject into ../bin/hello
----- Type : plus_1 Pos : PT_F40 -----
There are 1 faults will be injected in faulttable...
101240 microseconds
Fault on PT_F40(0X7f616eefdee0 -> 0X7f616eefdee1)
27 microseconds
[2016-10-27 11:16:13]Process 10629 termed with signal 4(SIGILL)
PT_F40-plus_1-150 Test Num : 9
Inject into ../bin/hello
----- Type : plus_1 Pos : PT_F40 -----
There are 1 faults will be injected in faulttable...
101288 microseconds
Fault on PT_F40(0X7fa14eef7ee0 -> 0X7fa14eef7ee1)
42 microseconds
[2016-10-27 11:16:13]Process 10631 termed with signal 4(SIGILL)
PT_F40-plus_1-150 Test Num : 10
Inject into ../bin/hello
----- Type : plus_1 Pos : PT_F40 -----
There are 1 faults will be injected in faulttable...
101123 microseconds
Fault on PT_F40(0X7f4e1e4f3ee0 -> 0X7f4e1e4f3ee1)
22 microseconds
[2016-10-27 11:16:13]Process 10633 termed with signal 4(SIGILL)
PT_F40-plus_1-150 Test Num : 11
Inject into ../bin/hello
----- Type : plus_1 Pos : PT_F40 -----
There are 1 faults will be injected in faulttable...
100098 microseconds
Fault on PT_F40(0X7f0c74cd0ee0 -> 0X7f0c74cd0ee1)
27 microseconds
[2016-10-27 11:16:13]Process 10635 termed with signal 4(SIGILL)
PT_F40-plus_1-150 Test Num : 12
Inject into ../bin/hello
----- Type : plus_1 Pos : PT_F40 -----
There are 1 faults will be injected in faulttable...
101125 microseconds
Fault on PT_F40(0X7fe11635dee0 -> 0X7fe11635dee1)
21 microseconds
[2016-10-27 11:16:13]Process 10637 termed with signal 4(SIGILL)
PT_F40-plus_1-150 Test Num : 13
Inject into ../bin/hello
----- Type : plus_1 Pos : PT_F40 -----
There are 1 faults will be injected in faulttable...
100074 microseconds
Fault on PT_F40(0X7fabaacb8ee0 -> 0X7fabaacb8ee1)
25 microseconds
[2016-10-27 11:16:13]Process 10639 termed with signal 4(SIGILL)
PT_F40-plus_1-150 Test Num : 14
Inject into ../bin/hello
----- Type : plus_1 Pos : PT_F40 -----
There are 1 faults will be injected in faulttable...
101129 microseconds
Fault on PT_F40(0X7f0098553ee0 -> 0X7f0098553ee1)
25 microseconds
[2016-10-27 11:16:13]Process 10641 termed with signal 4(SIGILL)
PT_F40-plus_1-150 Test Num : 15
Inject into ../bin/hello
----- Type : plus_1 Pos : PT_F40 -----
There are 1 faults will be injected in faulttable...
101110 microseconds
Fault on PT_F40(0X7f33dcb7fee0 -> 0X7f33dcb7fee1)
22 microseconds
[2016-10-27 11:16:14]Process 10643 termed with signal 4(SIGILL)
PT_F40-plus_1-150 Test Num : 16
Inject into ../bin/hello
----- Type : plus_1 Pos : PT_F40 -----
There are 1 faults will be injected in faulttable...
101140 microseconds
Fault on PT_F40(0X7f6639086ee0 -> 0X7f6639086ee1)
31 microseconds
[2016-10-27 11:16:14]Process 10645 termed with signal 4(SIGILL)
PT_F40-plus_1-150 Test Num : 17
Inject into ../bin/hello
----- Type : plus_1 Pos : PT_F40 -----
There are 1 faults will be injected in faulttable...
101169 microseconds
Fault on PT_F40(0X7f820e06cee0 -> 0X7f820e06cee1)
20 microseconds
[2016-10-27 11:16:14]Process 10647 termed with signal 4(SIGILL)
PT_F40-plus_1-150 Test Num : 18
Inject into ../bin/hello
----- Type : plus_1 Pos : PT_F40 -----
There are 1 faults will be injected in faulttable...
101102 microseconds
Fault on PT_F40(0X7ff4788b0ee0 -> 0X7ff4788b0ee1)
34 microseconds
[2016-10-27 11:16:14]Process 10649 termed with signal 4(SIGILL)
PT_F40-plus_1-150 Test Num : 19
Inject into ../bin/hello
----- Type : plus_1 Pos : PT_F40 -----
There are 1 faults will be injected in faulttable...
100254 microseconds
Fault on PT_F40(0X7ffbb648aee0 -> 0X7ffbb648aee1)
29 microseconds
[2016-10-27 11:16:14]Process 10651 termed with signal 4(SIGILL)
PT_F40-plus_1-150 Test Num : 20
Inject into ../bin/hello
----- Type : plus_1 Pos : PT_F40 -----
There are 1 faults will be injected in faulttable...
101337 microseconds
Fault on PT_F40(0X7f7d8f306ee0 -> 0X7f7d8f306ee1)
33 microseconds
[2016-10-27 11:16:14]Process 10653 termed with signal 4(SIGILL)
PT_F40-plus_1-150 Test Num : 21
Inject into ../bin/hello
----- Type : plus_1 Pos : PT_F40 -----
There are 1 faults will be injected in faulttable...
101148 microseconds
Fault on PT_F40(0X7f8b2e395ee0 -> 0X7f8b2e395ee1)
32 microseconds
[2016-10-27 11:16:14]Process 10655 termed with signal 4(SIGILL)
PT_F40-plus_1-150 Test Num : 22
Inject into ../bin/hello
----- Type : plus_1 Pos : PT_F40 -----
There are 1 faults will be injected in faulttable...
101118 microseconds
Fault on PT_F40(0X7f89ddb3eee0 -> 0X7f89ddb3eee1)
29 microseconds
[2016-10-27 11:16:14]Process 10657 termed with signal 4(SIGILL)
PT_F40-plus_1-150 Test Num : 23
Inject into ../bin/hello
----- Type : plus_1 Pos : PT_F40 -----
There are 1 faults will be injected in faulttable...
101042 microseconds
Fault on PT_F40(0X7f9580ec1ee0 -> 0X7f9580ec1ee1)
28 microseconds
[2016-10-27 11:16:14]Process 10659 termed with signal 4(SIGILL)
PT_F40-plus_1-150 Test Num : 24
Inject into ../bin/hello
----- Type : plus_1 Pos : PT_F40 -----
There are 1 faults will be injected in faulttable...
101481 microseconds
Fault on PT_F40(0X7fc777481ee0 -> 0X7fc777481ee1)
31 microseconds
[2016-10-27 11:16:15]Process 10661 termed with signal 4(SIGILL)
PT_F40-plus_1-150 Test Num : 25
Inject into ../bin/hello
----- Type : plus_1 Pos : PT_F40 -----
There are 1 faults will be injected in faulttable...
101128 microseconds
Fault on PT_F40(0X7f6cbaccaee0 -> 0X7f6cbaccaee1)
32 microseconds
[2016-10-27 11:16:15]Process 10663 termed with signal 4(SIGILL)
PT_F40-plus_1-150 Test Num : 26
Inject into ../bin/hello
----- Type : plus_1 Pos : PT_F40 -----
There are 1 faults will be injected in faulttable...
101335 microseconds
Fault on PT_F40(0X7fcd59c0dee0 -> 0X7fcd59c0dee1)
59 microseconds
[2016-10-27 11:16:15]Process 10665 termed with signal 4(SIGILL)
PT_F40-plus_1-150 Test Num : 27
Inject into ../bin/hello
----- Type : plus_1 Pos : PT_F40 -----
There are 1 faults will be injected in faulttable...
101585 microseconds
Fault on PT_F40(0X7f5f2133fee0 -> 0X7f5f2133fee1)
35 microseconds
[2016-10-27 11:16:15]Process 10667 termed with signal 4(SIGILL)
PT_F40-plus_1-150 Test Num : 28
Inject into ../bin/hello
----- Type : plus_1 Pos : PT_F40 -----
There are 1 faults will be injected in faulttable...
101099 microseconds
Fault on PT_F40(0X7f2aee6f6ee0 -> 0X7f2aee6f6ee1)
35 microseconds
[2016-10-27 11:16:15]Process 10669 termed with signal 4(SIGILL)
PT_F40-plus_1-150 Test Num : 29
Inject into ../bin/hello
----- Type : plus_1 Pos : PT_F40 -----
There are 1 faults will be injected in faulttable...
101157 microseconds
Fault on PT_F40(0X7fee0c042ee0 -> 0X7fee0c042ee1)
21 microseconds
[2016-10-27 11:16:15]Process 10671 termed with signal 4(SIGILL)
PT_F40-plus_1-150 Test Num : 30
Inject into ../bin/hello
----- Type : plus_1 Pos : PT_F40 -----
There are 1 faults will be injected in faulttable...
100111 microseconds
Fault on PT_F40(0X7f47f7f5aee0 -> 0X7f47f7f5aee1)
30 microseconds
[2016-10-27 11:16:15]Process 10673 termed with signal 4(SIGILL)
PT_F40-plus_1-150 Test Num : 31
Inject into ../bin/hello
----- Type : plus_1 Pos : PT_F40 -----
There are 1 faults will be injected in faulttable...
101481 microseconds
Fault on PT_F40(0X7f50e229bee0 -> 0X7f50e229bee1)
33 microseconds
[2016-10-27 11:16:15]Process 10675 termed with signal 4(SIGILL)
PT_F40-plus_1-150 Test Num : 32
Inject into ../bin/hello
----- Type : plus_1 Pos : PT_F40 -----
There are 1 faults will be injected in faulttable...
101540 microseconds
Fault on PT_F40(0X7f4560560ee0 -> 0X7f4560560ee1)
55 microseconds
[2016-10-27 11:16:15]Process 10677 termed with signal 4(SIGILL)
PT_F40-plus_1-150 Test Num : 33
Inject into ../bin/hello
----- Type : plus_1 Pos : PT_F40 -----
There are 1 faults will be injected in faulttable...
101135 microseconds
Fault on PT_F40(0X7f8253cddee0 -> 0X7f8253cddee1)
30 microseconds
[2016-10-27 11:16:16]Process 10679 termed with signal 4(SIGILL)
PT_F40-plus_1-150 Test Num : 34
Inject into ../bin/hello
----- Type : plus_1 Pos : PT_F40 -----
There are 1 faults will be injected in faulttable...
100116 microseconds
Fault on PT_F40(0X7f3c4269bee0 -> 0X7f3c4269bee1)
39 microseconds
[2016-10-27 11:16:16]Process 10681 termed with signal 4(SIGILL)
PT_F40-plus_1-150 Test Num : 35
Inject into ../bin/hello
----- Type : plus_1 Pos : PT_F40 -----
There are 1 faults will be injected in faulttable...
101319 microseconds
Fault on PT_F40(0X7f10e4517ee0 -> 0X7f10e4517ee1)
39 microseconds
[2016-10-27 11:16:16]Process 10683 termed with signal 4(SIGILL)
PT_F40-plus_1-150 Test Num : 36
Inject into ../bin/hello
----- Type : plus_1 Pos : PT_F40 -----
There are 1 faults will be injected in faulttable...
101102 microseconds
Fault on PT_F40(0X7f13ebdabee0 -> 0X7f13ebdabee1)
34 microseconds
[2016-10-27 11:16:16]Process 10685 termed with signal 4(SIGILL)
PT_F40-plus_1-150 Test Num : 37
Inject into ../bin/hello
----- Type : plus_1 Pos : PT_F40 -----
There are 1 faults will be injected in faulttable...
101069 microseconds
Fault on PT_F40(0X7f35b6453ee0 -> 0X7f35b6453ee1)
38 microseconds
[2016-10-27 11:16:16]Process 10687 termed with signal 4(SIGILL)
PT_F40-plus_1-150 Test Num : 38
Inject into ../bin/hello
----- Type : plus_1 Pos : PT_F40 -----
There are 1 faults will be injected in faulttable...
100064 microseconds
Fault on PT_F40(0X7ff29b404ee0 -> 0X7ff29b404ee1)
18 microseconds
[2016-10-27 11:16:16]Process 10689 termed with signal 4(SIGILL)
PT_F40-plus_1-150 Test Num : 39
Inject into ../bin/hello
----- Type : plus_1 Pos : PT_F40 -----
There are 1 faults will be injected in faulttable...
101172 microseconds
Fault on PT_F40(0X7fdb32ed0ee0 -> 0X7fdb32ed0ee1)
28 microseconds
[2016-10-27 11:16:16]Process 10691 termed with signal 4(SIGILL)
PT_F40-plus_1-150 Test Num : 40
Inject into ../bin/hello
----- Type : plus_1 Pos : PT_F40 -----
There are 1 faults will be injected in faulttable...
101371 microseconds
Fault on PT_F40(0X7f5d40fa4ee0 -> 0X7f5d40fa4ee1)
42 microseconds
[2016-10-27 11:16:16]Process 10693 termed with signal 4(SIGILL)
PT_F40-plus_1-150 Test Num : 41
Inject into ../bin/hello
----- Type : plus_1 Pos : PT_F40 -----
There are 1 faults will be injected in faulttable...
101367 microseconds
Fault on PT_F40(0X7fa5e3ff6ee0 -> 0X7fa5e3ff6ee1)
31 microseconds
[2016-10-27 11:16:16]Process 10695 termed with signal 4(SIGILL)
PT_F40-plus_1-150 Test Num : 42
Inject into ../bin/hello
----- Type : plus_1 Pos : PT_F40 -----
There are 1 faults will be injected in faulttable...
101041 microseconds
Fault on PT_F40(0X7f334dc19ee0 -> 0X7f334dc19ee1)
20 microseconds
[2016-10-27 11:16:17]Process 10697 termed with signal 4(SIGILL)
PT_F40-plus_1-150 Test Num : 43
Inject into ../bin/hello
----- Type : plus_1 Pos : PT_F40 -----
There are 1 faults will be injected in faulttable...
100112 microseconds
Fault on PT_F40(0X7f5cc00d1ee0 -> 0X7f5cc00d1ee1)
21 microseconds
[2016-10-27 11:16:17]Process 10700 termed with signal 4(SIGILL)
PT_F40-plus_1-150 Test Num : 44
Inject into ../bin/hello
----- Type : plus_1 Pos : PT_F40 -----
There are 1 faults will be injected in faulttable...
100158 microseconds
Fault on PT_F40(0X7f3e0b5ddee0 -> 0X7f3e0b5ddee1)
27 microseconds
[2016-10-27 11:16:17]Process 10702 termed with signal 4(SIGILL)
PT_F40-plus_1-150 Test Num : 45
Inject into ../bin/hello
----- Type : plus_1 Pos : PT_F40 -----
There are 1 faults will be injected in faulttable...
100088 microseconds
Fault on PT_F40(0X7fbee119bee0 -> 0X7fbee119bee1)
41 microseconds
[2016-10-27 11:16:17]Process 10704 termed with signal 4(SIGILL)
PT_F40-plus_1-150 Test Num : 46
Inject into ../bin/hello
----- Type : plus_1 Pos : PT_F40 -----
There are 1 faults will be injected in faulttable...
101158 microseconds
Fault on PT_F40(0X7f108ed20ee0 -> 0X7f108ed20ee1)
21 microseconds
[2016-10-27 11:16:17]Process 10706 termed with signal 4(SIGILL)
PT_F40-plus_1-150 Test Num : 47
Inject into ../bin/hello
----- Type : plus_1 Pos : PT_F40 -----
There are 1 faults will be injected in faulttable...
100073 microseconds
Fault on PT_F40(0X7f99c9682ee0 -> 0X7f99c9682ee1)
20 microseconds
[2016-10-27 11:16:17]Process 10708 termed with signal 4(SIGILL)
PT_F40-plus_1-150 Test Num : 48
Inject into ../bin/hello
----- Type : plus_1 Pos : PT_F40 -----
There are 1 faults will be injected in faulttable...
101179 microseconds
Fault on PT_F40(0X7f9733d56ee0 -> 0X7f9733d56ee1)
32 microseconds
[2016-10-27 11:16:17]Process 10710 termed with signal 4(SIGILL)
PT_F40-plus_1-150 Test Num : 49
Inject into ../bin/hello
----- Type : plus_1 Pos : PT_F40 -----
There are 1 faults will be injected in faulttable...
101017 microseconds
Fault on PT_F40(0X7f37fd4e7ee0 -> 0X7f37fd4e7ee1)
30 microseconds
[2016-10-27 11:16:17]Process 10712 termed with signal 4(SIGILL)
PT_F40-plus_1-150 Test Num : 50
Inject into ../bin/hello
----- Type : plus_1 Pos : PT_F40 -----
There are 1 faults will be injected in faulttable...
101179 microseconds
Fault on PT_F40(0X7fbba8712ee0 -> 0X7fbba8712ee1)
23 microseconds
[2016-10-27 11:16:17]Process 10714 termed with signal 4(SIGILL)
PT_F40-plus_1-150 Test Num : 51
Inject into ../bin/hello
----- Type : plus_1 Pos : PT_F40 -----
There are 1 faults will be injected in faulttable...
101158 microseconds
Fault on PT_F40(0X7f2ec93e6ee0 -> 0X7f2ec93e6ee1)
30 microseconds
[2016-10-27 11:16:18]Process 10716 termed with signal 4(SIGILL)
PT_F40-plus_1-150 Test Num : 52
Inject into ../bin/hello
----- Type : plus_1 Pos : PT_F40 -----
There are 1 faults will be injected in faulttable...
101227 microseconds
Fault on PT_F40(0X7f6f1cea8ee0 -> 0X7f6f1cea8ee1)
27 microseconds
[2016-10-27 11:16:18]Process 10718 termed with signal 4(SIGILL)
PT_F40-plus_1-150 Test Num : 53
Inject into ../bin/hello
----- Type : plus_1 Pos : PT_F40 -----
There are 1 faults will be injected in faulttable...
101004 microseconds
Fault on PT_F40(0X7fa471175ee0 -> 0X7fa471175ee1)
21 microseconds
[2016-10-27 11:16:18]Process 10720 termed with signal 4(SIGILL)
PT_F40-plus_1-150 Test Num : 54
Inject into ../bin/hello
----- Type : plus_1 Pos : PT_F40 -----
There are 1 faults will be injected in faulttable...
100928 microseconds
Fault on PT_F40(0X7f28256e0ee0 -> 0X7f28256e0ee1)
26 microseconds
[2016-10-27 11:16:18]Process 10722 termed with signal 4(SIGILL)
PT_F40-plus_1-150 Test Num : 55
Inject into ../bin/hello
----- Type : plus_1 Pos : PT_F40 -----
There are 1 faults will be injected in faulttable...
100922 microseconds
Fault on PT_F40(0X7fa6dacb3ee0 -> 0X7fa6dacb3ee1)
23 microseconds
[2016-10-27 11:16:18]Process 10724 termed with signal 4(SIGILL)
PT_F40-plus_1-150 Test Num : 56
Inject into ../bin/hello
----- Type : plus_1 Pos : PT_F40 -----
There are 1 faults will be injected in faulttable...
100112 microseconds
Fault on PT_F40(0X7fad88531ee0 -> 0X7fad88531ee1)
28 microseconds
[2016-10-27 11:16:18]Process 10726 termed with signal 4(SIGILL)
PT_F40-plus_1-150 Test Num : 57
Inject into ../bin/hello
----- Type : plus_1 Pos : PT_F40 -----
There are 1 faults will be injected in faulttable...
101313 microseconds
Fault on PT_F40(0X7ff809e29ee0 -> 0X7ff809e29ee1)
23 microseconds
[2016-10-27 11:16:18]Process 10728 termed with signal 4(SIGILL)
PT_F40-plus_1-150 Test Num : 58
Inject into ../bin/hello
----- Type : plus_1 Pos : PT_F40 -----
There are 1 faults will be injected in faulttable...
100999 microseconds
Fault on PT_F40(0X7fe10e1b2ee0 -> 0X7fe10e1b2ee1)
30 microseconds
[2016-10-27 11:16:18]Process 10730 termed with signal 4(SIGILL)
PT_F40-plus_1-150 Test Num : 59
Inject into ../bin/hello
----- Type : plus_1 Pos : PT_F40 -----
There are 1 faults will be injected in faulttable...
101114 microseconds
Fault on PT_F40(0X7f53e60bdee0 -> 0X7f53e60bdee1)
22 microseconds
[2016-10-27 11:16:18]Process 10732 termed with signal 4(SIGILL)
PT_F40-plus_1-150 Test Num : 60
Inject into ../bin/hello
----- Type : plus_1 Pos : PT_F40 -----
There are 1 faults will be injected in faulttable...
101185 microseconds
Fault on PT_F40(0X7fe66d7aeee0 -> 0X7fe66d7aeee1)
29 microseconds
[2016-10-27 11:16:19]Process 10734 termed with signal 4(SIGILL)
PT_F40-plus_1-150 Test Num : 61
Inject into ../bin/hello
----- Type : plus_1 Pos : PT_F40 -----
There are 1 faults will be injected in faulttable...
101400 microseconds
Fault on PT_F40(0X7f07ef5a9ee0 -> 0X7f07ef5a9ee1)
19 microseconds
[2016-10-27 11:16:19]Process 10736 termed with signal 4(SIGILL)
PT_F40-plus_1-150 Test Num : 62
Inject into ../bin/hello
----- Type : plus_1 Pos : PT_F40 -----
There are 1 faults will be injected in faulttable...
100926 microseconds
Fault on PT_F40(0X7f1e26311ee0 -> 0X7f1e26311ee1)
23 microseconds
[2016-10-27 11:16:19]Process 10738 termed with signal 4(SIGILL)
PT_F40-plus_1-150 Test Num : 63
Inject into ../bin/hello
----- Type : plus_1 Pos : PT_F40 -----
There are 1 faults will be injected in faulttable...
101046 microseconds
Fault on PT_F40(0X7fbf0845eee0 -> 0X7fbf0845eee1)
24 microseconds
[2016-10-27 11:16:19]Process 10740 termed with signal 4(SIGILL)
PT_F40-plus_1-150 Test Num : 64
Inject into ../bin/hello
----- Type : plus_1 Pos : PT_F40 -----
There are 1 faults will be injected in faulttable...
100090 microseconds
Fault on PT_F40(0X7fc894165ee0 -> 0X7fc894165ee1)
21 microseconds
[2016-10-27 11:16:19]Process 10742 termed with signal 4(SIGILL)
PT_F40-plus_1-150 Test Num : 65
Inject into ../bin/hello
----- Type : plus_1 Pos : PT_F40 -----
There are 1 faults will be injected in faulttable...
101194 microseconds
Fault on PT_F40(0X7f061f165ee0 -> 0X7f061f165ee1)
35 microseconds
[2016-10-27 11:16:19]Process 10744 termed with signal 4(SIGILL)
PT_F40-plus_1-150 Test Num : 66
Inject into ../bin/hello
----- Type : plus_1 Pos : PT_F40 -----
There are 1 faults will be injected in faulttable...
100998 microseconds
Fault on PT_F40(0X7f5f4f030ee0 -> 0X7f5f4f030ee1)
22 microseconds
[2016-10-27 11:16:19]Process 10746 termed with signal 4(SIGILL)
PT_F40-plus_1-150 Test Num : 67
Inject into ../bin/hello
----- Type : plus_1 Pos : PT_F40 -----
There are 1 faults will be injected in faulttable...
101077 microseconds
Fault on PT_F40(0X7f3f7cdd8ee0 -> 0X7f3f7cdd8ee1)
26 microseconds
[2016-10-27 11:16:19]Process 10748 termed with signal 4(SIGILL)
PT_F40-plus_1-150 Test Num : 68
Inject into ../bin/hello
----- Type : plus_1 Pos : PT_F40 -----
There are 1 faults will be injected in faulttable...
100907 microseconds
Fault on PT_F40(0X7fdf00715ee0 -> 0X7fdf00715ee1)
21 microseconds
[2016-10-27 11:16:19]Process 10750 termed with signal 4(SIGILL)
PT_F40-plus_1-150 Test Num : 69
Inject into ../bin/hello
----- Type : plus_1 Pos : PT_F40 -----
There are 1 faults will be injected in faulttable...
101020 microseconds
Fault on PT_F40(0X7f0d854b2ee0 -> 0X7f0d854b2ee1)
21 microseconds
[2016-10-27 11:16:20]Process 10752 termed with signal 4(SIGILL)
PT_F40-plus_1-150 Test Num : 70
Inject into ../bin/hello
----- Type : plus_1 Pos : PT_F40 -----
There are 1 faults will be injected in faulttable...
100343 microseconds
Fault on PT_F40(0X7f6bd6628ee0 -> 0X7f6bd6628ee1)
26 microseconds
[2016-10-27 11:16:20]Process 10754 termed with signal 4(SIGILL)
PT_F40-plus_1-150 Test Num : 71
Inject into ../bin/hello
----- Type : plus_1 Pos : PT_F40 -----
There are 1 faults will be injected in faulttable...
100085 microseconds
Fault on PT_F40(0X7f8d6d426ee0 -> 0X7f8d6d426ee1)
21 microseconds
[2016-10-27 11:16:20]Process 10756 termed with signal 4(SIGILL)
PT_F40-plus_1-150 Test Num : 72
Inject into ../bin/hello
----- Type : plus_1 Pos : PT_F40 -----
There are 1 faults will be injected in faulttable...
100937 microseconds
Fault on PT_F40(0X7fb71648dee0 -> 0X7fb71648dee1)
20 microseconds
[2016-10-27 11:16:20]Process 10758 termed with signal 4(SIGILL)
PT_F40-plus_1-150 Test Num : 73
Inject into ../bin/hello
----- Type : plus_1 Pos : PT_F40 -----
There are 1 faults will be injected in faulttable...
101066 microseconds
Fault on PT_F40(0X7f17d61c1ee0 -> 0X7f17d61c1ee1)
21 microseconds
[2016-10-27 11:16:20]Process 10760 termed with signal 4(SIGILL)
PT_F40-plus_1-150 Test Num : 74
Inject into ../bin/hello
----- Type : plus_1 Pos : PT_F40 -----
There are 1 faults will be injected in faulttable...
101032 microseconds
Fault on PT_F40(0X7fd674741ee0 -> 0X7fd674741ee1)
31 microseconds
[2016-10-27 11:16:20]Process 10762 termed with signal 4(SIGILL)
PT_F40-plus_1-150 Test Num : 75
Inject into ../bin/hello
----- Type : plus_1 Pos : PT_F40 -----
There are 1 faults will be injected in faulttable...
100094 microseconds
Fault on PT_F40(0X7fb048c5bee0 -> 0X7fb048c5bee1)
27 microseconds
[2016-10-27 11:16:20]Process 10764 termed with signal 4(SIGILL)
PT_F40-plus_1-150 Test Num : 76
Inject into ../bin/hello
----- Type : plus_1 Pos : PT_F40 -----
There are 1 faults will be injected in faulttable...
101112 microseconds
Fault on PT_F40(0X7f6c0a846ee0 -> 0X7f6c0a846ee1)
28 microseconds
[2016-10-27 11:16:20]Process 10766 termed with signal 4(SIGILL)
PT_F40-plus_1-150 Test Num : 77
Inject into ../bin/hello
----- Type : plus_1 Pos : PT_F40 -----
There are 1 faults will be injected in faulttable...
101143 microseconds
Fault on PT_F40(0X7f5420f38ee0 -> 0X7f5420f38ee1)
23 microseconds
[2016-10-27 11:16:20]Process 10768 termed with signal 4(SIGILL)
PT_F40-plus_1-150 Test Num : 78
Inject into ../bin/hello
----- Type : plus_1 Pos : PT_F40 -----
There are 1 faults will be injected in faulttable...
101068 microseconds
Fault on PT_F40(0X7ffb1fc9fee0 -> 0X7ffb1fc9fee1)
22 microseconds
[2016-10-27 11:16:20]Process 10770 termed with signal 4(SIGILL)
PT_F40-plus_1-150 Test Num : 79
Inject into ../bin/hello
----- Type : plus_1 Pos : PT_F40 -----
There are 1 faults will be injected in faulttable...
100092 microseconds
Fault on PT_F40(0X7f4f03104ee0 -> 0X7f4f03104ee1)
29 microseconds
[2016-10-27 11:16:21]Process 10772 termed with signal 4(SIGILL)
PT_F40-plus_1-150 Test Num : 80
Inject into ../bin/hello
----- Type : plus_1 Pos : PT_F40 -----
There are 1 faults will be injected in faulttable...
101026 microseconds
Fault on PT_F40(0X7f1da14deee0 -> 0X7f1da14deee1)
21 microseconds
[2016-10-27 11:16:21]Process 10774 termed with signal 4(SIGILL)
PT_F40-plus_1-150 Test Num : 81
Inject into ../bin/hello
----- Type : plus_1 Pos : PT_F40 -----
There are 1 faults will be injected in faulttable...
101128 microseconds
Fault on PT_F40(0X7fa66837bee0 -> 0X7fa66837bee1)
30 microseconds
[2016-10-27 11:16:21]Process 10776 termed with signal 4(SIGILL)
PT_F40-plus_1-150 Test Num : 82
Inject into ../bin/hello
----- Type : plus_1 Pos : PT_F40 -----
There are 1 faults will be injected in faulttable...
101168 microseconds
Fault on PT_F40(0X7fce30ca9ee0 -> 0X7fce30ca9ee1)
21 microseconds
[2016-10-27 11:16:21]Process 10778 termed with signal 4(SIGILL)
PT_F40-plus_1-150 Test Num : 83
Inject into ../bin/hello
----- Type : plus_1 Pos : PT_F40 -----
There are 1 faults will be injected in faulttable...
101274 microseconds
Fault on PT_F40(0X7fb29ff9eee0 -> 0X7fb29ff9eee1)
23 microseconds
[2016-10-27 11:16:21]Process 10780 termed with signal 4(SIGILL)
PT_F40-plus_1-150 Test Num : 84
Inject into ../bin/hello
----- Type : plus_1 Pos : PT_F40 -----
There are 1 faults will be injected in faulttable...
101250 microseconds
Fault on PT_F40(0X7f19b2a9eee0 -> 0X7f19b2a9eee1)
36 microseconds
[2016-10-27 11:16:21]Process 10782 termed with signal 4(SIGILL)
PT_F40-plus_1-150 Test Num : 85
Inject into ../bin/hello
----- Type : plus_1 Pos : PT_F40 -----
There are 1 faults will be injected in faulttable...
101157 microseconds
Fault on PT_F40(0X7f67835bbee0 -> 0X7f67835bbee1)
45 microseconds
[2016-10-27 11:16:21]Process 10784 termed with signal 4(SIGILL)
PT_F40-plus_1-150 Test Num : 86
Inject into ../bin/hello
----- Type : plus_1 Pos : PT_F40 -----
There are 1 faults will be injected in faulttable...
101212 microseconds
Fault on PT_F40(0X7f24eecacee0 -> 0X7f24eecacee1)
31 microseconds
[2016-10-27 11:16:21]Process 10786 termed with signal 4(SIGILL)
PT_F40-plus_1-150 Test Num : 87
Inject into ../bin/hello
----- Type : plus_1 Pos : PT_F40 -----
There are 1 faults will be injected in faulttable...
101356 microseconds
Fault on PT_F40(0X7fcd86ed7ee0 -> 0X7fcd86ed7ee1)
23 microseconds
[2016-10-27 11:16:21]Process 10788 termed with signal 4(SIGILL)
PT_F40-plus_1-150 Test Num : 88
Inject into ../bin/hello
----- Type : plus_1 Pos : PT_F40 -----
There are 1 faults will be injected in faulttable...
100080 microseconds
Fault on PT_F40(0X7f91d6c68ee0 -> 0X7f91d6c68ee1)
29 microseconds
[2016-10-27 11:16:22]Process 10790 termed with signal 4(SIGILL)
PT_F40-plus_1-150 Test Num : 89
Inject into ../bin/hello
----- Type : plus_1 Pos : PT_F40 -----
There are 1 faults will be injected in faulttable...
101076 microseconds
Fault on PT_F40(0X7f60c8adcee0 -> 0X7f60c8adcee1)
22 microseconds
[2016-10-27 11:16:22]Process 10792 termed with signal 4(SIGILL)
PT_F40-plus_1-150 Test Num : 90
Inject into ../bin/hello
----- Type : plus_1 Pos : PT_F40 -----
There are 1 faults will be injected in faulttable...
100110 microseconds
Fault on PT_F40(0X7f47ea43eee0 -> 0X7f47ea43eee1)
29 microseconds
[2016-10-27 11:16:22]Process 10794 termed with signal 4(SIGILL)
PT_F40-plus_1-150 Test Num : 91
Inject into ../bin/hello
----- Type : plus_1 Pos : PT_F40 -----
There are 1 faults will be injected in faulttable...
100110 microseconds
Fault on PT_F40(0X7f1f42ba3ee0 -> 0X7f1f42ba3ee1)
30 microseconds
[2016-10-27 11:16:22]Process 10796 termed with signal 4(SIGILL)
PT_F40-plus_1-150 Test Num : 92
Inject into ../bin/hello
----- Type : plus_1 Pos : PT_F40 -----
There are 1 faults will be injected in faulttable...
101263 microseconds
Fault on PT_F40(0X7fb1e1e6fee0 -> 0X7fb1e1e6fee1)
31 microseconds
[2016-10-27 11:16:22]Process 10798 termed with signal 4(SIGILL)
PT_F40-plus_1-150 Test Num : 93
Inject into ../bin/hello
----- Type : plus_1 Pos : PT_F40 -----
There are 1 faults will be injected in faulttable...
101097 microseconds
Fault on PT_F40(0X7f261cbc1ee0 -> 0X7f261cbc1ee1)
25 microseconds
[2016-10-27 11:16:22]Process 10800 termed with signal 4(SIGILL)
PT_F40-plus_1-150 Test Num : 94
Inject into ../bin/hello
----- Type : plus_1 Pos : PT_F40 -----
There are 1 faults will be injected in faulttable...
101219 microseconds
Fault on PT_F40(0X7f251ac56ee0 -> 0X7f251ac56ee1)
24 microseconds
[2016-10-27 11:16:22]Process 10802 termed with signal 4(SIGILL)
PT_F40-plus_1-150 Test Num : 95
Inject into ../bin/hello
----- Type : plus_1 Pos : PT_F40 -----
There are 1 faults will be injected in faulttable...
101417 microseconds
Fault on PT_F40(0X7ff3d66a8ee0 -> 0X7ff3d66a8ee1)
23 microseconds
[2016-10-27 11:16:22]Process 10804 termed with signal 4(SIGILL)
PT_F40-plus_1-150 Test Num : 96
Inject into ../bin/hello
----- Type : plus_1 Pos : PT_F40 -----
There are 1 faults will be injected in faulttable...
101302 microseconds
Fault on PT_F40(0X7f3658ff3ee0 -> 0X7f3658ff3ee1)
36 microseconds
[2016-10-27 11:16:22]Process 10806 termed with signal 4(SIGILL)
PT_F40-plus_1-150 Test Num : 97
Inject into ../bin/hello
----- Type : plus_1 Pos : PT_F40 -----
There are 1 faults will be injected in faulttable...
101564 microseconds
Fault on PT_F40(0X7f163dc42ee0 -> 0X7f163dc42ee1)
22 microseconds
[2016-10-27 11:16:23]Process 10808 termed with signal 4(SIGILL)
PT_F40-plus_1-150 Test Num : 98
Inject into ../bin/hello
----- Type : plus_1 Pos : PT_F40 -----
There are 1 faults will be injected in faulttable...
101070 microseconds
Fault on PT_F40(0X7f0334a05ee0 -> 0X7f0334a05ee1)
22 microseconds
[2016-10-27 11:16:23]Process 10810 termed with signal 4(SIGILL)
PT_F40-plus_1-150 Test Num : 99
Inject into ../bin/hello
----- Type : plus_1 Pos : PT_F40 -----
There are 1 faults will be injected in faulttable...
100218 microseconds
Fault on PT_F40(0X7f95f75f2ee0 -> 0X7f95f75f2ee1)
21 microseconds
[2016-10-27 11:16:23]Process 10812 termed with signal 4(SIGILL)
PT_F40-plus_1-150 Test Num : 100
Inject into ../bin/hello
----- Type : plus_1 Pos : PT_F40 -----
There are 1 faults will be injected in faulttable...
101064 microseconds
Fault on PT_F40(0X7f58b5a0eee0 -> 0X7f58b5a0eee1)
36 microseconds
[2016-10-27 11:16:23]Process 10814 termed with signal 4(SIGILL)
PT_F40-plus_1-150 Test Num : 101
Inject into ../bin/hello
----- Type : plus_1 Pos : PT_F40 -----
There are 1 faults will be injected in faulttable...
100972 microseconds
Fault on PT_F40(0X7f54e5b69ee0 -> 0X7f54e5b69ee1)
19 microseconds
[2016-10-27 11:16:23]Process 10816 termed with signal 4(SIGILL)
PT_F40-plus_1-150 Test Num : 102
Inject into ../bin/hello
----- Type : plus_1 Pos : PT_F40 -----
There are 1 faults will be injected in faulttable...
100996 microseconds
Fault on PT_F40(0X7f69cd7b6ee0 -> 0X7f69cd7b6ee1)
20 microseconds
[2016-10-27 11:16:23]Process 10818 termed with signal 4(SIGILL)
PT_F40-plus_1-150 Test Num : 103
Inject into ../bin/hello
----- Type : plus_1 Pos : PT_F40 -----
There are 1 faults will be injected in faulttable...
100928 microseconds
Fault on PT_F40(0X7f794f4f2ee0 -> 0X7f794f4f2ee1)
29 microseconds
[2016-10-27 11:16:23]Process 10820 termed with signal 4(SIGILL)
PT_F40-plus_1-150 Test Num : 104
Inject into ../bin/hello
----- Type : plus_1 Pos : PT_F40 -----
There are 1 faults will be injected in faulttable...
101033 microseconds
Fault on PT_F40(0X7f6378be7ee0 -> 0X7f6378be7ee1)
28 microseconds
[2016-10-27 11:16:23]Process 10822 termed with signal 4(SIGILL)
PT_F40-plus_1-150 Test Num : 105
Inject into ../bin/hello
----- Type : plus_1 Pos : PT_F40 -----
There are 1 faults will be injected in faulttable...
101031 microseconds
Fault on PT_F40(0X7fe482631ee0 -> 0X7fe482631ee1)
21 microseconds
[2016-10-27 11:16:23]Process 10824 termed with signal 4(SIGILL)
PT_F40-plus_1-150 Test Num : 106
Inject into ../bin/hello
----- Type : plus_1 Pos : PT_F40 -----
There are 1 faults will be injected in faulttable...
100977 microseconds
Fault on PT_F40(0X7fe11d09dee0 -> 0X7fe11d09dee1)
20 microseconds
[2016-10-27 11:16:24]Process 10826 termed with signal 4(SIGILL)
PT_F40-plus_1-150 Test Num : 107
Inject into ../bin/hello
----- Type : plus_1 Pos : PT_F40 -----
There are 1 faults will be injected in faulttable...
100233 microseconds
Fault on PT_F40(0X7fdca4be0ee0 -> 0X7fdca4be0ee1)
29 microseconds
[2016-10-27 11:16:24]Process 10828 termed with signal 4(SIGILL)
PT_F40-plus_1-150 Test Num : 108
Inject into ../bin/hello
----- Type : plus_1 Pos : PT_F40 -----
There are 1 faults will be injected in faulttable...
101166 microseconds
Fault on PT_F40(0X7fa329a3eee0 -> 0X7fa329a3eee1)
30 microseconds
[2016-10-27 11:16:24]Process 10830 termed with signal 4(SIGILL)
PT_F40-plus_1-150 Test Num : 109
Inject into ../bin/hello
----- Type : plus_1 Pos : PT_F40 -----
There are 1 faults will be injected in faulttable...
101859 microseconds
Fault on PT_F40(0X7f7521a5aee0 -> 0X7f7521a5aee1)
30 microseconds
[2016-10-27 11:16:24]Process 10832 termed with signal 4(SIGILL)
PT_F40-plus_1-150 Test Num : 110
Inject into ../bin/hello
----- Type : plus_1 Pos : PT_F40 -----
There are 1 faults will be injected in faulttable...
100144 microseconds
Fault on PT_F40(0X7fef6bfebee0 -> 0X7fef6bfebee1)
35 microseconds
[2016-10-27 11:16:24]Process 10834 termed with signal 4(SIGILL)
PT_F40-plus_1-150 Test Num : 111
Inject into ../bin/hello
----- Type : plus_1 Pos : PT_F40 -----
There are 1 faults will be injected in faulttable...
101221 microseconds
Fault on PT_F40(0X7f83bbd7bee0 -> 0X7f83bbd7bee1)
29 microseconds
[2016-10-27 11:16:24]Process 10836 termed with signal 4(SIGILL)
PT_F40-plus_1-150 Test Num : 112
Inject into ../bin/hello
----- Type : plus_1 Pos : PT_F40 -----
There are 1 faults will be injected in faulttable...
101079 microseconds
Fault on PT_F40(0X7f6bb8d08ee0 -> 0X7f6bb8d08ee1)
22 microseconds
[2016-10-27 11:16:24]Process 10838 termed with signal 4(SIGILL)
PT_F40-plus_1-150 Test Num : 113
Inject into ../bin/hello
----- Type : plus_1 Pos : PT_F40 -----
There are 1 faults will be injected in faulttable...
101102 microseconds
Fault on PT_F40(0X7f84701efee0 -> 0X7f84701efee1)
20 microseconds
[2016-10-27 11:16:24]Process 10840 termed with signal 4(SIGILL)
PT_F40-plus_1-150 Test Num : 114
Inject into ../bin/hello
----- Type : plus_1 Pos : PT_F40 -----
There are 1 faults will be injected in faulttable...
101116 microseconds
Fault on PT_F40(0X7feb05805ee0 -> 0X7feb05805ee1)
23 microseconds
[2016-10-27 11:16:24]Process 10842 termed with signal 4(SIGILL)
PT_F40-plus_1-150 Test Num : 115
Inject into ../bin/hello
----- Type : plus_1 Pos : PT_F40 -----
There are 1 faults will be injected in faulttable...
101142 microseconds
Fault on PT_F40(0X7fd49d747ee0 -> 0X7fd49d747ee1)
20 microseconds
[2016-10-27 11:16:25]Process 10844 termed with signal 4(SIGILL)
PT_F40-plus_1-150 Test Num : 116
Inject into ../bin/hello
----- Type : plus_1 Pos : PT_F40 -----
There are 1 faults will be injected in faulttable...
101148 microseconds
Fault on PT_F40(0X7f52dbd6cee0 -> 0X7f52dbd6cee1)
20 microseconds
[2016-10-27 11:16:25]Process 10846 termed with signal 4(SIGILL)
PT_F40-plus_1-150 Test Num : 117
Inject into ../bin/hello
----- Type : plus_1 Pos : PT_F40 -----
There are 1 faults will be injected in faulttable...
102249 microseconds
Fault on PT_F40(0X7f8085565ee0 -> 0X7f8085565ee1)
23 microseconds
[2016-10-27 11:16:25]Process 10848 termed with signal 4(SIGILL)
PT_F40-plus_1-150 Test Num : 118
Inject into ../bin/hello
----- Type : plus_1 Pos : PT_F40 -----
There are 1 faults will be injected in faulttable...
101139 microseconds
Fault on PT_F40(0X7fab7f905ee0 -> 0X7fab7f905ee1)
20 microseconds
[2016-10-27 11:16:25]Process 10852 termed with signal 4(SIGILL)
PT_F40-plus_1-150 Test Num : 119
Inject into ../bin/hello
----- Type : plus_1 Pos : PT_F40 -----
There are 1 faults will be injected in faulttable...
100135 microseconds
Fault on PT_F40(0X7f7e8289fee0 -> 0X7f7e8289fee1)
28 microseconds
[2016-10-27 11:16:25]Process 10856 termed with signal 4(SIGILL)
PT_F40-plus_1-150 Test Num : 120
Inject into ../bin/hello
----- Type : plus_1 Pos : PT_F40 -----
There are 1 faults will be injected in faulttable...
100971 microseconds
Fault on PT_F40(0X7fa68f842ee0 -> 0X7fa68f842ee1)
28 microseconds
[2016-10-27 11:16:25]Process 10860 termed with signal 4(SIGILL)
PT_F40-plus_1-150 Test Num : 121
Inject into ../bin/hello
----- Type : plus_1 Pos : PT_F40 -----
There are 1 faults will be injected in faulttable...
101108 microseconds
Fault on PT_F40(0X7f6711370ee0 -> 0X7f6711370ee1)
21 microseconds
[2016-10-27 11:16:25]Process 10864 termed with signal 4(SIGILL)
PT_F40-plus_1-150 Test Num : 122
Inject into ../bin/hello
----- Type : plus_1 Pos : PT_F40 -----
There are 1 faults will be injected in faulttable...
101084 microseconds
Fault on PT_F40(0X7fb654c05ee0 -> 0X7fb654c05ee1)
30 microseconds
[2016-10-27 11:16:25]Process 10868 termed with signal 4(SIGILL)
PT_F40-plus_1-150 Test Num : 123
Inject into ../bin/hello
----- Type : plus_1 Pos : PT_F40 -----
There are 1 faults will be injected in faulttable...
101058 microseconds
Fault on PT_F40(0X7f0dbf655ee0 -> 0X7f0dbf655ee1)
30 microseconds
[2016-10-27 11:16:25]Process 10871 termed with signal 4(SIGILL)
PT_F40-plus_1-150 Test Num : 124
Inject into ../bin/hello
----- Type : plus_1 Pos : PT_F40 -----
There are 1 faults will be injected in faulttable...
101024 microseconds
Fault on PT_F40(0X7f55f16e2ee0 -> 0X7f55f16e2ee1)
27 microseconds
[2016-10-27 11:16:26]Process 10873 termed with signal 4(SIGILL)
PT_F40-plus_1-150 Test Num : 125
Inject into ../bin/hello
----- Type : plus_1 Pos : PT_F40 -----
There are 1 faults will be injected in faulttable...
101120 microseconds
Fault on PT_F40(0X7f1d58e52ee0 -> 0X7f1d58e52ee1)
28 microseconds
[2016-10-27 11:16:26]Process 10875 termed with signal 4(SIGILL)
PT_F40-plus_1-150 Test Num : 126
Inject into ../bin/hello
----- Type : plus_1 Pos : PT_F40 -----
There are 1 faults will be injected in faulttable...
101748 microseconds
Fault on PT_F40(0X7f99f8d0cee0 -> 0X7f99f8d0cee1)
29 microseconds
[2016-10-27 11:16:26]Process 10877 termed with signal 4(SIGILL)
PT_F40-plus_1-150 Test Num : 127
Inject into ../bin/hello
----- Type : plus_1 Pos : PT_F40 -----
There are 1 faults will be injected in faulttable...
101492 microseconds
Fault on PT_F40(0X7f1bc24d7ee0 -> 0X7f1bc24d7ee1)
23 microseconds
[2016-10-27 11:16:26]Process 10881 termed with signal 4(SIGILL)
PT_F40-plus_1-150 Test Num : 128
Inject into ../bin/hello
----- Type : plus_1 Pos : PT_F40 -----
There are 1 faults will be injected in faulttable...
101012 microseconds
Fault on PT_F40(0X7f575dde9ee0 -> 0X7f575dde9ee1)
24 microseconds
[2016-10-27 11:16:26]Process 10884 termed with signal 4(SIGILL)
PT_F40-plus_1-150 Test Num : 129
Inject into ../bin/hello
----- Type : plus_1 Pos : PT_F40 -----
There are 1 faults will be injected in faulttable...
101274 microseconds
Fault on PT_F40(0X7fb30aebdee0 -> 0X7fb30aebdee1)
28 microseconds
[2016-10-27 11:16:26]Process 10887 termed with signal 4(SIGILL)
PT_F40-plus_1-150 Test Num : 130
Inject into ../bin/hello
----- Type : plus_1 Pos : PT_F40 -----
There are 1 faults will be injected in faulttable...
101107 microseconds
Fault on PT_F40(0X7feb54842ee0 -> 0X7feb54842ee1)
25 microseconds
[2016-10-27 11:16:26]Process 10890 termed with signal 4(SIGILL)
PT_F40-plus_1-150 Test Num : 131
Inject into ../bin/hello
----- Type : plus_1 Pos : PT_F40 -----
There are 1 faults will be injected in faulttable...
101601 microseconds
Fault on PT_F40(0X7f5763781ee0 -> 0X7f5763781ee1)
25 microseconds
[2016-10-27 11:16:26]Process 10893 termed with signal 4(SIGILL)
PT_F40-plus_1-150 Test Num : 132
Inject into ../bin/hello
----- Type : plus_1 Pos : PT_F40 -----
There are 1 faults will be injected in faulttable...
101090 microseconds
Fault on PT_F40(0X7f7a9e723ee0 -> 0X7f7a9e723ee1)
22 microseconds
[2016-10-27 11:16:26]Process 10896 termed with signal 4(SIGILL)
PT_F40-plus_1-150 Test Num : 133
Inject into ../bin/hello
----- Type : plus_1 Pos : PT_F40 -----
There are 1 faults will be injected in faulttable...
101125 microseconds
Fault on PT_F40(0X7f3f40594ee0 -> 0X7f3f40594ee1)
33 microseconds
[2016-10-27 11:16:26]Process 10899 termed with signal 4(SIGILL)
PT_F40-plus_1-150 Test Num : 134
Inject into ../bin/hello
----- Type : plus_1 Pos : PT_F40 -----
There are 1 faults will be injected in faulttable...
101638 microseconds
Fault on PT_F40(0X7f7cfc4d8ee0 -> 0X7f7cfc4d8ee1)
28 microseconds
[2016-10-27 11:16:27]Process 10902 termed with signal 4(SIGILL)
PT_F40-plus_1-150 Test Num : 135
Inject into ../bin/hello
----- Type : plus_1 Pos : PT_F40 -----
There are 1 faults will be injected in faulttable...
101035 microseconds
Fault on PT_F40(0X7fa702277ee0 -> 0X7fa702277ee1)
27 microseconds
[2016-10-27 11:16:27]Process 10905 termed with signal 4(SIGILL)
PT_F40-plus_1-150 Test Num : 136
Inject into ../bin/hello
----- Type : plus_1 Pos : PT_F40 -----
There are 1 faults will be injected in faulttable...
101380 microseconds
Fault on PT_F40(0X7f1b97bc6ee0 -> 0X7f1b97bc6ee1)
24 microseconds
[2016-10-27 11:16:27]Process 10908 termed with signal 4(SIGILL)
PT_F40-plus_1-150 Test Num : 137
Inject into ../bin/hello
----- Type : plus_1 Pos : PT_F40 -----
There are 1 faults will be injected in faulttable...
101156 microseconds
Fault on PT_F40(0X7fd0754d1ee0 -> 0X7fd0754d1ee1)
35 microseconds
[2016-10-27 11:16:27]Process 10910 termed with signal 4(SIGILL)
PT_F40-plus_1-150 Test Num : 138
Inject into ../bin/hello
----- Type : plus_1 Pos : PT_F40 -----
There are 1 faults will be injected in faulttable...
101252 microseconds
Fault on PT_F40(0X7fac8857dee0 -> 0X7fac8857dee1)
34 microseconds
[2016-10-27 11:16:27]Process 10912 termed with signal 4(SIGILL)
PT_F40-plus_1-150 Test Num : 139
Inject into ../bin/hello
----- Type : plus_1 Pos : PT_F40 -----
There are 1 faults will be injected in faulttable...
101019 microseconds
Fault on PT_F40(0X7f5f5ee10ee0 -> 0X7f5f5ee10ee1)
18 microseconds
[2016-10-27 11:16:27]Process 10914 termed with signal 4(SIGILL)
PT_F40-plus_1-150 Test Num : 140
Inject into ../bin/hello
----- Type : plus_1 Pos : PT_F40 -----
There are 1 faults will be injected in faulttable...
101039 microseconds
Fault on PT_F40(0X7f1ae31f5ee0 -> 0X7f1ae31f5ee1)
29 microseconds
[2016-10-27 11:16:27]Process 10916 termed with signal 4(SIGILL)
PT_F40-plus_1-150 Test Num : 141
Inject into ../bin/hello
----- Type : plus_1 Pos : PT_F40 -----
There are 1 faults will be injected in faulttable...
101237 microseconds
Fault on PT_F40(0X7f6815028ee0 -> 0X7f6815028ee1)
24 microseconds
[2016-10-27 11:16:27]Process 10918 termed with signal 4(SIGILL)
PT_F40-plus_1-150 Test Num : 142
Inject into ../bin/hello
----- Type : plus_1 Pos : PT_F40 -----
There are 1 faults will be injected in faulttable...
101118 microseconds
Fault on PT_F40(0X7ff67c764ee0 -> 0X7ff67c764ee1)
25 microseconds
[2016-10-27 11:16:27]Process 10920 termed with signal 4(SIGILL)
PT_F40-plus_1-150 Test Num : 143
Inject into ../bin/hello
----- Type : plus_1 Pos : PT_F40 -----
There are 1 faults will be injected in faulttable...
101218 microseconds
Fault on PT_F40(0X7f3971569ee0 -> 0X7f3971569ee1)
20 microseconds
[2016-10-27 11:16:28]Process 10922 termed with signal 4(SIGILL)
PT_F40-plus_1-150 Test Num : 144
Inject into ../bin/hello
----- Type : plus_1 Pos : PT_F40 -----
There are 1 faults will be injected in faulttable...
100067 microseconds
Fault on PT_F40(0X7ff450a7aee0 -> 0X7ff450a7aee1)
24 microseconds
[2016-10-27 11:16:28]Process 10924 termed with signal 4(SIGILL)
PT_F40-plus_1-150 Test Num : 145
Inject into ../bin/hello
----- Type : plus_1 Pos : PT_F40 -----
There are 1 faults will be injected in faulttable...
101178 microseconds
Fault on PT_F40(0X7f8c691bdee0 -> 0X7f8c691bdee1)
23 microseconds
[2016-10-27 11:16:28]Process 10926 termed with signal 4(SIGILL)
PT_F40-plus_1-150 Test Num : 146
Inject into ../bin/hello
----- Type : plus_1 Pos : PT_F40 -----
There are 1 faults will be injected in faulttable...
101201 microseconds
Fault on PT_F40(0X7f88dcebdee0 -> 0X7f88dcebdee1)
31 microseconds
[2016-10-27 11:16:28]Process 10928 termed with signal 4(SIGILL)
PT_F40-plus_1-150 Test Num : 147
Inject into ../bin/hello
----- Type : plus_1 Pos : PT_F40 -----
There are 1 faults will be injected in faulttable...
100071 microseconds
Fault on PT_F40(0X7f04f1ea0ee0 -> 0X7f04f1ea0ee1)
31 microseconds
[2016-10-27 11:16:28]Process 10930 termed with signal 4(SIGILL)
PT_F40-plus_1-150 Test Num : 148
Inject into ../bin/hello
----- Type : plus_1 Pos : PT_F40 -----
There are 1 faults will be injected in faulttable...
101077 microseconds
Fault on PT_F40(0X7f00c9c2fee0 -> 0X7f00c9c2fee1)
36 microseconds
[2016-10-27 11:16:28]Process 10932 termed with signal 4(SIGILL)
PT_F40-plus_1-150 Test Num : 149
Inject into ../bin/hello
----- Type : plus_1 Pos : PT_F40 -----
There are 1 faults will be injected in faulttable...
101116 microseconds
Fault on PT_F40(0X7f3cf2921ee0 -> 0X7f3cf2921ee1)
26 microseconds
[2016-10-27 11:16:28]Process 10934 termed with signal 4(SIGILL)
PT_F40-plus_1-150 Test Num : 150
Inject into ../bin/hello
----- Type : plus_1 Pos : PT_F40 -----
There are 1 faults will be injected in faulttable...
101256 microseconds
Fault on PT_F40(0X7f1c123f9ee0 -> 0X7f1c123f9ee1)
30 microseconds
[2016-10-27 11:16:28]Process 10936 termed with signal 4(SIGILL)
