PT_F40-1_bit_flip-150 Test Num : 1
Inject into ../bin/hello
----- Type : 1_bit_flip Pos : PT_F40 -----
There are 1 faults will be injected in faulttable...
100973 microseconds
Fault on PT_F40(0X7f57214e3ee0 -> 0X107f57214e3ee0)
11 microseconds
[ 2016-10-27 11:8:52]Process 7532 termed with signal 11(SIGSEGV)
PT_F40-1_bit_flip-150 Test Num : 2
Inject into ../bin/hello
----- Type : 1_bit_flip Pos : PT_F40 -----
There are 1 faults will be injected in faulttable...
101019 microseconds
Fault on PT_F40(0X7f7eb583cee0 -> 0X2007f7eb583cee0)
19 microseconds
[ 2016-10-27 11:8:53]Process 7534 termed with signal 11(SIGSEGV)
PT_F40-1_bit_flip-150 Test Num : 3
Inject into ../bin/hello
----- Type : 1_bit_flip Pos : PT_F40 -----
There are 1 faults will be injected in faulttable...
101064 microseconds
Fault on PT_F40(0X7f4cf978eee0 -> 0X2007f4cf978eee0)
17 microseconds
[ 2016-10-27 11:8:53]Process 7536 termed with signal 11(SIGSEGV)
PT_F40-1_bit_flip-150 Test Num : 4
Inject into ../bin/hello
----- Type : 1_bit_flip Pos : PT_F40 -----
There are 1 faults will be injected in faulttable...
101065 microseconds
Fault on PT_F40(0X7f173a2caee0 -> 0X2007f173a2caee0)
19 microseconds
[ 2016-10-27 11:8:53]Process 7538 termed with signal 11(SIGSEGV)
PT_F40-1_bit_flip-150 Test Num : 5
Inject into ../bin/hello
----- Type : 1_bit_flip Pos : PT_F40 -----
There are 1 faults will be injected in faulttable...
101611 microseconds
Fault on PT_F40(0X7fa35831dee0 -> 0X2007fa35831dee0)
18 microseconds
[ 2016-10-27 11:8:53]Process 7540 termed with signal 11(SIGSEGV)
PT_F40-1_bit_flip-150 Test Num : 6
Inject into ../bin/hello
----- Type : 1_bit_flip Pos : PT_F40 -----
There are 1 faults will be injected in faulttable...
101113 microseconds
Fault on PT_F40(0X7f188306aee0 -> 0X2007f188306aee0)
14 microseconds
[ 2016-10-27 11:8:53]Process 7542 termed with signal 11(SIGSEGV)
PT_F40-1_bit_flip-150 Test Num : 7
Inject into ../bin/hello
----- Type : 1_bit_flip Pos : PT_F40 -----
There are 1 faults will be injected in faulttable...
101646 microseconds
Fault on PT_F40(0X7f3a41c0fee0 -> 0X2007f3a41c0fee0)
12 microseconds
[ 2016-10-27 11:8:53]Process 7544 termed with signal 11(SIGSEGV)
PT_F40-1_bit_flip-150 Test Num : 8
Inject into ../bin/hello
----- Type : 1_bit_flip Pos : PT_F40 -----
There are 1 faults will be injected in faulttable...
100098 microseconds
Fault on PT_F40(0X7f8563a20ee0 -> 0X2007f8563a20ee0)
35 microseconds
[ 2016-10-27 11:8:53]Process 7546 termed with signal 11(SIGSEGV)
PT_F40-1_bit_flip-150 Test Num : 9
Inject into ../bin/hello
----- Type : 1_bit_flip Pos : PT_F40 -----
There are 1 faults will be injected in faulttable...
101076 microseconds
Fault on PT_F40(0X7f7e10e5dee0 -> 0X2007f7e10e5dee0)
20 microseconds
[ 2016-10-27 11:8:53]Process 7548 termed with signal 11(SIGSEGV)
PT_F40-1_bit_flip-150 Test Num : 10
Inject into ../bin/hello
----- Type : 1_bit_flip Pos : PT_F40 -----
There are 1 faults will be injected in faulttable...
101541 microseconds
Fault on PT_F40(0X7f2da0fafee0 -> 0X2007f2da0fafee0)
20 microseconds
[ 2016-10-27 11:8:53]Process 7550 termed with signal 11(SIGSEGV)
PT_F40-1_bit_flip-150 Test Num : 11
Inject into ../bin/hello
----- Type : 1_bit_flip Pos : PT_F40 -----
There are 1 faults will be injected in faulttable...
101254 microseconds
Fault on PT_F40(0X7f5cfb8ffee0 -> 0X7f5efb8ffee0)
20 microseconds
[ 2016-10-27 11:8:54]Process 7552 termed with signal 11(SIGSEGV)
PT_F40-1_bit_flip-150 Test Num : 12
Inject into ../bin/hello
----- Type : 1_bit_flip Pos : PT_F40 -----
There are 1 faults will be injected in faulttable...
101231 microseconds
Fault on PT_F40(0X7f7181308ee0 -> 0X7f7381308ee0)
20 microseconds
[ 2016-10-27 11:8:54]Process 7554 termed with signal 11(SIGSEGV)
PT_F40-1_bit_flip-150 Test Num : 13
Inject into ../bin/hello
----- Type : 1_bit_flip Pos : PT_F40 -----
There are 1 faults will be injected in faulttable...
100095 microseconds
Fault on PT_F40(0X7f2524b5bee0 -> 0X7f2724b5bee0)
18 microseconds
[ 2016-10-27 11:8:54]Process 7556 termed with signal 11(SIGSEGV)
PT_F40-1_bit_flip-150 Test Num : 14
Inject into ../bin/hello
----- Type : 1_bit_flip Pos : PT_F40 -----
There are 1 faults will be injected in faulttable...
101100 microseconds
Fault on PT_F40(0X7f5612094ee0 -> 0X7f5412094ee0)
20 microseconds
[ 2016-10-27 11:8:54]Process 7558 termed with signal 11(SIGSEGV)
PT_F40-1_bit_flip-150 Test Num : 15
Inject into ../bin/hello
----- Type : 1_bit_flip Pos : PT_F40 -----
There are 1 faults will be injected in faulttable...
101014 microseconds
Fault on PT_F40(0X7ff7d1a93ee0 -> 0X7ff5d1a93ee0)
23 microseconds
[ 2016-10-27 11:8:54]Process 7560 termed with signal 11(SIGSEGV)
PT_F40-1_bit_flip-150 Test Num : 16
Inject into ../bin/hello
----- Type : 1_bit_flip Pos : PT_F40 -----
There are 1 faults will be injected in faulttable...
101049 microseconds
Fault on PT_F40(0X7fcf1a2c3ee0 -> 0X7fcd1a2c3ee0)
14 microseconds
[ 2016-10-27 11:8:54]Process 7562 termed with signal 11(SIGSEGV)
PT_F40-1_bit_flip-150 Test Num : 17
Inject into ../bin/hello
----- Type : 1_bit_flip Pos : PT_F40 -----
There are 1 faults will be injected in faulttable...
101131 microseconds
Fault on PT_F40(0X7f3bae133ee0 -> 0X7f39ae133ee0)
23 microseconds
[ 2016-10-27 11:8:54]Process 7564 termed with signal 11(SIGSEGV)
PT_F40-1_bit_flip-150 Test Num : 18
Inject into ../bin/hello
----- Type : 1_bit_flip Pos : PT_F40 -----
There are 1 faults will be injected in faulttable...
101235 microseconds
Fault on PT_F40(0X7fb98d296ee0 -> 0X7fbb8d296ee0)
19 microseconds
[ 2016-10-27 11:8:54]Process 7566 termed with signal 11(SIGSEGV)
PT_F40-1_bit_flip-150 Test Num : 19
Inject into ../bin/hello
----- Type : 1_bit_flip Pos : PT_F40 -----
There are 1 faults will be injected in faulttable...
100945 microseconds
Fault on PT_F40(0X7f7b5d8ffee0 -> 0X7f795d8ffee0)
19 microseconds
[ 2016-10-27 11:8:54]Process 7568 termed with signal 11(SIGSEGV)
PT_F40-1_bit_flip-150 Test Num : 20
Inject into ../bin/hello
----- Type : 1_bit_flip Pos : PT_F40 -----
There are 1 faults will be injected in faulttable...
101083 microseconds
Fault on PT_F40(0X7f7f9a093ee0 -> 0X2007f7f9a093ee0)
19 microseconds
[ 2016-10-27 11:8:55]Process 7570 termed with signal 11(SIGSEGV)
PT_F40-1_bit_flip-150 Test Num : 21
Inject into ../bin/hello
----- Type : 1_bit_flip Pos : PT_F40 -----
There are 1 faults will be injected in faulttable...
101379 microseconds
Fault on PT_F40(0X7f400abaaee0 -> 0X2007f400abaaee0)
12 microseconds
[ 2016-10-27 11:8:55]Process 7572 termed with signal 11(SIGSEGV)
PT_F40-1_bit_flip-150 Test Num : 22
Inject into ../bin/hello
----- Type : 1_bit_flip Pos : PT_F40 -----
There are 1 faults will be injected in faulttable...
101040 microseconds
Fault on PT_F40(0X7fa5cb5b5ee0 -> 0X2007fa5cb5b5ee0)
16 microseconds
[ 2016-10-27 11:8:55]Process 7574 termed with signal 11(SIGSEGV)
PT_F40-1_bit_flip-150 Test Num : 23
Inject into ../bin/hello
----- Type : 1_bit_flip Pos : PT_F40 -----
There are 1 faults will be injected in faulttable...
100983 microseconds
Fault on PT_F40(0X7f5699e5aee0 -> 0X2007f5699e5aee0)
15 microseconds
[ 2016-10-27 11:8:55]Process 7576 termed with signal 11(SIGSEGV)
PT_F40-1_bit_flip-150 Test Num : 24
Inject into ../bin/hello
----- Type : 1_bit_flip Pos : PT_F40 -----
There are 1 faults will be injected in faulttable...
100068 microseconds
Fault on PT_F40(0X7ff12583fee0 -> 0X2007ff12583fee0)
11 microseconds
[ 2016-10-27 11:8:55]Process 7578 termed with signal 11(SIGSEGV)
PT_F40-1_bit_flip-150 Test Num : 25
Inject into ../bin/hello
----- Type : 1_bit_flip Pos : PT_F40 -----
There are 1 faults will be injected in faulttable...
101093 microseconds
Fault on PT_F40(0X7fb2d5b81ee0 -> 0X2007fb2d5b81ee0)
10 microseconds
[ 2016-10-27 11:8:55]Process 7580 termed with signal 11(SIGSEGV)
PT_F40-1_bit_flip-150 Test Num : 26
Inject into ../bin/hello
----- Type : 1_bit_flip Pos : PT_F40 -----
There are 1 faults will be injected in faulttable...
100957 microseconds
Fault on PT_F40(0X7fa94b081ee0 -> 0X2007fa94b081ee0)
18 microseconds
[ 2016-10-27 11:8:55]Process 7582 termed with signal 11(SIGSEGV)
PT_F40-1_bit_flip-150 Test Num : 27
Inject into ../bin/hello
----- Type : 1_bit_flip Pos : PT_F40 -----
There are 1 faults will be injected in faulttable...
100947 microseconds
Fault on PT_F40(0X7fb185c7dee0 -> 0X2007fb185c7dee0)
15 microseconds
[ 2016-10-27 11:8:55]Process 7584 termed with signal 11(SIGSEGV)
PT_F40-1_bit_flip-150 Test Num : 28
Inject into ../bin/hello
----- Type : 1_bit_flip Pos : PT_F40 -----
There are 1 faults will be injected in faulttable...
101002 microseconds
Fault on PT_F40(0X7f19ea896ee0 -> 0X2007f19ea896ee0)
11 microseconds
[ 2016-10-27 11:8:55]Process 7586 termed with signal 11(SIGSEGV)
PT_F40-1_bit_flip-150 Test Num : 29
Inject into ../bin/hello
----- Type : 1_bit_flip Pos : PT_F40 -----
There are 1 faults will be injected in faulttable...
100979 microseconds
Fault on PT_F40(0X7f5fc180bee0 -> 0X2007f5fc180bee0)
15 microseconds
[ 2016-10-27 11:8:56]Process 7588 termed with signal 11(SIGSEGV)
PT_F40-1_bit_flip-150 Test Num : 30
Inject into ../bin/hello
----- Type : 1_bit_flip Pos : PT_F40 -----
There are 1 faults will be injected in faulttable...
101056 microseconds
Fault on PT_F40(0X7f97be3aeee0 -> 0X2007f97be3aeee0)
13 microseconds
[ 2016-10-27 11:8:56]Process 7590 termed with signal 11(SIGSEGV)
PT_F40-1_bit_flip-150 Test Num : 31
Inject into ../bin/hello
----- Type : 1_bit_flip Pos : PT_F40 -----
There are 1 faults will be injected in faulttable...
101048 microseconds
Fault on PT_F40(0X7f157aaccee0 -> 0X2007f157aaccee0)
11 microseconds
[ 2016-10-27 11:8:56]Process 7592 termed with signal 11(SIGSEGV)
PT_F40-1_bit_flip-150 Test Num : 32
Inject into ../bin/hello
----- Type : 1_bit_flip Pos : PT_F40 -----
There are 1 faults will be injected in faulttable...
100960 microseconds
Fault on PT_F40(0X7f42a560dee0 -> 0X2007f42a560dee0)
12 microseconds
[ 2016-10-27 11:8:56]Process 7594 termed with signal 11(SIGSEGV)
PT_F40-1_bit_flip-150 Test Num : 33
Inject into ../bin/hello
----- Type : 1_bit_flip Pos : PT_F40 -----
There are 1 faults will be injected in faulttable...
100114 microseconds
Fault on PT_F40(0X7f18fdcbcee0 -> 0X2007f18fdcbcee0)
20 microseconds
[ 2016-10-27 11:8:56]Process 7596 termed with signal 11(SIGSEGV)
PT_F40-1_bit_flip-150 Test Num : 34
Inject into ../bin/hello
----- Type : 1_bit_flip Pos : PT_F40 -----
There are 1 faults will be injected in faulttable...
100961 microseconds
Fault on PT_F40(0X7fcfc3687ee0 -> 0X2007fcfc3687ee0)
10 microseconds
[ 2016-10-27 11:8:56]Process 7598 termed with signal 11(SIGSEGV)
PT_F40-1_bit_flip-150 Test Num : 35
Inject into ../bin/hello
----- Type : 1_bit_flip Pos : PT_F40 -----
There are 1 faults will be injected in faulttable...
101016 microseconds
Fault on PT_F40(0X7f2bad3caee0 -> 0X2007f2bad3caee0)
13 microseconds
[ 2016-10-27 11:8:56]Process 7600 termed with signal 11(SIGSEGV)
PT_F40-1_bit_flip-150 Test Num : 36
Inject into ../bin/hello
----- Type : 1_bit_flip Pos : PT_F40 -----
There are 1 faults will be injected in faulttable...
100936 microseconds
Fault on PT_F40(0X7f9057722ee0 -> 0X2007f9057722ee0)
11 microseconds
[ 2016-10-27 11:8:56]Process 7602 termed with signal 11(SIGSEGV)
PT_F40-1_bit_flip-150 Test Num : 37
Inject into ../bin/hello
----- Type : 1_bit_flip Pos : PT_F40 -----
There are 1 faults will be injected in faulttable...
101047 microseconds
Fault on PT_F40(0X7f6853e53ee0 -> 0X2007f6853e53ee0)
10 microseconds
[ 2016-10-27 11:8:56]Process 7604 termed with signal 11(SIGSEGV)
PT_F40-1_bit_flip-150 Test Num : 38
Inject into ../bin/hello
----- Type : 1_bit_flip Pos : PT_F40 -----
There are 1 faults will be injected in faulttable...
101010 microseconds
Fault on PT_F40(0X7fc19bffeee0 -> 0X7fc19bffeef0)
14 microseconds
[ 2016-10-27 11:8:57]Process 7606 termed with signal 11(SIGSEGV)
PT_F40-1_bit_flip-150 Test Num : 39
Inject into ../bin/hello
----- Type : 1_bit_flip Pos : PT_F40 -----
There are 1 faults will be injected in faulttable...
100078 microseconds
Fault on PT_F40(0X7f594886dee0 -> 0X7f594886def0)
12 microseconds
[ 2016-10-27 11:8:57]Process 7608 termed with signal 11(SIGSEGV)
PT_F40-1_bit_flip-150 Test Num : 40
Inject into ../bin/hello
----- Type : 1_bit_flip Pos : PT_F40 -----
There are 1 faults will be injected in faulttable...
101368 microseconds
Fault on PT_F40(0X7fa277e7cee0 -> 0X7fa277e7cef0)
13 microseconds
[ 2016-10-27 11:8:57]Process 7610 termed with signal 11(SIGSEGV)
PT_F40-1_bit_flip-150 Test Num : 41
Inject into ../bin/hello
----- Type : 1_bit_flip Pos : PT_F40 -----
There are 1 faults will be injected in faulttable...
101124 microseconds
Fault on PT_F40(0X7faf2d537ee0 -> 0X7faf2d537ef0)
13 microseconds
[ 2016-10-27 11:8:57]Process 7612 termed with signal 11(SIGSEGV)
PT_F40-1_bit_flip-150 Test Num : 42
Inject into ../bin/hello
----- Type : 1_bit_flip Pos : PT_F40 -----
There are 1 faults will be injected in faulttable...
100975 microseconds
Fault on PT_F40(0X7f51696c7ee0 -> 0X7f51696c7ef0)
17 microseconds
[ 2016-10-27 11:8:57]Process 7614 termed with signal 11(SIGSEGV)
PT_F40-1_bit_flip-150 Test Num : 43
Inject into ../bin/hello
----- Type : 1_bit_flip Pos : PT_F40 -----
There are 1 faults will be injected in faulttable...
101037 microseconds
Fault on PT_F40(0X7f8991eadee0 -> 0X7f8991eadef0)
15 microseconds
[ 2016-10-27 11:8:57]Process 7616 termed with signal 11(SIGSEGV)
PT_F40-1_bit_flip-150 Test Num : 44
Inject into ../bin/hello
----- Type : 1_bit_flip Pos : PT_F40 -----
There are 1 faults will be injected in faulttable...
100999 microseconds
Fault on PT_F40(0X7fab33a19ee0 -> 0X7fab33a19ef0)
17 microseconds
[ 2016-10-27 11:8:57]Process 7618 termed with signal 11(SIGSEGV)
PT_F40-1_bit_flip-150 Test Num : 45
Inject into ../bin/hello
----- Type : 1_bit_flip Pos : PT_F40 -----
There are 1 faults will be injected in faulttable...
100987 microseconds
Fault on PT_F40(0X7fb5a01c1ee0 -> 0X7fb5a01c1ef0)
19 microseconds
[ 2016-10-27 11:8:57]Process 7620 termed with signal 11(SIGSEGV)
PT_F40-1_bit_flip-150 Test Num : 46
Inject into ../bin/hello
----- Type : 1_bit_flip Pos : PT_F40 -----
There are 1 faults will be injected in faulttable...
100075 microseconds
Fault on PT_F40(0X7f612adacee0 -> 0X7f612adacef0)
11 microseconds
[ 2016-10-27 11:8:57]Process 7622 termed with signal 11(SIGSEGV)
PT_F40-1_bit_flip-150 Test Num : 47
Inject into ../bin/hello
----- Type : 1_bit_flip Pos : PT_F40 -----
There are 1 faults will be injected in faulttable...
100220 microseconds
Fault on PT_F40(0X7f6a17373ee0 -> 0X7f6a17373ef0)
12 microseconds
[ 2016-10-27 11:8:57]Process 7624 termed with signal 11(SIGSEGV)
PT_F40-1_bit_flip-150 Test Num : 48
Inject into ../bin/hello
----- Type : 1_bit_flip Pos : PT_F40 -----
There are 1 faults will be injected in faulttable...
100948 microseconds
Fault on PT_F40(0X7f88a26ecee0 -> 0X7f88a26e4ee0)
18 microseconds
[ 2016-10-27 11:8:58]Process 7626 termed with signal 11(SIGSEGV)
PT_F40-1_bit_flip-150 Test Num : 49
Inject into ../bin/hello
----- Type : 1_bit_flip Pos : PT_F40 -----
There are 1 faults will be injected in faulttable...
101004 microseconds
Fault on PT_F40(0X7f907b752ee0 -> 0X7f907b75aee0)
22 microseconds
[ 2016-10-27 11:8:58]Process 7628 termed with signal 11(SIGSEGV)
PT_F40-1_bit_flip-150 Test Num : 50
Inject into ../bin/hello
----- Type : 1_bit_flip Pos : PT_F40 -----
There are 1 faults will be injected in faulttable...
101025 microseconds
Fault on PT_F40(0X7f63d44a3ee0 -> 0X7f63d44abee0)
23 microseconds
[ 2016-10-27 11:8:58]Process 7630 termed with signal 11(SIGSEGV)
PT_F40-1_bit_flip-150 Test Num : 51
Inject into ../bin/hello
----- Type : 1_bit_flip Pos : PT_F40 -----
There are 1 faults will be injected in faulttable...
101832 microseconds
Fault on PT_F40(0X7f4449790ee0 -> 0X7f4449798ee0)
26 microseconds
[ 2016-10-27 11:8:58]Process 7632 termed with signal 11(SIGSEGV)
PT_F40-1_bit_flip-150 Test Num : 52
Inject into ../bin/hello
----- Type : 1_bit_flip Pos : PT_F40 -----
There are 1 faults will be injected in faulttable...
101000 microseconds
Fault on PT_F40(0X7fd70bd7dee0 -> 0X7fd70bd75ee0)
18 microseconds
[ 2016-10-27 11:8:58]Process 7634 termed with signal 11(SIGSEGV)
PT_F40-1_bit_flip-150 Test Num : 53
Inject into ../bin/hello
----- Type : 1_bit_flip Pos : PT_F40 -----
There are 1 faults will be injected in faulttable...
101105 microseconds
Fault on PT_F40(0X7ff816b89ee0 -> 0X7ff816b81ee0)
21 microseconds
[ 2016-10-27 11:8:58]Process 7636 termed with signal 11(SIGSEGV)
PT_F40-1_bit_flip-150 Test Num : 54
Inject into ../bin/hello
----- Type : 1_bit_flip Pos : PT_F40 -----
There are 1 faults will be injected in faulttable...
100988 microseconds
Fault on PT_F40(0X7f5704c05ee0 -> 0X7f5704c0dee0)
21 microseconds
[ 2016-10-27 11:8:58]Process 7638 termed with signal 11(SIGSEGV)
PT_F40-1_bit_flip-150 Test Num : 55
Inject into ../bin/hello
----- Type : 1_bit_flip Pos : PT_F40 -----
There are 1 faults will be injected in faulttable...
100952 microseconds
Fault on PT_F40(0X7f4638ce7ee0 -> 0X7f4638cefee0)
29 microseconds
[ 2016-10-27 11:8:58]Process 7640 termed with signal 11(SIGSEGV)
PT_F40-1_bit_flip-150 Test Num : 56
Inject into ../bin/hello
----- Type : 1_bit_flip Pos : PT_F40 -----
There are 1 faults will be injected in faulttable...
100991 microseconds
Fault on PT_F40(0X7f45b591aee0 -> 0X7f45b5912ee0)
21 microseconds
[ 2016-10-27 11:8:58]Process 7642 termed with signal 11(SIGSEGV)
PT_F40-1_bit_flip-150 Test Num : 57
Inject into ../bin/hello
----- Type : 1_bit_flip Pos : PT_F40 -----
There are 1 faults will be injected in faulttable...
100097 microseconds
Fault on PT_F40(0X7f2e6871fee0 -> 0X8007f2e6871fee0)
17 microseconds
[ 2016-10-27 11:8:59]Process 7644 termed with signal 11(SIGSEGV)
PT_F40-1_bit_flip-150 Test Num : 58
Inject into ../bin/hello
----- Type : 1_bit_flip Pos : PT_F40 -----
There are 1 faults will be injected in faulttable...
101007 microseconds
Fault on PT_F40(0X7f4673a33ee0 -> 0X8007f4673a33ee0)
11 microseconds
[ 2016-10-27 11:8:59]Process 7646 termed with signal 11(SIGSEGV)
PT_F40-1_bit_flip-150 Test Num : 59
Inject into ../bin/hello
----- Type : 1_bit_flip Pos : PT_F40 -----
There are 1 faults will be injected in faulttable...
101036 microseconds
Fault on PT_F40(0X7f9899f58ee0 -> 0X8007f9899f58ee0)
19 microseconds
[ 2016-10-27 11:8:59]Process 7648 termed with signal 11(SIGSEGV)
PT_F40-1_bit_flip-150 Test Num : 60
Inject into ../bin/hello
----- Type : 1_bit_flip Pos : PT_F40 -----
There are 1 faults will be injected in faulttable...
101570 microseconds
Fault on PT_F40(0X7f4e72ab4ee0 -> 0X8007f4e72ab4ee0)
14 microseconds
[ 2016-10-27 11:8:59]Process 7650 termed with signal 11(SIGSEGV)
PT_F40-1_bit_flip-150 Test Num : 61
Inject into ../bin/hello
----- Type : 1_bit_flip Pos : PT_F40 -----
There are 1 faults will be injected in faulttable...
101276 microseconds
Fault on PT_F40(0X7f8563e5dee0 -> 0X8007f8563e5dee0)
50 microseconds
[ 2016-10-27 11:8:59]Process 7652 termed with signal 11(SIGSEGV)
PT_F40-1_bit_flip-150 Test Num : 62
Inject into ../bin/hello
----- Type : 1_bit_flip Pos : PT_F40 -----
There are 1 faults will be injected in faulttable...
101149 microseconds
Fault on PT_F40(0X7ff628d4dee0 -> 0X8007ff628d4dee0)
21 microseconds
[ 2016-10-27 11:8:59]Process 7654 termed with signal 11(SIGSEGV)
PT_F40-1_bit_flip-150 Test Num : 63
Inject into ../bin/hello
----- Type : 1_bit_flip Pos : PT_F40 -----
There are 1 faults will be injected in faulttable...
101330 microseconds
Fault on PT_F40(0X7f4c15112ee0 -> 0X8007f4c15112ee0)
17 microseconds
[ 2016-10-27 11:8:59]Process 7656 termed with signal 11(SIGSEGV)
PT_F40-1_bit_flip-150 Test Num : 64
Inject into ../bin/hello
----- Type : 1_bit_flip Pos : PT_F40 -----
There are 1 faults will be injected in faulttable...
101022 microseconds
Fault on PT_F40(0X7f258e5a6ee0 -> 0X8007f258e5a6ee0)
13 microseconds
[ 2016-10-27 11:8:59]Process 7658 termed with signal 11(SIGSEGV)
PT_F40-1_bit_flip-150 Test Num : 65
Inject into ../bin/hello
----- Type : 1_bit_flip Pos : PT_F40 -----
There are 1 faults will be injected in faulttable...
101111 microseconds
Fault on PT_F40(0X7fcefe41eee0 -> 0X8007fcefe41eee0)
21 microseconds
[ 2016-10-27 11:8:59]Process 7660 termed with signal 11(SIGSEGV)
PT_F40-1_bit_flip-150 Test Num : 66
Inject into ../bin/hello
----- Type : 1_bit_flip Pos : PT_F40 -----
There are 1 faults will be injected in faulttable...
101380 microseconds
Fault on PT_F40(0X7ff74847eee0 -> 0X7ff75847eee0)
13 microseconds
[  2016-10-27 11:9:0]Process 7662 termed with signal 11(SIGSEGV)
PT_F40-1_bit_flip-150 Test Num : 67
Inject into ../bin/hello
----- Type : 1_bit_flip Pos : PT_F40 -----
There are 1 faults will be injected in faulttable...
101089 microseconds
Fault on PT_F40(0X7f24518ffee0 -> 0X7f24418ffee0)
13 microseconds
[  2016-10-27 11:9:0]Process 7664 termed with signal 11(SIGSEGV)
PT_F40-1_bit_flip-150 Test Num : 68
Inject into ../bin/hello
----- Type : 1_bit_flip Pos : PT_F40 -----
There are 1 faults will be injected in faulttable...
101147 microseconds
Fault on PT_F40(0X7fbd28423ee0 -> 0X7fbd38423ee0)
15 microseconds
[  2016-10-27 11:9:0]Process 7666 termed with signal 11(SIGSEGV)
PT_F40-1_bit_flip-150 Test Num : 69
Inject into ../bin/hello
----- Type : 1_bit_flip Pos : PT_F40 -----
There are 1 faults will be injected in faulttable...
100234 microseconds
Fault on PT_F40(0X7fe8f121bee0 -> 0X7fe8e121bee0)
16 microseconds
[  2016-10-27 11:9:0]Process 7668 termed with signal 11(SIGSEGV)
PT_F40-1_bit_flip-150 Test Num : 70
Inject into ../bin/hello
----- Type : 1_bit_flip Pos : PT_F40 -----
There are 1 faults will be injected in faulttable...
100099 microseconds
Fault on PT_F40(0X7fba8a1d2ee0 -> 0X7fba9a1d2ee0)
21 microseconds
[  2016-10-27 11:9:0]Process 7670 termed with signal 11(SIGSEGV)
PT_F40-1_bit_flip-150 Test Num : 71
Inject into ../bin/hello
----- Type : 1_bit_flip Pos : PT_F40 -----
There are 1 faults will be injected in faulttable...
101450 microseconds
Fault on PT_F40(0X7f3aad9f8ee0 -> 0X7f3abd9f8ee0)
20 microseconds
[  2016-10-27 11:9:0]Process 7672 termed with signal 11(SIGSEGV)
PT_F40-1_bit_flip-150 Test Num : 72
Inject into ../bin/hello
----- Type : 1_bit_flip Pos : PT_F40 -----
There are 1 faults will be injected in faulttable...
101141 microseconds
Fault on PT_F40(0X7fca957e9ee0 -> 0X7fca857e9ee0)
23 microseconds
[  2016-10-27 11:9:0]Process 7674 termed with signal 11(SIGSEGV)
PT_F40-1_bit_flip-150 Test Num : 73
Inject into ../bin/hello
----- Type : 1_bit_flip Pos : PT_F40 -----
There are 1 faults will be injected in faulttable...
101517 microseconds
Fault on PT_F40(0X7f4290a8fee0 -> 0X7f4280a8fee0)
15 microseconds
[  2016-10-27 11:9:0]Process 7676 termed with signal 11(SIGSEGV)
PT_F40-1_bit_flip-150 Test Num : 74
Inject into ../bin/hello
----- Type : 1_bit_flip Pos : PT_F40 -----
There are 1 faults will be injected in faulttable...
101205 microseconds
Fault on PT_F40(0X7ff8ff561ee0 -> 0X7ff8ef561ee0)
19 microseconds
[  2016-10-27 11:9:0]Process 7678 termed with signal 11(SIGSEGV)
PT_F40-1_bit_flip-150 Test Num : 75
Inject into ../bin/hello
----- Type : 1_bit_flip Pos : PT_F40 -----
There are 1 faults will be injected in faulttable...
101354 microseconds
Fault on PT_F40(0X7fbe933e8ee0 -> 0X47fbe933e8ee0)
18 microseconds
[  2016-10-27 11:9:1]Process 7680 termed with signal 11(SIGSEGV)
PT_F40-1_bit_flip-150 Test Num : 76
Inject into ../bin/hello
----- Type : 1_bit_flip Pos : PT_F40 -----
There are 1 faults will be injected in faulttable...
101165 microseconds
Fault on PT_F40(0X7f69c15b6ee0 -> 0X47f69c15b6ee0)
16 microseconds
[  2016-10-27 11:9:1]Process 7682 termed with signal 11(SIGSEGV)
PT_F40-1_bit_flip-150 Test Num : 77
Inject into ../bin/hello
----- Type : 1_bit_flip Pos : PT_F40 -----
There are 1 faults will be injected in faulttable...
100124 microseconds
Fault on PT_F40(0X7fc1c1c4eee0 -> 0X47fc1c1c4eee0)
22 microseconds
[  2016-10-27 11:9:1]Process 7684 termed with signal 11(SIGSEGV)
PT_F40-1_bit_flip-150 Test Num : 78
Inject into ../bin/hello
----- Type : 1_bit_flip Pos : PT_F40 -----
There are 1 faults will be injected in faulttable...
101136 microseconds
Fault on PT_F40(0X7f6ab9935ee0 -> 0X47f6ab9935ee0)
17 microseconds
[  2016-10-27 11:9:1]Process 7686 termed with signal 11(SIGSEGV)
PT_F40-1_bit_flip-150 Test Num : 79
Inject into ../bin/hello
----- Type : 1_bit_flip Pos : PT_F40 -----
There are 1 faults will be injected in faulttable...
101955 microseconds
Fault on PT_F40(0X7f6316e1aee0 -> 0X47f6316e1aee0)
19 microseconds
[  2016-10-27 11:9:1]Process 7688 termed with signal 11(SIGSEGV)
PT_F40-1_bit_flip-150 Test Num : 80
Inject into ../bin/hello
----- Type : 1_bit_flip Pos : PT_F40 -----
There are 1 faults will be injected in faulttable...
101588 microseconds
Fault on PT_F40(0X7f7498bc1ee0 -> 0X47f7498bc1ee0)
19 microseconds
[  2016-10-27 11:9:1]Process 7690 termed with signal 11(SIGSEGV)
PT_F40-1_bit_flip-150 Test Num : 81
Inject into ../bin/hello
----- Type : 1_bit_flip Pos : PT_F40 -----
There are 1 faults will be injected in faulttable...
100064 microseconds
Fault on PT_F40(0X7f0ebe861ee0 -> 0X47f0ebe861ee0)
12 microseconds
[  2016-10-27 11:9:1]Process 7692 termed with signal 11(SIGSEGV)
PT_F40-1_bit_flip-150 Test Num : 82
Inject into ../bin/hello
----- Type : 1_bit_flip Pos : PT_F40 -----
There are 1 faults will be injected in faulttable...
100104 microseconds
Fault on PT_F40(0X7fc3a2327ee0 -> 0X47fc3a2327ee0)
22 microseconds
[  2016-10-27 11:9:1]Process 7694 termed with signal 11(SIGSEGV)
PT_F40-1_bit_flip-150 Test Num : 83
Inject into ../bin/hello
----- Type : 1_bit_flip Pos : PT_F40 -----
There are 1 faults will be injected in faulttable...
101088 microseconds
Fault on PT_F40(0X7f190ac1aee0 -> 0X47f190ac1aee0)
13 microseconds
[  2016-10-27 11:9:1]Process 7696 termed with signal 11(SIGSEGV)
PT_F40-1_bit_flip-150 Test Num : 84
Inject into ../bin/hello
----- Type : 1_bit_flip Pos : PT_F40 -----
There are 1 faults will be injected in faulttable...
101030 microseconds
Fault on PT_F40(0X7f2be1a5eee0 -> 0X3f2be1a5eee0)
15 microseconds
[  2016-10-27 11:9:2]Process 7698 termed with signal 11(SIGSEGV)
PT_F40-1_bit_flip-150 Test Num : 85
Inject into ../bin/hello
----- Type : 1_bit_flip Pos : PT_F40 -----
There are 1 faults will be injected in faulttable...
100997 microseconds
Fault on PT_F40(0X7f2199c16ee0 -> 0X3f2199c16ee0)
13 microseconds
[  2016-10-27 11:9:2]Process 7700 termed with signal 11(SIGSEGV)
PT_F40-1_bit_flip-150 Test Num : 86
Inject into ../bin/hello
----- Type : 1_bit_flip Pos : PT_F40 -----
There are 1 faults will be injected in faulttable...
100295 microseconds
Fault on PT_F40(0X7fd4e585cee0 -> 0X3fd4e585cee0)
22 microseconds
[  2016-10-27 11:9:2]Process 7702 termed with signal 11(SIGSEGV)
PT_F40-1_bit_flip-150 Test Num : 87
Inject into ../bin/hello
----- Type : 1_bit_flip Pos : PT_F40 -----
There are 1 faults will be injected in faulttable...
101054 microseconds
Fault on PT_F40(0X7f9e6aef7ee0 -> 0X3f9e6aef7ee0)
13 microseconds
[  2016-10-27 11:9:2]Process 7704 termed with signal 11(SIGSEGV)
PT_F40-1_bit_flip-150 Test Num : 88
Inject into ../bin/hello
----- Type : 1_bit_flip Pos : PT_F40 -----
There are 1 faults will be injected in faulttable...
101489 microseconds
Fault on PT_F40(0X7f2ee9800ee0 -> 0X3f2ee9800ee0)
12 microseconds
[  2016-10-27 11:9:2]Process 7706 termed with signal 11(SIGSEGV)
PT_F40-1_bit_flip-150 Test Num : 89
Inject into ../bin/hello
----- Type : 1_bit_flip Pos : PT_F40 -----
There are 1 faults will be injected in faulttable...
101106 microseconds
Fault on PT_F40(0X7f185d67eee0 -> 0X3f185d67eee0)
15 microseconds
[  2016-10-27 11:9:2]Process 7708 termed with signal 11(SIGSEGV)
PT_F40-1_bit_flip-150 Test Num : 90
Inject into ../bin/hello
----- Type : 1_bit_flip Pos : PT_F40 -----
There are 1 faults will be injected in faulttable...
101408 microseconds
Fault on PT_F40(0X7f8c41d25ee0 -> 0X3f8c41d25ee0)
12 microseconds
[  2016-10-27 11:9:2]Process 7710 termed with signal 11(SIGSEGV)
PT_F40-1_bit_flip-150 Test Num : 91
Inject into ../bin/hello
----- Type : 1_bit_flip Pos : PT_F40 -----
There are 1 faults will be injected in faulttable...
100985 microseconds
Fault on PT_F40(0X7f356bc0dee0 -> 0X3f356bc0dee0)
12 microseconds
[  2016-10-27 11:9:2]Process 7712 termed with signal 11(SIGSEGV)
PT_F40-1_bit_flip-150 Test Num : 92
Inject into ../bin/hello
----- Type : 1_bit_flip Pos : PT_F40 -----
There are 1 faults will be injected in faulttable...
101002 microseconds
Fault on PT_F40(0X7fbccd52cee0 -> 0X3fbccd52cee0)
22 microseconds
[  2016-10-27 11:9:2]Process 7714 termed with signal 11(SIGSEGV)
PT_F40-1_bit_flip-150 Test Num : 93
Inject into ../bin/hello
----- Type : 1_bit_flip Pos : PT_F40 -----
There are 1 faults will be injected in faulttable...
101380 microseconds
Fault on PT_F40(0X7f8deb4a5ee0 -> 0X2007f8deb4a5ee0)
15 microseconds
[  2016-10-27 11:9:3]Process 7716 termed with signal 11(SIGSEGV)
PT_F40-1_bit_flip-150 Test Num : 94
Inject into ../bin/hello
----- Type : 1_bit_flip Pos : PT_F40 -----
There are 1 faults will be injected in faulttable...
101302 microseconds
Fault on PT_F40(0X7f006c91fee0 -> 0X2007f006c91fee0)
17 microseconds
[  2016-10-27 11:9:3]Process 7718 termed with signal 11(SIGSEGV)
PT_F40-1_bit_flip-150 Test Num : 95
Inject into ../bin/hello
----- Type : 1_bit_flip Pos : PT_F40 -----
There are 1 faults will be injected in faulttable...
100103 microseconds
Fault on PT_F40(0X7fa023c05ee0 -> 0X2007fa023c05ee0)
19 microseconds
[  2016-10-27 11:9:3]Process 7720 termed with signal 11(SIGSEGV)
PT_F40-1_bit_flip-150 Test Num : 96
Inject into ../bin/hello
----- Type : 1_bit_flip Pos : PT_F40 -----
There are 1 faults will be injected in faulttable...
101112 microseconds
Fault on PT_F40(0X7fecabe54ee0 -> 0X2007fecabe54ee0)
14 microseconds
[  2016-10-27 11:9:3]Process 7722 termed with signal 11(SIGSEGV)
PT_F40-1_bit_flip-150 Test Num : 97
Inject into ../bin/hello
----- Type : 1_bit_flip Pos : PT_F40 -----
There are 1 faults will be injected in faulttable...
101068 microseconds
Fault on PT_F40(0X7fcf3e60bee0 -> 0X2007fcf3e60bee0)
15 microseconds
[  2016-10-27 11:9:3]Process 7724 termed with signal 11(SIGSEGV)
PT_F40-1_bit_flip-150 Test Num : 98
Inject into ../bin/hello
----- Type : 1_bit_flip Pos : PT_F40 -----
There are 1 faults will be injected in faulttable...
100928 microseconds
Fault on PT_F40(0X7f6acd439ee0 -> 0X2007f6acd439ee0)
9 microseconds
[  2016-10-27 11:9:3]Process 7730 termed with signal 11(SIGSEGV)
PT_F40-1_bit_flip-150 Test Num : 99
Inject into ../bin/hello
----- Type : 1_bit_flip Pos : PT_F40 -----
There are 1 faults will be injected in faulttable...
101120 microseconds
Fault on PT_F40(0X7f493474bee0 -> 0X2007f493474bee0)
10 microseconds
[  2016-10-27 11:9:3]Process 7732 termed with signal 11(SIGSEGV)
PT_F40-1_bit_flip-150 Test Num : 100
Inject into ../bin/hello
----- Type : 1_bit_flip Pos : PT_F40 -----
There are 1 faults will be injected in faulttable...
101168 microseconds
Fault on PT_F40(0X7f3ecbe42ee0 -> 0X2007f3ecbe42ee0)
17 microseconds
[  2016-10-27 11:9:3]Process 7734 termed with signal 11(SIGSEGV)
PT_F40-1_bit_flip-150 Test Num : 101
Inject into ../bin/hello
----- Type : 1_bit_flip Pos : PT_F40 -----
There are 1 faults will be injected in faulttable...
101044 microseconds
Fault on PT_F40(0X7f1450d96ee0 -> 0X2007f1450d96ee0)
12 microseconds
[  2016-10-27 11:9:3]Process 7736 termed with signal 11(SIGSEGV)
PT_F40-1_bit_flip-150 Test Num : 102
Inject into ../bin/hello
----- Type : 1_bit_flip Pos : PT_F40 -----
There are 1 faults will be injected in faulttable...
101507 microseconds
Fault on PT_F40(0X7f2246989ee0 -> 0X7f2246988ee0)
87 microseconds
[  2016-10-27 11:9:4]Process 7738 termed with signal 4(SIGILL)
PT_F40-1_bit_flip-150 Test Num : 103
Inject into ../bin/hello
----- Type : 1_bit_flip Pos : PT_F40 -----
There are 1 faults will be injected in faulttable...
100080 microseconds
Fault on PT_F40(0X7eff84c1fee0 -> 0X7eff84c1eee0)
25 microseconds
[  2016-10-27 11:9:4]Process 7740 termed with signal 4(SIGILL)
PT_F40-1_bit_flip-150 Test Num : 104
Inject into ../bin/hello
----- Type : 1_bit_flip Pos : PT_F40 -----
There are 1 faults will be injected in faulttable...
100948 microseconds
Fault on PT_F40(0X7f1ff4209ee0 -> 0X7f1ff4208ee0)
23 microseconds
[  2016-10-27 11:9:4]Process 7742 termed with signal 4(SIGILL)
PT_F40-1_bit_flip-150 Test Num : 105
Inject into ../bin/hello
----- Type : 1_bit_flip Pos : PT_F40 -----
There are 1 faults will be injected in faulttable...
101023 microseconds
Fault on PT_F40(0X7fb0dc4bdee0 -> 0X7fb0dc4bcee0)
27 microseconds
[  2016-10-27 11:9:4]Process 7744 termed with signal 4(SIGILL)
PT_F40-1_bit_flip-150 Test Num : 106
Inject into ../bin/hello
----- Type : 1_bit_flip Pos : PT_F40 -----
There are 1 faults will be injected in faulttable...
100971 microseconds
Fault on PT_F40(0X7fd34d8e8ee0 -> 0X7fd34d8e9ee0)
28 microseconds
[  2016-10-27 11:9:4]Process 7746 termed with signal 4(SIGILL)
PT_F40-1_bit_flip-150 Test Num : 107
Inject into ../bin/hello
----- Type : 1_bit_flip Pos : PT_F40 -----
There are 1 faults will be injected in faulttable...
101318 microseconds
Fault on PT_F40(0X7faec14f9ee0 -> 0X7faec14f8ee0)
24 microseconds
[  2016-10-27 11:9:4]Process 7748 termed with signal 4(SIGILL)
PT_F40-1_bit_flip-150 Test Num : 108
Inject into ../bin/hello
----- Type : 1_bit_flip Pos : PT_F40 -----
There are 1 faults will be injected in faulttable...
100985 microseconds
Fault on PT_F40(0X7fcaaeedaee0 -> 0X7fcaaeedbee0)
30 microseconds
[  2016-10-27 11:9:4]Process 7750 termed with signal 4(SIGILL)
PT_F40-1_bit_flip-150 Test Num : 109
Inject into ../bin/hello
----- Type : 1_bit_flip Pos : PT_F40 -----
There are 1 faults will be injected in faulttable...
100250 microseconds
Fault on PT_F40(0X7fe498b53ee0 -> 0X7fe498b52ee0)
23 microseconds
[  2016-10-27 11:9:4]Process 7752 termed with signal 4(SIGILL)
PT_F40-1_bit_flip-150 Test Num : 110
Inject into ../bin/hello
----- Type : 1_bit_flip Pos : PT_F40 -----
There are 1 faults will be injected in faulttable...
100931 microseconds
Fault on PT_F40(0X7f85fcb31ee0 -> 0X7f85fcb30ee0)
24 microseconds
[  2016-10-27 11:9:4]Process 7754 termed with signal 4(SIGILL)
PT_F40-1_bit_flip-150 Test Num : 111
Inject into ../bin/hello
----- Type : 1_bit_flip Pos : PT_F40 -----
There are 1 faults will be injected in faulttable...
100898 microseconds
Fault on PT_F40(0X7f6c6a0d4ee0 -> 0X7f6c6a0d5ee0)
22 microseconds
[  2016-10-27 11:9:4]Process 7756 termed with signal 4(SIGILL)
PT_F40-1_bit_flip-150 Test Num : 112
Inject into ../bin/hello
----- Type : 1_bit_flip Pos : PT_F40 -----
There are 1 faults will be injected in faulttable...
100942 microseconds
Fault on PT_F40(0X7fea76a04ee0 -> 0X107fea76a04ee0)
14 microseconds
[  2016-10-27 11:9:5]Process 7758 termed with signal 11(SIGSEGV)
PT_F40-1_bit_flip-150 Test Num : 113
Inject into ../bin/hello
----- Type : 1_bit_flip Pos : PT_F40 -----
There are 1 faults will be injected in faulttable...
101042 microseconds
Fault on PT_F40(0X7efe774cdee0 -> 0X107efe774cdee0)
16 microseconds
[  2016-10-27 11:9:5]Process 7760 termed with signal 11(SIGSEGV)
PT_F40-1_bit_flip-150 Test Num : 114
Inject into ../bin/hello
----- Type : 1_bit_flip Pos : PT_F40 -----
There are 1 faults will be injected in faulttable...
100930 microseconds
Fault on PT_F40(0X7f3f177cfee0 -> 0X107f3f177cfee0)
16 microseconds
[  2016-10-27 11:9:5]Process 7762 termed with signal 11(SIGSEGV)
PT_F40-1_bit_flip-150 Test Num : 115
Inject into ../bin/hello
----- Type : 1_bit_flip Pos : PT_F40 -----
There are 1 faults will be injected in faulttable...
100290 microseconds
Fault on PT_F40(0X7fb7cb1d7ee0 -> 0X107fb7cb1d7ee0)
17 microseconds
[  2016-10-27 11:9:5]Process 7764 termed with signal 11(SIGSEGV)
PT_F40-1_bit_flip-150 Test Num : 116
Inject into ../bin/hello
----- Type : 1_bit_flip Pos : PT_F40 -----
There are 1 faults will be injected in faulttable...
100077 microseconds
Fault on PT_F40(0X7f4e20ab8ee0 -> 0X107f4e20ab8ee0)
18 microseconds
[  2016-10-27 11:9:5]Process 7766 termed with signal 11(SIGSEGV)
PT_F40-1_bit_flip-150 Test Num : 117
Inject into ../bin/hello
----- Type : 1_bit_flip Pos : PT_F40 -----
There are 1 faults will be injected in faulttable...
101233 microseconds
Fault on PT_F40(0X7fe323487ee0 -> 0X107fe323487ee0)
19 microseconds
[  2016-10-27 11:9:5]Process 7768 termed with signal 11(SIGSEGV)
PT_F40-1_bit_flip-150 Test Num : 118
Inject into ../bin/hello
----- Type : 1_bit_flip Pos : PT_F40 -----
There are 1 faults will be injected in faulttable...
101129 microseconds
Fault on PT_F40(0X7f604aeecee0 -> 0X107f604aeecee0)
19 microseconds
[  2016-10-27 11:9:5]Process 7770 termed with signal 11(SIGSEGV)
PT_F40-1_bit_flip-150 Test Num : 119
Inject into ../bin/hello
----- Type : 1_bit_flip Pos : PT_F40 -----
There are 1 faults will be injected in faulttable...
101050 microseconds
Fault on PT_F40(0X7fdc381b0ee0 -> 0X107fdc381b0ee0)
18 microseconds
[  2016-10-27 11:9:5]Process 7772 termed with signal 11(SIGSEGV)
PT_F40-1_bit_flip-150 Test Num : 120
Inject into ../bin/hello
----- Type : 1_bit_flip Pos : PT_F40 -----
There are 1 faults will be injected in faulttable...
101235 microseconds
Fault on PT_F40(0X7fb191d87ee0 -> 0X107fb191d87ee0)
18 microseconds
[  2016-10-27 11:9:5]Process 7774 termed with signal 11(SIGSEGV)
PT_F40-1_bit_flip-150 Test Num : 121
Inject into ../bin/hello
----- Type : 1_bit_flip Pos : PT_F40 -----
There are 1 faults will be injected in faulttable...
101197 microseconds
Fault on PT_F40(0X7ff17c399ee0 -> 0X7ff17c319ee0)
29 microseconds
[  2016-10-27 11:9:6]Process 7776 termed with signal 11(SIGSEGV)
PT_F40-1_bit_flip-150 Test Num : 122
Inject into ../bin/hello
----- Type : 1_bit_flip Pos : PT_F40 -----
There are 1 faults will be injected in faulttable...
101085 microseconds
Fault on PT_F40(0X7f12a2c63ee0 -> 0X7f12a2ce3ee0)
3000098 microseconds
timeout
[  2016-10-27 11:9:9]Process 7778 termed with signal 14(SIGALRM)
PT_F40-1_bit_flip-150 Test Num : 123
Inject into ../bin/hello
----- Type : 1_bit_flip Pos : PT_F40 -----
There are 1 faults will be injected in faulttable...
100949 microseconds
Fault on PT_F40(0X7f59f559eee0 -> 0X7f59f55beee0)
32 microseconds
[  2016-10-27 11:9:9]Process 7801 termed with signal 11(SIGSEGV)
PT_F40-1_bit_flip-150 Test Num : 124
Inject into ../bin/hello
----- Type : 1_bit_flip Pos : PT_F40 -----
There are 1 faults will be injected in faulttable...
101058 microseconds
Fault on PT_F40(0X7f44a404cee0 -> 0X7f44a406cee0)
19 microseconds
[  2016-10-27 11:9:9]Process 7803 termed with signal 11(SIGSEGV)
PT_F40-1_bit_flip-150 Test Num : 125
Inject into ../bin/hello
----- Type : 1_bit_flip Pos : PT_F40 -----
There are 1 faults will be injected in faulttable...
101091 microseconds
Fault on PT_F40(0X7f75a14e3ee0 -> 0X7f75a14c3ee0)
21 microseconds
[  2016-10-27 11:9:9]Process 7805 termed with signal 11(SIGSEGV)
PT_F40-1_bit_flip-150 Test Num : 126
Inject into ../bin/hello
----- Type : 1_bit_flip Pos : PT_F40 -----
There are 1 faults will be injected in faulttable...
100995 microseconds
Fault on PT_F40(0X7fe77a74fee0 -> 0X7fe77a76fee0)
26 microseconds
[  2016-10-27 11:9:9]Process 7807 termed with signal 11(SIGSEGV)
PT_F40-1_bit_flip-150 Test Num : 127
Inject into ../bin/hello
----- Type : 1_bit_flip Pos : PT_F40 -----
There are 1 faults will be injected in faulttable...
100899 microseconds
Fault on PT_F40(0X7fdba42beee0 -> 0X7fdba429eee0)
75 microseconds
[  2016-10-27 11:9:9]Process 7809 termed with signal 11(SIGSEGV)
PT_F40-1_bit_flip-150 Test Num : 128
Inject into ../bin/hello
----- Type : 1_bit_flip Pos : PT_F40 -----
There are 1 faults will be injected in faulttable...
101011 microseconds
Fault on PT_F40(0X7fc51a2bdee0 -> 0X7fc51a29dee0)
29 microseconds
[  2016-10-27 11:9:9]Process 7815 termed with signal 11(SIGSEGV)
PT_F40-1_bit_flip-150 Test Num : 129
Inject into ../bin/hello
----- Type : 1_bit_flip Pos : PT_F40 -----
There are 1 faults will be injected in faulttable...
100903 microseconds
Fault on PT_F40(0X7f74a52b9ee0 -> 0X7f74a5299ee0)
24 microseconds
[  2016-10-27 11:9:9]Process 7820 termed with signal 11(SIGSEGV)
PT_F40-1_bit_flip-150 Test Num : 130
Inject into ../bin/hello
----- Type : 1_bit_flip Pos : PT_F40 -----
There are 1 faults will be injected in faulttable...
101027 microseconds
Fault on PT_F40(0X7fcb71844ee0 -> 0X7fcb71845ee0)
28 microseconds
[ 2016-10-27 11:9:10]Process 7822 termed with signal 4(SIGILL)
PT_F40-1_bit_flip-150 Test Num : 131
Inject into ../bin/hello
----- Type : 1_bit_flip Pos : PT_F40 -----
There are 1 faults will be injected in faulttable...
101031 microseconds
Fault on PT_F40(0X7ff1bf570ee0 -> 0X7ff1bf571ee0)
18 microseconds
[ 2016-10-27 11:9:10]Process 7824 termed with signal 4(SIGILL)
PT_F40-1_bit_flip-150 Test Num : 132
Inject into ../bin/hello
----- Type : 1_bit_flip Pos : PT_F40 -----
There are 1 faults will be injected in faulttable...
101178 microseconds
Fault on PT_F40(0X7f3c75193ee0 -> 0X7f3c75192ee0)
34 microseconds
[ 2016-10-27 11:9:10]Process 7826 termed with signal 4(SIGILL)
PT_F40-1_bit_flip-150 Test Num : 133
Inject into ../bin/hello
----- Type : 1_bit_flip Pos : PT_F40 -----
There are 1 faults will be injected in faulttable...
100103 microseconds
Fault on PT_F40(0X7f9967cabee0 -> 0X7f9967caaee0)
37 microseconds
[ 2016-10-27 11:9:10]Process 7828 termed with signal 4(SIGILL)
PT_F40-1_bit_flip-150 Test Num : 134
Inject into ../bin/hello
----- Type : 1_bit_flip Pos : PT_F40 -----
There are 1 faults will be injected in faulttable...
101043 microseconds
Fault on PT_F40(0X7f674af05ee0 -> 0X7f674af04ee0)
38 microseconds
[ 2016-10-27 11:9:10]Process 7830 termed with signal 4(SIGILL)
PT_F40-1_bit_flip-150 Test Num : 135
Inject into ../bin/hello
----- Type : 1_bit_flip Pos : PT_F40 -----
There are 1 faults will be injected in faulttable...
101107 microseconds
Fault on PT_F40(0X7f484cfbeee0 -> 0X7f484cfbfee0)
24 microseconds
[ 2016-10-27 11:9:10]Process 7839 termed with signal 4(SIGILL)
PT_F40-1_bit_flip-150 Test Num : 136
Inject into ../bin/hello
----- Type : 1_bit_flip Pos : PT_F40 -----
There are 1 faults will be injected in faulttable...
100098 microseconds
Fault on PT_F40(0X7f0367efcee0 -> 0X7f0367efdee0)
32 microseconds
[ 2016-10-27 11:9:10]Process 7841 termed with signal 4(SIGILL)
PT_F40-1_bit_flip-150 Test Num : 137
Inject into ../bin/hello
----- Type : 1_bit_flip Pos : PT_F40 -----
There are 1 faults will be injected in faulttable...
101652 microseconds
Fault on PT_F40(0X7f31dbd19ee0 -> 0X7f31dbd18ee0)
43 microseconds
[ 2016-10-27 11:9:10]Process 7843 termed with signal 4(SIGILL)
PT_F40-1_bit_flip-150 Test Num : 138
Inject into ../bin/hello
----- Type : 1_bit_flip Pos : PT_F40 -----
There are 1 faults will be injected in faulttable...
101232 microseconds
Fault on PT_F40(0X7f0ad8414ee0 -> 0X7f0ad8415ee0)
34 microseconds
[ 2016-10-27 11:9:10]Process 7845 termed with signal 4(SIGILL)
PT_F40-1_bit_flip-150 Test Num : 139
Inject into ../bin/hello
----- Type : 1_bit_flip Pos : PT_F40 -----
There are 1 faults will be injected in faulttable...
101130 microseconds
Fault on PT_F40(0X7f46fdc85ee0 -> 0X807f46fdc85ee0)
19 microseconds
[ 2016-10-27 11:9:11]Process 7847 termed with signal 11(SIGSEGV)
PT_F40-1_bit_flip-150 Test Num : 140
Inject into ../bin/hello
----- Type : 1_bit_flip Pos : PT_F40 -----
There are 1 faults will be injected in faulttable...
100127 microseconds
Fault on PT_F40(0X7fb0ee2a3ee0 -> 0X807fb0ee2a3ee0)
20 microseconds
[ 2016-10-27 11:9:11]Process 7856 termed with signal 11(SIGSEGV)
PT_F40-1_bit_flip-150 Test Num : 141
Inject into ../bin/hello
----- Type : 1_bit_flip Pos : PT_F40 -----
There are 1 faults will be injected in faulttable...
101237 microseconds
Fault on PT_F40(0X7fe202bebee0 -> 0X807fe202bebee0)
15 microseconds
[ 2016-10-27 11:9:11]Process 7858 termed with signal 11(SIGSEGV)
PT_F40-1_bit_flip-150 Test Num : 142
Inject into ../bin/hello
----- Type : 1_bit_flip Pos : PT_F40 -----
There are 1 faults will be injected in faulttable...
101364 microseconds
Fault on PT_F40(0X7f31f9ea2ee0 -> 0X807f31f9ea2ee0)
21 microseconds
[ 2016-10-27 11:9:11]Process 7860 termed with signal 11(SIGSEGV)
PT_F40-1_bit_flip-150 Test Num : 143
Inject into ../bin/hello
----- Type : 1_bit_flip Pos : PT_F40 -----
There are 1 faults will be injected in faulttable...
101188 microseconds
Fault on PT_F40(0X7f00a1fc9ee0 -> 0X807f00a1fc9ee0)
15 microseconds
[ 2016-10-27 11:9:11]Process 7862 termed with signal 11(SIGSEGV)
PT_F40-1_bit_flip-150 Test Num : 144
Inject into ../bin/hello
----- Type : 1_bit_flip Pos : PT_F40 -----
There are 1 faults will be injected in faulttable...
101028 microseconds
Fault on PT_F40(0X7f6a837d9ee0 -> 0X807f6a837d9ee0)
12 microseconds
[ 2016-10-27 11:9:11]Process 7864 termed with signal 11(SIGSEGV)
PT_F40-1_bit_flip-150 Test Num : 145
Inject into ../bin/hello
----- Type : 1_bit_flip Pos : PT_F40 -----
There are 1 faults will be injected in faulttable...
101147 microseconds
Fault on PT_F40(0X7fc779e28ee0 -> 0X807fc779e28ee0)
17 microseconds
[ 2016-10-27 11:9:11]Process 7873 termed with signal 11(SIGSEGV)
PT_F40-1_bit_flip-150 Test Num : 146
Inject into ../bin/hello
----- Type : 1_bit_flip Pos : PT_F40 -----
There are 1 faults will be injected in faulttable...
101248 microseconds
Fault on PT_F40(0X7f79ca65cee0 -> 0X807f79ca65cee0)
19 microseconds
[ 2016-10-27 11:9:11]Process 7875 termed with signal 11(SIGSEGV)
PT_F40-1_bit_flip-150 Test Num : 147
Inject into ../bin/hello
----- Type : 1_bit_flip Pos : PT_F40 -----
There are 1 faults will be injected in faulttable...
101565 microseconds
Fault on PT_F40(0X7f9ad8d9cee0 -> 0X807f9ad8d9cee0)
21 microseconds
[ 2016-10-27 11:9:11]Process 7877 termed with signal 11(SIGSEGV)
PT_F40-1_bit_flip-150 Test Num : 148
Inject into ../bin/hello
----- Type : 1_bit_flip Pos : PT_F40 -----
There are 1 faults will be injected in faulttable...
101601 microseconds
Fault on PT_F40(0X7fcddea7aee0 -> 0X7fcddea7aef0)
19 microseconds
[ 2016-10-27 11:9:12]Process 7879 termed with signal 11(SIGSEGV)
PT_F40-1_bit_flip-150 Test Num : 149
Inject into ../bin/hello
----- Type : 1_bit_flip Pos : PT_F40 -----
There are 1 faults will be injected in faulttable...
101471 microseconds
Fault on PT_F40(0X7f79bd6dcee0 -> 0X7f79bd6dcef0)
20 microseconds
[ 2016-10-27 11:9:12]Process 7881 termed with signal 11(SIGSEGV)
PT_F40-1_bit_flip-150 Test Num : 150
Inject into ../bin/hello
----- Type : 1_bit_flip Pos : PT_F40 -----
There are 1 faults will be injected in faulttable...
101503 microseconds
Fault on PT_F40(0X7f0c0f180ee0 -> 0X7f0c0f180ef0)
14 microseconds
[ 2016-10-27 11:9:12]Process 7890 termed with signal 11(SIGSEGV)
