PT_F40-plus_3-150 Test Num : 1
Inject into ../bin/hello
----- Type : plus_3 Pos : PT_F40 -----
There are 1 faults will be injected in faulttable...
101167 microseconds
Fault on PT_F40(0X7f01194bbee0 -> 0X7f01194bbee3)
3000076 microseconds
timeout
[2016-10-27 11:24:19]Process 11511 termed with signal 14(SIGALRM)
PT_F40-plus_3-150 Test Num : 2
Inject into ../bin/hello
----- Type : plus_3 Pos : PT_F40 -----
There are 1 faults will be injected in faulttable...
100901 microseconds
Fault on PT_F40(0X7f3657795ee0 -> 0X7f3657795ee3)
3000107 microseconds
timeout
[2016-10-27 11:24:22]Process 11514 termed with signal 14(SIGALRM)
PT_F40-plus_3-150 Test Num : 3
Inject into ../bin/hello
----- Type : plus_3 Pos : PT_F40 -----
There are 1 faults will be injected in faulttable...
100116 microseconds
Fault on PT_F40(0X7fe636942ee0 -> 0X7fe636942ee3)
3000082 microseconds
timeout
[2016-10-27 11:24:25]Process 11516 termed with signal 14(SIGALRM)
PT_F40-plus_3-150 Test Num : 4
Inject into ../bin/hello
----- Type : plus_3 Pos : PT_F40 -----
There are 1 faults will be injected in faulttable...
101282 microseconds
Fault on PT_F40(0X7ff237843ee0 -> 0X7ff237843ee3)
3000062 microseconds
timeout
[2016-10-27 11:24:28]Process 11527 termed with signal 14(SIGALRM)
PT_F40-plus_3-150 Test Num : 5
Inject into ../bin/hello
----- Type : plus_3 Pos : PT_F40 -----
There are 1 faults will be injected in faulttable...
100089 microseconds
Fault on PT_F40(0X7fdf36f6fee0 -> 0X7fdf36f6fee3)
3000084 microseconds
timeout
[2016-10-27 11:24:31]Process 11555 termed with signal 14(SIGALRM)
PT_F40-plus_3-150 Test Num : 6
Inject into ../bin/hello
----- Type : plus_3 Pos : PT_F40 -----
There are 1 faults will be injected in faulttable...
101393 microseconds
Fault on PT_F40(0X7f0a4d948ee0 -> 0X7f0a4d948ee3)
3000072 microseconds
timeout
[2016-10-27 11:24:34]Process 11574 termed with signal 14(SIGALRM)
PT_F40-plus_3-150 Test Num : 7
Inject into ../bin/hello
----- Type : plus_3 Pos : PT_F40 -----
There are 1 faults will be injected in faulttable...
101111 microseconds
Fault on PT_F40(0X7f6f39705ee0 -> 0X7f6f39705ee3)
3000110 microseconds
timeout
[2016-10-27 11:24:37]Process 11585 termed with signal 14(SIGALRM)
PT_F40-plus_3-150 Test Num : 8
Inject into ../bin/hello
----- Type : plus_3 Pos : PT_F40 -----
There are 1 faults will be injected in faulttable...
100263 microseconds
Fault on PT_F40(0X7f8bde3cdee0 -> 0X7f8bde3cdee3)
3000130 microseconds
timeout
[2016-10-27 11:24:40]Process 11595 termed with signal 14(SIGALRM)
PT_F40-plus_3-150 Test Num : 9
Inject into ../bin/hello
----- Type : plus_3 Pos : PT_F40 -----
There are 1 faults will be injected in faulttable...
101042 microseconds
Fault on PT_F40(0X7fefdf716ee0 -> 0X7fefdf716ee3)
3000076 microseconds
timeout
[2016-10-27 11:24:43]Process 11598 termed with signal 14(SIGALRM)
PT_F40-plus_3-150 Test Num : 10
Inject into ../bin/hello
----- Type : plus_3 Pos : PT_F40 -----
There are 1 faults will be injected in faulttable...
101128 microseconds
Fault on PT_F40(0X7ff65c608ee0 -> 0X7ff65c608ee3)
3000179 microseconds
timeout
[2016-10-27 11:24:47]Process 11600 termed with signal 14(SIGALRM)
PT_F40-plus_3-150 Test Num : 11
Inject into ../bin/hello
----- Type : plus_3 Pos : PT_F40 -----
There are 1 faults will be injected in faulttable...
101047 microseconds
Fault on PT_F40(0X7f6525f84ee0 -> 0X7f6525f84ee3)
3000173 microseconds
timeout
[2016-10-27 11:24:50]Process 11603 termed with signal 14(SIGALRM)
PT_F40-plus_3-150 Test Num : 12
Inject into ../bin/hello
----- Type : plus_3 Pos : PT_F40 -----
There are 1 faults will be injected in faulttable...
101153 microseconds
Fault on PT_F40(0X7fed79bc6ee0 -> 0X7fed79bc6ee3)
3000102 microseconds
timeout
[2016-10-27 11:24:53]Process 11605 termed with signal 14(SIGALRM)
PT_F40-plus_3-150 Test Num : 13
Inject into ../bin/hello
----- Type : plus_3 Pos : PT_F40 -----
There are 1 faults will be injected in faulttable...
101172 microseconds
Fault on PT_F40(0X7f59e83cbee0 -> 0X7f59e83cbee3)
3000135 microseconds
timeout
[2016-10-27 11:24:56]Process 11607 termed with signal 14(SIGALRM)
PT_F40-plus_3-150 Test Num : 14
Inject into ../bin/hello
----- Type : plus_3 Pos : PT_F40 -----
There are 1 faults will be injected in faulttable...
101154 microseconds
Fault on PT_F40(0X7fae1ff78ee0 -> 0X7fae1ff78ee3)
3000060 microseconds
timeout
[2016-10-27 11:24:59]Process 11610 termed with signal 14(SIGALRM)
PT_F40-plus_3-150 Test Num : 15
Inject into ../bin/hello
----- Type : plus_3 Pos : PT_F40 -----
There are 1 faults will be injected in faulttable...
101108 microseconds
Fault on PT_F40(0X7f7140afaee0 -> 0X7f7140afaee3)
3000075 microseconds
timeout
[ 2016-10-27 11:25:2]Process 11612 termed with signal 14(SIGALRM)
PT_F40-plus_3-150 Test Num : 16
Inject into ../bin/hello
----- Type : plus_3 Pos : PT_F40 -----
There are 1 faults will be injected in faulttable...
101023 microseconds
Fault on PT_F40(0X7f29ac3b3ee0 -> 0X7f29ac3b3ee3)
3000060 microseconds
timeout
[ 2016-10-27 11:25:5]Process 11615 termed with signal 14(SIGALRM)
PT_F40-plus_3-150 Test Num : 17
Inject into ../bin/hello
----- Type : plus_3 Pos : PT_F40 -----
There are 1 faults will be injected in faulttable...
101123 microseconds
Fault on PT_F40(0X7f3d0fcf8ee0 -> 0X7f3d0fcf8ee3)
3000148 microseconds
timeout
[ 2016-10-27 11:25:8]Process 11617 termed with signal 14(SIGALRM)
PT_F40-plus_3-150 Test Num : 18
Inject into ../bin/hello
----- Type : plus_3 Pos : PT_F40 -----
There are 1 faults will be injected in faulttable...
101036 microseconds
Fault on PT_F40(0X7fd4eefe9ee0 -> 0X7fd4eefe9ee3)
3000064 microseconds
timeout
[2016-10-27 11:25:11]Process 11619 termed with signal 14(SIGALRM)
PT_F40-plus_3-150 Test Num : 19
Inject into ../bin/hello
----- Type : plus_3 Pos : PT_F40 -----
There are 1 faults will be injected in faulttable...
101088 microseconds
Fault on PT_F40(0X7f4bcd58bee0 -> 0X7f4bcd58bee3)
3000119 microseconds
timeout
[2016-10-27 11:25:15]Process 11622 termed with signal 14(SIGALRM)
PT_F40-plus_3-150 Test Num : 20
Inject into ../bin/hello
----- Type : plus_3 Pos : PT_F40 -----
There are 1 faults will be injected in faulttable...
101040 microseconds
Fault on PT_F40(0X7f368ae9cee0 -> 0X7f368ae9cee3)
3000142 microseconds
timeout
[2016-10-27 11:25:18]Process 11624 termed with signal 14(SIGALRM)
PT_F40-plus_3-150 Test Num : 21
Inject into ../bin/hello
----- Type : plus_3 Pos : PT_F40 -----
There are 1 faults will be injected in faulttable...
101171 microseconds
Fault on PT_F40(0X7f3c00776ee0 -> 0X7f3c00776ee3)
3000123 microseconds
timeout
[2016-10-27 11:25:21]Process 11627 termed with signal 14(SIGALRM)
PT_F40-plus_3-150 Test Num : 22
Inject into ../bin/hello
----- Type : plus_3 Pos : PT_F40 -----
There are 1 faults will be injected in faulttable...
101302 microseconds
Fault on PT_F40(0X7f94fc593ee0 -> 0X7f94fc593ee3)
3000080 microseconds
timeout
[2016-10-27 11:25:24]Process 11629 termed with signal 14(SIGALRM)
PT_F40-plus_3-150 Test Num : 23
Inject into ../bin/hello
----- Type : plus_3 Pos : PT_F40 -----
There are 1 faults will be injected in faulttable...
101159 microseconds
Fault on PT_F40(0X7f3726520ee0 -> 0X7f3726520ee3)
3000132 microseconds
timeout
[2016-10-27 11:25:27]Process 11631 termed with signal 14(SIGALRM)
PT_F40-plus_3-150 Test Num : 24
Inject into ../bin/hello
----- Type : plus_3 Pos : PT_F40 -----
There are 1 faults will be injected in faulttable...
101166 microseconds
Fault on PT_F40(0X7f257f28cee0 -> 0X7f257f28cee3)
3000243 microseconds
timeout
[2016-10-27 11:25:30]Process 11634 termed with signal 14(SIGALRM)
PT_F40-plus_3-150 Test Num : 25
Inject into ../bin/hello
----- Type : plus_3 Pos : PT_F40 -----
There are 1 faults will be injected in faulttable...
101097 microseconds
Fault on PT_F40(0X7f7c81257ee0 -> 0X7f7c81257ee3)
3000129 microseconds
timeout
[2016-10-27 11:25:33]Process 11636 termed with signal 14(SIGALRM)
PT_F40-plus_3-150 Test Num : 26
Inject into ../bin/hello
----- Type : plus_3 Pos : PT_F40 -----
There are 1 faults will be injected in faulttable...
101167 microseconds
Fault on PT_F40(0X7f5179f4cee0 -> 0X7f5179f4cee3)
3000123 microseconds
timeout
[2016-10-27 11:25:36]Process 11639 termed with signal 14(SIGALRM)
PT_F40-plus_3-150 Test Num : 27
Inject into ../bin/hello
----- Type : plus_3 Pos : PT_F40 -----
There are 1 faults will be injected in faulttable...
101472 microseconds
Fault on PT_F40(0X7f8928a4fee0 -> 0X7f8928a4fee3)
3000062 microseconds
timeout
[2016-10-27 11:25:39]Process 11641 termed with signal 14(SIGALRM)
PT_F40-plus_3-150 Test Num : 28
Inject into ../bin/hello
----- Type : plus_3 Pos : PT_F40 -----
There are 1 faults will be injected in faulttable...
101070 microseconds
Fault on PT_F40(0X7fd561834ee0 -> 0X7fd561834ee3)
3000105 microseconds
timeout
[2016-10-27 11:25:43]Process 11643 termed with signal 14(SIGALRM)
PT_F40-plus_3-150 Test Num : 29
Inject into ../bin/hello
----- Type : plus_3 Pos : PT_F40 -----
There are 1 faults will be injected in faulttable...
100935 microseconds
Fault on PT_F40(0X7fa9964c8ee0 -> 0X7fa9964c8ee3)
3000053 microseconds
timeout
[2016-10-27 11:25:46]Process 11646 termed with signal 14(SIGALRM)
PT_F40-plus_3-150 Test Num : 30
Inject into ../bin/hello
----- Type : plus_3 Pos : PT_F40 -----
There are 1 faults will be injected in faulttable...
101096 microseconds
Fault on PT_F40(0X7fa713f18ee0 -> 0X7fa713f18ee3)
3000122 microseconds
timeout
[2016-10-27 11:25:49]Process 11648 termed with signal 14(SIGALRM)
PT_F40-plus_3-150 Test Num : 31
Inject into ../bin/hello
----- Type : plus_3 Pos : PT_F40 -----
There are 1 faults will be injected in faulttable...
101102 microseconds
Fault on PT_F40(0X7ff65a7d7ee0 -> 0X7ff65a7d7ee3)
3000087 microseconds
timeout
[2016-10-27 11:25:52]Process 11651 termed with signal 14(SIGALRM)
PT_F40-plus_3-150 Test Num : 32
Inject into ../bin/hello
----- Type : plus_3 Pos : PT_F40 -----
There are 1 faults will be injected in faulttable...
100945 microseconds
Fault on PT_F40(0X7f6fa0df1ee0 -> 0X7f6fa0df1ee3)
3000071 microseconds
timeout
[2016-10-27 11:25:55]Process 11653 termed with signal 14(SIGALRM)
PT_F40-plus_3-150 Test Num : 33
Inject into ../bin/hello
----- Type : plus_3 Pos : PT_F40 -----
There are 1 faults will be injected in faulttable...
101039 microseconds
Fault on PT_F40(0X7f3e4e81bee0 -> 0X7f3e4e81bee3)
3000101 microseconds
timeout
[2016-10-27 11:25:58]Process 11655 termed with signal 14(SIGALRM)
PT_F40-plus_3-150 Test Num : 34
Inject into ../bin/hello
----- Type : plus_3 Pos : PT_F40 -----
There are 1 faults will be injected in faulttable...
101723 microseconds
Fault on PT_F40(0X7f2e0d7e1ee0 -> 0X7f2e0d7e1ee3)
3000090 microseconds
timeout
[ 2016-10-27 11:26:1]Process 11658 termed with signal 14(SIGALRM)
PT_F40-plus_3-150 Test Num : 35
Inject into ../bin/hello
----- Type : plus_3 Pos : PT_F40 -----
There are 1 faults will be injected in faulttable...
101340 microseconds
Fault on PT_F40(0X7f47ae184ee0 -> 0X7f47ae184ee3)
3000101 microseconds
timeout
[ 2016-10-27 11:26:4]Process 11660 termed with signal 14(SIGALRM)
PT_F40-plus_3-150 Test Num : 36
Inject into ../bin/hello
----- Type : plus_3 Pos : PT_F40 -----
There are 1 faults will be injected in faulttable...
100950 microseconds
Fault on PT_F40(0X7fdeb6654ee0 -> 0X7fdeb6654ee3)
3000165 microseconds
timeout
[ 2016-10-27 11:26:7]Process 11663 termed with signal 14(SIGALRM)
PT_F40-plus_3-150 Test Num : 37
Inject into ../bin/hello
----- Type : plus_3 Pos : PT_F40 -----
There are 1 faults will be injected in faulttable...
101411 microseconds
Fault on PT_F40(0X7f0445434ee0 -> 0X7f0445434ee3)
3000096 microseconds
timeout
[2016-10-27 11:26:11]Process 11665 termed with signal 14(SIGALRM)
PT_F40-plus_3-150 Test Num : 38
Inject into ../bin/hello
----- Type : plus_3 Pos : PT_F40 -----
There are 1 faults will be injected in faulttable...
101124 microseconds
Fault on PT_F40(0X7f16bc10eee0 -> 0X7f16bc10eee3)
3000122 microseconds
timeout
[2016-10-27 11:26:14]Process 11667 termed with signal 14(SIGALRM)
PT_F40-plus_3-150 Test Num : 39
Inject into ../bin/hello
----- Type : plus_3 Pos : PT_F40 -----
There are 1 faults will be injected in faulttable...
101444 microseconds
Fault on PT_F40(0X7fa0cc064ee0 -> 0X7fa0cc064ee3)
3000092 microseconds
timeout
[2016-10-27 11:26:17]Process 11670 termed with signal 14(SIGALRM)
PT_F40-plus_3-150 Test Num : 40
Inject into ../bin/hello
----- Type : plus_3 Pos : PT_F40 -----
There are 1 faults will be injected in faulttable...
101218 microseconds
Fault on PT_F40(0X7fb0b4506ee0 -> 0X7fb0b4506ee3)
3000102 microseconds
timeout
[2016-10-27 11:26:20]Process 11672 termed with signal 14(SIGALRM)
PT_F40-plus_3-150 Test Num : 41
Inject into ../bin/hello
----- Type : plus_3 Pos : PT_F40 -----
There are 1 faults will be injected in faulttable...
100089 microseconds
Fault on PT_F40(0X7fa2ff980ee0 -> 0X7fa2ff980ee3)
3000089 microseconds
timeout
[2016-10-27 11:26:23]Process 11693 termed with signal 14(SIGALRM)
PT_F40-plus_3-150 Test Num : 42
Inject into ../bin/hello
----- Type : plus_3 Pos : PT_F40 -----
There are 1 faults will be injected in faulttable...
101103 microseconds
Fault on PT_F40(0X7f687454eee0 -> 0X7f687454eee3)
3000124 microseconds
timeout
[2016-10-27 11:26:26]Process 11737 termed with signal 14(SIGALRM)
PT_F40-plus_3-150 Test Num : 43
Inject into ../bin/hello
----- Type : plus_3 Pos : PT_F40 -----
There are 1 faults will be injected in faulttable...
101019 microseconds
Fault on PT_F40(0X7ff0a2038ee0 -> 0X7ff0a2038ee3)
3000108 microseconds
timeout
[2016-10-27 11:26:29]Process 11816 termed with signal 14(SIGALRM)
PT_F40-plus_3-150 Test Num : 44
Inject into ../bin/hello
----- Type : plus_3 Pos : PT_F40 -----
There are 1 faults will be injected in faulttable...
101485 microseconds
Fault on PT_F40(0X7ff53ca4dee0 -> 0X7ff53ca4dee3)
3000076 microseconds
timeout
[2016-10-27 11:26:32]Process 11819 termed with signal 14(SIGALRM)
PT_F40-plus_3-150 Test Num : 45
Inject into ../bin/hello
----- Type : plus_3 Pos : PT_F40 -----
There are 1 faults will be injected in faulttable...
101624 microseconds
Fault on PT_F40(0X7f05c24d7ee0 -> 0X7f05c24d7ee3)
3000071 microseconds
timeout
[2016-10-27 11:26:35]Process 11821 termed with signal 14(SIGALRM)
PT_F40-plus_3-150 Test Num : 46
Inject into ../bin/hello
----- Type : plus_3 Pos : PT_F40 -----
There are 1 faults will be injected in faulttable...
101090 microseconds
Fault on PT_F40(0X7f854390aee0 -> 0X7f854390aee3)
3000140 microseconds
timeout
[2016-10-27 11:26:39]Process 11823 termed with signal 14(SIGALRM)
PT_F40-plus_3-150 Test Num : 47
Inject into ../bin/hello
----- Type : plus_3 Pos : PT_F40 -----
There are 1 faults will be injected in faulttable...
101043 microseconds
Fault on PT_F40(0X7efccc801ee0 -> 0X7efccc801ee3)
3000151 microseconds
timeout
[2016-10-27 11:26:42]Process 11826 termed with signal 14(SIGALRM)
PT_F40-plus_3-150 Test Num : 48
Inject into ../bin/hello
----- Type : plus_3 Pos : PT_F40 -----
There are 1 faults will be injected in faulttable...
100086 microseconds
Fault on PT_F40(0X7f6d48ae0ee0 -> 0X7f6d48ae0ee3)
3000063 microseconds
timeout
[2016-10-27 11:26:45]Process 11828 termed with signal 14(SIGALRM)
PT_F40-plus_3-150 Test Num : 49
Inject into ../bin/hello
----- Type : plus_3 Pos : PT_F40 -----
There are 1 faults will be injected in faulttable...
101108 microseconds
Fault on PT_F40(0X7f945150dee0 -> 0X7f945150dee3)
3000124 microseconds
timeout
[2016-10-27 11:26:48]Process 11831 termed with signal 14(SIGALRM)
PT_F40-plus_3-150 Test Num : 50
Inject into ../bin/hello
----- Type : plus_3 Pos : PT_F40 -----
There are 1 faults will be injected in faulttable...
101125 microseconds
Fault on PT_F40(0X7f52df69cee0 -> 0X7f52df69cee3)
3000152 microseconds
timeout
[2016-10-27 11:26:51]Process 11833 termed with signal 14(SIGALRM)
PT_F40-plus_3-150 Test Num : 51
Inject into ../bin/hello
----- Type : plus_3 Pos : PT_F40 -----
There are 1 faults will be injected in faulttable...
101498 microseconds
Fault on PT_F40(0X7f878569dee0 -> 0X7f878569dee3)
3000103 microseconds
timeout
[2016-10-27 11:26:54]Process 11835 termed with signal 14(SIGALRM)
PT_F40-plus_3-150 Test Num : 52
Inject into ../bin/hello
----- Type : plus_3 Pos : PT_F40 -----
There are 1 faults will be injected in faulttable...
101001 microseconds
Fault on PT_F40(0X7f0aa5420ee0 -> 0X7f0aa5420ee3)
3000131 microseconds
timeout
[2016-10-27 11:26:57]Process 11837 termed with signal 14(SIGALRM)
PT_F40-plus_3-150 Test Num : 53
Inject into ../bin/hello
----- Type : plus_3 Pos : PT_F40 -----
There are 1 faults will be injected in faulttable...
101032 microseconds
Fault on PT_F40(0X7fe45a866ee0 -> 0X7fe45a866ee3)
3000094 microseconds
timeout
[ 2016-10-27 11:27:0]Process 11839 termed with signal 14(SIGALRM)
PT_F40-plus_3-150 Test Num : 54
Inject into ../bin/hello
----- Type : plus_3 Pos : PT_F40 -----
There are 1 faults will be injected in faulttable...
101013 microseconds
Fault on PT_F40(0X7f3290203ee0 -> 0X7f3290203ee3)
3000109 microseconds
timeout
[ 2016-10-27 11:27:3]Process 11841 termed with signal 14(SIGALRM)
PT_F40-plus_3-150 Test Num : 55
Inject into ../bin/hello
----- Type : plus_3 Pos : PT_F40 -----
There are 1 faults will be injected in faulttable...
100127 microseconds
Fault on PT_F40(0X7f7dbe5c4ee0 -> 0X7f7dbe5c4ee3)
3000085 microseconds
timeout
[ 2016-10-27 11:27:7]Process 11843 termed with signal 14(SIGALRM)
PT_F40-plus_3-150 Test Num : 56
Inject into ../bin/hello
----- Type : plus_3 Pos : PT_F40 -----
There are 1 faults will be injected in faulttable...
101308 microseconds
Fault on PT_F40(0X7f261065fee0 -> 0X7f261065fee3)
3000061 microseconds
timeout
[2016-10-27 11:27:10]Process 11845 termed with signal 14(SIGALRM)
PT_F40-plus_3-150 Test Num : 57
Inject into ../bin/hello
----- Type : plus_3 Pos : PT_F40 -----
There are 1 faults will be injected in faulttable...
100996 microseconds
Fault on PT_F40(0X7fb0f4438ee0 -> 0X7fb0f4438ee3)
3000101 microseconds
timeout
[2016-10-27 11:27:13]Process 11847 termed with signal 14(SIGALRM)
PT_F40-plus_3-150 Test Num : 58
Inject into ../bin/hello
----- Type : plus_3 Pos : PT_F40 -----
There are 1 faults will be injected in faulttable...
100087 microseconds
Fault on PT_F40(0X7fe341e63ee0 -> 0X7fe341e63ee3)
3000118 microseconds
timeout
[2016-10-27 11:27:16]Process 11849 termed with signal 14(SIGALRM)
PT_F40-plus_3-150 Test Num : 59
Inject into ../bin/hello
----- Type : plus_3 Pos : PT_F40 -----
There are 1 faults will be injected in faulttable...
101371 microseconds
Fault on PT_F40(0X7fb5cda06ee0 -> 0X7fb5cda06ee3)
3000050 microseconds
timeout
[2016-10-27 11:27:19]Process 11851 termed with signal 14(SIGALRM)
PT_F40-plus_3-150 Test Num : 60
Inject into ../bin/hello
----- Type : plus_3 Pos : PT_F40 -----
There are 1 faults will be injected in faulttable...
101047 microseconds
Fault on PT_F40(0X7fe15ed47ee0 -> 0X7fe15ed47ee3)
3000142 microseconds
timeout
[2016-10-27 11:27:22]Process 11853 termed with signal 14(SIGALRM)
PT_F40-plus_3-150 Test Num : 61
Inject into ../bin/hello
----- Type : plus_3 Pos : PT_F40 -----
There are 1 faults will be injected in faulttable...
101456 microseconds
Fault on PT_F40(0X7f73b9ee2ee0 -> 0X7f73b9ee2ee3)
3000078 microseconds
timeout
[2016-10-27 11:27:25]Process 11855 termed with signal 14(SIGALRM)
PT_F40-plus_3-150 Test Num : 62
Inject into ../bin/hello
----- Type : plus_3 Pos : PT_F40 -----
There are 1 faults will be injected in faulttable...
101148 microseconds
Fault on PT_F40(0X7f4ff664fee0 -> 0X7f4ff664fee3)
3000065 microseconds
timeout
[2016-10-27 11:27:28]Process 11857 termed with signal 14(SIGALRM)
PT_F40-plus_3-150 Test Num : 63
Inject into ../bin/hello
----- Type : plus_3 Pos : PT_F40 -----
There are 1 faults will be injected in faulttable...
101016 microseconds
Fault on PT_F40(0X7f1e571eaee0 -> 0X7f1e571eaee3)
3000058 microseconds
timeout
[2016-10-27 11:27:31]Process 11859 termed with signal 14(SIGALRM)
PT_F40-plus_3-150 Test Num : 64
Inject into ../bin/hello
----- Type : plus_3 Pos : PT_F40 -----
There are 1 faults will be injected in faulttable...
101176 microseconds
Fault on PT_F40(0X7f26a73c9ee0 -> 0X7f26a73c9ee3)
3000070 microseconds
timeout
[2016-10-27 11:27:35]Process 11861 termed with signal 14(SIGALRM)
PT_F40-plus_3-150 Test Num : 65
Inject into ../bin/hello
----- Type : plus_3 Pos : PT_F40 -----
There are 1 faults will be injected in faulttable...
101090 microseconds
Fault on PT_F40(0X7f076be57ee0 -> 0X7f076be57ee3)
3000142 microseconds
timeout
[2016-10-27 11:27:38]Process 11863 termed with signal 14(SIGALRM)
PT_F40-plus_3-150 Test Num : 66
Inject into ../bin/hello
----- Type : plus_3 Pos : PT_F40 -----
There are 1 faults will be injected in faulttable...
100170 microseconds
Fault on PT_F40(0X7f58c850dee0 -> 0X7f58c850dee3)
3000063 microseconds
timeout
[2016-10-27 11:27:41]Process 11865 termed with signal 14(SIGALRM)
PT_F40-plus_3-150 Test Num : 67
Inject into ../bin/hello
----- Type : plus_3 Pos : PT_F40 -----
There are 1 faults will be injected in faulttable...
100074 microseconds
Fault on PT_F40(0X7ff7ca954ee0 -> 0X7ff7ca954ee3)
3000079 microseconds
timeout
[2016-10-27 11:27:44]Process 11874 termed with signal 14(SIGALRM)
PT_F40-plus_3-150 Test Num : 68
Inject into ../bin/hello
----- Type : plus_3 Pos : PT_F40 -----
There are 1 faults will be injected in faulttable...
101125 microseconds
Fault on PT_F40(0X7f436dd7bee0 -> 0X7f436dd7bee3)
3000087 microseconds
timeout
[2016-10-27 11:27:47]Process 11876 termed with signal 14(SIGALRM)
PT_F40-plus_3-150 Test Num : 69
Inject into ../bin/hello
----- Type : plus_3 Pos : PT_F40 -----
There are 1 faults will be injected in faulttable...
101134 microseconds
Fault on PT_F40(0X7f71494a2ee0 -> 0X7f71494a2ee3)
3000073 microseconds
timeout
[2016-10-27 11:27:50]Process 11885 termed with signal 14(SIGALRM)
PT_F40-plus_3-150 Test Num : 70
Inject into ../bin/hello
----- Type : plus_3 Pos : PT_F40 -----
There are 1 faults will be injected in faulttable...
100229 microseconds
Fault on PT_F40(0X7fb15d1eaee0 -> 0X7fb15d1eaee3)
3000089 microseconds
timeout
[2016-10-27 11:27:53]Process 11887 termed with signal 14(SIGALRM)
PT_F40-plus_3-150 Test Num : 71
Inject into ../bin/hello
----- Type : plus_3 Pos : PT_F40 -----
There are 1 faults will be injected in faulttable...
101482 microseconds
Fault on PT_F40(0X7f6336021ee0 -> 0X7f6336021ee3)
3000085 microseconds
timeout
[2016-10-27 11:27:56]Process 11889 termed with signal 14(SIGALRM)
PT_F40-plus_3-150 Test Num : 72
Inject into ../bin/hello
----- Type : plus_3 Pos : PT_F40 -----
There are 1 faults will be injected in faulttable...
100104 microseconds
Fault on PT_F40(0X7ff691184ee0 -> 0X7ff691184ee3)
3000076 microseconds
timeout
[2016-10-27 11:27:59]Process 11891 termed with signal 14(SIGALRM)
PT_F40-plus_3-150 Test Num : 73
Inject into ../bin/hello
----- Type : plus_3 Pos : PT_F40 -----
There are 1 faults will be injected in faulttable...
100104 microseconds
Fault on PT_F40(0X7f769f5b6ee0 -> 0X7f769f5b6ee3)
3000074 microseconds
timeout
[ 2016-10-27 11:28:3]Process 11893 termed with signal 14(SIGALRM)
PT_F40-plus_3-150 Test Num : 74
Inject into ../bin/hello
----- Type : plus_3 Pos : PT_F40 -----
There are 1 faults will be injected in faulttable...
101043 microseconds
Fault on PT_F40(0X7f77fd9b7ee0 -> 0X7f77fd9b7ee3)
3000156 microseconds
timeout
[ 2016-10-27 11:28:6]Process 11895 termed with signal 14(SIGALRM)
PT_F40-plus_3-150 Test Num : 75
Inject into ../bin/hello
----- Type : plus_3 Pos : PT_F40 -----
There are 1 faults will be injected in faulttable...
101183 microseconds
Fault on PT_F40(0X7f86d9766ee0 -> 0X7f86d9766ee3)
3000146 microseconds
timeout
[ 2016-10-27 11:28:9]Process 11897 termed with signal 14(SIGALRM)
PT_F40-plus_3-150 Test Num : 76
Inject into ../bin/hello
----- Type : plus_3 Pos : PT_F40 -----
There are 1 faults will be injected in faulttable...
101179 microseconds
Fault on PT_F40(0X7f6ff1953ee0 -> 0X7f6ff1953ee3)
3000087 microseconds
timeout
[2016-10-27 11:28:12]Process 11899 termed with signal 14(SIGALRM)
PT_F40-plus_3-150 Test Num : 77
Inject into ../bin/hello
----- Type : plus_3 Pos : PT_F40 -----
There are 1 faults will be injected in faulttable...
101023 microseconds
Fault on PT_F40(0X7fb195f81ee0 -> 0X7fb195f81ee3)
3000107 microseconds
timeout
[2016-10-27 11:28:15]Process 11901 termed with signal 14(SIGALRM)
PT_F40-plus_3-150 Test Num : 78
Inject into ../bin/hello
----- Type : plus_3 Pos : PT_F40 -----
There are 1 faults will be injected in faulttable...
101227 microseconds
Fault on PT_F40(0X7f48feb06ee0 -> 0X7f48feb06ee3)
3000161 microseconds
timeout
[2016-10-27 11:28:18]Process 11907 termed with signal 14(SIGALRM)
PT_F40-plus_3-150 Test Num : 79
Inject into ../bin/hello
----- Type : plus_3 Pos : PT_F40 -----
There are 1 faults will be injected in faulttable...
101161 microseconds
Fault on PT_F40(0X7ff47b48cee0 -> 0X7ff47b48cee3)
3000179 microseconds
timeout
[2016-10-27 11:28:21]Process 11923 termed with signal 14(SIGALRM)
PT_F40-plus_3-150 Test Num : 80
Inject into ../bin/hello
----- Type : plus_3 Pos : PT_F40 -----
There are 1 faults will be injected in faulttable...
101424 microseconds
Fault on PT_F40(0X7f4cb8200ee0 -> 0X7f4cb8200ee3)
3000142 microseconds
timeout
[2016-10-27 11:28:24]Process 11925 termed with signal 14(SIGALRM)
PT_F40-plus_3-150 Test Num : 81
Inject into ../bin/hello
----- Type : plus_3 Pos : PT_F40 -----
There are 1 faults will be injected in faulttable...
101078 microseconds
Fault on PT_F40(0X7fa6d2e79ee0 -> 0X7fa6d2e79ee3)
3000075 microseconds
timeout
[2016-10-27 11:28:27]Process 11927 termed with signal 14(SIGALRM)
PT_F40-plus_3-150 Test Num : 82
Inject into ../bin/hello
----- Type : plus_3 Pos : PT_F40 -----
There are 1 faults will be injected in faulttable...
101030 microseconds
Fault on PT_F40(0X7f6442e8bee0 -> 0X7f6442e8bee3)
3000143 microseconds
timeout
[2016-10-27 11:28:31]Process 11947 termed with signal 14(SIGALRM)
PT_F40-plus_3-150 Test Num : 83
Inject into ../bin/hello
----- Type : plus_3 Pos : PT_F40 -----
There are 1 faults will be injected in faulttable...
100089 microseconds
Fault on PT_F40(0X7f60fc87fee0 -> 0X7f60fc87fee3)
3000073 microseconds
timeout
[2016-10-27 11:28:34]Process 11956 termed with signal 14(SIGALRM)
PT_F40-plus_3-150 Test Num : 84
Inject into ../bin/hello
----- Type : plus_3 Pos : PT_F40 -----
There are 1 faults will be injected in faulttable...
101120 microseconds
Fault on PT_F40(0X7f9e08c41ee0 -> 0X7f9e08c41ee3)
3000100 microseconds
timeout
[2016-10-27 11:28:37]Process 11958 termed with signal 14(SIGALRM)
PT_F40-plus_3-150 Test Num : 85
Inject into ../bin/hello
----- Type : plus_3 Pos : PT_F40 -----
There are 1 faults will be injected in faulttable...
101033 microseconds
Fault on PT_F40(0X7f6e505e6ee0 -> 0X7f6e505e6ee3)
3000138 microseconds
timeout
[2016-10-27 11:28:40]Process 11960 termed with signal 14(SIGALRM)
PT_F40-plus_3-150 Test Num : 86
Inject into ../bin/hello
----- Type : plus_3 Pos : PT_F40 -----
There are 1 faults will be injected in faulttable...
101204 microseconds
Fault on PT_F40(0X7f7bd6c68ee0 -> 0X7f7bd6c68ee3)
3000136 microseconds
timeout
[2016-10-27 11:28:43]Process 11962 termed with signal 14(SIGALRM)
PT_F40-plus_3-150 Test Num : 87
Inject into ../bin/hello
----- Type : plus_3 Pos : PT_F40 -----
There are 1 faults will be injected in faulttable...
101550 microseconds
Fault on PT_F40(0X7f5f3521cee0 -> 0X7f5f3521cee3)
3000129 microseconds
timeout
[2016-10-27 11:28:46]Process 11964 termed with signal 14(SIGALRM)
PT_F40-plus_3-150 Test Num : 88
Inject into ../bin/hello
----- Type : plus_3 Pos : PT_F40 -----
There are 1 faults will be injected in faulttable...
101004 microseconds
Fault on PT_F40(0X7febbc0e1ee0 -> 0X7febbc0e1ee3)
3000109 microseconds
timeout
[2016-10-27 11:28:49]Process 11966 termed with signal 14(SIGALRM)
PT_F40-plus_3-150 Test Num : 89
Inject into ../bin/hello
----- Type : plus_3 Pos : PT_F40 -----
There are 1 faults will be injected in faulttable...
100999 microseconds
Fault on PT_F40(0X7f51335ccee0 -> 0X7f51335ccee3)
3000104 microseconds
timeout
[2016-10-27 11:28:52]Process 11968 termed with signal 14(SIGALRM)
PT_F40-plus_3-150 Test Num : 90
Inject into ../bin/hello
----- Type : plus_3 Pos : PT_F40 -----
There are 1 faults will be injected in faulttable...
101019 microseconds
Fault on PT_F40(0X7f06cb520ee0 -> 0X7f06cb520ee3)
3000104 microseconds
timeout
[2016-10-27 11:28:56]Process 11970 termed with signal 14(SIGALRM)
PT_F40-plus_3-150 Test Num : 91
Inject into ../bin/hello
----- Type : plus_3 Pos : PT_F40 -----
There are 1 faults will be injected in faulttable...
101384 microseconds
Fault on PT_F40(0X7f4f2843fee0 -> 0X7f4f2843fee3)
3000071 microseconds
timeout
[2016-10-27 11:28:59]Process 11972 termed with signal 14(SIGALRM)
PT_F40-plus_3-150 Test Num : 92
Inject into ../bin/hello
----- Type : plus_3 Pos : PT_F40 -----
There are 1 faults will be injected in faulttable...
100065 microseconds
Fault on PT_F40(0X7f1effec3ee0 -> 0X7f1effec3ee3)
3000049 microseconds
timeout
[ 2016-10-27 11:29:2]Process 11974 termed with signal 14(SIGALRM)
PT_F40-plus_3-150 Test Num : 93
Inject into ../bin/hello
----- Type : plus_3 Pos : PT_F40 -----
There are 1 faults will be injected in faulttable...
101381 microseconds
Fault on PT_F40(0X7ff035744ee0 -> 0X7ff035744ee3)
3000171 microseconds
timeout
[ 2016-10-27 11:29:5]Process 11976 termed with signal 14(SIGALRM)
PT_F40-plus_3-150 Test Num : 94
Inject into ../bin/hello
----- Type : plus_3 Pos : PT_F40 -----
There are 1 faults will be injected in faulttable...
101354 microseconds
Fault on PT_F40(0X7f41c2450ee0 -> 0X7f41c2450ee3)
3000129 microseconds
timeout
[ 2016-10-27 11:29:8]Process 11978 termed with signal 14(SIGALRM)
PT_F40-plus_3-150 Test Num : 95
Inject into ../bin/hello
----- Type : plus_3 Pos : PT_F40 -----
There are 1 faults will be injected in faulttable...
100075 microseconds
Fault on PT_F40(0X7fe5119e8ee0 -> 0X7fe5119e8ee3)
3000123 microseconds
timeout
[2016-10-27 11:29:11]Process 11980 termed with signal 14(SIGALRM)
PT_F40-plus_3-150 Test Num : 96
Inject into ../bin/hello
----- Type : plus_3 Pos : PT_F40 -----
There are 1 faults will be injected in faulttable...
100108 microseconds
Fault on PT_F40(0X7ff6a8fa1ee0 -> 0X7ff6a8fa1ee3)
3000067 microseconds
timeout
[2016-10-27 11:29:14]Process 11982 termed with signal 14(SIGALRM)
PT_F40-plus_3-150 Test Num : 97
Inject into ../bin/hello
----- Type : plus_3 Pos : PT_F40 -----
There are 1 faults will be injected in faulttable...
101140 microseconds
Fault on PT_F40(0X7fc683dd3ee0 -> 0X7fc683dd3ee3)
3000145 microseconds
timeout
[2016-10-27 11:29:17]Process 11984 termed with signal 14(SIGALRM)
PT_F40-plus_3-150 Test Num : 98
Inject into ../bin/hello
----- Type : plus_3 Pos : PT_F40 -----
There are 1 faults will be injected in faulttable...
101264 microseconds
Fault on PT_F40(0X7f406d9a8ee0 -> 0X7f406d9a8ee3)
3000115 microseconds
timeout
[2016-10-27 11:29:20]Process 11986 termed with signal 14(SIGALRM)
PT_F40-plus_3-150 Test Num : 99
Inject into ../bin/hello
----- Type : plus_3 Pos : PT_F40 -----
There are 1 faults will be injected in faulttable...
101315 microseconds
Fault on PT_F40(0X7f8b313d5ee0 -> 0X7f8b313d5ee3)
3000132 microseconds
timeout
[2016-10-27 11:29:24]Process 11988 termed with signal 14(SIGALRM)
PT_F40-plus_3-150 Test Num : 100
Inject into ../bin/hello
----- Type : plus_3 Pos : PT_F40 -----
There are 1 faults will be injected in faulttable...
100991 microseconds
Fault on PT_F40(0X7f8833265ee0 -> 0X7f8833265ee3)
3000118 microseconds
timeout
[2016-10-27 11:29:27]Process 11990 termed with signal 14(SIGALRM)
PT_F40-plus_3-150 Test Num : 101
Inject into ../bin/hello
----- Type : plus_3 Pos : PT_F40 -----
There are 1 faults will be injected in faulttable...
101178 microseconds
Fault on PT_F40(0X7f0b581ccee0 -> 0X7f0b581ccee3)
3000080 microseconds
timeout
[2016-10-27 11:29:30]Process 11992 termed with signal 14(SIGALRM)
PT_F40-plus_3-150 Test Num : 102
Inject into ../bin/hello
----- Type : plus_3 Pos : PT_F40 -----
There are 1 faults will be injected in faulttable...
101083 microseconds
Fault on PT_F40(0X7fcc9206cee0 -> 0X7fcc9206cee3)
3000130 microseconds
timeout
[2016-10-27 11:29:33]Process 11994 termed with signal 14(SIGALRM)
PT_F40-plus_3-150 Test Num : 103
Inject into ../bin/hello
----- Type : plus_3 Pos : PT_F40 -----
There are 1 faults will be injected in faulttable...
100090 microseconds
Fault on PT_F40(0X7f85733daee0 -> 0X7f85733daee3)
3000133 microseconds
timeout
[2016-10-27 11:29:36]Process 11996 termed with signal 14(SIGALRM)
PT_F40-plus_3-150 Test Num : 104
Inject into ../bin/hello
----- Type : plus_3 Pos : PT_F40 -----
There are 1 faults will be injected in faulttable...
100097 microseconds
Fault on PT_F40(0X7f189a43eee0 -> 0X7f189a43eee3)
3000125 microseconds
timeout
[2016-10-27 11:29:39]Process 11998 termed with signal 14(SIGALRM)
PT_F40-plus_3-150 Test Num : 105
Inject into ../bin/hello
----- Type : plus_3 Pos : PT_F40 -----
There are 1 faults will be injected in faulttable...
100232 microseconds
Fault on PT_F40(0X7f4399f75ee0 -> 0X7f4399f75ee3)
3000101 microseconds
timeout
[2016-10-27 11:29:42]Process 12000 termed with signal 14(SIGALRM)
PT_F40-plus_3-150 Test Num : 106
Inject into ../bin/hello
----- Type : plus_3 Pos : PT_F40 -----
There are 1 faults will be injected in faulttable...
100084 microseconds
Fault on PT_F40(0X7fee73e6fee0 -> 0X7fee73e6fee3)
3000087 microseconds
timeout
[2016-10-27 11:29:45]Process 12002 termed with signal 14(SIGALRM)
PT_F40-plus_3-150 Test Num : 107
Inject into ../bin/hello
----- Type : plus_3 Pos : PT_F40 -----
There are 1 faults will be injected in faulttable...
100981 microseconds
Fault on PT_F40(0X7f05f41ffee0 -> 0X7f05f41ffee3)
3000094 microseconds
timeout
[2016-10-27 11:29:48]Process 12004 termed with signal 14(SIGALRM)
PT_F40-plus_3-150 Test Num : 108
Inject into ../bin/hello
----- Type : plus_3 Pos : PT_F40 -----
There are 1 faults will be injected in faulttable...
101151 microseconds
Fault on PT_F40(0X7f46c689eee0 -> 0X7f46c689eee3)
3000145 microseconds
timeout
[2016-10-27 11:29:52]Process 12006 termed with signal 14(SIGALRM)
PT_F40-plus_3-150 Test Num : 109
Inject into ../bin/hello
----- Type : plus_3 Pos : PT_F40 -----
There are 1 faults will be injected in faulttable...
101493 microseconds
Fault on PT_F40(0X7f45d0045ee0 -> 0X7f45d0045ee3)
3000146 microseconds
timeout
[2016-10-27 11:29:55]Process 12016 termed with signal 14(SIGALRM)
PT_F40-plus_3-150 Test Num : 110
Inject into ../bin/hello
----- Type : plus_3 Pos : PT_F40 -----
There are 1 faults will be injected in faulttable...
101383 microseconds
Fault on PT_F40(0X7fcfab755ee0 -> 0X7fcfab755ee3)
3000268 microseconds
timeout
[2016-10-27 11:29:58]Process 12018 termed with signal 14(SIGALRM)
PT_F40-plus_3-150 Test Num : 111
Inject into ../bin/hello
----- Type : plus_3 Pos : PT_F40 -----
There are 1 faults will be injected in faulttable...
101120 microseconds
Fault on PT_F40(0X7f52f0fefee0 -> 0X7f52f0fefee3)
3000115 microseconds
timeout
[ 2016-10-27 11:30:1]Process 12020 termed with signal 14(SIGALRM)
PT_F40-plus_3-150 Test Num : 112
Inject into ../bin/hello
----- Type : plus_3 Pos : PT_F40 -----
There are 1 faults will be injected in faulttable...
101159 microseconds
Fault on PT_F40(0X7fea85ae4ee0 -> 0X7fea85ae4ee3)
3000092 microseconds
timeout
[ 2016-10-27 11:30:4]Process 12036 termed with signal 14(SIGALRM)
PT_F40-plus_3-150 Test Num : 113
Inject into ../bin/hello
----- Type : plus_3 Pos : PT_F40 -----
There are 1 faults will be injected in faulttable...
101149 microseconds
Fault on PT_F40(0X7f90a5c7bee0 -> 0X7f90a5c7bee3)
3000106 microseconds
timeout
[ 2016-10-27 11:30:7]Process 12050 termed with signal 14(SIGALRM)
PT_F40-plus_3-150 Test Num : 114
Inject into ../bin/hello
----- Type : plus_3 Pos : PT_F40 -----
There are 1 faults will be injected in faulttable...
100921 microseconds
Fault on PT_F40(0X7f7ab3096ee0 -> 0X7f7ab3096ee3)
3000066 microseconds
timeout
[2016-10-27 11:30:10]Process 12067 termed with signal 14(SIGALRM)
PT_F40-plus_3-150 Test Num : 115
Inject into ../bin/hello
----- Type : plus_3 Pos : PT_F40 -----
There are 1 faults will be injected in faulttable...
101050 microseconds
Fault on PT_F40(0X7f50b933cee0 -> 0X7f50b933cee3)
3000154 microseconds
timeout
[2016-10-27 11:30:13]Process 12070 termed with signal 14(SIGALRM)
PT_F40-plus_3-150 Test Num : 116
Inject into ../bin/hello
----- Type : plus_3 Pos : PT_F40 -----
There are 1 faults will be injected in faulttable...
100968 microseconds
Fault on PT_F40(0X7f5ea9d9dee0 -> 0X7f5ea9d9dee3)
3000140 microseconds
timeout
[2016-10-27 11:30:16]Process 12072 termed with signal 14(SIGALRM)
PT_F40-plus_3-150 Test Num : 117
Inject into ../bin/hello
----- Type : plus_3 Pos : PT_F40 -----
There are 1 faults will be injected in faulttable...
100136 microseconds
Fault on PT_F40(0X7f5b2f841ee0 -> 0X7f5b2f841ee3)
3000071 microseconds
timeout
[2016-10-27 11:30:20]Process 12074 termed with signal 14(SIGALRM)
PT_F40-plus_3-150 Test Num : 118
Inject into ../bin/hello
----- Type : plus_3 Pos : PT_F40 -----
There are 1 faults will be injected in faulttable...
100076 microseconds
Fault on PT_F40(0X7fdafde58ee0 -> 0X7fdafde58ee3)
3000096 microseconds
timeout
[2016-10-27 11:30:23]Process 12076 termed with signal 14(SIGALRM)
PT_F40-plus_3-150 Test Num : 119
Inject into ../bin/hello
----- Type : plus_3 Pos : PT_F40 -----
There are 1 faults will be injected in faulttable...
101055 microseconds
Fault on PT_F40(0X7f30dfb77ee0 -> 0X7f30dfb77ee3)
3000078 microseconds
timeout
[2016-10-27 11:30:26]Process 12078 termed with signal 14(SIGALRM)
PT_F40-plus_3-150 Test Num : 120
Inject into ../bin/hello
----- Type : plus_3 Pos : PT_F40 -----
There are 1 faults will be injected in faulttable...
100979 microseconds
Fault on PT_F40(0X7f4cc8f3eee0 -> 0X7f4cc8f3eee3)
3000103 microseconds
timeout
[2016-10-27 11:30:29]Process 12081 termed with signal 14(SIGALRM)
PT_F40-plus_3-150 Test Num : 121
Inject into ../bin/hello
----- Type : plus_3 Pos : PT_F40 -----
There are 1 faults will be injected in faulttable...
101193 microseconds
Fault on PT_F40(0X7f41296a4ee0 -> 0X7f41296a4ee3)
3000165 microseconds
timeout
[2016-10-27 11:30:32]Process 12083 termed with signal 14(SIGALRM)
PT_F40-plus_3-150 Test Num : 122
Inject into ../bin/hello
----- Type : plus_3 Pos : PT_F40 -----
There are 1 faults will be injected in faulttable...
101156 microseconds
Fault on PT_F40(0X7f0c26e5eee0 -> 0X7f0c26e5eee3)
3000082 microseconds
timeout
[2016-10-27 11:30:35]Process 12085 termed with signal 14(SIGALRM)
PT_F40-plus_3-150 Test Num : 123
Inject into ../bin/hello
----- Type : plus_3 Pos : PT_F40 -----
There are 1 faults will be injected in faulttable...
101149 microseconds
Fault on PT_F40(0X7f3bdde58ee0 -> 0X7f3bdde58ee3)
3000454 microseconds
timeout
[2016-10-27 11:30:38]Process 12087 termed with signal 14(SIGALRM)
PT_F40-plus_3-150 Test Num : 124
Inject into ../bin/hello
----- Type : plus_3 Pos : PT_F40 -----
There are 1 faults will be injected in faulttable...
100068 microseconds
Fault on PT_F40(0X7f8a30212ee0 -> 0X7f8a30212ee3)
3000055 microseconds
timeout
[2016-10-27 11:30:41]Process 12089 termed with signal 14(SIGALRM)
PT_F40-plus_3-150 Test Num : 125
Inject into ../bin/hello
----- Type : plus_3 Pos : PT_F40 -----
There are 1 faults will be injected in faulttable...
101100 microseconds
Fault on PT_F40(0X7fbd0f691ee0 -> 0X7fbd0f691ee3)
3000079 microseconds
timeout
[2016-10-27 11:30:44]Process 12091 termed with signal 14(SIGALRM)
PT_F40-plus_3-150 Test Num : 126
Inject into ../bin/hello
----- Type : plus_3 Pos : PT_F40 -----
There are 1 faults will be injected in faulttable...
101671 microseconds
Fault on PT_F40(0X7fa40d5bbee0 -> 0X7fa40d5bbee3)
3000070 microseconds
timeout
[2016-10-27 11:30:48]Process 12093 termed with signal 14(SIGALRM)
PT_F40-plus_3-150 Test Num : 127
Inject into ../bin/hello
----- Type : plus_3 Pos : PT_F40 -----
There are 1 faults will be injected in faulttable...
101155 microseconds
Fault on PT_F40(0X7ff3417f6ee0 -> 0X7ff3417f6ee3)
3000084 microseconds
timeout
[2016-10-27 11:30:51]Process 12095 termed with signal 14(SIGALRM)
PT_F40-plus_3-150 Test Num : 128
Inject into ../bin/hello
----- Type : plus_3 Pos : PT_F40 -----
There are 1 faults will be injected in faulttable...
100080 microseconds
Fault on PT_F40(0X7f19b63b7ee0 -> 0X7f19b63b7ee3)
3000051 microseconds
timeout
[2016-10-27 11:30:54]Process 12105 termed with signal 14(SIGALRM)
PT_F40-plus_3-150 Test Num : 129
Inject into ../bin/hello
----- Type : plus_3 Pos : PT_F40 -----
There are 1 faults will be injected in faulttable...
101280 microseconds
Fault on PT_F40(0X7f93f8c8dee0 -> 0X7f93f8c8dee3)
3000134 microseconds
timeout
[2016-10-27 11:30:57]Process 12107 termed with signal 14(SIGALRM)
PT_F40-plus_3-150 Test Num : 130
Inject into ../bin/hello
----- Type : plus_3 Pos : PT_F40 -----
There are 1 faults will be injected in faulttable...
101084 microseconds
Fault on PT_F40(0X7fa78b4edee0 -> 0X7fa78b4edee3)
3000100 microseconds
timeout
[ 2016-10-27 11:31:0]Process 12109 termed with signal 14(SIGALRM)
PT_F40-plus_3-150 Test Num : 131
Inject into ../bin/hello
----- Type : plus_3 Pos : PT_F40 -----
There are 1 faults will be injected in faulttable...
101026 microseconds
Fault on PT_F40(0X7f7092678ee0 -> 0X7f7092678ee3)
3000101 microseconds
timeout
[ 2016-10-27 11:31:3]Process 12125 termed with signal 14(SIGALRM)
PT_F40-plus_3-150 Test Num : 132
Inject into ../bin/hello
----- Type : plus_3 Pos : PT_F40 -----
There are 1 faults will be injected in faulttable...
101125 microseconds
Fault on PT_F40(0X7fc307c6aee0 -> 0X7fc307c6aee3)
3000101 microseconds
timeout
[ 2016-10-27 11:31:6]Process 12135 termed with signal 14(SIGALRM)
PT_F40-plus_3-150 Test Num : 133
Inject into ../bin/hello
----- Type : plus_3 Pos : PT_F40 -----
There are 1 faults will be injected in faulttable...
101171 microseconds
Fault on PT_F40(0X7f9fe18eaee0 -> 0X7f9fe18eaee3)
3000115 microseconds
timeout
[ 2016-10-27 11:31:9]Process 12137 termed with signal 14(SIGALRM)
PT_F40-plus_3-150 Test Num : 134
Inject into ../bin/hello
----- Type : plus_3 Pos : PT_F40 -----
There are 1 faults will be injected in faulttable...
100141 microseconds
Fault on PT_F40(0X7fdca2ca9ee0 -> 0X7fdca2ca9ee3)
3000100 microseconds
timeout
[2016-10-27 11:31:12]Process 12139 termed with signal 14(SIGALRM)
PT_F40-plus_3-150 Test Num : 135
Inject into ../bin/hello
----- Type : plus_3 Pos : PT_F40 -----
There are 1 faults will be injected in faulttable...
101063 microseconds
Fault on PT_F40(0X7f98b4454ee0 -> 0X7f98b4454ee3)
3000150 microseconds
timeout
[2016-10-27 11:31:16]Process 12141 termed with signal 14(SIGALRM)
PT_F40-plus_3-150 Test Num : 136
Inject into ../bin/hello
----- Type : plus_3 Pos : PT_F40 -----
There are 1 faults will be injected in faulttable...
101166 microseconds
Fault on PT_F40(0X7f177c74cee0 -> 0X7f177c74cee3)
3000115 microseconds
timeout
[2016-10-27 11:31:19]Process 12143 termed with signal 14(SIGALRM)
PT_F40-plus_3-150 Test Num : 137
Inject into ../bin/hello
----- Type : plus_3 Pos : PT_F40 -----
There are 1 faults will be injected in faulttable...
101102 microseconds
Fault on PT_F40(0X7f02b0c2bee0 -> 0X7f02b0c2bee3)
3000102 microseconds
timeout
[2016-10-27 11:31:22]Process 12174 termed with signal 14(SIGALRM)
PT_F40-plus_3-150 Test Num : 138
Inject into ../bin/hello
----- Type : plus_3 Pos : PT_F40 -----
There are 1 faults will be injected in faulttable...
101009 microseconds
Fault on PT_F40(0X7f07e117aee0 -> 0X7f07e117aee3)
3000075 microseconds
timeout
[2016-10-27 11:31:25]Process 12177 termed with signal 14(SIGALRM)
PT_F40-plus_3-150 Test Num : 139
Inject into ../bin/hello
----- Type : plus_3 Pos : PT_F40 -----
There are 1 faults will be injected in faulttable...
101169 microseconds
Fault on PT_F40(0X7fc634d54ee0 -> 0X7fc634d54ee3)
3000210 microseconds
timeout
[2016-10-27 11:31:28]Process 12179 termed with signal 14(SIGALRM)
PT_F40-plus_3-150 Test Num : 140
Inject into ../bin/hello
----- Type : plus_3 Pos : PT_F40 -----
There are 1 faults will be injected in faulttable...
100990 microseconds
Fault on PT_F40(0X7fdb1777fee0 -> 0X7fdb1777fee3)
3000072 microseconds
timeout
[2016-10-27 11:31:31]Process 12181 termed with signal 14(SIGALRM)
PT_F40-plus_3-150 Test Num : 141
Inject into ../bin/hello
----- Type : plus_3 Pos : PT_F40 -----
There are 1 faults will be injected in faulttable...
101109 microseconds
Fault on PT_F40(0X7f8db4f3eee0 -> 0X7f8db4f3eee3)
3000103 microseconds
timeout
[2016-10-27 11:31:34]Process 12183 termed with signal 14(SIGALRM)
PT_F40-plus_3-150 Test Num : 142
Inject into ../bin/hello
----- Type : plus_3 Pos : PT_F40 -----
There are 1 faults will be injected in faulttable...
101092 microseconds
Fault on PT_F40(0X7f2764b75ee0 -> 0X7f2764b75ee3)
3000160 microseconds
timeout
[2016-10-27 11:31:37]Process 12185 termed with signal 14(SIGALRM)
PT_F40-plus_3-150 Test Num : 143
Inject into ../bin/hello
----- Type : plus_3 Pos : PT_F40 -----
There are 1 faults will be injected in faulttable...
101342 microseconds
Fault on PT_F40(0X7fcfa63f2ee0 -> 0X7fcfa63f2ee3)
3000151 microseconds
timeout
[2016-10-27 11:31:40]Process 12187 termed with signal 14(SIGALRM)
PT_F40-plus_3-150 Test Num : 144
Inject into ../bin/hello
----- Type : plus_3 Pos : PT_F40 -----
There are 1 faults will be injected in faulttable...
100111 microseconds
Fault on PT_F40(0X7f1b1cc3aee0 -> 0X7f1b1cc3aee3)
3000101 microseconds
timeout
[2016-10-27 11:31:44]Process 12189 termed with signal 14(SIGALRM)
PT_F40-plus_3-150 Test Num : 145
Inject into ../bin/hello
----- Type : plus_3 Pos : PT_F40 -----
There are 1 faults will be injected in faulttable...
101253 microseconds
Fault on PT_F40(0X7f7fba587ee0 -> 0X7f7fba587ee3)
3000112 microseconds
timeout
[2016-10-27 11:31:47]Process 12191 termed with signal 14(SIGALRM)
PT_F40-plus_3-150 Test Num : 146
Inject into ../bin/hello
----- Type : plus_3 Pos : PT_F40 -----
There are 1 faults will be injected in faulttable...
100073 microseconds
Fault on PT_F40(0X7f25b60bbee0 -> 0X7f25b60bbee3)
3009316 microseconds
timeout
[2016-10-27 11:31:50]Process 12193 termed with signal 14(SIGALRM)
PT_F40-plus_3-150 Test Num : 147
Inject into ../bin/hello
----- Type : plus_3 Pos : PT_F40 -----
There are 1 faults will be injected in faulttable...
101166 microseconds
Fault on PT_F40(0X7f1153e59ee0 -> 0X7f1153e59ee3)
3000131 microseconds
timeout
[2016-10-27 11:31:53]Process 12195 termed with signal 14(SIGALRM)
PT_F40-plus_3-150 Test Num : 148
Inject into ../bin/hello
----- Type : plus_3 Pos : PT_F40 -----
There are 1 faults will be injected in faulttable...
101466 microseconds
Fault on PT_F40(0X7f88f19e1ee0 -> 0X7f88f19e1ee3)
3000139 microseconds
timeout
[2016-10-27 11:31:56]Process 12197 termed with signal 14(SIGALRM)
PT_F40-plus_3-150 Test Num : 149
Inject into ../bin/hello
----- Type : plus_3 Pos : PT_F40 -----
There are 1 faults will be injected in faulttable...
100337 microseconds
Fault on PT_F40(0X7f2471271ee0 -> 0X7f2471271ee3)
3000085 microseconds
timeout
[2016-10-27 11:31:59]Process 12199 termed with signal 14(SIGALRM)
PT_F40-plus_3-150 Test Num : 150
Inject into ../bin/hello
----- Type : plus_3 Pos : PT_F40 -----
There are 1 faults will be injected in faulttable...
101048 microseconds
Fault on PT_F40(0X7fc54bc36ee0 -> 0X7fc54bc36ee3)
3000186 microseconds
timeout
[ 2016-10-27 11:32:2]Process 12201 termed with signal 14(SIGALRM)
