PT_F40-plus_2-150 Test Num : 1
Inject into ../bin/hello
----- Type : plus_2 Pos : PT_F40 -----
There are 1 faults will be injected in faulttable...
101384 microseconds
Fault on PT_F40(0X7fedb6870ee0 -> 0X7fedb6870ee2)
3000151 microseconds
timeout
[2016-10-27 11:16:32]Process 10939 termed with signal 14(SIGALRM)
PT_F40-plus_2-150 Test Num : 2
Inject into ../bin/hello
----- Type : plus_2 Pos : PT_F40 -----
There are 1 faults will be injected in faulttable...
101140 microseconds
Fault on PT_F40(0X7f2de5a4cee0 -> 0X7f2de5a4cee2)
3000177 microseconds
timeout
[2016-10-27 11:16:35]Process 10941 termed with signal 14(SIGALRM)
PT_F40-plus_2-150 Test Num : 3
Inject into ../bin/hello
----- Type : plus_2 Pos : PT_F40 -----
There are 1 faults will be injected in faulttable...
101177 microseconds
Fault on PT_F40(0X7fcee7598ee0 -> 0X7fcee7598ee2)
3000127 microseconds
timeout
[2016-10-27 11:16:38]Process 10943 termed with signal 14(SIGALRM)
PT_F40-plus_2-150 Test Num : 4
Inject into ../bin/hello
----- Type : plus_2 Pos : PT_F40 -----
There are 1 faults will be injected in faulttable...
101326 microseconds
Fault on PT_F40(0X7faedfd9dee0 -> 0X7faedfd9dee2)
3000111 microseconds
timeout
[2016-10-27 11:16:41]Process 10945 termed with signal 14(SIGALRM)
PT_F40-plus_2-150 Test Num : 5
Inject into ../bin/hello
----- Type : plus_2 Pos : PT_F40 -----
There are 1 faults will be injected in faulttable...
101230 microseconds
Fault on PT_F40(0X7fa3cd0b3ee0 -> 0X7fa3cd0b3ee2)
3000140 microseconds
timeout
[2016-10-27 11:16:44]Process 10947 termed with signal 14(SIGALRM)
PT_F40-plus_2-150 Test Num : 6
Inject into ../bin/hello
----- Type : plus_2 Pos : PT_F40 -----
There are 1 faults will be injected in faulttable...
101048 microseconds
Fault on PT_F40(0X7f08736a2ee0 -> 0X7f08736a2ee2)
3000071 microseconds
timeout
[2016-10-27 11:16:47]Process 10949 termed with signal 14(SIGALRM)
PT_F40-plus_2-150 Test Num : 7
Inject into ../bin/hello
----- Type : plus_2 Pos : PT_F40 -----
There are 1 faults will be injected in faulttable...
101260 microseconds
Fault on PT_F40(0X7f4498aa7ee0 -> 0X7f4498aa7ee2)
3000072 microseconds
timeout
[2016-10-27 11:16:50]Process 10951 termed with signal 14(SIGALRM)
PT_F40-plus_2-150 Test Num : 8
Inject into ../bin/hello
----- Type : plus_2 Pos : PT_F40 -----
There are 1 faults will be injected in faulttable...
101078 microseconds
Fault on PT_F40(0X7f9a8d37aee0 -> 0X7f9a8d37aee2)
3000138 microseconds
timeout
[2016-10-27 11:16:53]Process 10953 termed with signal 14(SIGALRM)
PT_F40-plus_2-150 Test Num : 9
Inject into ../bin/hello
----- Type : plus_2 Pos : PT_F40 -----
There are 1 faults will be injected in faulttable...
101313 microseconds
Fault on PT_F40(0X7ff3a6783ee0 -> 0X7ff3a6783ee2)
3000083 microseconds
timeout
[2016-10-27 11:16:56]Process 10955 termed with signal 14(SIGALRM)
PT_F40-plus_2-150 Test Num : 10
Inject into ../bin/hello
----- Type : plus_2 Pos : PT_F40 -----
There are 1 faults will be injected in faulttable...
101213 microseconds
Fault on PT_F40(0X7f9e91e6bee0 -> 0X7f9e91e6bee2)
3000185 microseconds
timeout
[ 2016-10-27 11:17:0]Process 10957 termed with signal 14(SIGALRM)
PT_F40-plus_2-150 Test Num : 11
Inject into ../bin/hello
----- Type : plus_2 Pos : PT_F40 -----
There are 1 faults will be injected in faulttable...
100109 microseconds
Fault on PT_F40(0X7f3634e20ee0 -> 0X7f3634e20ee2)
3000138 microseconds
timeout
[ 2016-10-27 11:17:3]Process 10959 termed with signal 14(SIGALRM)
PT_F40-plus_2-150 Test Num : 12
Inject into ../bin/hello
----- Type : plus_2 Pos : PT_F40 -----
There are 1 faults will be injected in faulttable...
101373 microseconds
Fault on PT_F40(0X7f1ed3a27ee0 -> 0X7f1ed3a27ee2)
3000125 microseconds
timeout
[ 2016-10-27 11:17:6]Process 10961 termed with signal 14(SIGALRM)
PT_F40-plus_2-150 Test Num : 13
Inject into ../bin/hello
----- Type : plus_2 Pos : PT_F40 -----
There are 1 faults will be injected in faulttable...
101367 microseconds
Fault on PT_F40(0X7fdd9393bee0 -> 0X7fdd9393bee2)
3000153 microseconds
timeout
[ 2016-10-27 11:17:9]Process 10965 termed with signal 14(SIGALRM)
PT_F40-plus_2-150 Test Num : 14
Inject into ../bin/hello
----- Type : plus_2 Pos : PT_F40 -----
There are 1 faults will be injected in faulttable...
101529 microseconds
Fault on PT_F40(0X7fb581f25ee0 -> 0X7fb581f25ee2)
3000090 microseconds
timeout
[2016-10-27 11:17:12]Process 10968 termed with signal 14(SIGALRM)
PT_F40-plus_2-150 Test Num : 15
Inject into ../bin/hello
----- Type : plus_2 Pos : PT_F40 -----
There are 1 faults will be injected in faulttable...
100096 microseconds
Fault on PT_F40(0X7fed76670ee0 -> 0X7fed76670ee2)
3000118 microseconds
timeout
[2016-10-27 11:17:15]Process 10971 termed with signal 14(SIGALRM)
PT_F40-plus_2-150 Test Num : 16
Inject into ../bin/hello
----- Type : plus_2 Pos : PT_F40 -----
There are 1 faults will be injected in faulttable...
101200 microseconds
Fault on PT_F40(0X7efdc874dee0 -> 0X7efdc874dee2)
3000064 microseconds
timeout
[2016-10-27 11:17:18]Process 10974 termed with signal 14(SIGALRM)
PT_F40-plus_2-150 Test Num : 17
Inject into ../bin/hello
----- Type : plus_2 Pos : PT_F40 -----
There are 1 faults will be injected in faulttable...
101335 microseconds
Fault on PT_F40(0X7f70a74f2ee0 -> 0X7f70a74f2ee2)
3000082 microseconds
timeout
[2016-10-27 11:17:21]Process 10977 termed with signal 14(SIGALRM)
PT_F40-plus_2-150 Test Num : 18
Inject into ../bin/hello
----- Type : plus_2 Pos : PT_F40 -----
There are 1 faults will be injected in faulttable...
101098 microseconds
Fault on PT_F40(0X7f6a62891ee0 -> 0X7f6a62891ee2)
3000100 microseconds
timeout
[2016-10-27 11:17:24]Process 10980 termed with signal 14(SIGALRM)
PT_F40-plus_2-150 Test Num : 19
Inject into ../bin/hello
----- Type : plus_2 Pos : PT_F40 -----
There are 1 faults will be injected in faulttable...
101555 microseconds
Fault on PT_F40(0X7fec6e2f5ee0 -> 0X7fec6e2f5ee2)
3000102 microseconds
timeout
[2016-10-27 11:17:28]Process 10983 termed with signal 14(SIGALRM)
PT_F40-plus_2-150 Test Num : 20
Inject into ../bin/hello
----- Type : plus_2 Pos : PT_F40 -----
There are 1 faults will be injected in faulttable...
101141 microseconds
Fault on PT_F40(0X7f19f415eee0 -> 0X7f19f415eee2)
3000083 microseconds
timeout
[2016-10-27 11:17:31]Process 10985 termed with signal 14(SIGALRM)
PT_F40-plus_2-150 Test Num : 21
Inject into ../bin/hello
----- Type : plus_2 Pos : PT_F40 -----
There are 1 faults will be injected in faulttable...
101276 microseconds
Fault on PT_F40(0X7f82c9f44ee0 -> 0X7f82c9f44ee2)
3000118 microseconds
timeout
[2016-10-27 11:17:34]Process 11000 termed with signal 14(SIGALRM)
PT_F40-plus_2-150 Test Num : 22
Inject into ../bin/hello
----- Type : plus_2 Pos : PT_F40 -----
There are 1 faults will be injected in faulttable...
101217 microseconds
Fault on PT_F40(0X7fdd43c4eee0 -> 0X7fdd43c4eee2)
3000114 microseconds
timeout
[2016-10-27 11:17:37]Process 11003 termed with signal 14(SIGALRM)
PT_F40-plus_2-150 Test Num : 23
Inject into ../bin/hello
----- Type : plus_2 Pos : PT_F40 -----
There are 1 faults will be injected in faulttable...
101107 microseconds
Fault on PT_F40(0X7f3cfe1b3ee0 -> 0X7f3cfe1b3ee2)
3000098 microseconds
timeout
[2016-10-27 11:17:40]Process 11016 termed with signal 14(SIGALRM)
PT_F40-plus_2-150 Test Num : 24
Inject into ../bin/hello
----- Type : plus_2 Pos : PT_F40 -----
There are 1 faults will be injected in faulttable...
101215 microseconds
Fault on PT_F40(0X7f5c71520ee0 -> 0X7f5c71520ee2)
3000145 microseconds
timeout
[2016-10-27 11:17:43]Process 11019 termed with signal 14(SIGALRM)
PT_F40-plus_2-150 Test Num : 25
Inject into ../bin/hello
----- Type : plus_2 Pos : PT_F40 -----
There are 1 faults will be injected in faulttable...
101084 microseconds
Fault on PT_F40(0X7f65e9174ee0 -> 0X7f65e9174ee2)
3000102 microseconds
timeout
[2016-10-27 11:17:46]Process 11022 termed with signal 14(SIGALRM)
PT_F40-plus_2-150 Test Num : 26
Inject into ../bin/hello
----- Type : plus_2 Pos : PT_F40 -----
There are 1 faults will be injected in faulttable...
100931 microseconds
Fault on PT_F40(0X7f04af80fee0 -> 0X7f04af80fee2)
3000080 microseconds
timeout
[2016-10-27 11:17:49]Process 11046 termed with signal 14(SIGALRM)
PT_F40-plus_2-150 Test Num : 27
Inject into ../bin/hello
----- Type : plus_2 Pos : PT_F40 -----
There are 1 faults will be injected in faulttable...
101003 microseconds
Fault on PT_F40(0X7f544c4e1ee0 -> 0X7f544c4e1ee2)
3000106 microseconds
timeout
[2016-10-27 11:17:52]Process 11059 termed with signal 14(SIGALRM)
PT_F40-plus_2-150 Test Num : 28
Inject into ../bin/hello
----- Type : plus_2 Pos : PT_F40 -----
There are 1 faults will be injected in faulttable...
101262 microseconds
Fault on PT_F40(0X7fc0cb702ee0 -> 0X7fc0cb702ee2)
3000096 microseconds
timeout
[2016-10-27 11:17:56]Process 11062 termed with signal 14(SIGALRM)
PT_F40-plus_2-150 Test Num : 29
Inject into ../bin/hello
----- Type : plus_2 Pos : PT_F40 -----
There are 1 faults will be injected in faulttable...
101460 microseconds
Fault on PT_F40(0X7f4566804ee0 -> 0X7f4566804ee2)
3000138 microseconds
timeout
[2016-10-27 11:17:59]Process 11065 termed with signal 14(SIGALRM)
PT_F40-plus_2-150 Test Num : 30
Inject into ../bin/hello
----- Type : plus_2 Pos : PT_F40 -----
There are 1 faults will be injected in faulttable...
101654 microseconds
Fault on PT_F40(0X7f61e0b9cee0 -> 0X7f61e0b9cee2)
3000133 microseconds
timeout
[ 2016-10-27 11:18:2]Process 11068 termed with signal 14(SIGALRM)
PT_F40-plus_2-150 Test Num : 31
Inject into ../bin/hello
----- Type : plus_2 Pos : PT_F40 -----
There are 1 faults will be injected in faulttable...
101740 microseconds
Fault on PT_F40(0X7f0661b30ee0 -> 0X7f0661b30ee2)
3000065 microseconds
timeout
[ 2016-10-27 11:18:5]Process 11071 termed with signal 14(SIGALRM)
PT_F40-plus_2-150 Test Num : 32
Inject into ../bin/hello
----- Type : plus_2 Pos : PT_F40 -----
There are 1 faults will be injected in faulttable...
100973 microseconds
Fault on PT_F40(0X7f1737380ee0 -> 0X7f1737380ee2)
3000085 microseconds
timeout
[ 2016-10-27 11:18:8]Process 11074 termed with signal 14(SIGALRM)
PT_F40-plus_2-150 Test Num : 33
Inject into ../bin/hello
----- Type : plus_2 Pos : PT_F40 -----
There are 1 faults will be injected in faulttable...
100991 microseconds
Fault on PT_F40(0X7f1cde3acee0 -> 0X7f1cde3acee2)
3000389 microseconds
timeout
[2016-10-27 11:18:11]Process 11076 termed with signal 14(SIGALRM)
PT_F40-plus_2-150 Test Num : 34
Inject into ../bin/hello
----- Type : plus_2 Pos : PT_F40 -----
There are 1 faults will be injected in faulttable...
101380 microseconds
Fault on PT_F40(0X7fc33c0bdee0 -> 0X7fc33c0bdee2)
3000103 microseconds
timeout
[2016-10-27 11:18:14]Process 11079 termed with signal 14(SIGALRM)
PT_F40-plus_2-150 Test Num : 35
Inject into ../bin/hello
----- Type : plus_2 Pos : PT_F40 -----
There are 1 faults will be injected in faulttable...
101105 microseconds
Fault on PT_F40(0X7f4fc71afee0 -> 0X7f4fc71afee2)
3000137 microseconds
timeout
[2016-10-27 11:18:17]Process 11081 termed with signal 14(SIGALRM)
PT_F40-plus_2-150 Test Num : 36
Inject into ../bin/hello
----- Type : plus_2 Pos : PT_F40 -----
There are 1 faults will be injected in faulttable...
100149 microseconds
Fault on PT_F40(0X7fa071af5ee0 -> 0X7fa071af5ee2)
3000155 microseconds
timeout
[2016-10-27 11:18:21]Process 11083 termed with signal 14(SIGALRM)
PT_F40-plus_2-150 Test Num : 37
Inject into ../bin/hello
----- Type : plus_2 Pos : PT_F40 -----
There are 1 faults will be injected in faulttable...
100945 microseconds
Fault on PT_F40(0X7f850593dee0 -> 0X7f850593dee2)
3000095 microseconds
timeout
[2016-10-27 11:18:24]Process 11085 termed with signal 14(SIGALRM)
PT_F40-plus_2-150 Test Num : 38
Inject into ../bin/hello
----- Type : plus_2 Pos : PT_F40 -----
There are 1 faults will be injected in faulttable...
101092 microseconds
Fault on PT_F40(0X7ff338c75ee0 -> 0X7ff338c75ee2)
3000115 microseconds
timeout
[2016-10-27 11:18:27]Process 11087 termed with signal 14(SIGALRM)
PT_F40-plus_2-150 Test Num : 39
Inject into ../bin/hello
----- Type : plus_2 Pos : PT_F40 -----
There are 1 faults will be injected in faulttable...
100085 microseconds
Fault on PT_F40(0X7f4ffa495ee0 -> 0X7f4ffa495ee2)
3000124 microseconds
timeout
[2016-10-27 11:18:30]Process 11097 termed with signal 14(SIGALRM)
PT_F40-plus_2-150 Test Num : 40
Inject into ../bin/hello
----- Type : plus_2 Pos : PT_F40 -----
There are 1 faults will be injected in faulttable...
101161 microseconds
Fault on PT_F40(0X7fc554f75ee0 -> 0X7fc554f75ee2)
3000096 microseconds
timeout
[2016-10-27 11:18:33]Process 11119 termed with signal 14(SIGALRM)
PT_F40-plus_2-150 Test Num : 41
Inject into ../bin/hello
----- Type : plus_2 Pos : PT_F40 -----
There are 1 faults will be injected in faulttable...
100999 microseconds
Fault on PT_F40(0X7f1c3ab0cee0 -> 0X7f1c3ab0cee2)
3000090 microseconds
timeout
[2016-10-27 11:18:36]Process 11122 termed with signal 14(SIGALRM)
PT_F40-plus_2-150 Test Num : 42
Inject into ../bin/hello
----- Type : plus_2 Pos : PT_F40 -----
There are 1 faults will be injected in faulttable...
100937 microseconds
Fault on PT_F40(0X7f59b69a9ee0 -> 0X7f59b69a9ee2)
3000067 microseconds
timeout
[2016-10-27 11:18:39]Process 11125 termed with signal 14(SIGALRM)
PT_F40-plus_2-150 Test Num : 43
Inject into ../bin/hello
----- Type : plus_2 Pos : PT_F40 -----
There are 1 faults will be injected in faulttable...
100976 microseconds
Fault on PT_F40(0X7f530d514ee0 -> 0X7f530d514ee2)
3000160 microseconds
timeout
[2016-10-27 11:18:42]Process 11128 termed with signal 14(SIGALRM)
PT_F40-plus_2-150 Test Num : 44
Inject into ../bin/hello
----- Type : plus_2 Pos : PT_F40 -----
There are 1 faults will be injected in faulttable...
101159 microseconds
Fault on PT_F40(0X7feaa72eaee0 -> 0X7feaa72eaee2)
3000084 microseconds
timeout
[2016-10-27 11:18:45]Process 11130 termed with signal 14(SIGALRM)
PT_F40-plus_2-150 Test Num : 45
Inject into ../bin/hello
----- Type : plus_2 Pos : PT_F40 -----
There are 1 faults will be injected in faulttable...
101001 microseconds
Fault on PT_F40(0X7f481d5e8ee0 -> 0X7f481d5e8ee2)
3000136 microseconds
timeout
[2016-10-27 11:18:49]Process 11133 termed with signal 14(SIGALRM)
PT_F40-plus_2-150 Test Num : 46
Inject into ../bin/hello
----- Type : plus_2 Pos : PT_F40 -----
There are 1 faults will be injected in faulttable...
101167 microseconds
Fault on PT_F40(0X7f5123fcfee0 -> 0X7f5123fcfee2)
3000065 microseconds
timeout
[2016-10-27 11:18:52]Process 11136 termed with signal 14(SIGALRM)
PT_F40-plus_2-150 Test Num : 47
Inject into ../bin/hello
----- Type : plus_2 Pos : PT_F40 -----
There are 1 faults will be injected in faulttable...
101151 microseconds
Fault on PT_F40(0X7f6361218ee0 -> 0X7f6361218ee2)
3000117 microseconds
timeout
[2016-10-27 11:18:55]Process 11139 termed with signal 14(SIGALRM)
PT_F40-plus_2-150 Test Num : 48
Inject into ../bin/hello
----- Type : plus_2 Pos : PT_F40 -----
There are 1 faults will be injected in faulttable...
101397 microseconds
Fault on PT_F40(0X7f4bb4ff1ee0 -> 0X7f4bb4ff1ee2)
3000082 microseconds
timeout
[2016-10-27 11:18:58]Process 11142 termed with signal 14(SIGALRM)
PT_F40-plus_2-150 Test Num : 49
Inject into ../bin/hello
----- Type : plus_2 Pos : PT_F40 -----
There are 1 faults will be injected in faulttable...
100994 microseconds
Fault on PT_F40(0X7f137f267ee0 -> 0X7f137f267ee2)
3000101 microseconds
timeout
[ 2016-10-27 11:19:1]Process 11145 termed with signal 14(SIGALRM)
PT_F40-plus_2-150 Test Num : 50
Inject into ../bin/hello
----- Type : plus_2 Pos : PT_F40 -----
There are 1 faults will be injected in faulttable...
101250 microseconds
Fault on PT_F40(0X7f688eb37ee0 -> 0X7f688eb37ee2)
3000059 microseconds
timeout
[ 2016-10-27 11:19:4]Process 11148 termed with signal 14(SIGALRM)
PT_F40-plus_2-150 Test Num : 51
Inject into ../bin/hello
----- Type : plus_2 Pos : PT_F40 -----
There are 1 faults will be injected in faulttable...
100972 microseconds
Fault on PT_F40(0X7f659bc26ee0 -> 0X7f659bc26ee2)
3000113 microseconds
timeout
[ 2016-10-27 11:19:7]Process 11151 termed with signal 14(SIGALRM)
PT_F40-plus_2-150 Test Num : 52
Inject into ../bin/hello
----- Type : plus_2 Pos : PT_F40 -----
There are 1 faults will be injected in faulttable...
100072 microseconds
Fault on PT_F40(0X7f51956faee0 -> 0X7f51956faee2)
3000078 microseconds
timeout
[2016-10-27 11:19:10]Process 11154 termed with signal 14(SIGALRM)
PT_F40-plus_2-150 Test Num : 53
Inject into ../bin/hello
----- Type : plus_2 Pos : PT_F40 -----
There are 1 faults will be injected in faulttable...
101260 microseconds
Fault on PT_F40(0X7fcafafb3ee0 -> 0X7fcafafb3ee2)
3000128 microseconds
timeout
[2016-10-27 11:19:13]Process 11166 termed with signal 14(SIGALRM)
PT_F40-plus_2-150 Test Num : 54
Inject into ../bin/hello
----- Type : plus_2 Pos : PT_F40 -----
There are 1 faults will be injected in faulttable...
101059 microseconds
Fault on PT_F40(0X7f7d5d6c1ee0 -> 0X7f7d5d6c1ee2)
3000080 microseconds
timeout
[2016-10-27 11:19:17]Process 11169 termed with signal 14(SIGALRM)
PT_F40-plus_2-150 Test Num : 55
Inject into ../bin/hello
----- Type : plus_2 Pos : PT_F40 -----
There are 1 faults will be injected in faulttable...
101130 microseconds
Fault on PT_F40(0X7f47bd4dfee0 -> 0X7f47bd4dfee2)
3000101 microseconds
timeout
[2016-10-27 11:19:20]Process 11172 termed with signal 14(SIGALRM)
PT_F40-plus_2-150 Test Num : 56
Inject into ../bin/hello
----- Type : plus_2 Pos : PT_F40 -----
There are 1 faults will be injected in faulttable...
101187 microseconds
Fault on PT_F40(0X7fb384c4bee0 -> 0X7fb384c4bee2)
3000179 microseconds
timeout
[2016-10-27 11:19:23]Process 11175 termed with signal 14(SIGALRM)
PT_F40-plus_2-150 Test Num : 57
Inject into ../bin/hello
----- Type : plus_2 Pos : PT_F40 -----
There are 1 faults will be injected in faulttable...
101426 microseconds
Fault on PT_F40(0X7f3392c43ee0 -> 0X7f3392c43ee2)
3000114 microseconds
timeout
[2016-10-27 11:19:26]Process 11178 termed with signal 14(SIGALRM)
PT_F40-plus_2-150 Test Num : 58
Inject into ../bin/hello
----- Type : plus_2 Pos : PT_F40 -----
There are 1 faults will be injected in faulttable...
101986 microseconds
Fault on PT_F40(0X7ff934f13ee0 -> 0X7ff934f13ee2)
3000123 microseconds
timeout
[2016-10-27 11:19:29]Process 11181 termed with signal 14(SIGALRM)
PT_F40-plus_2-150 Test Num : 59
Inject into ../bin/hello
----- Type : plus_2 Pos : PT_F40 -----
There are 1 faults will be injected in faulttable...
101448 microseconds
Fault on PT_F40(0X7ff6fe50cee0 -> 0X7ff6fe50cee2)
3000074 microseconds
timeout
[2016-10-27 11:19:32]Process 11184 termed with signal 14(SIGALRM)
PT_F40-plus_2-150 Test Num : 60
Inject into ../bin/hello
----- Type : plus_2 Pos : PT_F40 -----
There are 1 faults will be injected in faulttable...
101003 microseconds
Fault on PT_F40(0X7f3ae75d9ee0 -> 0X7f3ae75d9ee2)
3000076 microseconds
timeout
[2016-10-27 11:19:35]Process 11187 termed with signal 14(SIGALRM)
PT_F40-plus_2-150 Test Num : 61
Inject into ../bin/hello
----- Type : plus_2 Pos : PT_F40 -----
There are 1 faults will be injected in faulttable...
100921 microseconds
Fault on PT_F40(0X7f074f18fee0 -> 0X7f074f18fee2)
3000072 microseconds
timeout
[2016-10-27 11:19:38]Process 11190 termed with signal 14(SIGALRM)
PT_F40-plus_2-150 Test Num : 62
Inject into ../bin/hello
----- Type : plus_2 Pos : PT_F40 -----
There are 1 faults will be injected in faulttable...
101170 microseconds
Fault on PT_F40(0X7f8a06ed7ee0 -> 0X7f8a06ed7ee2)
3000148 microseconds
timeout
[2016-10-27 11:19:41]Process 11192 termed with signal 14(SIGALRM)
PT_F40-plus_2-150 Test Num : 63
Inject into ../bin/hello
----- Type : plus_2 Pos : PT_F40 -----
There are 1 faults will be injected in faulttable...
101025 microseconds
Fault on PT_F40(0X7f197cbc5ee0 -> 0X7f197cbc5ee2)
3000149 microseconds
timeout
[2016-10-27 11:19:45]Process 11206 termed with signal 14(SIGALRM)
PT_F40-plus_2-150 Test Num : 64
Inject into ../bin/hello
----- Type : plus_2 Pos : PT_F40 -----
There are 1 faults will be injected in faulttable...
101145 microseconds
Fault on PT_F40(0X7f27e776dee0 -> 0X7f27e776dee2)
3000110 microseconds
timeout
[2016-10-27 11:19:48]Process 11219 termed with signal 14(SIGALRM)
PT_F40-plus_2-150 Test Num : 65
Inject into ../bin/hello
----- Type : plus_2 Pos : PT_F40 -----
There are 1 faults will be injected in faulttable...
100954 microseconds
Fault on PT_F40(0X7f7a05a55ee0 -> 0X7f7a05a55ee2)
3000079 microseconds
timeout
[2016-10-27 11:19:51]Process 11222 termed with signal 14(SIGALRM)
PT_F40-plus_2-150 Test Num : 66
Inject into ../bin/hello
----- Type : plus_2 Pos : PT_F40 -----
There are 1 faults will be injected in faulttable...
101558 microseconds
Fault on PT_F40(0X7ff5948d3ee0 -> 0X7ff5948d3ee2)
3000153 microseconds
timeout
[2016-10-27 11:19:54]Process 11225 termed with signal 14(SIGALRM)
PT_F40-plus_2-150 Test Num : 67
Inject into ../bin/hello
----- Type : plus_2 Pos : PT_F40 -----
There are 1 faults will be injected in faulttable...
101359 microseconds
Fault on PT_F40(0X7f52e48f1ee0 -> 0X7f52e48f1ee2)
3000158 microseconds
timeout
[2016-10-27 11:19:57]Process 11228 termed with signal 14(SIGALRM)
PT_F40-plus_2-150 Test Num : 68
Inject into ../bin/hello
----- Type : plus_2 Pos : PT_F40 -----
There are 1 faults will be injected in faulttable...
101061 microseconds
Fault on PT_F40(0X7f8ba72ffee0 -> 0X7f8ba72ffee2)
3000124 microseconds
timeout
[ 2016-10-27 11:20:0]Process 11231 termed with signal 14(SIGALRM)
PT_F40-plus_2-150 Test Num : 69
Inject into ../bin/hello
----- Type : plus_2 Pos : PT_F40 -----
There are 1 faults will be injected in faulttable...
100996 microseconds
Fault on PT_F40(0X7f48772edee0 -> 0X7f48772edee2)
3000103 microseconds
timeout
[ 2016-10-27 11:20:3]Process 11234 termed with signal 14(SIGALRM)
PT_F40-plus_2-150 Test Num : 70
Inject into ../bin/hello
----- Type : plus_2 Pos : PT_F40 -----
There are 1 faults will be injected in faulttable...
101273 microseconds
Fault on PT_F40(0X7f1127cc4ee0 -> 0X7f1127cc4ee2)
3000113 microseconds
timeout
[ 2016-10-27 11:20:6]Process 11237 termed with signal 14(SIGALRM)
PT_F40-plus_2-150 Test Num : 71
Inject into ../bin/hello
----- Type : plus_2 Pos : PT_F40 -----
There are 1 faults will be injected in faulttable...
101070 microseconds
Fault on PT_F40(0X7f02e2395ee0 -> 0X7f02e2395ee2)
3000107 microseconds
timeout
[ 2016-10-27 11:20:9]Process 11240 termed with signal 14(SIGALRM)
PT_F40-plus_2-150 Test Num : 72
Inject into ../bin/hello
----- Type : plus_2 Pos : PT_F40 -----
There are 1 faults will be injected in faulttable...
101017 microseconds
Fault on PT_F40(0X7f358d24eee0 -> 0X7f358d24eee2)
3000091 microseconds
timeout
[2016-10-27 11:20:13]Process 11243 termed with signal 14(SIGALRM)
PT_F40-plus_2-150 Test Num : 73
Inject into ../bin/hello
----- Type : plus_2 Pos : PT_F40 -----
There are 1 faults will be injected in faulttable...
100943 microseconds
Fault on PT_F40(0X7fe37e1a7ee0 -> 0X7fe37e1a7ee2)
3000149 microseconds
timeout
[2016-10-27 11:20:16]Process 11246 termed with signal 14(SIGALRM)
PT_F40-plus_2-150 Test Num : 74
Inject into ../bin/hello
----- Type : plus_2 Pos : PT_F40 -----
There are 1 faults will be injected in faulttable...
101399 microseconds
Fault on PT_F40(0X7f4d7ab9bee0 -> 0X7f4d7ab9bee2)
3000060 microseconds
timeout
[2016-10-27 11:20:19]Process 11248 termed with signal 14(SIGALRM)
PT_F40-plus_2-150 Test Num : 75
Inject into ../bin/hello
----- Type : plus_2 Pos : PT_F40 -----
There are 1 faults will be injected in faulttable...
101043 microseconds
Fault on PT_F40(0X7f28f88a9ee0 -> 0X7f28f88a9ee2)
3000082 microseconds
timeout
[2016-10-27 11:20:22]Process 11251 termed with signal 14(SIGALRM)
PT_F40-plus_2-150 Test Num : 76
Inject into ../bin/hello
----- Type : plus_2 Pos : PT_F40 -----
There are 1 faults will be injected in faulttable...
100111 microseconds
Fault on PT_F40(0X7f4fd8352ee0 -> 0X7f4fd8352ee2)
3000149 microseconds
timeout
[2016-10-27 11:20:25]Process 11254 termed with signal 14(SIGALRM)
PT_F40-plus_2-150 Test Num : 77
Inject into ../bin/hello
----- Type : plus_2 Pos : PT_F40 -----
There are 1 faults will be injected in faulttable...
100100 microseconds
Fault on PT_F40(0X7f25afe74ee0 -> 0X7f25afe74ee2)
3000067 microseconds
timeout
[2016-10-27 11:20:28]Process 11257 termed with signal 14(SIGALRM)
PT_F40-plus_2-150 Test Num : 78
Inject into ../bin/hello
----- Type : plus_2 Pos : PT_F40 -----
There are 1 faults will be injected in faulttable...
100181 microseconds
Fault on PT_F40(0X7f4ceb613ee0 -> 0X7f4ceb613ee2)
3000063 microseconds
timeout
[2016-10-27 11:20:31]Process 11260 termed with signal 14(SIGALRM)
PT_F40-plus_2-150 Test Num : 79
Inject into ../bin/hello
----- Type : plus_2 Pos : PT_F40 -----
There are 1 faults will be injected in faulttable...
101031 microseconds
Fault on PT_F40(0X7fe3883deee0 -> 0X7fe3883deee2)
3000098 microseconds
timeout
[2016-10-27 11:20:34]Process 11263 termed with signal 14(SIGALRM)
PT_F40-plus_2-150 Test Num : 80
Inject into ../bin/hello
----- Type : plus_2 Pos : PT_F40 -----
There are 1 faults will be injected in faulttable...
101027 microseconds
Fault on PT_F40(0X7f2cf34b3ee0 -> 0X7f2cf34b3ee2)
3000105 microseconds
timeout
[2016-10-27 11:20:37]Process 11265 termed with signal 14(SIGALRM)
PT_F40-plus_2-150 Test Num : 81
Inject into ../bin/hello
----- Type : plus_2 Pos : PT_F40 -----
There are 1 faults will be injected in faulttable...
101076 microseconds
Fault on PT_F40(0X7f97d82e2ee0 -> 0X7f97d82e2ee2)
3000103 microseconds
timeout
[2016-10-27 11:20:41]Process 11268 termed with signal 14(SIGALRM)
PT_F40-plus_2-150 Test Num : 82
Inject into ../bin/hello
----- Type : plus_2 Pos : PT_F40 -----
There are 1 faults will be injected in faulttable...
100076 microseconds
Fault on PT_F40(0X7f2c24787ee0 -> 0X7f2c24787ee2)
3000068 microseconds
timeout
[2016-10-27 11:20:44]Process 11271 termed with signal 14(SIGALRM)
PT_F40-plus_2-150 Test Num : 83
Inject into ../bin/hello
----- Type : plus_2 Pos : PT_F40 -----
There are 1 faults will be injected in faulttable...
101140 microseconds
Fault on PT_F40(0X7f0292dd2ee0 -> 0X7f0292dd2ee2)
3000084 microseconds
timeout
[2016-10-27 11:20:47]Process 11274 termed with signal 14(SIGALRM)
PT_F40-plus_2-150 Test Num : 84
Inject into ../bin/hello
----- Type : plus_2 Pos : PT_F40 -----
There are 1 faults will be injected in faulttable...
100991 microseconds
Fault on PT_F40(0X7f799dc46ee0 -> 0X7f799dc46ee2)
3000076 microseconds
timeout
[2016-10-27 11:20:50]Process 11314 termed with signal 14(SIGALRM)
PT_F40-plus_2-150 Test Num : 85
Inject into ../bin/hello
----- Type : plus_2 Pos : PT_F40 -----
There are 1 faults will be injected in faulttable...
101056 microseconds
Fault on PT_F40(0X7f578238aee0 -> 0X7f578238aee2)
3000090 microseconds
timeout
[2016-10-27 11:20:53]Process 11348 termed with signal 14(SIGALRM)
PT_F40-plus_2-150 Test Num : 86
Inject into ../bin/hello
----- Type : plus_2 Pos : PT_F40 -----
There are 1 faults will be injected in faulttable...
101090 microseconds
Fault on PT_F40(0X7f4d2b0dcee0 -> 0X7f4d2b0dcee2)
3000096 microseconds
timeout
[2016-10-27 11:20:56]Process 11369 termed with signal 14(SIGALRM)
PT_F40-plus_2-150 Test Num : 87
Inject into ../bin/hello
----- Type : plus_2 Pos : PT_F40 -----
There are 1 faults will be injected in faulttable...
101026 microseconds
Fault on PT_F40(0X7fe063673ee0 -> 0X7fe063673ee2)
3000067 microseconds
timeout
[2016-10-27 11:20:59]Process 11378 termed with signal 14(SIGALRM)
PT_F40-plus_2-150 Test Num : 88
Inject into ../bin/hello
----- Type : plus_2 Pos : PT_F40 -----
There are 1 faults will be injected in faulttable...
101084 microseconds
Fault on PT_F40(0X7f57d69abee0 -> 0X7f57d69abee2)
3000117 microseconds
timeout
[ 2016-10-27 11:21:2]Process 11380 termed with signal 14(SIGALRM)
PT_F40-plus_2-150 Test Num : 89
Inject into ../bin/hello
----- Type : plus_2 Pos : PT_F40 -----
There are 1 faults will be injected in faulttable...
101240 microseconds
Fault on PT_F40(0X7f0ef6a0aee0 -> 0X7f0ef6a0aee2)
3000061 microseconds
timeout
[ 2016-10-27 11:21:5]Process 11382 termed with signal 14(SIGALRM)
PT_F40-plus_2-150 Test Num : 90
Inject into ../bin/hello
----- Type : plus_2 Pos : PT_F40 -----
There are 1 faults will be injected in faulttable...
101161 microseconds
Fault on PT_F40(0X7f053ae82ee0 -> 0X7f053ae82ee2)
3000105 microseconds
timeout
[ 2016-10-27 11:21:9]Process 11384 termed with signal 14(SIGALRM)
PT_F40-plus_2-150 Test Num : 91
Inject into ../bin/hello
----- Type : plus_2 Pos : PT_F40 -----
There are 1 faults will be injected in faulttable...
101107 microseconds
Fault on PT_F40(0X7f30e521aee0 -> 0X7f30e521aee2)
3000103 microseconds
timeout
[2016-10-27 11:21:12]Process 11386 termed with signal 14(SIGALRM)
PT_F40-plus_2-150 Test Num : 92
Inject into ../bin/hello
----- Type : plus_2 Pos : PT_F40 -----
There are 1 faults will be injected in faulttable...
101041 microseconds
Fault on PT_F40(0X7f56e0aacee0 -> 0X7f56e0aacee2)
3000146 microseconds
timeout
[2016-10-27 11:21:15]Process 11388 termed with signal 14(SIGALRM)
PT_F40-plus_2-150 Test Num : 93
Inject into ../bin/hello
----- Type : plus_2 Pos : PT_F40 -----
There are 1 faults will be injected in faulttable...
100100 microseconds
Fault on PT_F40(0X7f3a3378eee0 -> 0X7f3a3378eee2)
3000058 microseconds
timeout
[2016-10-27 11:21:18]Process 11390 termed with signal 14(SIGALRM)
PT_F40-plus_2-150 Test Num : 94
Inject into ../bin/hello
----- Type : plus_2 Pos : PT_F40 -----
There are 1 faults will be injected in faulttable...
101084 microseconds
Fault on PT_F40(0X7f46419d2ee0 -> 0X7f46419d2ee2)
3000128 microseconds
timeout
[2016-10-27 11:21:21]Process 11393 termed with signal 14(SIGALRM)
PT_F40-plus_2-150 Test Num : 95
Inject into ../bin/hello
----- Type : plus_2 Pos : PT_F40 -----
There are 1 faults will be injected in faulttable...
101003 microseconds
Fault on PT_F40(0X7f623abf4ee0 -> 0X7f623abf4ee2)
3000150 microseconds
timeout
[2016-10-27 11:21:24]Process 11395 termed with signal 14(SIGALRM)
PT_F40-plus_2-150 Test Num : 96
Inject into ../bin/hello
----- Type : plus_2 Pos : PT_F40 -----
There are 1 faults will be injected in faulttable...
101055 microseconds
Fault on PT_F40(0X7fb57e964ee0 -> 0X7fb57e964ee2)
3000125 microseconds
timeout
[2016-10-27 11:21:27]Process 11397 termed with signal 14(SIGALRM)
PT_F40-plus_2-150 Test Num : 97
Inject into ../bin/hello
----- Type : plus_2 Pos : PT_F40 -----
There are 1 faults will be injected in faulttable...
101250 microseconds
Fault on PT_F40(0X7eff45d36ee0 -> 0X7eff45d36ee2)
3000081 microseconds
timeout
[2016-10-27 11:21:30]Process 11399 termed with signal 14(SIGALRM)
PT_F40-plus_2-150 Test Num : 98
Inject into ../bin/hello
----- Type : plus_2 Pos : PT_F40 -----
There are 1 faults will be injected in faulttable...
101152 microseconds
Fault on PT_F40(0X7f0bfd2acee0 -> 0X7f0bfd2acee2)
3000166 microseconds
timeout
[2016-10-27 11:21:33]Process 11401 termed with signal 14(SIGALRM)
PT_F40-plus_2-150 Test Num : 99
Inject into ../bin/hello
----- Type : plus_2 Pos : PT_F40 -----
There are 1 faults will be injected in faulttable...
101307 microseconds
Fault on PT_F40(0X7f37964e8ee0 -> 0X7f37964e8ee2)
3000082 microseconds
timeout
[2016-10-27 11:21:37]Process 11403 termed with signal 14(SIGALRM)
PT_F40-plus_2-150 Test Num : 100
Inject into ../bin/hello
----- Type : plus_2 Pos : PT_F40 -----
There are 1 faults will be injected in faulttable...
101079 microseconds
Fault on PT_F40(0X7f2c71811ee0 -> 0X7f2c71811ee2)
3000133 microseconds
timeout
[2016-10-27 11:21:40]Process 11405 termed with signal 14(SIGALRM)
PT_F40-plus_2-150 Test Num : 101
Inject into ../bin/hello
----- Type : plus_2 Pos : PT_F40 -----
There are 1 faults will be injected in faulttable...
101523 microseconds
Fault on PT_F40(0X7f6dd3810ee0 -> 0X7f6dd3810ee2)
3000104 microseconds
timeout
[2016-10-27 11:21:43]Process 11407 termed with signal 14(SIGALRM)
PT_F40-plus_2-150 Test Num : 102
Inject into ../bin/hello
----- Type : plus_2 Pos : PT_F40 -----
There are 1 faults will be injected in faulttable...
101084 microseconds
Fault on PT_F40(0X7f3dee602ee0 -> 0X7f3dee602ee2)
3000124 microseconds
timeout
[2016-10-27 11:21:46]Process 11409 termed with signal 14(SIGALRM)
PT_F40-plus_2-150 Test Num : 103
Inject into ../bin/hello
----- Type : plus_2 Pos : PT_F40 -----
There are 1 faults will be injected in faulttable...
101024 microseconds
Fault on PT_F40(0X7f25b9e2dee0 -> 0X7f25b9e2dee2)
3000154 microseconds
timeout
[2016-10-27 11:21:49]Process 11411 termed with signal 14(SIGALRM)
PT_F40-plus_2-150 Test Num : 104
Inject into ../bin/hello
----- Type : plus_2 Pos : PT_F40 -----
There are 1 faults will be injected in faulttable...
100084 microseconds
Fault on PT_F40(0X7fd719695ee0 -> 0X7fd719695ee2)
3000090 microseconds
timeout
[2016-10-27 11:21:52]Process 11413 termed with signal 14(SIGALRM)
PT_F40-plus_2-150 Test Num : 105
Inject into ../bin/hello
----- Type : plus_2 Pos : PT_F40 -----
There are 1 faults will be injected in faulttable...
100291 microseconds
Fault on PT_F40(0X7f68cd196ee0 -> 0X7f68cd196ee2)
3000119 microseconds
timeout
[2016-10-27 11:21:55]Process 11415 termed with signal 14(SIGALRM)
PT_F40-plus_2-150 Test Num : 106
Inject into ../bin/hello
----- Type : plus_2 Pos : PT_F40 -----
There are 1 faults will be injected in faulttable...
101295 microseconds
Fault on PT_F40(0X7f4170081ee0 -> 0X7f4170081ee2)
3000233 microseconds
timeout
[2016-10-27 11:21:58]Process 11417 termed with signal 14(SIGALRM)
PT_F40-plus_2-150 Test Num : 107
Inject into ../bin/hello
----- Type : plus_2 Pos : PT_F40 -----
There are 1 faults will be injected in faulttable...
101178 microseconds
Fault on PT_F40(0X7f2272d83ee0 -> 0X7f2272d83ee2)
3000071 microseconds
timeout
[ 2016-10-27 11:22:1]Process 11419 termed with signal 14(SIGALRM)
PT_F40-plus_2-150 Test Num : 108
Inject into ../bin/hello
----- Type : plus_2 Pos : PT_F40 -----
There are 1 faults will be injected in faulttable...
101044 microseconds
Fault on PT_F40(0X7ff181d60ee0 -> 0X7ff181d60ee2)
3000121 microseconds
timeout
[ 2016-10-27 11:22:5]Process 11421 termed with signal 14(SIGALRM)
PT_F40-plus_2-150 Test Num : 109
Inject into ../bin/hello
----- Type : plus_2 Pos : PT_F40 -----
There are 1 faults will be injected in faulttable...
101575 microseconds
Fault on PT_F40(0X7fbfadfb9ee0 -> 0X7fbfadfb9ee2)
3000133 microseconds
timeout
[ 2016-10-27 11:22:8]Process 11423 termed with signal 14(SIGALRM)
PT_F40-plus_2-150 Test Num : 110
Inject into ../bin/hello
----- Type : plus_2 Pos : PT_F40 -----
There are 1 faults will be injected in faulttable...
101062 microseconds
Fault on PT_F40(0X7f2dcf7c2ee0 -> 0X7f2dcf7c2ee2)
3000163 microseconds
timeout
[2016-10-27 11:22:11]Process 11425 termed with signal 14(SIGALRM)
PT_F40-plus_2-150 Test Num : 111
Inject into ../bin/hello
----- Type : plus_2 Pos : PT_F40 -----
There are 1 faults will be injected in faulttable...
101051 microseconds
Fault on PT_F40(0X7f5630273ee0 -> 0X7f5630273ee2)
3000089 microseconds
timeout
[2016-10-27 11:22:14]Process 11427 termed with signal 14(SIGALRM)
PT_F40-plus_2-150 Test Num : 112
Inject into ../bin/hello
----- Type : plus_2 Pos : PT_F40 -----
There are 1 faults will be injected in faulttable...
101076 microseconds
Fault on PT_F40(0X7f25f5d14ee0 -> 0X7f25f5d14ee2)
3000537 microseconds
timeout
[2016-10-27 11:22:17]Process 11429 termed with signal 14(SIGALRM)
PT_F40-plus_2-150 Test Num : 113
Inject into ../bin/hello
----- Type : plus_2 Pos : PT_F40 -----
There are 1 faults will be injected in faulttable...
101228 microseconds
Fault on PT_F40(0X7f0ada8b7ee0 -> 0X7f0ada8b7ee2)
3000150 microseconds
timeout
[2016-10-27 11:22:20]Process 11431 termed with signal 14(SIGALRM)
PT_F40-plus_2-150 Test Num : 114
Inject into ../bin/hello
----- Type : plus_2 Pos : PT_F40 -----
There are 1 faults will be injected in faulttable...
101386 microseconds
Fault on PT_F40(0X7feb6e9b6ee0 -> 0X7feb6e9b6ee2)
3000123 microseconds
timeout
[2016-10-27 11:22:23]Process 11433 termed with signal 14(SIGALRM)
PT_F40-plus_2-150 Test Num : 115
Inject into ../bin/hello
----- Type : plus_2 Pos : PT_F40 -----
There are 1 faults will be injected in faulttable...
101484 microseconds
Fault on PT_F40(0X7fb1def4cee0 -> 0X7fb1def4cee2)
3000089 microseconds
timeout
[2016-10-27 11:22:26]Process 11435 termed with signal 14(SIGALRM)
PT_F40-plus_2-150 Test Num : 116
Inject into ../bin/hello
----- Type : plus_2 Pos : PT_F40 -----
There are 1 faults will be injected in faulttable...
101063 microseconds
Fault on PT_F40(0X7f26e3de1ee0 -> 0X7f26e3de1ee2)
3000089 microseconds
timeout
[2016-10-27 11:22:30]Process 11439 termed with signal 14(SIGALRM)
PT_F40-plus_2-150 Test Num : 117
Inject into ../bin/hello
----- Type : plus_2 Pos : PT_F40 -----
There are 1 faults will be injected in faulttable...
100071 microseconds
Fault on PT_F40(0X7f6ffedf7ee0 -> 0X7f6ffedf7ee2)
3000067 microseconds
timeout
[2016-10-27 11:22:33]Process 11441 termed with signal 14(SIGALRM)
PT_F40-plus_2-150 Test Num : 118
Inject into ../bin/hello
----- Type : plus_2 Pos : PT_F40 -----
There are 1 faults will be injected in faulttable...
101236 microseconds
Fault on PT_F40(0X7f6751f35ee0 -> 0X7f6751f35ee2)
3000147 microseconds
timeout
[2016-10-27 11:22:36]Process 11443 termed with signal 14(SIGALRM)
PT_F40-plus_2-150 Test Num : 119
Inject into ../bin/hello
----- Type : plus_2 Pos : PT_F40 -----
There are 1 faults will be injected in faulttable...
101166 microseconds
Fault on PT_F40(0X7fdfa5047ee0 -> 0X7fdfa5047ee2)
3000083 microseconds
timeout
[2016-10-27 11:22:39]Process 11445 termed with signal 14(SIGALRM)
PT_F40-plus_2-150 Test Num : 120
Inject into ../bin/hello
----- Type : plus_2 Pos : PT_F40 -----
There are 1 faults will be injected in faulttable...
101057 microseconds
Fault on PT_F40(0X7f23b6665ee0 -> 0X7f23b6665ee2)
3000130 microseconds
timeout
[2016-10-27 11:22:42]Process 11447 termed with signal 14(SIGALRM)
PT_F40-plus_2-150 Test Num : 121
Inject into ../bin/hello
----- Type : plus_2 Pos : PT_F40 -----
There are 1 faults will be injected in faulttable...
101051 microseconds
Fault on PT_F40(0X7feb76e02ee0 -> 0X7feb76e02ee2)
3000084 microseconds
timeout
[2016-10-27 11:22:45]Process 11449 termed with signal 14(SIGALRM)
PT_F40-plus_2-150 Test Num : 122
Inject into ../bin/hello
----- Type : plus_2 Pos : PT_F40 -----
There are 1 faults will be injected in faulttable...
101585 microseconds
Fault on PT_F40(0X7fdf62ea0ee0 -> 0X7fdf62ea0ee2)
3000129 microseconds
timeout
[2016-10-27 11:22:48]Process 11451 termed with signal 14(SIGALRM)
PT_F40-plus_2-150 Test Num : 123
Inject into ../bin/hello
----- Type : plus_2 Pos : PT_F40 -----
There are 1 faults will be injected in faulttable...
100154 microseconds
Fault on PT_F40(0X7fe3752fbee0 -> 0X7fe3752fbee2)
3000078 microseconds
timeout
[2016-10-27 11:22:51]Process 11453 termed with signal 14(SIGALRM)
PT_F40-plus_2-150 Test Num : 124
Inject into ../bin/hello
----- Type : plus_2 Pos : PT_F40 -----
There are 1 faults will be injected in faulttable...
101333 microseconds
Fault on PT_F40(0X7f1c3f65dee0 -> 0X7f1c3f65dee2)
3000078 microseconds
timeout
[2016-10-27 11:22:54]Process 11455 termed with signal 14(SIGALRM)
PT_F40-plus_2-150 Test Num : 125
Inject into ../bin/hello
----- Type : plus_2 Pos : PT_F40 -----
There are 1 faults will be injected in faulttable...
101126 microseconds
Fault on PT_F40(0X7f30054d6ee0 -> 0X7f30054d6ee2)
3000052 microseconds
timeout
[2016-10-27 11:22:58]Process 11457 termed with signal 14(SIGALRM)
PT_F40-plus_2-150 Test Num : 126
Inject into ../bin/hello
----- Type : plus_2 Pos : PT_F40 -----
There are 1 faults will be injected in faulttable...
100078 microseconds
Fault on PT_F40(0X7fd77c760ee0 -> 0X7fd77c760ee2)
3000159 microseconds
timeout
[ 2016-10-27 11:23:1]Process 11459 termed with signal 14(SIGALRM)
PT_F40-plus_2-150 Test Num : 127
Inject into ../bin/hello
----- Type : plus_2 Pos : PT_F40 -----
There are 1 faults will be injected in faulttable...
101087 microseconds
Fault on PT_F40(0X7f22e0f29ee0 -> 0X7f22e0f29ee2)
3000069 microseconds
timeout
[ 2016-10-27 11:23:4]Process 11461 termed with signal 14(SIGALRM)
PT_F40-plus_2-150 Test Num : 128
Inject into ../bin/hello
----- Type : plus_2 Pos : PT_F40 -----
There are 1 faults will be injected in faulttable...
100240 microseconds
Fault on PT_F40(0X7fa83f153ee0 -> 0X7fa83f153ee2)
3000079 microseconds
timeout
[ 2016-10-27 11:23:7]Process 11463 termed with signal 14(SIGALRM)
PT_F40-plus_2-150 Test Num : 129
Inject into ../bin/hello
----- Type : plus_2 Pos : PT_F40 -----
There are 1 faults will be injected in faulttable...
100964 microseconds
Fault on PT_F40(0X7fb330fe4ee0 -> 0X7fb330fe4ee2)
3000157 microseconds
timeout
[2016-10-27 11:23:10]Process 11465 termed with signal 14(SIGALRM)
PT_F40-plus_2-150 Test Num : 130
Inject into ../bin/hello
----- Type : plus_2 Pos : PT_F40 -----
There are 1 faults will be injected in faulttable...
101073 microseconds
Fault on PT_F40(0X7f59f7879ee0 -> 0X7f59f7879ee2)
3000103 microseconds
timeout
[2016-10-27 11:23:13]Process 11467 termed with signal 14(SIGALRM)
PT_F40-plus_2-150 Test Num : 131
Inject into ../bin/hello
----- Type : plus_2 Pos : PT_F40 -----
There are 1 faults will be injected in faulttable...
100127 microseconds
Fault on PT_F40(0X7f4b4fe87ee0 -> 0X7f4b4fe87ee2)
3000151 microseconds
timeout
[2016-10-27 11:23:16]Process 11469 termed with signal 14(SIGALRM)
PT_F40-plus_2-150 Test Num : 132
Inject into ../bin/hello
----- Type : plus_2 Pos : PT_F40 -----
There are 1 faults will be injected in faulttable...
100122 microseconds
Fault on PT_F40(0X7f2c00c78ee0 -> 0X7f2c00c78ee2)
3000102 microseconds
timeout
[2016-10-27 11:23:19]Process 11471 termed with signal 14(SIGALRM)
PT_F40-plus_2-150 Test Num : 133
Inject into ../bin/hello
----- Type : plus_2 Pos : PT_F40 -----
There are 1 faults will be injected in faulttable...
101164 microseconds
Fault on PT_F40(0X7fa5373a4ee0 -> 0X7fa5373a4ee2)
3000145 microseconds
timeout
[2016-10-27 11:23:22]Process 11473 termed with signal 14(SIGALRM)
PT_F40-plus_2-150 Test Num : 134
Inject into ../bin/hello
----- Type : plus_2 Pos : PT_F40 -----
There are 1 faults will be injected in faulttable...
101092 microseconds
Fault on PT_F40(0X7fb84a951ee0 -> 0X7fb84a951ee2)
3000214 microseconds
timeout
[2016-10-27 11:23:26]Process 11475 termed with signal 14(SIGALRM)
PT_F40-plus_2-150 Test Num : 135
Inject into ../bin/hello
----- Type : plus_2 Pos : PT_F40 -----
There are 1 faults will be injected in faulttable...
101103 microseconds
Fault on PT_F40(0X7f486d744ee0 -> 0X7f486d744ee2)
3000090 microseconds
timeout
[2016-10-27 11:23:29]Process 11477 termed with signal 14(SIGALRM)
PT_F40-plus_2-150 Test Num : 136
Inject into ../bin/hello
----- Type : plus_2 Pos : PT_F40 -----
There are 1 faults will be injected in faulttable...
100948 microseconds
Fault on PT_F40(0X7f92242e5ee0 -> 0X7f92242e5ee2)
3000127 microseconds
timeout
[2016-10-27 11:23:32]Process 11479 termed with signal 14(SIGALRM)
PT_F40-plus_2-150 Test Num : 137
Inject into ../bin/hello
----- Type : plus_2 Pos : PT_F40 -----
There are 1 faults will be injected in faulttable...
101035 microseconds
Fault on PT_F40(0X7f6ff48f8ee0 -> 0X7f6ff48f8ee2)
3000110 microseconds
timeout
[2016-10-27 11:23:35]Process 11481 termed with signal 14(SIGALRM)
PT_F40-plus_2-150 Test Num : 138
Inject into ../bin/hello
----- Type : plus_2 Pos : PT_F40 -----
There are 1 faults will be injected in faulttable...
101117 microseconds
Fault on PT_F40(0X7f67eb67dee0 -> 0X7f67eb67dee2)
3000107 microseconds
timeout
[2016-10-27 11:23:38]Process 11483 termed with signal 14(SIGALRM)
PT_F40-plus_2-150 Test Num : 139
Inject into ../bin/hello
----- Type : plus_2 Pos : PT_F40 -----
There are 1 faults will be injected in faulttable...
100331 microseconds
Fault on PT_F40(0X7f8b5c1d9ee0 -> 0X7f8b5c1d9ee2)
3000088 microseconds
timeout
[2016-10-27 11:23:41]Process 11485 termed with signal 14(SIGALRM)
PT_F40-plus_2-150 Test Num : 140
Inject into ../bin/hello
----- Type : plus_2 Pos : PT_F40 -----
There are 1 faults will be injected in faulttable...
101058 microseconds
Fault on PT_F40(0X7f17a418bee0 -> 0X7f17a418bee2)
3000124 microseconds
timeout
[2016-10-27 11:23:44]Process 11487 termed with signal 14(SIGALRM)
PT_F40-plus_2-150 Test Num : 141
Inject into ../bin/hello
----- Type : plus_2 Pos : PT_F40 -----
There are 1 faults will be injected in faulttable...
101355 microseconds
Fault on PT_F40(0X7f95edf31ee0 -> 0X7f95edf31ee2)
3000125 microseconds
timeout
[2016-10-27 11:23:47]Process 11489 termed with signal 14(SIGALRM)
PT_F40-plus_2-150 Test Num : 142
Inject into ../bin/hello
----- Type : plus_2 Pos : PT_F40 -----
There are 1 faults will be injected in faulttable...
101245 microseconds
Fault on PT_F40(0X7f404f9d8ee0 -> 0X7f404f9d8ee2)
3000158 microseconds
timeout
[2016-10-27 11:23:50]Process 11491 termed with signal 14(SIGALRM)
PT_F40-plus_2-150 Test Num : 143
Inject into ../bin/hello
----- Type : plus_2 Pos : PT_F40 -----
There are 1 faults will be injected in faulttable...
101139 microseconds
Fault on PT_F40(0X7f0d159fbee0 -> 0X7f0d159fbee2)
3000105 microseconds
timeout
[2016-10-27 11:23:54]Process 11493 termed with signal 14(SIGALRM)
PT_F40-plus_2-150 Test Num : 144
Inject into ../bin/hello
----- Type : plus_2 Pos : PT_F40 -----
There are 1 faults will be injected in faulttable...
100974 microseconds
Fault on PT_F40(0X7f5726440ee0 -> 0X7f5726440ee2)
3000096 microseconds
timeout
[2016-10-27 11:23:57]Process 11495 termed with signal 14(SIGALRM)
PT_F40-plus_2-150 Test Num : 145
Inject into ../bin/hello
----- Type : plus_2 Pos : PT_F40 -----
There are 1 faults will be injected in faulttable...
101133 microseconds
Fault on PT_F40(0X7f27b7721ee0 -> 0X7f27b7721ee2)
3000150 microseconds
timeout
[ 2016-10-27 11:24:0]Process 11497 termed with signal 14(SIGALRM)
PT_F40-plus_2-150 Test Num : 146
Inject into ../bin/hello
----- Type : plus_2 Pos : PT_F40 -----
There are 1 faults will be injected in faulttable...
101382 microseconds
Fault on PT_F40(0X7f8f250b6ee0 -> 0X7f8f250b6ee2)
3000141 microseconds
timeout
[ 2016-10-27 11:24:3]Process 11499 termed with signal 14(SIGALRM)
PT_F40-plus_2-150 Test Num : 147
Inject into ../bin/hello
----- Type : plus_2 Pos : PT_F40 -----
There are 1 faults will be injected in faulttable...
100967 microseconds
Fault on PT_F40(0X7fd9c49deee0 -> 0X7fd9c49deee2)
3000116 microseconds
timeout
[ 2016-10-27 11:24:6]Process 11501 termed with signal 14(SIGALRM)
PT_F40-plus_2-150 Test Num : 148
Inject into ../bin/hello
----- Type : plus_2 Pos : PT_F40 -----
There are 1 faults will be injected in faulttable...
101399 microseconds
Fault on PT_F40(0X7ff46b98cee0 -> 0X7ff46b98cee2)
3000081 microseconds
timeout
[ 2016-10-27 11:24:9]Process 11503 termed with signal 14(SIGALRM)
PT_F40-plus_2-150 Test Num : 149
Inject into ../bin/hello
----- Type : plus_2 Pos : PT_F40 -----
There are 1 faults will be injected in faulttable...
100093 microseconds
Fault on PT_F40(0X7f1de0f86ee0 -> 0X7f1de0f86ee2)
3000082 microseconds
timeout
[2016-10-27 11:24:12]Process 11505 termed with signal 14(SIGALRM)
PT_F40-plus_2-150 Test Num : 150
Inject into ../bin/hello
----- Type : plus_2 Pos : PT_F40 -----
There are 1 faults will be injected in faulttable...
101271 microseconds
Fault on PT_F40(0X7f21dc247ee0 -> 0X7f21dc247ee2)
3000085 microseconds
timeout
[2016-10-27 11:24:15]Process 11508 termed with signal 14(SIGALRM)
