PT_F40-1_bit_1-150 Test Num : 1
Inject into ../bin/hello
----- Type : 1_bit_1 Pos : PT_F40 -----
There are 1 faults will be injected in faulttable...
100921 microseconds
Fault on PT_F40(0X7fb7587c8ee0 -> 0X80007fb7587c8ee0)
16 microseconds
[2016-10-27 11:13:17]Process 9107 termed with signal 11(SIGSEGV)
PT_F40-1_bit_1-150 Test Num : 2
Inject into ../bin/hello
----- Type : 1_bit_1 Pos : PT_F40 -----
There are 1 faults will be injected in faulttable...
100987 microseconds
Fault on PT_F40(0X7fb3ddca9ee0 -> 0X80007fb3ddca9ee0)
11 microseconds
[2016-10-27 11:13:17]Process 9109 termed with signal 11(SIGSEGV)
PT_F40-1_bit_1-150 Test Num : 3
Inject into ../bin/hello
----- Type : 1_bit_1 Pos : PT_F40 -----
There are 1 faults will be injected in faulttable...
101018 microseconds
Fault on PT_F40(0X7fdb24dafee0 -> 0X80007fdb24dafee0)
13 microseconds
[2016-10-27 11:13:17]Process 9111 termed with signal 11(SIGSEGV)
PT_F40-1_bit_1-150 Test Num : 4
Inject into ../bin/hello
----- Type : 1_bit_1 Pos : PT_F40 -----
There are 1 faults will be injected in faulttable...
101108 microseconds
Fault on PT_F40(0X7f9f2404fee0 -> 0X80007f9f2404fee0)
20 microseconds
[2016-10-27 11:13:17]Process 9113 termed with signal 11(SIGSEGV)
PT_F40-1_bit_1-150 Test Num : 5
Inject into ../bin/hello
----- Type : 1_bit_1 Pos : PT_F40 -----
There are 1 faults will be injected in faulttable...
101209 microseconds
Fault on PT_F40(0X7f81752f2ee0 -> 0X80007f81752f2ee0)
23 microseconds
[2016-10-27 11:13:17]Process 9115 termed with signal 11(SIGSEGV)
PT_F40-1_bit_1-150 Test Num : 6
Inject into ../bin/hello
----- Type : 1_bit_1 Pos : PT_F40 -----
There are 1 faults will be injected in faulttable...
101201 microseconds
Fault on PT_F40(0X7f097ad99ee0 -> 0X80007f097ad99ee0)
15 microseconds
[2016-10-27 11:13:17]Process 9117 termed with signal 11(SIGSEGV)
PT_F40-1_bit_1-150 Test Num : 7
Inject into ../bin/hello
----- Type : 1_bit_1 Pos : PT_F40 -----
There are 1 faults will be injected in faulttable...
101082 microseconds
Fault on PT_F40(0X7f84885d3ee0 -> 0X80007f84885d3ee0)
14 microseconds
[2016-10-27 11:13:17]Process 9119 termed with signal 11(SIGSEGV)
PT_F40-1_bit_1-150 Test Num : 8
Inject into ../bin/hello
----- Type : 1_bit_1 Pos : PT_F40 -----
There are 1 faults will be injected in faulttable...
101075 microseconds
Fault on PT_F40(0X7f769154bee0 -> 0X80007f769154bee0)
13 microseconds
[2016-10-27 11:13:17]Process 9121 termed with signal 11(SIGSEGV)
PT_F40-1_bit_1-150 Test Num : 9
Inject into ../bin/hello
----- Type : 1_bit_1 Pos : PT_F40 -----
There are 1 faults will be injected in faulttable...
101053 microseconds
Fault on PT_F40(0X7f4ad38e3ee0 -> 0X7f4ad38e3ee0)
3000104 microseconds
timeout
[2016-10-27 11:13:21]Process 9123 termed with signal 14(SIGALRM)
PT_F40-1_bit_1-150 Test Num : 10
Inject into ../bin/hello
----- Type : 1_bit_1 Pos : PT_F40 -----
There are 1 faults will be injected in faulttable...
101255 microseconds
Fault on PT_F40(0X7f5f22709ee0 -> 0X87f5f22709ee0)
12 microseconds
[2016-10-27 11:13:21]Process 9125 termed with signal 11(SIGSEGV)
PT_F40-1_bit_1-150 Test Num : 11
Inject into ../bin/hello
----- Type : 1_bit_1 Pos : PT_F40 -----
There are 1 faults will be injected in faulttable...
101026 microseconds
Fault on PT_F40(0X7fc6217a1ee0 -> 0X87fc6217a1ee0)
13 microseconds
[2016-10-27 11:13:21]Process 9127 termed with signal 11(SIGSEGV)
PT_F40-1_bit_1-150 Test Num : 12
Inject into ../bin/hello
----- Type : 1_bit_1 Pos : PT_F40 -----
There are 1 faults will be injected in faulttable...
101920 microseconds
Fault on PT_F40(0X7f2862fdbee0 -> 0X87f2862fdbee0)
10 microseconds
[2016-10-27 11:13:21]Process 9129 termed with signal 11(SIGSEGV)
PT_F40-1_bit_1-150 Test Num : 13
Inject into ../bin/hello
----- Type : 1_bit_1 Pos : PT_F40 -----
There are 1 faults will be injected in faulttable...
101071 microseconds
Fault on PT_F40(0X7fbbff85aee0 -> 0X87fbbff85aee0)
16 microseconds
[2016-10-27 11:13:21]Process 9131 termed with signal 11(SIGSEGV)
PT_F40-1_bit_1-150 Test Num : 14
Inject into ../bin/hello
----- Type : 1_bit_1 Pos : PT_F40 -----
There are 1 faults will be injected in faulttable...
101874 microseconds
Fault on PT_F40(0X7ff593149ee0 -> 0X87ff593149ee0)
12 microseconds
[2016-10-27 11:13:21]Process 9133 termed with signal 11(SIGSEGV)
PT_F40-1_bit_1-150 Test Num : 15
Inject into ../bin/hello
----- Type : 1_bit_1 Pos : PT_F40 -----
There are 1 faults will be injected in faulttable...
101034 microseconds
Fault on PT_F40(0X7f23b3152ee0 -> 0X87f23b3152ee0)
11 microseconds
[2016-10-27 11:13:21]Process 9135 termed with signal 11(SIGSEGV)
PT_F40-1_bit_1-150 Test Num : 16
Inject into ../bin/hello
----- Type : 1_bit_1 Pos : PT_F40 -----
There are 1 faults will be injected in faulttable...
101046 microseconds
Fault on PT_F40(0X7f1b35a5dee0 -> 0X87f1b35a5dee0)
17 microseconds
[2016-10-27 11:13:21]Process 9137 termed with signal 11(SIGSEGV)
PT_F40-1_bit_1-150 Test Num : 17
Inject into ../bin/hello
----- Type : 1_bit_1 Pos : PT_F40 -----
There are 1 faults will be injected in faulttable...
101383 microseconds
Fault on PT_F40(0X7f0db1f34ee0 -> 0X87f0db1f34ee0)
13 microseconds
[2016-10-27 11:13:21]Process 9139 termed with signal 11(SIGSEGV)
PT_F40-1_bit_1-150 Test Num : 18
Inject into ../bin/hello
----- Type : 1_bit_1 Pos : PT_F40 -----
There are 1 faults will be injected in faulttable...
101193 microseconds
Fault on PT_F40(0X7f6c771c8ee0 -> 0X80007f6c771c8ee0)
20 microseconds
[2016-10-27 11:13:22]Process 9141 termed with signal 11(SIGSEGV)
PT_F40-1_bit_1-150 Test Num : 19
Inject into ../bin/hello
----- Type : 1_bit_1 Pos : PT_F40 -----
There are 1 faults will be injected in faulttable...
101541 microseconds
Fault on PT_F40(0X7f4baa065ee0 -> 0X80007f4baa065ee0)
13 microseconds
[2016-10-27 11:13:22]Process 9143 termed with signal 11(SIGSEGV)
PT_F40-1_bit_1-150 Test Num : 20
Inject into ../bin/hello
----- Type : 1_bit_1 Pos : PT_F40 -----
There are 1 faults will be injected in faulttable...
100393 microseconds
Fault on PT_F40(0X7f2788754ee0 -> 0X80007f2788754ee0)
19 microseconds
[2016-10-27 11:13:22]Process 9145 termed with signal 11(SIGSEGV)
PT_F40-1_bit_1-150 Test Num : 21
Inject into ../bin/hello
----- Type : 1_bit_1 Pos : PT_F40 -----
There are 1 faults will be injected in faulttable...
100071 microseconds
Fault on PT_F40(0X7f06731d8ee0 -> 0X80007f06731d8ee0)
14 microseconds
[2016-10-27 11:13:22]Process 9147 termed with signal 11(SIGSEGV)
PT_F40-1_bit_1-150 Test Num : 22
Inject into ../bin/hello
----- Type : 1_bit_1 Pos : PT_F40 -----
There are 1 faults will be injected in faulttable...
101388 microseconds
Fault on PT_F40(0X7f20246a7ee0 -> 0X80007f20246a7ee0)
11 microseconds
[2016-10-27 11:13:22]Process 9149 termed with signal 11(SIGSEGV)
PT_F40-1_bit_1-150 Test Num : 23
Inject into ../bin/hello
----- Type : 1_bit_1 Pos : PT_F40 -----
There are 1 faults will be injected in faulttable...
101378 microseconds
Fault on PT_F40(0X7fe8d1c93ee0 -> 0X80007fe8d1c93ee0)
13 microseconds
[2016-10-27 11:13:22]Process 9151 termed with signal 11(SIGSEGV)
PT_F40-1_bit_1-150 Test Num : 24
Inject into ../bin/hello
----- Type : 1_bit_1 Pos : PT_F40 -----
There are 1 faults will be injected in faulttable...
101277 microseconds
Fault on PT_F40(0X7f845878bee0 -> 0X80007f845878bee0)
15 microseconds
[2016-10-27 11:13:22]Process 9153 termed with signal 11(SIGSEGV)
PT_F40-1_bit_1-150 Test Num : 25
Inject into ../bin/hello
----- Type : 1_bit_1 Pos : PT_F40 -----
There are 1 faults will be injected in faulttable...
101238 microseconds
Fault on PT_F40(0X7f41bf4abee0 -> 0X80007f41bf4abee0)
15 microseconds
[2016-10-27 11:13:22]Process 9155 termed with signal 11(SIGSEGV)
PT_F40-1_bit_1-150 Test Num : 26
Inject into ../bin/hello
----- Type : 1_bit_1 Pos : PT_F40 -----
There are 1 faults will be injected in faulttable...
100102 microseconds
Fault on PT_F40(0X7f2593351ee0 -> 0X80007f2593351ee0)
19 microseconds
[2016-10-27 11:13:22]Process 9157 termed with signal 11(SIGSEGV)
PT_F40-1_bit_1-150 Test Num : 27
Inject into ../bin/hello
----- Type : 1_bit_1 Pos : PT_F40 -----
There are 1 faults will be injected in faulttable...
101050 microseconds
Fault on PT_F40(0X7fa1c78f3ee0 -> 0X80007fa1c78f3ee0)
17 microseconds
[2016-10-27 11:13:22]Process 9159 termed with signal 11(SIGSEGV)
PT_F40-1_bit_1-150 Test Num : 28
Inject into ../bin/hello
----- Type : 1_bit_1 Pos : PT_F40 -----
There are 1 faults will be injected in faulttable...
101048 microseconds
Fault on PT_F40(0X7f6594054ee0 -> 0X7f6594054ee0)
3000077 microseconds
timeout
[2016-10-27 11:13:26]Process 9161 termed with signal 14(SIGALRM)
PT_F40-1_bit_1-150 Test Num : 29
Inject into ../bin/hello
----- Type : 1_bit_1 Pos : PT_F40 -----
There are 1 faults will be injected in faulttable...
101244 microseconds
Fault on PT_F40(0X7f84559deee0 -> 0X7f84559deee0)
3000069 microseconds
timeout
[2016-10-27 11:13:29]Process 9163 termed with signal 14(SIGALRM)
PT_F40-1_bit_1-150 Test Num : 30
Inject into ../bin/hello
----- Type : 1_bit_1 Pos : PT_F40 -----
There are 1 faults will be injected in faulttable...
101234 microseconds
Fault on PT_F40(0X7ff7a95bfee0 -> 0X40007ff7a95bfee0)
18 microseconds
[2016-10-27 11:13:29]Process 9165 termed with signal 11(SIGSEGV)
PT_F40-1_bit_1-150 Test Num : 31
Inject into ../bin/hello
----- Type : 1_bit_1 Pos : PT_F40 -----
There are 1 faults will be injected in faulttable...
102205 microseconds
Fault on PT_F40(0X7f9ca96abee0 -> 0X40007f9ca96abee0)
16 microseconds
[2016-10-27 11:13:29]Process 9167 termed with signal 11(SIGSEGV)
PT_F40-1_bit_1-150 Test Num : 32
Inject into ../bin/hello
----- Type : 1_bit_1 Pos : PT_F40 -----
There are 1 faults will be injected in faulttable...
100116 microseconds
Fault on PT_F40(0X7f51bca86ee0 -> 0X40007f51bca86ee0)
12 microseconds
[2016-10-27 11:13:29]Process 9169 termed with signal 11(SIGSEGV)
PT_F40-1_bit_1-150 Test Num : 33
Inject into ../bin/hello
----- Type : 1_bit_1 Pos : PT_F40 -----
There are 1 faults will be injected in faulttable...
100199 microseconds
Fault on PT_F40(0X7fd2b3159ee0 -> 0X40007fd2b3159ee0)
19 microseconds
[2016-10-27 11:13:29]Process 9171 termed with signal 11(SIGSEGV)
PT_F40-1_bit_1-150 Test Num : 34
Inject into ../bin/hello
----- Type : 1_bit_1 Pos : PT_F40 -----
There are 1 faults will be injected in faulttable...
101135 microseconds
Fault on PT_F40(0X7f3a10999ee0 -> 0X40007f3a10999ee0)
18 microseconds
[2016-10-27 11:13:29]Process 9173 termed with signal 11(SIGSEGV)
PT_F40-1_bit_1-150 Test Num : 35
Inject into ../bin/hello
----- Type : 1_bit_1 Pos : PT_F40 -----
There are 1 faults will be injected in faulttable...
101222 microseconds
Fault on PT_F40(0X7fb26b836ee0 -> 0X40007fb26b836ee0)
19 microseconds
[2016-10-27 11:13:29]Process 9175 termed with signal 11(SIGSEGV)
PT_F40-1_bit_1-150 Test Num : 36
Inject into ../bin/hello
----- Type : 1_bit_1 Pos : PT_F40 -----
There are 1 faults will be injected in faulttable...
101311 microseconds
Fault on PT_F40(0X7fba8bfd5ee0 -> 0X40007fba8bfd5ee0)
14 microseconds
[2016-10-27 11:13:29]Process 9177 termed with signal 11(SIGSEGV)
PT_F40-1_bit_1-150 Test Num : 37
Inject into ../bin/hello
----- Type : 1_bit_1 Pos : PT_F40 -----
There are 1 faults will be injected in faulttable...
101203 microseconds
Fault on PT_F40(0X7f5dca405ee0 -> 0X7f5dcac05ee0)
24 microseconds
[2016-10-27 11:13:30]Process 9179 termed with signal 11(SIGSEGV)
PT_F40-1_bit_1-150 Test Num : 38
Inject into ../bin/hello
----- Type : 1_bit_1 Pos : PT_F40 -----
There are 1 faults will be injected in faulttable...
100118 microseconds
Fault on PT_F40(0X7fa8d58f6ee0 -> 0X7fa8d58f6ee0)
3000067 microseconds
timeout
[2016-10-27 11:13:33]Process 9181 termed with signal 14(SIGALRM)
PT_F40-1_bit_1-150 Test Num : 39
Inject into ../bin/hello
----- Type : 1_bit_1 Pos : PT_F40 -----
There are 1 faults will be injected in faulttable...
101104 microseconds
Fault on PT_F40(0X7fcecf55aee0 -> 0X7fcecf55aee0)
3000166 microseconds
timeout
[2016-10-27 11:13:36]Process 9183 termed with signal 14(SIGALRM)
PT_F40-1_bit_1-150 Test Num : 40
Inject into ../bin/hello
----- Type : 1_bit_1 Pos : PT_F40 -----
There are 1 faults will be injected in faulttable...
101107 microseconds
Fault on PT_F40(0X7fb96e5e5ee0 -> 0X1007fb96e5e5ee0)
14 microseconds
[2016-10-27 11:13:36]Process 9185 termed with signal 11(SIGSEGV)
PT_F40-1_bit_1-150 Test Num : 41
Inject into ../bin/hello
----- Type : 1_bit_1 Pos : PT_F40 -----
There are 1 faults will be injected in faulttable...
101244 microseconds
Fault on PT_F40(0X7f14c7104ee0 -> 0X1007f14c7104ee0)
18 microseconds
[2016-10-27 11:13:36]Process 9187 termed with signal 11(SIGSEGV)
PT_F40-1_bit_1-150 Test Num : 42
Inject into ../bin/hello
----- Type : 1_bit_1 Pos : PT_F40 -----
There are 1 faults will be injected in faulttable...
101197 microseconds
Fault on PT_F40(0X7fe747269ee0 -> 0X1007fe747269ee0)
20 microseconds
[2016-10-27 11:13:36]Process 9189 termed with signal 11(SIGSEGV)
PT_F40-1_bit_1-150 Test Num : 43
Inject into ../bin/hello
----- Type : 1_bit_1 Pos : PT_F40 -----
There are 1 faults will be injected in faulttable...
101055 microseconds
Fault on PT_F40(0X7f33688dfee0 -> 0X1007f33688dfee0)
12 microseconds
[2016-10-27 11:13:36]Process 9191 termed with signal 11(SIGSEGV)
PT_F40-1_bit_1-150 Test Num : 44
Inject into ../bin/hello
----- Type : 1_bit_1 Pos : PT_F40 -----
There are 1 faults will be injected in faulttable...
101241 microseconds
Fault on PT_F40(0X7fb530686ee0 -> 0X1007fb530686ee0)
12 microseconds
[2016-10-27 11:13:36]Process 9193 termed with signal 11(SIGSEGV)
PT_F40-1_bit_1-150 Test Num : 45
Inject into ../bin/hello
----- Type : 1_bit_1 Pos : PT_F40 -----
There are 1 faults will be injected in faulttable...
101142 microseconds
Fault on PT_F40(0X7fd016004ee0 -> 0X1007fd016004ee0)
12 microseconds
[2016-10-27 11:13:36]Process 9195 termed with signal 11(SIGSEGV)
PT_F40-1_bit_1-150 Test Num : 46
Inject into ../bin/hello
----- Type : 1_bit_1 Pos : PT_F40 -----
There are 1 faults will be injected in faulttable...
100071 microseconds
Fault on PT_F40(0X7f4e88023ee0 -> 0X7f4e88023ee0)
3000063 microseconds
timeout
[2016-10-27 11:13:40]Process 9197 termed with signal 14(SIGALRM)
PT_F40-1_bit_1-150 Test Num : 47
Inject into ../bin/hello
----- Type : 1_bit_1 Pos : PT_F40 -----
There are 1 faults will be injected in faulttable...
101480 microseconds
Fault on PT_F40(0X7f4c66c4bee0 -> 0X7f4c66c4bee0)
3000136 microseconds
timeout
[2016-10-27 11:13:43]Process 9199 termed with signal 14(SIGALRM)
PT_F40-1_bit_1-150 Test Num : 48
Inject into ../bin/hello
----- Type : 1_bit_1 Pos : PT_F40 -----
There are 1 faults will be injected in faulttable...
101069 microseconds
Fault on PT_F40(0X7f0b4232dee0 -> 0X7f0b4233dee0)
40 microseconds
[2016-10-27 11:13:43]Process 9201 termed with signal 4(SIGILL)
PT_F40-1_bit_1-150 Test Num : 49
Inject into ../bin/hello
----- Type : 1_bit_1 Pos : PT_F40 -----
There are 1 faults will be injected in faulttable...
101544 microseconds
Fault on PT_F40(0X7f3f76e18ee0 -> 0X7f3f76e18ee0)
3000058 microseconds
timeout
[2016-10-27 11:13:46]Process 9203 termed with signal 14(SIGALRM)
PT_F40-1_bit_1-150 Test Num : 50
Inject into ../bin/hello
----- Type : 1_bit_1 Pos : PT_F40 -----
There are 1 faults will be injected in faulttable...
101153 microseconds
Fault on PT_F40(0X7f26927f7ee0 -> 0X7f26927f7ef0)
16 microseconds
[2016-10-27 11:13:46]Process 9205 termed with signal 11(SIGSEGV)
PT_F40-1_bit_1-150 Test Num : 51
Inject into ../bin/hello
----- Type : 1_bit_1 Pos : PT_F40 -----
There are 1 faults will be injected in faulttable...
101204 microseconds
Fault on PT_F40(0X7fc8af634ee0 -> 0X7fc8af634ef0)
15 microseconds
[2016-10-27 11:13:46]Process 9207 termed with signal 11(SIGSEGV)
PT_F40-1_bit_1-150 Test Num : 52
Inject into ../bin/hello
----- Type : 1_bit_1 Pos : PT_F40 -----
There are 1 faults will be injected in faulttable...
101038 microseconds
Fault on PT_F40(0X7f2a69f21ee0 -> 0X7f2a69f21ef0)
16 microseconds
[2016-10-27 11:13:46]Process 9209 termed with signal 11(SIGSEGV)
PT_F40-1_bit_1-150 Test Num : 53
Inject into ../bin/hello
----- Type : 1_bit_1 Pos : PT_F40 -----
There are 1 faults will be injected in faulttable...
101423 microseconds
Fault on PT_F40(0X7f456ef33ee0 -> 0X7f456ef33ef0)
16 microseconds
[2016-10-27 11:13:46]Process 9211 termed with signal 11(SIGSEGV)
PT_F40-1_bit_1-150 Test Num : 54
Inject into ../bin/hello
----- Type : 1_bit_1 Pos : PT_F40 -----
There are 1 faults will be injected in faulttable...
100098 microseconds
Fault on PT_F40(0X7fe68fccbee0 -> 0X7fe68fccbef0)
16 microseconds
[2016-10-27 11:13:46]Process 9213 termed with signal 11(SIGSEGV)
PT_F40-1_bit_1-150 Test Num : 55
Inject into ../bin/hello
----- Type : 1_bit_1 Pos : PT_F40 -----
There are 1 faults will be injected in faulttable...
101506 microseconds
Fault on PT_F40(0X7f93297e7ee0 -> 0X10007f93297e7ee0)
18 microseconds
[2016-10-27 11:13:47]Process 9215 termed with signal 11(SIGSEGV)
PT_F40-1_bit_1-150 Test Num : 56
Inject into ../bin/hello
----- Type : 1_bit_1 Pos : PT_F40 -----
There are 1 faults will be injected in faulttable...
101204 microseconds
Fault on PT_F40(0X7f8bf57e8ee0 -> 0X10007f8bf57e8ee0)
21 microseconds
[2016-10-27 11:13:47]Process 9217 termed with signal 11(SIGSEGV)
PT_F40-1_bit_1-150 Test Num : 57
Inject into ../bin/hello
----- Type : 1_bit_1 Pos : PT_F40 -----
There are 1 faults will be injected in faulttable...
100081 microseconds
Fault on PT_F40(0X7f71da2e1ee0 -> 0X10007f71da2e1ee0)
16 microseconds
[2016-10-27 11:13:47]Process 9219 termed with signal 11(SIGSEGV)
PT_F40-1_bit_1-150 Test Num : 58
Inject into ../bin/hello
----- Type : 1_bit_1 Pos : PT_F40 -----
There are 1 faults will be injected in faulttable...
101433 microseconds
Fault on PT_F40(0X7fce4ce29ee0 -> 0X10007fce4ce29ee0)
19 microseconds
[2016-10-27 11:13:47]Process 9221 termed with signal 11(SIGSEGV)
PT_F40-1_bit_1-150 Test Num : 59
Inject into ../bin/hello
----- Type : 1_bit_1 Pos : PT_F40 -----
There are 1 faults will be injected in faulttable...
101167 microseconds
Fault on PT_F40(0X7febbc711ee0 -> 0X10007febbc711ee0)
11 microseconds
[2016-10-27 11:13:47]Process 9223 termed with signal 11(SIGSEGV)
PT_F40-1_bit_1-150 Test Num : 60
Inject into ../bin/hello
----- Type : 1_bit_1 Pos : PT_F40 -----
There are 1 faults will be injected in faulttable...
101313 microseconds
Fault on PT_F40(0X7f54a76f0ee0 -> 0X10007f54a76f0ee0)
18 microseconds
[2016-10-27 11:13:47]Process 9225 termed with signal 11(SIGSEGV)
PT_F40-1_bit_1-150 Test Num : 61
Inject into ../bin/hello
----- Type : 1_bit_1 Pos : PT_F40 -----
There are 1 faults will be injected in faulttable...
101595 microseconds
Fault on PT_F40(0X7f1906fcaee0 -> 0X10007f1906fcaee0)
13 microseconds
[2016-10-27 11:13:47]Process 9227 termed with signal 11(SIGSEGV)
PT_F40-1_bit_1-150 Test Num : 62
Inject into ../bin/hello
----- Type : 1_bit_1 Pos : PT_F40 -----
There are 1 faults will be injected in faulttable...
101075 microseconds
Fault on PT_F40(0X7f3238107ee0 -> 0X10007f3238107ee0)
10 microseconds
[2016-10-27 11:13:47]Process 9229 termed with signal 11(SIGSEGV)
PT_F40-1_bit_1-150 Test Num : 63
Inject into ../bin/hello
----- Type : 1_bit_1 Pos : PT_F40 -----
There are 1 faults will be injected in faulttable...
101165 microseconds
Fault on PT_F40(0X7f7392537ee0 -> 0X10007f7392537ee0)
26 microseconds
[2016-10-27 11:13:47]Process 9231 termed with signal 11(SIGSEGV)
PT_F40-1_bit_1-150 Test Num : 64
Inject into ../bin/hello
----- Type : 1_bit_1 Pos : PT_F40 -----
There are 1 faults will be injected in faulttable...
101183 microseconds
Fault on PT_F40(0X7f86f75c3ee0 -> 0X7f86f75c3fe0)
23 microseconds
[2016-10-27 11:13:48]Process 9233 termed with signal 4(SIGILL)
PT_F40-1_bit_1-150 Test Num : 65
Inject into ../bin/hello
----- Type : 1_bit_1 Pos : PT_F40 -----
There are 1 faults will be injected in faulttable...
101161 microseconds
Fault on PT_F40(0X7f13d93c2ee0 -> 0X7f13d93c2fe0)
28 microseconds
[2016-10-27 11:13:48]Process 9235 termed with signal 4(SIGILL)
PT_F40-1_bit_1-150 Test Num : 66
Inject into ../bin/hello
----- Type : 1_bit_1 Pos : PT_F40 -----
There are 1 faults will be injected in faulttable...
101445 microseconds
Fault on PT_F40(0X7efc0afd5ee0 -> 0X7efc0afd5fe0)
33 microseconds
[2016-10-27 11:13:48]Process 9237 termed with signal 4(SIGILL)
PT_F40-1_bit_1-150 Test Num : 67
Inject into ../bin/hello
----- Type : 1_bit_1 Pos : PT_F40 -----
There are 1 faults will be injected in faulttable...
101170 microseconds
Fault on PT_F40(0X7f3d2a3d6ee0 -> 0X7f3d2a3d6fe0)
29 microseconds
[2016-10-27 11:13:48]Process 9239 termed with signal 4(SIGILL)
PT_F40-1_bit_1-150 Test Num : 68
Inject into ../bin/hello
----- Type : 1_bit_1 Pos : PT_F40 -----
There are 1 faults will be injected in faulttable...
101200 microseconds
Fault on PT_F40(0X7f00afbb3ee0 -> 0X7f00afbb3fe0)
46 microseconds
[2016-10-27 11:13:48]Process 9241 termed with signal 4(SIGILL)
PT_F40-1_bit_1-150 Test Num : 69
Inject into ../bin/hello
----- Type : 1_bit_1 Pos : PT_F40 -----
There are 1 faults will be injected in faulttable...
101286 microseconds
Fault on PT_F40(0X7fc166bc5ee0 -> 0X7fc166bc5fe0)
33 microseconds
[2016-10-27 11:13:48]Process 9243 termed with signal 4(SIGILL)
PT_F40-1_bit_1-150 Test Num : 70
Inject into ../bin/hello
----- Type : 1_bit_1 Pos : PT_F40 -----
There are 1 faults will be injected in faulttable...
101577 microseconds
Fault on PT_F40(0X7ff5daf72ee0 -> 0X7ff5daf72fe0)
28 microseconds
[2016-10-27 11:13:48]Process 9245 termed with signal 4(SIGILL)
PT_F40-1_bit_1-150 Test Num : 71
Inject into ../bin/hello
----- Type : 1_bit_1 Pos : PT_F40 -----
There are 1 faults will be injected in faulttable...
101242 microseconds
Fault on PT_F40(0X7fd18c601ee0 -> 0X7fd18c601fe0)
22 microseconds
[2016-10-27 11:13:48]Process 9247 termed with signal 4(SIGILL)
PT_F40-1_bit_1-150 Test Num : 72
Inject into ../bin/hello
----- Type : 1_bit_1 Pos : PT_F40 -----
There are 1 faults will be injected in faulttable...
100159 microseconds
Fault on PT_F40(0X7f23cba7eee0 -> 0X7f23cba7efe0)
34 microseconds
[2016-10-27 11:13:48]Process 9249 termed with signal 4(SIGILL)
PT_F40-1_bit_1-150 Test Num : 73
Inject into ../bin/hello
----- Type : 1_bit_1 Pos : PT_F40 -----
There are 1 faults will be injected in faulttable...
101128 microseconds
Fault on PT_F40(0X7f91f046cee0 -> 0X87f91f046cee0)
12 microseconds
[2016-10-27 11:13:49]Process 9251 termed with signal 11(SIGSEGV)
PT_F40-1_bit_1-150 Test Num : 74
Inject into ../bin/hello
----- Type : 1_bit_1 Pos : PT_F40 -----
There are 1 faults will be injected in faulttable...
100273 microseconds
Fault on PT_F40(0X7f7015449ee0 -> 0X87f7015449ee0)
26 microseconds
[2016-10-27 11:13:49]Process 9253 termed with signal 11(SIGSEGV)
PT_F40-1_bit_1-150 Test Num : 75
Inject into ../bin/hello
----- Type : 1_bit_1 Pos : PT_F40 -----
There are 1 faults will be injected in faulttable...
101485 microseconds
Fault on PT_F40(0X7f9af434bee0 -> 0X87f9af434bee0)
19 microseconds
[2016-10-27 11:13:49]Process 9255 termed with signal 11(SIGSEGV)
PT_F40-1_bit_1-150 Test Num : 76
Inject into ../bin/hello
----- Type : 1_bit_1 Pos : PT_F40 -----
There are 1 faults will be injected in faulttable...
101123 microseconds
Fault on PT_F40(0X7f95fbc38ee0 -> 0X87f95fbc38ee0)
18 microseconds
[2016-10-27 11:13:49]Process 9257 termed with signal 11(SIGSEGV)
PT_F40-1_bit_1-150 Test Num : 77
Inject into ../bin/hello
----- Type : 1_bit_1 Pos : PT_F40 -----
There are 1 faults will be injected in faulttable...
101085 microseconds
Fault on PT_F40(0X7f7990cb6ee0 -> 0X87f7990cb6ee0)
11 microseconds
[2016-10-27 11:13:49]Process 9259 termed with signal 11(SIGSEGV)
PT_F40-1_bit_1-150 Test Num : 78
Inject into ../bin/hello
----- Type : 1_bit_1 Pos : PT_F40 -----
There are 1 faults will be injected in faulttable...
100117 microseconds
Fault on PT_F40(0X7f7381684ee0 -> 0X87f7381684ee0)
20 microseconds
[2016-10-27 11:13:49]Process 9261 termed with signal 11(SIGSEGV)
PT_F40-1_bit_1-150 Test Num : 79
Inject into ../bin/hello
----- Type : 1_bit_1 Pos : PT_F40 -----
There are 1 faults will be injected in faulttable...
100146 microseconds
Fault on PT_F40(0X7f41ce065ee0 -> 0X87f41ce065ee0)
23 microseconds
[2016-10-27 11:13:49]Process 9263 termed with signal 11(SIGSEGV)
PT_F40-1_bit_1-150 Test Num : 80
Inject into ../bin/hello
----- Type : 1_bit_1 Pos : PT_F40 -----
There are 1 faults will be injected in faulttable...
100319 microseconds
Fault on PT_F40(0X7fa7964e3ee0 -> 0X87fa7964e3ee0)
17 microseconds
[2016-10-27 11:13:49]Process 9265 termed with signal 11(SIGSEGV)
PT_F40-1_bit_1-150 Test Num : 81
Inject into ../bin/hello
----- Type : 1_bit_1 Pos : PT_F40 -----
There are 1 faults will be injected in faulttable...
101237 microseconds
Fault on PT_F40(0X7f17ec4feee0 -> 0X87f17ec4feee0)
17 microseconds
[2016-10-27 11:13:49]Process 9267 termed with signal 11(SIGSEGV)
PT_F40-1_bit_1-150 Test Num : 82
Inject into ../bin/hello
----- Type : 1_bit_1 Pos : PT_F40 -----
There are 1 faults will be injected in faulttable...
101093 microseconds
Fault on PT_F40(0X7faf86c47ee0 -> 0X27faf86c47ee0)
20 microseconds
[2016-10-27 11:13:50]Process 9269 termed with signal 11(SIGSEGV)
PT_F40-1_bit_1-150 Test Num : 83
Inject into ../bin/hello
----- Type : 1_bit_1 Pos : PT_F40 -----
There are 1 faults will be injected in faulttable...
101154 microseconds
Fault on PT_F40(0X7fa21fc21ee0 -> 0X27fa21fc21ee0)
18 microseconds
[2016-10-27 11:13:50]Process 9271 termed with signal 11(SIGSEGV)
PT_F40-1_bit_1-150 Test Num : 84
Inject into ../bin/hello
----- Type : 1_bit_1 Pos : PT_F40 -----
There are 1 faults will be injected in faulttable...
101197 microseconds
Fault on PT_F40(0X7f742acf0ee0 -> 0X27f742acf0ee0)
15 microseconds
[2016-10-27 11:13:50]Process 9273 termed with signal 11(SIGSEGV)
PT_F40-1_bit_1-150 Test Num : 85
Inject into ../bin/hello
----- Type : 1_bit_1 Pos : PT_F40 -----
There are 1 faults will be injected in faulttable...
101053 microseconds
Fault on PT_F40(0X7fdf6fcb5ee0 -> 0X27fdf6fcb5ee0)
10 microseconds
[2016-10-27 11:13:50]Process 9275 termed with signal 11(SIGSEGV)
PT_F40-1_bit_1-150 Test Num : 86
Inject into ../bin/hello
----- Type : 1_bit_1 Pos : PT_F40 -----
There are 1 faults will be injected in faulttable...
101366 microseconds
Fault on PT_F40(0X7f1220470ee0 -> 0X27f1220470ee0)
17 microseconds
[2016-10-27 11:13:50]Process 9277 termed with signal 11(SIGSEGV)
PT_F40-1_bit_1-150 Test Num : 87
Inject into ../bin/hello
----- Type : 1_bit_1 Pos : PT_F40 -----
There are 1 faults will be injected in faulttable...
100105 microseconds
Fault on PT_F40(0X7f03ea574ee0 -> 0X27f03ea574ee0)
13 microseconds
[2016-10-27 11:13:50]Process 9279 termed with signal 11(SIGSEGV)
PT_F40-1_bit_1-150 Test Num : 88
Inject into ../bin/hello
----- Type : 1_bit_1 Pos : PT_F40 -----
There are 1 faults will be injected in faulttable...
101487 microseconds
Fault on PT_F40(0X7f5f6d76cee0 -> 0X27f5f6d76cee0)
11 microseconds
[2016-10-27 11:13:50]Process 9281 termed with signal 11(SIGSEGV)
PT_F40-1_bit_1-150 Test Num : 89
Inject into ../bin/hello
----- Type : 1_bit_1 Pos : PT_F40 -----
There are 1 faults will be injected in faulttable...
101382 microseconds
Fault on PT_F40(0X7fec81493ee0 -> 0X27fec81493ee0)
17 microseconds
[2016-10-27 11:13:50]Process 9283 termed with signal 11(SIGSEGV)
PT_F40-1_bit_1-150 Test Num : 90
Inject into ../bin/hello
----- Type : 1_bit_1 Pos : PT_F40 -----
There are 1 faults will be injected in faulttable...
101467 microseconds
Fault on PT_F40(0X7f268e37eee0 -> 0X27f268e37eee0)
28 microseconds
[2016-10-27 11:13:50]Process 9285 termed with signal 11(SIGSEGV)
PT_F40-1_bit_1-150 Test Num : 91
Inject into ../bin/hello
----- Type : 1_bit_1 Pos : PT_F40 -----
There are 1 faults will be injected in faulttable...
101207 microseconds
Fault on PT_F40(0X7f2a279f7ee0 -> 0X7f2a279f7ee0)
3000072 microseconds
timeout
[2016-10-27 11:13:54]Process 9287 termed with signal 14(SIGALRM)
PT_F40-1_bit_1-150 Test Num : 92
Inject into ../bin/hello
----- Type : 1_bit_1 Pos : PT_F40 -----
There are 1 faults will be injected in faulttable...
100106 microseconds
Fault on PT_F40(0X7fa734461ee0 -> 0X7fa774461ee0)
13 microseconds
[2016-10-27 11:13:54]Process 9289 termed with signal 11(SIGSEGV)
PT_F40-1_bit_1-150 Test Num : 93
Inject into ../bin/hello
----- Type : 1_bit_1 Pos : PT_F40 -----
There are 1 faults will be injected in faulttable...
100088 microseconds
Fault on PT_F40(0X7f515b67fee0 -> 0X7f515b67fee0)
3000087 microseconds
timeout
[2016-10-27 11:13:57]Process 9291 termed with signal 14(SIGALRM)
PT_F40-1_bit_1-150 Test Num : 94
Inject into ../bin/hello
----- Type : 1_bit_1 Pos : PT_F40 -----
There are 1 faults will be injected in faulttable...
101081 microseconds
Fault on PT_F40(0X7f2d5cbe3ee0 -> 0X7f2d5cbe3ee0)
3000069 microseconds
timeout
[ 2016-10-27 11:14:0]Process 9293 termed with signal 14(SIGALRM)
PT_F40-1_bit_1-150 Test Num : 95
Inject into ../bin/hello
----- Type : 1_bit_1 Pos : PT_F40 -----
There are 1 faults will be injected in faulttable...
101146 microseconds
Fault on PT_F40(0X7fada58e9ee0 -> 0X7fada58e9ee0)
3000111 microseconds
timeout
[ 2016-10-27 11:14:3]Process 9295 termed with signal 14(SIGALRM)
PT_F40-1_bit_1-150 Test Num : 96
Inject into ../bin/hello
----- Type : 1_bit_1 Pos : PT_F40 -----
There are 1 faults will be injected in faulttable...
100118 microseconds
Fault on PT_F40(0X7fb0aed7dee0 -> 0X7fb2aed7dee0)
16 microseconds
[ 2016-10-27 11:14:3]Process 9297 termed with signal 11(SIGSEGV)
PT_F40-1_bit_1-150 Test Num : 97
Inject into ../bin/hello
----- Type : 1_bit_1 Pos : PT_F40 -----
There are 1 faults will be injected in faulttable...
100092 microseconds
Fault on PT_F40(0X7fe00f151ee0 -> 0X7fe20f151ee0)
13 microseconds
[ 2016-10-27 11:14:3]Process 9299 termed with signal 11(SIGSEGV)
PT_F40-1_bit_1-150 Test Num : 98
Inject into ../bin/hello
----- Type : 1_bit_1 Pos : PT_F40 -----
There are 1 faults will be injected in faulttable...
101232 microseconds
Fault on PT_F40(0X7f2f190f6ee0 -> 0X7f2f190f6ee0)
3000264 microseconds
timeout
[ 2016-10-27 11:14:6]Process 9301 termed with signal 14(SIGALRM)
PT_F40-1_bit_1-150 Test Num : 99
Inject into ../bin/hello
----- Type : 1_bit_1 Pos : PT_F40 -----
There are 1 faults will be injected in faulttable...
100114 microseconds
Fault on PT_F40(0X7fe4895c2ee0 -> 0X7fe4895c2ee0)
3000126 microseconds
timeout
[ 2016-10-27 11:14:9]Process 9303 termed with signal 14(SIGALRM)
PT_F40-1_bit_1-150 Test Num : 100
Inject into ../bin/hello
----- Type : 1_bit_1 Pos : PT_F40 -----
There are 1 faults will be injected in faulttable...
101348 microseconds
Fault on PT_F40(0X7f6cc705dee0 -> 0X7f6ec705dee0)
23 microseconds
[2016-10-27 11:14:10]Process 9305 termed with signal 11(SIGSEGV)
PT_F40-1_bit_1-150 Test Num : 101
Inject into ../bin/hello
----- Type : 1_bit_1 Pos : PT_F40 -----
There are 1 faults will be injected in faulttable...
101313 microseconds
Fault on PT_F40(0X7f99895abee0 -> 0X7f9b895abee0)
15 microseconds
[2016-10-27 11:14:10]Process 9307 termed with signal 11(SIGSEGV)
PT_F40-1_bit_1-150 Test Num : 102
Inject into ../bin/hello
----- Type : 1_bit_1 Pos : PT_F40 -----
There are 1 faults will be injected in faulttable...
101042 microseconds
Fault on PT_F40(0X7fa584a85ee0 -> 0X7fa784a85ee0)
22 microseconds
[2016-10-27 11:14:10]Process 9309 termed with signal 11(SIGSEGV)
PT_F40-1_bit_1-150 Test Num : 103
Inject into ../bin/hello
----- Type : 1_bit_1 Pos : PT_F40 -----
There are 1 faults will be injected in faulttable...
100952 microseconds
Fault on PT_F40(0X7f29a255dee0 -> 0X7f2ba255dee0)
16 microseconds
[2016-10-27 11:14:10]Process 9311 termed with signal 11(SIGSEGV)
PT_F40-1_bit_1-150 Test Num : 104
Inject into ../bin/hello
----- Type : 1_bit_1 Pos : PT_F40 -----
There are 1 faults will be injected in faulttable...
101970 microseconds
Fault on PT_F40(0X7fc20f1aeee0 -> 0X7fc20f1aeee0)
3000109 microseconds
timeout
[2016-10-27 11:14:13]Process 9313 termed with signal 14(SIGALRM)
PT_F40-1_bit_1-150 Test Num : 105
Inject into ../bin/hello
----- Type : 1_bit_1 Pos : PT_F40 -----
There are 1 faults will be injected in faulttable...
101198 microseconds
Fault on PT_F40(0X7f26dbb07ee0 -> 0X207f26dbb07ee0)
20 microseconds
[2016-10-27 11:14:13]Process 9315 termed with signal 11(SIGSEGV)
PT_F40-1_bit_1-150 Test Num : 106
Inject into ../bin/hello
----- Type : 1_bit_1 Pos : PT_F40 -----
There are 1 faults will be injected in faulttable...
101214 microseconds
Fault on PT_F40(0X7f6307ea7ee0 -> 0X207f6307ea7ee0)
17 microseconds
[2016-10-27 11:14:13]Process 9317 termed with signal 11(SIGSEGV)
PT_F40-1_bit_1-150 Test Num : 107
Inject into ../bin/hello
----- Type : 1_bit_1 Pos : PT_F40 -----
There are 1 faults will be injected in faulttable...
101079 microseconds
Fault on PT_F40(0X7f2bd93c8ee0 -> 0X207f2bd93c8ee0)
20 microseconds
[2016-10-27 11:14:13]Process 9319 termed with signal 11(SIGSEGV)
PT_F40-1_bit_1-150 Test Num : 108
Inject into ../bin/hello
----- Type : 1_bit_1 Pos : PT_F40 -----
There are 1 faults will be injected in faulttable...
101028 microseconds
Fault on PT_F40(0X7f05a3ebaee0 -> 0X207f05a3ebaee0)
13 microseconds
[2016-10-27 11:14:13]Process 9321 termed with signal 11(SIGSEGV)
PT_F40-1_bit_1-150 Test Num : 109
Inject into ../bin/hello
----- Type : 1_bit_1 Pos : PT_F40 -----
There are 1 faults will be injected in faulttable...
100084 microseconds
Fault on PT_F40(0X7f0150c04ee0 -> 0X4007f0150c04ee0)
11 microseconds
[2016-10-27 11:14:14]Process 9323 termed with signal 11(SIGSEGV)
PT_F40-1_bit_1-150 Test Num : 110
Inject into ../bin/hello
----- Type : 1_bit_1 Pos : PT_F40 -----
There are 1 faults will be injected in faulttable...
101055 microseconds
Fault on PT_F40(0X7fdc0cb13ee0 -> 0X4007fdc0cb13ee0)
18 microseconds
[2016-10-27 11:14:14]Process 9325 termed with signal 11(SIGSEGV)
PT_F40-1_bit_1-150 Test Num : 111
Inject into ../bin/hello
----- Type : 1_bit_1 Pos : PT_F40 -----
There are 1 faults will be injected in faulttable...
101458 microseconds
Fault on PT_F40(0X7fc06c1d3ee0 -> 0X4007fc06c1d3ee0)
18 microseconds
[2016-10-27 11:14:14]Process 9327 termed with signal 11(SIGSEGV)
PT_F40-1_bit_1-150 Test Num : 112
Inject into ../bin/hello
----- Type : 1_bit_1 Pos : PT_F40 -----
There are 1 faults will be injected in faulttable...
101126 microseconds
Fault on PT_F40(0X7f4751fc8ee0 -> 0X4007f4751fc8ee0)
18 microseconds
[2016-10-27 11:14:14]Process 9329 termed with signal 11(SIGSEGV)
PT_F40-1_bit_1-150 Test Num : 113
Inject into ../bin/hello
----- Type : 1_bit_1 Pos : PT_F40 -----
There are 1 faults will be injected in faulttable...
101117 microseconds
Fault on PT_F40(0X7fdee6aefee0 -> 0X4007fdee6aefee0)
14 microseconds
[2016-10-27 11:14:14]Process 9331 termed with signal 11(SIGSEGV)
PT_F40-1_bit_1-150 Test Num : 114
Inject into ../bin/hello
----- Type : 1_bit_1 Pos : PT_F40 -----
There are 1 faults will be injected in faulttable...
101165 microseconds
Fault on PT_F40(0X7f5842ed8ee0 -> 0X4007f5842ed8ee0)
17 microseconds
[2016-10-27 11:14:14]Process 9333 termed with signal 11(SIGSEGV)
PT_F40-1_bit_1-150 Test Num : 115
Inject into ../bin/hello
----- Type : 1_bit_1 Pos : PT_F40 -----
There are 1 faults will be injected in faulttable...
101143 microseconds
Fault on PT_F40(0X7f3bcb73aee0 -> 0X4007f3bcb73aee0)
11 microseconds
[2016-10-27 11:14:14]Process 9335 termed with signal 11(SIGSEGV)
PT_F40-1_bit_1-150 Test Num : 116
Inject into ../bin/hello
----- Type : 1_bit_1 Pos : PT_F40 -----
There are 1 faults will be injected in faulttable...
101076 microseconds
Fault on PT_F40(0X7f93f3905ee0 -> 0X4007f93f3905ee0)
28 microseconds
[2016-10-27 11:14:14]Process 9337 termed with signal 11(SIGSEGV)
PT_F40-1_bit_1-150 Test Num : 117
Inject into ../bin/hello
----- Type : 1_bit_1 Pos : PT_F40 -----
There are 1 faults will be injected in faulttable...
101273 microseconds
Fault on PT_F40(0X7f0ae000cee0 -> 0X4007f0ae000cee0)
20 microseconds
[2016-10-27 11:14:14]Process 9339 termed with signal 11(SIGSEGV)
PT_F40-1_bit_1-150 Test Num : 118
Inject into ../bin/hello
----- Type : 1_bit_1 Pos : PT_F40 -----
There are 1 faults will be injected in faulttable...
101091 microseconds
Fault on PT_F40(0X7fb50fd6cee0 -> 0X4007fb50fd6cee0)
19 microseconds
[2016-10-27 11:14:14]Process 9341 termed with signal 11(SIGSEGV)
PT_F40-1_bit_1-150 Test Num : 119
Inject into ../bin/hello
----- Type : 1_bit_1 Pos : PT_F40 -----
There are 1 faults will be injected in faulttable...
100068 microseconds
Fault on PT_F40(0X7fc0b5076ee0 -> 0X17fc0b5076ee0)
13 microseconds
[2016-10-27 11:14:15]Process 9343 termed with signal 11(SIGSEGV)
PT_F40-1_bit_1-150 Test Num : 120
Inject into ../bin/hello
----- Type : 1_bit_1 Pos : PT_F40 -----
There are 1 faults will be injected in faulttable...
101590 microseconds
Fault on PT_F40(0X7fb7ce9a8ee0 -> 0X17fb7ce9a8ee0)
13 microseconds
[2016-10-27 11:14:15]Process 9345 termed with signal 11(SIGSEGV)
PT_F40-1_bit_1-150 Test Num : 121
Inject into ../bin/hello
----- Type : 1_bit_1 Pos : PT_F40 -----
There are 1 faults will be injected in faulttable...
101020 microseconds
Fault on PT_F40(0X7fa206146ee0 -> 0X17fa206146ee0)
14 microseconds
[2016-10-27 11:14:15]Process 9347 termed with signal 11(SIGSEGV)
PT_F40-1_bit_1-150 Test Num : 122
Inject into ../bin/hello
----- Type : 1_bit_1 Pos : PT_F40 -----
There are 1 faults will be injected in faulttable...
101047 microseconds
Fault on PT_F40(0X7f7046247ee0 -> 0X17f7046247ee0)
11 microseconds
[2016-10-27 11:14:15]Process 9349 termed with signal 11(SIGSEGV)
PT_F40-1_bit_1-150 Test Num : 123
Inject into ../bin/hello
----- Type : 1_bit_1 Pos : PT_F40 -----
There are 1 faults will be injected in faulttable...
101164 microseconds
Fault on PT_F40(0X7fc5cf9bfee0 -> 0X17fc5cf9bfee0)
12 microseconds
[2016-10-27 11:14:15]Process 9351 termed with signal 11(SIGSEGV)
PT_F40-1_bit_1-150 Test Num : 124
Inject into ../bin/hello
----- Type : 1_bit_1 Pos : PT_F40 -----
There are 1 faults will be injected in faulttable...
101452 microseconds
Fault on PT_F40(0X7f9db05dcee0 -> 0X17f9db05dcee0)
11 microseconds
[2016-10-27 11:14:15]Process 9353 termed with signal 11(SIGSEGV)
PT_F40-1_bit_1-150 Test Num : 125
Inject into ../bin/hello
----- Type : 1_bit_1 Pos : PT_F40 -----
There are 1 faults will be injected in faulttable...
100090 microseconds
Fault on PT_F40(0X7f05f36f1ee0 -> 0X17f05f36f1ee0)
12 microseconds
[2016-10-27 11:14:15]Process 9355 termed with signal 11(SIGSEGV)
PT_F40-1_bit_1-150 Test Num : 126
Inject into ../bin/hello
----- Type : 1_bit_1 Pos : PT_F40 -----
There are 1 faults will be injected in faulttable...
101402 microseconds
Fault on PT_F40(0X7f87ee6fdee0 -> 0X17f87ee6fdee0)
11 microseconds
[2016-10-27 11:14:15]Process 9357 termed with signal 11(SIGSEGV)
PT_F40-1_bit_1-150 Test Num : 127
Inject into ../bin/hello
----- Type : 1_bit_1 Pos : PT_F40 -----
There are 1 faults will be injected in faulttable...
101101 microseconds
Fault on PT_F40(0X7f4bb147aee0 -> 0X17f4bb147aee0)
19 microseconds
[2016-10-27 11:14:15]Process 9359 termed with signal 11(SIGSEGV)
PT_F40-1_bit_1-150 Test Num : 128
Inject into ../bin/hello
----- Type : 1_bit_1 Pos : PT_F40 -----
There are 1 faults will be injected in faulttable...
101245 microseconds
Fault on PT_F40(0X7f884b158ee0 -> 0X20007f884b158ee0)
13 microseconds
[2016-10-27 11:14:16]Process 9361 termed with signal 11(SIGSEGV)
PT_F40-1_bit_1-150 Test Num : 129
Inject into ../bin/hello
----- Type : 1_bit_1 Pos : PT_F40 -----
There are 1 faults will be injected in faulttable...
101083 microseconds
Fault on PT_F40(0X7fc9fcf74ee0 -> 0X20007fc9fcf74ee0)
21 microseconds
[2016-10-27 11:14:16]Process 9363 termed with signal 11(SIGSEGV)
PT_F40-1_bit_1-150 Test Num : 130
Inject into ../bin/hello
----- Type : 1_bit_1 Pos : PT_F40 -----
There are 1 faults will be injected in faulttable...
100315 microseconds
Fault on PT_F40(0X7f195e4dfee0 -> 0X20007f195e4dfee0)
14 microseconds
[2016-10-27 11:14:16]Process 9365 termed with signal 11(SIGSEGV)
PT_F40-1_bit_1-150 Test Num : 131
Inject into ../bin/hello
----- Type : 1_bit_1 Pos : PT_F40 -----
There are 1 faults will be injected in faulttable...
101141 microseconds
Fault on PT_F40(0X7f1854fdaee0 -> 0X20007f1854fdaee0)
32 microseconds
[2016-10-27 11:14:16]Process 9367 termed with signal 11(SIGSEGV)
PT_F40-1_bit_1-150 Test Num : 132
Inject into ../bin/hello
----- Type : 1_bit_1 Pos : PT_F40 -----
There are 1 faults will be injected in faulttable...
101643 microseconds
Fault on PT_F40(0X7f89fadbfee0 -> 0X20007f89fadbfee0)
14 microseconds
[2016-10-27 11:14:16]Process 9369 termed with signal 11(SIGSEGV)
PT_F40-1_bit_1-150 Test Num : 133
Inject into ../bin/hello
----- Type : 1_bit_1 Pos : PT_F40 -----
There are 1 faults will be injected in faulttable...
101291 microseconds
Fault on PT_F40(0X7f3dea1b3ee0 -> 0X20007f3dea1b3ee0)
38 microseconds
[2016-10-27 11:14:16]Process 9371 termed with signal 11(SIGSEGV)
PT_F40-1_bit_1-150 Test Num : 134
Inject into ../bin/hello
----- Type : 1_bit_1 Pos : PT_F40 -----
There are 1 faults will be injected in faulttable...
101433 microseconds
Fault on PT_F40(0X7f95df1a9ee0 -> 0X20007f95df1a9ee0)
24 microseconds
[2016-10-27 11:14:16]Process 9373 termed with signal 11(SIGSEGV)
PT_F40-1_bit_1-150 Test Num : 135
Inject into ../bin/hello
----- Type : 1_bit_1 Pos : PT_F40 -----
There are 1 faults will be injected in faulttable...
100066 microseconds
Fault on PT_F40(0X7f9019519ee0 -> 0X20007f9019519ee0)
10 microseconds
[2016-10-27 11:14:16]Process 9375 termed with signal 11(SIGSEGV)
PT_F40-1_bit_1-150 Test Num : 136
Inject into ../bin/hello
----- Type : 1_bit_1 Pos : PT_F40 -----
There are 1 faults will be injected in faulttable...
101019 microseconds
Fault on PT_F40(0X7fba61f3dee0 -> 0X20007fba61f3dee0)
18 microseconds
[2016-10-27 11:14:16]Process 9377 termed with signal 11(SIGSEGV)
PT_F40-1_bit_1-150 Test Num : 137
Inject into ../bin/hello
----- Type : 1_bit_1 Pos : PT_F40 -----
There are 1 faults will be injected in faulttable...
101077 microseconds
Fault on PT_F40(0X7f47df729ee0 -> 0X87f47df729ee0)
10 microseconds
[2016-10-27 11:14:17]Process 9379 termed with signal 11(SIGSEGV)
PT_F40-1_bit_1-150 Test Num : 138
Inject into ../bin/hello
----- Type : 1_bit_1 Pos : PT_F40 -----
There are 1 faults will be injected in faulttable...
101282 microseconds
Fault on PT_F40(0X7fe22f404ee0 -> 0X87fe22f404ee0)
14 microseconds
[2016-10-27 11:14:17]Process 9381 termed with signal 11(SIGSEGV)
PT_F40-1_bit_1-150 Test Num : 139
Inject into ../bin/hello
----- Type : 1_bit_1 Pos : PT_F40 -----
There are 1 faults will be injected in faulttable...
100946 microseconds
Fault on PT_F40(0X7f1b7ffb1ee0 -> 0X87f1b7ffb1ee0)
12 microseconds
[2016-10-27 11:14:17]Process 9383 termed with signal 11(SIGSEGV)
PT_F40-1_bit_1-150 Test Num : 140
Inject into ../bin/hello
----- Type : 1_bit_1 Pos : PT_F40 -----
There are 1 faults will be injected in faulttable...
101560 microseconds
Fault on PT_F40(0X7f9727de2ee0 -> 0X87f9727de2ee0)
17 microseconds
[2016-10-27 11:14:17]Process 9385 termed with signal 11(SIGSEGV)
PT_F40-1_bit_1-150 Test Num : 141
Inject into ../bin/hello
----- Type : 1_bit_1 Pos : PT_F40 -----
There are 1 faults will be injected in faulttable...
100377 microseconds
Fault on PT_F40(0X7f1b07c8fee0 -> 0X87f1b07c8fee0)
17 microseconds
[2016-10-27 11:14:17]Process 9387 termed with signal 11(SIGSEGV)
PT_F40-1_bit_1-150 Test Num : 142
Inject into ../bin/hello
----- Type : 1_bit_1 Pos : PT_F40 -----
There are 1 faults will be injected in faulttable...
101457 microseconds
Fault on PT_F40(0X7f9471e3fee0 -> 0X87f9471e3fee0)
13 microseconds
[2016-10-27 11:14:17]Process 9389 termed with signal 11(SIGSEGV)
PT_F40-1_bit_1-150 Test Num : 143
Inject into ../bin/hello
----- Type : 1_bit_1 Pos : PT_F40 -----
There are 1 faults will be injected in faulttable...
101195 microseconds
Fault on PT_F40(0X7fe2e4fe6ee0 -> 0X87fe2e4fe6ee0)
14 microseconds
[2016-10-27 11:14:17]Process 9391 termed with signal 11(SIGSEGV)
PT_F40-1_bit_1-150 Test Num : 144
Inject into ../bin/hello
----- Type : 1_bit_1 Pos : PT_F40 -----
There are 1 faults will be injected in faulttable...
101249 microseconds
Fault on PT_F40(0X7f615ed4dee0 -> 0X87f615ed4dee0)
13 microseconds
[2016-10-27 11:14:17]Process 9393 termed with signal 11(SIGSEGV)
PT_F40-1_bit_1-150 Test Num : 145
Inject into ../bin/hello
----- Type : 1_bit_1 Pos : PT_F40 -----
There are 1 faults will be injected in faulttable...
100105 microseconds
Fault on PT_F40(0X7f7d744d1ee0 -> 0X87f7d744d1ee0)
13 microseconds
[2016-10-27 11:14:17]Process 9395 termed with signal 11(SIGSEGV)
PT_F40-1_bit_1-150 Test Num : 146
Inject into ../bin/hello
----- Type : 1_bit_1 Pos : PT_F40 -----
There are 1 faults will be injected in faulttable...
101338 microseconds
Fault on PT_F40(0X7f3f6bd69ee0 -> 0X7f3f6fd69ee0)
17 microseconds
[2016-10-27 11:14:18]Process 9397 termed with signal 11(SIGSEGV)
PT_F40-1_bit_1-150 Test Num : 147
Inject into ../bin/hello
----- Type : 1_bit_1 Pos : PT_F40 -----
There are 1 faults will be injected in faulttable...
100102 microseconds
Fault on PT_F40(0X7f42abf6dee0 -> 0X7f42aff6dee0)
23 microseconds
[2016-10-27 11:14:18]Process 9399 termed with signal 11(SIGSEGV)
PT_F40-1_bit_1-150 Test Num : 148
Inject into ../bin/hello
----- Type : 1_bit_1 Pos : PT_F40 -----
There are 1 faults will be injected in faulttable...
101673 microseconds
Fault on PT_F40(0X7f19e3053ee0 -> 0X7f19e7053ee0)
24 microseconds
[2016-10-27 11:14:18]Process 9401 termed with signal 11(SIGSEGV)
PT_F40-1_bit_1-150 Test Num : 149
Inject into ../bin/hello
----- Type : 1_bit_1 Pos : PT_F40 -----
There are 1 faults will be injected in faulttable...
101680 microseconds
Fault on PT_F40(0X7fb259e03ee0 -> 0X7fb25de03ee0)
20 microseconds
[2016-10-27 11:14:18]Process 9403 termed with signal 11(SIGSEGV)
PT_F40-1_bit_1-150 Test Num : 150
Inject into ../bin/hello
----- Type : 1_bit_1 Pos : PT_F40 -----
There are 1 faults will be injected in faulttable...
101110 microseconds
Fault on PT_F40(0X7fa269ec4ee0 -> 0X7fa26dec4ee0)
22 microseconds
[2016-10-27 11:14:18]Process 9405 termed with signal 11(SIGSEGV)
