PT_F35-8_low_0-100 Test Num : 1
Inject into ../bin/hello
----- Type : 8_low_0 Pos : PT_F35 -----
There are 1 faults will be injected in faulttable...
101167 microseconds
Fault on PT_F35(0X246 -> 0X200)
3000132 microseconds
timeout
[ 2016-10-27 4:47:49]Process 9554 termed with signal 14(SIGALRM)
PT_F35-8_low_0-100 Test Num : 2
Inject into ../bin/hello
----- Type : 8_low_0 Pos : PT_F35 -----
There are 1 faults will be injected in faulttable...
101089 microseconds
Fault on PT_F35(0X246 -> 0X200)
3000123 microseconds
timeout
[ 2016-10-27 4:47:52]Process 9556 termed with signal 14(SIGALRM)
PT_F35-8_low_0-100 Test Num : 3
Inject into ../bin/hello
----- Type : 8_low_0 Pos : PT_F35 -----
There are 1 faults will be injected in faulttable...
101048 microseconds
Fault on PT_F35(0X246 -> 0X200)
3000091 microseconds
timeout
[ 2016-10-27 4:47:55]Process 9558 termed with signal 14(SIGALRM)
PT_F35-8_low_0-100 Test Num : 4
Inject into ../bin/hello
----- Type : 8_low_0 Pos : PT_F35 -----
There are 1 faults will be injected in faulttable...
100998 microseconds
Fault on PT_F35(0X246 -> 0X200)
3000060 microseconds
timeout
[ 2016-10-27 4:47:58]Process 9560 termed with signal 14(SIGALRM)
PT_F35-8_low_0-100 Test Num : 5
Inject into ../bin/hello
----- Type : 8_low_0 Pos : PT_F35 -----
There are 1 faults will be injected in faulttable...
101006 microseconds
Fault on PT_F35(0X246 -> 0X200)
3000082 microseconds
timeout
[  2016-10-27 4:48:1]Process 9562 termed with signal 14(SIGALRM)
PT_F35-8_low_0-100 Test Num : 6
Inject into ../bin/hello
----- Type : 8_low_0 Pos : PT_F35 -----
There are 1 faults will be injected in faulttable...
100932 microseconds
Fault on PT_F35(0X246 -> 0X200)
3000087 microseconds
timeout
[  2016-10-27 4:48:4]Process 9564 termed with signal 14(SIGALRM)
PT_F35-8_low_0-100 Test Num : 7
Inject into ../bin/hello
----- Type : 8_low_0 Pos : PT_F35 -----
There are 1 faults will be injected in faulttable...
100068 microseconds
Fault on PT_F35(0X246 -> 0X200)
3000059 microseconds
timeout
[  2016-10-27 4:48:7]Process 9566 termed with signal 14(SIGALRM)
PT_F35-8_low_0-100 Test Num : 8
Inject into ../bin/hello
----- Type : 8_low_0 Pos : PT_F35 -----
There are 1 faults will be injected in faulttable...
101065 microseconds
Fault on PT_F35(0X246 -> 0X200)
3000069 microseconds
timeout
[ 2016-10-27 4:48:11]Process 9568 termed with signal 14(SIGALRM)
PT_F35-8_low_0-100 Test Num : 9
Inject into ../bin/hello
----- Type : 8_low_0 Pos : PT_F35 -----
There are 1 faults will be injected in faulttable...
101062 microseconds
Fault on PT_F35(0X246 -> 0X200)
3000100 microseconds
timeout
[ 2016-10-27 4:48:14]Process 9570 termed with signal 14(SIGALRM)
PT_F35-8_low_0-100 Test Num : 10
Inject into ../bin/hello
----- Type : 8_low_0 Pos : PT_F35 -----
There are 1 faults will be injected in faulttable...
101070 microseconds
Fault on PT_F35(0X246 -> 0X200)
3000090 microseconds
timeout
[ 2016-10-27 4:48:17]Process 9572 termed with signal 14(SIGALRM)
PT_F35-8_low_0-100 Test Num : 11
Inject into ../bin/hello
----- Type : 8_low_0 Pos : PT_F35 -----
There are 1 faults will be injected in faulttable...
100931 microseconds
Fault on PT_F35(0X246 -> 0X200)
3000068 microseconds
timeout
[ 2016-10-27 4:48:20]Process 9574 termed with signal 14(SIGALRM)
PT_F35-8_low_0-100 Test Num : 12
Inject into ../bin/hello
----- Type : 8_low_0 Pos : PT_F35 -----
There are 1 faults will be injected in faulttable...
100087 microseconds
Fault on PT_F35(0X246 -> 0X200)
3000143 microseconds
timeout
[ 2016-10-27 4:48:23]Process 9576 termed with signal 14(SIGALRM)
PT_F35-8_low_0-100 Test Num : 13
Inject into ../bin/hello
----- Type : 8_low_0 Pos : PT_F35 -----
There are 1 faults will be injected in faulttable...
100944 microseconds
Fault on PT_F35(0X246 -> 0X200)
3000076 microseconds
timeout
[ 2016-10-27 4:48:26]Process 9578 termed with signal 14(SIGALRM)
PT_F35-8_low_0-100 Test Num : 14
Inject into ../bin/hello
----- Type : 8_low_0 Pos : PT_F35 -----
There are 1 faults will be injected in faulttable...
100099 microseconds
Fault on PT_F35(0X246 -> 0X200)
3000066 microseconds
timeout
[ 2016-10-27 4:48:29]Process 9580 termed with signal 14(SIGALRM)
PT_F35-8_low_0-100 Test Num : 15
Inject into ../bin/hello
----- Type : 8_low_0 Pos : PT_F35 -----
There are 1 faults will be injected in faulttable...
101107 microseconds
Fault on PT_F35(0X246 -> 0X200)
3000076 microseconds
timeout
[ 2016-10-27 4:48:32]Process 9582 termed with signal 14(SIGALRM)
PT_F35-8_low_0-100 Test Num : 16
Inject into ../bin/hello
----- Type : 8_low_0 Pos : PT_F35 -----
There are 1 faults will be injected in faulttable...
100070 microseconds
Fault on PT_F35(0X246 -> 0X200)
3000113 microseconds
timeout
[ 2016-10-27 4:48:35]Process 9584 termed with signal 14(SIGALRM)
PT_F35-8_low_0-100 Test Num : 17
Inject into ../bin/hello
----- Type : 8_low_0 Pos : PT_F35 -----
There are 1 faults will be injected in faulttable...
100989 microseconds
Fault on PT_F35(0X246 -> 0X200)
3000080 microseconds
timeout
[ 2016-10-27 4:48:39]Process 9586 termed with signal 14(SIGALRM)
PT_F35-8_low_0-100 Test Num : 18
Inject into ../bin/hello
----- Type : 8_low_0 Pos : PT_F35 -----
There are 1 faults will be injected in faulttable...
101004 microseconds
Fault on PT_F35(0X246 -> 0X200)
3000099 microseconds
timeout
[ 2016-10-27 4:48:42]Process 9588 termed with signal 14(SIGALRM)
PT_F35-8_low_0-100 Test Num : 19
Inject into ../bin/hello
----- Type : 8_low_0 Pos : PT_F35 -----
There are 1 faults will be injected in faulttable...
100136 microseconds
Fault on PT_F35(0X246 -> 0X200)
3000095 microseconds
timeout
[ 2016-10-27 4:48:45]Process 9590 termed with signal 14(SIGALRM)
PT_F35-8_low_0-100 Test Num : 20
Inject into ../bin/hello
----- Type : 8_low_0 Pos : PT_F35 -----
There are 1 faults will be injected in faulttable...
100968 microseconds
Fault on PT_F35(0X246 -> 0X200)
3000088 microseconds
timeout
[ 2016-10-27 4:48:48]Process 9592 termed with signal 14(SIGALRM)
PT_F35-8_low_0-100 Test Num : 21
Inject into ../bin/hello
----- Type : 8_low_0 Pos : PT_F35 -----
There are 1 faults will be injected in faulttable...
101018 microseconds
Fault on PT_F35(0X246 -> 0X200)
3000091 microseconds
timeout
[ 2016-10-27 4:48:51]Process 9594 termed with signal 14(SIGALRM)
PT_F35-8_low_0-100 Test Num : 22
Inject into ../bin/hello
----- Type : 8_low_0 Pos : PT_F35 -----
There are 1 faults will be injected in faulttable...
100061 microseconds
Fault on PT_F35(0X246 -> 0X200)
3000053 microseconds
timeout
[ 2016-10-27 4:48:54]Process 9596 termed with signal 14(SIGALRM)
PT_F35-8_low_0-100 Test Num : 23
Inject into ../bin/hello
----- Type : 8_low_0 Pos : PT_F35 -----
There are 1 faults will be injected in faulttable...
101029 microseconds
Fault on PT_F35(0X246 -> 0X200)
3000064 microseconds
timeout
[ 2016-10-27 4:48:57]Process 9598 termed with signal 14(SIGALRM)
PT_F35-8_low_0-100 Test Num : 24
Inject into ../bin/hello
----- Type : 8_low_0 Pos : PT_F35 -----
There are 1 faults will be injected in faulttable...
100929 microseconds
Fault on PT_F35(0X246 -> 0X200)
3000096 microseconds
timeout
[  2016-10-27 4:49:0]Process 9600 termed with signal 14(SIGALRM)
PT_F35-8_low_0-100 Test Num : 25
Inject into ../bin/hello
----- Type : 8_low_0 Pos : PT_F35 -----
There are 1 faults will be injected in faulttable...
101359 microseconds
Fault on PT_F35(0X246 -> 0X200)
3000095 microseconds
timeout
[  2016-10-27 4:49:3]Process 9602 termed with signal 14(SIGALRM)
PT_F35-8_low_0-100 Test Num : 26
Inject into ../bin/hello
----- Type : 8_low_0 Pos : PT_F35 -----
There are 1 faults will be injected in faulttable...
100076 microseconds
Fault on PT_F35(0X246 -> 0X200)
3000115 microseconds
timeout
[  2016-10-27 4:49:7]Process 9604 termed with signal 14(SIGALRM)
PT_F35-8_low_0-100 Test Num : 27
Inject into ../bin/hello
----- Type : 8_low_0 Pos : PT_F35 -----
There are 1 faults will be injected in faulttable...
100907 microseconds
Fault on PT_F35(0X246 -> 0X200)
3000104 microseconds
timeout
[ 2016-10-27 4:49:10]Process 9606 termed with signal 14(SIGALRM)
PT_F35-8_low_0-100 Test Num : 28
Inject into ../bin/hello
----- Type : 8_low_0 Pos : PT_F35 -----
There are 1 faults will be injected in faulttable...
100988 microseconds
Fault on PT_F35(0X246 -> 0X200)
3000070 microseconds
timeout
[ 2016-10-27 4:49:13]Process 9608 termed with signal 14(SIGALRM)
PT_F35-8_low_0-100 Test Num : 29
Inject into ../bin/hello
----- Type : 8_low_0 Pos : PT_F35 -----
There are 1 faults will be injected in faulttable...
101097 microseconds
Fault on PT_F35(0X246 -> 0X200)
3000073 microseconds
timeout
[ 2016-10-27 4:49:16]Process 9610 termed with signal 14(SIGALRM)
PT_F35-8_low_0-100 Test Num : 30
Inject into ../bin/hello
----- Type : 8_low_0 Pos : PT_F35 -----
There are 1 faults will be injected in faulttable...
101928 microseconds
Fault on PT_F35(0X246 -> 0X200)
3000086 microseconds
timeout
[ 2016-10-27 4:49:19]Process 9612 termed with signal 14(SIGALRM)
PT_F35-8_low_0-100 Test Num : 31
Inject into ../bin/hello
----- Type : 8_low_0 Pos : PT_F35 -----
There are 1 faults will be injected in faulttable...
100092 microseconds
Fault on PT_F35(0X246 -> 0X200)
3000058 microseconds
timeout
[ 2016-10-27 4:49:22]Process 9614 termed with signal 14(SIGALRM)
PT_F35-8_low_0-100 Test Num : 32
Inject into ../bin/hello
----- Type : 8_low_0 Pos : PT_F35 -----
There are 1 faults will be injected in faulttable...
100078 microseconds
Fault on PT_F35(0X246 -> 0X200)
3000075 microseconds
timeout
[ 2016-10-27 4:49:25]Process 9616 termed with signal 14(SIGALRM)
PT_F35-8_low_0-100 Test Num : 33
Inject into ../bin/hello
----- Type : 8_low_0 Pos : PT_F35 -----
There are 1 faults will be injected in faulttable...
100908 microseconds
Fault on PT_F35(0X246 -> 0X200)
3000073 microseconds
timeout
[ 2016-10-27 4:49:28]Process 9618 termed with signal 14(SIGALRM)
PT_F35-8_low_0-100 Test Num : 34
Inject into ../bin/hello
----- Type : 8_low_0 Pos : PT_F35 -----
There are 1 faults will be injected in faulttable...
100957 microseconds
Fault on PT_F35(0X246 -> 0X200)
3000065 microseconds
timeout
[ 2016-10-27 4:49:31]Process 9620 termed with signal 14(SIGALRM)
PT_F35-8_low_0-100 Test Num : 35
Inject into ../bin/hello
----- Type : 8_low_0 Pos : PT_F35 -----
There are 1 faults will be injected in faulttable...
100883 microseconds
Fault on PT_F35(0X246 -> 0X200)
3000059 microseconds
timeout
[ 2016-10-27 4:49:35]Process 9622 termed with signal 14(SIGALRM)
PT_F35-8_low_0-100 Test Num : 36
Inject into ../bin/hello
----- Type : 8_low_0 Pos : PT_F35 -----
There are 1 faults will be injected in faulttable...
100958 microseconds
Fault on PT_F35(0X246 -> 0X200)
3000063 microseconds
timeout
[ 2016-10-27 4:49:38]Process 9624 termed with signal 14(SIGALRM)
PT_F35-8_low_0-100 Test Num : 37
Inject into ../bin/hello
----- Type : 8_low_0 Pos : PT_F35 -----
There are 1 faults will be injected in faulttable...
100935 microseconds
Fault on PT_F35(0X246 -> 0X200)
3000059 microseconds
timeout
[ 2016-10-27 4:49:41]Process 9626 termed with signal 14(SIGALRM)
PT_F35-8_low_0-100 Test Num : 38
Inject into ../bin/hello
----- Type : 8_low_0 Pos : PT_F35 -----
There are 1 faults will be injected in faulttable...
101237 microseconds
Fault on PT_F35(0X246 -> 0X200)
3000079 microseconds
timeout
[ 2016-10-27 4:49:44]Process 9628 termed with signal 14(SIGALRM)
PT_F35-8_low_0-100 Test Num : 39
Inject into ../bin/hello
----- Type : 8_low_0 Pos : PT_F35 -----
There are 1 faults will be injected in faulttable...
100102 microseconds
Fault on PT_F35(0X246 -> 0X200)
3000125 microseconds
timeout
[ 2016-10-27 4:49:47]Process 9630 termed with signal 14(SIGALRM)
PT_F35-8_low_0-100 Test Num : 40
Inject into ../bin/hello
----- Type : 8_low_0 Pos : PT_F35 -----
There are 1 faults will be injected in faulttable...
101185 microseconds
Fault on PT_F35(0X246 -> 0X200)
3000089 microseconds
timeout
[ 2016-10-27 4:49:50]Process 9632 termed with signal 14(SIGALRM)
PT_F35-8_low_0-100 Test Num : 41
Inject into ../bin/hello
----- Type : 8_low_0 Pos : PT_F35 -----
There are 1 faults will be injected in faulttable...
100127 microseconds
Fault on PT_F35(0X246 -> 0X200)
3000088 microseconds
timeout
[ 2016-10-27 4:49:53]Process 9634 termed with signal 14(SIGALRM)
PT_F35-8_low_0-100 Test Num : 42
Inject into ../bin/hello
----- Type : 8_low_0 Pos : PT_F35 -----
There are 1 faults will be injected in faulttable...
100968 microseconds
Fault on PT_F35(0X246 -> 0X200)
3000056 microseconds
timeout
[ 2016-10-27 4:49:56]Process 9636 termed with signal 14(SIGALRM)
PT_F35-8_low_0-100 Test Num : 43
Inject into ../bin/hello
----- Type : 8_low_0 Pos : PT_F35 -----
There are 1 faults will be injected in faulttable...
100979 microseconds
Fault on PT_F35(0X246 -> 0X200)
3000095 microseconds
timeout
[ 2016-10-27 4:49:59]Process 9639 termed with signal 14(SIGALRM)
PT_F35-8_low_0-100 Test Num : 44
Inject into ../bin/hello
----- Type : 8_low_0 Pos : PT_F35 -----
There are 1 faults will be injected in faulttable...
100987 microseconds
Fault on PT_F35(0X246 -> 0X200)
3000102 microseconds
timeout
[  2016-10-27 4:50:3]Process 9641 termed with signal 14(SIGALRM)
PT_F35-8_low_0-100 Test Num : 45
Inject into ../bin/hello
----- Type : 8_low_0 Pos : PT_F35 -----
There are 1 faults will be injected in faulttable...
101097 microseconds
Fault on PT_F35(0X246 -> 0X200)
3000131 microseconds
timeout
[  2016-10-27 4:50:6]Process 9643 termed with signal 14(SIGALRM)
PT_F35-8_low_0-100 Test Num : 46
Inject into ../bin/hello
----- Type : 8_low_0 Pos : PT_F35 -----
There are 1 faults will be injected in faulttable...
101419 microseconds
Fault on PT_F35(0X246 -> 0X200)
3000099 microseconds
timeout
[  2016-10-27 4:50:9]Process 9645 termed with signal 14(SIGALRM)
PT_F35-8_low_0-100 Test Num : 47
Inject into ../bin/hello
----- Type : 8_low_0 Pos : PT_F35 -----
There are 1 faults will be injected in faulttable...
101158 microseconds
Fault on PT_F35(0X246 -> 0X200)
3000115 microseconds
timeout
[ 2016-10-27 4:50:12]Process 9647 termed with signal 14(SIGALRM)
PT_F35-8_low_0-100 Test Num : 48
Inject into ../bin/hello
----- Type : 8_low_0 Pos : PT_F35 -----
There are 1 faults will be injected in faulttable...
101101 microseconds
Fault on PT_F35(0X246 -> 0X200)
3000046 microseconds
timeout
[ 2016-10-27 4:50:15]Process 9649 termed with signal 14(SIGALRM)
PT_F35-8_low_0-100 Test Num : 49
Inject into ../bin/hello
----- Type : 8_low_0 Pos : PT_F35 -----
There are 1 faults will be injected in faulttable...
100919 microseconds
Fault on PT_F35(0X246 -> 0X200)
3000058 microseconds
timeout
[ 2016-10-27 4:50:18]Process 9651 termed with signal 14(SIGALRM)
PT_F35-8_low_0-100 Test Num : 50
Inject into ../bin/hello
----- Type : 8_low_0 Pos : PT_F35 -----
There are 1 faults will be injected in faulttable...
101086 microseconds
Fault on PT_F35(0X246 -> 0X200)
3000083 microseconds
timeout
[ 2016-10-27 4:50:21]Process 9653 termed with signal 14(SIGALRM)
PT_F35-8_low_0-100 Test Num : 51
Inject into ../bin/hello
----- Type : 8_low_0 Pos : PT_F35 -----
There are 1 faults will be injected in faulttable...
101272 microseconds
Fault on PT_F35(0X246 -> 0X200)
3000059 microseconds
timeout
[ 2016-10-27 4:50:24]Process 9655 termed with signal 14(SIGALRM)
PT_F35-8_low_0-100 Test Num : 52
Inject into ../bin/hello
----- Type : 8_low_0 Pos : PT_F35 -----
There are 1 faults will be injected in faulttable...
101166 microseconds
Fault on PT_F35(0X246 -> 0X200)
3000069 microseconds
timeout
[ 2016-10-27 4:50:27]Process 9657 termed with signal 14(SIGALRM)
PT_F35-8_low_0-100 Test Num : 53
Inject into ../bin/hello
----- Type : 8_low_0 Pos : PT_F35 -----
There are 1 faults will be injected in faulttable...
100925 microseconds
Fault on PT_F35(0X246 -> 0X200)
3000071 microseconds
timeout
[ 2016-10-27 4:50:31]Process 9659 termed with signal 14(SIGALRM)
PT_F35-8_low_0-100 Test Num : 54
Inject into ../bin/hello
----- Type : 8_low_0 Pos : PT_F35 -----
There are 1 faults will be injected in faulttable...
100111 microseconds
Fault on PT_F35(0X246 -> 0X200)
3000087 microseconds
timeout
[ 2016-10-27 4:50:34]Process 9661 termed with signal 14(SIGALRM)
PT_F35-8_low_0-100 Test Num : 55
Inject into ../bin/hello
----- Type : 8_low_0 Pos : PT_F35 -----
There are 1 faults will be injected in faulttable...
101330 microseconds
Fault on PT_F35(0X246 -> 0X200)
3000086 microseconds
timeout
[ 2016-10-27 4:50:37]Process 9663 termed with signal 14(SIGALRM)
PT_F35-8_low_0-100 Test Num : 56
Inject into ../bin/hello
----- Type : 8_low_0 Pos : PT_F35 -----
There are 1 faults will be injected in faulttable...
100949 microseconds
Fault on PT_F35(0X246 -> 0X200)
3000068 microseconds
timeout
[ 2016-10-27 4:50:40]Process 9665 termed with signal 14(SIGALRM)
PT_F35-8_low_0-100 Test Num : 57
Inject into ../bin/hello
----- Type : 8_low_0 Pos : PT_F35 -----
There are 1 faults will be injected in faulttable...
101149 microseconds
Fault on PT_F35(0X246 -> 0X200)
3000104 microseconds
timeout
[ 2016-10-27 4:50:43]Process 9667 termed with signal 14(SIGALRM)
PT_F35-8_low_0-100 Test Num : 58
Inject into ../bin/hello
----- Type : 8_low_0 Pos : PT_F35 -----
There are 1 faults will be injected in faulttable...
101193 microseconds
Fault on PT_F35(0X246 -> 0X200)
3000063 microseconds
timeout
[ 2016-10-27 4:50:46]Process 9669 termed with signal 14(SIGALRM)
PT_F35-8_low_0-100 Test Num : 59
Inject into ../bin/hello
----- Type : 8_low_0 Pos : PT_F35 -----
There are 1 faults will be injected in faulttable...
100076 microseconds
Fault on PT_F35(0X246 -> 0X200)
3000069 microseconds
timeout
[ 2016-10-27 4:50:49]Process 9671 termed with signal 14(SIGALRM)
PT_F35-8_low_0-100 Test Num : 60
Inject into ../bin/hello
----- Type : 8_low_0 Pos : PT_F35 -----
There are 1 faults will be injected in faulttable...
100943 microseconds
Fault on PT_F35(0X246 -> 0X200)
3000093 microseconds
timeout
[ 2016-10-27 4:50:52]Process 9673 termed with signal 14(SIGALRM)
PT_F35-8_low_0-100 Test Num : 61
Inject into ../bin/hello
----- Type : 8_low_0 Pos : PT_F35 -----
There are 1 faults will be injected in faulttable...
101319 microseconds
Fault on PT_F35(0X246 -> 0X200)
3000080 microseconds
timeout
[ 2016-10-27 4:50:55]Process 9675 termed with signal 14(SIGALRM)
PT_F35-8_low_0-100 Test Num : 62
Inject into ../bin/hello
----- Type : 8_low_0 Pos : PT_F35 -----
There are 1 faults will be injected in faulttable...
100927 microseconds
Fault on PT_F35(0X246 -> 0X200)
3000098 microseconds
timeout
[ 2016-10-27 4:50:59]Process 9677 termed with signal 14(SIGALRM)
PT_F35-8_low_0-100 Test Num : 63
Inject into ../bin/hello
----- Type : 8_low_0 Pos : PT_F35 -----
There are 1 faults will be injected in faulttable...
100966 microseconds
Fault on PT_F35(0X246 -> 0X200)
3000105 microseconds
timeout
[  2016-10-27 4:51:2]Process 9679 termed with signal 14(SIGALRM)
PT_F35-8_low_0-100 Test Num : 64
Inject into ../bin/hello
----- Type : 8_low_0 Pos : PT_F35 -----
There are 1 faults will be injected in faulttable...
100094 microseconds
Fault on PT_F35(0X246 -> 0X200)
3000080 microseconds
timeout
[  2016-10-27 4:51:5]Process 9681 termed with signal 14(SIGALRM)
PT_F35-8_low_0-100 Test Num : 65
Inject into ../bin/hello
----- Type : 8_low_0 Pos : PT_F35 -----
There are 1 faults will be injected in faulttable...
100988 microseconds
Fault on PT_F35(0X246 -> 0X200)
3000057 microseconds
timeout
[  2016-10-27 4:51:8]Process 9683 termed with signal 14(SIGALRM)
PT_F35-8_low_0-100 Test Num : 66
Inject into ../bin/hello
----- Type : 8_low_0 Pos : PT_F35 -----
There are 1 faults will be injected in faulttable...
100131 microseconds
Fault on PT_F35(0X246 -> 0X200)
3000115 microseconds
timeout
[ 2016-10-27 4:51:11]Process 9685 termed with signal 14(SIGALRM)
PT_F35-8_low_0-100 Test Num : 67
Inject into ../bin/hello
----- Type : 8_low_0 Pos : PT_F35 -----
There are 1 faults will be injected in faulttable...
101149 microseconds
Fault on PT_F35(0X246 -> 0X200)
3000111 microseconds
timeout
[ 2016-10-27 4:51:14]Process 9687 termed with signal 14(SIGALRM)
PT_F35-8_low_0-100 Test Num : 68
Inject into ../bin/hello
----- Type : 8_low_0 Pos : PT_F35 -----
There are 1 faults will be injected in faulttable...
101152 microseconds
Fault on PT_F35(0X246 -> 0X200)
3000069 microseconds
timeout
[ 2016-10-27 4:51:17]Process 9689 termed with signal 14(SIGALRM)
PT_F35-8_low_0-100 Test Num : 69
Inject into ../bin/hello
----- Type : 8_low_0 Pos : PT_F35 -----
There are 1 faults will be injected in faulttable...
100963 microseconds
Fault on PT_F35(0X246 -> 0X200)
3000096 microseconds
timeout
[ 2016-10-27 4:51:20]Process 9691 termed with signal 14(SIGALRM)
PT_F35-8_low_0-100 Test Num : 70
Inject into ../bin/hello
----- Type : 8_low_0 Pos : PT_F35 -----
There are 1 faults will be injected in faulttable...
100933 microseconds
Fault on PT_F35(0X246 -> 0X200)
3000160 microseconds
timeout
[ 2016-10-27 4:51:23]Process 9693 termed with signal 14(SIGALRM)
PT_F35-8_low_0-100 Test Num : 71
Inject into ../bin/hello
----- Type : 8_low_0 Pos : PT_F35 -----
There are 1 faults will be injected in faulttable...
100959 microseconds
Fault on PT_F35(0X246 -> 0X200)
3000110 microseconds
timeout
[ 2016-10-27 4:51:27]Process 9695 termed with signal 14(SIGALRM)
PT_F35-8_low_0-100 Test Num : 72
Inject into ../bin/hello
----- Type : 8_low_0 Pos : PT_F35 -----
There are 1 faults will be injected in faulttable...
100245 microseconds
Fault on PT_F35(0X246 -> 0X200)
3000065 microseconds
timeout
[ 2016-10-27 4:51:30]Process 9697 termed with signal 14(SIGALRM)
PT_F35-8_low_0-100 Test Num : 73
Inject into ../bin/hello
----- Type : 8_low_0 Pos : PT_F35 -----
There are 1 faults will be injected in faulttable...
101023 microseconds
Fault on PT_F35(0X246 -> 0X200)
3000093 microseconds
timeout
[ 2016-10-27 4:51:33]Process 9699 termed with signal 14(SIGALRM)
PT_F35-8_low_0-100 Test Num : 74
Inject into ../bin/hello
----- Type : 8_low_0 Pos : PT_F35 -----
There are 1 faults will be injected in faulttable...
101073 microseconds
Fault on PT_F35(0X246 -> 0X200)
3000093 microseconds
timeout
[ 2016-10-27 4:51:36]Process 9701 termed with signal 14(SIGALRM)
PT_F35-8_low_0-100 Test Num : 75
Inject into ../bin/hello
----- Type : 8_low_0 Pos : PT_F35 -----
There are 1 faults will be injected in faulttable...
101066 microseconds
Fault on PT_F35(0X246 -> 0X200)
3000114 microseconds
timeout
[ 2016-10-27 4:51:39]Process 9703 termed with signal 14(SIGALRM)
PT_F35-8_low_0-100 Test Num : 76
Inject into ../bin/hello
----- Type : 8_low_0 Pos : PT_F35 -----
There are 1 faults will be injected in faulttable...
100981 microseconds
Fault on PT_F35(0X246 -> 0X200)
3000090 microseconds
timeout
[ 2016-10-27 4:51:42]Process 9705 termed with signal 14(SIGALRM)
PT_F35-8_low_0-100 Test Num : 77
Inject into ../bin/hello
----- Type : 8_low_0 Pos : PT_F35 -----
There are 1 faults will be injected in faulttable...
101362 microseconds
Fault on PT_F35(0X246 -> 0X200)
3000064 microseconds
timeout
[ 2016-10-27 4:51:45]Process 9707 termed with signal 14(SIGALRM)
PT_F35-8_low_0-100 Test Num : 78
Inject into ../bin/hello
----- Type : 8_low_0 Pos : PT_F35 -----
There are 1 faults will be injected in faulttable...
100983 microseconds
Fault on PT_F35(0X246 -> 0X200)
3000107 microseconds
timeout
[ 2016-10-27 4:51:48]Process 9709 termed with signal 14(SIGALRM)
PT_F35-8_low_0-100 Test Num : 79
Inject into ../bin/hello
----- Type : 8_low_0 Pos : PT_F35 -----
There are 1 faults will be injected in faulttable...
101164 microseconds
Fault on PT_F35(0X246 -> 0X200)
3000096 microseconds
timeout
[ 2016-10-27 4:51:51]Process 9711 termed with signal 14(SIGALRM)
PT_F35-8_low_0-100 Test Num : 80
Inject into ../bin/hello
----- Type : 8_low_0 Pos : PT_F35 -----
There are 1 faults will be injected in faulttable...
101035 microseconds
Fault on PT_F35(0X246 -> 0X200)
3000052 microseconds
timeout
[ 2016-10-27 4:51:55]Process 9713 termed with signal 14(SIGALRM)
PT_F35-8_low_0-100 Test Num : 81
Inject into ../bin/hello
----- Type : 8_low_0 Pos : PT_F35 -----
There are 1 faults will be injected in faulttable...
101152 microseconds
Fault on PT_F35(0X246 -> 0X200)
3000103 microseconds
timeout
[ 2016-10-27 4:51:58]Process 9715 termed with signal 14(SIGALRM)
PT_F35-8_low_0-100 Test Num : 82
Inject into ../bin/hello
----- Type : 8_low_0 Pos : PT_F35 -----
There are 1 faults will be injected in faulttable...
101013 microseconds
Fault on PT_F35(0X246 -> 0X200)
3000091 microseconds
timeout
[  2016-10-27 4:52:1]Process 9717 termed with signal 14(SIGALRM)
PT_F35-8_low_0-100 Test Num : 83
Inject into ../bin/hello
----- Type : 8_low_0 Pos : PT_F35 -----
There are 1 faults will be injected in faulttable...
100952 microseconds
Fault on PT_F35(0X246 -> 0X200)
3000069 microseconds
timeout
[  2016-10-27 4:52:4]Process 9719 termed with signal 14(SIGALRM)
PT_F35-8_low_0-100 Test Num : 84
Inject into ../bin/hello
----- Type : 8_low_0 Pos : PT_F35 -----
There are 1 faults will be injected in faulttable...
101024 microseconds
Fault on PT_F35(0X246 -> 0X200)
3000063 microseconds
timeout
[  2016-10-27 4:52:7]Process 9721 termed with signal 14(SIGALRM)
PT_F35-8_low_0-100 Test Num : 85
Inject into ../bin/hello
----- Type : 8_low_0 Pos : PT_F35 -----
There are 1 faults will be injected in faulttable...
101250 microseconds
Fault on PT_F35(0X246 -> 0X200)
3000139 microseconds
timeout
[ 2016-10-27 4:52:10]Process 9723 termed with signal 14(SIGALRM)
PT_F35-8_low_0-100 Test Num : 86
Inject into ../bin/hello
----- Type : 8_low_0 Pos : PT_F35 -----
There are 1 faults will be injected in faulttable...
100087 microseconds
Fault on PT_F35(0X246 -> 0X200)
3000062 microseconds
timeout
[ 2016-10-27 4:52:13]Process 9725 termed with signal 14(SIGALRM)
PT_F35-8_low_0-100 Test Num : 87
Inject into ../bin/hello
----- Type : 8_low_0 Pos : PT_F35 -----
There are 1 faults will be injected in faulttable...
101071 microseconds
Fault on PT_F35(0X246 -> 0X200)
3000146 microseconds
timeout
[ 2016-10-27 4:52:16]Process 9727 termed with signal 14(SIGALRM)
PT_F35-8_low_0-100 Test Num : 88
Inject into ../bin/hello
----- Type : 8_low_0 Pos : PT_F35 -----
There are 1 faults will be injected in faulttable...
101228 microseconds
Fault on PT_F35(0X246 -> 0X200)
3000076 microseconds
timeout
[ 2016-10-27 4:52:20]Process 9729 termed with signal 14(SIGALRM)
PT_F35-8_low_0-100 Test Num : 89
Inject into ../bin/hello
----- Type : 8_low_0 Pos : PT_F35 -----
There are 1 faults will be injected in faulttable...
100071 microseconds
Fault on PT_F35(0X246 -> 0X200)
3000140 microseconds
timeout
[ 2016-10-27 4:52:23]Process 9731 termed with signal 14(SIGALRM)
PT_F35-8_low_0-100 Test Num : 90
Inject into ../bin/hello
----- Type : 8_low_0 Pos : PT_F35 -----
There are 1 faults will be injected in faulttable...
100972 microseconds
Fault on PT_F35(0X246 -> 0X200)
3000074 microseconds
timeout
[ 2016-10-27 4:52:26]Process 9733 termed with signal 14(SIGALRM)
PT_F35-8_low_0-100 Test Num : 91
Inject into ../bin/hello
----- Type : 8_low_0 Pos : PT_F35 -----
There are 1 faults will be injected in faulttable...
100981 microseconds
Fault on PT_F35(0X246 -> 0X200)
3000154 microseconds
timeout
[ 2016-10-27 4:52:29]Process 9735 termed with signal 14(SIGALRM)
PT_F35-8_low_0-100 Test Num : 92
Inject into ../bin/hello
----- Type : 8_low_0 Pos : PT_F35 -----
There are 1 faults will be injected in faulttable...
101019 microseconds
Fault on PT_F35(0X246 -> 0X200)
3000069 microseconds
timeout
[ 2016-10-27 4:52:32]Process 9737 termed with signal 14(SIGALRM)
PT_F35-8_low_0-100 Test Num : 93
Inject into ../bin/hello
----- Type : 8_low_0 Pos : PT_F35 -----
There are 1 faults will be injected in faulttable...
101162 microseconds
Fault on PT_F35(0X246 -> 0X200)
3000097 microseconds
timeout
[ 2016-10-27 4:52:35]Process 9739 termed with signal 14(SIGALRM)
PT_F35-8_low_0-100 Test Num : 94
Inject into ../bin/hello
----- Type : 8_low_0 Pos : PT_F35 -----
There are 1 faults will be injected in faulttable...
101370 microseconds
Fault on PT_F35(0X246 -> 0X200)
3000072 microseconds
timeout
[ 2016-10-27 4:52:38]Process 9741 termed with signal 14(SIGALRM)
PT_F35-8_low_0-100 Test Num : 95
Inject into ../bin/hello
----- Type : 8_low_0 Pos : PT_F35 -----
There are 1 faults will be injected in faulttable...
101010 microseconds
Fault on PT_F35(0X246 -> 0X200)
3000098 microseconds
timeout
[ 2016-10-27 4:52:41]Process 9743 termed with signal 14(SIGALRM)
PT_F35-8_low_0-100 Test Num : 96
Inject into ../bin/hello
----- Type : 8_low_0 Pos : PT_F35 -----
There are 1 faults will be injected in faulttable...
100932 microseconds
Fault on PT_F35(0X246 -> 0X200)
3000088 microseconds
timeout
[ 2016-10-27 4:52:44]Process 9745 termed with signal 14(SIGALRM)
PT_F35-8_low_0-100 Test Num : 97
Inject into ../bin/hello
----- Type : 8_low_0 Pos : PT_F35 -----
There are 1 faults will be injected in faulttable...
100151 microseconds
Fault on PT_F35(0X246 -> 0X200)
3000071 microseconds
timeout
[ 2016-10-27 4:52:48]Process 9747 termed with signal 14(SIGALRM)
PT_F35-8_low_0-100 Test Num : 98
Inject into ../bin/hello
----- Type : 8_low_0 Pos : PT_F35 -----
There are 1 faults will be injected in faulttable...
101048 microseconds
Fault on PT_F35(0X246 -> 0X200)
3000056 microseconds
timeout
[ 2016-10-27 4:52:51]Process 9749 termed with signal 14(SIGALRM)
PT_F35-8_low_0-100 Test Num : 99
Inject into ../bin/hello
----- Type : 8_low_0 Pos : PT_F35 -----
There are 1 faults will be injected in faulttable...
101039 microseconds
Fault on PT_F35(0X246 -> 0X200)
3000086 microseconds
timeout
[ 2016-10-27 4:52:54]Process 9751 termed with signal 14(SIGALRM)
PT_F35-8_low_0-100 Test Num : 100
Inject into ../bin/hello
----- Type : 8_low_0 Pos : PT_F35 -----
There are 1 faults will be injected in faulttable...
101051 microseconds
Fault on PT_F35(0X246 -> 0X200)
3000130 microseconds
timeout
[ 2016-10-27 4:52:57]Process 9753 termed with signal 14(SIGALRM)
