PT_F35-1_bit_flip-100 Test Num : 1
Inject into ../bin/hello
----- Type : 1_bit_flip Pos : PT_F35 -----
There are 1 faults will be injected in faulttable...
101026 microseconds
Fault on PT_F35(0X246 -> 0X4246)
3000091 microseconds
timeout
[ 2016-10-27 4:11:30]Process 8135 termed with signal 14(SIGALRM)
PT_F35-1_bit_flip-100 Test Num : 2
Inject into ../bin/hello
----- Type : 1_bit_flip Pos : PT_F35 -----
There are 1 faults will be injected in faulttable...
101072 microseconds
Fault on PT_F35(0X246 -> 0Xa46)
3000083 microseconds
timeout
[ 2016-10-27 4:11:33]Process 8137 termed with signal 14(SIGALRM)
PT_F35-1_bit_flip-100 Test Num : 3
Inject into ../bin/hello
----- Type : 1_bit_flip Pos : PT_F35 -----
There are 1 faults will be injected in faulttable...
101160 microseconds
Fault on PT_F35(0X246 -> 0X346)
3000093 microseconds
timeout
[ 2016-10-27 4:11:36]Process 8139 termed with signal 14(SIGALRM)
PT_F35-1_bit_flip-100 Test Num : 4
Inject into ../bin/hello
----- Type : 1_bit_flip Pos : PT_F35 -----
There are 1 faults will be injected in faulttable...
100100 microseconds
Fault on PT_F35(0X246 -> 0X800246)
3000154 microseconds
timeout
[ 2016-10-27 4:11:39]Process 8141 termed with signal 14(SIGALRM)
PT_F35-1_bit_flip-100 Test Num : 5
Inject into ../bin/hello
----- Type : 1_bit_flip Pos : PT_F35 -----
There are 1 faults will be injected in faulttable...
101014 microseconds
Fault on PT_F35(0X246 -> 0X266)
3000107 microseconds
timeout
[ 2016-10-27 4:11:42]Process 8143 termed with signal 14(SIGALRM)
PT_F35-1_bit_flip-100 Test Num : 6
Inject into ../bin/hello
----- Type : 1_bit_flip Pos : PT_F35 -----
There are 1 faults will be injected in faulttable...
101396 microseconds
Fault on PT_F35(0X246 -> 0X1246)
3000068 microseconds
timeout
[ 2016-10-27 4:11:45]Process 8145 termed with signal 14(SIGALRM)
PT_F35-1_bit_flip-100 Test Num : 7
Inject into ../bin/hello
----- Type : 1_bit_flip Pos : PT_F35 -----
There are 1 faults will be injected in faulttable...
101093 microseconds
Fault on PT_F35(0X246 -> 0X4000000000246)
3000117 microseconds
timeout
[ 2016-10-27 4:11:48]Process 8147 termed with signal 14(SIGALRM)
PT_F35-1_bit_flip-100 Test Num : 8
Inject into ../bin/hello
----- Type : 1_bit_flip Pos : PT_F35 -----
There are 1 faults will be injected in faulttable...
101127 microseconds
Fault on PT_F35(0X246 -> 0X2000246)
3000132 microseconds
timeout
[ 2016-10-27 4:11:51]Process 8149 termed with signal 14(SIGALRM)
PT_F35-1_bit_flip-100 Test Num : 9
Inject into ../bin/hello
----- Type : 1_bit_flip Pos : PT_F35 -----
There are 1 faults will be injected in faulttable...
101639 microseconds
Fault on PT_F35(0X246 -> 0X8000000246)
3000065 microseconds
timeout
[ 2016-10-27 4:11:55]Process 8151 termed with signal 14(SIGALRM)
PT_F35-1_bit_flip-100 Test Num : 10
Inject into ../bin/hello
----- Type : 1_bit_flip Pos : PT_F35 -----
There are 1 faults will be injected in faulttable...
101048 microseconds
Fault on PT_F35(0X246 -> 0X8000000246)
3000089 microseconds
timeout
[ 2016-10-27 4:11:58]Process 8153 termed with signal 14(SIGALRM)
PT_F35-1_bit_flip-100 Test Num : 11
Inject into ../bin/hello
----- Type : 1_bit_flip Pos : PT_F35 -----
There are 1 faults will be injected in faulttable...
100973 microseconds
Fault on PT_F35(0X246 -> 0X200000000246)
3000108 microseconds
timeout
[  2016-10-27 4:12:1]Process 8155 termed with signal 14(SIGALRM)
PT_F35-1_bit_flip-100 Test Num : 12
Inject into ../bin/hello
----- Type : 1_bit_flip Pos : PT_F35 -----
There are 1 faults will be injected in faulttable...
101551 microseconds
Fault on PT_F35(0X246 -> 0X4000000246)
3000090 microseconds
timeout
[  2016-10-27 4:12:4]Process 8157 termed with signal 14(SIGALRM)
PT_F35-1_bit_flip-100 Test Num : 13
Inject into ../bin/hello
----- Type : 1_bit_flip Pos : PT_F35 -----
There are 1 faults will be injected in faulttable...
101251 microseconds
Fault on PT_F35(0X246 -> 0X10000246)
3000093 microseconds
timeout
[  2016-10-27 4:12:7]Process 8159 termed with signal 14(SIGALRM)
PT_F35-1_bit_flip-100 Test Num : 14
Inject into ../bin/hello
----- Type : 1_bit_flip Pos : PT_F35 -----
There are 1 faults will be injected in faulttable...
101266 microseconds
Fault on PT_F35(0X246 -> 0X200000246)
3000072 microseconds
timeout
[ 2016-10-27 4:12:10]Process 8161 termed with signal 14(SIGALRM)
PT_F35-1_bit_flip-100 Test Num : 15
Inject into ../bin/hello
----- Type : 1_bit_flip Pos : PT_F35 -----
There are 1 faults will be injected in faulttable...
101201 microseconds
Fault on PT_F35(0X246 -> 0X8000000000246)
3000055 microseconds
timeout
[ 2016-10-27 4:12:13]Process 8163 termed with signal 14(SIGALRM)
PT_F35-1_bit_flip-100 Test Num : 16
Inject into ../bin/hello
----- Type : 1_bit_flip Pos : PT_F35 -----
There are 1 faults will be injected in faulttable...
100949 microseconds
Fault on PT_F35(0X246 -> 0X2000246)
3000107 microseconds
timeout
[ 2016-10-27 4:12:16]Process 8165 termed with signal 14(SIGALRM)
PT_F35-1_bit_flip-100 Test Num : 17
Inject into ../bin/hello
----- Type : 1_bit_flip Pos : PT_F35 -----
There are 1 faults will be injected in faulttable...
101201 microseconds
Fault on PT_F35(0X246 -> 0X80000000246)
3000096 microseconds
timeout
[ 2016-10-27 4:12:19]Process 8167 termed with signal 14(SIGALRM)
PT_F35-1_bit_flip-100 Test Num : 18
Inject into ../bin/hello
----- Type : 1_bit_flip Pos : PT_F35 -----
There are 1 faults will be injected in faulttable...
100198 microseconds
Fault on PT_F35(0X246 -> 0X80000000246)
3000233 microseconds
timeout
[ 2016-10-27 4:12:23]Process 8169 termed with signal 14(SIGALRM)
PT_F35-1_bit_flip-100 Test Num : 19
Inject into ../bin/hello
----- Type : 1_bit_flip Pos : PT_F35 -----
There are 1 faults will be injected in faulttable...
101226 microseconds
Fault on PT_F35(0X246 -> 0X20000000000246)
3000077 microseconds
timeout
[ 2016-10-27 4:12:26]Process 8171 termed with signal 14(SIGALRM)
PT_F35-1_bit_flip-100 Test Num : 20
Inject into ../bin/hello
----- Type : 1_bit_flip Pos : PT_F35 -----
There are 1 faults will be injected in faulttable...
101031 microseconds
Fault on PT_F35(0X246 -> 0X400000000000246)
3000099 microseconds
timeout
[ 2016-10-27 4:12:29]Process 8173 termed with signal 14(SIGALRM)
PT_F35-1_bit_flip-100 Test Num : 21
Inject into ../bin/hello
----- Type : 1_bit_flip Pos : PT_F35 -----
There are 1 faults will be injected in faulttable...
101395 microseconds
Fault on PT_F35(0X246 -> 0X8000246)
3000080 microseconds
timeout
[ 2016-10-27 4:12:32]Process 8175 termed with signal 14(SIGALRM)
PT_F35-1_bit_flip-100 Test Num : 22
Inject into ../bin/hello
----- Type : 1_bit_flip Pos : PT_F35 -----
There are 1 faults will be injected in faulttable...
101127 microseconds
Fault on PT_F35(0X246 -> 0X8000246)
3000092 microseconds
timeout
[ 2016-10-27 4:12:35]Process 8177 termed with signal 14(SIGALRM)
PT_F35-1_bit_flip-100 Test Num : 23
Inject into ../bin/hello
----- Type : 1_bit_flip Pos : PT_F35 -----
There are 1 faults will be injected in faulttable...
101143 microseconds
Fault on PT_F35(0X246 -> 0X1000000000000246)
3000082 microseconds
timeout
[ 2016-10-27 4:12:38]Process 8179 termed with signal 14(SIGALRM)
PT_F35-1_bit_flip-100 Test Num : 24
Inject into ../bin/hello
----- Type : 1_bit_flip Pos : PT_F35 -----
There are 1 faults will be injected in faulttable...
100067 microseconds
Fault on PT_F35(0X246 -> 0X20000000246)
3000072 microseconds
timeout
[ 2016-10-27 4:12:41]Process 8181 termed with signal 14(SIGALRM)
PT_F35-1_bit_flip-100 Test Num : 25
Inject into ../bin/hello
----- Type : 1_bit_flip Pos : PT_F35 -----
There are 1 faults will be injected in faulttable...
101078 microseconds
Fault on PT_F35(0X246 -> 0X200000246)
3000075 microseconds
timeout
[ 2016-10-27 4:12:44]Process 8183 termed with signal 14(SIGALRM)
PT_F35-1_bit_flip-100 Test Num : 26
Inject into ../bin/hello
----- Type : 1_bit_flip Pos : PT_F35 -----
There are 1 faults will be injected in faulttable...
101083 microseconds
Fault on PT_F35(0X246 -> 0X100000246)
3000097 microseconds
timeout
[ 2016-10-27 4:12:47]Process 8185 termed with signal 14(SIGALRM)
PT_F35-1_bit_flip-100 Test Num : 27
Inject into ../bin/hello
----- Type : 1_bit_flip Pos : PT_F35 -----
There are 1 faults will be injected in faulttable...
101097 microseconds
Fault on PT_F35(0X246 -> 0X1000000000000246)
3000053 microseconds
timeout
[ 2016-10-27 4:12:51]Process 8187 termed with signal 14(SIGALRM)
PT_F35-1_bit_flip-100 Test Num : 28
Inject into ../bin/hello
----- Type : 1_bit_flip Pos : PT_F35 -----
There are 1 faults will be injected in faulttable...
100971 microseconds
Fault on PT_F35(0X246 -> 0X1000000246)
3000069 microseconds
timeout
[ 2016-10-27 4:12:54]Process 8189 termed with signal 14(SIGALRM)
PT_F35-1_bit_flip-100 Test Num : 29
Inject into ../bin/hello
----- Type : 1_bit_flip Pos : PT_F35 -----
There are 1 faults will be injected in faulttable...
100941 microseconds
Fault on PT_F35(0X246 -> 0X10246)
3000099 microseconds
timeout
[ 2016-10-27 4:12:57]Process 8191 termed with signal 14(SIGALRM)
PT_F35-1_bit_flip-100 Test Num : 30
Inject into ../bin/hello
----- Type : 1_bit_flip Pos : PT_F35 -----
There are 1 faults will be injected in faulttable...
100236 microseconds
Fault on PT_F35(0X246 -> 0X800000000000246)
3000120 microseconds
timeout
[  2016-10-27 4:13:0]Process 8193 termed with signal 14(SIGALRM)
PT_F35-1_bit_flip-100 Test Num : 31
Inject into ../bin/hello
----- Type : 1_bit_flip Pos : PT_F35 -----
There are 1 faults will be injected in faulttable...
101241 microseconds
Fault on PT_F35(0X246 -> 0X10000000000246)
3000061 microseconds
timeout
[  2016-10-27 4:13:3]Process 8195 termed with signal 14(SIGALRM)
PT_F35-1_bit_flip-100 Test Num : 32
Inject into ../bin/hello
----- Type : 1_bit_flip Pos : PT_F35 -----
There are 1 faults will be injected in faulttable...
101206 microseconds
Fault on PT_F35(0X246 -> 0X800000000000246)
3000120 microseconds
timeout
[  2016-10-27 4:13:6]Process 8197 termed with signal 14(SIGALRM)
PT_F35-1_bit_flip-100 Test Num : 33
Inject into ../bin/hello
----- Type : 1_bit_flip Pos : PT_F35 -----
There are 1 faults will be injected in faulttable...
101038 microseconds
Fault on PT_F35(0X246 -> 0X400246)
3000107 microseconds
timeout
[  2016-10-27 4:13:9]Process 8199 termed with signal 14(SIGALRM)
PT_F35-1_bit_flip-100 Test Num : 34
Inject into ../bin/hello
----- Type : 1_bit_flip Pos : PT_F35 -----
There are 1 faults will be injected in faulttable...
101358 microseconds
Fault on PT_F35(0X246 -> 0X1246)
3000141 microseconds
timeout
[ 2016-10-27 4:13:12]Process 8201 termed with signal 14(SIGALRM)
PT_F35-1_bit_flip-100 Test Num : 35
Inject into ../bin/hello
----- Type : 1_bit_flip Pos : PT_F35 -----
There are 1 faults will be injected in faulttable...
101138 microseconds
Fault on PT_F35(0X246 -> 0X10000000000246)
3000084 microseconds
timeout
[ 2016-10-27 4:13:15]Process 8203 termed with signal 14(SIGALRM)
PT_F35-1_bit_flip-100 Test Num : 36
Inject into ../bin/hello
----- Type : 1_bit_flip Pos : PT_F35 -----
There are 1 faults will be injected in faulttable...
101053 microseconds
Fault on PT_F35(0X246 -> 0X2c6)
3000080 microseconds
timeout
[ 2016-10-27 4:13:19]Process 8205 termed with signal 14(SIGALRM)
PT_F35-1_bit_flip-100 Test Num : 37
Inject into ../bin/hello
----- Type : 1_bit_flip Pos : PT_F35 -----
There are 1 faults will be injected in faulttable...
101124 microseconds
Fault on PT_F35(0X246 -> 0X46)
3000063 microseconds
timeout
[ 2016-10-27 4:13:22]Process 8207 termed with signal 14(SIGALRM)
PT_F35-1_bit_flip-100 Test Num : 38
Inject into ../bin/hello
----- Type : 1_bit_flip Pos : PT_F35 -----
There are 1 faults will be injected in faulttable...
100071 microseconds
Fault on PT_F35(0X246 -> 0X10000000246)
3000064 microseconds
timeout
[ 2016-10-27 4:13:25]Process 8209 termed with signal 14(SIGALRM)
PT_F35-1_bit_flip-100 Test Num : 39
Inject into ../bin/hello
----- Type : 1_bit_flip Pos : PT_F35 -----
There are 1 faults will be injected in faulttable...
101155 microseconds
Fault on PT_F35(0X246 -> 0X2000000246)
3000090 microseconds
timeout
[ 2016-10-27 4:13:28]Process 8211 termed with signal 14(SIGALRM)
PT_F35-1_bit_flip-100 Test Num : 40
Inject into ../bin/hello
----- Type : 1_bit_flip Pos : PT_F35 -----
There are 1 faults will be injected in faulttable...
100992 microseconds
Fault on PT_F35(0X246 -> 0X2c6)
3000121 microseconds
timeout
[ 2016-10-27 4:13:31]Process 8213 termed with signal 14(SIGALRM)
PT_F35-1_bit_flip-100 Test Num : 41
Inject into ../bin/hello
----- Type : 1_bit_flip Pos : PT_F35 -----
There are 1 faults will be injected in faulttable...
101132 microseconds
Fault on PT_F35(0X246 -> 0X346)
3000141 microseconds
timeout
[ 2016-10-27 4:13:34]Process 8215 termed with signal 14(SIGALRM)
PT_F35-1_bit_flip-100 Test Num : 42
Inject into ../bin/hello
----- Type : 1_bit_flip Pos : PT_F35 -----
There are 1 faults will be injected in faulttable...
100337 microseconds
Fault on PT_F35(0X246 -> 0X8000000246)
3000086 microseconds
timeout
[ 2016-10-27 4:13:37]Process 8217 termed with signal 14(SIGALRM)
PT_F35-1_bit_flip-100 Test Num : 43
Inject into ../bin/hello
----- Type : 1_bit_flip Pos : PT_F35 -----
There are 1 faults will be injected in faulttable...
101049 microseconds
Fault on PT_F35(0X246 -> 0X1000000000246)
3000069 microseconds
timeout
[ 2016-10-27 4:13:40]Process 8219 termed with signal 14(SIGALRM)
PT_F35-1_bit_flip-100 Test Num : 44
Inject into ../bin/hello
----- Type : 1_bit_flip Pos : PT_F35 -----
There are 1 faults will be injected in faulttable...
100991 microseconds
Fault on PT_F35(0X246 -> 0X256)
3000093 microseconds
timeout
[ 2016-10-27 4:13:43]Process 8221 termed with signal 14(SIGALRM)
PT_F35-1_bit_flip-100 Test Num : 45
Inject into ../bin/hello
----- Type : 1_bit_flip Pos : PT_F35 -----
There are 1 faults will be injected in faulttable...
100084 microseconds
Fault on PT_F35(0X246 -> 0X1000246)
3000069 microseconds
timeout
[ 2016-10-27 4:13:47]Process 8223 termed with signal 14(SIGALRM)
PT_F35-1_bit_flip-100 Test Num : 46
Inject into ../bin/hello
----- Type : 1_bit_flip Pos : PT_F35 -----
There are 1 faults will be injected in faulttable...
101086 microseconds
Fault on PT_F35(0X246 -> 0X40000246)
3000120 microseconds
timeout
[ 2016-10-27 4:13:50]Process 8225 termed with signal 14(SIGALRM)
PT_F35-1_bit_flip-100 Test Num : 47
Inject into ../bin/hello
----- Type : 1_bit_flip Pos : PT_F35 -----
There are 1 faults will be injected in faulttable...
101120 microseconds
Fault on PT_F35(0X246 -> 0X8000000000246)
3000090 microseconds
timeout
[ 2016-10-27 4:13:53]Process 8227 termed with signal 14(SIGALRM)
PT_F35-1_bit_flip-100 Test Num : 48
Inject into ../bin/hello
----- Type : 1_bit_flip Pos : PT_F35 -----
There are 1 faults will be injected in faulttable...
101427 microseconds
Fault on PT_F35(0X246 -> 0X40000000000246)
3000086 microseconds
timeout
[ 2016-10-27 4:13:56]Process 8229 termed with signal 14(SIGALRM)
PT_F35-1_bit_flip-100 Test Num : 49
Inject into ../bin/hello
----- Type : 1_bit_flip Pos : PT_F35 -----
There are 1 faults will be injected in faulttable...
101073 microseconds
Fault on PT_F35(0X246 -> 0X8000000000246)
3000069 microseconds
timeout
[ 2016-10-27 4:13:59]Process 8231 termed with signal 14(SIGALRM)
PT_F35-1_bit_flip-100 Test Num : 50
Inject into ../bin/hello
----- Type : 1_bit_flip Pos : PT_F35 -----
There are 1 faults will be injected in faulttable...
101050 microseconds
Fault on PT_F35(0X246 -> 0X800000246)
3000132 microseconds
timeout
[  2016-10-27 4:14:2]Process 8233 termed with signal 14(SIGALRM)
PT_F35-1_bit_flip-100 Test Num : 51
Inject into ../bin/hello
----- Type : 1_bit_flip Pos : PT_F35 -----
There are 1 faults will be injected in faulttable...
101325 microseconds
Fault on PT_F35(0X246 -> 0X8246)
3000104 microseconds
timeout
[  2016-10-27 4:14:5]Process 8235 termed with signal 14(SIGALRM)
PT_F35-1_bit_flip-100 Test Num : 52
Inject into ../bin/hello
----- Type : 1_bit_flip Pos : PT_F35 -----
There are 1 faults will be injected in faulttable...
100115 microseconds
Fault on PT_F35(0X246 -> 0X40000000000246)
3000055 microseconds
timeout
[  2016-10-27 4:14:8]Process 8237 termed with signal 14(SIGALRM)
PT_F35-1_bit_flip-100 Test Num : 53
Inject into ../bin/hello
----- Type : 1_bit_flip Pos : PT_F35 -----
There are 1 faults will be injected in faulttable...
100963 microseconds
Fault on PT_F35(0X246 -> 0X8246)
3000140 microseconds
timeout
[ 2016-10-27 4:14:11]Process 8239 termed with signal 14(SIGALRM)
PT_F35-1_bit_flip-100 Test Num : 54
Inject into ../bin/hello
----- Type : 1_bit_flip Pos : PT_F35 -----
There are 1 faults will be injected in faulttable...
102797 microseconds
Fault on PT_F35(0X246 -> 0X4000000000000246)
3000126 microseconds
timeout
[ 2016-10-27 4:14:15]Process 8241 termed with signal 14(SIGALRM)
PT_F35-1_bit_flip-100 Test Num : 55
Inject into ../bin/hello
----- Type : 1_bit_flip Pos : PT_F35 -----
There are 1 faults will be injected in faulttable...
100227 microseconds
Fault on PT_F35(0X246 -> 0X100246)
3000067 microseconds
timeout
[ 2016-10-27 4:14:18]Process 8243 termed with signal 14(SIGALRM)
PT_F35-1_bit_flip-100 Test Num : 56
Inject into ../bin/hello
----- Type : 1_bit_flip Pos : PT_F35 -----
There are 1 faults will be injected in faulttable...
101027 microseconds
Fault on PT_F35(0X246 -> 0X4000000246)
3000071 microseconds
timeout
[ 2016-10-27 4:14:21]Process 8245 termed with signal 14(SIGALRM)
PT_F35-1_bit_flip-100 Test Num : 57
Inject into ../bin/hello
----- Type : 1_bit_flip Pos : PT_F35 -----
There are 1 faults will be injected in faulttable...
101501 microseconds
Fault on PT_F35(0X246 -> 0X2000000000246)
3000068 microseconds
timeout
[ 2016-10-27 4:14:24]Process 8247 termed with signal 14(SIGALRM)
PT_F35-1_bit_flip-100 Test Num : 58
Inject into ../bin/hello
----- Type : 1_bit_flip Pos : PT_F35 -----
There are 1 faults will be injected in faulttable...
100066 microseconds
Fault on PT_F35(0X246 -> 0X40000246)
3000066 microseconds
timeout
[ 2016-10-27 4:14:27]Process 8249 termed with signal 14(SIGALRM)
PT_F35-1_bit_flip-100 Test Num : 59
Inject into ../bin/hello
----- Type : 1_bit_flip Pos : PT_F35 -----
There are 1 faults will be injected in faulttable...
101493 microseconds
Fault on PT_F35(0X246 -> 0X4000000000246)
3000080 microseconds
timeout
[ 2016-10-27 4:14:30]Process 8251 termed with signal 14(SIGALRM)
PT_F35-1_bit_flip-100 Test Num : 60
Inject into ../bin/hello
----- Type : 1_bit_flip Pos : PT_F35 -----
There are 1 faults will be injected in faulttable...
101361 microseconds
Fault on PT_F35(0X246 -> 0X10000000246)
3000093 microseconds
timeout
[ 2016-10-27 4:14:33]Process 8253 termed with signal 14(SIGALRM)
PT_F35-1_bit_flip-100 Test Num : 61
Inject into ../bin/hello
----- Type : 1_bit_flip Pos : PT_F35 -----
There are 1 faults will be injected in faulttable...
101410 microseconds
Fault on PT_F35(0X246 -> 0X40000000000246)
3000103 microseconds
timeout
[ 2016-10-27 4:14:36]Process 8255 termed with signal 14(SIGALRM)
PT_F35-1_bit_flip-100 Test Num : 62
Inject into ../bin/hello
----- Type : 1_bit_flip Pos : PT_F35 -----
There are 1 faults will be injected in faulttable...
100968 microseconds
Fault on PT_F35(0X246 -> 0X8000000246)
3000092 microseconds
timeout
[ 2016-10-27 4:14:39]Process 8257 termed with signal 14(SIGALRM)
PT_F35-1_bit_flip-100 Test Num : 63
Inject into ../bin/hello
----- Type : 1_bit_flip Pos : PT_F35 -----
There are 1 faults will be injected in faulttable...
100118 microseconds
Fault on PT_F35(0X246 -> 0X400000000000246)
3000064 microseconds
timeout
[ 2016-10-27 4:14:43]Process 8259 termed with signal 14(SIGALRM)
PT_F35-1_bit_flip-100 Test Num : 64
Inject into ../bin/hello
----- Type : 1_bit_flip Pos : PT_F35 -----
There are 1 faults will be injected in faulttable...
101015 microseconds
Fault on PT_F35(0X246 -> 0X40246)
3000135 microseconds
timeout
[ 2016-10-27 4:14:46]Process 8261 termed with signal 14(SIGALRM)
PT_F35-1_bit_flip-100 Test Num : 65
Inject into ../bin/hello
----- Type : 1_bit_flip Pos : PT_F35 -----
There are 1 faults will be injected in faulttable...
101451 microseconds
Fault on PT_F35(0X246 -> 0X10246)
3000122 microseconds
timeout
[ 2016-10-27 4:14:49]Process 8263 termed with signal 14(SIGALRM)
PT_F35-1_bit_flip-100 Test Num : 66
Inject into ../bin/hello
----- Type : 1_bit_flip Pos : PT_F35 -----
There are 1 faults will be injected in faulttable...
100994 microseconds
Fault on PT_F35(0X246 -> 0X266)
3000104 microseconds
timeout
[ 2016-10-27 4:14:52]Process 8266 termed with signal 14(SIGALRM)
PT_F35-1_bit_flip-100 Test Num : 67
Inject into ../bin/hello
----- Type : 1_bit_flip Pos : PT_F35 -----
There are 1 faults will be injected in faulttable...
101288 microseconds
Fault on PT_F35(0X246 -> 0X8246)
3000096 microseconds
timeout
[ 2016-10-27 4:14:55]Process 8268 termed with signal 14(SIGALRM)
PT_F35-1_bit_flip-100 Test Num : 68
Inject into ../bin/hello
----- Type : 1_bit_flip Pos : PT_F35 -----
There are 1 faults will be injected in faulttable...
100078 microseconds
Fault on PT_F35(0X246 -> 0X20000000246)
3000063 microseconds
timeout
[ 2016-10-27 4:14:58]Process 8270 termed with signal 14(SIGALRM)
PT_F35-1_bit_flip-100 Test Num : 69
Inject into ../bin/hello
----- Type : 1_bit_flip Pos : PT_F35 -----
There are 1 faults will be injected in faulttable...
100953 microseconds
Fault on PT_F35(0X246 -> 0X200000246)
3000081 microseconds
timeout
[  2016-10-27 4:15:1]Process 8272 termed with signal 14(SIGALRM)
PT_F35-1_bit_flip-100 Test Num : 70
Inject into ../bin/hello
----- Type : 1_bit_flip Pos : PT_F35 -----
There are 1 faults will be injected in faulttable...
100955 microseconds
Fault on PT_F35(0X246 -> 0X400000000246)
3000083 microseconds
timeout
[  2016-10-27 4:15:4]Process 8274 termed with signal 14(SIGALRM)
PT_F35-1_bit_flip-100 Test Num : 71
Inject into ../bin/hello
----- Type : 1_bit_flip Pos : PT_F35 -----
There are 1 faults will be injected in faulttable...
101193 microseconds
Fault on PT_F35(0X246 -> 0X400000246)
3000060 microseconds
timeout
[  2016-10-27 4:15:7]Process 8276 termed with signal 14(SIGALRM)
PT_F35-1_bit_flip-100 Test Num : 72
Inject into ../bin/hello
----- Type : 1_bit_flip Pos : PT_F35 -----
There are 1 faults will be injected in faulttable...
101128 microseconds
Fault on PT_F35(0X246 -> 0X40000000246)
3000111 microseconds
timeout
[ 2016-10-27 4:15:11]Process 8278 termed with signal 14(SIGALRM)
PT_F35-1_bit_flip-100 Test Num : 73
Inject into ../bin/hello
----- Type : 1_bit_flip Pos : PT_F35 -----
There are 1 faults will be injected in faulttable...
101387 microseconds
Fault on PT_F35(0X246 -> 0X8000000246)
3000096 microseconds
timeout
[ 2016-10-27 4:15:14]Process 8280 termed with signal 14(SIGALRM)
PT_F35-1_bit_flip-100 Test Num : 74
Inject into ../bin/hello
----- Type : 1_bit_flip Pos : PT_F35 -----
There are 1 faults will be injected in faulttable...
100987 microseconds
Fault on PT_F35(0X246 -> 0X266)
3000091 microseconds
timeout
[ 2016-10-27 4:15:17]Process 8282 termed with signal 14(SIGALRM)
PT_F35-1_bit_flip-100 Test Num : 75
Inject into ../bin/hello
----- Type : 1_bit_flip Pos : PT_F35 -----
There are 1 faults will be injected in faulttable...
100960 microseconds
Fault on PT_F35(0X246 -> 0X400000000246)
3000066 microseconds
timeout
[ 2016-10-27 4:15:20]Process 8284 termed with signal 14(SIGALRM)
PT_F35-1_bit_flip-100 Test Num : 76
Inject into ../bin/hello
----- Type : 1_bit_flip Pos : PT_F35 -----
There are 1 faults will be injected in faulttable...
101111 microseconds
Fault on PT_F35(0X246 -> 0X800246)
3000074 microseconds
timeout
[ 2016-10-27 4:15:23]Process 8286 termed with signal 14(SIGALRM)
PT_F35-1_bit_flip-100 Test Num : 77
Inject into ../bin/hello
----- Type : 1_bit_flip Pos : PT_F35 -----
There are 1 faults will be injected in faulttable...
101072 microseconds
Fault on PT_F35(0X246 -> 0X200000000246)
3000207 microseconds
timeout
[ 2016-10-27 4:15:26]Process 8288 termed with signal 14(SIGALRM)
PT_F35-1_bit_flip-100 Test Num : 78
Inject into ../bin/hello
----- Type : 1_bit_flip Pos : PT_F35 -----
There are 1 faults will be injected in faulttable...
101113 microseconds
Fault on PT_F35(0X246 -> 0X20246)
3000056 microseconds
timeout
[ 2016-10-27 4:15:29]Process 8290 termed with signal 14(SIGALRM)
PT_F35-1_bit_flip-100 Test Num : 79
Inject into ../bin/hello
----- Type : 1_bit_flip Pos : PT_F35 -----
There are 1 faults will be injected in faulttable...
100954 microseconds
Fault on PT_F35(0X246 -> 0X200246)
3000060 microseconds
timeout
[ 2016-10-27 4:15:32]Process 8292 termed with signal 14(SIGALRM)
PT_F35-1_bit_flip-100 Test Num : 80
Inject into ../bin/hello
----- Type : 1_bit_flip Pos : PT_F35 -----
There are 1 faults will be injected in faulttable...
100061 microseconds
Fault on PT_F35(0X246 -> 0X8000000000246)
3000183 microseconds
timeout
[ 2016-10-27 4:15:35]Process 8294 termed with signal 14(SIGALRM)
PT_F35-1_bit_flip-100 Test Num : 81
Inject into ../bin/hello
----- Type : 1_bit_flip Pos : PT_F35 -----
There are 1 faults will be injected in faulttable...
101101 microseconds
Fault on PT_F35(0X246 -> 0X2000000246)
3000071 microseconds
timeout
[ 2016-10-27 4:15:39]Process 8296 termed with signal 14(SIGALRM)
PT_F35-1_bit_flip-100 Test Num : 82
Inject into ../bin/hello
----- Type : 1_bit_flip Pos : PT_F35 -----
There are 1 faults will be injected in faulttable...
101331 microseconds
Fault on PT_F35(0X246 -> 0X200000000246)
3000078 microseconds
timeout
[ 2016-10-27 4:15:42]Process 8298 termed with signal 14(SIGALRM)
PT_F35-1_bit_flip-100 Test Num : 83
Inject into ../bin/hello
----- Type : 1_bit_flip Pos : PT_F35 -----
There are 1 faults will be injected in faulttable...
100238 microseconds
Fault on PT_F35(0X246 -> 0X400000000000246)
3000074 microseconds
timeout
[ 2016-10-27 4:15:45]Process 8300 termed with signal 14(SIGALRM)
PT_F35-1_bit_flip-100 Test Num : 84
Inject into ../bin/hello
----- Type : 1_bit_flip Pos : PT_F35 -----
There are 1 faults will be injected in faulttable...
101002 microseconds
Fault on PT_F35(0X246 -> 0X1000000246)
3000109 microseconds
timeout
[ 2016-10-27 4:15:48]Process 8302 termed with signal 14(SIGALRM)
PT_F35-1_bit_flip-100 Test Num : 85
Inject into ../bin/hello
----- Type : 1_bit_flip Pos : PT_F35 -----
There are 1 faults will be injected in faulttable...
100085 microseconds
Fault on PT_F35(0X246 -> 0X8246)
3000107 microseconds
timeout
[ 2016-10-27 4:15:51]Process 8304 termed with signal 14(SIGALRM)
PT_F35-1_bit_flip-100 Test Num : 86
Inject into ../bin/hello
----- Type : 1_bit_flip Pos : PT_F35 -----
There are 1 faults will be injected in faulttable...
101108 microseconds
Fault on PT_F35(0X246 -> 0X10000000246)
3000088 microseconds
timeout
[ 2016-10-27 4:15:54]Process 8306 termed with signal 14(SIGALRM)
PT_F35-1_bit_flip-100 Test Num : 87
Inject into ../bin/hello
----- Type : 1_bit_flip Pos : PT_F35 -----
There are 1 faults will be injected in faulttable...
101207 microseconds
Fault on PT_F35(0X246 -> 0X2c6)
3000126 microseconds
timeout
[ 2016-10-27 4:15:57]Process 8308 termed with signal 14(SIGALRM)
PT_F35-1_bit_flip-100 Test Num : 88
Inject into ../bin/hello
----- Type : 1_bit_flip Pos : PT_F35 -----
There are 1 faults will be injected in faulttable...
101075 microseconds
Fault on PT_F35(0X246 -> 0X1000246)
3000065 microseconds
timeout
[  2016-10-27 4:16:0]Process 8310 termed with signal 14(SIGALRM)
PT_F35-1_bit_flip-100 Test Num : 89
Inject into ../bin/hello
----- Type : 1_bit_flip Pos : PT_F35 -----
There are 1 faults will be injected in faulttable...
101063 microseconds
Fault on PT_F35(0X246 -> 0X2000000000246)
3000070 microseconds
timeout
[  2016-10-27 4:16:3]Process 8312 termed with signal 14(SIGALRM)
PT_F35-1_bit_flip-100 Test Num : 90
Inject into ../bin/hello
----- Type : 1_bit_flip Pos : PT_F35 -----
There are 1 faults will be injected in faulttable...
100936 microseconds
Fault on PT_F35(0X246 -> 0X2000246)
3000102 microseconds
timeout
[  2016-10-27 4:16:7]Process 8314 termed with signal 14(SIGALRM)
PT_F35-1_bit_flip-100 Test Num : 91
Inject into ../bin/hello
----- Type : 1_bit_flip Pos : PT_F35 -----
There are 1 faults will be injected in faulttable...
101344 microseconds
Fault on PT_F35(0X246 -> 0X80000246)
3000080 microseconds
timeout
[ 2016-10-27 4:16:10]Process 8316 termed with signal 14(SIGALRM)
PT_F35-1_bit_flip-100 Test Num : 92
Inject into ../bin/hello
----- Type : 1_bit_flip Pos : PT_F35 -----
There are 1 faults will be injected in faulttable...
100077 microseconds
Fault on PT_F35(0X246 -> 0X24e)
3000077 microseconds
timeout
[ 2016-10-27 4:16:13]Process 8318 termed with signal 14(SIGALRM)
PT_F35-1_bit_flip-100 Test Num : 93
Inject into ../bin/hello
----- Type : 1_bit_flip Pos : PT_F35 -----
There are 1 faults will be injected in faulttable...
101569 microseconds
Fault on PT_F35(0X246 -> 0X800000246)
3000071 microseconds
timeout
[ 2016-10-27 4:16:16]Process 8320 termed with signal 14(SIGALRM)
PT_F35-1_bit_flip-100 Test Num : 94
Inject into ../bin/hello
----- Type : 1_bit_flip Pos : PT_F35 -----
There are 1 faults will be injected in faulttable...
100060 microseconds
Fault on PT_F35(0X246 -> 0X256)
3000051 microseconds
timeout
[ 2016-10-27 4:16:19]Process 8322 termed with signal 14(SIGALRM)
PT_F35-1_bit_flip-100 Test Num : 95
Inject into ../bin/hello
----- Type : 1_bit_flip Pos : PT_F35 -----
There are 1 faults will be injected in faulttable...
100070 microseconds
Fault on PT_F35(0X246 -> 0X46)
3000099 microseconds
timeout
[ 2016-10-27 4:16:22]Process 8324 termed with signal 14(SIGALRM)
PT_F35-1_bit_flip-100 Test Num : 96
Inject into ../bin/hello
----- Type : 1_bit_flip Pos : PT_F35 -----
There are 1 faults will be injected in faulttable...
101067 microseconds
Fault on PT_F35(0X246 -> 0X1000000246)
3000084 microseconds
timeout
[ 2016-10-27 4:16:25]Process 8326 termed with signal 14(SIGALRM)
PT_F35-1_bit_flip-100 Test Num : 97
Inject into ../bin/hello
----- Type : 1_bit_flip Pos : PT_F35 -----
There are 1 faults will be injected in faulttable...
101458 microseconds
Fault on PT_F35(0X246 -> 0X206)
3000096 microseconds
timeout
[ 2016-10-27 4:16:28]Process 8328 termed with signal 14(SIGALRM)
PT_F35-1_bit_flip-100 Test Num : 98
Inject into ../bin/hello
----- Type : 1_bit_flip Pos : PT_F35 -----
There are 1 faults will be injected in faulttable...
101033 microseconds
Fault on PT_F35(0X246 -> 0X266)
3000065 microseconds
timeout
[ 2016-10-27 4:16:31]Process 8330 termed with signal 14(SIGALRM)
PT_F35-1_bit_flip-100 Test Num : 99
Inject into ../bin/hello
----- Type : 1_bit_flip Pos : PT_F35 -----
There are 1 faults will be injected in faulttable...
101030 microseconds
Fault on PT_F35(0X246 -> 0X200000000000246)
3000111 microseconds
timeout
[ 2016-10-27 4:16:35]Process 8332 termed with signal 14(SIGALRM)
PT_F35-1_bit_flip-100 Test Num : 100
Inject into ../bin/hello
----- Type : 1_bit_flip Pos : PT_F35 -----
There are 1 faults will be injected in faulttable...
101006 microseconds
Fault on PT_F35(0X246 -> 0X244)
3000095 microseconds
timeout
[ 2016-10-27 4:16:38]Process 8334 termed with signal 14(SIGALRM)
