PT_F35-1_bit_0-100 Test Num : 1
Inject into ../bin/hello
----- Type : 1_bit_0 Pos : PT_F35 -----
There are 1 faults will be injected in faulttable...
101069 microseconds
Fault on PT_F35(0X246 -> 0X246)
3000102 microseconds
timeout
[ 2016-10-27 4:21:52]Process 8539 termed with signal 14(SIGALRM)
PT_F35-1_bit_0-100 Test Num : 2
Inject into ../bin/hello
----- Type : 1_bit_0 Pos : PT_F35 -----
There are 1 faults will be injected in faulttable...
101447 microseconds
Fault on PT_F35(0X246 -> 0X246)
3000083 microseconds
timeout
[ 2016-10-27 4:21:55]Process 8541 termed with signal 14(SIGALRM)
PT_F35-1_bit_0-100 Test Num : 3
Inject into ../bin/hello
----- Type : 1_bit_0 Pos : PT_F35 -----
There are 1 faults will be injected in faulttable...
101108 microseconds
Fault on PT_F35(0X246 -> 0X246)
3000081 microseconds
timeout
[ 2016-10-27 4:21:58]Process 8543 termed with signal 14(SIGALRM)
PT_F35-1_bit_0-100 Test Num : 4
Inject into ../bin/hello
----- Type : 1_bit_0 Pos : PT_F35 -----
There are 1 faults will be injected in faulttable...
100979 microseconds
Fault on PT_F35(0X246 -> 0X46)
3000077 microseconds
timeout
[  2016-10-27 4:22:2]Process 8545 termed with signal 14(SIGALRM)
PT_F35-1_bit_0-100 Test Num : 5
Inject into ../bin/hello
----- Type : 1_bit_0 Pos : PT_F35 -----
There are 1 faults will be injected in faulttable...
100077 microseconds
Fault on PT_F35(0X246 -> 0X246)
3000074 microseconds
timeout
[  2016-10-27 4:22:5]Process 8547 termed with signal 14(SIGALRM)
PT_F35-1_bit_0-100 Test Num : 6
Inject into ../bin/hello
----- Type : 1_bit_0 Pos : PT_F35 -----
There are 1 faults will be injected in faulttable...
100336 microseconds
Fault on PT_F35(0X246 -> 0X246)
3000118 microseconds
timeout
[  2016-10-27 4:22:8]Process 8549 termed with signal 14(SIGALRM)
PT_F35-1_bit_0-100 Test Num : 7
Inject into ../bin/hello
----- Type : 1_bit_0 Pos : PT_F35 -----
There are 1 faults will be injected in faulttable...
101587 microseconds
Fault on PT_F35(0X246 -> 0X246)
3000089 microseconds
timeout
[ 2016-10-27 4:22:11]Process 8551 termed with signal 14(SIGALRM)
PT_F35-1_bit_0-100 Test Num : 8
Inject into ../bin/hello
----- Type : 1_bit_0 Pos : PT_F35 -----
There are 1 faults will be injected in faulttable...
100069 microseconds
Fault on PT_F35(0X246 -> 0X246)
3000088 microseconds
timeout
[ 2016-10-27 4:22:14]Process 8553 termed with signal 14(SIGALRM)
PT_F35-1_bit_0-100 Test Num : 9
Inject into ../bin/hello
----- Type : 1_bit_0 Pos : PT_F35 -----
There are 1 faults will be injected in faulttable...
100096 microseconds
Fault on PT_F35(0X246 -> 0X246)
3000089 microseconds
timeout
[ 2016-10-27 4:22:17]Process 8555 termed with signal 14(SIGALRM)
PT_F35-1_bit_0-100 Test Num : 10
Inject into ../bin/hello
----- Type : 1_bit_0 Pos : PT_F35 -----
There are 1 faults will be injected in faulttable...
100943 microseconds
Fault on PT_F35(0X246 -> 0X246)
3000107 microseconds
timeout
[ 2016-10-27 4:22:20]Process 8557 termed with signal 14(SIGALRM)
PT_F35-1_bit_0-100 Test Num : 11
Inject into ../bin/hello
----- Type : 1_bit_0 Pos : PT_F35 -----
There are 1 faults will be injected in faulttable...
101115 microseconds
Fault on PT_F35(0X246 -> 0X246)
3000106 microseconds
timeout
[ 2016-10-27 4:22:23]Process 8559 termed with signal 14(SIGALRM)
PT_F35-1_bit_0-100 Test Num : 12
Inject into ../bin/hello
----- Type : 1_bit_0 Pos : PT_F35 -----
There are 1 faults will be injected in faulttable...
101136 microseconds
Fault on PT_F35(0X246 -> 0X246)
3000095 microseconds
timeout
[ 2016-10-27 4:22:26]Process 8561 termed with signal 14(SIGALRM)
PT_F35-1_bit_0-100 Test Num : 13
Inject into ../bin/hello
----- Type : 1_bit_0 Pos : PT_F35 -----
There are 1 faults will be injected in faulttable...
101003 microseconds
Fault on PT_F35(0X246 -> 0X246)
3000068 microseconds
timeout
[ 2016-10-27 4:22:30]Process 8563 termed with signal 14(SIGALRM)
PT_F35-1_bit_0-100 Test Num : 14
Inject into ../bin/hello
----- Type : 1_bit_0 Pos : PT_F35 -----
There are 1 faults will be injected in faulttable...
101062 microseconds
Fault on PT_F35(0X246 -> 0X246)
3000089 microseconds
timeout
[ 2016-10-27 4:22:33]Process 8565 termed with signal 14(SIGALRM)
PT_F35-1_bit_0-100 Test Num : 15
Inject into ../bin/hello
----- Type : 1_bit_0 Pos : PT_F35 -----
There are 1 faults will be injected in faulttable...
101297 microseconds
Fault on PT_F35(0X246 -> 0X246)
3000098 microseconds
timeout
[ 2016-10-27 4:22:36]Process 8567 termed with signal 14(SIGALRM)
PT_F35-1_bit_0-100 Test Num : 16
Inject into ../bin/hello
----- Type : 1_bit_0 Pos : PT_F35 -----
There are 1 faults will be injected in faulttable...
101577 microseconds
Fault on PT_F35(0X246 -> 0X246)
3000099 microseconds
timeout
[ 2016-10-27 4:22:39]Process 8569 termed with signal 14(SIGALRM)
PT_F35-1_bit_0-100 Test Num : 17
Inject into ../bin/hello
----- Type : 1_bit_0 Pos : PT_F35 -----
There are 1 faults will be injected in faulttable...
101081 microseconds
Fault on PT_F35(0X246 -> 0X246)
3000071 microseconds
timeout
[ 2016-10-27 4:22:42]Process 8571 termed with signal 14(SIGALRM)
PT_F35-1_bit_0-100 Test Num : 18
Inject into ../bin/hello
----- Type : 1_bit_0 Pos : PT_F35 -----
There are 1 faults will be injected in faulttable...
101025 microseconds
Fault on PT_F35(0X246 -> 0X246)
3000130 microseconds
timeout
[ 2016-10-27 4:22:45]Process 8573 termed with signal 14(SIGALRM)
PT_F35-1_bit_0-100 Test Num : 19
Inject into ../bin/hello
----- Type : 1_bit_0 Pos : PT_F35 -----
There are 1 faults will be injected in faulttable...
100092 microseconds
Fault on PT_F35(0X246 -> 0X246)
3000121 microseconds
timeout
[ 2016-10-27 4:22:48]Process 8575 termed with signal 14(SIGALRM)
PT_F35-1_bit_0-100 Test Num : 20
Inject into ../bin/hello
----- Type : 1_bit_0 Pos : PT_F35 -----
There are 1 faults will be injected in faulttable...
101248 microseconds
Fault on PT_F35(0X246 -> 0X246)
3000103 microseconds
timeout
[ 2016-10-27 4:22:51]Process 8577 termed with signal 14(SIGALRM)
PT_F35-1_bit_0-100 Test Num : 21
Inject into ../bin/hello
----- Type : 1_bit_0 Pos : PT_F35 -----
There are 1 faults will be injected in faulttable...
101117 microseconds
Fault on PT_F35(0X246 -> 0X246)
3000138 microseconds
timeout
[ 2016-10-27 4:22:54]Process 8579 termed with signal 14(SIGALRM)
PT_F35-1_bit_0-100 Test Num : 22
Inject into ../bin/hello
----- Type : 1_bit_0 Pos : PT_F35 -----
There are 1 faults will be injected in faulttable...
100957 microseconds
Fault on PT_F35(0X246 -> 0X246)
3000087 microseconds
timeout
[ 2016-10-27 4:22:58]Process 8581 termed with signal 14(SIGALRM)
PT_F35-1_bit_0-100 Test Num : 23
Inject into ../bin/hello
----- Type : 1_bit_0 Pos : PT_F35 -----
There are 1 faults will be injected in faulttable...
100254 microseconds
Fault on PT_F35(0X246 -> 0X246)
3000106 microseconds
timeout
[  2016-10-27 4:23:1]Process 8583 termed with signal 14(SIGALRM)
PT_F35-1_bit_0-100 Test Num : 24
Inject into ../bin/hello
----- Type : 1_bit_0 Pos : PT_F35 -----
There are 1 faults will be injected in faulttable...
101387 microseconds
Fault on PT_F35(0X246 -> 0X246)
3000075 microseconds
timeout
[  2016-10-27 4:23:4]Process 8585 termed with signal 14(SIGALRM)
PT_F35-1_bit_0-100 Test Num : 25
Inject into ../bin/hello
----- Type : 1_bit_0 Pos : PT_F35 -----
There are 1 faults will be injected in faulttable...
100071 microseconds
Fault on PT_F35(0X246 -> 0X246)
3000071 microseconds
timeout
[  2016-10-27 4:23:7]Process 8587 termed with signal 14(SIGALRM)
PT_F35-1_bit_0-100 Test Num : 26
Inject into ../bin/hello
----- Type : 1_bit_0 Pos : PT_F35 -----
There are 1 faults will be injected in faulttable...
101295 microseconds
Fault on PT_F35(0X246 -> 0X246)
3000083 microseconds
timeout
[ 2016-10-27 4:23:10]Process 8589 termed with signal 14(SIGALRM)
PT_F35-1_bit_0-100 Test Num : 27
Inject into ../bin/hello
----- Type : 1_bit_0 Pos : PT_F35 -----
There are 1 faults will be injected in faulttable...
100931 microseconds
Fault on PT_F35(0X246 -> 0X246)
3000090 microseconds
timeout
[ 2016-10-27 4:23:13]Process 8591 termed with signal 14(SIGALRM)
PT_F35-1_bit_0-100 Test Num : 28
Inject into ../bin/hello
----- Type : 1_bit_0 Pos : PT_F35 -----
There are 1 faults will be injected in faulttable...
101127 microseconds
Fault on PT_F35(0X246 -> 0X246)
3000084 microseconds
timeout
[ 2016-10-27 4:23:16]Process 8593 termed with signal 14(SIGALRM)
PT_F35-1_bit_0-100 Test Num : 29
Inject into ../bin/hello
----- Type : 1_bit_0 Pos : PT_F35 -----
There are 1 faults will be injected in faulttable...
101120 microseconds
Fault on PT_F35(0X246 -> 0X246)
3000092 microseconds
timeout
[ 2016-10-27 4:23:19]Process 8595 termed with signal 14(SIGALRM)
PT_F35-1_bit_0-100 Test Num : 30
Inject into ../bin/hello
----- Type : 1_bit_0 Pos : PT_F35 -----
There are 1 faults will be injected in faulttable...
100992 microseconds
Fault on PT_F35(0X246 -> 0X244)
3000108 microseconds
timeout
[ 2016-10-27 4:23:22]Process 8597 termed with signal 14(SIGALRM)
PT_F35-1_bit_0-100 Test Num : 31
Inject into ../bin/hello
----- Type : 1_bit_0 Pos : PT_F35 -----
There are 1 faults will be injected in faulttable...
101196 microseconds
Fault on PT_F35(0X246 -> 0X246)
3000080 microseconds
timeout
[ 2016-10-27 4:23:26]Process 8599 termed with signal 14(SIGALRM)
PT_F35-1_bit_0-100 Test Num : 32
Inject into ../bin/hello
----- Type : 1_bit_0 Pos : PT_F35 -----
There are 1 faults will be injected in faulttable...
100081 microseconds
Fault on PT_F35(0X246 -> 0X246)
3000100 microseconds
timeout
[ 2016-10-27 4:23:29]Process 8601 termed with signal 14(SIGALRM)
PT_F35-1_bit_0-100 Test Num : 33
Inject into ../bin/hello
----- Type : 1_bit_0 Pos : PT_F35 -----
There are 1 faults will be injected in faulttable...
101085 microseconds
Fault on PT_F35(0X246 -> 0X246)
3000100 microseconds
timeout
[ 2016-10-27 4:23:32]Process 8603 termed with signal 14(SIGALRM)
PT_F35-1_bit_0-100 Test Num : 34
Inject into ../bin/hello
----- Type : 1_bit_0 Pos : PT_F35 -----
There are 1 faults will be injected in faulttable...
101010 microseconds
Fault on PT_F35(0X246 -> 0X246)
3000072 microseconds
timeout
[ 2016-10-27 4:23:35]Process 8605 termed with signal 14(SIGALRM)
PT_F35-1_bit_0-100 Test Num : 35
Inject into ../bin/hello
----- Type : 1_bit_0 Pos : PT_F35 -----
There are 1 faults will be injected in faulttable...
101110 microseconds
Fault on PT_F35(0X246 -> 0X246)
3000076 microseconds
timeout
[ 2016-10-27 4:23:38]Process 8607 termed with signal 14(SIGALRM)
PT_F35-1_bit_0-100 Test Num : 36
Inject into ../bin/hello
----- Type : 1_bit_0 Pos : PT_F35 -----
There are 1 faults will be injected in faulttable...
101020 microseconds
Fault on PT_F35(0X246 -> 0X246)
3000061 microseconds
timeout
[ 2016-10-27 4:23:41]Process 8609 termed with signal 14(SIGALRM)
PT_F35-1_bit_0-100 Test Num : 37
Inject into ../bin/hello
----- Type : 1_bit_0 Pos : PT_F35 -----
There are 1 faults will be injected in faulttable...
101011 microseconds
Fault on PT_F35(0X246 -> 0X246)
3000117 microseconds
timeout
[ 2016-10-27 4:23:44]Process 8611 termed with signal 14(SIGALRM)
PT_F35-1_bit_0-100 Test Num : 38
Inject into ../bin/hello
----- Type : 1_bit_0 Pos : PT_F35 -----
There are 1 faults will be injected in faulttable...
101059 microseconds
Fault on PT_F35(0X246 -> 0X46)
3000078 microseconds
timeout
[ 2016-10-27 4:23:47]Process 8613 termed with signal 14(SIGALRM)
PT_F35-1_bit_0-100 Test Num : 39
Inject into ../bin/hello
----- Type : 1_bit_0 Pos : PT_F35 -----
There are 1 faults will be injected in faulttable...
101103 microseconds
Fault on PT_F35(0X246 -> 0X246)
3000072 microseconds
timeout
[ 2016-10-27 4:23:50]Process 8615 termed with signal 14(SIGALRM)
PT_F35-1_bit_0-100 Test Num : 40
Inject into ../bin/hello
----- Type : 1_bit_0 Pos : PT_F35 -----
There are 1 faults will be injected in faulttable...
101037 microseconds
Fault on PT_F35(0X246 -> 0X246)
3000091 microseconds
timeout
[ 2016-10-27 4:23:54]Process 8617 termed with signal 14(SIGALRM)
PT_F35-1_bit_0-100 Test Num : 41
Inject into ../bin/hello
----- Type : 1_bit_0 Pos : PT_F35 -----
There are 1 faults will be injected in faulttable...
101000 microseconds
Fault on PT_F35(0X246 -> 0X246)
3000097 microseconds
timeout
[ 2016-10-27 4:23:57]Process 8619 termed with signal 14(SIGALRM)
PT_F35-1_bit_0-100 Test Num : 42
Inject into ../bin/hello
----- Type : 1_bit_0 Pos : PT_F35 -----
There are 1 faults will be injected in faulttable...
101252 microseconds
Fault on PT_F35(0X246 -> 0X246)
3000155 microseconds
timeout
[  2016-10-27 4:24:0]Process 8621 termed with signal 14(SIGALRM)
PT_F35-1_bit_0-100 Test Num : 43
Inject into ../bin/hello
----- Type : 1_bit_0 Pos : PT_F35 -----
There are 1 faults will be injected in faulttable...
100099 microseconds
Fault on PT_F35(0X246 -> 0X246)
3000071 microseconds
timeout
[  2016-10-27 4:24:3]Process 8623 termed with signal 14(SIGALRM)
PT_F35-1_bit_0-100 Test Num : 44
Inject into ../bin/hello
----- Type : 1_bit_0 Pos : PT_F35 -----
There are 1 faults will be injected in faulttable...
101488 microseconds
Fault on PT_F35(0X246 -> 0X246)
3000078 microseconds
timeout
[  2016-10-27 4:24:6]Process 8625 termed with signal 14(SIGALRM)
PT_F35-1_bit_0-100 Test Num : 45
Inject into ../bin/hello
----- Type : 1_bit_0 Pos : PT_F35 -----
There are 1 faults will be injected in faulttable...
101061 microseconds
Fault on PT_F35(0X246 -> 0X246)
3000128 microseconds
timeout
[  2016-10-27 4:24:9]Process 8627 termed with signal 14(SIGALRM)
PT_F35-1_bit_0-100 Test Num : 46
Inject into ../bin/hello
----- Type : 1_bit_0 Pos : PT_F35 -----
There are 1 faults will be injected in faulttable...
100964 microseconds
Fault on PT_F35(0X246 -> 0X246)
3000084 microseconds
timeout
[ 2016-10-27 4:24:12]Process 8629 termed with signal 14(SIGALRM)
PT_F35-1_bit_0-100 Test Num : 47
Inject into ../bin/hello
----- Type : 1_bit_0 Pos : PT_F35 -----
There are 1 faults will be injected in faulttable...
101082 microseconds
Fault on PT_F35(0X246 -> 0X242)
3000073 microseconds
timeout
[ 2016-10-27 4:24:15]Process 8631 termed with signal 14(SIGALRM)
PT_F35-1_bit_0-100 Test Num : 48
Inject into ../bin/hello
----- Type : 1_bit_0 Pos : PT_F35 -----
There are 1 faults will be injected in faulttable...
101006 microseconds
Fault on PT_F35(0X246 -> 0X246)
3000066 microseconds
timeout
[ 2016-10-27 4:24:18]Process 8633 termed with signal 14(SIGALRM)
PT_F35-1_bit_0-100 Test Num : 49
Inject into ../bin/hello
----- Type : 1_bit_0 Pos : PT_F35 -----
There are 1 faults will be injected in faulttable...
100864 microseconds
Fault on PT_F35(0X246 -> 0X246)
3000084 microseconds
timeout
[ 2016-10-27 4:24:22]Process 8635 termed with signal 14(SIGALRM)
PT_F35-1_bit_0-100 Test Num : 50
Inject into ../bin/hello
----- Type : 1_bit_0 Pos : PT_F35 -----
There are 1 faults will be injected in faulttable...
101009 microseconds
Fault on PT_F35(0X246 -> 0X246)
3000060 microseconds
timeout
[ 2016-10-27 4:24:25]Process 8637 termed with signal 14(SIGALRM)
PT_F35-1_bit_0-100 Test Num : 51
Inject into ../bin/hello
----- Type : 1_bit_0 Pos : PT_F35 -----
There are 1 faults will be injected in faulttable...
101003 microseconds
Fault on PT_F35(0X246 -> 0X246)
3000078 microseconds
timeout
[ 2016-10-27 4:24:28]Process 8639 termed with signal 14(SIGALRM)
PT_F35-1_bit_0-100 Test Num : 52
Inject into ../bin/hello
----- Type : 1_bit_0 Pos : PT_F35 -----
There are 1 faults will be injected in faulttable...
100142 microseconds
Fault on PT_F35(0X246 -> 0X246)
3000083 microseconds
timeout
[ 2016-10-27 4:24:31]Process 8641 termed with signal 14(SIGALRM)
PT_F35-1_bit_0-100 Test Num : 53
Inject into ../bin/hello
----- Type : 1_bit_0 Pos : PT_F35 -----
There are 1 faults will be injected in faulttable...
101535 microseconds
Fault on PT_F35(0X246 -> 0X246)
3000156 microseconds
timeout
[ 2016-10-27 4:24:34]Process 8643 termed with signal 14(SIGALRM)
PT_F35-1_bit_0-100 Test Num : 54
Inject into ../bin/hello
----- Type : 1_bit_0 Pos : PT_F35 -----
There are 1 faults will be injected in faulttable...
101059 microseconds
Fault on PT_F35(0X246 -> 0X246)
3000068 microseconds
timeout
[ 2016-10-27 4:24:37]Process 8645 termed with signal 14(SIGALRM)
PT_F35-1_bit_0-100 Test Num : 55
Inject into ../bin/hello
----- Type : 1_bit_0 Pos : PT_F35 -----
There are 1 faults will be injected in faulttable...
101103 microseconds
Fault on PT_F35(0X246 -> 0X246)
3000099 microseconds
timeout
[ 2016-10-27 4:24:40]Process 8647 termed with signal 14(SIGALRM)
PT_F35-1_bit_0-100 Test Num : 56
Inject into ../bin/hello
----- Type : 1_bit_0 Pos : PT_F35 -----
There are 1 faults will be injected in faulttable...
101025 microseconds
Fault on PT_F35(0X246 -> 0X246)
3000080 microseconds
timeout
[ 2016-10-27 4:24:43]Process 8649 termed with signal 14(SIGALRM)
PT_F35-1_bit_0-100 Test Num : 57
Inject into ../bin/hello
----- Type : 1_bit_0 Pos : PT_F35 -----
There are 1 faults will be injected in faulttable...
101117 microseconds
Fault on PT_F35(0X246 -> 0X246)
3000089 microseconds
timeout
[ 2016-10-27 4:24:46]Process 8651 termed with signal 14(SIGALRM)
PT_F35-1_bit_0-100 Test Num : 58
Inject into ../bin/hello
----- Type : 1_bit_0 Pos : PT_F35 -----
There are 1 faults will be injected in faulttable...
101028 microseconds
Fault on PT_F35(0X246 -> 0X246)
3000096 microseconds
timeout
[ 2016-10-27 4:24:50]Process 8653 termed with signal 14(SIGALRM)
PT_F35-1_bit_0-100 Test Num : 59
Inject into ../bin/hello
----- Type : 1_bit_0 Pos : PT_F35 -----
There are 1 faults will be injected in faulttable...
100991 microseconds
Fault on PT_F35(0X246 -> 0X246)
3000074 microseconds
timeout
[ 2016-10-27 4:24:53]Process 8655 termed with signal 14(SIGALRM)
PT_F35-1_bit_0-100 Test Num : 60
Inject into ../bin/hello
----- Type : 1_bit_0 Pos : PT_F35 -----
There are 1 faults will be injected in faulttable...
101018 microseconds
Fault on PT_F35(0X246 -> 0X246)
3000084 microseconds
timeout
[ 2016-10-27 4:24:56]Process 8658 termed with signal 14(SIGALRM)
PT_F35-1_bit_0-100 Test Num : 61
Inject into ../bin/hello
----- Type : 1_bit_0 Pos : PT_F35 -----
There are 1 faults will be injected in faulttable...
100120 microseconds
Fault on PT_F35(0X246 -> 0X246)
3000067 microseconds
timeout
[ 2016-10-27 4:24:59]Process 8660 termed with signal 14(SIGALRM)
PT_F35-1_bit_0-100 Test Num : 62
Inject into ../bin/hello
----- Type : 1_bit_0 Pos : PT_F35 -----
There are 1 faults will be injected in faulttable...
100988 microseconds
Fault on PT_F35(0X246 -> 0X246)
3000100 microseconds
timeout
[  2016-10-27 4:25:2]Process 8662 termed with signal 14(SIGALRM)
PT_F35-1_bit_0-100 Test Num : 63
Inject into ../bin/hello
----- Type : 1_bit_0 Pos : PT_F35 -----
There are 1 faults will be injected in faulttable...
101393 microseconds
Fault on PT_F35(0X246 -> 0X246)
3000105 microseconds
timeout
[  2016-10-27 4:25:5]Process 8664 termed with signal 14(SIGALRM)
PT_F35-1_bit_0-100 Test Num : 64
Inject into ../bin/hello
----- Type : 1_bit_0 Pos : PT_F35 -----
There are 1 faults will be injected in faulttable...
101029 microseconds
Fault on PT_F35(0X246 -> 0X246)
3000069 microseconds
timeout
[  2016-10-27 4:25:8]Process 8666 termed with signal 14(SIGALRM)
PT_F35-1_bit_0-100 Test Num : 65
Inject into ../bin/hello
----- Type : 1_bit_0 Pos : PT_F35 -----
There are 1 faults will be injected in faulttable...
101164 microseconds
Fault on PT_F35(0X246 -> 0X246)
3000106 microseconds
timeout
[ 2016-10-27 4:25:11]Process 8668 termed with signal 14(SIGALRM)
PT_F35-1_bit_0-100 Test Num : 66
Inject into ../bin/hello
----- Type : 1_bit_0 Pos : PT_F35 -----
There are 1 faults will be injected in faulttable...
101204 microseconds
Fault on PT_F35(0X246 -> 0X246)
3000684 microseconds
timeout
[ 2016-10-27 4:25:15]Process 8670 termed with signal 14(SIGALRM)
PT_F35-1_bit_0-100 Test Num : 67
Inject into ../bin/hello
----- Type : 1_bit_0 Pos : PT_F35 -----
There are 1 faults will be injected in faulttable...
101064 microseconds
Fault on PT_F35(0X246 -> 0X246)
3000123 microseconds
timeout
[ 2016-10-27 4:25:18]Process 8672 termed with signal 14(SIGALRM)
PT_F35-1_bit_0-100 Test Num : 68
Inject into ../bin/hello
----- Type : 1_bit_0 Pos : PT_F35 -----
There are 1 faults will be injected in faulttable...
101071 microseconds
Fault on PT_F35(0X246 -> 0X246)
3000093 microseconds
timeout
[ 2016-10-27 4:25:21]Process 8674 termed with signal 14(SIGALRM)
PT_F35-1_bit_0-100 Test Num : 69
Inject into ../bin/hello
----- Type : 1_bit_0 Pos : PT_F35 -----
There are 1 faults will be injected in faulttable...
100995 microseconds
Fault on PT_F35(0X246 -> 0X246)
3000153 microseconds
timeout
[ 2016-10-27 4:25:24]Process 8676 termed with signal 14(SIGALRM)
PT_F35-1_bit_0-100 Test Num : 70
Inject into ../bin/hello
----- Type : 1_bit_0 Pos : PT_F35 -----
There are 1 faults will be injected in faulttable...
101064 microseconds
Fault on PT_F35(0X246 -> 0X246)
3000123 microseconds
timeout
[ 2016-10-27 4:25:27]Process 8678 termed with signal 14(SIGALRM)
PT_F35-1_bit_0-100 Test Num : 71
Inject into ../bin/hello
----- Type : 1_bit_0 Pos : PT_F35 -----
There are 1 faults will be injected in faulttable...
101346 microseconds
Fault on PT_F35(0X246 -> 0X246)
3000062 microseconds
timeout
[ 2016-10-27 4:25:30]Process 8680 termed with signal 14(SIGALRM)
PT_F35-1_bit_0-100 Test Num : 72
Inject into ../bin/hello
----- Type : 1_bit_0 Pos : PT_F35 -----
There are 1 faults will be injected in faulttable...
100113 microseconds
Fault on PT_F35(0X246 -> 0X246)
3000096 microseconds
timeout
[ 2016-10-27 4:25:33]Process 8682 termed with signal 14(SIGALRM)
PT_F35-1_bit_0-100 Test Num : 73
Inject into ../bin/hello
----- Type : 1_bit_0 Pos : PT_F35 -----
There are 1 faults will be injected in faulttable...
100951 microseconds
Fault on PT_F35(0X246 -> 0X246)
3000099 microseconds
timeout
[ 2016-10-27 4:25:36]Process 8684 termed with signal 14(SIGALRM)
PT_F35-1_bit_0-100 Test Num : 74
Inject into ../bin/hello
----- Type : 1_bit_0 Pos : PT_F35 -----
There are 1 faults will be injected in faulttable...
101044 microseconds
Fault on PT_F35(0X246 -> 0X246)
3000115 microseconds
timeout
[ 2016-10-27 4:25:39]Process 8686 termed with signal 14(SIGALRM)
PT_F35-1_bit_0-100 Test Num : 75
Inject into ../bin/hello
----- Type : 1_bit_0 Pos : PT_F35 -----
There are 1 faults will be injected in faulttable...
100211 microseconds
Fault on PT_F35(0X246 -> 0X246)
3000060 microseconds
timeout
[ 2016-10-27 4:25:43]Process 8688 termed with signal 14(SIGALRM)
PT_F35-1_bit_0-100 Test Num : 76
Inject into ../bin/hello
----- Type : 1_bit_0 Pos : PT_F35 -----
There are 1 faults will be injected in faulttable...
100962 microseconds
Fault on PT_F35(0X246 -> 0X246)
3000085 microseconds
timeout
[ 2016-10-27 4:25:46]Process 8690 termed with signal 14(SIGALRM)
PT_F35-1_bit_0-100 Test Num : 77
Inject into ../bin/hello
----- Type : 1_bit_0 Pos : PT_F35 -----
There are 1 faults will be injected in faulttable...
101071 microseconds
Fault on PT_F35(0X246 -> 0X246)
3000105 microseconds
timeout
[ 2016-10-27 4:25:49]Process 8692 termed with signal 14(SIGALRM)
PT_F35-1_bit_0-100 Test Num : 78
Inject into ../bin/hello
----- Type : 1_bit_0 Pos : PT_F35 -----
There are 1 faults will be injected in faulttable...
101048 microseconds
Fault on PT_F35(0X246 -> 0X246)
3000095 microseconds
timeout
[ 2016-10-27 4:25:52]Process 8694 termed with signal 14(SIGALRM)
PT_F35-1_bit_0-100 Test Num : 79
Inject into ../bin/hello
----- Type : 1_bit_0 Pos : PT_F35 -----
There are 1 faults will be injected in faulttable...
101095 microseconds
Fault on PT_F35(0X246 -> 0X246)
3000121 microseconds
timeout
[ 2016-10-27 4:25:55]Process 8696 termed with signal 14(SIGALRM)
PT_F35-1_bit_0-100 Test Num : 80
Inject into ../bin/hello
----- Type : 1_bit_0 Pos : PT_F35 -----
There are 1 faults will be injected in faulttable...
101107 microseconds
Fault on PT_F35(0X246 -> 0X246)
3000130 microseconds
timeout
[ 2016-10-27 4:25:58]Process 8698 termed with signal 14(SIGALRM)
PT_F35-1_bit_0-100 Test Num : 81
Inject into ../bin/hello
----- Type : 1_bit_0 Pos : PT_F35 -----
There are 1 faults will be injected in faulttable...
101099 microseconds
Fault on PT_F35(0X246 -> 0X246)
3000083 microseconds
timeout
[  2016-10-27 4:26:1]Process 8700 termed with signal 14(SIGALRM)
PT_F35-1_bit_0-100 Test Num : 82
Inject into ../bin/hello
----- Type : 1_bit_0 Pos : PT_F35 -----
There are 1 faults will be injected in faulttable...
101044 microseconds
Fault on PT_F35(0X246 -> 0X246)
3000084 microseconds
timeout
[  2016-10-27 4:26:4]Process 8702 termed with signal 14(SIGALRM)
PT_F35-1_bit_0-100 Test Num : 83
Inject into ../bin/hello
----- Type : 1_bit_0 Pos : PT_F35 -----
There are 1 faults will be injected in faulttable...
101314 microseconds
Fault on PT_F35(0X246 -> 0X246)
3000076 microseconds
timeout
[  2016-10-27 4:26:7]Process 8704 termed with signal 14(SIGALRM)
PT_F35-1_bit_0-100 Test Num : 84
Inject into ../bin/hello
----- Type : 1_bit_0 Pos : PT_F35 -----
There are 1 faults will be injected in faulttable...
101080 microseconds
Fault on PT_F35(0X246 -> 0X246)
3000085 microseconds
timeout
[ 2016-10-27 4:26:11]Process 8706 termed with signal 14(SIGALRM)
PT_F35-1_bit_0-100 Test Num : 85
Inject into ../bin/hello
----- Type : 1_bit_0 Pos : PT_F35 -----
There are 1 faults will be injected in faulttable...
100069 microseconds
Fault on PT_F35(0X246 -> 0X246)
3000172 microseconds
timeout
[ 2016-10-27 4:26:14]Process 8708 termed with signal 14(SIGALRM)
PT_F35-1_bit_0-100 Test Num : 86
Inject into ../bin/hello
----- Type : 1_bit_0 Pos : PT_F35 -----
There are 1 faults will be injected in faulttable...
101026 microseconds
Fault on PT_F35(0X246 -> 0X246)
3000061 microseconds
timeout
[ 2016-10-27 4:26:17]Process 8710 termed with signal 14(SIGALRM)
PT_F35-1_bit_0-100 Test Num : 87
Inject into ../bin/hello
----- Type : 1_bit_0 Pos : PT_F35 -----
There are 1 faults will be injected in faulttable...
100949 microseconds
Fault on PT_F35(0X246 -> 0X246)
3000094 microseconds
timeout
[ 2016-10-27 4:26:20]Process 8712 termed with signal 14(SIGALRM)
PT_F35-1_bit_0-100 Test Num : 88
Inject into ../bin/hello
----- Type : 1_bit_0 Pos : PT_F35 -----
There are 1 faults will be injected in faulttable...
101061 microseconds
Fault on PT_F35(0X246 -> 0X244)
3000122 microseconds
timeout
[ 2016-10-27 4:26:23]Process 8714 termed with signal 14(SIGALRM)
PT_F35-1_bit_0-100 Test Num : 89
Inject into ../bin/hello
----- Type : 1_bit_0 Pos : PT_F35 -----
There are 1 faults will be injected in faulttable...
101042 microseconds
Fault on PT_F35(0X246 -> 0X246)
3000083 microseconds
timeout
[ 2016-10-27 4:26:26]Process 8716 termed with signal 14(SIGALRM)
PT_F35-1_bit_0-100 Test Num : 90
Inject into ../bin/hello
----- Type : 1_bit_0 Pos : PT_F35 -----
There are 1 faults will be injected in faulttable...
100210 microseconds
Fault on PT_F35(0X246 -> 0X246)
3000055 microseconds
timeout
[ 2016-10-27 4:26:29]Process 8718 termed with signal 14(SIGALRM)
PT_F35-1_bit_0-100 Test Num : 91
Inject into ../bin/hello
----- Type : 1_bit_0 Pos : PT_F35 -----
There are 1 faults will be injected in faulttable...
100929 microseconds
Fault on PT_F35(0X246 -> 0X246)
3000136 microseconds
timeout
[ 2016-10-27 4:26:32]Process 8720 termed with signal 14(SIGALRM)
PT_F35-1_bit_0-100 Test Num : 92
Inject into ../bin/hello
----- Type : 1_bit_0 Pos : PT_F35 -----
There are 1 faults will be injected in faulttable...
100142 microseconds
Fault on PT_F35(0X246 -> 0X246)
3000107 microseconds
timeout
[ 2016-10-27 4:26:35]Process 8722 termed with signal 14(SIGALRM)
PT_F35-1_bit_0-100 Test Num : 93
Inject into ../bin/hello
----- Type : 1_bit_0 Pos : PT_F35 -----
There are 1 faults will be injected in faulttable...
100957 microseconds
Fault on PT_F35(0X246 -> 0X246)
3000126 microseconds
timeout
[ 2016-10-27 4:26:39]Process 8724 termed with signal 14(SIGALRM)
PT_F35-1_bit_0-100 Test Num : 94
Inject into ../bin/hello
----- Type : 1_bit_0 Pos : PT_F35 -----
There are 1 faults will be injected in faulttable...
101045 microseconds
Fault on PT_F35(0X246 -> 0X246)
3000072 microseconds
timeout
[ 2016-10-27 4:26:42]Process 8726 termed with signal 14(SIGALRM)
PT_F35-1_bit_0-100 Test Num : 95
Inject into ../bin/hello
----- Type : 1_bit_0 Pos : PT_F35 -----
There are 1 faults will be injected in faulttable...
101106 microseconds
Fault on PT_F35(0X246 -> 0X246)
3000070 microseconds
timeout
[ 2016-10-27 4:26:45]Process 8728 termed with signal 14(SIGALRM)
PT_F35-1_bit_0-100 Test Num : 96
Inject into ../bin/hello
----- Type : 1_bit_0 Pos : PT_F35 -----
There are 1 faults will be injected in faulttable...
100092 microseconds
Fault on PT_F35(0X246 -> 0X246)
3000199 microseconds
timeout
[ 2016-10-27 4:26:48]Process 8730 termed with signal 14(SIGALRM)
PT_F35-1_bit_0-100 Test Num : 97
Inject into ../bin/hello
----- Type : 1_bit_0 Pos : PT_F35 -----
There are 1 faults will be injected in faulttable...
100977 microseconds
Fault on PT_F35(0X246 -> 0X246)
3000084 microseconds
timeout
[ 2016-10-27 4:26:51]Process 8732 termed with signal 14(SIGALRM)
PT_F35-1_bit_0-100 Test Num : 98
Inject into ../bin/hello
----- Type : 1_bit_0 Pos : PT_F35 -----
There are 1 faults will be injected in faulttable...
101127 microseconds
Fault on PT_F35(0X246 -> 0X246)
3000063 microseconds
timeout
[ 2016-10-27 4:26:54]Process 8734 termed with signal 14(SIGALRM)
PT_F35-1_bit_0-100 Test Num : 99
Inject into ../bin/hello
----- Type : 1_bit_0 Pos : PT_F35 -----
There are 1 faults will be injected in faulttable...
101069 microseconds
Fault on PT_F35(0X246 -> 0X246)
3000070 microseconds
timeout
[ 2016-10-27 4:26:57]Process 8736 termed with signal 14(SIGALRM)
PT_F35-1_bit_0-100 Test Num : 100
Inject into ../bin/hello
----- Type : 1_bit_0 Pos : PT_F35 -----
There are 1 faults will be injected in faulttable...
101173 microseconds
Fault on PT_F35(0X246 -> 0X246)
3000066 microseconds
timeout
[  2016-10-27 4:27:0]Process 8738 termed with signal 14(SIGALRM)
