PT_F35-plus_5-100 Test Num : 1
Inject into ../bin/hello
----- Type : plus_5 Pos : PT_F35 -----
There are 1 faults will be injected in faulttable...
101014 microseconds
Fault on PT_F35(0X246 -> 0X24b)
3000060 microseconds
timeout
[ 2016-10-27 5:18:57]Process 10787 termed with signal 14(SIGALRM)
PT_F35-plus_5-100 Test Num : 2
Inject into ../bin/hello
----- Type : plus_5 Pos : PT_F35 -----
There are 1 faults will be injected in faulttable...
100974 microseconds
Fault on PT_F35(0X246 -> 0X24b)
3000066 microseconds
timeout
[  2016-10-27 5:19:0]Process 10789 termed with signal 14(SIGALRM)
PT_F35-plus_5-100 Test Num : 3
Inject into ../bin/hello
----- Type : plus_5 Pos : PT_F35 -----
There are 1 faults will be injected in faulttable...
100976 microseconds
Fault on PT_F35(0X246 -> 0X24b)
3000083 microseconds
timeout
[  2016-10-27 5:19:3]Process 10791 termed with signal 14(SIGALRM)
PT_F35-plus_5-100 Test Num : 4
Inject into ../bin/hello
----- Type : plus_5 Pos : PT_F35 -----
There are 1 faults will be injected in faulttable...
101021 microseconds
Fault on PT_F35(0X246 -> 0X24b)
3000078 microseconds
timeout
[  2016-10-27 5:19:6]Process 10793 termed with signal 14(SIGALRM)
PT_F35-plus_5-100 Test Num : 5
Inject into ../bin/hello
----- Type : plus_5 Pos : PT_F35 -----
There are 1 faults will be injected in faulttable...
100954 microseconds
Fault on PT_F35(0X246 -> 0X24b)
3000067 microseconds
timeout
[  2016-10-27 5:19:9]Process 10795 termed with signal 14(SIGALRM)
PT_F35-plus_5-100 Test Num : 6
Inject into ../bin/hello
----- Type : plus_5 Pos : PT_F35 -----
There are 1 faults will be injected in faulttable...
100074 microseconds
Fault on PT_F35(0X246 -> 0X24b)
3000105 microseconds
timeout
[ 2016-10-27 5:19:12]Process 10797 termed with signal 14(SIGALRM)
PT_F35-plus_5-100 Test Num : 7
Inject into ../bin/hello
----- Type : plus_5 Pos : PT_F35 -----
There are 1 faults will be injected in faulttable...
101144 microseconds
Fault on PT_F35(0X246 -> 0X24b)
3000088 microseconds
timeout
[ 2016-10-27 5:19:15]Process 10799 termed with signal 14(SIGALRM)
PT_F35-plus_5-100 Test Num : 8
Inject into ../bin/hello
----- Type : plus_5 Pos : PT_F35 -----
There are 1 faults will be injected in faulttable...
100107 microseconds
Fault on PT_F35(0X246 -> 0X24b)
3000115 microseconds
timeout
[ 2016-10-27 5:19:18]Process 10801 termed with signal 14(SIGALRM)
PT_F35-plus_5-100 Test Num : 9
Inject into ../bin/hello
----- Type : plus_5 Pos : PT_F35 -----
There are 1 faults will be injected in faulttable...
101202 microseconds
Fault on PT_F35(0X246 -> 0X24b)
3000076 microseconds
timeout
[ 2016-10-27 5:19:21]Process 10803 termed with signal 14(SIGALRM)
PT_F35-plus_5-100 Test Num : 10
Inject into ../bin/hello
----- Type : plus_5 Pos : PT_F35 -----
There are 1 faults will be injected in faulttable...
100941 microseconds
Fault on PT_F35(0X246 -> 0X24b)
3000091 microseconds
timeout
[ 2016-10-27 5:19:25]Process 10805 termed with signal 14(SIGALRM)
PT_F35-plus_5-100 Test Num : 11
Inject into ../bin/hello
----- Type : plus_5 Pos : PT_F35 -----
There are 1 faults will be injected in faulttable...
100991 microseconds
Fault on PT_F35(0X246 -> 0X24b)
3000111 microseconds
timeout
[ 2016-10-27 5:19:28]Process 10807 termed with signal 14(SIGALRM)
PT_F35-plus_5-100 Test Num : 12
Inject into ../bin/hello
----- Type : plus_5 Pos : PT_F35 -----
There are 1 faults will be injected in faulttable...
100981 microseconds
Fault on PT_F35(0X246 -> 0X24b)
3000087 microseconds
timeout
[ 2016-10-27 5:19:31]Process 10809 termed with signal 14(SIGALRM)
PT_F35-plus_5-100 Test Num : 13
Inject into ../bin/hello
----- Type : plus_5 Pos : PT_F35 -----
There are 1 faults will be injected in faulttable...
101138 microseconds
Fault on PT_F35(0X246 -> 0X24b)
3000081 microseconds
timeout
[ 2016-10-27 5:19:34]Process 10811 termed with signal 14(SIGALRM)
PT_F35-plus_5-100 Test Num : 14
Inject into ../bin/hello
----- Type : plus_5 Pos : PT_F35 -----
There are 1 faults will be injected in faulttable...
100979 microseconds
Fault on PT_F35(0X246 -> 0X24b)
3000074 microseconds
timeout
[ 2016-10-27 5:19:37]Process 10813 termed with signal 14(SIGALRM)
PT_F35-plus_5-100 Test Num : 15
Inject into ../bin/hello
----- Type : plus_5 Pos : PT_F35 -----
There are 1 faults will be injected in faulttable...
100081 microseconds
Fault on PT_F35(0X246 -> 0X24b)
3000062 microseconds
timeout
[ 2016-10-27 5:19:40]Process 10815 termed with signal 14(SIGALRM)
PT_F35-plus_5-100 Test Num : 16
Inject into ../bin/hello
----- Type : plus_5 Pos : PT_F35 -----
There are 1 faults will be injected in faulttable...
100955 microseconds
Fault on PT_F35(0X246 -> 0X24b)
3000064 microseconds
timeout
[ 2016-10-27 5:19:43]Process 10817 termed with signal 14(SIGALRM)
PT_F35-plus_5-100 Test Num : 17
Inject into ../bin/hello
----- Type : plus_5 Pos : PT_F35 -----
There are 1 faults will be injected in faulttable...
100953 microseconds
Fault on PT_F35(0X246 -> 0X24b)
3000107 microseconds
timeout
[ 2016-10-27 5:19:46]Process 10819 termed with signal 14(SIGALRM)
PT_F35-plus_5-100 Test Num : 18
Inject into ../bin/hello
----- Type : plus_5 Pos : PT_F35 -----
There are 1 faults will be injected in faulttable...
101485 microseconds
Fault on PT_F35(0X246 -> 0X24b)
3000084 microseconds
timeout
[ 2016-10-27 5:19:49]Process 10821 termed with signal 14(SIGALRM)
PT_F35-plus_5-100 Test Num : 19
Inject into ../bin/hello
----- Type : plus_5 Pos : PT_F35 -----
There are 1 faults will be injected in faulttable...
101451 microseconds
Fault on PT_F35(0X246 -> 0X24b)
3000068 microseconds
timeout
[ 2016-10-27 5:19:53]Process 10823 termed with signal 14(SIGALRM)
PT_F35-plus_5-100 Test Num : 20
Inject into ../bin/hello
----- Type : plus_5 Pos : PT_F35 -----
There are 1 faults will be injected in faulttable...
100936 microseconds
Fault on PT_F35(0X246 -> 0X24b)
3000080 microseconds
timeout
[ 2016-10-27 5:19:56]Process 10825 termed with signal 14(SIGALRM)
PT_F35-plus_5-100 Test Num : 21
Inject into ../bin/hello
----- Type : plus_5 Pos : PT_F35 -----
There are 1 faults will be injected in faulttable...
100999 microseconds
Fault on PT_F35(0X246 -> 0X24b)
3000070 microseconds
timeout
[ 2016-10-27 5:19:59]Process 10827 termed with signal 14(SIGALRM)
PT_F35-plus_5-100 Test Num : 22
Inject into ../bin/hello
----- Type : plus_5 Pos : PT_F35 -----
There are 1 faults will be injected in faulttable...
100081 microseconds
Fault on PT_F35(0X246 -> 0X24b)
3000062 microseconds
timeout
[  2016-10-27 5:20:2]Process 10829 termed with signal 14(SIGALRM)
PT_F35-plus_5-100 Test Num : 23
Inject into ../bin/hello
----- Type : plus_5 Pos : PT_F35 -----
There are 1 faults will be injected in faulttable...
101238 microseconds
Fault on PT_F35(0X246 -> 0X24b)
3000109 microseconds
timeout
[  2016-10-27 5:20:5]Process 10832 termed with signal 14(SIGALRM)
PT_F35-plus_5-100 Test Num : 24
Inject into ../bin/hello
----- Type : plus_5 Pos : PT_F35 -----
There are 1 faults will be injected in faulttable...
100080 microseconds
Fault on PT_F35(0X246 -> 0X24b)
3000073 microseconds
timeout
[  2016-10-27 5:20:8]Process 10834 termed with signal 14(SIGALRM)
PT_F35-plus_5-100 Test Num : 25
Inject into ../bin/hello
----- Type : plus_5 Pos : PT_F35 -----
There are 1 faults will be injected in faulttable...
100077 microseconds
Fault on PT_F35(0X246 -> 0X24b)
3000090 microseconds
timeout
[ 2016-10-27 5:20:11]Process 10836 termed with signal 14(SIGALRM)
PT_F35-plus_5-100 Test Num : 26
Inject into ../bin/hello
----- Type : plus_5 Pos : PT_F35 -----
There are 1 faults will be injected in faulttable...
100090 microseconds
Fault on PT_F35(0X246 -> 0X24b)
3000086 microseconds
timeout
[ 2016-10-27 5:20:14]Process 10838 termed with signal 14(SIGALRM)
PT_F35-plus_5-100 Test Num : 27
Inject into ../bin/hello
----- Type : plus_5 Pos : PT_F35 -----
There are 1 faults will be injected in faulttable...
100890 microseconds
Fault on PT_F35(0X246 -> 0X24b)
3000243 microseconds
timeout
[ 2016-10-27 5:20:17]Process 10840 termed with signal 14(SIGALRM)
PT_F35-plus_5-100 Test Num : 28
Inject into ../bin/hello
----- Type : plus_5 Pos : PT_F35 -----
There are 1 faults will be injected in faulttable...
100989 microseconds
Fault on PT_F35(0X246 -> 0X24b)
3000206 microseconds
timeout
[ 2016-10-27 5:20:21]Process 10842 termed with signal 14(SIGALRM)
PT_F35-plus_5-100 Test Num : 29
Inject into ../bin/hello
----- Type : plus_5 Pos : PT_F35 -----
There are 1 faults will be injected in faulttable...
101071 microseconds
Fault on PT_F35(0X246 -> 0X24b)
3000103 microseconds
timeout
[ 2016-10-27 5:20:24]Process 10844 termed with signal 14(SIGALRM)
PT_F35-plus_5-100 Test Num : 30
Inject into ../bin/hello
----- Type : plus_5 Pos : PT_F35 -----
There are 1 faults will be injected in faulttable...
100975 microseconds
Fault on PT_F35(0X246 -> 0X24b)
3000073 microseconds
timeout
[ 2016-10-27 5:20:27]Process 10846 termed with signal 14(SIGALRM)
PT_F35-plus_5-100 Test Num : 31
Inject into ../bin/hello
----- Type : plus_5 Pos : PT_F35 -----
There are 1 faults will be injected in faulttable...
100072 microseconds
Fault on PT_F35(0X246 -> 0X24b)
3000093 microseconds
timeout
[ 2016-10-27 5:20:30]Process 10848 termed with signal 14(SIGALRM)
PT_F35-plus_5-100 Test Num : 32
Inject into ../bin/hello
----- Type : plus_5 Pos : PT_F35 -----
There are 1 faults will be injected in faulttable...
100960 microseconds
Fault on PT_F35(0X246 -> 0X24b)
3000123 microseconds
timeout
[ 2016-10-27 5:20:33]Process 10852 termed with signal 14(SIGALRM)
PT_F35-plus_5-100 Test Num : 33
Inject into ../bin/hello
----- Type : plus_5 Pos : PT_F35 -----
There are 1 faults will be injected in faulttable...
100073 microseconds
Fault on PT_F35(0X246 -> 0X24b)
3000074 microseconds
timeout
[ 2016-10-27 5:20:36]Process 10856 termed with signal 14(SIGALRM)
PT_F35-plus_5-100 Test Num : 34
Inject into ../bin/hello
----- Type : plus_5 Pos : PT_F35 -----
There are 1 faults will be injected in faulttable...
100988 microseconds
Fault on PT_F35(0X246 -> 0X24b)
3000080 microseconds
timeout
[ 2016-10-27 5:20:39]Process 10860 termed with signal 14(SIGALRM)
PT_F35-plus_5-100 Test Num : 35
Inject into ../bin/hello
----- Type : plus_5 Pos : PT_F35 -----
There are 1 faults will be injected in faulttable...
100095 microseconds
Fault on PT_F35(0X246 -> 0X24b)
3000060 microseconds
timeout
[ 2016-10-27 5:20:42]Process 10864 termed with signal 14(SIGALRM)
PT_F35-plus_5-100 Test Num : 36
Inject into ../bin/hello
----- Type : plus_5 Pos : PT_F35 -----
There are 1 faults will be injected in faulttable...
101027 microseconds
Fault on PT_F35(0X246 -> 0X24b)
3000092 microseconds
timeout
[ 2016-10-27 5:20:45]Process 10868 termed with signal 14(SIGALRM)
PT_F35-plus_5-100 Test Num : 37
Inject into ../bin/hello
----- Type : plus_5 Pos : PT_F35 -----
There are 1 faults will be injected in faulttable...
101218 microseconds
Fault on PT_F35(0X246 -> 0X24b)
3000081 microseconds
timeout
[ 2016-10-27 5:20:49]Process 10871 termed with signal 14(SIGALRM)
PT_F35-plus_5-100 Test Num : 38
Inject into ../bin/hello
----- Type : plus_5 Pos : PT_F35 -----
There are 1 faults will be injected in faulttable...
101127 microseconds
Fault on PT_F35(0X246 -> 0X24b)
3000124 microseconds
timeout
[ 2016-10-27 5:20:52]Process 10873 termed with signal 14(SIGALRM)
PT_F35-plus_5-100 Test Num : 39
Inject into ../bin/hello
----- Type : plus_5 Pos : PT_F35 -----
There are 1 faults will be injected in faulttable...
101009 microseconds
Fault on PT_F35(0X246 -> 0X24b)
3000077 microseconds
timeout
[ 2016-10-27 5:20:55]Process 10875 termed with signal 14(SIGALRM)
PT_F35-plus_5-100 Test Num : 40
Inject into ../bin/hello
----- Type : plus_5 Pos : PT_F35 -----
There are 1 faults will be injected in faulttable...
101046 microseconds
Fault on PT_F35(0X246 -> 0X24b)
3000146 microseconds
timeout
[ 2016-10-27 5:20:58]Process 10877 termed with signal 14(SIGALRM)
PT_F35-plus_5-100 Test Num : 41
Inject into ../bin/hello
----- Type : plus_5 Pos : PT_F35 -----
There are 1 faults will be injected in faulttable...
101047 microseconds
Fault on PT_F35(0X246 -> 0X24b)
3000111 microseconds
timeout
[  2016-10-27 5:21:1]Process 10881 termed with signal 14(SIGALRM)
PT_F35-plus_5-100 Test Num : 42
Inject into ../bin/hello
----- Type : plus_5 Pos : PT_F35 -----
There are 1 faults will be injected in faulttable...
101201 microseconds
Fault on PT_F35(0X246 -> 0X24b)
3000107 microseconds
timeout
[  2016-10-27 5:21:4]Process 10884 termed with signal 14(SIGALRM)
PT_F35-plus_5-100 Test Num : 43
Inject into ../bin/hello
----- Type : plus_5 Pos : PT_F35 -----
There are 1 faults will be injected in faulttable...
101086 microseconds
Fault on PT_F35(0X246 -> 0X24b)
3000138 microseconds
timeout
[  2016-10-27 5:21:7]Process 10887 termed with signal 14(SIGALRM)
PT_F35-plus_5-100 Test Num : 44
Inject into ../bin/hello
----- Type : plus_5 Pos : PT_F35 -----
There are 1 faults will be injected in faulttable...
101134 microseconds
Fault on PT_F35(0X246 -> 0X24b)
3000082 microseconds
timeout
[ 2016-10-27 5:21:10]Process 10890 termed with signal 14(SIGALRM)
PT_F35-plus_5-100 Test Num : 45
Inject into ../bin/hello
----- Type : plus_5 Pos : PT_F35 -----
There are 1 faults will be injected in faulttable...
100976 microseconds
Fault on PT_F35(0X246 -> 0X24b)
3000077 microseconds
timeout
[ 2016-10-27 5:21:13]Process 10893 termed with signal 14(SIGALRM)
PT_F35-plus_5-100 Test Num : 46
Inject into ../bin/hello
----- Type : plus_5 Pos : PT_F35 -----
There are 1 faults will be injected in faulttable...
101046 microseconds
Fault on PT_F35(0X246 -> 0X24b)
3000071 microseconds
timeout
[ 2016-10-27 5:21:17]Process 10896 termed with signal 14(SIGALRM)
PT_F35-plus_5-100 Test Num : 47
Inject into ../bin/hello
----- Type : plus_5 Pos : PT_F35 -----
There are 1 faults will be injected in faulttable...
101010 microseconds
Fault on PT_F35(0X246 -> 0X24b)
3000087 microseconds
timeout
[ 2016-10-27 5:21:20]Process 10899 termed with signal 14(SIGALRM)
PT_F35-plus_5-100 Test Num : 48
Inject into ../bin/hello
----- Type : plus_5 Pos : PT_F35 -----
There are 1 faults will be injected in faulttable...
101150 microseconds
Fault on PT_F35(0X246 -> 0X24b)
3000081 microseconds
timeout
[ 2016-10-27 5:21:23]Process 10902 termed with signal 14(SIGALRM)
PT_F35-plus_5-100 Test Num : 49
Inject into ../bin/hello
----- Type : plus_5 Pos : PT_F35 -----
There are 1 faults will be injected in faulttable...
100923 microseconds
Fault on PT_F35(0X246 -> 0X24b)
3000081 microseconds
timeout
[ 2016-10-27 5:21:26]Process 10905 termed with signal 14(SIGALRM)
PT_F35-plus_5-100 Test Num : 50
Inject into ../bin/hello
----- Type : plus_5 Pos : PT_F35 -----
There are 1 faults will be injected in faulttable...
100951 microseconds
Fault on PT_F35(0X246 -> 0X24b)
3000076 microseconds
timeout
[ 2016-10-27 5:21:29]Process 10908 termed with signal 14(SIGALRM)
PT_F35-plus_5-100 Test Num : 51
Inject into ../bin/hello
----- Type : plus_5 Pos : PT_F35 -----
There are 1 faults will be injected in faulttable...
101032 microseconds
Fault on PT_F35(0X246 -> 0X24b)
3000093 microseconds
timeout
[ 2016-10-27 5:21:32]Process 10910 termed with signal 14(SIGALRM)
PT_F35-plus_5-100 Test Num : 52
Inject into ../bin/hello
----- Type : plus_5 Pos : PT_F35 -----
There are 1 faults will be injected in faulttable...
101137 microseconds
Fault on PT_F35(0X246 -> 0X24b)
3000112 microseconds
timeout
[ 2016-10-27 5:21:35]Process 10912 termed with signal 14(SIGALRM)
PT_F35-plus_5-100 Test Num : 53
Inject into ../bin/hello
----- Type : plus_5 Pos : PT_F35 -----
There are 1 faults will be injected in faulttable...
101394 microseconds
Fault on PT_F35(0X246 -> 0X24b)
3000064 microseconds
timeout
[ 2016-10-27 5:21:38]Process 10914 termed with signal 14(SIGALRM)
PT_F35-plus_5-100 Test Num : 54
Inject into ../bin/hello
----- Type : plus_5 Pos : PT_F35 -----
There are 1 faults will be injected in faulttable...
101218 microseconds
Fault on PT_F35(0X246 -> 0X24b)
3000084 microseconds
timeout
[ 2016-10-27 5:21:41]Process 10916 termed with signal 14(SIGALRM)
PT_F35-plus_5-100 Test Num : 55
Inject into ../bin/hello
----- Type : plus_5 Pos : PT_F35 -----
There are 1 faults will be injected in faulttable...
101101 microseconds
Fault on PT_F35(0X246 -> 0X24b)
3000145 microseconds
timeout
[ 2016-10-27 5:21:45]Process 10918 termed with signal 14(SIGALRM)
PT_F35-plus_5-100 Test Num : 56
Inject into ../bin/hello
----- Type : plus_5 Pos : PT_F35 -----
There are 1 faults will be injected in faulttable...
101076 microseconds
Fault on PT_F35(0X246 -> 0X24b)
3000073 microseconds
timeout
[ 2016-10-27 5:21:48]Process 10920 termed with signal 14(SIGALRM)
PT_F35-plus_5-100 Test Num : 57
Inject into ../bin/hello
----- Type : plus_5 Pos : PT_F35 -----
There are 1 faults will be injected in faulttable...
100960 microseconds
Fault on PT_F35(0X246 -> 0X24b)
3000095 microseconds
timeout
[ 2016-10-27 5:21:51]Process 10922 termed with signal 14(SIGALRM)
PT_F35-plus_5-100 Test Num : 58
Inject into ../bin/hello
----- Type : plus_5 Pos : PT_F35 -----
There are 1 faults will be injected in faulttable...
101221 microseconds
Fault on PT_F35(0X246 -> 0X24b)
3000131 microseconds
timeout
[ 2016-10-27 5:21:54]Process 10924 termed with signal 14(SIGALRM)
PT_F35-plus_5-100 Test Num : 59
Inject into ../bin/hello
----- Type : plus_5 Pos : PT_F35 -----
There are 1 faults will be injected in faulttable...
100094 microseconds
Fault on PT_F35(0X246 -> 0X24b)
3000104 microseconds
timeout
[ 2016-10-27 5:21:57]Process 10926 termed with signal 14(SIGALRM)
PT_F35-plus_5-100 Test Num : 60
Inject into ../bin/hello
----- Type : plus_5 Pos : PT_F35 -----
There are 1 faults will be injected in faulttable...
101365 microseconds
Fault on PT_F35(0X246 -> 0X24b)
3000073 microseconds
timeout
[  2016-10-27 5:22:0]Process 10928 termed with signal 14(SIGALRM)
PT_F35-plus_5-100 Test Num : 61
Inject into ../bin/hello
----- Type : plus_5 Pos : PT_F35 -----
There are 1 faults will be injected in faulttable...
100980 microseconds
Fault on PT_F35(0X246 -> 0X24b)
3000123 microseconds
timeout
[  2016-10-27 5:22:3]Process 10930 termed with signal 14(SIGALRM)
PT_F35-plus_5-100 Test Num : 62
Inject into ../bin/hello
----- Type : plus_5 Pos : PT_F35 -----
There are 1 faults will be injected in faulttable...
101182 microseconds
Fault on PT_F35(0X246 -> 0X24b)
3000090 microseconds
timeout
[  2016-10-27 5:22:6]Process 10932 termed with signal 14(SIGALRM)
PT_F35-plus_5-100 Test Num : 63
Inject into ../bin/hello
----- Type : plus_5 Pos : PT_F35 -----
There are 1 faults will be injected in faulttable...
101003 microseconds
Fault on PT_F35(0X246 -> 0X24b)
3000080 microseconds
timeout
[  2016-10-27 5:22:9]Process 10934 termed with signal 14(SIGALRM)
PT_F35-plus_5-100 Test Num : 64
Inject into ../bin/hello
----- Type : plus_5 Pos : PT_F35 -----
There are 1 faults will be injected in faulttable...
101146 microseconds
Fault on PT_F35(0X246 -> 0X24b)
3000082 microseconds
timeout
[ 2016-10-27 5:22:13]Process 10936 termed with signal 14(SIGALRM)
PT_F35-plus_5-100 Test Num : 65
Inject into ../bin/hello
----- Type : plus_5 Pos : PT_F35 -----
There are 1 faults will be injected in faulttable...
100982 microseconds
Fault on PT_F35(0X246 -> 0X24b)
3000109 microseconds
timeout
[ 2016-10-27 5:22:16]Process 10938 termed with signal 14(SIGALRM)
PT_F35-plus_5-100 Test Num : 66
Inject into ../bin/hello
----- Type : plus_5 Pos : PT_F35 -----
There are 1 faults will be injected in faulttable...
101252 microseconds
Fault on PT_F35(0X246 -> 0X24b)
3000103 microseconds
timeout
[ 2016-10-27 5:22:19]Process 10940 termed with signal 14(SIGALRM)
PT_F35-plus_5-100 Test Num : 67
Inject into ../bin/hello
----- Type : plus_5 Pos : PT_F35 -----
There are 1 faults will be injected in faulttable...
100885 microseconds
Fault on PT_F35(0X246 -> 0X24b)
3000117 microseconds
timeout
[ 2016-10-27 5:22:22]Process 10942 termed with signal 14(SIGALRM)
PT_F35-plus_5-100 Test Num : 68
Inject into ../bin/hello
----- Type : plus_5 Pos : PT_F35 -----
There are 1 faults will be injected in faulttable...
101056 microseconds
Fault on PT_F35(0X246 -> 0X24b)
3000070 microseconds
timeout
[ 2016-10-27 5:22:25]Process 10944 termed with signal 14(SIGALRM)
PT_F35-plus_5-100 Test Num : 69
Inject into ../bin/hello
----- Type : plus_5 Pos : PT_F35 -----
There are 1 faults will be injected in faulttable...
100140 microseconds
Fault on PT_F35(0X246 -> 0X24b)
3000076 microseconds
timeout
[ 2016-10-27 5:22:28]Process 10946 termed with signal 14(SIGALRM)
PT_F35-plus_5-100 Test Num : 70
Inject into ../bin/hello
----- Type : plus_5 Pos : PT_F35 -----
There are 1 faults will be injected in faulttable...
100082 microseconds
Fault on PT_F35(0X246 -> 0X24b)
3000068 microseconds
timeout
[ 2016-10-27 5:22:31]Process 10948 termed with signal 14(SIGALRM)
PT_F35-plus_5-100 Test Num : 71
Inject into ../bin/hello
----- Type : plus_5 Pos : PT_F35 -----
There are 1 faults will be injected in faulttable...
100990 microseconds
Fault on PT_F35(0X246 -> 0X24b)
3000091 microseconds
timeout
[ 2016-10-27 5:22:34]Process 10950 termed with signal 14(SIGALRM)
PT_F35-plus_5-100 Test Num : 72
Inject into ../bin/hello
----- Type : plus_5 Pos : PT_F35 -----
There are 1 faults will be injected in faulttable...
100080 microseconds
Fault on PT_F35(0X246 -> 0X24b)
3000093 microseconds
timeout
[ 2016-10-27 5:22:37]Process 10952 termed with signal 14(SIGALRM)
PT_F35-plus_5-100 Test Num : 73
Inject into ../bin/hello
----- Type : plus_5 Pos : PT_F35 -----
There are 1 faults will be injected in faulttable...
100973 microseconds
Fault on PT_F35(0X246 -> 0X24b)
3000077 microseconds
timeout
[ 2016-10-27 5:22:41]Process 10954 termed with signal 14(SIGALRM)
PT_F35-plus_5-100 Test Num : 74
Inject into ../bin/hello
----- Type : plus_5 Pos : PT_F35 -----
There are 1 faults will be injected in faulttable...
100939 microseconds
Fault on PT_F35(0X246 -> 0X24b)
3000080 microseconds
timeout
[ 2016-10-27 5:22:44]Process 10956 termed with signal 14(SIGALRM)
PT_F35-plus_5-100 Test Num : 75
Inject into ../bin/hello
----- Type : plus_5 Pos : PT_F35 -----
There are 1 faults will be injected in faulttable...
100984 microseconds
Fault on PT_F35(0X246 -> 0X24b)
3000089 microseconds
timeout
[ 2016-10-27 5:22:47]Process 10958 termed with signal 14(SIGALRM)
PT_F35-plus_5-100 Test Num : 76
Inject into ../bin/hello
----- Type : plus_5 Pos : PT_F35 -----
There are 1 faults will be injected in faulttable...
100938 microseconds
Fault on PT_F35(0X246 -> 0X24b)
3000135 microseconds
timeout
[ 2016-10-27 5:22:50]Process 10960 termed with signal 14(SIGALRM)
PT_F35-plus_5-100 Test Num : 77
Inject into ../bin/hello
----- Type : plus_5 Pos : PT_F35 -----
There are 1 faults will be injected in faulttable...
101084 microseconds
Fault on PT_F35(0X246 -> 0X24b)
3000069 microseconds
timeout
[ 2016-10-27 5:22:53]Process 10962 termed with signal 14(SIGALRM)
PT_F35-plus_5-100 Test Num : 78
Inject into ../bin/hello
----- Type : plus_5 Pos : PT_F35 -----
There are 1 faults will be injected in faulttable...
100099 microseconds
Fault on PT_F35(0X246 -> 0X24b)
3000099 microseconds
timeout
[ 2016-10-27 5:22:56]Process 10966 termed with signal 14(SIGALRM)
PT_F35-plus_5-100 Test Num : 79
Inject into ../bin/hello
----- Type : plus_5 Pos : PT_F35 -----
There are 1 faults will be injected in faulttable...
100107 microseconds
Fault on PT_F35(0X246 -> 0X24b)
3000103 microseconds
timeout
[ 2016-10-27 5:22:59]Process 10969 termed with signal 14(SIGALRM)
PT_F35-plus_5-100 Test Num : 80
Inject into ../bin/hello
----- Type : plus_5 Pos : PT_F35 -----
There are 1 faults will be injected in faulttable...
100951 microseconds
Fault on PT_F35(0X246 -> 0X24b)
3000158 microseconds
timeout
[  2016-10-27 5:23:2]Process 10972 termed with signal 14(SIGALRM)
PT_F35-plus_5-100 Test Num : 81
Inject into ../bin/hello
----- Type : plus_5 Pos : PT_F35 -----
There are 1 faults will be injected in faulttable...
101084 microseconds
Fault on PT_F35(0X246 -> 0X24b)
3000107 microseconds
timeout
[  2016-10-27 5:23:6]Process 10975 termed with signal 14(SIGALRM)
PT_F35-plus_5-100 Test Num : 82
Inject into ../bin/hello
----- Type : plus_5 Pos : PT_F35 -----
There are 1 faults will be injected in faulttable...
100993 microseconds
Fault on PT_F35(0X246 -> 0X24b)
3000077 microseconds
timeout
[  2016-10-27 5:23:9]Process 10978 termed with signal 14(SIGALRM)
PT_F35-plus_5-100 Test Num : 83
Inject into ../bin/hello
----- Type : plus_5 Pos : PT_F35 -----
There are 1 faults will be injected in faulttable...
101158 microseconds
Fault on PT_F35(0X246 -> 0X24b)
3000070 microseconds
timeout
[ 2016-10-27 5:23:12]Process 10981 termed with signal 14(SIGALRM)
PT_F35-plus_5-100 Test Num : 84
Inject into ../bin/hello
----- Type : plus_5 Pos : PT_F35 -----
There are 1 faults will be injected in faulttable...
101011 microseconds
Fault on PT_F35(0X246 -> 0X24b)
3000084 microseconds
timeout
[ 2016-10-27 5:23:15]Process 10984 termed with signal 14(SIGALRM)
PT_F35-plus_5-100 Test Num : 85
Inject into ../bin/hello
----- Type : plus_5 Pos : PT_F35 -----
There are 1 faults will be injected in faulttable...
100967 microseconds
Fault on PT_F35(0X246 -> 0X24b)
3000075 microseconds
timeout
[ 2016-10-27 5:23:18]Process 10987 termed with signal 14(SIGALRM)
PT_F35-plus_5-100 Test Num : 86
Inject into ../bin/hello
----- Type : plus_5 Pos : PT_F35 -----
There are 1 faults will be injected in faulttable...
100889 microseconds
Fault on PT_F35(0X246 -> 0X24b)
3000082 microseconds
timeout
[ 2016-10-27 5:23:21]Process 10990 termed with signal 14(SIGALRM)
PT_F35-plus_5-100 Test Num : 87
Inject into ../bin/hello
----- Type : plus_5 Pos : PT_F35 -----
There are 1 faults will be injected in faulttable...
100090 microseconds
Fault on PT_F35(0X246 -> 0X24b)
3000105 microseconds
timeout
[ 2016-10-27 5:23:24]Process 10993 termed with signal 14(SIGALRM)
PT_F35-plus_5-100 Test Num : 88
Inject into ../bin/hello
----- Type : plus_5 Pos : PT_F35 -----
There are 1 faults will be injected in faulttable...
100156 microseconds
Fault on PT_F35(0X246 -> 0X24b)
3000097 microseconds
timeout
[ 2016-10-27 5:23:27]Process 10997 termed with signal 14(SIGALRM)
PT_F35-plus_5-100 Test Num : 89
Inject into ../bin/hello
----- Type : plus_5 Pos : PT_F35 -----
There are 1 faults will be injected in faulttable...
101150 microseconds
Fault on PT_F35(0X246 -> 0X24b)
3000072 microseconds
timeout
[ 2016-10-27 5:23:30]Process 11000 termed with signal 14(SIGALRM)
PT_F35-plus_5-100 Test Num : 90
Inject into ../bin/hello
----- Type : plus_5 Pos : PT_F35 -----
There are 1 faults will be injected in faulttable...
101097 microseconds
Fault on PT_F35(0X246 -> 0X24b)
3000079 microseconds
timeout
[ 2016-10-27 5:23:34]Process 11003 termed with signal 14(SIGALRM)
PT_F35-plus_5-100 Test Num : 91
Inject into ../bin/hello
----- Type : plus_5 Pos : PT_F35 -----
There are 1 faults will be injected in faulttable...
101019 microseconds
Fault on PT_F35(0X246 -> 0X24b)
3000068 microseconds
timeout
[ 2016-10-27 5:23:37]Process 11006 termed with signal 14(SIGALRM)
PT_F35-plus_5-100 Test Num : 92
Inject into ../bin/hello
----- Type : plus_5 Pos : PT_F35 -----
There are 1 faults will be injected in faulttable...
100994 microseconds
Fault on PT_F35(0X246 -> 0X24b)
3000059 microseconds
timeout
[ 2016-10-27 5:23:40]Process 11009 termed with signal 14(SIGALRM)
PT_F35-plus_5-100 Test Num : 93
Inject into ../bin/hello
----- Type : plus_5 Pos : PT_F35 -----
There are 1 faults will be injected in faulttable...
101033 microseconds
Fault on PT_F35(0X246 -> 0X24b)
3000080 microseconds
timeout
[ 2016-10-27 5:23:43]Process 11012 termed with signal 14(SIGALRM)
PT_F35-plus_5-100 Test Num : 94
Inject into ../bin/hello
----- Type : plus_5 Pos : PT_F35 -----
There are 1 faults will be injected in faulttable...
100117 microseconds
Fault on PT_F35(0X246 -> 0X24b)
3000125 microseconds
timeout
[ 2016-10-27 5:23:46]Process 11015 termed with signal 14(SIGALRM)
PT_F35-plus_5-100 Test Num : 95
Inject into ../bin/hello
----- Type : plus_5 Pos : PT_F35 -----
There are 1 faults will be injected in faulttable...
101106 microseconds
Fault on PT_F35(0X246 -> 0X24b)
3000069 microseconds
timeout
[ 2016-10-27 5:23:49]Process 11018 termed with signal 14(SIGALRM)
PT_F35-plus_5-100 Test Num : 96
Inject into ../bin/hello
----- Type : plus_5 Pos : PT_F35 -----
There are 1 faults will be injected in faulttable...
101035 microseconds
Fault on PT_F35(0X246 -> 0X24b)
3000148 microseconds
timeout
[ 2016-10-27 5:23:52]Process 11021 termed with signal 14(SIGALRM)
PT_F35-plus_5-100 Test Num : 97
Inject into ../bin/hello
----- Type : plus_5 Pos : PT_F35 -----
There are 1 faults will be injected in faulttable...
102123 microseconds
Fault on PT_F35(0X246 -> 0X24b)
3000076 microseconds
timeout
[ 2016-10-27 5:23:55]Process 11024 termed with signal 14(SIGALRM)
PT_F35-plus_5-100 Test Num : 98
Inject into ../bin/hello
----- Type : plus_5 Pos : PT_F35 -----
There are 1 faults will be injected in faulttable...
101123 microseconds
Fault on PT_F35(0X246 -> 0X24b)
3000077 microseconds
timeout
[ 2016-10-27 5:23:58]Process 11027 termed with signal 14(SIGALRM)
PT_F35-plus_5-100 Test Num : 99
Inject into ../bin/hello
----- Type : plus_5 Pos : PT_F35 -----
There are 1 faults will be injected in faulttable...
100074 microseconds
Fault on PT_F35(0X246 -> 0X24b)
3000205 microseconds
timeout
[  2016-10-27 5:24:2]Process 11030 termed with signal 14(SIGALRM)
PT_F35-plus_5-100 Test Num : 100
Inject into ../bin/hello
----- Type : plus_5 Pos : PT_F35 -----
There are 1 faults will be injected in faulttable...
100990 microseconds
Fault on PT_F35(0X246 -> 0X24b)
3000103 microseconds
timeout
[  2016-10-27 5:24:5]Process 11033 termed with signal 14(SIGALRM)
