PT_F35-1_bit_1-100 Test Num : 1
Inject into ../bin/hello
----- Type : 1_bit_1 Pos : PT_F35 -----
There are 1 faults will be injected in faulttable...
100081 microseconds
Fault on PT_F35(0X246 -> 0X2000000000246)
3000075 microseconds
timeout
[ 2016-10-27 4:32:15]Process 8943 termed with signal 14(SIGALRM)
PT_F35-1_bit_1-100 Test Num : 2
Inject into ../bin/hello
----- Type : 1_bit_1 Pos : PT_F35 -----
There are 1 faults will be injected in faulttable...
100071 microseconds
Fault on PT_F35(0X246 -> 0X246)
3000058 microseconds
timeout
[ 2016-10-27 4:32:18]Process 8945 termed with signal 14(SIGALRM)
PT_F35-1_bit_1-100 Test Num : 3
Inject into ../bin/hello
----- Type : 1_bit_1 Pos : PT_F35 -----
There are 1 faults will be injected in faulttable...
101000 microseconds
Fault on PT_F35(0X246 -> 0X246)
3000072 microseconds
timeout
[ 2016-10-27 4:32:21]Process 8947 termed with signal 14(SIGALRM)
PT_F35-1_bit_1-100 Test Num : 4
Inject into ../bin/hello
----- Type : 1_bit_1 Pos : PT_F35 -----
There are 1 faults will be injected in faulttable...
101077 microseconds
Fault on PT_F35(0X246 -> 0X800000000000246)
3000060 microseconds
timeout
[ 2016-10-27 4:32:24]Process 8949 termed with signal 14(SIGALRM)
PT_F35-1_bit_1-100 Test Num : 5
Inject into ../bin/hello
----- Type : 1_bit_1 Pos : PT_F35 -----
There are 1 faults will be injected in faulttable...
101166 microseconds
Fault on PT_F35(0X246 -> 0X8000246)
3000082 microseconds
timeout
[ 2016-10-27 4:32:27]Process 8951 termed with signal 14(SIGALRM)
PT_F35-1_bit_1-100 Test Num : 6
Inject into ../bin/hello
----- Type : 1_bit_1 Pos : PT_F35 -----
There are 1 faults will be injected in faulttable...
101160 microseconds
Fault on PT_F35(0X246 -> 0X346)
3000064 microseconds
timeout
[ 2016-10-27 4:32:30]Process 8953 termed with signal 14(SIGALRM)
PT_F35-1_bit_1-100 Test Num : 7
Inject into ../bin/hello
----- Type : 1_bit_1 Pos : PT_F35 -----
There are 1 faults will be injected in faulttable...
101069 microseconds
Fault on PT_F35(0X246 -> 0Xa46)
3000122 microseconds
timeout
[ 2016-10-27 4:32:34]Process 8955 termed with signal 14(SIGALRM)
PT_F35-1_bit_1-100 Test Num : 8
Inject into ../bin/hello
----- Type : 1_bit_1 Pos : PT_F35 -----
There are 1 faults will be injected in faulttable...
101033 microseconds
Fault on PT_F35(0X246 -> 0X40000000000246)
3000114 microseconds
timeout
[ 2016-10-27 4:32:37]Process 8957 termed with signal 14(SIGALRM)
PT_F35-1_bit_1-100 Test Num : 9
Inject into ../bin/hello
----- Type : 1_bit_1 Pos : PT_F35 -----
There are 1 faults will be injected in faulttable...
101060 microseconds
Fault on PT_F35(0X246 -> 0X10246)
3000140 microseconds
timeout
[ 2016-10-27 4:32:40]Process 8959 termed with signal 14(SIGALRM)
PT_F35-1_bit_1-100 Test Num : 10
Inject into ../bin/hello
----- Type : 1_bit_1 Pos : PT_F35 -----
There are 1 faults will be injected in faulttable...
100939 microseconds
Fault on PT_F35(0X246 -> 0X4246)
3000092 microseconds
timeout
[ 2016-10-27 4:32:43]Process 8961 termed with signal 14(SIGALRM)
PT_F35-1_bit_1-100 Test Num : 11
Inject into ../bin/hello
----- Type : 1_bit_1 Pos : PT_F35 -----
There are 1 faults will be injected in faulttable...
100265 microseconds
Fault on PT_F35(0X246 -> 0X80000000000246)
3000077 microseconds
timeout
[ 2016-10-27 4:32:46]Process 8963 termed with signal 14(SIGALRM)
PT_F35-1_bit_1-100 Test Num : 12
Inject into ../bin/hello
----- Type : 1_bit_1 Pos : PT_F35 -----
There are 1 faults will be injected in faulttable...
101004 microseconds
Fault on PT_F35(0X246 -> 0X80246)
3000086 microseconds
timeout
[ 2016-10-27 4:32:49]Process 8965 termed with signal 14(SIGALRM)
PT_F35-1_bit_1-100 Test Num : 13
Inject into ../bin/hello
----- Type : 1_bit_1 Pos : PT_F35 -----
There are 1 faults will be injected in faulttable...
100930 microseconds
Fault on PT_F35(0X246 -> 0X400000000000246)
3000066 microseconds
timeout
[ 2016-10-27 4:32:52]Process 8967 termed with signal 14(SIGALRM)
PT_F35-1_bit_1-100 Test Num : 14
Inject into ../bin/hello
----- Type : 1_bit_1 Pos : PT_F35 -----
There are 1 faults will be injected in faulttable...
101383 microseconds
Fault on PT_F35(0X246 -> 0X1246)
3000078 microseconds
timeout
[ 2016-10-27 4:32:55]Process 8969 termed with signal 14(SIGALRM)
PT_F35-1_bit_1-100 Test Num : 15
Inject into ../bin/hello
----- Type : 1_bit_1 Pos : PT_F35 -----
There are 1 faults will be injected in faulttable...
100949 microseconds
Fault on PT_F35(0X246 -> 0X100000000000246)
3000071 microseconds
timeout
[ 2016-10-27 4:32:58]Process 8971 termed with signal 14(SIGALRM)
PT_F35-1_bit_1-100 Test Num : 16
Inject into ../bin/hello
----- Type : 1_bit_1 Pos : PT_F35 -----
There are 1 faults will be injected in faulttable...
100930 microseconds
Fault on PT_F35(0X246 -> 0X200000246)
3000063 microseconds
timeout
[  2016-10-27 4:33:2]Process 8973 termed with signal 14(SIGALRM)
PT_F35-1_bit_1-100 Test Num : 17
Inject into ../bin/hello
----- Type : 1_bit_1 Pos : PT_F35 -----
There are 1 faults will be injected in faulttable...
101042 microseconds
Fault on PT_F35(0X246 -> 0X10000246)
3000098 microseconds
timeout
[  2016-10-27 4:33:5]Process 8975 termed with signal 14(SIGALRM)
PT_F35-1_bit_1-100 Test Num : 18
Inject into ../bin/hello
----- Type : 1_bit_1 Pos : PT_F35 -----
There are 1 faults will be injected in faulttable...
101207 microseconds
Fault on PT_F35(0X246 -> 0X40000000246)
3000069 microseconds
timeout
[  2016-10-27 4:33:8]Process 8977 termed with signal 14(SIGALRM)
PT_F35-1_bit_1-100 Test Num : 19
Inject into ../bin/hello
----- Type : 1_bit_1 Pos : PT_F35 -----
There are 1 faults will be injected in faulttable...
100923 microseconds
Fault on PT_F35(0X246 -> 0X80000000000246)
3000078 microseconds
timeout
[ 2016-10-27 4:33:11]Process 8979 termed with signal 14(SIGALRM)
PT_F35-1_bit_1-100 Test Num : 20
Inject into ../bin/hello
----- Type : 1_bit_1 Pos : PT_F35 -----
There are 1 faults will be injected in faulttable...
100161 microseconds
Fault on PT_F35(0X246 -> 0X2000000000000246)
3000065 microseconds
timeout
[ 2016-10-27 4:33:14]Process 8981 termed with signal 14(SIGALRM)
PT_F35-1_bit_1-100 Test Num : 21
Inject into ../bin/hello
----- Type : 1_bit_1 Pos : PT_F35 -----
There are 1 faults will be injected in faulttable...
101021 microseconds
Fault on PT_F35(0X246 -> 0X40000246)
3000058 microseconds
timeout
[ 2016-10-27 4:33:17]Process 8983 termed with signal 14(SIGALRM)
PT_F35-1_bit_1-100 Test Num : 22
Inject into ../bin/hello
----- Type : 1_bit_1 Pos : PT_F35 -----
There are 1 faults will be injected in faulttable...
101410 microseconds
Fault on PT_F35(0X246 -> 0Xa46)
3000069 microseconds
timeout
[ 2016-10-27 4:33:20]Process 8985 termed with signal 14(SIGALRM)
PT_F35-1_bit_1-100 Test Num : 23
Inject into ../bin/hello
----- Type : 1_bit_1 Pos : PT_F35 -----
There are 1 faults will be injected in faulttable...
101134 microseconds
Fault on PT_F35(0X246 -> 0X40000246)
3000093 microseconds
timeout
[ 2016-10-27 4:33:23]Process 8987 termed with signal 14(SIGALRM)
PT_F35-1_bit_1-100 Test Num : 24
Inject into ../bin/hello
----- Type : 1_bit_1 Pos : PT_F35 -----
There are 1 faults will be injected in faulttable...
100127 microseconds
Fault on PT_F35(0X246 -> 0X8000246)
3000117 microseconds
timeout
[ 2016-10-27 4:33:26]Process 8990 termed with signal 14(SIGALRM)
PT_F35-1_bit_1-100 Test Num : 25
Inject into ../bin/hello
----- Type : 1_bit_1 Pos : PT_F35 -----
There are 1 faults will be injected in faulttable...
100166 microseconds
Fault on PT_F35(0X246 -> 0X400246)
3000079 microseconds
timeout
[ 2016-10-27 4:33:30]Process 8996 termed with signal 14(SIGALRM)
PT_F35-1_bit_1-100 Test Num : 26
Inject into ../bin/hello
----- Type : 1_bit_1 Pos : PT_F35 -----
There are 1 faults will be injected in faulttable...
100256 microseconds
Fault on PT_F35(0X246 -> 0X8246)
3000103 microseconds
timeout
[ 2016-10-27 4:33:33]Process 8998 termed with signal 14(SIGALRM)
PT_F35-1_bit_1-100 Test Num : 27
Inject into ../bin/hello
----- Type : 1_bit_1 Pos : PT_F35 -----
There are 1 faults will be injected in faulttable...
101076 microseconds
Fault on PT_F35(0X246 -> 0X400000000246)
3000076 microseconds
timeout
[ 2016-10-27 4:33:36]Process 9000 termed with signal 14(SIGALRM)
PT_F35-1_bit_1-100 Test Num : 28
Inject into ../bin/hello
----- Type : 1_bit_1 Pos : PT_F35 -----
There are 1 faults will be injected in faulttable...
101131 microseconds
Fault on PT_F35(0X246 -> 0X266)
3000101 microseconds
timeout
[ 2016-10-27 4:33:39]Process 9002 termed with signal 14(SIGALRM)
PT_F35-1_bit_1-100 Test Num : 29
Inject into ../bin/hello
----- Type : 1_bit_1 Pos : PT_F35 -----
There are 1 faults will be injected in faulttable...
100104 microseconds
Fault on PT_F35(0X246 -> 0X8000000246)
3000116 microseconds
timeout
[ 2016-10-27 4:33:42]Process 9004 termed with signal 14(SIGALRM)
PT_F35-1_bit_1-100 Test Num : 30
Inject into ../bin/hello
----- Type : 1_bit_1 Pos : PT_F35 -----
There are 1 faults will be injected in faulttable...
101042 microseconds
Fault on PT_F35(0X246 -> 0X80000000000246)
3000057 microseconds
timeout
[ 2016-10-27 4:33:45]Process 9006 termed with signal 14(SIGALRM)
PT_F35-1_bit_1-100 Test Num : 31
Inject into ../bin/hello
----- Type : 1_bit_1 Pos : PT_F35 -----
There are 1 faults will be injected in faulttable...
100922 microseconds
Fault on PT_F35(0X246 -> 0X80000000000246)
3000082 microseconds
timeout
[ 2016-10-27 4:33:48]Process 9008 termed with signal 14(SIGALRM)
PT_F35-1_bit_1-100 Test Num : 32
Inject into ../bin/hello
----- Type : 1_bit_1 Pos : PT_F35 -----
There are 1 faults will be injected in faulttable...
101133 microseconds
Fault on PT_F35(0X246 -> 0X246)
3000084 microseconds
timeout
[ 2016-10-27 4:33:51]Process 9010 termed with signal 14(SIGALRM)
PT_F35-1_bit_1-100 Test Num : 33
Inject into ../bin/hello
----- Type : 1_bit_1 Pos : PT_F35 -----
There are 1 faults will be injected in faulttable...
100990 microseconds
Fault on PT_F35(0X246 -> 0X80246)
3000087 microseconds
timeout
[ 2016-10-27 4:33:54]Process 9012 termed with signal 14(SIGALRM)
PT_F35-1_bit_1-100 Test Num : 34
Inject into ../bin/hello
----- Type : 1_bit_1 Pos : PT_F35 -----
There are 1 faults will be injected in faulttable...
101007 microseconds
Fault on PT_F35(0X246 -> 0X1000000000000246)
3000066 microseconds
timeout
[ 2016-10-27 4:33:58]Process 9014 termed with signal 14(SIGALRM)
PT_F35-1_bit_1-100 Test Num : 35
Inject into ../bin/hello
----- Type : 1_bit_1 Pos : PT_F35 -----
There are 1 faults will be injected in faulttable...
101290 microseconds
Fault on PT_F35(0X246 -> 0X80000000000246)
3000214 microseconds
timeout
[  2016-10-27 4:34:1]Process 9016 termed with signal 14(SIGALRM)
PT_F35-1_bit_1-100 Test Num : 36
Inject into ../bin/hello
----- Type : 1_bit_1 Pos : PT_F35 -----
There are 1 faults will be injected in faulttable...
101044 microseconds
Fault on PT_F35(0X246 -> 0X4000246)
3000059 microseconds
timeout
[  2016-10-27 4:34:4]Process 9018 termed with signal 14(SIGALRM)
PT_F35-1_bit_1-100 Test Num : 37
Inject into ../bin/hello
----- Type : 1_bit_1 Pos : PT_F35 -----
There are 1 faults will be injected in faulttable...
101115 microseconds
Fault on PT_F35(0X246 -> 0X8000000246)
3000096 microseconds
timeout
[  2016-10-27 4:34:7]Process 9020 termed with signal 14(SIGALRM)
PT_F35-1_bit_1-100 Test Num : 38
Inject into ../bin/hello
----- Type : 1_bit_1 Pos : PT_F35 -----
There are 1 faults will be injected in faulttable...
101145 microseconds
Fault on PT_F35(0X246 -> 0X24e)
3000091 microseconds
timeout
[ 2016-10-27 4:34:10]Process 9022 termed with signal 14(SIGALRM)
PT_F35-1_bit_1-100 Test Num : 39
Inject into ../bin/hello
----- Type : 1_bit_1 Pos : PT_F35 -----
There are 1 faults will be injected in faulttable...
101105 microseconds
Fault on PT_F35(0X246 -> 0X246)
3000097 microseconds
timeout
[ 2016-10-27 4:34:13]Process 9024 termed with signal 14(SIGALRM)
PT_F35-1_bit_1-100 Test Num : 40
Inject into ../bin/hello
----- Type : 1_bit_1 Pos : PT_F35 -----
There are 1 faults will be injected in faulttable...
101482 microseconds
Fault on PT_F35(0X246 -> 0X246)
3000097 microseconds
timeout
[ 2016-10-27 4:34:16]Process 9026 termed with signal 14(SIGALRM)
PT_F35-1_bit_1-100 Test Num : 41
Inject into ../bin/hello
----- Type : 1_bit_1 Pos : PT_F35 -----
There are 1 faults will be injected in faulttable...
101306 microseconds
Fault on PT_F35(0X246 -> 0X20000000000246)
3000089 microseconds
timeout
[ 2016-10-27 4:34:19]Process 9028 termed with signal 14(SIGALRM)
PT_F35-1_bit_1-100 Test Num : 42
Inject into ../bin/hello
----- Type : 1_bit_1 Pos : PT_F35 -----
There are 1 faults will be injected in faulttable...
101093 microseconds
Fault on PT_F35(0X246 -> 0X1000000246)
3000067 microseconds
timeout
[ 2016-10-27 4:34:23]Process 9030 termed with signal 14(SIGALRM)
PT_F35-1_bit_1-100 Test Num : 43
Inject into ../bin/hello
----- Type : 1_bit_1 Pos : PT_F35 -----
There are 1 faults will be injected in faulttable...
101528 microseconds
Fault on PT_F35(0X246 -> 0X80000000000246)
3000083 microseconds
timeout
[ 2016-10-27 4:34:26]Process 9032 termed with signal 14(SIGALRM)
PT_F35-1_bit_1-100 Test Num : 44
Inject into ../bin/hello
----- Type : 1_bit_1 Pos : PT_F35 -----
There are 1 faults will be injected in faulttable...
101112 microseconds
Fault on PT_F35(0X246 -> 0X2000246)
3000118 microseconds
timeout
[ 2016-10-27 4:34:29]Process 9034 termed with signal 14(SIGALRM)
PT_F35-1_bit_1-100 Test Num : 45
Inject into ../bin/hello
----- Type : 1_bit_1 Pos : PT_F35 -----
There are 1 faults will be injected in faulttable...
101002 microseconds
Fault on PT_F35(0X246 -> 0X100246)
3000119 microseconds
timeout
[ 2016-10-27 4:34:32]Process 9036 termed with signal 14(SIGALRM)
PT_F35-1_bit_1-100 Test Num : 46
Inject into ../bin/hello
----- Type : 1_bit_1 Pos : PT_F35 -----
There are 1 faults will be injected in faulttable...
101512 microseconds
Fault on PT_F35(0X246 -> 0X100000246)
3000099 microseconds
timeout
[ 2016-10-27 4:34:35]Process 9038 termed with signal 14(SIGALRM)
PT_F35-1_bit_1-100 Test Num : 47
Inject into ../bin/hello
----- Type : 1_bit_1 Pos : PT_F35 -----
There are 1 faults will be injected in faulttable...
101257 microseconds
Fault on PT_F35(0X246 -> 0X800000000000246)
3000086 microseconds
timeout
[ 2016-10-27 4:34:38]Process 9040 termed with signal 14(SIGALRM)
PT_F35-1_bit_1-100 Test Num : 48
Inject into ../bin/hello
----- Type : 1_bit_1 Pos : PT_F35 -----
There are 1 faults will be injected in faulttable...
100982 microseconds
Fault on PT_F35(0X246 -> 0X346)
3000107 microseconds
timeout
[ 2016-10-27 4:34:41]Process 9042 termed with signal 14(SIGALRM)
PT_F35-1_bit_1-100 Test Num : 49
Inject into ../bin/hello
----- Type : 1_bit_1 Pos : PT_F35 -----
There are 1 faults will be injected in faulttable...
101033 microseconds
Fault on PT_F35(0X246 -> 0X20000246)
3000068 microseconds
timeout
[ 2016-10-27 4:34:44]Process 9044 termed with signal 14(SIGALRM)
PT_F35-1_bit_1-100 Test Num : 50
Inject into ../bin/hello
----- Type : 1_bit_1 Pos : PT_F35 -----
There are 1 faults will be injected in faulttable...
101082 microseconds
Fault on PT_F35(0X246 -> 0X246)
3000063 microseconds
timeout
[ 2016-10-27 4:34:47]Process 9046 termed with signal 14(SIGALRM)
PT_F35-1_bit_1-100 Test Num : 51
Inject into ../bin/hello
----- Type : 1_bit_1 Pos : PT_F35 -----
There are 1 faults will be injected in faulttable...
101116 microseconds
Fault on PT_F35(0X246 -> 0X80000000000246)
3000090 microseconds
timeout
[ 2016-10-27 4:34:51]Process 9048 termed with signal 14(SIGALRM)
PT_F35-1_bit_1-100 Test Num : 52
Inject into ../bin/hello
----- Type : 1_bit_1 Pos : PT_F35 -----
There are 1 faults will be injected in faulttable...
101074 microseconds
Fault on PT_F35(0X246 -> 0X40000000000246)
3000073 microseconds
timeout
[ 2016-10-27 4:34:54]Process 9050 termed with signal 14(SIGALRM)
PT_F35-1_bit_1-100 Test Num : 53
Inject into ../bin/hello
----- Type : 1_bit_1 Pos : PT_F35 -----
There are 1 faults will be injected in faulttable...
101317 microseconds
Fault on PT_F35(0X246 -> 0X247)
3000083 microseconds
timeout
[ 2016-10-27 4:34:57]Process 9053 termed with signal 14(SIGALRM)
PT_F35-1_bit_1-100 Test Num : 54
Inject into ../bin/hello
----- Type : 1_bit_1 Pos : PT_F35 -----
There are 1 faults will be injected in faulttable...
101254 microseconds
Fault on PT_F35(0X246 -> 0X2246)
3000090 microseconds
timeout
[  2016-10-27 4:35:0]Process 9055 termed with signal 14(SIGALRM)
PT_F35-1_bit_1-100 Test Num : 55
Inject into ../bin/hello
----- Type : 1_bit_1 Pos : PT_F35 -----
There are 1 faults will be injected in faulttable...
101031 microseconds
Fault on PT_F35(0X246 -> 0X80000246)
3000104 microseconds
timeout
[  2016-10-27 4:35:3]Process 9057 termed with signal 14(SIGALRM)
PT_F35-1_bit_1-100 Test Num : 56
Inject into ../bin/hello
----- Type : 1_bit_1 Pos : PT_F35 -----
There are 1 faults will be injected in faulttable...
101062 microseconds
Fault on PT_F35(0X246 -> 0X8000000000000246)
3000119 microseconds
timeout
[  2016-10-27 4:35:6]Process 9059 termed with signal 14(SIGALRM)
PT_F35-1_bit_1-100 Test Num : 57
Inject into ../bin/hello
----- Type : 1_bit_1 Pos : PT_F35 -----
There are 1 faults will be injected in faulttable...
100095 microseconds
Fault on PT_F35(0X246 -> 0X1000246)
3000086 microseconds
timeout
[  2016-10-27 4:35:9]Process 9061 termed with signal 14(SIGALRM)
PT_F35-1_bit_1-100 Test Num : 58
Inject into ../bin/hello
----- Type : 1_bit_1 Pos : PT_F35 -----
There are 1 faults will be injected in faulttable...
101062 microseconds
Fault on PT_F35(0X246 -> 0X100000246)
3000080 microseconds
timeout
[ 2016-10-27 4:35:12]Process 9063 termed with signal 14(SIGALRM)
PT_F35-1_bit_1-100 Test Num : 59
Inject into ../bin/hello
----- Type : 1_bit_1 Pos : PT_F35 -----
There are 1 faults will be injected in faulttable...
100897 microseconds
Fault on PT_F35(0X246 -> 0X100000246)
3000068 microseconds
timeout
[ 2016-10-27 4:35:15]Process 9065 termed with signal 14(SIGALRM)
PT_F35-1_bit_1-100 Test Num : 60
Inject into ../bin/hello
----- Type : 1_bit_1 Pos : PT_F35 -----
There are 1 faults will be injected in faulttable...
101122 microseconds
Fault on PT_F35(0X246 -> 0X4246)
3000084 microseconds
timeout
[ 2016-10-27 4:35:19]Process 9067 termed with signal 14(SIGALRM)
PT_F35-1_bit_1-100 Test Num : 61
Inject into ../bin/hello
----- Type : 1_bit_1 Pos : PT_F35 -----
There are 1 faults will be injected in faulttable...
101098 microseconds
Fault on PT_F35(0X246 -> 0X80000000246)
3000070 microseconds
timeout
[ 2016-10-27 4:35:22]Process 9069 termed with signal 14(SIGALRM)
PT_F35-1_bit_1-100 Test Num : 62
Inject into ../bin/hello
----- Type : 1_bit_1 Pos : PT_F35 -----
There are 1 faults will be injected in faulttable...
100161 microseconds
Fault on PT_F35(0X246 -> 0X200000246)
3000086 microseconds
timeout
[ 2016-10-27 4:35:25]Process 9071 termed with signal 14(SIGALRM)
PT_F35-1_bit_1-100 Test Num : 63
Inject into ../bin/hello
----- Type : 1_bit_1 Pos : PT_F35 -----
There are 1 faults will be injected in faulttable...
101169 microseconds
Fault on PT_F35(0X246 -> 0X80246)
3000174 microseconds
timeout
[ 2016-10-27 4:35:28]Process 9073 termed with signal 14(SIGALRM)
PT_F35-1_bit_1-100 Test Num : 64
Inject into ../bin/hello
----- Type : 1_bit_1 Pos : PT_F35 -----
There are 1 faults will be injected in faulttable...
101286 microseconds
Fault on PT_F35(0X246 -> 0X4000246)
3000093 microseconds
timeout
[ 2016-10-27 4:35:31]Process 9075 termed with signal 14(SIGALRM)
PT_F35-1_bit_1-100 Test Num : 65
Inject into ../bin/hello
----- Type : 1_bit_1 Pos : PT_F35 -----
There are 1 faults will be injected in faulttable...
101070 microseconds
Fault on PT_F35(0X246 -> 0X400000000000246)
3000070 microseconds
timeout
[ 2016-10-27 4:35:34]Process 9077 termed with signal 14(SIGALRM)
PT_F35-1_bit_1-100 Test Num : 66
Inject into ../bin/hello
----- Type : 1_bit_1 Pos : PT_F35 -----
There are 1 faults will be injected in faulttable...
100943 microseconds
Fault on PT_F35(0X246 -> 0X2c6)
3000090 microseconds
timeout
[ 2016-10-27 4:35:37]Process 9079 termed with signal 14(SIGALRM)
PT_F35-1_bit_1-100 Test Num : 67
Inject into ../bin/hello
----- Type : 1_bit_1 Pos : PT_F35 -----
There are 1 faults will be injected in faulttable...
101203 microseconds
Fault on PT_F35(0X246 -> 0X80000000000246)
3000064 microseconds
timeout
[ 2016-10-27 4:35:40]Process 9081 termed with signal 14(SIGALRM)
PT_F35-1_bit_1-100 Test Num : 68
Inject into ../bin/hello
----- Type : 1_bit_1 Pos : PT_F35 -----
There are 1 faults will be injected in faulttable...
101168 microseconds
Fault on PT_F35(0X246 -> 0X2000000000000246)
3000084 microseconds
timeout
[ 2016-10-27 4:35:43]Process 9083 termed with signal 14(SIGALRM)
PT_F35-1_bit_1-100 Test Num : 69
Inject into ../bin/hello
----- Type : 1_bit_1 Pos : PT_F35 -----
There are 1 faults will be injected in faulttable...
101038 microseconds
Fault on PT_F35(0X246 -> 0X1000000000246)
3000097 microseconds
timeout
[ 2016-10-27 4:35:47]Process 9085 termed with signal 14(SIGALRM)
PT_F35-1_bit_1-100 Test Num : 70
Inject into ../bin/hello
----- Type : 1_bit_1 Pos : PT_F35 -----
There are 1 faults will be injected in faulttable...
101088 microseconds
Fault on PT_F35(0X246 -> 0X8000246)
3000096 microseconds
timeout
[ 2016-10-27 4:35:50]Process 9087 termed with signal 14(SIGALRM)
PT_F35-1_bit_1-100 Test Num : 71
Inject into ../bin/hello
----- Type : 1_bit_1 Pos : PT_F35 -----
There are 1 faults will be injected in faulttable...
100075 microseconds
Fault on PT_F35(0X246 -> 0X246)
3000080 microseconds
timeout
[ 2016-10-27 4:35:53]Process 9089 termed with signal 14(SIGALRM)
PT_F35-1_bit_1-100 Test Num : 72
Inject into ../bin/hello
----- Type : 1_bit_1 Pos : PT_F35 -----
There are 1 faults will be injected in faulttable...
101181 microseconds
Fault on PT_F35(0X246 -> 0X247)
3000092 microseconds
timeout
[ 2016-10-27 4:35:56]Process 9091 termed with signal 14(SIGALRM)
PT_F35-1_bit_1-100 Test Num : 73
Inject into ../bin/hello
----- Type : 1_bit_1 Pos : PT_F35 -----
There are 1 faults will be injected in faulttable...
100992 microseconds
Fault on PT_F35(0X246 -> 0X2c6)
3000085 microseconds
timeout
[ 2016-10-27 4:35:59]Process 9093 termed with signal 14(SIGALRM)
PT_F35-1_bit_1-100 Test Num : 74
Inject into ../bin/hello
----- Type : 1_bit_1 Pos : PT_F35 -----
There are 1 faults will be injected in faulttable...
101175 microseconds
Fault on PT_F35(0X246 -> 0X400000246)
3000114 microseconds
timeout
[  2016-10-27 4:36:2]Process 9095 termed with signal 14(SIGALRM)
PT_F35-1_bit_1-100 Test Num : 75
Inject into ../bin/hello
----- Type : 1_bit_1 Pos : PT_F35 -----
There are 1 faults will be injected in faulttable...
101540 microseconds
Fault on PT_F35(0X246 -> 0X2000246)
3000084 microseconds
timeout
[  2016-10-27 4:36:5]Process 9097 termed with signal 14(SIGALRM)
PT_F35-1_bit_1-100 Test Num : 76
Inject into ../bin/hello
----- Type : 1_bit_1 Pos : PT_F35 -----
There are 1 faults will be injected in faulttable...
100932 microseconds
Fault on PT_F35(0X246 -> 0X246)
3000077 microseconds
timeout
[  2016-10-27 4:36:8]Process 9099 termed with signal 14(SIGALRM)
PT_F35-1_bit_1-100 Test Num : 77
Inject into ../bin/hello
----- Type : 1_bit_1 Pos : PT_F35 -----
There are 1 faults will be injected in faulttable...
101112 microseconds
Fault on PT_F35(0X246 -> 0X100000246)
3000085 microseconds
timeout
[ 2016-10-27 4:36:11]Process 9101 termed with signal 14(SIGALRM)
PT_F35-1_bit_1-100 Test Num : 78
Inject into ../bin/hello
----- Type : 1_bit_1 Pos : PT_F35 -----
There are 1 faults will be injected in faulttable...
101147 microseconds
Fault on PT_F35(0X246 -> 0X256)
3000087 microseconds
timeout
[ 2016-10-27 4:36:15]Process 9103 termed with signal 14(SIGALRM)
PT_F35-1_bit_1-100 Test Num : 79
Inject into ../bin/hello
----- Type : 1_bit_1 Pos : PT_F35 -----
There are 1 faults will be injected in faulttable...
101401 microseconds
Fault on PT_F35(0X246 -> 0X20000000246)
3000358 microseconds
timeout
[ 2016-10-27 4:36:18]Process 9105 termed with signal 14(SIGALRM)
PT_F35-1_bit_1-100 Test Num : 80
Inject into ../bin/hello
----- Type : 1_bit_1 Pos : PT_F35 -----
There are 1 faults will be injected in faulttable...
101012 microseconds
Fault on PT_F35(0X246 -> 0X247)
3000085 microseconds
timeout
[ 2016-10-27 4:36:21]Process 9107 termed with signal 14(SIGALRM)
PT_F35-1_bit_1-100 Test Num : 81
Inject into ../bin/hello
----- Type : 1_bit_1 Pos : PT_F35 -----
There are 1 faults will be injected in faulttable...
101109 microseconds
Fault on PT_F35(0X246 -> 0X246)
3000288 microseconds
timeout
[ 2016-10-27 4:36:24]Process 9109 termed with signal 14(SIGALRM)
PT_F35-1_bit_1-100 Test Num : 82
Inject into ../bin/hello
----- Type : 1_bit_1 Pos : PT_F35 -----
There are 1 faults will be injected in faulttable...
101198 microseconds
Fault on PT_F35(0X246 -> 0X8246)
3000161 microseconds
timeout
[ 2016-10-27 4:36:27]Process 9111 termed with signal 14(SIGALRM)
PT_F35-1_bit_1-100 Test Num : 83
Inject into ../bin/hello
----- Type : 1_bit_1 Pos : PT_F35 -----
There are 1 faults will be injected in faulttable...
100989 microseconds
Fault on PT_F35(0X246 -> 0X80000246)
3000109 microseconds
timeout
[ 2016-10-27 4:36:30]Process 9113 termed with signal 14(SIGALRM)
PT_F35-1_bit_1-100 Test Num : 84
Inject into ../bin/hello
----- Type : 1_bit_1 Pos : PT_F35 -----
There are 1 faults will be injected in faulttable...
100980 microseconds
Fault on PT_F35(0X246 -> 0X800000000000246)
3000053 microseconds
timeout
[ 2016-10-27 4:36:33]Process 9115 termed with signal 14(SIGALRM)
PT_F35-1_bit_1-100 Test Num : 85
Inject into ../bin/hello
----- Type : 1_bit_1 Pos : PT_F35 -----
There are 1 faults will be injected in faulttable...
100957 microseconds
Fault on PT_F35(0X246 -> 0X80246)
3000096 microseconds
timeout
[ 2016-10-27 4:36:36]Process 9117 termed with signal 14(SIGALRM)
PT_F35-1_bit_1-100 Test Num : 86
Inject into ../bin/hello
----- Type : 1_bit_1 Pos : PT_F35 -----
There are 1 faults will be injected in faulttable...
100908 microseconds
Fault on PT_F35(0X246 -> 0X200000000000246)
3000064 microseconds
timeout
[ 2016-10-27 4:36:39]Process 9119 termed with signal 14(SIGALRM)
PT_F35-1_bit_1-100 Test Num : 87
Inject into ../bin/hello
----- Type : 1_bit_1 Pos : PT_F35 -----
There are 1 faults will be injected in faulttable...
101012 microseconds
Fault on PT_F35(0X246 -> 0X1000246)
3000072 microseconds
timeout
[ 2016-10-27 4:36:43]Process 9121 termed with signal 14(SIGALRM)
PT_F35-1_bit_1-100 Test Num : 88
Inject into ../bin/hello
----- Type : 1_bit_1 Pos : PT_F35 -----
There are 1 faults will be injected in faulttable...
101115 microseconds
Fault on PT_F35(0X246 -> 0X4000000246)
3000243 microseconds
timeout
[ 2016-10-27 4:36:46]Process 9123 termed with signal 14(SIGALRM)
PT_F35-1_bit_1-100 Test Num : 89
Inject into ../bin/hello
----- Type : 1_bit_1 Pos : PT_F35 -----
There are 1 faults will be injected in faulttable...
101760 microseconds
Fault on PT_F35(0X246 -> 0X246)
3000126 microseconds
timeout
[ 2016-10-27 4:36:49]Process 9125 termed with signal 14(SIGALRM)
PT_F35-1_bit_1-100 Test Num : 90
Inject into ../bin/hello
----- Type : 1_bit_1 Pos : PT_F35 -----
There are 1 faults will be injected in faulttable...
100082 microseconds
Fault on PT_F35(0X246 -> 0X20246)
3000082 microseconds
timeout
[ 2016-10-27 4:36:52]Process 9127 termed with signal 14(SIGALRM)
PT_F35-1_bit_1-100 Test Num : 91
Inject into ../bin/hello
----- Type : 1_bit_1 Pos : PT_F35 -----
There are 1 faults will be injected in faulttable...
101020 microseconds
Fault on PT_F35(0X246 -> 0X80000000246)
3000102 microseconds
timeout
[ 2016-10-27 4:36:55]Process 9129 termed with signal 14(SIGALRM)
PT_F35-1_bit_1-100 Test Num : 92
Inject into ../bin/hello
----- Type : 1_bit_1 Pos : PT_F35 -----
There are 1 faults will be injected in faulttable...
101095 microseconds
Fault on PT_F35(0X246 -> 0X400000000246)
3000092 microseconds
timeout
[ 2016-10-27 4:36:58]Process 9131 termed with signal 14(SIGALRM)
PT_F35-1_bit_1-100 Test Num : 93
Inject into ../bin/hello
----- Type : 1_bit_1 Pos : PT_F35 -----
There are 1 faults will be injected in faulttable...
101321 microseconds
Fault on PT_F35(0X246 -> 0X4000000000246)
3000084 microseconds
timeout
[  2016-10-27 4:37:1]Process 9133 termed with signal 14(SIGALRM)
PT_F35-1_bit_1-100 Test Num : 94
Inject into ../bin/hello
----- Type : 1_bit_1 Pos : PT_F35 -----
There are 1 faults will be injected in faulttable...
100944 microseconds
Fault on PT_F35(0X246 -> 0X10000000246)
3000080 microseconds
timeout
[  2016-10-27 4:37:4]Process 9135 termed with signal 14(SIGALRM)
PT_F35-1_bit_1-100 Test Num : 95
Inject into ../bin/hello
----- Type : 1_bit_1 Pos : PT_F35 -----
There are 1 faults will be injected in faulttable...
101040 microseconds
Fault on PT_F35(0X246 -> 0X40000000246)
3000079 microseconds
timeout
[  2016-10-27 4:37:7]Process 9137 termed with signal 14(SIGALRM)
PT_F35-1_bit_1-100 Test Num : 96
Inject into ../bin/hello
----- Type : 1_bit_1 Pos : PT_F35 -----
There are 1 faults will be injected in faulttable...
100949 microseconds
Fault on PT_F35(0X246 -> 0X80000000246)
3000225 microseconds
timeout
[ 2016-10-27 4:37:11]Process 9139 termed with signal 14(SIGALRM)
PT_F35-1_bit_1-100 Test Num : 97
Inject into ../bin/hello
----- Type : 1_bit_1 Pos : PT_F35 -----
There are 1 faults will be injected in faulttable...
100988 microseconds
Fault on PT_F35(0X246 -> 0X40000000000246)
3000065 microseconds
timeout
[ 2016-10-27 4:37:14]Process 9141 termed with signal 14(SIGALRM)
PT_F35-1_bit_1-100 Test Num : 98
Inject into ../bin/hello
----- Type : 1_bit_1 Pos : PT_F35 -----
There are 1 faults will be injected in faulttable...
101155 microseconds
Fault on PT_F35(0X246 -> 0X346)
3000130 microseconds
timeout
[ 2016-10-27 4:37:17]Process 9143 termed with signal 14(SIGALRM)
PT_F35-1_bit_1-100 Test Num : 99
Inject into ../bin/hello
----- Type : 1_bit_1 Pos : PT_F35 -----
There are 1 faults will be injected in faulttable...
101276 microseconds
Fault on PT_F35(0X246 -> 0X400246)
3000082 microseconds
timeout
[ 2016-10-27 4:37:20]Process 9145 termed with signal 14(SIGALRM)
PT_F35-1_bit_1-100 Test Num : 100
Inject into ../bin/hello
----- Type : 1_bit_1 Pos : PT_F35 -----
There are 1 faults will be injected in faulttable...
101021 microseconds
Fault on PT_F35(0X246 -> 0X20000000246)
3000057 microseconds
timeout
[ 2016-10-27 4:37:23]Process 9147 termed with signal 14(SIGALRM)
