PT_F35-8_low_error-100 Test Num : 1
Inject into ../bin/hello
----- Type : 8_low_error Pos : PT_F35 -----
There are 1 faults will be injected in faulttable...
100096 microseconds
Fault on PT_F35(0X246 -> 0X2b6)
3000078 microseconds
timeout
[  2016-10-27 4:53:0]Process 9756 termed with signal 14(SIGALRM)
PT_F35-8_low_error-100 Test Num : 2
Inject into ../bin/hello
----- Type : 8_low_error Pos : PT_F35 -----
There are 1 faults will be injected in faulttable...
100995 microseconds
Fault on PT_F35(0X246 -> 0X28d)
3000074 microseconds
timeout
[  2016-10-27 4:53:3]Process 9758 termed with signal 14(SIGALRM)
PT_F35-8_low_error-100 Test Num : 3
Inject into ../bin/hello
----- Type : 8_low_error Pos : PT_F35 -----
There are 1 faults will be injected in faulttable...
101124 microseconds
Fault on PT_F35(0X246 -> 0X218)
3000095 microseconds
timeout
[  2016-10-27 4:53:6]Process 9760 termed with signal 14(SIGALRM)
PT_F35-8_low_error-100 Test Num : 4
Inject into ../bin/hello
----- Type : 8_low_error Pos : PT_F35 -----
There are 1 faults will be injected in faulttable...
101502 microseconds
Fault on PT_F35(0X246 -> 0X2b8)
3000088 microseconds
timeout
[  2016-10-27 4:53:9]Process 9762 termed with signal 14(SIGALRM)
PT_F35-8_low_error-100 Test Num : 5
Inject into ../bin/hello
----- Type : 8_low_error Pos : PT_F35 -----
There are 1 faults will be injected in faulttable...
101073 microseconds
Fault on PT_F35(0X246 -> 0X25e)
3000116 microseconds
timeout
[ 2016-10-27 4:53:13]Process 9764 termed with signal 14(SIGALRM)
PT_F35-8_low_error-100 Test Num : 6
Inject into ../bin/hello
----- Type : 8_low_error Pos : PT_F35 -----
There are 1 faults will be injected in faulttable...
100966 microseconds
Fault on PT_F35(0X246 -> 0X2b8)
3000079 microseconds
timeout
[ 2016-10-27 4:53:16]Process 9766 termed with signal 14(SIGALRM)
PT_F35-8_low_error-100 Test Num : 7
Inject into ../bin/hello
----- Type : 8_low_error Pos : PT_F35 -----
There are 1 faults will be injected in faulttable...
101089 microseconds
Fault on PT_F35(0X246 -> 0X2dd)
3000088 microseconds
timeout
[ 2016-10-27 4:53:19]Process 9768 termed with signal 14(SIGALRM)
PT_F35-8_low_error-100 Test Num : 8
Inject into ../bin/hello
----- Type : 8_low_error Pos : PT_F35 -----
There are 1 faults will be injected in faulttable...
100993 microseconds
Fault on PT_F35(0X246 -> 0X27b)
3000052 microseconds
timeout
[ 2016-10-27 4:53:22]Process 9770 termed with signal 14(SIGALRM)
PT_F35-8_low_error-100 Test Num : 9
Inject into ../bin/hello
----- Type : 8_low_error Pos : PT_F35 -----
There are 1 faults will be injected in faulttable...
101091 microseconds
Fault on PT_F35(0X246 -> 0X2e3)
3000137 microseconds
timeout
[ 2016-10-27 4:53:25]Process 9772 termed with signal 14(SIGALRM)
PT_F35-8_low_error-100 Test Num : 10
Inject into ../bin/hello
----- Type : 8_low_error Pos : PT_F35 -----
There are 1 faults will be injected in faulttable...
101589 microseconds
Fault on PT_F35(0X246 -> 0X252)
3000091 microseconds
timeout
[ 2016-10-27 4:53:28]Process 9774 termed with signal 14(SIGALRM)
PT_F35-8_low_error-100 Test Num : 11
Inject into ../bin/hello
----- Type : 8_low_error Pos : PT_F35 -----
There are 1 faults will be injected in faulttable...
101008 microseconds
Fault on PT_F35(0X246 -> 0X24c)
3000100 microseconds
timeout
[ 2016-10-27 4:53:31]Process 9776 termed with signal 14(SIGALRM)
PT_F35-8_low_error-100 Test Num : 12
Inject into ../bin/hello
----- Type : 8_low_error Pos : PT_F35 -----
There are 1 faults will be injected in faulttable...
101010 microseconds
Fault on PT_F35(0X246 -> 0X2f9)
3000094 microseconds
timeout
[ 2016-10-27 4:53:34]Process 9778 termed with signal 14(SIGALRM)
PT_F35-8_low_error-100 Test Num : 13
Inject into ../bin/hello
----- Type : 8_low_error Pos : PT_F35 -----
There are 1 faults will be injected in faulttable...
101450 microseconds
Fault on PT_F35(0X246 -> 0X277)
3000075 microseconds
timeout
[ 2016-10-27 4:53:37]Process 9780 termed with signal 14(SIGALRM)
PT_F35-8_low_error-100 Test Num : 14
Inject into ../bin/hello
----- Type : 8_low_error Pos : PT_F35 -----
There are 1 faults will be injected in faulttable...
101003 microseconds
Fault on PT_F35(0X246 -> 0X2fd)
3000072 microseconds
timeout
[ 2016-10-27 4:53:41]Process 9782 termed with signal 14(SIGALRM)
PT_F35-8_low_error-100 Test Num : 15
Inject into ../bin/hello
----- Type : 8_low_error Pos : PT_F35 -----
There are 1 faults will be injected in faulttable...
101109 microseconds
Fault on PT_F35(0X246 -> 0X2af)
3000072 microseconds
timeout
[ 2016-10-27 4:53:44]Process 9784 termed with signal 14(SIGALRM)
PT_F35-8_low_error-100 Test Num : 16
Inject into ../bin/hello
----- Type : 8_low_error Pos : PT_F35 -----
There are 1 faults will be injected in faulttable...
100976 microseconds
Fault on PT_F35(0X246 -> 0X2f2)
3000067 microseconds
timeout
[ 2016-10-27 4:53:47]Process 9786 termed with signal 14(SIGALRM)
PT_F35-8_low_error-100 Test Num : 17
Inject into ../bin/hello
----- Type : 8_low_error Pos : PT_F35 -----
There are 1 faults will be injected in faulttable...
100938 microseconds
Fault on PT_F35(0X246 -> 0X281)
3000072 microseconds
timeout
[ 2016-10-27 4:53:50]Process 9788 termed with signal 14(SIGALRM)
PT_F35-8_low_error-100 Test Num : 18
Inject into ../bin/hello
----- Type : 8_low_error Pos : PT_F35 -----
There are 1 faults will be injected in faulttable...
100983 microseconds
Fault on PT_F35(0X246 -> 0X24e)
3000073 microseconds
timeout
[ 2016-10-27 4:53:53]Process 9790 termed with signal 14(SIGALRM)
PT_F35-8_low_error-100 Test Num : 19
Inject into ../bin/hello
----- Type : 8_low_error Pos : PT_F35 -----
There are 1 faults will be injected in faulttable...
101146 microseconds
Fault on PT_F35(0X246 -> 0X25d)
3000092 microseconds
timeout
[ 2016-10-27 4:53:56]Process 9792 termed with signal 14(SIGALRM)
PT_F35-8_low_error-100 Test Num : 20
Inject into ../bin/hello
----- Type : 8_low_error Pos : PT_F35 -----
There are 1 faults will be injected in faulttable...
101202 microseconds
Fault on PT_F35(0X246 -> 0X254)
3000063 microseconds
timeout
[ 2016-10-27 4:53:59]Process 9794 termed with signal 14(SIGALRM)
PT_F35-8_low_error-100 Test Num : 21
Inject into ../bin/hello
----- Type : 8_low_error Pos : PT_F35 -----
There are 1 faults will be injected in faulttable...
101035 microseconds
Fault on PT_F35(0X246 -> 0X27a)
3000103 microseconds
timeout
[  2016-10-27 4:54:2]Process 9796 termed with signal 14(SIGALRM)
PT_F35-8_low_error-100 Test Num : 22
Inject into ../bin/hello
----- Type : 8_low_error Pos : PT_F35 -----
There are 1 faults will be injected in faulttable...
101221 microseconds
Fault on PT_F35(0X246 -> 0X2dc)
3000080 microseconds
timeout
[  2016-10-27 4:54:5]Process 9798 termed with signal 14(SIGALRM)
PT_F35-8_low_error-100 Test Num : 23
Inject into ../bin/hello
----- Type : 8_low_error Pos : PT_F35 -----
There are 1 faults will be injected in faulttable...
101048 microseconds
Fault on PT_F35(0X246 -> 0X222)
3000105 microseconds
timeout
[  2016-10-27 4:54:9]Process 9800 termed with signal 14(SIGALRM)
PT_F35-8_low_error-100 Test Num : 24
Inject into ../bin/hello
----- Type : 8_low_error Pos : PT_F35 -----
There are 1 faults will be injected in faulttable...
101053 microseconds
Fault on PT_F35(0X246 -> 0X24b)
3000078 microseconds
timeout
[ 2016-10-27 4:54:12]Process 9802 termed with signal 14(SIGALRM)
PT_F35-8_low_error-100 Test Num : 25
Inject into ../bin/hello
----- Type : 8_low_error Pos : PT_F35 -----
There are 1 faults will be injected in faulttable...
100254 microseconds
Fault on PT_F35(0X246 -> 0X2c5)
3000076 microseconds
timeout
[ 2016-10-27 4:54:15]Process 9804 termed with signal 14(SIGALRM)
PT_F35-8_low_error-100 Test Num : 26
Inject into ../bin/hello
----- Type : 8_low_error Pos : PT_F35 -----
There are 1 faults will be injected in faulttable...
101114 microseconds
Fault on PT_F35(0X246 -> 0X2e8)
3000071 microseconds
timeout
[ 2016-10-27 4:54:18]Process 9806 termed with signal 14(SIGALRM)
PT_F35-8_low_error-100 Test Num : 27
Inject into ../bin/hello
----- Type : 8_low_error Pos : PT_F35 -----
There are 1 faults will be injected in faulttable...
101955 microseconds
Fault on PT_F35(0X246 -> 0X280)
3000112 microseconds
timeout
[ 2016-10-27 4:54:21]Process 9808 termed with signal 14(SIGALRM)
PT_F35-8_low_error-100 Test Num : 28
Inject into ../bin/hello
----- Type : 8_low_error Pos : PT_F35 -----
There are 1 faults will be injected in faulttable...
100979 microseconds
Fault on PT_F35(0X246 -> 0X20b)
3000088 microseconds
timeout
[ 2016-10-27 4:54:24]Process 9810 termed with signal 14(SIGALRM)
PT_F35-8_low_error-100 Test Num : 29
Inject into ../bin/hello
----- Type : 8_low_error Pos : PT_F35 -----
There are 1 faults will be injected in faulttable...
101004 microseconds
Fault on PT_F35(0X246 -> 0X298)
3000088 microseconds
timeout
[ 2016-10-27 4:54:27]Process 9812 termed with signal 14(SIGALRM)
PT_F35-8_low_error-100 Test Num : 30
Inject into ../bin/hello
----- Type : 8_low_error Pos : PT_F35 -----
There are 1 faults will be injected in faulttable...
101036 microseconds
Fault on PT_F35(0X246 -> 0X284)
3000126 microseconds
timeout
[ 2016-10-27 4:54:30]Process 9814 termed with signal 14(SIGALRM)
PT_F35-8_low_error-100 Test Num : 31
Inject into ../bin/hello
----- Type : 8_low_error Pos : PT_F35 -----
There are 1 faults will be injected in faulttable...
101325 microseconds
Fault on PT_F35(0X246 -> 0X264)
3000087 microseconds
timeout
[ 2016-10-27 4:54:33]Process 9816 termed with signal 14(SIGALRM)
PT_F35-8_low_error-100 Test Num : 32
Inject into ../bin/hello
----- Type : 8_low_error Pos : PT_F35 -----
There are 1 faults will be injected in faulttable...
101036 microseconds
Fault on PT_F35(0X246 -> 0X277)
3000074 microseconds
timeout
[ 2016-10-27 4:54:37]Process 9818 termed with signal 14(SIGALRM)
PT_F35-8_low_error-100 Test Num : 33
Inject into ../bin/hello
----- Type : 8_low_error Pos : PT_F35 -----
There are 1 faults will be injected in faulttable...
101007 microseconds
Fault on PT_F35(0X246 -> 0X2cd)
3000074 microseconds
timeout
[ 2016-10-27 4:54:40]Process 9820 termed with signal 14(SIGALRM)
PT_F35-8_low_error-100 Test Num : 34
Inject into ../bin/hello
----- Type : 8_low_error Pos : PT_F35 -----
There are 1 faults will be injected in faulttable...
100970 microseconds
Fault on PT_F35(0X246 -> 0X2a2)
3000107 microseconds
timeout
[ 2016-10-27 4:54:43]Process 9822 termed with signal 14(SIGALRM)
PT_F35-8_low_error-100 Test Num : 35
Inject into ../bin/hello
----- Type : 8_low_error Pos : PT_F35 -----
There are 1 faults will be injected in faulttable...
101011 microseconds
Fault on PT_F35(0X246 -> 0X251)
3000130 microseconds
timeout
[ 2016-10-27 4:54:46]Process 9824 termed with signal 14(SIGALRM)
PT_F35-8_low_error-100 Test Num : 36
Inject into ../bin/hello
----- Type : 8_low_error Pos : PT_F35 -----
There are 1 faults will be injected in faulttable...
101220 microseconds
Fault on PT_F35(0X246 -> 0X29d)
3000084 microseconds
timeout
[ 2016-10-27 4:54:49]Process 9826 termed with signal 14(SIGALRM)
PT_F35-8_low_error-100 Test Num : 37
Inject into ../bin/hello
----- Type : 8_low_error Pos : PT_F35 -----
There are 1 faults will be injected in faulttable...
100994 microseconds
Fault on PT_F35(0X246 -> 0X20c)
3000073 microseconds
timeout
[ 2016-10-27 4:54:52]Process 9828 termed with signal 14(SIGALRM)
PT_F35-8_low_error-100 Test Num : 38
Inject into ../bin/hello
----- Type : 8_low_error Pos : PT_F35 -----
There are 1 faults will be injected in faulttable...
101022 microseconds
Fault on PT_F35(0X246 -> 0X2e0)
3000072 microseconds
timeout
[ 2016-10-27 4:54:55]Process 9830 termed with signal 14(SIGALRM)
PT_F35-8_low_error-100 Test Num : 39
Inject into ../bin/hello
----- Type : 8_low_error Pos : PT_F35 -----
There are 1 faults will be injected in faulttable...
100939 microseconds
Fault on PT_F35(0X246 -> 0X2c3)
3000065 microseconds
timeout
[ 2016-10-27 4:54:58]Process 9832 termed with signal 14(SIGALRM)
PT_F35-8_low_error-100 Test Num : 40
Inject into ../bin/hello
----- Type : 8_low_error Pos : PT_F35 -----
There are 1 faults will be injected in faulttable...
101072 microseconds
Fault on PT_F35(0X246 -> 0X2d0)
3000069 microseconds
timeout
[  2016-10-27 4:55:1]Process 9835 termed with signal 14(SIGALRM)
PT_F35-8_low_error-100 Test Num : 41
Inject into ../bin/hello
----- Type : 8_low_error Pos : PT_F35 -----
There are 1 faults will be injected in faulttable...
101322 microseconds
Fault on PT_F35(0X246 -> 0X20a)
3000054 microseconds
timeout
[  2016-10-27 4:55:5]Process 9837 termed with signal 14(SIGALRM)
PT_F35-8_low_error-100 Test Num : 42
Inject into ../bin/hello
----- Type : 8_low_error Pos : PT_F35 -----
There are 1 faults will be injected in faulttable...
101092 microseconds
Fault on PT_F35(0X246 -> 0X221)
3000067 microseconds
timeout
[  2016-10-27 4:55:8]Process 9839 termed with signal 14(SIGALRM)
PT_F35-8_low_error-100 Test Num : 43
Inject into ../bin/hello
----- Type : 8_low_error Pos : PT_F35 -----
There are 1 faults will be injected in faulttable...
101028 microseconds
Fault on PT_F35(0X246 -> 0X205)
3000079 microseconds
timeout
[ 2016-10-27 4:55:11]Process 9841 termed with signal 14(SIGALRM)
PT_F35-8_low_error-100 Test Num : 44
Inject into ../bin/hello
----- Type : 8_low_error Pos : PT_F35 -----
There are 1 faults will be injected in faulttable...
100936 microseconds
Fault on PT_F35(0X246 -> 0X236)
3000140 microseconds
timeout
[ 2016-10-27 4:55:14]Process 9843 termed with signal 14(SIGALRM)
PT_F35-8_low_error-100 Test Num : 45
Inject into ../bin/hello
----- Type : 8_low_error Pos : PT_F35 -----
There are 1 faults will be injected in faulttable...
101071 microseconds
Fault on PT_F35(0X246 -> 0X2c3)
3000070 microseconds
timeout
[ 2016-10-27 4:55:17]Process 9845 termed with signal 14(SIGALRM)
PT_F35-8_low_error-100 Test Num : 46
Inject into ../bin/hello
----- Type : 8_low_error Pos : PT_F35 -----
There are 1 faults will be injected in faulttable...
100969 microseconds
Fault on PT_F35(0X246 -> 0X206)
3000142 microseconds
timeout
[ 2016-10-27 4:55:20]Process 9847 termed with signal 14(SIGALRM)
PT_F35-8_low_error-100 Test Num : 47
Inject into ../bin/hello
----- Type : 8_low_error Pos : PT_F35 -----
There are 1 faults will be injected in faulttable...
100100 microseconds
Fault on PT_F35(0X246 -> 0X242)
3000104 microseconds
timeout
[ 2016-10-27 4:55:23]Process 9849 termed with signal 14(SIGALRM)
PT_F35-8_low_error-100 Test Num : 48
Inject into ../bin/hello
----- Type : 8_low_error Pos : PT_F35 -----
There are 1 faults will be injected in faulttable...
101174 microseconds
Fault on PT_F35(0X246 -> 0X201)
3000085 microseconds
timeout
[ 2016-10-27 4:55:26]Process 9851 termed with signal 14(SIGALRM)
PT_F35-8_low_error-100 Test Num : 49
Inject into ../bin/hello
----- Type : 8_low_error Pos : PT_F35 -----
There are 1 faults will be injected in faulttable...
101313 microseconds
Fault on PT_F35(0X246 -> 0X266)
3000069 microseconds
timeout
[ 2016-10-27 4:55:29]Process 9853 termed with signal 14(SIGALRM)
PT_F35-8_low_error-100 Test Num : 50
Inject into ../bin/hello
----- Type : 8_low_error Pos : PT_F35 -----
There are 1 faults will be injected in faulttable...
101319 microseconds
Fault on PT_F35(0X246 -> 0X27b)
3000076 microseconds
timeout
[ 2016-10-27 4:55:33]Process 9855 termed with signal 14(SIGALRM)
PT_F35-8_low_error-100 Test Num : 51
Inject into ../bin/hello
----- Type : 8_low_error Pos : PT_F35 -----
There are 1 faults will be injected in faulttable...
101042 microseconds
Fault on PT_F35(0X246 -> 0X257)
3000130 microseconds
timeout
[ 2016-10-27 4:55:36]Process 9857 termed with signal 14(SIGALRM)
PT_F35-8_low_error-100 Test Num : 52
Inject into ../bin/hello
----- Type : 8_low_error Pos : PT_F35 -----
There are 1 faults will be injected in faulttable...
101507 microseconds
Fault on PT_F35(0X246 -> 0X260)
3000116 microseconds
timeout
[ 2016-10-27 4:55:39]Process 9859 termed with signal 14(SIGALRM)
PT_F35-8_low_error-100 Test Num : 53
Inject into ../bin/hello
----- Type : 8_low_error Pos : PT_F35 -----
There are 1 faults will be injected in faulttable...
100108 microseconds
Fault on PT_F35(0X246 -> 0X2e0)
3000088 microseconds
timeout
[ 2016-10-27 4:55:42]Process 9861 termed with signal 14(SIGALRM)
PT_F35-8_low_error-100 Test Num : 54
Inject into ../bin/hello
----- Type : 8_low_error Pos : PT_F35 -----
There are 1 faults will be injected in faulttable...
101323 microseconds
Fault on PT_F35(0X246 -> 0X2b9)
3000068 microseconds
timeout
[ 2016-10-27 4:55:45]Process 9863 termed with signal 14(SIGALRM)
PT_F35-8_low_error-100 Test Num : 55
Inject into ../bin/hello
----- Type : 8_low_error Pos : PT_F35 -----
There are 1 faults will be injected in faulttable...
101043 microseconds
Fault on PT_F35(0X246 -> 0X2a2)
3000074 microseconds
timeout
[ 2016-10-27 4:55:48]Process 9865 termed with signal 14(SIGALRM)
PT_F35-8_low_error-100 Test Num : 56
Inject into ../bin/hello
----- Type : 8_low_error Pos : PT_F35 -----
There are 1 faults will be injected in faulttable...
100079 microseconds
Fault on PT_F35(0X246 -> 0X2aa)
3000079 microseconds
timeout
[ 2016-10-27 4:55:51]Process 9867 termed with signal 14(SIGALRM)
PT_F35-8_low_error-100 Test Num : 57
Inject into ../bin/hello
----- Type : 8_low_error Pos : PT_F35 -----
There are 1 faults will be injected in faulttable...
100957 microseconds
Fault on PT_F35(0X246 -> 0X2b0)
3000101 microseconds
timeout
[ 2016-10-27 4:55:54]Process 9869 termed with signal 14(SIGALRM)
PT_F35-8_low_error-100 Test Num : 58
Inject into ../bin/hello
----- Type : 8_low_error Pos : PT_F35 -----
There are 1 faults will be injected in faulttable...
101252 microseconds
Fault on PT_F35(0X246 -> 0X2d5)
3000071 microseconds
timeout
[ 2016-10-27 4:55:57]Process 9871 termed with signal 14(SIGALRM)
PT_F35-8_low_error-100 Test Num : 59
Inject into ../bin/hello
----- Type : 8_low_error Pos : PT_F35 -----
There are 1 faults will be injected in faulttable...
100999 microseconds
Fault on PT_F35(0X246 -> 0X2fc)
3000097 microseconds
timeout
[  2016-10-27 4:56:1]Process 9873 termed with signal 14(SIGALRM)
PT_F35-8_low_error-100 Test Num : 60
Inject into ../bin/hello
----- Type : 8_low_error Pos : PT_F35 -----
There are 1 faults will be injected in faulttable...
101365 microseconds
Fault on PT_F35(0X246 -> 0X2cc)
3000075 microseconds
timeout
[  2016-10-27 4:56:4]Process 9875 termed with signal 14(SIGALRM)
PT_F35-8_low_error-100 Test Num : 61
Inject into ../bin/hello
----- Type : 8_low_error Pos : PT_F35 -----
There are 1 faults will be injected in faulttable...
100985 microseconds
Fault on PT_F35(0X246 -> 0X296)
3000068 microseconds
timeout
[  2016-10-27 4:56:7]Process 9877 termed with signal 14(SIGALRM)
PT_F35-8_low_error-100 Test Num : 62
Inject into ../bin/hello
----- Type : 8_low_error Pos : PT_F35 -----
There are 1 faults will be injected in faulttable...
101073 microseconds
Fault on PT_F35(0X246 -> 0X2ae)
3000115 microseconds
timeout
[ 2016-10-27 4:56:10]Process 9879 termed with signal 14(SIGALRM)
PT_F35-8_low_error-100 Test Num : 63
Inject into ../bin/hello
----- Type : 8_low_error Pos : PT_F35 -----
There are 1 faults will be injected in faulttable...
101212 microseconds
Fault on PT_F35(0X246 -> 0X205)
3000083 microseconds
timeout
[ 2016-10-27 4:56:13]Process 9881 termed with signal 14(SIGALRM)
PT_F35-8_low_error-100 Test Num : 64
Inject into ../bin/hello
----- Type : 8_low_error Pos : PT_F35 -----
There are 1 faults will be injected in faulttable...
100140 microseconds
Fault on PT_F35(0X246 -> 0X2db)
3000093 microseconds
timeout
[ 2016-10-27 4:56:16]Process 9883 termed with signal 14(SIGALRM)
PT_F35-8_low_error-100 Test Num : 65
Inject into ../bin/hello
----- Type : 8_low_error Pos : PT_F35 -----
There are 1 faults will be injected in faulttable...
100971 microseconds
Fault on PT_F35(0X246 -> 0X27d)
3000094 microseconds
timeout
[ 2016-10-27 4:56:19]Process 9885 termed with signal 14(SIGALRM)
PT_F35-8_low_error-100 Test Num : 66
Inject into ../bin/hello
----- Type : 8_low_error Pos : PT_F35 -----
There are 1 faults will be injected in faulttable...
101104 microseconds
Fault on PT_F35(0X246 -> 0X2c7)
3000080 microseconds
timeout
[ 2016-10-27 4:56:22]Process 9887 termed with signal 14(SIGALRM)
PT_F35-8_low_error-100 Test Num : 67
Inject into ../bin/hello
----- Type : 8_low_error Pos : PT_F35 -----
There are 1 faults will be injected in faulttable...
101274 microseconds
Fault on PT_F35(0X246 -> 0X29a)
3000163 microseconds
timeout
[ 2016-10-27 4:56:25]Process 9889 termed with signal 14(SIGALRM)
PT_F35-8_low_error-100 Test Num : 68
Inject into ../bin/hello
----- Type : 8_low_error Pos : PT_F35 -----
There are 1 faults will be injected in faulttable...
101167 microseconds
Fault on PT_F35(0X246 -> 0X2bb)
3000095 microseconds
timeout
[ 2016-10-27 4:56:29]Process 9891 termed with signal 14(SIGALRM)
PT_F35-8_low_error-100 Test Num : 69
Inject into ../bin/hello
----- Type : 8_low_error Pos : PT_F35 -----
There are 1 faults will be injected in faulttable...
100952 microseconds
Fault on PT_F35(0X246 -> 0X201)
3000113 microseconds
timeout
[ 2016-10-27 4:56:32]Process 9893 termed with signal 14(SIGALRM)
PT_F35-8_low_error-100 Test Num : 70
Inject into ../bin/hello
----- Type : 8_low_error Pos : PT_F35 -----
There are 1 faults will be injected in faulttable...
101075 microseconds
Fault on PT_F35(0X246 -> 0X2a2)
3000084 microseconds
timeout
[ 2016-10-27 4:56:35]Process 9895 termed with signal 14(SIGALRM)
PT_F35-8_low_error-100 Test Num : 71
Inject into ../bin/hello
----- Type : 8_low_error Pos : PT_F35 -----
There are 1 faults will be injected in faulttable...
100983 microseconds
Fault on PT_F35(0X246 -> 0X203)
3000075 microseconds
timeout
[ 2016-10-27 4:56:38]Process 9897 termed with signal 14(SIGALRM)
PT_F35-8_low_error-100 Test Num : 72
Inject into ../bin/hello
----- Type : 8_low_error Pos : PT_F35 -----
There are 1 faults will be injected in faulttable...
100993 microseconds
Fault on PT_F35(0X246 -> 0X2dd)
3000114 microseconds
timeout
[ 2016-10-27 4:56:41]Process 9899 termed with signal 14(SIGALRM)
PT_F35-8_low_error-100 Test Num : 73
Inject into ../bin/hello
----- Type : 8_low_error Pos : PT_F35 -----
There are 1 faults will be injected in faulttable...
100085 microseconds
Fault on PT_F35(0X246 -> 0X231)
3000077 microseconds
timeout
[ 2016-10-27 4:56:44]Process 9901 termed with signal 14(SIGALRM)
PT_F35-8_low_error-100 Test Num : 74
Inject into ../bin/hello
----- Type : 8_low_error Pos : PT_F35 -----
There are 1 faults will be injected in faulttable...
100966 microseconds
Fault on PT_F35(0X246 -> 0X20e)
3000086 microseconds
timeout
[ 2016-10-27 4:56:47]Process 9903 termed with signal 14(SIGALRM)
PT_F35-8_low_error-100 Test Num : 75
Inject into ../bin/hello
----- Type : 8_low_error Pos : PT_F35 -----
There are 1 faults will be injected in faulttable...
100957 microseconds
Fault on PT_F35(0X246 -> 0X2cb)
3000081 microseconds
timeout
[ 2016-10-27 4:56:50]Process 9905 termed with signal 14(SIGALRM)
PT_F35-8_low_error-100 Test Num : 76
Inject into ../bin/hello
----- Type : 8_low_error Pos : PT_F35 -----
There are 1 faults will be injected in faulttable...
101266 microseconds
Fault on PT_F35(0X246 -> 0X284)
3000141 microseconds
timeout
[ 2016-10-27 4:56:53]Process 9907 termed with signal 14(SIGALRM)
PT_F35-8_low_error-100 Test Num : 77
Inject into ../bin/hello
----- Type : 8_low_error Pos : PT_F35 -----
There are 1 faults will be injected in faulttable...
101194 microseconds
Fault on PT_F35(0X246 -> 0X2dd)
3000095 microseconds
timeout
[ 2016-10-27 4:56:57]Process 9909 termed with signal 14(SIGALRM)
PT_F35-8_low_error-100 Test Num : 78
Inject into ../bin/hello
----- Type : 8_low_error Pos : PT_F35 -----
There are 1 faults will be injected in faulttable...
101056 microseconds
Fault on PT_F35(0X246 -> 0X2b0)
3000135 microseconds
timeout
[  2016-10-27 4:57:0]Process 9911 termed with signal 14(SIGALRM)
PT_F35-8_low_error-100 Test Num : 79
Inject into ../bin/hello
----- Type : 8_low_error Pos : PT_F35 -----
There are 1 faults will be injected in faulttable...
101352 microseconds
Fault on PT_F35(0X246 -> 0X280)
3000135 microseconds
timeout
[  2016-10-27 4:57:3]Process 9913 termed with signal 14(SIGALRM)
PT_F35-8_low_error-100 Test Num : 80
Inject into ../bin/hello
----- Type : 8_low_error Pos : PT_F35 -----
There are 1 faults will be injected in faulttable...
100219 microseconds
Fault on PT_F35(0X246 -> 0X2d4)
3000320 microseconds
timeout
[  2016-10-27 4:57:6]Process 9915 termed with signal 14(SIGALRM)
PT_F35-8_low_error-100 Test Num : 81
Inject into ../bin/hello
----- Type : 8_low_error Pos : PT_F35 -----
There are 1 faults will be injected in faulttable...
100083 microseconds
Fault on PT_F35(0X246 -> 0X2c0)
3000094 microseconds
timeout
[  2016-10-27 4:57:9]Process 9917 termed with signal 14(SIGALRM)
PT_F35-8_low_error-100 Test Num : 82
Inject into ../bin/hello
----- Type : 8_low_error Pos : PT_F35 -----
There are 1 faults will be injected in faulttable...
100992 microseconds
Fault on PT_F35(0X246 -> 0X29c)
3000062 microseconds
timeout
[ 2016-10-27 4:57:12]Process 9919 termed with signal 14(SIGALRM)
PT_F35-8_low_error-100 Test Num : 83
Inject into ../bin/hello
----- Type : 8_low_error Pos : PT_F35 -----
There are 1 faults will be injected in faulttable...
100927 microseconds
Fault on PT_F35(0X246 -> 0X295)
3000086 microseconds
timeout
[ 2016-10-27 4:57:15]Process 9921 termed with signal 14(SIGALRM)
PT_F35-8_low_error-100 Test Num : 84
Inject into ../bin/hello
----- Type : 8_low_error Pos : PT_F35 -----
There are 1 faults will be injected in faulttable...
101153 microseconds
Fault on PT_F35(0X246 -> 0X282)
3000096 microseconds
timeout
[ 2016-10-27 4:57:18]Process 9923 termed with signal 14(SIGALRM)
PT_F35-8_low_error-100 Test Num : 85
Inject into ../bin/hello
----- Type : 8_low_error Pos : PT_F35 -----
There are 1 faults will be injected in faulttable...
101180 microseconds
Fault on PT_F35(0X246 -> 0X216)
3000072 microseconds
timeout
[ 2016-10-27 4:57:21]Process 9925 termed with signal 14(SIGALRM)
PT_F35-8_low_error-100 Test Num : 86
Inject into ../bin/hello
----- Type : 8_low_error Pos : PT_F35 -----
There are 1 faults will be injected in faulttable...
101284 microseconds
Fault on PT_F35(0X246 -> 0X287)
3000077 microseconds
timeout
[ 2016-10-27 4:57:25]Process 9927 termed with signal 14(SIGALRM)
PT_F35-8_low_error-100 Test Num : 87
Inject into ../bin/hello
----- Type : 8_low_error Pos : PT_F35 -----
There are 1 faults will be injected in faulttable...
101277 microseconds
Fault on PT_F35(0X246 -> 0X2f2)
3000111 microseconds
timeout
[ 2016-10-27 4:57:28]Process 9929 termed with signal 14(SIGALRM)
PT_F35-8_low_error-100 Test Num : 88
Inject into ../bin/hello
----- Type : 8_low_error Pos : PT_F35 -----
There are 1 faults will be injected in faulttable...
101203 microseconds
Fault on PT_F35(0X246 -> 0X288)
3000058 microseconds
timeout
[ 2016-10-27 4:57:31]Process 9931 termed with signal 14(SIGALRM)
PT_F35-8_low_error-100 Test Num : 89
Inject into ../bin/hello
----- Type : 8_low_error Pos : PT_F35 -----
There are 1 faults will be injected in faulttable...
100959 microseconds
Fault on PT_F35(0X246 -> 0X25d)
3000061 microseconds
timeout
[ 2016-10-27 4:57:34]Process 9933 termed with signal 14(SIGALRM)
PT_F35-8_low_error-100 Test Num : 90
Inject into ../bin/hello
----- Type : 8_low_error Pos : PT_F35 -----
There are 1 faults will be injected in faulttable...
101104 microseconds
Fault on PT_F35(0X246 -> 0X201)
3000090 microseconds
timeout
[ 2016-10-27 4:57:37]Process 9935 termed with signal 14(SIGALRM)
PT_F35-8_low_error-100 Test Num : 91
Inject into ../bin/hello
----- Type : 8_low_error Pos : PT_F35 -----
There are 1 faults will be injected in faulttable...
100891 microseconds
Fault on PT_F35(0X246 -> 0X2bf)
3000069 microseconds
timeout
[ 2016-10-27 4:57:40]Process 9937 termed with signal 14(SIGALRM)
PT_F35-8_low_error-100 Test Num : 92
Inject into ../bin/hello
----- Type : 8_low_error Pos : PT_F35 -----
There are 1 faults will be injected in faulttable...
101183 microseconds
Fault on PT_F35(0X246 -> 0X262)
3000169 microseconds
timeout
[ 2016-10-27 4:57:43]Process 9939 termed with signal 14(SIGALRM)
PT_F35-8_low_error-100 Test Num : 93
Inject into ../bin/hello
----- Type : 8_low_error Pos : PT_F35 -----
There are 1 faults will be injected in faulttable...
100996 microseconds
Fault on PT_F35(0X246 -> 0X28a)
3000105 microseconds
timeout
[ 2016-10-27 4:57:46]Process 9941 termed with signal 14(SIGALRM)
PT_F35-8_low_error-100 Test Num : 94
Inject into ../bin/hello
----- Type : 8_low_error Pos : PT_F35 -----
There are 1 faults will be injected in faulttable...
100975 microseconds
Fault on PT_F35(0X246 -> 0X27e)
3000077 microseconds
timeout
[ 2016-10-27 4:57:50]Process 9943 termed with signal 14(SIGALRM)
PT_F35-8_low_error-100 Test Num : 95
Inject into ../bin/hello
----- Type : 8_low_error Pos : PT_F35 -----
There are 1 faults will be injected in faulttable...
100969 microseconds
Fault on PT_F35(0X246 -> 0X224)
3000086 microseconds
timeout
[ 2016-10-27 4:57:53]Process 9945 termed with signal 14(SIGALRM)
PT_F35-8_low_error-100 Test Num : 96
Inject into ../bin/hello
----- Type : 8_low_error Pos : PT_F35 -----
There are 1 faults will be injected in faulttable...
101006 microseconds
Fault on PT_F35(0X246 -> 0X2bb)
3000071 microseconds
timeout
[ 2016-10-27 4:57:56]Process 9947 termed with signal 14(SIGALRM)
PT_F35-8_low_error-100 Test Num : 97
Inject into ../bin/hello
----- Type : 8_low_error Pos : PT_F35 -----
There are 1 faults will be injected in faulttable...
100943 microseconds
Fault on PT_F35(0X246 -> 0X296)
3000062 microseconds
timeout
[ 2016-10-27 4:57:59]Process 9949 termed with signal 14(SIGALRM)
PT_F35-8_low_error-100 Test Num : 98
Inject into ../bin/hello
----- Type : 8_low_error Pos : PT_F35 -----
There are 1 faults will be injected in faulttable...
101104 microseconds
Fault on PT_F35(0X246 -> 0X2fd)
3000125 microseconds
timeout
[  2016-10-27 4:58:2]Process 9951 termed with signal 14(SIGALRM)
PT_F35-8_low_error-100 Test Num : 99
Inject into ../bin/hello
----- Type : 8_low_error Pos : PT_F35 -----
There are 1 faults will be injected in faulttable...
100156 microseconds
Fault on PT_F35(0X246 -> 0X2fb)
3000095 microseconds
timeout
[  2016-10-27 4:58:5]Process 9953 termed with signal 14(SIGALRM)
PT_F35-8_low_error-100 Test Num : 100
Inject into ../bin/hello
----- Type : 8_low_error Pos : PT_F35 -----
There are 1 faults will be injected in faulttable...
100997 microseconds
Fault on PT_F35(0X246 -> 0X227)
3000079 microseconds
timeout
[  2016-10-27 4:58:8]Process 9955 termed with signal 14(SIGALRM)
