PT_F35-2_bit_1-100 Test Num : 1
Inject into ../bin/hello
----- Type : 2_bit_1 Pos : PT_F35 -----
There are 1 faults will be injected in faulttable...
101145 microseconds
Fault on PT_F35(0X246 -> 0X8000100000000246)
3000102 microseconds
timeout
[ 2016-10-27 4:37:26]Process 9150 termed with signal 14(SIGALRM)
PT_F35-2_bit_1-100 Test Num : 2
Inject into ../bin/hello
----- Type : 2_bit_1 Pos : PT_F35 -----
There are 1 faults will be injected in faulttable...
101166 microseconds
Fault on PT_F35(0X246 -> 0X2000010246)
3000091 microseconds
timeout
[ 2016-10-27 4:37:29]Process 9152 termed with signal 14(SIGALRM)
PT_F35-2_bit_1-100 Test Num : 3
Inject into ../bin/hello
----- Type : 2_bit_1 Pos : PT_F35 -----
There are 1 faults will be injected in faulttable...
100949 microseconds
Fault on PT_F35(0X246 -> 0X24246)
3000082 microseconds
timeout
[ 2016-10-27 4:37:32]Process 9154 termed with signal 14(SIGALRM)
PT_F35-2_bit_1-100 Test Num : 4
Inject into ../bin/hello
----- Type : 2_bit_1 Pos : PT_F35 -----
There are 1 faults will be injected in faulttable...
101077 microseconds
Fault on PT_F35(0X246 -> 0X4000246)
3000136 microseconds
timeout
[ 2016-10-27 4:37:36]Process 9156 termed with signal 14(SIGALRM)
PT_F35-2_bit_1-100 Test Num : 5
Inject into ../bin/hello
----- Type : 2_bit_1 Pos : PT_F35 -----
There are 1 faults will be injected in faulttable...
100077 microseconds
Fault on PT_F35(0X246 -> 0X8000000000000266)
3000097 microseconds
timeout
[ 2016-10-27 4:37:39]Process 9158 termed with signal 14(SIGALRM)
PT_F35-2_bit_1-100 Test Num : 6
Inject into ../bin/hello
----- Type : 2_bit_1 Pos : PT_F35 -----
There are 1 faults will be injected in faulttable...
101077 microseconds
Fault on PT_F35(0X246 -> 0X8000000000001246)
3000074 microseconds
timeout
[ 2016-10-27 4:37:42]Process 9160 termed with signal 14(SIGALRM)
PT_F35-2_bit_1-100 Test Num : 7
Inject into ../bin/hello
----- Type : 2_bit_1 Pos : PT_F35 -----
There are 1 faults will be injected in faulttable...
100088 microseconds
Fault on PT_F35(0X246 -> 0X80000000246)
3000088 microseconds
timeout
[ 2016-10-27 4:37:45]Process 9162 termed with signal 14(SIGALRM)
PT_F35-2_bit_1-100 Test Num : 8
Inject into ../bin/hello
----- Type : 2_bit_1 Pos : PT_F35 -----
There are 1 faults will be injected in faulttable...
100931 microseconds
Fault on PT_F35(0X246 -> 0X3246)
3000067 microseconds
timeout
[ 2016-10-27 4:37:48]Process 9164 termed with signal 14(SIGALRM)
PT_F35-2_bit_1-100 Test Num : 9
Inject into ../bin/hello
----- Type : 2_bit_1 Pos : PT_F35 -----
There are 1 faults will be injected in faulttable...
100086 microseconds
Fault on PT_F35(0X246 -> 0Xa4e)
3000060 microseconds
timeout
[ 2016-10-27 4:37:51]Process 9166 termed with signal 14(SIGALRM)
PT_F35-2_bit_1-100 Test Num : 10
Inject into ../bin/hello
----- Type : 2_bit_1 Pos : PT_F35 -----
There are 1 faults will be injected in faulttable...
101009 microseconds
Fault on PT_F35(0X246 -> 0X100200246)
3000097 microseconds
timeout
[ 2016-10-27 4:37:54]Process 9168 termed with signal 14(SIGALRM)
PT_F35-2_bit_1-100 Test Num : 11
Inject into ../bin/hello
----- Type : 2_bit_1 Pos : PT_F35 -----
There are 1 faults will be injected in faulttable...
101071 microseconds
Fault on PT_F35(0X246 -> 0X2000000800246)
3000085 microseconds
timeout
[ 2016-10-27 4:37:57]Process 9170 termed with signal 14(SIGALRM)
PT_F35-2_bit_1-100 Test Num : 12
Inject into ../bin/hello
----- Type : 2_bit_1 Pos : PT_F35 -----
There are 1 faults will be injected in faulttable...
100917 microseconds
Fault on PT_F35(0X246 -> 0X400040000000246)
3000067 microseconds
timeout
[  2016-10-27 4:38:0]Process 9172 termed with signal 14(SIGALRM)
PT_F35-2_bit_1-100 Test Num : 13
Inject into ../bin/hello
----- Type : 2_bit_1 Pos : PT_F35 -----
There are 1 faults will be injected in faulttable...
100948 microseconds
Fault on PT_F35(0X246 -> 0X90246)
3000072 microseconds
timeout
[  2016-10-27 4:38:4]Process 9174 termed with signal 14(SIGALRM)
PT_F35-2_bit_1-100 Test Num : 14
Inject into ../bin/hello
----- Type : 2_bit_1 Pos : PT_F35 -----
There are 1 faults will be injected in faulttable...
100910 microseconds
Fault on PT_F35(0X246 -> 0X800000004246)
3000113 microseconds
timeout
[  2016-10-27 4:38:7]Process 9176 termed with signal 14(SIGALRM)
PT_F35-2_bit_1-100 Test Num : 15
Inject into ../bin/hello
----- Type : 2_bit_1 Pos : PT_F35 -----
There are 1 faults will be injected in faulttable...
101098 microseconds
Fault on PT_F35(0X246 -> 0X1000000010246)
3000091 microseconds
timeout
[ 2016-10-27 4:38:10]Process 9178 termed with signal 14(SIGALRM)
PT_F35-2_bit_1-100 Test Num : 16
Inject into ../bin/hello
----- Type : 2_bit_1 Pos : PT_F35 -----
There are 1 faults will be injected in faulttable...
100117 microseconds
Fault on PT_F35(0X246 -> 0X210246)
3000073 microseconds
timeout
[ 2016-10-27 4:38:13]Process 9180 termed with signal 14(SIGALRM)
PT_F35-2_bit_1-100 Test Num : 17
Inject into ../bin/hello
----- Type : 2_bit_1 Pos : PT_F35 -----
There are 1 faults will be injected in faulttable...
100954 microseconds
Fault on PT_F35(0X246 -> 0X1040000000246)
3000086 microseconds
timeout
[ 2016-10-27 4:38:16]Process 9182 termed with signal 14(SIGALRM)
PT_F35-2_bit_1-100 Test Num : 18
Inject into ../bin/hello
----- Type : 2_bit_1 Pos : PT_F35 -----
There are 1 faults will be injected in faulttable...
101003 microseconds
Fault on PT_F35(0X246 -> 0X40246)
3000112 microseconds
timeout
[ 2016-10-27 4:38:19]Process 9184 termed with signal 14(SIGALRM)
PT_F35-2_bit_1-100 Test Num : 19
Inject into ../bin/hello
----- Type : 2_bit_1 Pos : PT_F35 -----
There are 1 faults will be injected in faulttable...
101096 microseconds
Fault on PT_F35(0X246 -> 0X2000100246)
3000137 microseconds
timeout
[ 2016-10-27 4:38:22]Process 9186 termed with signal 14(SIGALRM)
PT_F35-2_bit_1-100 Test Num : 20
Inject into ../bin/hello
----- Type : 2_bit_1 Pos : PT_F35 -----
There are 1 faults will be injected in faulttable...
101190 microseconds
Fault on PT_F35(0X246 -> 0X40000000024e)
3000098 microseconds
timeout
[ 2016-10-27 4:38:25]Process 9188 termed with signal 14(SIGALRM)
PT_F35-2_bit_1-100 Test Num : 21
Inject into ../bin/hello
----- Type : 2_bit_1 Pos : PT_F35 -----
There are 1 faults will be injected in faulttable...
101038 microseconds
Fault on PT_F35(0X246 -> 0X4000000000000346)
3000603 microseconds
timeout
[ 2016-10-27 4:38:28]Process 9190 termed with signal 14(SIGALRM)
PT_F35-2_bit_1-100 Test Num : 22
Inject into ../bin/hello
----- Type : 2_bit_1 Pos : PT_F35 -----
There are 1 faults will be injected in faulttable...
101202 microseconds
Fault on PT_F35(0X246 -> 0X201000000000246)
3000083 microseconds
timeout
[ 2016-10-27 4:38:32]Process 9192 termed with signal 14(SIGALRM)
PT_F35-2_bit_1-100 Test Num : 23
Inject into ../bin/hello
----- Type : 2_bit_1 Pos : PT_F35 -----
There are 1 faults will be injected in faulttable...
101040 microseconds
Fault on PT_F35(0X246 -> 0X5000246)
3000076 microseconds
timeout
[ 2016-10-27 4:38:35]Process 9194 termed with signal 14(SIGALRM)
PT_F35-2_bit_1-100 Test Num : 24
Inject into ../bin/hello
----- Type : 2_bit_1 Pos : PT_F35 -----
There are 1 faults will be injected in faulttable...
101291 microseconds
Fault on PT_F35(0X246 -> 0X202000000246)
3000073 microseconds
timeout
[ 2016-10-27 4:38:38]Process 9196 termed with signal 14(SIGALRM)
PT_F35-2_bit_1-100 Test Num : 25
Inject into ../bin/hello
----- Type : 2_bit_1 Pos : PT_F35 -----
There are 1 faults will be injected in faulttable...
100119 microseconds
Fault on PT_F35(0X246 -> 0X1000000100246)
3000080 microseconds
timeout
[ 2016-10-27 4:38:41]Process 9198 termed with signal 14(SIGALRM)
PT_F35-2_bit_1-100 Test Num : 26
Inject into ../bin/hello
----- Type : 2_bit_1 Pos : PT_F35 -----
There are 1 faults will be injected in faulttable...
101201 microseconds
Fault on PT_F35(0X246 -> 0X80000000246)
3000109 microseconds
timeout
[ 2016-10-27 4:38:44]Process 9200 termed with signal 14(SIGALRM)
PT_F35-2_bit_1-100 Test Num : 27
Inject into ../bin/hello
----- Type : 2_bit_1 Pos : PT_F35 -----
There are 1 faults will be injected in faulttable...
101085 microseconds
Fault on PT_F35(0X246 -> 0X20008246)
3000126 microseconds
timeout
[ 2016-10-27 4:38:47]Process 9202 termed with signal 14(SIGALRM)
PT_F35-2_bit_1-100 Test Num : 28
Inject into ../bin/hello
----- Type : 2_bit_1 Pos : PT_F35 -----
There are 1 faults will be injected in faulttable...
101314 microseconds
Fault on PT_F35(0X246 -> 0X1000000002246)
3000083 microseconds
timeout
[ 2016-10-27 4:38:50]Process 9204 termed with signal 14(SIGALRM)
PT_F35-2_bit_1-100 Test Num : 29
Inject into ../bin/hello
----- Type : 2_bit_1 Pos : PT_F35 -----
There are 1 faults will be injected in faulttable...
101022 microseconds
Fault on PT_F35(0X246 -> 0X4000004246)
3000111 microseconds
timeout
[ 2016-10-27 4:38:53]Process 9206 termed with signal 14(SIGALRM)
PT_F35-2_bit_1-100 Test Num : 30
Inject into ../bin/hello
----- Type : 2_bit_1 Pos : PT_F35 -----
There are 1 faults will be injected in faulttable...
100069 microseconds
Fault on PT_F35(0X246 -> 0X2000000000020246)
3000078 microseconds
timeout
[ 2016-10-27 4:38:56]Process 9208 termed with signal 14(SIGALRM)
PT_F35-2_bit_1-100 Test Num : 31
Inject into ../bin/hello
----- Type : 2_bit_1 Pos : PT_F35 -----
There are 1 faults will be injected in faulttable...
100105 microseconds
Fault on PT_F35(0X246 -> 0X800008246)
3000071 microseconds
timeout
[  2016-10-27 4:39:0]Process 9210 termed with signal 14(SIGALRM)
PT_F35-2_bit_1-100 Test Num : 32
Inject into ../bin/hello
----- Type : 2_bit_1 Pos : PT_F35 -----
There are 1 faults will be injected in faulttable...
101040 microseconds
Fault on PT_F35(0X246 -> 0X80000010000246)
3000084 microseconds
timeout
[  2016-10-27 4:39:3]Process 9212 termed with signal 14(SIGALRM)
PT_F35-2_bit_1-100 Test Num : 33
Inject into ../bin/hello
----- Type : 2_bit_1 Pos : PT_F35 -----
There are 1 faults will be injected in faulttable...
100936 microseconds
Fault on PT_F35(0X246 -> 0X2646)
3000080 microseconds
timeout
[  2016-10-27 4:39:6]Process 9214 termed with signal 14(SIGALRM)
PT_F35-2_bit_1-100 Test Num : 34
Inject into ../bin/hello
----- Type : 2_bit_1 Pos : PT_F35 -----
There are 1 faults will be injected in faulttable...
100112 microseconds
Fault on PT_F35(0X246 -> 0X200000646)
3000108 microseconds
timeout
[  2016-10-27 4:39:9]Process 9216 termed with signal 14(SIGALRM)
PT_F35-2_bit_1-100 Test Num : 35
Inject into ../bin/hello
----- Type : 2_bit_1 Pos : PT_F35 -----
There are 1 faults will be injected in faulttable...
100988 microseconds
Fault on PT_F35(0X246 -> 0X40000000000247)
3000057 microseconds
timeout
[ 2016-10-27 4:39:12]Process 9218 termed with signal 14(SIGALRM)
PT_F35-2_bit_1-100 Test Num : 36
Inject into ../bin/hello
----- Type : 2_bit_1 Pos : PT_F35 -----
There are 1 faults will be injected in faulttable...
100923 microseconds
Fault on PT_F35(0X246 -> 0X400246)
3000066 microseconds
timeout
[ 2016-10-27 4:39:15]Process 9220 termed with signal 14(SIGALRM)
PT_F35-2_bit_1-100 Test Num : 37
Inject into ../bin/hello
----- Type : 2_bit_1 Pos : PT_F35 -----
There are 1 faults will be injected in faulttable...
100987 microseconds
Fault on PT_F35(0X246 -> 0X10002000000246)
3000078 microseconds
timeout
[ 2016-10-27 4:39:18]Process 9222 termed with signal 14(SIGALRM)
PT_F35-2_bit_1-100 Test Num : 38
Inject into ../bin/hello
----- Type : 2_bit_1 Pos : PT_F35 -----
There are 1 faults will be injected in faulttable...
101022 microseconds
Fault on PT_F35(0X246 -> 0X404000000000246)
3000071 microseconds
timeout
[ 2016-10-27 4:39:21]Process 9224 termed with signal 14(SIGALRM)
PT_F35-2_bit_1-100 Test Num : 39
Inject into ../bin/hello
----- Type : 2_bit_1 Pos : PT_F35 -----
There are 1 faults will be injected in faulttable...
100940 microseconds
Fault on PT_F35(0X246 -> 0X20002000000246)
3000088 microseconds
timeout
[ 2016-10-27 4:39:24]Process 9226 termed with signal 14(SIGALRM)
PT_F35-2_bit_1-100 Test Num : 40
Inject into ../bin/hello
----- Type : 2_bit_1 Pos : PT_F35 -----
There are 1 faults will be injected in faulttable...
100989 microseconds
Fault on PT_F35(0X246 -> 0X20000000256)
3000095 microseconds
timeout
[ 2016-10-27 4:39:28]Process 9228 termed with signal 14(SIGALRM)
PT_F35-2_bit_1-100 Test Num : 41
Inject into ../bin/hello
----- Type : 2_bit_1 Pos : PT_F35 -----
There are 1 faults will be injected in faulttable...
101099 microseconds
Fault on PT_F35(0X246 -> 0X8000000040000246)
3000087 microseconds
timeout
[ 2016-10-27 4:39:31]Process 9230 termed with signal 14(SIGALRM)
PT_F35-2_bit_1-100 Test Num : 42
Inject into ../bin/hello
----- Type : 2_bit_1 Pos : PT_F35 -----
There are 1 faults will be injected in faulttable...
101385 microseconds
Fault on PT_F35(0X246 -> 0X810000000246)
3000197 microseconds
timeout
[ 2016-10-27 4:39:34]Process 9232 termed with signal 14(SIGALRM)
PT_F35-2_bit_1-100 Test Num : 43
Inject into ../bin/hello
----- Type : 2_bit_1 Pos : PT_F35 -----
There are 1 faults will be injected in faulttable...
101033 microseconds
Fault on PT_F35(0X246 -> 0X200000000000a46)
3000063 microseconds
timeout
[ 2016-10-27 4:39:37]Process 9234 termed with signal 14(SIGALRM)
PT_F35-2_bit_1-100 Test Num : 44
Inject into ../bin/hello
----- Type : 2_bit_1 Pos : PT_F35 -----
There are 1 faults will be injected in faulttable...
101077 microseconds
Fault on PT_F35(0X246 -> 0X80646)
3000069 microseconds
timeout
[ 2016-10-27 4:39:40]Process 9236 termed with signal 14(SIGALRM)
PT_F35-2_bit_1-100 Test Num : 45
Inject into ../bin/hello
----- Type : 2_bit_1 Pos : PT_F35 -----
There are 1 faults will be injected in faulttable...
101142 microseconds
Fault on PT_F35(0X246 -> 0X400000002c6)
3000140 microseconds
timeout
[ 2016-10-27 4:39:43]Process 9238 termed with signal 14(SIGALRM)
PT_F35-2_bit_1-100 Test Num : 46
Inject into ../bin/hello
----- Type : 2_bit_1 Pos : PT_F35 -----
There are 1 faults will be injected in faulttable...
101102 microseconds
Fault on PT_F35(0X246 -> 0X1000000400000246)
3000112 microseconds
timeout
[ 2016-10-27 4:39:46]Process 9240 termed with signal 14(SIGALRM)
PT_F35-2_bit_1-100 Test Num : 47
Inject into ../bin/hello
----- Type : 2_bit_1 Pos : PT_F35 -----
There are 1 faults will be injected in faulttable...
100112 microseconds
Fault on PT_F35(0X246 -> 0X44000000246)
3000086 microseconds
timeout
[ 2016-10-27 4:39:49]Process 9242 termed with signal 14(SIGALRM)
PT_F35-2_bit_1-100 Test Num : 48
Inject into ../bin/hello
----- Type : 2_bit_1 Pos : PT_F35 -----
There are 1 faults will be injected in faulttable...
100085 microseconds
Fault on PT_F35(0X246 -> 0X2000000646)
3000085 microseconds
timeout
[ 2016-10-27 4:39:52]Process 9244 termed with signal 14(SIGALRM)
PT_F35-2_bit_1-100 Test Num : 49
Inject into ../bin/hello
----- Type : 2_bit_1 Pos : PT_F35 -----
There are 1 faults will be injected in faulttable...
100923 microseconds
Fault on PT_F35(0X246 -> 0X800080246)
3000145 microseconds
timeout
[ 2016-10-27 4:39:56]Process 9246 termed with signal 14(SIGALRM)
PT_F35-2_bit_1-100 Test Num : 50
Inject into ../bin/hello
----- Type : 2_bit_1 Pos : PT_F35 -----
There are 1 faults will be injected in faulttable...
100962 microseconds
Fault on PT_F35(0X246 -> 0X2000000000000246)
3000090 microseconds
timeout
[ 2016-10-27 4:39:59]Process 9249 termed with signal 14(SIGALRM)
PT_F35-2_bit_1-100 Test Num : 51
Inject into ../bin/hello
----- Type : 2_bit_1 Pos : PT_F35 -----
There are 1 faults will be injected in faulttable...
100949 microseconds
Fault on PT_F35(0X246 -> 0X10040000000246)
3000083 microseconds
timeout
[  2016-10-27 4:40:2]Process 9251 termed with signal 14(SIGALRM)
PT_F35-2_bit_1-100 Test Num : 52
Inject into ../bin/hello
----- Type : 2_bit_1 Pos : PT_F35 -----
There are 1 faults will be injected in faulttable...
100420 microseconds
Fault on PT_F35(0X246 -> 0X110246)
3000092 microseconds
timeout
[  2016-10-27 4:40:5]Process 9253 termed with signal 14(SIGALRM)
PT_F35-2_bit_1-100 Test Num : 53
Inject into ../bin/hello
----- Type : 2_bit_1 Pos : PT_F35 -----
There are 1 faults will be injected in faulttable...
101048 microseconds
Fault on PT_F35(0X246 -> 0X90000000246)
3000174 microseconds
timeout
[  2016-10-27 4:40:8]Process 9255 termed with signal 14(SIGALRM)
PT_F35-2_bit_1-100 Test Num : 54
Inject into ../bin/hello
----- Type : 2_bit_1 Pos : PT_F35 -----
There are 1 faults will be injected in faulttable...
101035 microseconds
Fault on PT_F35(0X246 -> 0X4000000346)
3000078 microseconds
timeout
[ 2016-10-27 4:40:11]Process 9257 termed with signal 14(SIGALRM)
PT_F35-2_bit_1-100 Test Num : 55
Inject into ../bin/hello
----- Type : 2_bit_1 Pos : PT_F35 -----
There are 1 faults will be injected in faulttable...
101095 microseconds
Fault on PT_F35(0X246 -> 0X26e)
3000081 microseconds
timeout
[ 2016-10-27 4:40:14]Process 9259 termed with signal 14(SIGALRM)
PT_F35-2_bit_1-100 Test Num : 56
Inject into ../bin/hello
----- Type : 2_bit_1 Pos : PT_F35 -----
There are 1 faults will be injected in faulttable...
100967 microseconds
Fault on PT_F35(0X246 -> 0X5000000246)
3000082 microseconds
timeout
[ 2016-10-27 4:40:17]Process 9261 termed with signal 14(SIGALRM)
PT_F35-2_bit_1-100 Test Num : 57
Inject into ../bin/hello
----- Type : 2_bit_1 Pos : PT_F35 -----
There are 1 faults will be injected in faulttable...
101142 microseconds
Fault on PT_F35(0X246 -> 0X200000080000246)
3000061 microseconds
timeout
[ 2016-10-27 4:40:20]Process 9263 termed with signal 14(SIGALRM)
PT_F35-2_bit_1-100 Test Num : 58
Inject into ../bin/hello
----- Type : 2_bit_1 Pos : PT_F35 -----
There are 1 faults will be injected in faulttable...
100075 microseconds
Fault on PT_F35(0X246 -> 0X2000008000000246)
3000131 microseconds
timeout
[ 2016-10-27 4:40:24]Process 9265 termed with signal 14(SIGALRM)
PT_F35-2_bit_1-100 Test Num : 59
Inject into ../bin/hello
----- Type : 2_bit_1 Pos : PT_F35 -----
There are 1 faults will be injected in faulttable...
101355 microseconds
Fault on PT_F35(0X246 -> 0X1000000004246)
3000070 microseconds
timeout
[ 2016-10-27 4:40:27]Process 9267 termed with signal 14(SIGALRM)
PT_F35-2_bit_1-100 Test Num : 60
Inject into ../bin/hello
----- Type : 2_bit_1 Pos : PT_F35 -----
There are 1 faults will be injected in faulttable...
101506 microseconds
Fault on PT_F35(0X246 -> 0Xa0000246)
3000078 microseconds
timeout
[ 2016-10-27 4:40:30]Process 9269 termed with signal 14(SIGALRM)
PT_F35-2_bit_1-100 Test Num : 61
Inject into ../bin/hello
----- Type : 2_bit_1 Pos : PT_F35 -----
There are 1 faults will be injected in faulttable...
101036 microseconds
Fault on PT_F35(0X246 -> 0X100000020246)
3000062 microseconds
timeout
[ 2016-10-27 4:40:33]Process 9271 termed with signal 14(SIGALRM)
PT_F35-2_bit_1-100 Test Num : 62
Inject into ../bin/hello
----- Type : 2_bit_1 Pos : PT_F35 -----
There are 1 faults will be injected in faulttable...
100982 microseconds
Fault on PT_F35(0X246 -> 0X200010246)
3000090 microseconds
timeout
[ 2016-10-27 4:40:36]Process 9273 termed with signal 14(SIGALRM)
PT_F35-2_bit_1-100 Test Num : 63
Inject into ../bin/hello
----- Type : 2_bit_1 Pos : PT_F35 -----
There are 1 faults will be injected in faulttable...
101122 microseconds
Fault on PT_F35(0X246 -> 0X4040000000000246)
3000081 microseconds
timeout
[ 2016-10-27 4:40:39]Process 9275 termed with signal 14(SIGALRM)
PT_F35-2_bit_1-100 Test Num : 64
Inject into ../bin/hello
----- Type : 2_bit_1 Pos : PT_F35 -----
There are 1 faults will be injected in faulttable...
100074 microseconds
Fault on PT_F35(0X246 -> 0X200000040000246)
3000064 microseconds
timeout
[ 2016-10-27 4:40:42]Process 9277 termed with signal 14(SIGALRM)
PT_F35-2_bit_1-100 Test Num : 65
Inject into ../bin/hello
----- Type : 2_bit_1 Pos : PT_F35 -----
There are 1 faults will be injected in faulttable...
100940 microseconds
Fault on PT_F35(0X246 -> 0X8400000000000246)
3000079 microseconds
timeout
[ 2016-10-27 4:40:45]Process 9279 termed with signal 14(SIGALRM)
PT_F35-2_bit_1-100 Test Num : 66
Inject into ../bin/hello
----- Type : 2_bit_1 Pos : PT_F35 -----
There are 1 faults will be injected in faulttable...
100996 microseconds
Fault on PT_F35(0X246 -> 0X40000246)
3000071 microseconds
timeout
[ 2016-10-27 4:40:48]Process 9281 termed with signal 14(SIGALRM)
PT_F35-2_bit_1-100 Test Num : 67
Inject into ../bin/hello
----- Type : 2_bit_1 Pos : PT_F35 -----
There are 1 faults will be injected in faulttable...
101036 microseconds
Fault on PT_F35(0X246 -> 0X2010000000000246)
3000096 microseconds
timeout
[ 2016-10-27 4:40:52]Process 9283 termed with signal 14(SIGALRM)
PT_F35-2_bit_1-100 Test Num : 68
Inject into ../bin/hello
----- Type : 2_bit_1 Pos : PT_F35 -----
There are 1 faults will be injected in faulttable...
101025 microseconds
Fault on PT_F35(0X246 -> 0X100000004246)
3000097 microseconds
timeout
[ 2016-10-27 4:40:55]Process 9285 termed with signal 14(SIGALRM)
PT_F35-2_bit_1-100 Test Num : 69
Inject into ../bin/hello
----- Type : 2_bit_1 Pos : PT_F35 -----
There are 1 faults will be injected in faulttable...
102169 microseconds
Fault on PT_F35(0X246 -> 0X9000000246)
3000087 microseconds
timeout
[ 2016-10-27 4:40:58]Process 9287 termed with signal 14(SIGALRM)
PT_F35-2_bit_1-100 Test Num : 70
Inject into ../bin/hello
----- Type : 2_bit_1 Pos : PT_F35 -----
There are 1 faults will be injected in faulttable...
101049 microseconds
Fault on PT_F35(0X246 -> 0X4008000000246)
3000107 microseconds
timeout
[  2016-10-27 4:41:1]Process 9289 termed with signal 14(SIGALRM)
PT_F35-2_bit_1-100 Test Num : 71
Inject into ../bin/hello
----- Type : 2_bit_1 Pos : PT_F35 -----
There are 1 faults will be injected in faulttable...
100131 microseconds
Fault on PT_F35(0X246 -> 0X400000001246)
3000093 microseconds
timeout
[  2016-10-27 4:41:4]Process 9291 termed with signal 14(SIGALRM)
PT_F35-2_bit_1-100 Test Num : 72
Inject into ../bin/hello
----- Type : 2_bit_1 Pos : PT_F35 -----
There are 1 faults will be injected in faulttable...
100193 microseconds
Fault on PT_F35(0X246 -> 0X4000000000346)
3000073 microseconds
timeout
[  2016-10-27 4:41:7]Process 9293 termed with signal 14(SIGALRM)
PT_F35-2_bit_1-100 Test Num : 73
Inject into ../bin/hello
----- Type : 2_bit_1 Pos : PT_F35 -----
There are 1 faults will be injected in faulttable...
101216 microseconds
Fault on PT_F35(0X246 -> 0X8000000000a46)
3000073 microseconds
timeout
[ 2016-10-27 4:41:10]Process 9295 termed with signal 14(SIGALRM)
PT_F35-2_bit_1-100 Test Num : 74
Inject into ../bin/hello
----- Type : 2_bit_1 Pos : PT_F35 -----
There are 1 faults will be injected in faulttable...
101239 microseconds
Fault on PT_F35(0X246 -> 0X40000000256)
3000097 microseconds
timeout
[ 2016-10-27 4:41:13]Process 9297 termed with signal 14(SIGALRM)
PT_F35-2_bit_1-100 Test Num : 75
Inject into ../bin/hello
----- Type : 2_bit_1 Pos : PT_F35 -----
There are 1 faults will be injected in faulttable...
101027 microseconds
Fault on PT_F35(0X246 -> 0X400000246)
3000065 microseconds
timeout
[ 2016-10-27 4:41:16]Process 9299 termed with signal 14(SIGALRM)
PT_F35-2_bit_1-100 Test Num : 76
Inject into ../bin/hello
----- Type : 2_bit_1 Pos : PT_F35 -----
There are 1 faults will be injected in faulttable...
101041 microseconds
Fault on PT_F35(0X246 -> 0X4000247)
3000087 microseconds
timeout
[ 2016-10-27 4:41:20]Process 9301 termed with signal 14(SIGALRM)
PT_F35-2_bit_1-100 Test Num : 77
Inject into ../bin/hello
----- Type : 2_bit_1 Pos : PT_F35 -----
There are 1 faults will be injected in faulttable...
101080 microseconds
Fault on PT_F35(0X246 -> 0X2000010246)
3000066 microseconds
timeout
[ 2016-10-27 4:41:23]Process 9303 termed with signal 14(SIGALRM)
PT_F35-2_bit_1-100 Test Num : 78
Inject into ../bin/hello
----- Type : 2_bit_1 Pos : PT_F35 -----
There are 1 faults will be injected in faulttable...
101662 microseconds
Fault on PT_F35(0X246 -> 0X1000020000000246)
3000128 microseconds
timeout
[ 2016-10-27 4:41:26]Process 9305 termed with signal 14(SIGALRM)
PT_F35-2_bit_1-100 Test Num : 79
Inject into ../bin/hello
----- Type : 2_bit_1 Pos : PT_F35 -----
There are 1 faults will be injected in faulttable...
100156 microseconds
Fault on PT_F35(0X246 -> 0X2e6)
3000090 microseconds
timeout
[ 2016-10-27 4:41:29]Process 9307 termed with signal 14(SIGALRM)
PT_F35-2_bit_1-100 Test Num : 80
Inject into ../bin/hello
----- Type : 2_bit_1 Pos : PT_F35 -----
There are 1 faults will be injected in faulttable...
101038 microseconds
Fault on PT_F35(0X246 -> 0X400200000246)
3000105 microseconds
timeout
[ 2016-10-27 4:41:32]Process 9309 termed with signal 14(SIGALRM)
PT_F35-2_bit_1-100 Test Num : 81
Inject into ../bin/hello
----- Type : 2_bit_1 Pos : PT_F35 -----
There are 1 faults will be injected in faulttable...
101002 microseconds
Fault on PT_F35(0X246 -> 0X8000266)
3000100 microseconds
timeout
[ 2016-10-27 4:41:35]Process 9311 termed with signal 14(SIGALRM)
PT_F35-2_bit_1-100 Test Num : 82
Inject into ../bin/hello
----- Type : 2_bit_1 Pos : PT_F35 -----
There are 1 faults will be injected in faulttable...
101150 microseconds
Fault on PT_F35(0X246 -> 0X40266)
3000144 microseconds
timeout
[ 2016-10-27 4:41:38]Process 9313 termed with signal 14(SIGALRM)
PT_F35-2_bit_1-100 Test Num : 83
Inject into ../bin/hello
----- Type : 2_bit_1 Pos : PT_F35 -----
There are 1 faults will be injected in faulttable...
100967 microseconds
Fault on PT_F35(0X246 -> 0X40000000000002c6)
3000082 microseconds
timeout
[ 2016-10-27 4:41:41]Process 9315 termed with signal 14(SIGALRM)
PT_F35-2_bit_1-100 Test Num : 84
Inject into ../bin/hello
----- Type : 2_bit_1 Pos : PT_F35 -----
There are 1 faults will be injected in faulttable...
100080 microseconds
Fault on PT_F35(0X246 -> 0X2800246)
3000138 microseconds
timeout
[ 2016-10-27 4:41:44]Process 9317 termed with signal 14(SIGALRM)
PT_F35-2_bit_1-100 Test Num : 85
Inject into ../bin/hello
----- Type : 2_bit_1 Pos : PT_F35 -----
There are 1 faults will be injected in faulttable...
100066 microseconds
Fault on PT_F35(0X246 -> 0X201000246)
3000070 microseconds
timeout
[ 2016-10-27 4:41:48]Process 9319 termed with signal 14(SIGALRM)
PT_F35-2_bit_1-100 Test Num : 86
Inject into ../bin/hello
----- Type : 2_bit_1 Pos : PT_F35 -----
There are 1 faults will be injected in faulttable...
100997 microseconds
Fault on PT_F35(0X246 -> 0X8000000020246)
3000090 microseconds
timeout
[ 2016-10-27 4:41:51]Process 9321 termed with signal 14(SIGALRM)
PT_F35-2_bit_1-100 Test Num : 87
Inject into ../bin/hello
----- Type : 2_bit_1 Pos : PT_F35 -----
There are 1 faults will be injected in faulttable...
100919 microseconds
Fault on PT_F35(0X246 -> 0X40000024e)
3000058 microseconds
timeout
[ 2016-10-27 4:41:54]Process 9323 termed with signal 14(SIGALRM)
PT_F35-2_bit_1-100 Test Num : 88
Inject into ../bin/hello
----- Type : 2_bit_1 Pos : PT_F35 -----
There are 1 faults will be injected in faulttable...
101113 microseconds
Fault on PT_F35(0X246 -> 0X100100246)
3000084 microseconds
timeout
[ 2016-10-27 4:41:57]Process 9325 termed with signal 14(SIGALRM)
PT_F35-2_bit_1-100 Test Num : 89
Inject into ../bin/hello
----- Type : 2_bit_1 Pos : PT_F35 -----
There are 1 faults will be injected in faulttable...
100980 microseconds
Fault on PT_F35(0X246 -> 0X2000000002000246)
3000097 microseconds
timeout
[  2016-10-27 4:42:0]Process 9327 termed with signal 14(SIGALRM)
PT_F35-2_bit_1-100 Test Num : 90
Inject into ../bin/hello
----- Type : 2_bit_1 Pos : PT_F35 -----
There are 1 faults will be injected in faulttable...
100934 microseconds
Fault on PT_F35(0X246 -> 0X80000246)
3000097 microseconds
timeout
[  2016-10-27 4:42:3]Process 9329 termed with signal 14(SIGALRM)
PT_F35-2_bit_1-100 Test Num : 91
Inject into ../bin/hello
----- Type : 2_bit_1 Pos : PT_F35 -----
There are 1 faults will be injected in faulttable...
101298 microseconds
Fault on PT_F35(0X246 -> 0X300246)
3000084 microseconds
timeout
[  2016-10-27 4:42:6]Process 9331 termed with signal 14(SIGALRM)
PT_F35-2_bit_1-100 Test Num : 92
Inject into ../bin/hello
----- Type : 2_bit_1 Pos : PT_F35 -----
There are 1 faults will be injected in faulttable...
101563 microseconds
Fault on PT_F35(0X246 -> 0X180000246)
3000071 microseconds
timeout
[  2016-10-27 4:42:9]Process 9333 termed with signal 14(SIGALRM)
PT_F35-2_bit_1-100 Test Num : 93
Inject into ../bin/hello
----- Type : 2_bit_1 Pos : PT_F35 -----
There are 1 faults will be injected in faulttable...
100073 microseconds
Fault on PT_F35(0X246 -> 0X20000020246)
3000095 microseconds
timeout
[ 2016-10-27 4:42:13]Process 9335 termed with signal 14(SIGALRM)
PT_F35-2_bit_1-100 Test Num : 94
Inject into ../bin/hello
----- Type : 2_bit_1 Pos : PT_F35 -----
There are 1 faults will be injected in faulttable...
100980 microseconds
Fault on PT_F35(0X246 -> 0X40040246)
3000063 microseconds
timeout
[ 2016-10-27 4:42:16]Process 9337 termed with signal 14(SIGALRM)
PT_F35-2_bit_1-100 Test Num : 95
Inject into ../bin/hello
----- Type : 2_bit_1 Pos : PT_F35 -----
There are 1 faults will be injected in faulttable...
100976 microseconds
Fault on PT_F35(0X246 -> 0X100247)
3000642 microseconds
timeout
[ 2016-10-27 4:42:19]Process 9339 termed with signal 14(SIGALRM)
PT_F35-2_bit_1-100 Test Num : 96
Inject into ../bin/hello
----- Type : 2_bit_1 Pos : PT_F35 -----
There are 1 faults will be injected in faulttable...
101030 microseconds
Fault on PT_F35(0X246 -> 0X800080246)
3000057 microseconds
timeout
[ 2016-10-27 4:42:22]Process 9341 termed with signal 14(SIGALRM)
PT_F35-2_bit_1-100 Test Num : 97
Inject into ../bin/hello
----- Type : 2_bit_1 Pos : PT_F35 -----
There are 1 faults will be injected in faulttable...
100084 microseconds
Fault on PT_F35(0X246 -> 0X10004000246)
3000066 microseconds
timeout
[ 2016-10-27 4:42:25]Process 9343 termed with signal 14(SIGALRM)
PT_F35-2_bit_1-100 Test Num : 98
Inject into ../bin/hello
----- Type : 2_bit_1 Pos : PT_F35 -----
There are 1 faults will be injected in faulttable...
101155 microseconds
Fault on PT_F35(0X246 -> 0X40000000346)
3000087 microseconds
timeout
[ 2016-10-27 4:42:28]Process 9345 termed with signal 14(SIGALRM)
PT_F35-2_bit_1-100 Test Num : 99
Inject into ../bin/hello
----- Type : 2_bit_1 Pos : PT_F35 -----
There are 1 faults will be injected in faulttable...
101024 microseconds
Fault on PT_F35(0X246 -> 0X1000000010000246)
3000139 microseconds
timeout
[ 2016-10-27 4:42:31]Process 9347 termed with signal 14(SIGALRM)
PT_F35-2_bit_1-100 Test Num : 100
Inject into ../bin/hello
----- Type : 2_bit_1 Pos : PT_F35 -----
There are 1 faults will be injected in faulttable...
101451 microseconds
Fault on PT_F35(0X246 -> 0X4000800000000246)
3000091 microseconds
timeout
[ 2016-10-27 4:42:34]Process 9349 termed with signal 14(SIGALRM)
