PT_F35-8_low_1-100 Test Num : 1
Inject into ../bin/hello
----- Type : 8_low_1 Pos : PT_F35 -----
There are 1 faults will be injected in faulttable...
101027 microseconds
Fault on PT_F35(0X246 -> 0X2ff)
3000083 microseconds
timeout
[ 2016-10-27 4:42:37]Process 9352 termed with signal 14(SIGALRM)
PT_F35-8_low_1-100 Test Num : 2
Inject into ../bin/hello
----- Type : 8_low_1 Pos : PT_F35 -----
There are 1 faults will be injected in faulttable...
100085 microseconds
Fault on PT_F35(0X246 -> 0X2ff)
3000087 microseconds
timeout
[ 2016-10-27 4:42:41]Process 9354 termed with signal 14(SIGALRM)
PT_F35-8_low_1-100 Test Num : 3
Inject into ../bin/hello
----- Type : 8_low_1 Pos : PT_F35 -----
There are 1 faults will be injected in faulttable...
100072 microseconds
Fault on PT_F35(0X246 -> 0X2ff)
3000066 microseconds
timeout
[ 2016-10-27 4:42:44]Process 9356 termed with signal 14(SIGALRM)
PT_F35-8_low_1-100 Test Num : 4
Inject into ../bin/hello
----- Type : 8_low_1 Pos : PT_F35 -----
There are 1 faults will be injected in faulttable...
101054 microseconds
Fault on PT_F35(0X246 -> 0X2ff)
3000083 microseconds
timeout
[ 2016-10-27 4:42:47]Process 9358 termed with signal 14(SIGALRM)
PT_F35-8_low_1-100 Test Num : 5
Inject into ../bin/hello
----- Type : 8_low_1 Pos : PT_F35 -----
There are 1 faults will be injected in faulttable...
100078 microseconds
Fault on PT_F35(0X246 -> 0X2ff)
3000092 microseconds
timeout
[ 2016-10-27 4:42:50]Process 9360 termed with signal 14(SIGALRM)
PT_F35-8_low_1-100 Test Num : 6
Inject into ../bin/hello
----- Type : 8_low_1 Pos : PT_F35 -----
There are 1 faults will be injected in faulttable...
101049 microseconds
Fault on PT_F35(0X246 -> 0X2ff)
3000094 microseconds
timeout
[ 2016-10-27 4:42:53]Process 9362 termed with signal 14(SIGALRM)
PT_F35-8_low_1-100 Test Num : 7
Inject into ../bin/hello
----- Type : 8_low_1 Pos : PT_F35 -----
There are 1 faults will be injected in faulttable...
101096 microseconds
Fault on PT_F35(0X246 -> 0X2ff)
3000129 microseconds
timeout
[ 2016-10-27 4:42:56]Process 9364 termed with signal 14(SIGALRM)
PT_F35-8_low_1-100 Test Num : 8
Inject into ../bin/hello
----- Type : 8_low_1 Pos : PT_F35 -----
There are 1 faults will be injected in faulttable...
101376 microseconds
Fault on PT_F35(0X246 -> 0X2ff)
3000092 microseconds
timeout
[ 2016-10-27 4:42:59]Process 9366 termed with signal 14(SIGALRM)
PT_F35-8_low_1-100 Test Num : 9
Inject into ../bin/hello
----- Type : 8_low_1 Pos : PT_F35 -----
There are 1 faults will be injected in faulttable...
100084 microseconds
Fault on PT_F35(0X246 -> 0X2ff)
3000160 microseconds
timeout
[  2016-10-27 4:43:2]Process 9368 termed with signal 14(SIGALRM)
PT_F35-8_low_1-100 Test Num : 10
Inject into ../bin/hello
----- Type : 8_low_1 Pos : PT_F35 -----
There are 1 faults will be injected in faulttable...
101113 microseconds
Fault on PT_F35(0X246 -> 0X2ff)
3000074 microseconds
timeout
[  2016-10-27 4:43:5]Process 9370 termed with signal 14(SIGALRM)
PT_F35-8_low_1-100 Test Num : 11
Inject into ../bin/hello
----- Type : 8_low_1 Pos : PT_F35 -----
There are 1 faults will be injected in faulttable...
101138 microseconds
Fault on PT_F35(0X246 -> 0X2ff)
3000085 microseconds
timeout
[  2016-10-27 4:43:9]Process 9372 termed with signal 14(SIGALRM)
PT_F35-8_low_1-100 Test Num : 12
Inject into ../bin/hello
----- Type : 8_low_1 Pos : PT_F35 -----
There are 1 faults will be injected in faulttable...
101389 microseconds
Fault on PT_F35(0X246 -> 0X2ff)
3000068 microseconds
timeout
[ 2016-10-27 4:43:12]Process 9374 termed with signal 14(SIGALRM)
PT_F35-8_low_1-100 Test Num : 13
Inject into ../bin/hello
----- Type : 8_low_1 Pos : PT_F35 -----
There are 1 faults will be injected in faulttable...
101057 microseconds
Fault on PT_F35(0X246 -> 0X2ff)
3000058 microseconds
timeout
[ 2016-10-27 4:43:15]Process 9376 termed with signal 14(SIGALRM)
PT_F35-8_low_1-100 Test Num : 14
Inject into ../bin/hello
----- Type : 8_low_1 Pos : PT_F35 -----
There are 1 faults will be injected in faulttable...
100988 microseconds
Fault on PT_F35(0X246 -> 0X2ff)
3000093 microseconds
timeout
[ 2016-10-27 4:43:18]Process 9378 termed with signal 14(SIGALRM)
PT_F35-8_low_1-100 Test Num : 15
Inject into ../bin/hello
----- Type : 8_low_1 Pos : PT_F35 -----
There are 1 faults will be injected in faulttable...
101530 microseconds
Fault on PT_F35(0X246 -> 0X2ff)
3000072 microseconds
timeout
[ 2016-10-27 4:43:21]Process 9380 termed with signal 14(SIGALRM)
PT_F35-8_low_1-100 Test Num : 16
Inject into ../bin/hello
----- Type : 8_low_1 Pos : PT_F35 -----
There are 1 faults will be injected in faulttable...
100947 microseconds
Fault on PT_F35(0X246 -> 0X2ff)
3000083 microseconds
timeout
[ 2016-10-27 4:43:24]Process 9382 termed with signal 14(SIGALRM)
PT_F35-8_low_1-100 Test Num : 17
Inject into ../bin/hello
----- Type : 8_low_1 Pos : PT_F35 -----
There are 1 faults will be injected in faulttable...
100972 microseconds
Fault on PT_F35(0X246 -> 0X2ff)
3000119 microseconds
timeout
[ 2016-10-27 4:43:27]Process 9384 termed with signal 14(SIGALRM)
PT_F35-8_low_1-100 Test Num : 18
Inject into ../bin/hello
----- Type : 8_low_1 Pos : PT_F35 -----
There are 1 faults will be injected in faulttable...
100073 microseconds
Fault on PT_F35(0X246 -> 0X2ff)
3000122 microseconds
timeout
[ 2016-10-27 4:43:30]Process 9386 termed with signal 14(SIGALRM)
PT_F35-8_low_1-100 Test Num : 19
Inject into ../bin/hello
----- Type : 8_low_1 Pos : PT_F35 -----
There are 1 faults will be injected in faulttable...
101007 microseconds
Fault on PT_F35(0X246 -> 0X2ff)
3000108 microseconds
timeout
[ 2016-10-27 4:43:33]Process 9388 termed with signal 14(SIGALRM)
PT_F35-8_low_1-100 Test Num : 20
Inject into ../bin/hello
----- Type : 8_low_1 Pos : PT_F35 -----
There are 1 faults will be injected in faulttable...
100993 microseconds
Fault on PT_F35(0X246 -> 0X2ff)
3000105 microseconds
timeout
[ 2016-10-27 4:43:37]Process 9390 termed with signal 14(SIGALRM)
PT_F35-8_low_1-100 Test Num : 21
Inject into ../bin/hello
----- Type : 8_low_1 Pos : PT_F35 -----
There are 1 faults will be injected in faulttable...
101001 microseconds
Fault on PT_F35(0X246 -> 0X2ff)
3000079 microseconds
timeout
[ 2016-10-27 4:43:40]Process 9392 termed with signal 14(SIGALRM)
PT_F35-8_low_1-100 Test Num : 22
Inject into ../bin/hello
----- Type : 8_low_1 Pos : PT_F35 -----
There are 1 faults will be injected in faulttable...
101190 microseconds
Fault on PT_F35(0X246 -> 0X2ff)
3000068 microseconds
timeout
[ 2016-10-27 4:43:43]Process 9394 termed with signal 14(SIGALRM)
PT_F35-8_low_1-100 Test Num : 23
Inject into ../bin/hello
----- Type : 8_low_1 Pos : PT_F35 -----
There are 1 faults will be injected in faulttable...
100971 microseconds
Fault on PT_F35(0X246 -> 0X2ff)
3000093 microseconds
timeout
[ 2016-10-27 4:43:46]Process 9396 termed with signal 14(SIGALRM)
PT_F35-8_low_1-100 Test Num : 24
Inject into ../bin/hello
----- Type : 8_low_1 Pos : PT_F35 -----
There are 1 faults will be injected in faulttable...
101046 microseconds
Fault on PT_F35(0X246 -> 0X2ff)
3000063 microseconds
timeout
[ 2016-10-27 4:43:49]Process 9398 termed with signal 14(SIGALRM)
PT_F35-8_low_1-100 Test Num : 25
Inject into ../bin/hello
----- Type : 8_low_1 Pos : PT_F35 -----
There are 1 faults will be injected in faulttable...
101104 microseconds
Fault on PT_F35(0X246 -> 0X2ff)
3000110 microseconds
timeout
[ 2016-10-27 4:43:52]Process 9400 termed with signal 14(SIGALRM)
PT_F35-8_low_1-100 Test Num : 26
Inject into ../bin/hello
----- Type : 8_low_1 Pos : PT_F35 -----
There are 1 faults will be injected in faulttable...
100941 microseconds
Fault on PT_F35(0X246 -> 0X2ff)
3000080 microseconds
timeout
[ 2016-10-27 4:43:55]Process 9402 termed with signal 14(SIGALRM)
PT_F35-8_low_1-100 Test Num : 27
Inject into ../bin/hello
----- Type : 8_low_1 Pos : PT_F35 -----
There are 1 faults will be injected in faulttable...
101057 microseconds
Fault on PT_F35(0X246 -> 0X2ff)
3000099 microseconds
timeout
[ 2016-10-27 4:43:58]Process 9404 termed with signal 14(SIGALRM)
PT_F35-8_low_1-100 Test Num : 28
Inject into ../bin/hello
----- Type : 8_low_1 Pos : PT_F35 -----
There are 1 faults will be injected in faulttable...
101148 microseconds
Fault on PT_F35(0X246 -> 0X2ff)
3000061 microseconds
timeout
[  2016-10-27 4:44:1]Process 9406 termed with signal 14(SIGALRM)
PT_F35-8_low_1-100 Test Num : 29
Inject into ../bin/hello
----- Type : 8_low_1 Pos : PT_F35 -----
There are 1 faults will be injected in faulttable...
101092 microseconds
Fault on PT_F35(0X246 -> 0X2ff)
3000123 microseconds
timeout
[  2016-10-27 4:44:5]Process 9408 termed with signal 14(SIGALRM)
PT_F35-8_low_1-100 Test Num : 30
Inject into ../bin/hello
----- Type : 8_low_1 Pos : PT_F35 -----
There are 1 faults will be injected in faulttable...
101081 microseconds
Fault on PT_F35(0X246 -> 0X2ff)
3000057 microseconds
timeout
[  2016-10-27 4:44:8]Process 9410 termed with signal 14(SIGALRM)
PT_F35-8_low_1-100 Test Num : 31
Inject into ../bin/hello
----- Type : 8_low_1 Pos : PT_F35 -----
There are 1 faults will be injected in faulttable...
100873 microseconds
Fault on PT_F35(0X246 -> 0X2ff)
3000058 microseconds
timeout
[ 2016-10-27 4:44:11]Process 9412 termed with signal 14(SIGALRM)
PT_F35-8_low_1-100 Test Num : 32
Inject into ../bin/hello
----- Type : 8_low_1 Pos : PT_F35 -----
There are 1 faults will be injected in faulttable...
100102 microseconds
Fault on PT_F35(0X246 -> 0X2ff)
3000156 microseconds
timeout
[ 2016-10-27 4:44:14]Process 9414 termed with signal 14(SIGALRM)
PT_F35-8_low_1-100 Test Num : 33
Inject into ../bin/hello
----- Type : 8_low_1 Pos : PT_F35 -----
There are 1 faults will be injected in faulttable...
100080 microseconds
Fault on PT_F35(0X246 -> 0X2ff)
3000138 microseconds
timeout
[ 2016-10-27 4:44:17]Process 9416 termed with signal 14(SIGALRM)
PT_F35-8_low_1-100 Test Num : 34
Inject into ../bin/hello
----- Type : 8_low_1 Pos : PT_F35 -----
There are 1 faults will be injected in faulttable...
101022 microseconds
Fault on PT_F35(0X246 -> 0X2ff)
3000066 microseconds
timeout
[ 2016-10-27 4:44:20]Process 9418 termed with signal 14(SIGALRM)
PT_F35-8_low_1-100 Test Num : 35
Inject into ../bin/hello
----- Type : 8_low_1 Pos : PT_F35 -----
There are 1 faults will be injected in faulttable...
100067 microseconds
Fault on PT_F35(0X246 -> 0X2ff)
3000087 microseconds
timeout
[ 2016-10-27 4:44:23]Process 9420 termed with signal 14(SIGALRM)
PT_F35-8_low_1-100 Test Num : 36
Inject into ../bin/hello
----- Type : 8_low_1 Pos : PT_F35 -----
There are 1 faults will be injected in faulttable...
101109 microseconds
Fault on PT_F35(0X246 -> 0X2ff)
3000089 microseconds
timeout
[ 2016-10-27 4:44:26]Process 9422 termed with signal 14(SIGALRM)
PT_F35-8_low_1-100 Test Num : 37
Inject into ../bin/hello
----- Type : 8_low_1 Pos : PT_F35 -----
There are 1 faults will be injected in faulttable...
101009 microseconds
Fault on PT_F35(0X246 -> 0X2ff)
3000086 microseconds
timeout
[ 2016-10-27 4:44:29]Process 9424 termed with signal 14(SIGALRM)
PT_F35-8_low_1-100 Test Num : 38
Inject into ../bin/hello
----- Type : 8_low_1 Pos : PT_F35 -----
There are 1 faults will be injected in faulttable...
101069 microseconds
Fault on PT_F35(0X246 -> 0X2ff)
3000135 microseconds
timeout
[ 2016-10-27 4:44:33]Process 9426 termed with signal 14(SIGALRM)
PT_F35-8_low_1-100 Test Num : 39
Inject into ../bin/hello
----- Type : 8_low_1 Pos : PT_F35 -----
There are 1 faults will be injected in faulttable...
101027 microseconds
Fault on PT_F35(0X246 -> 0X2ff)
3000086 microseconds
timeout
[ 2016-10-27 4:44:36]Process 9428 termed with signal 14(SIGALRM)
PT_F35-8_low_1-100 Test Num : 40
Inject into ../bin/hello
----- Type : 8_low_1 Pos : PT_F35 -----
There are 1 faults will be injected in faulttable...
101000 microseconds
Fault on PT_F35(0X246 -> 0X2ff)
3000091 microseconds
timeout
[ 2016-10-27 4:44:39]Process 9430 termed with signal 14(SIGALRM)
PT_F35-8_low_1-100 Test Num : 41
Inject into ../bin/hello
----- Type : 8_low_1 Pos : PT_F35 -----
There are 1 faults will be injected in faulttable...
100130 microseconds
Fault on PT_F35(0X246 -> 0X2ff)
3000084 microseconds
timeout
[ 2016-10-27 4:44:42]Process 9432 termed with signal 14(SIGALRM)
PT_F35-8_low_1-100 Test Num : 42
Inject into ../bin/hello
----- Type : 8_low_1 Pos : PT_F35 -----
There are 1 faults will be injected in faulttable...
101004 microseconds
Fault on PT_F35(0X246 -> 0X2ff)
3000051 microseconds
timeout
[ 2016-10-27 4:44:45]Process 9434 termed with signal 14(SIGALRM)
PT_F35-8_low_1-100 Test Num : 43
Inject into ../bin/hello
----- Type : 8_low_1 Pos : PT_F35 -----
There are 1 faults will be injected in faulttable...
101057 microseconds
Fault on PT_F35(0X246 -> 0X2ff)
3000059 microseconds
timeout
[ 2016-10-27 4:44:48]Process 9436 termed with signal 14(SIGALRM)
PT_F35-8_low_1-100 Test Num : 44
Inject into ../bin/hello
----- Type : 8_low_1 Pos : PT_F35 -----
There are 1 faults will be injected in faulttable...
100871 microseconds
Fault on PT_F35(0X246 -> 0X2ff)
3000096 microseconds
timeout
[ 2016-10-27 4:44:51]Process 9438 termed with signal 14(SIGALRM)
PT_F35-8_low_1-100 Test Num : 45
Inject into ../bin/hello
----- Type : 8_low_1 Pos : PT_F35 -----
There are 1 faults will be injected in faulttable...
101011 microseconds
Fault on PT_F35(0X246 -> 0X2ff)
3000137 microseconds
timeout
[ 2016-10-27 4:44:54]Process 9440 termed with signal 14(SIGALRM)
PT_F35-8_low_1-100 Test Num : 46
Inject into ../bin/hello
----- Type : 8_low_1 Pos : PT_F35 -----
There are 1 faults will be injected in faulttable...
100214 microseconds
Fault on PT_F35(0X246 -> 0X2ff)
3000102 microseconds
timeout
[ 2016-10-27 4:44:57]Process 9443 termed with signal 14(SIGALRM)
PT_F35-8_low_1-100 Test Num : 47
Inject into ../bin/hello
----- Type : 8_low_1 Pos : PT_F35 -----
There are 1 faults will be injected in faulttable...
101123 microseconds
Fault on PT_F35(0X246 -> 0X2ff)
3000074 microseconds
timeout
[  2016-10-27 4:45:1]Process 9445 termed with signal 14(SIGALRM)
PT_F35-8_low_1-100 Test Num : 48
Inject into ../bin/hello
----- Type : 8_low_1 Pos : PT_F35 -----
There are 1 faults will be injected in faulttable...
100085 microseconds
Fault on PT_F35(0X246 -> 0X2ff)
3000070 microseconds
timeout
[  2016-10-27 4:45:4]Process 9447 termed with signal 14(SIGALRM)
PT_F35-8_low_1-100 Test Num : 49
Inject into ../bin/hello
----- Type : 8_low_1 Pos : PT_F35 -----
There are 1 faults will be injected in faulttable...
101289 microseconds
Fault on PT_F35(0X246 -> 0X2ff)
3000130 microseconds
timeout
[  2016-10-27 4:45:7]Process 9449 termed with signal 14(SIGALRM)
PT_F35-8_low_1-100 Test Num : 50
Inject into ../bin/hello
----- Type : 8_low_1 Pos : PT_F35 -----
There are 1 faults will be injected in faulttable...
101181 microseconds
Fault on PT_F35(0X246 -> 0X2ff)
3000083 microseconds
timeout
[ 2016-10-27 4:45:10]Process 9451 termed with signal 14(SIGALRM)
PT_F35-8_low_1-100 Test Num : 51
Inject into ../bin/hello
----- Type : 8_low_1 Pos : PT_F35 -----
There are 1 faults will be injected in faulttable...
101048 microseconds
Fault on PT_F35(0X246 -> 0X2ff)
3000052 microseconds
timeout
[ 2016-10-27 4:45:13]Process 9453 termed with signal 14(SIGALRM)
PT_F35-8_low_1-100 Test Num : 52
Inject into ../bin/hello
----- Type : 8_low_1 Pos : PT_F35 -----
There are 1 faults will be injected in faulttable...
101045 microseconds
Fault on PT_F35(0X246 -> 0X2ff)
3000109 microseconds
timeout
[ 2016-10-27 4:45:16]Process 9455 termed with signal 14(SIGALRM)
PT_F35-8_low_1-100 Test Num : 53
Inject into ../bin/hello
----- Type : 8_low_1 Pos : PT_F35 -----
There are 1 faults will be injected in faulttable...
101080 microseconds
Fault on PT_F35(0X246 -> 0X2ff)
3000069 microseconds
timeout
[ 2016-10-27 4:45:19]Process 9457 termed with signal 14(SIGALRM)
PT_F35-8_low_1-100 Test Num : 54
Inject into ../bin/hello
----- Type : 8_low_1 Pos : PT_F35 -----
There are 1 faults will be injected in faulttable...
100965 microseconds
Fault on PT_F35(0X246 -> 0X2ff)
3000072 microseconds
timeout
[ 2016-10-27 4:45:22]Process 9459 termed with signal 14(SIGALRM)
PT_F35-8_low_1-100 Test Num : 55
Inject into ../bin/hello
----- Type : 8_low_1 Pos : PT_F35 -----
There are 1 faults will be injected in faulttable...
100913 microseconds
Fault on PT_F35(0X246 -> 0X2ff)
3000095 microseconds
timeout
[ 2016-10-27 4:45:26]Process 9461 termed with signal 14(SIGALRM)
PT_F35-8_low_1-100 Test Num : 56
Inject into ../bin/hello
----- Type : 8_low_1 Pos : PT_F35 -----
There are 1 faults will be injected in faulttable...
100969 microseconds
Fault on PT_F35(0X246 -> 0X2ff)
3000060 microseconds
timeout
[ 2016-10-27 4:45:29]Process 9463 termed with signal 14(SIGALRM)
PT_F35-8_low_1-100 Test Num : 57
Inject into ../bin/hello
----- Type : 8_low_1 Pos : PT_F35 -----
There are 1 faults will be injected in faulttable...
101044 microseconds
Fault on PT_F35(0X246 -> 0X2ff)
3000064 microseconds
timeout
[ 2016-10-27 4:45:32]Process 9465 termed with signal 14(SIGALRM)
PT_F35-8_low_1-100 Test Num : 58
Inject into ../bin/hello
----- Type : 8_low_1 Pos : PT_F35 -----
There are 1 faults will be injected in faulttable...
100965 microseconds
Fault on PT_F35(0X246 -> 0X2ff)
3000065 microseconds
timeout
[ 2016-10-27 4:45:35]Process 9467 termed with signal 14(SIGALRM)
PT_F35-8_low_1-100 Test Num : 59
Inject into ../bin/hello
----- Type : 8_low_1 Pos : PT_F35 -----
There are 1 faults will be injected in faulttable...
100084 microseconds
Fault on PT_F35(0X246 -> 0X2ff)
3000066 microseconds
timeout
[ 2016-10-27 4:45:38]Process 9469 termed with signal 14(SIGALRM)
PT_F35-8_low_1-100 Test Num : 60
Inject into ../bin/hello
----- Type : 8_low_1 Pos : PT_F35 -----
There are 1 faults will be injected in faulttable...
101080 microseconds
Fault on PT_F35(0X246 -> 0X2ff)
3000071 microseconds
timeout
[ 2016-10-27 4:45:41]Process 9471 termed with signal 14(SIGALRM)
PT_F35-8_low_1-100 Test Num : 61
Inject into ../bin/hello
----- Type : 8_low_1 Pos : PT_F35 -----
There are 1 faults will be injected in faulttable...
100976 microseconds
Fault on PT_F35(0X246 -> 0X2ff)
3000098 microseconds
timeout
[ 2016-10-27 4:45:44]Process 9473 termed with signal 14(SIGALRM)
PT_F35-8_low_1-100 Test Num : 62
Inject into ../bin/hello
----- Type : 8_low_1 Pos : PT_F35 -----
There are 1 faults will be injected in faulttable...
101012 microseconds
Fault on PT_F35(0X246 -> 0X2ff)
3000080 microseconds
timeout
[ 2016-10-27 4:45:47]Process 9475 termed with signal 14(SIGALRM)
PT_F35-8_low_1-100 Test Num : 63
Inject into ../bin/hello
----- Type : 8_low_1 Pos : PT_F35 -----
There are 1 faults will be injected in faulttable...
100212 microseconds
Fault on PT_F35(0X246 -> 0X2ff)
3000081 microseconds
timeout
[ 2016-10-27 4:45:50]Process 9477 termed with signal 14(SIGALRM)
PT_F35-8_low_1-100 Test Num : 64
Inject into ../bin/hello
----- Type : 8_low_1 Pos : PT_F35 -----
There are 1 faults will be injected in faulttable...
101234 microseconds
Fault on PT_F35(0X246 -> 0X2ff)
3000104 microseconds
timeout
[ 2016-10-27 4:45:54]Process 9479 termed with signal 14(SIGALRM)
PT_F35-8_low_1-100 Test Num : 65
Inject into ../bin/hello
----- Type : 8_low_1 Pos : PT_F35 -----
There are 1 faults will be injected in faulttable...
101188 microseconds
Fault on PT_F35(0X246 -> 0X2ff)
3000092 microseconds
timeout
[ 2016-10-27 4:45:57]Process 9481 termed with signal 14(SIGALRM)
PT_F35-8_low_1-100 Test Num : 66
Inject into ../bin/hello
----- Type : 8_low_1 Pos : PT_F35 -----
There are 1 faults will be injected in faulttable...
101064 microseconds
Fault on PT_F35(0X246 -> 0X2ff)
3000108 microseconds
timeout
[  2016-10-27 4:46:0]Process 9483 termed with signal 14(SIGALRM)
PT_F35-8_low_1-100 Test Num : 67
Inject into ../bin/hello
----- Type : 8_low_1 Pos : PT_F35 -----
There are 1 faults will be injected in faulttable...
100957 microseconds
Fault on PT_F35(0X246 -> 0X2ff)
3000064 microseconds
timeout
[  2016-10-27 4:46:3]Process 9485 termed with signal 14(SIGALRM)
PT_F35-8_low_1-100 Test Num : 68
Inject into ../bin/hello
----- Type : 8_low_1 Pos : PT_F35 -----
There are 1 faults will be injected in faulttable...
100104 microseconds
Fault on PT_F35(0X246 -> 0X2ff)
3000070 microseconds
timeout
[  2016-10-27 4:46:6]Process 9487 termed with signal 14(SIGALRM)
PT_F35-8_low_1-100 Test Num : 69
Inject into ../bin/hello
----- Type : 8_low_1 Pos : PT_F35 -----
There are 1 faults will be injected in faulttable...
101118 microseconds
Fault on PT_F35(0X246 -> 0X2ff)
3000068 microseconds
timeout
[  2016-10-27 4:46:9]Process 9489 termed with signal 14(SIGALRM)
PT_F35-8_low_1-100 Test Num : 70
Inject into ../bin/hello
----- Type : 8_low_1 Pos : PT_F35 -----
There are 1 faults will be injected in faulttable...
101192 microseconds
Fault on PT_F35(0X246 -> 0X2ff)
3000073 microseconds
timeout
[ 2016-10-27 4:46:12]Process 9491 termed with signal 14(SIGALRM)
PT_F35-8_low_1-100 Test Num : 71
Inject into ../bin/hello
----- Type : 8_low_1 Pos : PT_F35 -----
There are 1 faults will be injected in faulttable...
101357 microseconds
Fault on PT_F35(0X246 -> 0X2ff)
3000084 microseconds
timeout
[ 2016-10-27 4:46:15]Process 9493 termed with signal 14(SIGALRM)
PT_F35-8_low_1-100 Test Num : 72
Inject into ../bin/hello
----- Type : 8_low_1 Pos : PT_F35 -----
There are 1 faults will be injected in faulttable...
101499 microseconds
Fault on PT_F35(0X246 -> 0X2ff)
3000090 microseconds
timeout
[ 2016-10-27 4:46:18]Process 9495 termed with signal 14(SIGALRM)
PT_F35-8_low_1-100 Test Num : 73
Inject into ../bin/hello
----- Type : 8_low_1 Pos : PT_F35 -----
There are 1 faults will be injected in faulttable...
100161 microseconds
Fault on PT_F35(0X246 -> 0X2ff)
3000083 microseconds
timeout
[ 2016-10-27 4:46:22]Process 9497 termed with signal 14(SIGALRM)
PT_F35-8_low_1-100 Test Num : 74
Inject into ../bin/hello
----- Type : 8_low_1 Pos : PT_F35 -----
There are 1 faults will be injected in faulttable...
100923 microseconds
Fault on PT_F35(0X246 -> 0X2ff)
3000061 microseconds
timeout
[ 2016-10-27 4:46:25]Process 9499 termed with signal 14(SIGALRM)
PT_F35-8_low_1-100 Test Num : 75
Inject into ../bin/hello
----- Type : 8_low_1 Pos : PT_F35 -----
There are 1 faults will be injected in faulttable...
101046 microseconds
Fault on PT_F35(0X246 -> 0X2ff)
3000076 microseconds
timeout
[ 2016-10-27 4:46:28]Process 9501 termed with signal 14(SIGALRM)
PT_F35-8_low_1-100 Test Num : 76
Inject into ../bin/hello
----- Type : 8_low_1 Pos : PT_F35 -----
There are 1 faults will be injected in faulttable...
100093 microseconds
Fault on PT_F35(0X246 -> 0X2ff)
3000102 microseconds
timeout
[ 2016-10-27 4:46:31]Process 9503 termed with signal 14(SIGALRM)
PT_F35-8_low_1-100 Test Num : 77
Inject into ../bin/hello
----- Type : 8_low_1 Pos : PT_F35 -----
There are 1 faults will be injected in faulttable...
100966 microseconds
Fault on PT_F35(0X246 -> 0X2ff)
3000131 microseconds
timeout
[ 2016-10-27 4:46:34]Process 9505 termed with signal 14(SIGALRM)
PT_F35-8_low_1-100 Test Num : 78
Inject into ../bin/hello
----- Type : 8_low_1 Pos : PT_F35 -----
There are 1 faults will be injected in faulttable...
100112 microseconds
Fault on PT_F35(0X246 -> 0X2ff)
3000059 microseconds
timeout
[ 2016-10-27 4:46:37]Process 9507 termed with signal 14(SIGALRM)
PT_F35-8_low_1-100 Test Num : 79
Inject into ../bin/hello
----- Type : 8_low_1 Pos : PT_F35 -----
There are 1 faults will be injected in faulttable...
101098 microseconds
Fault on PT_F35(0X246 -> 0X2ff)
3000110 microseconds
timeout
[ 2016-10-27 4:46:40]Process 9509 termed with signal 14(SIGALRM)
PT_F35-8_low_1-100 Test Num : 80
Inject into ../bin/hello
----- Type : 8_low_1 Pos : PT_F35 -----
There are 1 faults will be injected in faulttable...
101502 microseconds
Fault on PT_F35(0X246 -> 0X2ff)
3000103 microseconds
timeout
[ 2016-10-27 4:46:43]Process 9511 termed with signal 14(SIGALRM)
PT_F35-8_low_1-100 Test Num : 81
Inject into ../bin/hello
----- Type : 8_low_1 Pos : PT_F35 -----
There are 1 faults will be injected in faulttable...
100091 microseconds
Fault on PT_F35(0X246 -> 0X2ff)
3000282 microseconds
timeout
[ 2016-10-27 4:46:46]Process 9513 termed with signal 14(SIGALRM)
PT_F35-8_low_1-100 Test Num : 82
Inject into ../bin/hello
----- Type : 8_low_1 Pos : PT_F35 -----
There are 1 faults will be injected in faulttable...
101007 microseconds
Fault on PT_F35(0X246 -> 0X2ff)
3000066 microseconds
timeout
[ 2016-10-27 4:46:50]Process 9515 termed with signal 14(SIGALRM)
PT_F35-8_low_1-100 Test Num : 83
Inject into ../bin/hello
----- Type : 8_low_1 Pos : PT_F35 -----
There are 1 faults will be injected in faulttable...
101087 microseconds
Fault on PT_F35(0X246 -> 0X2ff)
3000096 microseconds
timeout
[ 2016-10-27 4:46:53]Process 9517 termed with signal 14(SIGALRM)
PT_F35-8_low_1-100 Test Num : 84
Inject into ../bin/hello
----- Type : 8_low_1 Pos : PT_F35 -----
There are 1 faults will be injected in faulttable...
101039 microseconds
Fault on PT_F35(0X246 -> 0X2ff)
3000123 microseconds
timeout
[ 2016-10-27 4:46:56]Process 9519 termed with signal 14(SIGALRM)
PT_F35-8_low_1-100 Test Num : 85
Inject into ../bin/hello
----- Type : 8_low_1 Pos : PT_F35 -----
There are 1 faults will be injected in faulttable...
100988 microseconds
Fault on PT_F35(0X246 -> 0X2ff)
3000099 microseconds
timeout
[ 2016-10-27 4:46:59]Process 9521 termed with signal 14(SIGALRM)
PT_F35-8_low_1-100 Test Num : 86
Inject into ../bin/hello
----- Type : 8_low_1 Pos : PT_F35 -----
There are 1 faults will be injected in faulttable...
101147 microseconds
Fault on PT_F35(0X246 -> 0X2ff)
3000082 microseconds
timeout
[  2016-10-27 4:47:2]Process 9523 termed with signal 14(SIGALRM)
PT_F35-8_low_1-100 Test Num : 87
Inject into ../bin/hello
----- Type : 8_low_1 Pos : PT_F35 -----
There are 1 faults will be injected in faulttable...
100990 microseconds
Fault on PT_F35(0X246 -> 0X2ff)
3000071 microseconds
timeout
[  2016-10-27 4:47:5]Process 9525 termed with signal 14(SIGALRM)
PT_F35-8_low_1-100 Test Num : 88
Inject into ../bin/hello
----- Type : 8_low_1 Pos : PT_F35 -----
There are 1 faults will be injected in faulttable...
101050 microseconds
Fault on PT_F35(0X246 -> 0X2ff)
3000070 microseconds
timeout
[  2016-10-27 4:47:8]Process 9527 termed with signal 14(SIGALRM)
PT_F35-8_low_1-100 Test Num : 89
Inject into ../bin/hello
----- Type : 8_low_1 Pos : PT_F35 -----
There are 1 faults will be injected in faulttable...
100987 microseconds
Fault on PT_F35(0X246 -> 0X2ff)
3000062 microseconds
timeout
[ 2016-10-27 4:47:11]Process 9529 termed with signal 14(SIGALRM)
PT_F35-8_low_1-100 Test Num : 90
Inject into ../bin/hello
----- Type : 8_low_1 Pos : PT_F35 -----
There are 1 faults will be injected in faulttable...
101029 microseconds
Fault on PT_F35(0X246 -> 0X2ff)
3000092 microseconds
timeout
[ 2016-10-27 4:47:14]Process 9531 termed with signal 14(SIGALRM)
PT_F35-8_low_1-100 Test Num : 91
Inject into ../bin/hello
----- Type : 8_low_1 Pos : PT_F35 -----
There are 1 faults will be injected in faulttable...
101126 microseconds
Fault on PT_F35(0X246 -> 0X2ff)
3000107 microseconds
timeout
[ 2016-10-27 4:47:18]Process 9533 termed with signal 14(SIGALRM)
PT_F35-8_low_1-100 Test Num : 92
Inject into ../bin/hello
----- Type : 8_low_1 Pos : PT_F35 -----
There are 1 faults will be injected in faulttable...
100091 microseconds
Fault on PT_F35(0X246 -> 0X2ff)
3000099 microseconds
timeout
[ 2016-10-27 4:47:21]Process 9535 termed with signal 14(SIGALRM)
PT_F35-8_low_1-100 Test Num : 93
Inject into ../bin/hello
----- Type : 8_low_1 Pos : PT_F35 -----
There are 1 faults will be injected in faulttable...
101144 microseconds
Fault on PT_F35(0X246 -> 0X2ff)
3000097 microseconds
timeout
[ 2016-10-27 4:47:24]Process 9537 termed with signal 14(SIGALRM)
PT_F35-8_low_1-100 Test Num : 94
Inject into ../bin/hello
----- Type : 8_low_1 Pos : PT_F35 -----
There are 1 faults will be injected in faulttable...
100925 microseconds
Fault on PT_F35(0X246 -> 0X2ff)
3000057 microseconds
timeout
[ 2016-10-27 4:47:27]Process 9539 termed with signal 14(SIGALRM)
PT_F35-8_low_1-100 Test Num : 95
Inject into ../bin/hello
----- Type : 8_low_1 Pos : PT_F35 -----
There are 1 faults will be injected in faulttable...
101334 microseconds
Fault on PT_F35(0X246 -> 0X2ff)
3000114 microseconds
timeout
[ 2016-10-27 4:47:30]Process 9541 termed with signal 14(SIGALRM)
PT_F35-8_low_1-100 Test Num : 96
Inject into ../bin/hello
----- Type : 8_low_1 Pos : PT_F35 -----
There are 1 faults will be injected in faulttable...
101175 microseconds
Fault on PT_F35(0X246 -> 0X2ff)
3000090 microseconds
timeout
[ 2016-10-27 4:47:33]Process 9543 termed with signal 14(SIGALRM)
PT_F35-8_low_1-100 Test Num : 97
Inject into ../bin/hello
----- Type : 8_low_1 Pos : PT_F35 -----
There are 1 faults will be injected in faulttable...
100925 microseconds
Fault on PT_F35(0X246 -> 0X2ff)
3000091 microseconds
timeout
[ 2016-10-27 4:47:36]Process 9545 termed with signal 14(SIGALRM)
PT_F35-8_low_1-100 Test Num : 98
Inject into ../bin/hello
----- Type : 8_low_1 Pos : PT_F35 -----
There are 1 faults will be injected in faulttable...
100982 microseconds
Fault on PT_F35(0X246 -> 0X2ff)
3000102 microseconds
timeout
[ 2016-10-27 4:47:39]Process 9547 termed with signal 14(SIGALRM)
PT_F35-8_low_1-100 Test Num : 99
Inject into ../bin/hello
----- Type : 8_low_1 Pos : PT_F35 -----
There are 1 faults will be injected in faulttable...
100994 microseconds
Fault on PT_F35(0X246 -> 0X2ff)
3000093 microseconds
timeout
[ 2016-10-27 4:47:42]Process 9549 termed with signal 14(SIGALRM)
PT_F35-8_low_1-100 Test Num : 100
Inject into ../bin/hello
----- Type : 8_low_1 Pos : PT_F35 -----
There are 1 faults will be injected in faulttable...
100925 microseconds
Fault on PT_F35(0X246 -> 0X2ff)
3000064 microseconds
timeout
[ 2016-10-27 4:47:46]Process 9551 termed with signal 14(SIGALRM)
