PT_F32-1_bit_flip-150 Test Num : 1
Inject into ../bin/hello
----- Type : 1_bit_flip Pos : PT_F32 -----
There are 1 faults will be injected in faulttable...
101182 microseconds
Fault on PT_F32(0X0 -> 0X200000)
3000097 microseconds
timeout
[2016-10-27 10:31:52]Process 4255 termed with signal 14(SIGALRM)
PT_F32-1_bit_flip-150 Test Num : 2
Inject into ../bin/hello
----- Type : 1_bit_flip Pos : PT_F32 -----
There are 1 faults will be injected in faulttable...
100977 microseconds
Fault on PT_F32(0X0 -> 0X4000000)
3000093 microseconds
timeout
[2016-10-27 10:31:55]Process 4257 termed with signal 14(SIGALRM)
PT_F32-1_bit_flip-150 Test Num : 3
Inject into ../bin/hello
----- Type : 1_bit_flip Pos : PT_F32 -----
There are 1 faults will be injected in faulttable...
101628 microseconds
Fault on PT_F32(0X0 -> 0X200000000000)
3000099 microseconds
timeout
[2016-10-27 10:31:58]Process 4259 termed with signal 14(SIGALRM)
PT_F32-1_bit_flip-150 Test Num : 4
Inject into ../bin/hello
----- Type : 1_bit_flip Pos : PT_F32 -----
There are 1 faults will be injected in faulttable...
101516 microseconds
Fault on PT_F32(0X0 -> 0X200000000)
3000095 microseconds
timeout
[ 2016-10-27 10:32:2]Process 4261 termed with signal 14(SIGALRM)
PT_F32-1_bit_flip-150 Test Num : 5
Inject into ../bin/hello
----- Type : 1_bit_flip Pos : PT_F32 -----
There are 1 faults will be injected in faulttable...
100216 microseconds
Fault on PT_F32(0X0 -> 0X20)
3000074 microseconds
timeout
[ 2016-10-27 10:32:5]Process 4263 termed with signal 14(SIGALRM)
PT_F32-1_bit_flip-150 Test Num : 6
Inject into ../bin/hello
----- Type : 1_bit_flip Pos : PT_F32 -----
There are 1 faults will be injected in faulttable...
100938 microseconds
Fault on PT_F32(0X0 -> 0X40000000000)
3000075 microseconds
timeout
[ 2016-10-27 10:32:8]Process 4265 termed with signal 14(SIGALRM)
PT_F32-1_bit_flip-150 Test Num : 7
Inject into ../bin/hello
----- Type : 1_bit_flip Pos : PT_F32 -----
There are 1 faults will be injected in faulttable...
101091 microseconds
Fault on PT_F32(0X0 -> 0X4000000000000)
3000066 microseconds
timeout
[2016-10-27 10:32:11]Process 4267 termed with signal 14(SIGALRM)
PT_F32-1_bit_flip-150 Test Num : 8
Inject into ../bin/hello
----- Type : 1_bit_flip Pos : PT_F32 -----
There are 1 faults will be injected in faulttable...
101019 microseconds
Fault on PT_F32(0X0 -> 0X8000000000000000)
3000081 microseconds
timeout
[2016-10-27 10:32:14]Process 4269 termed with signal 14(SIGALRM)
PT_F32-1_bit_flip-150 Test Num : 9
Inject into ../bin/hello
----- Type : 1_bit_flip Pos : PT_F32 -----
There are 1 faults will be injected in faulttable...
100981 microseconds
Fault on PT_F32(0X0 -> 0X8)
3000094 microseconds
timeout
[2016-10-27 10:32:17]Process 4271 termed with signal 14(SIGALRM)
PT_F32-1_bit_flip-150 Test Num : 10
Inject into ../bin/hello
----- Type : 1_bit_flip Pos : PT_F32 -----
There are 1 faults will be injected in faulttable...
101128 microseconds
Fault on PT_F32(0X0 -> 0X800000000)
3000130 microseconds
timeout
[2016-10-27 10:32:20]Process 4273 termed with signal 14(SIGALRM)
PT_F32-1_bit_flip-150 Test Num : 11
Inject into ../bin/hello
----- Type : 1_bit_flip Pos : PT_F32 -----
There are 1 faults will be injected in faulttable...
101006 microseconds
Fault on PT_F32(0X0 -> 0X40000000000000)
3000087 microseconds
timeout
[2016-10-27 10:32:23]Process 4275 termed with signal 14(SIGALRM)
PT_F32-1_bit_flip-150 Test Num : 12
Inject into ../bin/hello
----- Type : 1_bit_flip Pos : PT_F32 -----
There are 1 faults will be injected in faulttable...
101211 microseconds
Fault on PT_F32(0X0 -> 0X40000000)
3000080 microseconds
timeout
[2016-10-27 10:32:26]Process 4277 termed with signal 14(SIGALRM)
PT_F32-1_bit_flip-150 Test Num : 13
Inject into ../bin/hello
----- Type : 1_bit_flip Pos : PT_F32 -----
There are 1 faults will be injected in faulttable...
101182 microseconds
Fault on PT_F32(0X0 -> 0X40000)
3000110 microseconds
timeout
[2016-10-27 10:32:30]Process 4279 termed with signal 14(SIGALRM)
PT_F32-1_bit_flip-150 Test Num : 14
Inject into ../bin/hello
----- Type : 1_bit_flip Pos : PT_F32 -----
There are 1 faults will be injected in faulttable...
100998 microseconds
Fault on PT_F32(0X0 -> 0X1000000000)
3000073 microseconds
timeout
[2016-10-27 10:32:33]Process 4281 termed with signal 14(SIGALRM)
PT_F32-1_bit_flip-150 Test Num : 15
Inject into ../bin/hello
----- Type : 1_bit_flip Pos : PT_F32 -----
There are 1 faults will be injected in faulttable...
101705 microseconds
Fault on PT_F32(0X0 -> 0X8)
3000084 microseconds
timeout
[2016-10-27 10:32:36]Process 4283 termed with signal 14(SIGALRM)
PT_F32-1_bit_flip-150 Test Num : 16
Inject into ../bin/hello
----- Type : 1_bit_flip Pos : PT_F32 -----
There are 1 faults will be injected in faulttable...
100066 microseconds
Fault on PT_F32(0X0 -> 0X40000)
3000078 microseconds
timeout
[2016-10-27 10:32:39]Process 4285 termed with signal 14(SIGALRM)
PT_F32-1_bit_flip-150 Test Num : 17
Inject into ../bin/hello
----- Type : 1_bit_flip Pos : PT_F32 -----
There are 1 faults will be injected in faulttable...
101128 microseconds
Fault on PT_F32(0X0 -> 0X1000000000)
3000126 microseconds
timeout
[2016-10-27 10:32:42]Process 4287 termed with signal 14(SIGALRM)
PT_F32-1_bit_flip-150 Test Num : 18
Inject into ../bin/hello
----- Type : 1_bit_flip Pos : PT_F32 -----
There are 1 faults will be injected in faulttable...
101100 microseconds
Fault on PT_F32(0X0 -> 0X100000)
3000079 microseconds
timeout
[2016-10-27 10:32:45]Process 4289 termed with signal 14(SIGALRM)
PT_F32-1_bit_flip-150 Test Num : 19
Inject into ../bin/hello
----- Type : 1_bit_flip Pos : PT_F32 -----
There are 1 faults will be injected in faulttable...
101042 microseconds
Fault on PT_F32(0X0 -> 0X20000000000)
3000095 microseconds
timeout
[2016-10-27 10:32:48]Process 4291 termed with signal 14(SIGALRM)
PT_F32-1_bit_flip-150 Test Num : 20
Inject into ../bin/hello
----- Type : 1_bit_flip Pos : PT_F32 -----
There are 1 faults will be injected in faulttable...
100272 microseconds
Fault on PT_F32(0X0 -> 0X10)
3000090 microseconds
timeout
[2016-10-27 10:32:51]Process 4293 termed with signal 14(SIGALRM)
PT_F32-1_bit_flip-150 Test Num : 21
Inject into ../bin/hello
----- Type : 1_bit_flip Pos : PT_F32 -----
There are 1 faults will be injected in faulttable...
101087 microseconds
Fault on PT_F32(0X0 -> 0X80)
3000091 microseconds
timeout
[2016-10-27 10:32:54]Process 4295 termed with signal 14(SIGALRM)
PT_F32-1_bit_flip-150 Test Num : 22
Inject into ../bin/hello
----- Type : 1_bit_flip Pos : PT_F32 -----
There are 1 faults will be injected in faulttable...
100077 microseconds
Fault on PT_F32(0X0 -> 0X400000000000000)
3000065 microseconds
timeout
[2016-10-27 10:32:58]Process 4297 termed with signal 14(SIGALRM)
PT_F32-1_bit_flip-150 Test Num : 23
Inject into ../bin/hello
----- Type : 1_bit_flip Pos : PT_F32 -----
There are 1 faults will be injected in faulttable...
100963 microseconds
Fault on PT_F32(0X0 -> 0X10000000)
3000078 microseconds
timeout
[ 2016-10-27 10:33:1]Process 4299 termed with signal 14(SIGALRM)
PT_F32-1_bit_flip-150 Test Num : 24
Inject into ../bin/hello
----- Type : 1_bit_flip Pos : PT_F32 -----
There are 1 faults will be injected in faulttable...
100122 microseconds
Fault on PT_F32(0X0 -> 0X8000)
3000080 microseconds
timeout
[ 2016-10-27 10:33:4]Process 4301 termed with signal 14(SIGALRM)
PT_F32-1_bit_flip-150 Test Num : 25
Inject into ../bin/hello
----- Type : 1_bit_flip Pos : PT_F32 -----
There are 1 faults will be injected in faulttable...
101031 microseconds
Fault on PT_F32(0X0 -> 0X2)
3000083 microseconds
timeout
[ 2016-10-27 10:33:7]Process 4303 termed with signal 14(SIGALRM)
PT_F32-1_bit_flip-150 Test Num : 26
Inject into ../bin/hello
----- Type : 1_bit_flip Pos : PT_F32 -----
There are 1 faults will be injected in faulttable...
101203 microseconds
Fault on PT_F32(0X0 -> 0X4000000000)
3000052 microseconds
timeout
[2016-10-27 10:33:10]Process 4305 termed with signal 14(SIGALRM)
PT_F32-1_bit_flip-150 Test Num : 27
Inject into ../bin/hello
----- Type : 1_bit_flip Pos : PT_F32 -----
There are 1 faults will be injected in faulttable...
101096 microseconds
Fault on PT_F32(0X0 -> 0X1000000000000)
3000101 microseconds
timeout
[2016-10-27 10:33:13]Process 4307 termed with signal 14(SIGALRM)
PT_F32-1_bit_flip-150 Test Num : 28
Inject into ../bin/hello
----- Type : 1_bit_flip Pos : PT_F32 -----
There are 1 faults will be injected in faulttable...
101179 microseconds
Fault on PT_F32(0X0 -> 0X1000000000)
3000070 microseconds
timeout
[2016-10-27 10:33:16]Process 4309 termed with signal 14(SIGALRM)
PT_F32-1_bit_flip-150 Test Num : 29
Inject into ../bin/hello
----- Type : 1_bit_flip Pos : PT_F32 -----
There are 1 faults will be injected in faulttable...
101073 microseconds
Fault on PT_F32(0X0 -> 0X4000)
3000139 microseconds
timeout
[2016-10-27 10:33:19]Process 4311 termed with signal 14(SIGALRM)
PT_F32-1_bit_flip-150 Test Num : 30
Inject into ../bin/hello
----- Type : 1_bit_flip Pos : PT_F32 -----
There are 1 faults will be injected in faulttable...
101038 microseconds
Fault on PT_F32(0X0 -> 0X8000000000000000)
3000117 microseconds
timeout
[2016-10-27 10:33:22]Process 4313 termed with signal 14(SIGALRM)
PT_F32-1_bit_flip-150 Test Num : 31
Inject into ../bin/hello
----- Type : 1_bit_flip Pos : PT_F32 -----
There are 1 faults will be injected in faulttable...
101149 microseconds
Fault on PT_F32(0X0 -> 0X4000)
3000091 microseconds
timeout
[2016-10-27 10:33:26]Process 4315 termed with signal 14(SIGALRM)
PT_F32-1_bit_flip-150 Test Num : 32
Inject into ../bin/hello
----- Type : 1_bit_flip Pos : PT_F32 -----
There are 1 faults will be injected in faulttable...
100958 microseconds
Fault on PT_F32(0X0 -> 0X10000000000)
3000097 microseconds
timeout
[2016-10-27 10:33:29]Process 4317 termed with signal 14(SIGALRM)
PT_F32-1_bit_flip-150 Test Num : 33
Inject into ../bin/hello
----- Type : 1_bit_flip Pos : PT_F32 -----
There are 1 faults will be injected in faulttable...
101317 microseconds
Fault on PT_F32(0X0 -> 0X800000000000000)
3000066 microseconds
timeout
[2016-10-27 10:33:32]Process 4319 termed with signal 14(SIGALRM)
PT_F32-1_bit_flip-150 Test Num : 34
Inject into ../bin/hello
----- Type : 1_bit_flip Pos : PT_F32 -----
There are 1 faults will be injected in faulttable...
100970 microseconds
Fault on PT_F32(0X0 -> 0X40000)
3000066 microseconds
timeout
[2016-10-27 10:33:35]Process 4321 termed with signal 14(SIGALRM)
PT_F32-1_bit_flip-150 Test Num : 35
Inject into ../bin/hello
----- Type : 1_bit_flip Pos : PT_F32 -----
There are 1 faults will be injected in faulttable...
100971 microseconds
Fault on PT_F32(0X0 -> 0X200)
3000129 microseconds
timeout
[2016-10-27 10:33:38]Process 4323 termed with signal 14(SIGALRM)
PT_F32-1_bit_flip-150 Test Num : 36
Inject into ../bin/hello
----- Type : 1_bit_flip Pos : PT_F32 -----
There are 1 faults will be injected in faulttable...
101110 microseconds
Fault on PT_F32(0X0 -> 0X400000000000)
3000119 microseconds
timeout
[2016-10-27 10:33:41]Process 4325 termed with signal 14(SIGALRM)
PT_F32-1_bit_flip-150 Test Num : 37
Inject into ../bin/hello
----- Type : 1_bit_flip Pos : PT_F32 -----
There are 1 faults will be injected in faulttable...
100958 microseconds
Fault on PT_F32(0X0 -> 0X1000000000000)
3000076 microseconds
timeout
[2016-10-27 10:33:44]Process 4327 termed with signal 14(SIGALRM)
PT_F32-1_bit_flip-150 Test Num : 38
Inject into ../bin/hello
----- Type : 1_bit_flip Pos : PT_F32 -----
There are 1 faults will be injected in faulttable...
100994 microseconds
Fault on PT_F32(0X0 -> 0X4)
3000093 microseconds
timeout
[2016-10-27 10:33:47]Process 4329 termed with signal 14(SIGALRM)
PT_F32-1_bit_flip-150 Test Num : 39
Inject into ../bin/hello
----- Type : 1_bit_flip Pos : PT_F32 -----
There are 1 faults will be injected in faulttable...
100081 microseconds
Fault on PT_F32(0X0 -> 0X100000000)
3000116 microseconds
timeout
[2016-10-27 10:33:50]Process 4336 termed with signal 14(SIGALRM)
PT_F32-1_bit_flip-150 Test Num : 40
Inject into ../bin/hello
----- Type : 1_bit_flip Pos : PT_F32 -----
There are 1 faults will be injected in faulttable...
101041 microseconds
Fault on PT_F32(0X0 -> 0X800000000000)
3000066 microseconds
timeout
[2016-10-27 10:33:54]Process 4338 termed with signal 14(SIGALRM)
PT_F32-1_bit_flip-150 Test Num : 41
Inject into ../bin/hello
----- Type : 1_bit_flip Pos : PT_F32 -----
There are 1 faults will be injected in faulttable...
100102 microseconds
Fault on PT_F32(0X0 -> 0X400)
3000303 microseconds
timeout
[2016-10-27 10:33:57]Process 4340 termed with signal 14(SIGALRM)
PT_F32-1_bit_flip-150 Test Num : 42
Inject into ../bin/hello
----- Type : 1_bit_flip Pos : PT_F32 -----
There are 1 faults will be injected in faulttable...
101069 microseconds
Fault on PT_F32(0X0 -> 0X10000000000000)
3000097 microseconds
timeout
[ 2016-10-27 10:34:0]Process 4346 termed with signal 14(SIGALRM)
PT_F32-1_bit_flip-150 Test Num : 43
Inject into ../bin/hello
----- Type : 1_bit_flip Pos : PT_F32 -----
There are 1 faults will be injected in faulttable...
100968 microseconds
Fault on PT_F32(0X0 -> 0X400000000)
3000053 microseconds
timeout
[ 2016-10-27 10:34:3]Process 4348 termed with signal 14(SIGALRM)
PT_F32-1_bit_flip-150 Test Num : 44
Inject into ../bin/hello
----- Type : 1_bit_flip Pos : PT_F32 -----
There are 1 faults will be injected in faulttable...
100078 microseconds
Fault on PT_F32(0X0 -> 0X1000000000)
3000084 microseconds
timeout
[ 2016-10-27 10:34:6]Process 4353 termed with signal 14(SIGALRM)
PT_F32-1_bit_flip-150 Test Num : 45
Inject into ../bin/hello
----- Type : 1_bit_flip Pos : PT_F32 -----
There are 1 faults will be injected in faulttable...
101524 microseconds
Fault on PT_F32(0X0 -> 0X100)
3000079 microseconds
timeout
[ 2016-10-27 10:34:9]Process 4359 termed with signal 14(SIGALRM)
PT_F32-1_bit_flip-150 Test Num : 46
Inject into ../bin/hello
----- Type : 1_bit_flip Pos : PT_F32 -----
There are 1 faults will be injected in faulttable...
101117 microseconds
Fault on PT_F32(0X0 -> 0X800)
3000102 microseconds
timeout
[2016-10-27 10:34:12]Process 4361 termed with signal 14(SIGALRM)
PT_F32-1_bit_flip-150 Test Num : 47
Inject into ../bin/hello
----- Type : 1_bit_flip Pos : PT_F32 -----
There are 1 faults will be injected in faulttable...
100247 microseconds
Fault on PT_F32(0X0 -> 0X40000000)
3000124 microseconds
timeout
[2016-10-27 10:34:15]Process 4363 termed with signal 14(SIGALRM)
PT_F32-1_bit_flip-150 Test Num : 48
Inject into ../bin/hello
----- Type : 1_bit_flip Pos : PT_F32 -----
There are 1 faults will be injected in faulttable...
100123 microseconds
Fault on PT_F32(0X0 -> 0X400000)
3000130 microseconds
timeout
[2016-10-27 10:34:18]Process 4365 termed with signal 14(SIGALRM)
PT_F32-1_bit_flip-150 Test Num : 49
Inject into ../bin/hello
----- Type : 1_bit_flip Pos : PT_F32 -----
There are 1 faults will be injected in faulttable...
100979 microseconds
Fault on PT_F32(0X0 -> 0X100000000000)
3000107 microseconds
timeout
[2016-10-27 10:34:22]Process 4367 termed with signal 14(SIGALRM)
PT_F32-1_bit_flip-150 Test Num : 50
Inject into ../bin/hello
----- Type : 1_bit_flip Pos : PT_F32 -----
There are 1 faults will be injected in faulttable...
100951 microseconds
Fault on PT_F32(0X0 -> 0X4000)
3000062 microseconds
timeout
[2016-10-27 10:34:25]Process 4369 termed with signal 14(SIGALRM)
PT_F32-1_bit_flip-150 Test Num : 51
Inject into ../bin/hello
----- Type : 1_bit_flip Pos : PT_F32 -----
There are 1 faults will be injected in faulttable...
101023 microseconds
Fault on PT_F32(0X0 -> 0X100000000000000)
3000116 microseconds
timeout
[2016-10-27 10:34:28]Process 4371 termed with signal 14(SIGALRM)
PT_F32-1_bit_flip-150 Test Num : 52
Inject into ../bin/hello
----- Type : 1_bit_flip Pos : PT_F32 -----
There are 1 faults will be injected in faulttable...
101183 microseconds
Fault on PT_F32(0X0 -> 0X100000000000)
3000089 microseconds
timeout
[2016-10-27 10:34:31]Process 4373 termed with signal 14(SIGALRM)
PT_F32-1_bit_flip-150 Test Num : 53
Inject into ../bin/hello
----- Type : 1_bit_flip Pos : PT_F32 -----
There are 1 faults will be injected in faulttable...
101353 microseconds
Fault on PT_F32(0X0 -> 0X10000)
3000077 microseconds
timeout
[2016-10-27 10:34:34]Process 4375 termed with signal 14(SIGALRM)
PT_F32-1_bit_flip-150 Test Num : 54
Inject into ../bin/hello
----- Type : 1_bit_flip Pos : PT_F32 -----
There are 1 faults will be injected in faulttable...
101105 microseconds
Fault on PT_F32(0X0 -> 0X20000000000000)
3000102 microseconds
timeout
[2016-10-27 10:34:37]Process 4377 termed with signal 14(SIGALRM)
PT_F32-1_bit_flip-150 Test Num : 55
Inject into ../bin/hello
----- Type : 1_bit_flip Pos : PT_F32 -----
There are 1 faults will be injected in faulttable...
101228 microseconds
Fault on PT_F32(0X0 -> 0X400000000)
3000097 microseconds
timeout
[2016-10-27 10:34:40]Process 4379 termed with signal 14(SIGALRM)
PT_F32-1_bit_flip-150 Test Num : 56
Inject into ../bin/hello
----- Type : 1_bit_flip Pos : PT_F32 -----
There are 1 faults will be injected in faulttable...
101107 microseconds
Fault on PT_F32(0X0 -> 0X400000)
3000075 microseconds
timeout
[2016-10-27 10:34:43]Process 4381 termed with signal 14(SIGALRM)
PT_F32-1_bit_flip-150 Test Num : 57
Inject into ../bin/hello
----- Type : 1_bit_flip Pos : PT_F32 -----
There are 1 faults will be injected in faulttable...
100070 microseconds
Fault on PT_F32(0X0 -> 0X1)
3000059 microseconds
timeout
[2016-10-27 10:34:46]Process 4383 termed with signal 14(SIGALRM)
PT_F32-1_bit_flip-150 Test Num : 58
Inject into ../bin/hello
----- Type : 1_bit_flip Pos : PT_F32 -----
There are 1 faults will be injected in faulttable...
101086 microseconds
Fault on PT_F32(0X0 -> 0X20000000000)
3000080 microseconds
timeout
[2016-10-27 10:34:50]Process 4385 termed with signal 14(SIGALRM)
PT_F32-1_bit_flip-150 Test Num : 59
Inject into ../bin/hello
----- Type : 1_bit_flip Pos : PT_F32 -----
There are 1 faults will be injected in faulttable...
101232 microseconds
Fault on PT_F32(0X0 -> 0X8000)
3000086 microseconds
timeout
[2016-10-27 10:34:53]Process 4387 termed with signal 14(SIGALRM)
PT_F32-1_bit_flip-150 Test Num : 60
Inject into ../bin/hello
----- Type : 1_bit_flip Pos : PT_F32 -----
There are 1 faults will be injected in faulttable...
101094 microseconds
Fault on PT_F32(0X0 -> 0X4000)
3000072 microseconds
timeout
[2016-10-27 10:34:56]Process 4389 termed with signal 14(SIGALRM)
PT_F32-1_bit_flip-150 Test Num : 61
Inject into ../bin/hello
----- Type : 1_bit_flip Pos : PT_F32 -----
There are 1 faults will be injected in faulttable...
101106 microseconds
Fault on PT_F32(0X0 -> 0X10000000000)
3000113 microseconds
timeout
[2016-10-27 10:34:59]Process 4391 termed with signal 14(SIGALRM)
PT_F32-1_bit_flip-150 Test Num : 62
Inject into ../bin/hello
----- Type : 1_bit_flip Pos : PT_F32 -----
There are 1 faults will be injected in faulttable...
101397 microseconds
Fault on PT_F32(0X0 -> 0X8000000000)
3000071 microseconds
timeout
[ 2016-10-27 10:35:2]Process 4393 termed with signal 14(SIGALRM)
PT_F32-1_bit_flip-150 Test Num : 63
Inject into ../bin/hello
----- Type : 1_bit_flip Pos : PT_F32 -----
There are 1 faults will be injected in faulttable...
101087 microseconds
Fault on PT_F32(0X0 -> 0X4000000000)
3000091 microseconds
timeout
[ 2016-10-27 10:35:5]Process 4395 termed with signal 14(SIGALRM)
PT_F32-1_bit_flip-150 Test Num : 64
Inject into ../bin/hello
----- Type : 1_bit_flip Pos : PT_F32 -----
There are 1 faults will be injected in faulttable...
100969 microseconds
Fault on PT_F32(0X0 -> 0X20)
3000094 microseconds
timeout
[ 2016-10-27 10:35:8]Process 4397 termed with signal 14(SIGALRM)
PT_F32-1_bit_flip-150 Test Num : 65
Inject into ../bin/hello
----- Type : 1_bit_flip Pos : PT_F32 -----
There are 1 faults will be injected in faulttable...
101030 microseconds
Fault on PT_F32(0X0 -> 0X8000000)
3000104 microseconds
timeout
[2016-10-27 10:35:11]Process 4399 termed with signal 14(SIGALRM)
PT_F32-1_bit_flip-150 Test Num : 66
Inject into ../bin/hello
----- Type : 1_bit_flip Pos : PT_F32 -----
There are 1 faults will be injected in faulttable...
101456 microseconds
Fault on PT_F32(0X0 -> 0X80000)
3000123 microseconds
timeout
[2016-10-27 10:35:14]Process 4401 termed with signal 14(SIGALRM)
PT_F32-1_bit_flip-150 Test Num : 67
Inject into ../bin/hello
----- Type : 1_bit_flip Pos : PT_F32 -----
There are 1 faults will be injected in faulttable...
101046 microseconds
Fault on PT_F32(0X0 -> 0X20)
3000129 microseconds
timeout
[2016-10-27 10:35:18]Process 4403 termed with signal 14(SIGALRM)
PT_F32-1_bit_flip-150 Test Num : 68
Inject into ../bin/hello
----- Type : 1_bit_flip Pos : PT_F32 -----
There are 1 faults will be injected in faulttable...
101138 microseconds
Fault on PT_F32(0X0 -> 0X200)
3000065 microseconds
timeout
[2016-10-27 10:35:21]Process 4405 termed with signal 14(SIGALRM)
PT_F32-1_bit_flip-150 Test Num : 69
Inject into ../bin/hello
----- Type : 1_bit_flip Pos : PT_F32 -----
There are 1 faults will be injected in faulttable...
100076 microseconds
Fault on PT_F32(0X0 -> 0X20)
3000062 microseconds
timeout
[2016-10-27 10:35:24]Process 4407 termed with signal 14(SIGALRM)
PT_F32-1_bit_flip-150 Test Num : 70
Inject into ../bin/hello
----- Type : 1_bit_flip Pos : PT_F32 -----
There are 1 faults will be injected in faulttable...
100985 microseconds
Fault on PT_F32(0X0 -> 0X4000000000000000)
3000097 microseconds
timeout
[2016-10-27 10:35:27]Process 4409 termed with signal 14(SIGALRM)
PT_F32-1_bit_flip-150 Test Num : 71
Inject into ../bin/hello
----- Type : 1_bit_flip Pos : PT_F32 -----
There are 1 faults will be injected in faulttable...
101253 microseconds
Fault on PT_F32(0X0 -> 0X2000)
3000064 microseconds
timeout
[2016-10-27 10:35:30]Process 4411 termed with signal 14(SIGALRM)
PT_F32-1_bit_flip-150 Test Num : 72
Inject into ../bin/hello
----- Type : 1_bit_flip Pos : PT_F32 -----
There are 1 faults will be injected in faulttable...
100997 microseconds
Fault on PT_F32(0X0 -> 0X10000)
3000128 microseconds
timeout
[2016-10-27 10:35:33]Process 4413 termed with signal 14(SIGALRM)
PT_F32-1_bit_flip-150 Test Num : 73
Inject into ../bin/hello
----- Type : 1_bit_flip Pos : PT_F32 -----
There are 1 faults will be injected in faulttable...
100328 microseconds
Fault on PT_F32(0X0 -> 0X200000)
3000104 microseconds
timeout
[2016-10-27 10:35:36]Process 4415 termed with signal 14(SIGALRM)
PT_F32-1_bit_flip-150 Test Num : 74
Inject into ../bin/hello
----- Type : 1_bit_flip Pos : PT_F32 -----
There are 1 faults will be injected in faulttable...
101161 microseconds
Fault on PT_F32(0X0 -> 0X10)
3000125 microseconds
timeout
[2016-10-27 10:35:39]Process 4417 termed with signal 14(SIGALRM)
PT_F32-1_bit_flip-150 Test Num : 75
Inject into ../bin/hello
----- Type : 1_bit_flip Pos : PT_F32 -----
There are 1 faults will be injected in faulttable...
101278 microseconds
Fault on PT_F32(0X0 -> 0X10000000000000)
3000113 microseconds
timeout
[2016-10-27 10:35:42]Process 4419 termed with signal 14(SIGALRM)
PT_F32-1_bit_flip-150 Test Num : 76
Inject into ../bin/hello
----- Type : 1_bit_flip Pos : PT_F32 -----
There are 1 faults will be injected in faulttable...
101098 microseconds
Fault on PT_F32(0X0 -> 0X4000000)
3000094 microseconds
timeout
[2016-10-27 10:35:46]Process 4421 termed with signal 14(SIGALRM)
PT_F32-1_bit_flip-150 Test Num : 77
Inject into ../bin/hello
----- Type : 1_bit_flip Pos : PT_F32 -----
There are 1 faults will be injected in faulttable...
101332 microseconds
Fault on PT_F32(0X0 -> 0X1000000000000)
3000093 microseconds
timeout
[2016-10-27 10:35:49]Process 4423 termed with signal 14(SIGALRM)
PT_F32-1_bit_flip-150 Test Num : 78
Inject into ../bin/hello
----- Type : 1_bit_flip Pos : PT_F32 -----
There are 1 faults will be injected in faulttable...
100100 microseconds
Fault on PT_F32(0X0 -> 0X4)
3000058 microseconds
timeout
[2016-10-27 10:35:52]Process 4425 termed with signal 14(SIGALRM)
PT_F32-1_bit_flip-150 Test Num : 79
Inject into ../bin/hello
----- Type : 1_bit_flip Pos : PT_F32 -----
There are 1 faults will be injected in faulttable...
101090 microseconds
Fault on PT_F32(0X0 -> 0X8000000000000000)
3000101 microseconds
timeout
[2016-10-27 10:35:55]Process 4427 termed with signal 14(SIGALRM)
PT_F32-1_bit_flip-150 Test Num : 80
Inject into ../bin/hello
----- Type : 1_bit_flip Pos : PT_F32 -----
There are 1 faults will be injected in faulttable...
100999 microseconds
Fault on PT_F32(0X0 -> 0X80000000000)
3000110 microseconds
timeout
[2016-10-27 10:35:58]Process 4429 termed with signal 14(SIGALRM)
PT_F32-1_bit_flip-150 Test Num : 81
Inject into ../bin/hello
----- Type : 1_bit_flip Pos : PT_F32 -----
There are 1 faults will be injected in faulttable...
101129 microseconds
Fault on PT_F32(0X0 -> 0X20000000000000)
3000107 microseconds
timeout
[ 2016-10-27 10:36:1]Process 4431 termed with signal 14(SIGALRM)
PT_F32-1_bit_flip-150 Test Num : 82
Inject into ../bin/hello
----- Type : 1_bit_flip Pos : PT_F32 -----
There are 1 faults will be injected in faulttable...
101049 microseconds
Fault on PT_F32(0X0 -> 0X20)
3000105 microseconds
timeout
[ 2016-10-27 10:36:4]Process 4433 termed with signal 14(SIGALRM)
PT_F32-1_bit_flip-150 Test Num : 83
Inject into ../bin/hello
----- Type : 1_bit_flip Pos : PT_F32 -----
There are 1 faults will be injected in faulttable...
101118 microseconds
Fault on PT_F32(0X0 -> 0X200)
3000062 microseconds
timeout
[ 2016-10-27 10:36:7]Process 4435 termed with signal 14(SIGALRM)
PT_F32-1_bit_flip-150 Test Num : 84
Inject into ../bin/hello
----- Type : 1_bit_flip Pos : PT_F32 -----
There are 1 faults will be injected in faulttable...
101055 microseconds
Fault on PT_F32(0X0 -> 0X200000)
3000066 microseconds
timeout
[2016-10-27 10:36:11]Process 4437 termed with signal 14(SIGALRM)
PT_F32-1_bit_flip-150 Test Num : 85
Inject into ../bin/hello
----- Type : 1_bit_flip Pos : PT_F32 -----
There are 1 faults will be injected in faulttable...
101116 microseconds
Fault on PT_F32(0X0 -> 0X400)
3000128 microseconds
timeout
[2016-10-27 10:36:14]Process 4440 termed with signal 14(SIGALRM)
PT_F32-1_bit_flip-150 Test Num : 86
Inject into ../bin/hello
----- Type : 1_bit_flip Pos : PT_F32 -----
There are 1 faults will be injected in faulttable...
101191 microseconds
Fault on PT_F32(0X0 -> 0X200000000000000)
3000158 microseconds
timeout
[2016-10-27 10:36:17]Process 4442 termed with signal 14(SIGALRM)
PT_F32-1_bit_flip-150 Test Num : 87
Inject into ../bin/hello
----- Type : 1_bit_flip Pos : PT_F32 -----
There are 1 faults will be injected in faulttable...
100087 microseconds
Fault on PT_F32(0X0 -> 0X400000000)
3000113 microseconds
timeout
[2016-10-27 10:36:20]Process 4444 termed with signal 14(SIGALRM)
PT_F32-1_bit_flip-150 Test Num : 88
Inject into ../bin/hello
----- Type : 1_bit_flip Pos : PT_F32 -----
There are 1 faults will be injected in faulttable...
101208 microseconds
Fault on PT_F32(0X0 -> 0X10000000000000)
3000098 microseconds
timeout
[2016-10-27 10:36:23]Process 4446 termed with signal 14(SIGALRM)
PT_F32-1_bit_flip-150 Test Num : 89
Inject into ../bin/hello
----- Type : 1_bit_flip Pos : PT_F32 -----
There are 1 faults will be injected in faulttable...
101013 microseconds
Fault on PT_F32(0X0 -> 0X8000000)
3000083 microseconds
timeout
[2016-10-27 10:36:26]Process 4448 termed with signal 14(SIGALRM)
PT_F32-1_bit_flip-150 Test Num : 90
Inject into ../bin/hello
----- Type : 1_bit_flip Pos : PT_F32 -----
There are 1 faults will be injected in faulttable...
101021 microseconds
Fault on PT_F32(0X0 -> 0X8000)
3000072 microseconds
timeout
[2016-10-27 10:36:29]Process 4450 termed with signal 14(SIGALRM)
PT_F32-1_bit_flip-150 Test Num : 91
Inject into ../bin/hello
----- Type : 1_bit_flip Pos : PT_F32 -----
There are 1 faults will be injected in faulttable...
100085 microseconds
Fault on PT_F32(0X0 -> 0X400000000)
3000128 microseconds
timeout
[2016-10-27 10:36:32]Process 4452 termed with signal 14(SIGALRM)
PT_F32-1_bit_flip-150 Test Num : 92
Inject into ../bin/hello
----- Type : 1_bit_flip Pos : PT_F32 -----
There are 1 faults will be injected in faulttable...
101127 microseconds
Fault on PT_F32(0X0 -> 0X2000000000000)
3000103 microseconds
timeout
[2016-10-27 10:36:35]Process 4454 termed with signal 14(SIGALRM)
PT_F32-1_bit_flip-150 Test Num : 93
Inject into ../bin/hello
----- Type : 1_bit_flip Pos : PT_F32 -----
There are 1 faults will be injected in faulttable...
101295 microseconds
Fault on PT_F32(0X0 -> 0X10000000000)
3000112 microseconds
timeout
[2016-10-27 10:36:39]Process 4456 termed with signal 14(SIGALRM)
PT_F32-1_bit_flip-150 Test Num : 94
Inject into ../bin/hello
----- Type : 1_bit_flip Pos : PT_F32 -----
There are 1 faults will be injected in faulttable...
100099 microseconds
Fault on PT_F32(0X0 -> 0X1000)
3000137 microseconds
timeout
[2016-10-27 10:36:42]Process 4458 termed with signal 14(SIGALRM)
PT_F32-1_bit_flip-150 Test Num : 95
Inject into ../bin/hello
----- Type : 1_bit_flip Pos : PT_F32 -----
There are 1 faults will be injected in faulttable...
101133 microseconds
Fault on PT_F32(0X0 -> 0X80000)
3000074 microseconds
timeout
[2016-10-27 10:36:45]Process 4460 termed with signal 14(SIGALRM)
PT_F32-1_bit_flip-150 Test Num : 96
Inject into ../bin/hello
----- Type : 1_bit_flip Pos : PT_F32 -----
There are 1 faults will be injected in faulttable...
100100 microseconds
Fault on PT_F32(0X0 -> 0X4000000000000)
3000075 microseconds
timeout
[2016-10-27 10:36:48]Process 4462 termed with signal 14(SIGALRM)
PT_F32-1_bit_flip-150 Test Num : 97
Inject into ../bin/hello
----- Type : 1_bit_flip Pos : PT_F32 -----
There are 1 faults will be injected in faulttable...
101038 microseconds
Fault on PT_F32(0X0 -> 0X2000000000000)
3000075 microseconds
timeout
[2016-10-27 10:36:51]Process 4464 termed with signal 14(SIGALRM)
PT_F32-1_bit_flip-150 Test Num : 98
Inject into ../bin/hello
----- Type : 1_bit_flip Pos : PT_F32 -----
There are 1 faults will be injected in faulttable...
100976 microseconds
Fault on PT_F32(0X0 -> 0X800000000000000)
3000105 microseconds
timeout
[2016-10-27 10:36:54]Process 4466 termed with signal 14(SIGALRM)
PT_F32-1_bit_flip-150 Test Num : 99
Inject into ../bin/hello
----- Type : 1_bit_flip Pos : PT_F32 -----
There are 1 faults will be injected in faulttable...
100345 microseconds
Fault on PT_F32(0X0 -> 0X100000000000000)
3000103 microseconds
timeout
[2016-10-27 10:36:57]Process 4468 termed with signal 14(SIGALRM)
PT_F32-1_bit_flip-150 Test Num : 100
Inject into ../bin/hello
----- Type : 1_bit_flip Pos : PT_F32 -----
There are 1 faults will be injected in faulttable...
100078 microseconds
Fault on PT_F32(0X0 -> 0X20000000)
3000114 microseconds
timeout
[ 2016-10-27 10:37:0]Process 4470 termed with signal 14(SIGALRM)
PT_F32-1_bit_flip-150 Test Num : 101
Inject into ../bin/hello
----- Type : 1_bit_flip Pos : PT_F32 -----
There are 1 faults will be injected in faulttable...
101045 microseconds
Fault on PT_F32(0X0 -> 0X40)
3000079 microseconds
timeout
[ 2016-10-27 10:37:3]Process 4472 termed with signal 14(SIGALRM)
PT_F32-1_bit_flip-150 Test Num : 102
Inject into ../bin/hello
----- Type : 1_bit_flip Pos : PT_F32 -----
There are 1 faults will be injected in faulttable...
101072 microseconds
Fault on PT_F32(0X0 -> 0X400)
3000077 microseconds
timeout
[ 2016-10-27 10:37:7]Process 4474 termed with signal 14(SIGALRM)
PT_F32-1_bit_flip-150 Test Num : 103
Inject into ../bin/hello
----- Type : 1_bit_flip Pos : PT_F32 -----
There are 1 faults will be injected in faulttable...
101398 microseconds
Fault on PT_F32(0X0 -> 0X800000000)
3000089 microseconds
timeout
[2016-10-27 10:37:10]Process 4476 termed with signal 14(SIGALRM)
PT_F32-1_bit_flip-150 Test Num : 104
Inject into ../bin/hello
----- Type : 1_bit_flip Pos : PT_F32 -----
There are 1 faults will be injected in faulttable...
101118 microseconds
Fault on PT_F32(0X0 -> 0X20000000000)
3000075 microseconds
timeout
[2016-10-27 10:37:13]Process 4485 termed with signal 14(SIGALRM)
PT_F32-1_bit_flip-150 Test Num : 105
Inject into ../bin/hello
----- Type : 1_bit_flip Pos : PT_F32 -----
There are 1 faults will be injected in faulttable...
100092 microseconds
Fault on PT_F32(0X0 -> 0X4000000)
3000131 microseconds
timeout
[2016-10-27 10:37:16]Process 4487 termed with signal 14(SIGALRM)
PT_F32-1_bit_flip-150 Test Num : 106
Inject into ../bin/hello
----- Type : 1_bit_flip Pos : PT_F32 -----
There are 1 faults will be injected in faulttable...
101679 microseconds
Fault on PT_F32(0X0 -> 0X200000000000)
3000066 microseconds
timeout
[2016-10-27 10:37:19]Process 4489 termed with signal 14(SIGALRM)
PT_F32-1_bit_flip-150 Test Num : 107
Inject into ../bin/hello
----- Type : 1_bit_flip Pos : PT_F32 -----
There are 1 faults will be injected in faulttable...
101735 microseconds
Fault on PT_F32(0X0 -> 0X80000000000000)
3000069 microseconds
timeout
[2016-10-27 10:37:22]Process 4491 termed with signal 14(SIGALRM)
PT_F32-1_bit_flip-150 Test Num : 108
Inject into ../bin/hello
----- Type : 1_bit_flip Pos : PT_F32 -----
There are 1 faults will be injected in faulttable...
100204 microseconds
Fault on PT_F32(0X0 -> 0X100000000)
3000635 microseconds
timeout
[2016-10-27 10:37:25]Process 4493 termed with signal 14(SIGALRM)
PT_F32-1_bit_flip-150 Test Num : 109
Inject into ../bin/hello
----- Type : 1_bit_flip Pos : PT_F32 -----
There are 1 faults will be injected in faulttable...
102780 microseconds
Fault on PT_F32(0X0 -> 0X1000)
3000080 microseconds
timeout
[2016-10-27 10:37:28]Process 4651 termed with signal 14(SIGALRM)
PT_F32-1_bit_flip-150 Test Num : 110
Inject into ../bin/hello
----- Type : 1_bit_flip Pos : PT_F32 -----
There are 1 faults will be injected in faulttable...
102089 microseconds
Fault on PT_F32(0X0 -> 0X100)
3000083 microseconds
timeout
[2016-10-27 10:37:31]Process 4832 termed with signal 14(SIGALRM)
PT_F32-1_bit_flip-150 Test Num : 111
Inject into ../bin/hello
----- Type : 1_bit_flip Pos : PT_F32 -----
There are 1 faults will be injected in faulttable...
100064 microseconds
Fault on PT_F32(0X0 -> 0X8000000000000)
3000097 microseconds
timeout
[2016-10-27 10:37:35]Process 4928 termed with signal 14(SIGALRM)
PT_F32-1_bit_flip-150 Test Num : 112
Inject into ../bin/hello
----- Type : 1_bit_flip Pos : PT_F32 -----
There are 1 faults will be injected in faulttable...
100095 microseconds
Fault on PT_F32(0X0 -> 0X10000000000000)
3000106 microseconds
timeout
[2016-10-27 10:37:38]Process 4930 termed with signal 14(SIGALRM)
PT_F32-1_bit_flip-150 Test Num : 113
Inject into ../bin/hello
----- Type : 1_bit_flip Pos : PT_F32 -----
There are 1 faults will be injected in faulttable...
101104 microseconds
Fault on PT_F32(0X0 -> 0X10000000000000)
3000141 microseconds
timeout
[2016-10-27 10:37:41]Process 4932 termed with signal 14(SIGALRM)
PT_F32-1_bit_flip-150 Test Num : 114
Inject into ../bin/hello
----- Type : 1_bit_flip Pos : PT_F32 -----
There are 1 faults will be injected in faulttable...
101224 microseconds
Fault on PT_F32(0X0 -> 0X40000000000)
3000114 microseconds
timeout
[2016-10-27 10:37:44]Process 4934 termed with signal 14(SIGALRM)
PT_F32-1_bit_flip-150 Test Num : 115
Inject into ../bin/hello
----- Type : 1_bit_flip Pos : PT_F32 -----
There are 1 faults will be injected in faulttable...
101086 microseconds
Fault on PT_F32(0X0 -> 0X8)
3000083 microseconds
timeout
[2016-10-27 10:37:47]Process 4936 termed with signal 14(SIGALRM)
PT_F32-1_bit_flip-150 Test Num : 116
Inject into ../bin/hello
----- Type : 1_bit_flip Pos : PT_F32 -----
There are 1 faults will be injected in faulttable...
101143 microseconds
Fault on PT_F32(0X0 -> 0X10000000)
3000089 microseconds
timeout
[2016-10-27 10:37:50]Process 4945 termed with signal 14(SIGALRM)
PT_F32-1_bit_flip-150 Test Num : 117
Inject into ../bin/hello
----- Type : 1_bit_flip Pos : PT_F32 -----
There are 1 faults will be injected in faulttable...
100079 microseconds
Fault on PT_F32(0X0 -> 0X800000000000000)
3000059 microseconds
timeout
[2016-10-27 10:37:53]Process 4954 termed with signal 14(SIGALRM)
PT_F32-1_bit_flip-150 Test Num : 118
Inject into ../bin/hello
----- Type : 1_bit_flip Pos : PT_F32 -----
There are 1 faults will be injected in faulttable...
101055 microseconds
Fault on PT_F32(0X0 -> 0X4000000)
3000060 microseconds
timeout
[2016-10-27 10:37:56]Process 4956 termed with signal 14(SIGALRM)
PT_F32-1_bit_flip-150 Test Num : 119
Inject into ../bin/hello
----- Type : 1_bit_flip Pos : PT_F32 -----
There are 1 faults will be injected in faulttable...
100148 microseconds
Fault on PT_F32(0X0 -> 0X40000000000000)
3000067 microseconds
timeout
[2016-10-27 10:37:59]Process 4958 termed with signal 14(SIGALRM)
PT_F32-1_bit_flip-150 Test Num : 120
Inject into ../bin/hello
----- Type : 1_bit_flip Pos : PT_F32 -----
There are 1 faults will be injected in faulttable...
101204 microseconds
Fault on PT_F32(0X0 -> 0X8000000000000000)
3000097 microseconds
timeout
[ 2016-10-27 10:38:3]Process 4960 termed with signal 14(SIGALRM)
PT_F32-1_bit_flip-150 Test Num : 121
Inject into ../bin/hello
----- Type : 1_bit_flip Pos : PT_F32 -----
There are 1 faults will be injected in faulttable...
101191 microseconds
Fault on PT_F32(0X0 -> 0X80000000000)
3000079 microseconds
timeout
[ 2016-10-27 10:38:6]Process 4962 termed with signal 14(SIGALRM)
PT_F32-1_bit_flip-150 Test Num : 122
Inject into ../bin/hello
----- Type : 1_bit_flip Pos : PT_F32 -----
There are 1 faults will be injected in faulttable...
101318 microseconds
Fault on PT_F32(0X0 -> 0X80000000)
3000072 microseconds
timeout
[ 2016-10-27 10:38:9]Process 4964 termed with signal 14(SIGALRM)
PT_F32-1_bit_flip-150 Test Num : 123
Inject into ../bin/hello
----- Type : 1_bit_flip Pos : PT_F32 -----
There are 1 faults will be injected in faulttable...
100081 microseconds
Fault on PT_F32(0X0 -> 0X4000000000000)
3000092 microseconds
timeout
[2016-10-27 10:38:12]Process 4966 termed with signal 14(SIGALRM)
PT_F32-1_bit_flip-150 Test Num : 124
Inject into ../bin/hello
----- Type : 1_bit_flip Pos : PT_F32 -----
There are 1 faults will be injected in faulttable...
100084 microseconds
Fault on PT_F32(0X0 -> 0X80000000000)
3000073 microseconds
timeout
[2016-10-27 10:38:15]Process 4968 termed with signal 14(SIGALRM)
PT_F32-1_bit_flip-150 Test Num : 125
Inject into ../bin/hello
----- Type : 1_bit_flip Pos : PT_F32 -----
There are 1 faults will be injected in faulttable...
101014 microseconds
Fault on PT_F32(0X0 -> 0X100000000000000)
3000079 microseconds
timeout
[2016-10-27 10:38:18]Process 4970 termed with signal 14(SIGALRM)
PT_F32-1_bit_flip-150 Test Num : 126
Inject into ../bin/hello
----- Type : 1_bit_flip Pos : PT_F32 -----
There are 1 faults will be injected in faulttable...
100979 microseconds
Fault on PT_F32(0X0 -> 0X200000000)
3000064 microseconds
timeout
[2016-10-27 10:38:21]Process 4972 termed with signal 14(SIGALRM)
PT_F32-1_bit_flip-150 Test Num : 127
Inject into ../bin/hello
----- Type : 1_bit_flip Pos : PT_F32 -----
There are 1 faults will be injected in faulttable...
101089 microseconds
Fault on PT_F32(0X0 -> 0X800)
3000120 microseconds
timeout
[2016-10-27 10:38:24]Process 4974 termed with signal 14(SIGALRM)
PT_F32-1_bit_flip-150 Test Num : 128
Inject into ../bin/hello
----- Type : 1_bit_flip Pos : PT_F32 -----
There are 1 faults will be injected in faulttable...
100105 microseconds
Fault on PT_F32(0X0 -> 0X200000000)
3000215 microseconds
timeout
[2016-10-27 10:38:27]Process 4976 termed with signal 14(SIGALRM)
PT_F32-1_bit_flip-150 Test Num : 129
Inject into ../bin/hello
----- Type : 1_bit_flip Pos : PT_F32 -----
There are 1 faults will be injected in faulttable...
100113 microseconds
Fault on PT_F32(0X0 -> 0X80000000000)
3000058 microseconds
timeout
[2016-10-27 10:38:31]Process 4978 termed with signal 14(SIGALRM)
PT_F32-1_bit_flip-150 Test Num : 130
Inject into ../bin/hello
----- Type : 1_bit_flip Pos : PT_F32 -----
There are 1 faults will be injected in faulttable...
101099 microseconds
Fault on PT_F32(0X0 -> 0X20000000)
3000100 microseconds
timeout
[2016-10-27 10:38:34]Process 4980 termed with signal 14(SIGALRM)
PT_F32-1_bit_flip-150 Test Num : 131
Inject into ../bin/hello
----- Type : 1_bit_flip Pos : PT_F32 -----
There are 1 faults will be injected in faulttable...
101046 microseconds
Fault on PT_F32(0X0 -> 0X40000)
3000086 microseconds
timeout
[2016-10-27 10:38:37]Process 4982 termed with signal 14(SIGALRM)
PT_F32-1_bit_flip-150 Test Num : 132
Inject into ../bin/hello
----- Type : 1_bit_flip Pos : PT_F32 -----
There are 1 faults will be injected in faulttable...
101644 microseconds
Fault on PT_F32(0X0 -> 0X8000000)
3000088 microseconds
timeout
[2016-10-27 10:38:40]Process 4984 termed with signal 14(SIGALRM)
PT_F32-1_bit_flip-150 Test Num : 133
Inject into ../bin/hello
----- Type : 1_bit_flip Pos : PT_F32 -----
There are 1 faults will be injected in faulttable...
100984 microseconds
Fault on PT_F32(0X0 -> 0X8000)
3000070 microseconds
timeout
[2016-10-27 10:38:43]Process 4986 termed with signal 14(SIGALRM)
PT_F32-1_bit_flip-150 Test Num : 134
Inject into ../bin/hello
----- Type : 1_bit_flip Pos : PT_F32 -----
There are 1 faults will be injected in faulttable...
101147 microseconds
Fault on PT_F32(0X0 -> 0X400000000000)
3000111 microseconds
timeout
[2016-10-27 10:38:46]Process 4988 termed with signal 14(SIGALRM)
PT_F32-1_bit_flip-150 Test Num : 135
Inject into ../bin/hello
----- Type : 1_bit_flip Pos : PT_F32 -----
There are 1 faults will be injected in faulttable...
101176 microseconds
Fault on PT_F32(0X0 -> 0X8)
3000089 microseconds
timeout
[2016-10-27 10:38:49]Process 4990 termed with signal 14(SIGALRM)
PT_F32-1_bit_flip-150 Test Num : 136
Inject into ../bin/hello
----- Type : 1_bit_flip Pos : PT_F32 -----
There are 1 faults will be injected in faulttable...
100092 microseconds
Fault on PT_F32(0X0 -> 0X80)
3000080 microseconds
timeout
[2016-10-27 10:38:52]Process 4992 termed with signal 14(SIGALRM)
PT_F32-1_bit_flip-150 Test Num : 137
Inject into ../bin/hello
----- Type : 1_bit_flip Pos : PT_F32 -----
There are 1 faults will be injected in faulttable...
100135 microseconds
Fault on PT_F32(0X0 -> 0X1000)
3000100 microseconds
timeout
[2016-10-27 10:38:55]Process 4994 termed with signal 14(SIGALRM)
PT_F32-1_bit_flip-150 Test Num : 138
Inject into ../bin/hello
----- Type : 1_bit_flip Pos : PT_F32 -----
There are 1 faults will be injected in faulttable...
101146 microseconds
Fault on PT_F32(0X0 -> 0X2000000000)
3000079 microseconds
timeout
[2016-10-27 10:38:59]Process 4996 termed with signal 14(SIGALRM)
PT_F32-1_bit_flip-150 Test Num : 139
Inject into ../bin/hello
----- Type : 1_bit_flip Pos : PT_F32 -----
There are 1 faults will be injected in faulttable...
101180 microseconds
Fault on PT_F32(0X0 -> 0X1)
3000133 microseconds
timeout
[ 2016-10-27 10:39:2]Process 4998 termed with signal 14(SIGALRM)
PT_F32-1_bit_flip-150 Test Num : 140
Inject into ../bin/hello
----- Type : 1_bit_flip Pos : PT_F32 -----
There are 1 faults will be injected in faulttable...
101147 microseconds
Fault on PT_F32(0X0 -> 0X8000000)
3000076 microseconds
timeout
[ 2016-10-27 10:39:5]Process 5000 termed with signal 14(SIGALRM)
PT_F32-1_bit_flip-150 Test Num : 141
Inject into ../bin/hello
----- Type : 1_bit_flip Pos : PT_F32 -----
There are 1 faults will be injected in faulttable...
101027 microseconds
Fault on PT_F32(0X0 -> 0X80000000)
3000076 microseconds
timeout
[ 2016-10-27 10:39:8]Process 5002 termed with signal 14(SIGALRM)
PT_F32-1_bit_flip-150 Test Num : 142
Inject into ../bin/hello
----- Type : 1_bit_flip Pos : PT_F32 -----
There are 1 faults will be injected in faulttable...
101136 microseconds
Fault on PT_F32(0X0 -> 0X100000000000000)
3000113 microseconds
timeout
[2016-10-27 10:39:11]Process 5004 termed with signal 14(SIGALRM)
PT_F32-1_bit_flip-150 Test Num : 143
Inject into ../bin/hello
----- Type : 1_bit_flip Pos : PT_F32 -----
There are 1 faults will be injected in faulttable...
101031 microseconds
Fault on PT_F32(0X0 -> 0X40000)
3000136 microseconds
timeout
[2016-10-27 10:39:14]Process 5006 termed with signal 14(SIGALRM)
PT_F32-1_bit_flip-150 Test Num : 144
Inject into ../bin/hello
----- Type : 1_bit_flip Pos : PT_F32 -----
There are 1 faults will be injected in faulttable...
101233 microseconds
Fault on PT_F32(0X0 -> 0X80000000000)
3000098 microseconds
timeout
[2016-10-27 10:39:17]Process 5008 termed with signal 14(SIGALRM)
PT_F32-1_bit_flip-150 Test Num : 145
Inject into ../bin/hello
----- Type : 1_bit_flip Pos : PT_F32 -----
There are 1 faults will be injected in faulttable...
101435 microseconds
Fault on PT_F32(0X0 -> 0X400000000)
3000086 microseconds
timeout
[2016-10-27 10:39:20]Process 5010 termed with signal 14(SIGALRM)
PT_F32-1_bit_flip-150 Test Num : 146
Inject into ../bin/hello
----- Type : 1_bit_flip Pos : PT_F32 -----
There are 1 faults will be injected in faulttable...
100095 microseconds
Fault on PT_F32(0X0 -> 0X2000000000000)
3000125 microseconds
timeout
[2016-10-27 10:39:23]Process 5012 termed with signal 14(SIGALRM)
PT_F32-1_bit_flip-150 Test Num : 147
Inject into ../bin/hello
----- Type : 1_bit_flip Pos : PT_F32 -----
There are 1 faults will be injected in faulttable...
101016 microseconds
Fault on PT_F32(0X0 -> 0X2)
3000088 microseconds
timeout
[2016-10-27 10:39:27]Process 5014 termed with signal 14(SIGALRM)
PT_F32-1_bit_flip-150 Test Num : 148
Inject into ../bin/hello
----- Type : 1_bit_flip Pos : PT_F32 -----
There are 1 faults will be injected in faulttable...
100269 microseconds
Fault on PT_F32(0X0 -> 0X8000000000)
3000104 microseconds
timeout
[2016-10-27 10:39:30]Process 5016 termed with signal 14(SIGALRM)
PT_F32-1_bit_flip-150 Test Num : 149
Inject into ../bin/hello
----- Type : 1_bit_flip Pos : PT_F32 -----
There are 1 faults will be injected in faulttable...
101140 microseconds
Fault on PT_F32(0X0 -> 0X40000)
3000094 microseconds
timeout
[2016-10-27 10:39:33]Process 5018 termed with signal 14(SIGALRM)
PT_F32-1_bit_flip-150 Test Num : 150
Inject into ../bin/hello
----- Type : 1_bit_flip Pos : PT_F32 -----
There are 1 faults will be injected in faulttable...
100939 microseconds
Fault on PT_F32(0X0 -> 0X20000000000000)
3000066 microseconds
timeout
[2016-10-27 10:39:36]Process 5020 termed with signal 14(SIGALRM)
