PT_F32-2_bit_0-150 Test Num : 1
Inject into ../bin/hello
----- Type : 2_bit_0 Pos : PT_F32 -----
There are 1 faults will be injected in faulttable...
101110 microseconds
Fault on PT_F32(0X0 -> 0X0)
3000091 microseconds
timeout
[2016-10-27 10:55:13]Process 5893 termed with signal 14(SIGALRM)
PT_F32-2_bit_0-150 Test Num : 2
Inject into ../bin/hello
----- Type : 2_bit_0 Pos : PT_F32 -----
There are 1 faults will be injected in faulttable...
100949 microseconds
Fault on PT_F32(0X0 -> 0X0)
3000081 microseconds
timeout
[2016-10-27 10:55:16]Process 5895 termed with signal 14(SIGALRM)
PT_F32-2_bit_0-150 Test Num : 3
Inject into ../bin/hello
----- Type : 2_bit_0 Pos : PT_F32 -----
There are 1 faults will be injected in faulttable...
101127 microseconds
Fault on PT_F32(0X0 -> 0X0)
3000086 microseconds
timeout
[2016-10-27 10:55:19]Process 5897 termed with signal 14(SIGALRM)
PT_F32-2_bit_0-150 Test Num : 4
Inject into ../bin/hello
----- Type : 2_bit_0 Pos : PT_F32 -----
There are 1 faults will be injected in faulttable...
101114 microseconds
Fault on PT_F32(0X0 -> 0X0)
3000071 microseconds
timeout
[2016-10-27 10:55:22]Process 5913 termed with signal 14(SIGALRM)
PT_F32-2_bit_0-150 Test Num : 5
Inject into ../bin/hello
----- Type : 2_bit_0 Pos : PT_F32 -----
There are 1 faults will be injected in faulttable...
100989 microseconds
Fault on PT_F32(0X0 -> 0X0)
3000076 microseconds
timeout
[2016-10-27 10:55:25]Process 5926 termed with signal 14(SIGALRM)
PT_F32-2_bit_0-150 Test Num : 6
Inject into ../bin/hello
----- Type : 2_bit_0 Pos : PT_F32 -----
There are 1 faults will be injected in faulttable...
101105 microseconds
Fault on PT_F32(0X0 -> 0X0)
3000100 microseconds
timeout
[2016-10-27 10:55:29]Process 5935 termed with signal 14(SIGALRM)
PT_F32-2_bit_0-150 Test Num : 7
Inject into ../bin/hello
----- Type : 2_bit_0 Pos : PT_F32 -----
There are 1 faults will be injected in faulttable...
100108 microseconds
Fault on PT_F32(0X0 -> 0X0)
3000089 microseconds
timeout
[2016-10-27 10:55:32]Process 5942 termed with signal 14(SIGALRM)
PT_F32-2_bit_0-150 Test Num : 8
Inject into ../bin/hello
----- Type : 2_bit_0 Pos : PT_F32 -----
There are 1 faults will be injected in faulttable...
101221 microseconds
Fault on PT_F32(0X0 -> 0X0)
3000105 microseconds
timeout
[2016-10-27 10:55:35]Process 5944 termed with signal 14(SIGALRM)
PT_F32-2_bit_0-150 Test Num : 9
Inject into ../bin/hello
----- Type : 2_bit_0 Pos : PT_F32 -----
There are 1 faults will be injected in faulttable...
101065 microseconds
Fault on PT_F32(0X0 -> 0X0)
3000125 microseconds
timeout
[2016-10-27 10:55:38]Process 5953 termed with signal 14(SIGALRM)
PT_F32-2_bit_0-150 Test Num : 10
Inject into ../bin/hello
----- Type : 2_bit_0 Pos : PT_F32 -----
There are 1 faults will be injected in faulttable...
101170 microseconds
Fault on PT_F32(0X0 -> 0X0)
3000099 microseconds
timeout
[2016-10-27 10:55:41]Process 5955 termed with signal 14(SIGALRM)
PT_F32-2_bit_0-150 Test Num : 11
Inject into ../bin/hello
----- Type : 2_bit_0 Pos : PT_F32 -----
There are 1 faults will be injected in faulttable...
101552 microseconds
Fault on PT_F32(0X0 -> 0X0)
3000117 microseconds
timeout
[2016-10-27 10:55:44]Process 5957 termed with signal 14(SIGALRM)
PT_F32-2_bit_0-150 Test Num : 12
Inject into ../bin/hello
----- Type : 2_bit_0 Pos : PT_F32 -----
There are 1 faults will be injected in faulttable...
100978 microseconds
Fault on PT_F32(0X0 -> 0X0)
3000068 microseconds
timeout
[2016-10-27 10:55:47]Process 5973 termed with signal 14(SIGALRM)
PT_F32-2_bit_0-150 Test Num : 13
Inject into ../bin/hello
----- Type : 2_bit_0 Pos : PT_F32 -----
There are 1 faults will be injected in faulttable...
101059 microseconds
Fault on PT_F32(0X0 -> 0X0)
3000072 microseconds
timeout
[2016-10-27 10:55:50]Process 5989 termed with signal 14(SIGALRM)
PT_F32-2_bit_0-150 Test Num : 14
Inject into ../bin/hello
----- Type : 2_bit_0 Pos : PT_F32 -----
There are 1 faults will be injected in faulttable...
101022 microseconds
Fault on PT_F32(0X0 -> 0X0)
3000106 microseconds
timeout
[2016-10-27 10:55:53]Process 6005 termed with signal 14(SIGALRM)
PT_F32-2_bit_0-150 Test Num : 15
Inject into ../bin/hello
----- Type : 2_bit_0 Pos : PT_F32 -----
There are 1 faults will be injected in faulttable...
100971 microseconds
Fault on PT_F32(0X0 -> 0X0)
3000067 microseconds
timeout
[2016-10-27 10:55:57]Process 6021 termed with signal 14(SIGALRM)
PT_F32-2_bit_0-150 Test Num : 16
Inject into ../bin/hello
----- Type : 2_bit_0 Pos : PT_F32 -----
There are 1 faults will be injected in faulttable...
101053 microseconds
Fault on PT_F32(0X0 -> 0X0)
3000102 microseconds
timeout
[ 2016-10-27 10:56:0]Process 6028 termed with signal 14(SIGALRM)
PT_F32-2_bit_0-150 Test Num : 17
Inject into ../bin/hello
----- Type : 2_bit_0 Pos : PT_F32 -----
There are 1 faults will be injected in faulttable...
101009 microseconds
Fault on PT_F32(0X0 -> 0X0)
3000115 microseconds
timeout
[ 2016-10-27 10:56:3]Process 6030 termed with signal 14(SIGALRM)
PT_F32-2_bit_0-150 Test Num : 18
Inject into ../bin/hello
----- Type : 2_bit_0 Pos : PT_F32 -----
There are 1 faults will be injected in faulttable...
101511 microseconds
Fault on PT_F32(0X0 -> 0X0)
3000064 microseconds
timeout
[ 2016-10-27 10:56:6]Process 6032 termed with signal 14(SIGALRM)
PT_F32-2_bit_0-150 Test Num : 19
Inject into ../bin/hello
----- Type : 2_bit_0 Pos : PT_F32 -----
There are 1 faults will be injected in faulttable...
101044 microseconds
Fault on PT_F32(0X0 -> 0X0)
3000086 microseconds
timeout
[ 2016-10-27 10:56:9]Process 6034 termed with signal 14(SIGALRM)
PT_F32-2_bit_0-150 Test Num : 20
Inject into ../bin/hello
----- Type : 2_bit_0 Pos : PT_F32 -----
There are 1 faults will be injected in faulttable...
100927 microseconds
Fault on PT_F32(0X0 -> 0X0)
3000063 microseconds
timeout
[2016-10-27 10:56:12]Process 6036 termed with signal 14(SIGALRM)
PT_F32-2_bit_0-150 Test Num : 21
Inject into ../bin/hello
----- Type : 2_bit_0 Pos : PT_F32 -----
There are 1 faults will be injected in faulttable...
100963 microseconds
Fault on PT_F32(0X0 -> 0X0)
3000070 microseconds
timeout
[2016-10-27 10:56:15]Process 6038 termed with signal 14(SIGALRM)
PT_F32-2_bit_0-150 Test Num : 22
Inject into ../bin/hello
----- Type : 2_bit_0 Pos : PT_F32 -----
There are 1 faults will be injected in faulttable...
100084 microseconds
Fault on PT_F32(0X0 -> 0X0)
3000104 microseconds
timeout
[2016-10-27 10:56:18]Process 6041 termed with signal 14(SIGALRM)
PT_F32-2_bit_0-150 Test Num : 23
Inject into ../bin/hello
----- Type : 2_bit_0 Pos : PT_F32 -----
There are 1 faults will be injected in faulttable...
100927 microseconds
Fault on PT_F32(0X0 -> 0X0)
3000119 microseconds
timeout
[2016-10-27 10:56:21]Process 6043 termed with signal 14(SIGALRM)
PT_F32-2_bit_0-150 Test Num : 24
Inject into ../bin/hello
----- Type : 2_bit_0 Pos : PT_F32 -----
There are 1 faults will be injected in faulttable...
100929 microseconds
Fault on PT_F32(0X0 -> 0X0)
3000091 microseconds
timeout
[2016-10-27 10:56:25]Process 6045 termed with signal 14(SIGALRM)
PT_F32-2_bit_0-150 Test Num : 25
Inject into ../bin/hello
----- Type : 2_bit_0 Pos : PT_F32 -----
There are 1 faults will be injected in faulttable...
101489 microseconds
Fault on PT_F32(0X0 -> 0X0)
3000106 microseconds
timeout
[2016-10-27 10:56:28]Process 6047 termed with signal 14(SIGALRM)
PT_F32-2_bit_0-150 Test Num : 26
Inject into ../bin/hello
----- Type : 2_bit_0 Pos : PT_F32 -----
There are 1 faults will be injected in faulttable...
100233 microseconds
Fault on PT_F32(0X0 -> 0X0)
3000066 microseconds
timeout
[2016-10-27 10:56:31]Process 6049 termed with signal 14(SIGALRM)
PT_F32-2_bit_0-150 Test Num : 27
Inject into ../bin/hello
----- Type : 2_bit_0 Pos : PT_F32 -----
There are 1 faults will be injected in faulttable...
101004 microseconds
Fault on PT_F32(0X0 -> 0X0)
3000099 microseconds
timeout
[2016-10-27 10:56:34]Process 6051 termed with signal 14(SIGALRM)
PT_F32-2_bit_0-150 Test Num : 28
Inject into ../bin/hello
----- Type : 2_bit_0 Pos : PT_F32 -----
There are 1 faults will be injected in faulttable...
101079 microseconds
Fault on PT_F32(0X0 -> 0X0)
3000115 microseconds
timeout
[2016-10-27 10:56:37]Process 6053 termed with signal 14(SIGALRM)
PT_F32-2_bit_0-150 Test Num : 29
Inject into ../bin/hello
----- Type : 2_bit_0 Pos : PT_F32 -----
There are 1 faults will be injected in faulttable...
101477 microseconds
Fault on PT_F32(0X0 -> 0X0)
3000137 microseconds
timeout
[2016-10-27 10:56:40]Process 6055 termed with signal 14(SIGALRM)
PT_F32-2_bit_0-150 Test Num : 30
Inject into ../bin/hello
----- Type : 2_bit_0 Pos : PT_F32 -----
There are 1 faults will be injected in faulttable...
101392 microseconds
Fault on PT_F32(0X0 -> 0X0)
3000132 microseconds
timeout
[2016-10-27 10:56:43]Process 6057 termed with signal 14(SIGALRM)
PT_F32-2_bit_0-150 Test Num : 31
Inject into ../bin/hello
----- Type : 2_bit_0 Pos : PT_F32 -----
There are 1 faults will be injected in faulttable...
101389 microseconds
Fault on PT_F32(0X0 -> 0X0)
3000113 microseconds
timeout
[2016-10-27 10:56:46]Process 6071 termed with signal 14(SIGALRM)
PT_F32-2_bit_0-150 Test Num : 32
Inject into ../bin/hello
----- Type : 2_bit_0 Pos : PT_F32 -----
There are 1 faults will be injected in faulttable...
101125 microseconds
Fault on PT_F32(0X0 -> 0X0)
3000110 microseconds
timeout
[2016-10-27 10:56:49]Process 6112 termed with signal 14(SIGALRM)
PT_F32-2_bit_0-150 Test Num : 33
Inject into ../bin/hello
----- Type : 2_bit_0 Pos : PT_F32 -----
There are 1 faults will be injected in faulttable...
101013 microseconds
Fault on PT_F32(0X0 -> 0X0)
3000136 microseconds
timeout
[2016-10-27 10:56:53]Process 6142 termed with signal 14(SIGALRM)
PT_F32-2_bit_0-150 Test Num : 34
Inject into ../bin/hello
----- Type : 2_bit_0 Pos : PT_F32 -----
There are 1 faults will be injected in faulttable...
101641 microseconds
Fault on PT_F32(0X0 -> 0X0)
3000103 microseconds
timeout
[2016-10-27 10:56:56]Process 6226 termed with signal 14(SIGALRM)
PT_F32-2_bit_0-150 Test Num : 35
Inject into ../bin/hello
----- Type : 2_bit_0 Pos : PT_F32 -----
There are 1 faults will be injected in faulttable...
100128 microseconds
Fault on PT_F32(0X0 -> 0X0)
3000067 microseconds
timeout
[2016-10-27 10:56:59]Process 6235 termed with signal 14(SIGALRM)
PT_F32-2_bit_0-150 Test Num : 36
Inject into ../bin/hello
----- Type : 2_bit_0 Pos : PT_F32 -----
There are 1 faults will be injected in faulttable...
101217 microseconds
Fault on PT_F32(0X0 -> 0X0)
3000064 microseconds
timeout
[ 2016-10-27 10:57:2]Process 6258 termed with signal 14(SIGALRM)
PT_F32-2_bit_0-150 Test Num : 37
Inject into ../bin/hello
----- Type : 2_bit_0 Pos : PT_F32 -----
There are 1 faults will be injected in faulttable...
101192 microseconds
Fault on PT_F32(0X0 -> 0X0)
3000083 microseconds
timeout
[ 2016-10-27 10:57:5]Process 6288 termed with signal 14(SIGALRM)
PT_F32-2_bit_0-150 Test Num : 38
Inject into ../bin/hello
----- Type : 2_bit_0 Pos : PT_F32 -----
There are 1 faults will be injected in faulttable...
100968 microseconds
Fault on PT_F32(0X0 -> 0X0)
3000081 microseconds
timeout
[ 2016-10-27 10:57:8]Process 6354 termed with signal 14(SIGALRM)
PT_F32-2_bit_0-150 Test Num : 39
Inject into ../bin/hello
----- Type : 2_bit_0 Pos : PT_F32 -----
There are 1 faults will be injected in faulttable...
101099 microseconds
Fault on PT_F32(0X0 -> 0X0)
3000081 microseconds
timeout
[2016-10-27 10:57:11]Process 6394 termed with signal 14(SIGALRM)
PT_F32-2_bit_0-150 Test Num : 40
Inject into ../bin/hello
----- Type : 2_bit_0 Pos : PT_F32 -----
There are 1 faults will be injected in faulttable...
101163 microseconds
Fault on PT_F32(0X0 -> 0X0)
3000099 microseconds
timeout
[2016-10-27 10:57:14]Process 6454 termed with signal 14(SIGALRM)
PT_F32-2_bit_0-150 Test Num : 41
Inject into ../bin/hello
----- Type : 2_bit_0 Pos : PT_F32 -----
There are 1 faults will be injected in faulttable...
100072 microseconds
Fault on PT_F32(0X0 -> 0X0)
3000058 microseconds
timeout
[2016-10-27 10:57:17]Process 6456 termed with signal 14(SIGALRM)
PT_F32-2_bit_0-150 Test Num : 42
Inject into ../bin/hello
----- Type : 2_bit_0 Pos : PT_F32 -----
There are 1 faults will be injected in faulttable...
100967 microseconds
Fault on PT_F32(0X0 -> 0X0)
3000127 microseconds
timeout
[2016-10-27 10:57:21]Process 6458 termed with signal 14(SIGALRM)
PT_F32-2_bit_0-150 Test Num : 43
Inject into ../bin/hello
----- Type : 2_bit_0 Pos : PT_F32 -----
There are 1 faults will be injected in faulttable...
101058 microseconds
Fault on PT_F32(0X0 -> 0X0)
3000130 microseconds
timeout
[2016-10-27 10:57:24]Process 6460 termed with signal 14(SIGALRM)
PT_F32-2_bit_0-150 Test Num : 44
Inject into ../bin/hello
----- Type : 2_bit_0 Pos : PT_F32 -----
There are 1 faults will be injected in faulttable...
100064 microseconds
Fault on PT_F32(0X0 -> 0X0)
3000091 microseconds
timeout
[2016-10-27 10:57:27]Process 6462 termed with signal 14(SIGALRM)
PT_F32-2_bit_0-150 Test Num : 45
Inject into ../bin/hello
----- Type : 2_bit_0 Pos : PT_F32 -----
There are 1 faults will be injected in faulttable...
101020 microseconds
Fault on PT_F32(0X0 -> 0X0)
3000058 microseconds
timeout
[2016-10-27 10:57:30]Process 6489 termed with signal 14(SIGALRM)
PT_F32-2_bit_0-150 Test Num : 46
Inject into ../bin/hello
----- Type : 2_bit_0 Pos : PT_F32 -----
There are 1 faults will be injected in faulttable...
101233 microseconds
Fault on PT_F32(0X0 -> 0X0)
3000069 microseconds
timeout
[2016-10-27 10:57:33]Process 6555 termed with signal 14(SIGALRM)
PT_F32-2_bit_0-150 Test Num : 47
Inject into ../bin/hello
----- Type : 2_bit_0 Pos : PT_F32 -----
There are 1 faults will be injected in faulttable...
101310 microseconds
Fault on PT_F32(0X0 -> 0X0)
3000087 microseconds
timeout
[2016-10-27 10:57:36]Process 6589 termed with signal 14(SIGALRM)
PT_F32-2_bit_0-150 Test Num : 48
Inject into ../bin/hello
----- Type : 2_bit_0 Pos : PT_F32 -----
There are 1 faults will be injected in faulttable...
100993 microseconds
Fault on PT_F32(0X0 -> 0X0)
3000079 microseconds
timeout
[2016-10-27 10:57:39]Process 6626 termed with signal 14(SIGALRM)
PT_F32-2_bit_0-150 Test Num : 49
Inject into ../bin/hello
----- Type : 2_bit_0 Pos : PT_F32 -----
There are 1 faults will be injected in faulttable...
101041 microseconds
Fault on PT_F32(0X0 -> 0X0)
3000086 microseconds
timeout
[2016-10-27 10:57:42]Process 6670 termed with signal 14(SIGALRM)
PT_F32-2_bit_0-150 Test Num : 50
Inject into ../bin/hello
----- Type : 2_bit_0 Pos : PT_F32 -----
There are 1 faults will be injected in faulttable...
101049 microseconds
Fault on PT_F32(0X0 -> 0X0)
3000083 microseconds
timeout
[2016-10-27 10:57:45]Process 6697 termed with signal 14(SIGALRM)
PT_F32-2_bit_0-150 Test Num : 51
Inject into ../bin/hello
----- Type : 2_bit_0 Pos : PT_F32 -----
There are 1 faults will be injected in faulttable...
101027 microseconds
Fault on PT_F32(0X0 -> 0X0)
3000102 microseconds
timeout
[2016-10-27 10:57:49]Process 6706 termed with signal 14(SIGALRM)
PT_F32-2_bit_0-150 Test Num : 52
Inject into ../bin/hello
----- Type : 2_bit_0 Pos : PT_F32 -----
There are 1 faults will be injected in faulttable...
100965 microseconds
Fault on PT_F32(0X0 -> 0X0)
3000141 microseconds
timeout
[2016-10-27 10:57:52]Process 6708 termed with signal 14(SIGALRM)
PT_F32-2_bit_0-150 Test Num : 53
Inject into ../bin/hello
----- Type : 2_bit_0 Pos : PT_F32 -----
There are 1 faults will be injected in faulttable...
101126 microseconds
Fault on PT_F32(0X0 -> 0X0)
3000103 microseconds
timeout
[2016-10-27 10:57:55]Process 6710 termed with signal 14(SIGALRM)
PT_F32-2_bit_0-150 Test Num : 54
Inject into ../bin/hello
----- Type : 2_bit_0 Pos : PT_F32 -----
There are 1 faults will be injected in faulttable...
100245 microseconds
Fault on PT_F32(0X0 -> 0X0)
3000096 microseconds
timeout
[2016-10-27 10:57:58]Process 6712 termed with signal 14(SIGALRM)
PT_F32-2_bit_0-150 Test Num : 55
Inject into ../bin/hello
----- Type : 2_bit_0 Pos : PT_F32 -----
There are 1 faults will be injected in faulttable...
101721 microseconds
Fault on PT_F32(0X0 -> 0X0)
3000079 microseconds
timeout
[ 2016-10-27 10:58:1]Process 6721 termed with signal 14(SIGALRM)
PT_F32-2_bit_0-150 Test Num : 56
Inject into ../bin/hello
----- Type : 2_bit_0 Pos : PT_F32 -----
There are 1 faults will be injected in faulttable...
101121 microseconds
Fault on PT_F32(0X0 -> 0X0)
3000096 microseconds
timeout
[ 2016-10-27 10:58:4]Process 6723 termed with signal 14(SIGALRM)
PT_F32-2_bit_0-150 Test Num : 57
Inject into ../bin/hello
----- Type : 2_bit_0 Pos : PT_F32 -----
There are 1 faults will be injected in faulttable...
101059 microseconds
Fault on PT_F32(0X0 -> 0X0)
3000144 microseconds
timeout
[ 2016-10-27 10:58:7]Process 6725 termed with signal 14(SIGALRM)
PT_F32-2_bit_0-150 Test Num : 58
Inject into ../bin/hello
----- Type : 2_bit_0 Pos : PT_F32 -----
There are 1 faults will be injected in faulttable...
101148 microseconds
Fault on PT_F32(0X0 -> 0X0)
3000139 microseconds
timeout
[2016-10-27 10:58:10]Process 6727 termed with signal 14(SIGALRM)
PT_F32-2_bit_0-150 Test Num : 59
Inject into ../bin/hello
----- Type : 2_bit_0 Pos : PT_F32 -----
There are 1 faults will be injected in faulttable...
101390 microseconds
Fault on PT_F32(0X0 -> 0X0)
3000067 microseconds
timeout
[2016-10-27 10:58:14]Process 6729 termed with signal 14(SIGALRM)
PT_F32-2_bit_0-150 Test Num : 60
Inject into ../bin/hello
----- Type : 2_bit_0 Pos : PT_F32 -----
There are 1 faults will be injected in faulttable...
101168 microseconds
Fault on PT_F32(0X0 -> 0X0)
3000114 microseconds
timeout
[2016-10-27 10:58:17]Process 6731 termed with signal 14(SIGALRM)
PT_F32-2_bit_0-150 Test Num : 61
Inject into ../bin/hello
----- Type : 2_bit_0 Pos : PT_F32 -----
There are 1 faults will be injected in faulttable...
101074 microseconds
Fault on PT_F32(0X0 -> 0X0)
3000090 microseconds
timeout
[2016-10-27 10:58:20]Process 6733 termed with signal 14(SIGALRM)
PT_F32-2_bit_0-150 Test Num : 62
Inject into ../bin/hello
----- Type : 2_bit_0 Pos : PT_F32 -----
There are 1 faults will be injected in faulttable...
101300 microseconds
Fault on PT_F32(0X0 -> 0X0)
3000079 microseconds
timeout
[2016-10-27 10:58:23]Process 6735 termed with signal 14(SIGALRM)
PT_F32-2_bit_0-150 Test Num : 63
Inject into ../bin/hello
----- Type : 2_bit_0 Pos : PT_F32 -----
There are 1 faults will be injected in faulttable...
100080 microseconds
Fault on PT_F32(0X0 -> 0X0)
3000087 microseconds
timeout
[2016-10-27 10:58:26]Process 6737 termed with signal 14(SIGALRM)
PT_F32-2_bit_0-150 Test Num : 64
Inject into ../bin/hello
----- Type : 2_bit_0 Pos : PT_F32 -----
There are 1 faults will be injected in faulttable...
101477 microseconds
Fault on PT_F32(0X0 -> 0X0)
3000054 microseconds
timeout
[2016-10-27 10:58:29]Process 6739 termed with signal 14(SIGALRM)
PT_F32-2_bit_0-150 Test Num : 65
Inject into ../bin/hello
----- Type : 2_bit_0 Pos : PT_F32 -----
There are 1 faults will be injected in faulttable...
101509 microseconds
Fault on PT_F32(0X0 -> 0X0)
3000088 microseconds
timeout
[2016-10-27 10:58:32]Process 6741 termed with signal 14(SIGALRM)
PT_F32-2_bit_0-150 Test Num : 66
Inject into ../bin/hello
----- Type : 2_bit_0 Pos : PT_F32 -----
There are 1 faults will be injected in faulttable...
101144 microseconds
Fault on PT_F32(0X0 -> 0X0)
3000117 microseconds
timeout
[2016-10-27 10:58:35]Process 6743 termed with signal 14(SIGALRM)
PT_F32-2_bit_0-150 Test Num : 67
Inject into ../bin/hello
----- Type : 2_bit_0 Pos : PT_F32 -----
There are 1 faults will be injected in faulttable...
101020 microseconds
Fault on PT_F32(0X0 -> 0X0)
3000096 microseconds
timeout
[2016-10-27 10:58:38]Process 6745 termed with signal 14(SIGALRM)
PT_F32-2_bit_0-150 Test Num : 68
Inject into ../bin/hello
----- Type : 2_bit_0 Pos : PT_F32 -----
There are 1 faults will be injected in faulttable...
100979 microseconds
Fault on PT_F32(0X0 -> 0X0)
3000073 microseconds
timeout
[2016-10-27 10:58:42]Process 6747 termed with signal 14(SIGALRM)
PT_F32-2_bit_0-150 Test Num : 69
Inject into ../bin/hello
----- Type : 2_bit_0 Pos : PT_F32 -----
There are 1 faults will be injected in faulttable...
101218 microseconds
Fault on PT_F32(0X0 -> 0X0)
3000129 microseconds
timeout
[2016-10-27 10:58:45]Process 6749 termed with signal 14(SIGALRM)
PT_F32-2_bit_0-150 Test Num : 70
Inject into ../bin/hello
----- Type : 2_bit_0 Pos : PT_F32 -----
There are 1 faults will be injected in faulttable...
100141 microseconds
Fault on PT_F32(0X0 -> 0X0)
3000065 microseconds
timeout
[2016-10-27 10:58:48]Process 6751 termed with signal 14(SIGALRM)
PT_F32-2_bit_0-150 Test Num : 71
Inject into ../bin/hello
----- Type : 2_bit_0 Pos : PT_F32 -----
There are 1 faults will be injected in faulttable...
101169 microseconds
Fault on PT_F32(0X0 -> 0X0)
3000084 microseconds
timeout
[2016-10-27 10:58:51]Process 6753 termed with signal 14(SIGALRM)
PT_F32-2_bit_0-150 Test Num : 72
Inject into ../bin/hello
----- Type : 2_bit_0 Pos : PT_F32 -----
There are 1 faults will be injected in faulttable...
100950 microseconds
Fault on PT_F32(0X0 -> 0X0)
3000083 microseconds
timeout
[2016-10-27 10:58:54]Process 6755 termed with signal 14(SIGALRM)
PT_F32-2_bit_0-150 Test Num : 73
Inject into ../bin/hello
----- Type : 2_bit_0 Pos : PT_F32 -----
There are 1 faults will be injected in faulttable...
100940 microseconds
Fault on PT_F32(0X0 -> 0X0)
3000086 microseconds
timeout
[2016-10-27 10:58:57]Process 6757 termed with signal 14(SIGALRM)
PT_F32-2_bit_0-150 Test Num : 74
Inject into ../bin/hello
----- Type : 2_bit_0 Pos : PT_F32 -----
There are 1 faults will be injected in faulttable...
101113 microseconds
Fault on PT_F32(0X0 -> 0X0)
3000070 microseconds
timeout
[ 2016-10-27 10:59:0]Process 6759 termed with signal 14(SIGALRM)
PT_F32-2_bit_0-150 Test Num : 75
Inject into ../bin/hello
----- Type : 2_bit_0 Pos : PT_F32 -----
There are 1 faults will be injected in faulttable...
101033 microseconds
Fault on PT_F32(0X0 -> 0X0)
3000076 microseconds
timeout
[ 2016-10-27 10:59:3]Process 6761 termed with signal 14(SIGALRM)
PT_F32-2_bit_0-150 Test Num : 76
Inject into ../bin/hello
----- Type : 2_bit_0 Pos : PT_F32 -----
There are 1 faults will be injected in faulttable...
101493 microseconds
Fault on PT_F32(0X0 -> 0X0)
3000095 microseconds
timeout
[ 2016-10-27 10:59:6]Process 6763 termed with signal 14(SIGALRM)
PT_F32-2_bit_0-150 Test Num : 77
Inject into ../bin/hello
----- Type : 2_bit_0 Pos : PT_F32 -----
There are 1 faults will be injected in faulttable...
101114 microseconds
Fault on PT_F32(0X0 -> 0X0)
3000082 microseconds
timeout
[2016-10-27 10:59:10]Process 6765 termed with signal 14(SIGALRM)
PT_F32-2_bit_0-150 Test Num : 78
Inject into ../bin/hello
----- Type : 2_bit_0 Pos : PT_F32 -----
There are 1 faults will be injected in faulttable...
101087 microseconds
Fault on PT_F32(0X0 -> 0X0)
3000080 microseconds
timeout
[2016-10-27 10:59:13]Process 6767 termed with signal 14(SIGALRM)
PT_F32-2_bit_0-150 Test Num : 79
Inject into ../bin/hello
----- Type : 2_bit_0 Pos : PT_F32 -----
There are 1 faults will be injected in faulttable...
100930 microseconds
Fault on PT_F32(0X0 -> 0X0)
3000210 microseconds
timeout
[2016-10-27 10:59:16]Process 6769 termed with signal 14(SIGALRM)
PT_F32-2_bit_0-150 Test Num : 80
Inject into ../bin/hello
----- Type : 2_bit_0 Pos : PT_F32 -----
There are 1 faults will be injected in faulttable...
101073 microseconds
Fault on PT_F32(0X0 -> 0X0)
3000066 microseconds
timeout
[2016-10-27 10:59:19]Process 6771 termed with signal 14(SIGALRM)
PT_F32-2_bit_0-150 Test Num : 81
Inject into ../bin/hello
----- Type : 2_bit_0 Pos : PT_F32 -----
There are 1 faults will be injected in faulttable...
100968 microseconds
Fault on PT_F32(0X0 -> 0X0)
3000072 microseconds
timeout
[2016-10-27 10:59:22]Process 6773 termed with signal 14(SIGALRM)
PT_F32-2_bit_0-150 Test Num : 82
Inject into ../bin/hello
----- Type : 2_bit_0 Pos : PT_F32 -----
There are 1 faults will be injected in faulttable...
101196 microseconds
Fault on PT_F32(0X0 -> 0X0)
3000154 microseconds
timeout
[2016-10-27 10:59:25]Process 6775 termed with signal 14(SIGALRM)
PT_F32-2_bit_0-150 Test Num : 83
Inject into ../bin/hello
----- Type : 2_bit_0 Pos : PT_F32 -----
There are 1 faults will be injected in faulttable...
101543 microseconds
Fault on PT_F32(0X0 -> 0X0)
3000075 microseconds
timeout
[2016-10-27 10:59:28]Process 6777 termed with signal 14(SIGALRM)
PT_F32-2_bit_0-150 Test Num : 84
Inject into ../bin/hello
----- Type : 2_bit_0 Pos : PT_F32 -----
There are 1 faults will be injected in faulttable...
100116 microseconds
Fault on PT_F32(0X0 -> 0X0)
3000064 microseconds
timeout
[2016-10-27 10:59:31]Process 6779 termed with signal 14(SIGALRM)
PT_F32-2_bit_0-150 Test Num : 85
Inject into ../bin/hello
----- Type : 2_bit_0 Pos : PT_F32 -----
There are 1 faults will be injected in faulttable...
101117 microseconds
Fault on PT_F32(0X0 -> 0X0)
3000091 microseconds
timeout
[2016-10-27 10:59:34]Process 6781 termed with signal 14(SIGALRM)
PT_F32-2_bit_0-150 Test Num : 86
Inject into ../bin/hello
----- Type : 2_bit_0 Pos : PT_F32 -----
There are 1 faults will be injected in faulttable...
101229 microseconds
Fault on PT_F32(0X0 -> 0X0)
3000129 microseconds
timeout
[2016-10-27 10:59:38]Process 6783 termed with signal 14(SIGALRM)
PT_F32-2_bit_0-150 Test Num : 87
Inject into ../bin/hello
----- Type : 2_bit_0 Pos : PT_F32 -----
There are 1 faults will be injected in faulttable...
101433 microseconds
Fault on PT_F32(0X0 -> 0X0)
3000145 microseconds
timeout
[2016-10-27 10:59:41]Process 6785 termed with signal 14(SIGALRM)
PT_F32-2_bit_0-150 Test Num : 88
Inject into ../bin/hello
----- Type : 2_bit_0 Pos : PT_F32 -----
There are 1 faults will be injected in faulttable...
101059 microseconds
Fault on PT_F32(0X0 -> 0X0)
3000069 microseconds
timeout
[2016-10-27 10:59:44]Process 6787 termed with signal 14(SIGALRM)
PT_F32-2_bit_0-150 Test Num : 89
Inject into ../bin/hello
----- Type : 2_bit_0 Pos : PT_F32 -----
There are 1 faults will be injected in faulttable...
101082 microseconds
Fault on PT_F32(0X0 -> 0X0)
3000085 microseconds
timeout
[2016-10-27 10:59:47]Process 6789 termed with signal 14(SIGALRM)
PT_F32-2_bit_0-150 Test Num : 90
Inject into ../bin/hello
----- Type : 2_bit_0 Pos : PT_F32 -----
There are 1 faults will be injected in faulttable...
101057 microseconds
Fault on PT_F32(0X0 -> 0X0)
3000117 microseconds
timeout
[2016-10-27 10:59:50]Process 6791 termed with signal 14(SIGALRM)
PT_F32-2_bit_0-150 Test Num : 91
Inject into ../bin/hello
----- Type : 2_bit_0 Pos : PT_F32 -----
There are 1 faults will be injected in faulttable...
100087 microseconds
Fault on PT_F32(0X0 -> 0X0)
3000059 microseconds
timeout
[2016-10-27 10:59:53]Process 6793 termed with signal 14(SIGALRM)
PT_F32-2_bit_0-150 Test Num : 92
Inject into ../bin/hello
----- Type : 2_bit_0 Pos : PT_F32 -----
There are 1 faults will be injected in faulttable...
101273 microseconds
Fault on PT_F32(0X0 -> 0X0)
3000080 microseconds
timeout
[2016-10-27 10:59:56]Process 6795 termed with signal 14(SIGALRM)
PT_F32-2_bit_0-150 Test Num : 93
Inject into ../bin/hello
----- Type : 2_bit_0 Pos : PT_F32 -----
There are 1 faults will be injected in faulttable...
101134 microseconds
Fault on PT_F32(0X0 -> 0X0)
3000071 microseconds
timeout
[2016-10-27 10:59:59]Process 6797 termed with signal 14(SIGALRM)
PT_F32-2_bit_0-150 Test Num : 94
Inject into ../bin/hello
----- Type : 2_bit_0 Pos : PT_F32 -----
There are 1 faults will be injected in faulttable...
101454 microseconds
Fault on PT_F32(0X0 -> 0X0)
3000082 microseconds
timeout
[  2016-10-27 11:0:2]Process 6799 termed with signal 14(SIGALRM)
PT_F32-2_bit_0-150 Test Num : 95
Inject into ../bin/hello
----- Type : 2_bit_0 Pos : PT_F32 -----
There are 1 faults will be injected in faulttable...
101585 microseconds
Fault on PT_F32(0X0 -> 0X0)
3000074 microseconds
timeout
[  2016-10-27 11:0:6]Process 6801 termed with signal 14(SIGALRM)
PT_F32-2_bit_0-150 Test Num : 96
Inject into ../bin/hello
----- Type : 2_bit_0 Pos : PT_F32 -----
There are 1 faults will be injected in faulttable...
100076 microseconds
Fault on PT_F32(0X0 -> 0X0)
3000090 microseconds
timeout
[  2016-10-27 11:0:9]Process 6803 termed with signal 14(SIGALRM)
PT_F32-2_bit_0-150 Test Num : 97
Inject into ../bin/hello
----- Type : 2_bit_0 Pos : PT_F32 -----
There are 1 faults will be injected in faulttable...
101019 microseconds
Fault on PT_F32(0X0 -> 0X0)
3000142 microseconds
timeout
[ 2016-10-27 11:0:12]Process 6805 termed with signal 14(SIGALRM)
PT_F32-2_bit_0-150 Test Num : 98
Inject into ../bin/hello
----- Type : 2_bit_0 Pos : PT_F32 -----
There are 1 faults will be injected in faulttable...
101028 microseconds
Fault on PT_F32(0X0 -> 0X0)
3000101 microseconds
timeout
[ 2016-10-27 11:0:15]Process 6807 termed with signal 14(SIGALRM)
PT_F32-2_bit_0-150 Test Num : 99
Inject into ../bin/hello
----- Type : 2_bit_0 Pos : PT_F32 -----
There are 1 faults will be injected in faulttable...
101264 microseconds
Fault on PT_F32(0X0 -> 0X0)
3000100 microseconds
timeout
[ 2016-10-27 11:0:18]Process 6809 termed with signal 14(SIGALRM)
PT_F32-2_bit_0-150 Test Num : 100
Inject into ../bin/hello
----- Type : 2_bit_0 Pos : PT_F32 -----
There are 1 faults will be injected in faulttable...
101355 microseconds
Fault on PT_F32(0X0 -> 0X0)
3000117 microseconds
timeout
[ 2016-10-27 11:0:21]Process 6811 termed with signal 14(SIGALRM)
PT_F32-2_bit_0-150 Test Num : 101
Inject into ../bin/hello
----- Type : 2_bit_0 Pos : PT_F32 -----
There are 1 faults will be injected in faulttable...
101248 microseconds
Fault on PT_F32(0X0 -> 0X0)
3000139 microseconds
timeout
[ 2016-10-27 11:0:24]Process 6813 termed with signal 14(SIGALRM)
PT_F32-2_bit_0-150 Test Num : 102
Inject into ../bin/hello
----- Type : 2_bit_0 Pos : PT_F32 -----
There are 1 faults will be injected in faulttable...
101620 microseconds
Fault on PT_F32(0X0 -> 0X0)
3000136 microseconds
timeout
[ 2016-10-27 11:0:27]Process 6815 termed with signal 14(SIGALRM)
PT_F32-2_bit_0-150 Test Num : 103
Inject into ../bin/hello
----- Type : 2_bit_0 Pos : PT_F32 -----
There are 1 faults will be injected in faulttable...
101663 microseconds
Fault on PT_F32(0X0 -> 0X0)
3000091 microseconds
timeout
[ 2016-10-27 11:0:30]Process 6817 termed with signal 14(SIGALRM)
PT_F32-2_bit_0-150 Test Num : 104
Inject into ../bin/hello
----- Type : 2_bit_0 Pos : PT_F32 -----
There are 1 faults will be injected in faulttable...
101049 microseconds
Fault on PT_F32(0X0 -> 0X0)
3000096 microseconds
timeout
[ 2016-10-27 11:0:34]Process 6819 termed with signal 14(SIGALRM)
PT_F32-2_bit_0-150 Test Num : 105
Inject into ../bin/hello
----- Type : 2_bit_0 Pos : PT_F32 -----
There are 1 faults will be injected in faulttable...
100132 microseconds
Fault on PT_F32(0X0 -> 0X0)
3000089 microseconds
timeout
[ 2016-10-27 11:0:37]Process 6821 termed with signal 14(SIGALRM)
PT_F32-2_bit_0-150 Test Num : 106
Inject into ../bin/hello
----- Type : 2_bit_0 Pos : PT_F32 -----
There are 1 faults will be injected in faulttable...
101114 microseconds
Fault on PT_F32(0X0 -> 0X0)
3000124 microseconds
timeout
[ 2016-10-27 11:0:40]Process 6823 termed with signal 14(SIGALRM)
PT_F32-2_bit_0-150 Test Num : 107
Inject into ../bin/hello
----- Type : 2_bit_0 Pos : PT_F32 -----
There are 1 faults will be injected in faulttable...
101128 microseconds
Fault on PT_F32(0X0 -> 0X0)
3000122 microseconds
timeout
[ 2016-10-27 11:0:43]Process 6825 termed with signal 14(SIGALRM)
PT_F32-2_bit_0-150 Test Num : 108
Inject into ../bin/hello
----- Type : 2_bit_0 Pos : PT_F32 -----
There are 1 faults will be injected in faulttable...
101161 microseconds
Fault on PT_F32(0X0 -> 0X0)
3000080 microseconds
timeout
[ 2016-10-27 11:0:46]Process 6841 termed with signal 14(SIGALRM)
PT_F32-2_bit_0-150 Test Num : 109
Inject into ../bin/hello
----- Type : 2_bit_0 Pos : PT_F32 -----
There are 1 faults will be injected in faulttable...
101084 microseconds
Fault on PT_F32(0X0 -> 0X0)
3000082 microseconds
timeout
[ 2016-10-27 11:0:49]Process 6878 termed with signal 14(SIGALRM)
PT_F32-2_bit_0-150 Test Num : 110
Inject into ../bin/hello
----- Type : 2_bit_0 Pos : PT_F32 -----
There are 1 faults will be injected in faulttable...
101187 microseconds
Fault on PT_F32(0X0 -> 0X0)
3000121 microseconds
timeout
[ 2016-10-27 11:0:52]Process 6915 termed with signal 14(SIGALRM)
PT_F32-2_bit_0-150 Test Num : 111
Inject into ../bin/hello
----- Type : 2_bit_0 Pos : PT_F32 -----
There are 1 faults will be injected in faulttable...
100230 microseconds
Fault on PT_F32(0X0 -> 0X0)
3000096 microseconds
timeout
[ 2016-10-27 11:0:55]Process 6952 termed with signal 14(SIGALRM)
PT_F32-2_bit_0-150 Test Num : 112
Inject into ../bin/hello
----- Type : 2_bit_0 Pos : PT_F32 -----
There are 1 faults will be injected in faulttable...
100283 microseconds
Fault on PT_F32(0X0 -> 0X0)
3000097 microseconds
timeout
[ 2016-10-27 11:0:58]Process 6997 termed with signal 14(SIGALRM)
PT_F32-2_bit_0-150 Test Num : 113
Inject into ../bin/hello
----- Type : 2_bit_0 Pos : PT_F32 -----
There are 1 faults will be injected in faulttable...
101298 microseconds
Fault on PT_F32(0X0 -> 0X0)
3000071 microseconds
timeout
[  2016-10-27 11:1:2]Process 6999 termed with signal 14(SIGALRM)
PT_F32-2_bit_0-150 Test Num : 114
Inject into ../bin/hello
----- Type : 2_bit_0 Pos : PT_F32 -----
There are 1 faults will be injected in faulttable...
101226 microseconds
Fault on PT_F32(0X0 -> 0X0)
3000073 microseconds
timeout
[  2016-10-27 11:1:5]Process 7019 termed with signal 14(SIGALRM)
PT_F32-2_bit_0-150 Test Num : 115
Inject into ../bin/hello
----- Type : 2_bit_0 Pos : PT_F32 -----
There are 1 faults will be injected in faulttable...
101051 microseconds
Fault on PT_F32(0X0 -> 0X0)
3000111 microseconds
timeout
[  2016-10-27 11:1:8]Process 7021 termed with signal 14(SIGALRM)
PT_F32-2_bit_0-150 Test Num : 116
Inject into ../bin/hello
----- Type : 2_bit_0 Pos : PT_F32 -----
There are 1 faults will be injected in faulttable...
101157 microseconds
Fault on PT_F32(0X0 -> 0X0)
3000069 microseconds
timeout
[ 2016-10-27 11:1:11]Process 7023 termed with signal 14(SIGALRM)
PT_F32-2_bit_0-150 Test Num : 117
Inject into ../bin/hello
----- Type : 2_bit_0 Pos : PT_F32 -----
There are 1 faults will be injected in faulttable...
101219 microseconds
Fault on PT_F32(0X0 -> 0X0)
3000082 microseconds
timeout
[ 2016-10-27 11:1:14]Process 7025 termed with signal 14(SIGALRM)
PT_F32-2_bit_0-150 Test Num : 118
Inject into ../bin/hello
----- Type : 2_bit_0 Pos : PT_F32 -----
There are 1 faults will be injected in faulttable...
101026 microseconds
Fault on PT_F32(0X0 -> 0X0)
3000066 microseconds
timeout
[ 2016-10-27 11:1:17]Process 7028 termed with signal 14(SIGALRM)
PT_F32-2_bit_0-150 Test Num : 119
Inject into ../bin/hello
----- Type : 2_bit_0 Pos : PT_F32 -----
There are 1 faults will be injected in faulttable...
100077 microseconds
Fault on PT_F32(0X0 -> 0X0)
3000115 microseconds
timeout
[ 2016-10-27 11:1:20]Process 7030 termed with signal 14(SIGALRM)
PT_F32-2_bit_0-150 Test Num : 120
Inject into ../bin/hello
----- Type : 2_bit_0 Pos : PT_F32 -----
There are 1 faults will be injected in faulttable...
100902 microseconds
Fault on PT_F32(0X0 -> 0X0)
3000103 microseconds
timeout
[ 2016-10-27 11:1:23]Process 7032 termed with signal 14(SIGALRM)
PT_F32-2_bit_0-150 Test Num : 121
Inject into ../bin/hello
----- Type : 2_bit_0 Pos : PT_F32 -----
There are 1 faults will be injected in faulttable...
101124 microseconds
Fault on PT_F32(0X0 -> 0X0)
3000103 microseconds
timeout
[ 2016-10-27 11:1:26]Process 7034 termed with signal 14(SIGALRM)
PT_F32-2_bit_0-150 Test Num : 122
Inject into ../bin/hello
----- Type : 2_bit_0 Pos : PT_F32 -----
There are 1 faults will be injected in faulttable...
100981 microseconds
Fault on PT_F32(0X0 -> 0X0)
3000127 microseconds
timeout
[ 2016-10-27 11:1:30]Process 7036 termed with signal 14(SIGALRM)
PT_F32-2_bit_0-150 Test Num : 123
Inject into ../bin/hello
----- Type : 2_bit_0 Pos : PT_F32 -----
There are 1 faults will be injected in faulttable...
101685 microseconds
Fault on PT_F32(0X0 -> 0X0)
3000073 microseconds
timeout
[ 2016-10-27 11:1:33]Process 7038 termed with signal 14(SIGALRM)
PT_F32-2_bit_0-150 Test Num : 124
Inject into ../bin/hello
----- Type : 2_bit_0 Pos : PT_F32 -----
There are 1 faults will be injected in faulttable...
101061 microseconds
Fault on PT_F32(0X0 -> 0X0)
3000116 microseconds
timeout
[ 2016-10-27 11:1:36]Process 7040 termed with signal 14(SIGALRM)
PT_F32-2_bit_0-150 Test Num : 125
Inject into ../bin/hello
----- Type : 2_bit_0 Pos : PT_F32 -----
There are 1 faults will be injected in faulttable...
100108 microseconds
Fault on PT_F32(0X0 -> 0X0)
3000132 microseconds
timeout
[ 2016-10-27 11:1:39]Process 7042 termed with signal 14(SIGALRM)
PT_F32-2_bit_0-150 Test Num : 126
Inject into ../bin/hello
----- Type : 2_bit_0 Pos : PT_F32 -----
There are 1 faults will be injected in faulttable...
101082 microseconds
Fault on PT_F32(0X0 -> 0X0)
3000068 microseconds
timeout
[ 2016-10-27 11:1:42]Process 7044 termed with signal 14(SIGALRM)
PT_F32-2_bit_0-150 Test Num : 127
Inject into ../bin/hello
----- Type : 2_bit_0 Pos : PT_F32 -----
There are 1 faults will be injected in faulttable...
100883 microseconds
Fault on PT_F32(0X0 -> 0X0)
3000122 microseconds
timeout
[ 2016-10-27 11:1:45]Process 7046 termed with signal 14(SIGALRM)
PT_F32-2_bit_0-150 Test Num : 128
Inject into ../bin/hello
----- Type : 2_bit_0 Pos : PT_F32 -----
There are 1 faults will be injected in faulttable...
101069 microseconds
Fault on PT_F32(0X0 -> 0X0)
3000115 microseconds
timeout
[ 2016-10-27 11:1:48]Process 7048 termed with signal 14(SIGALRM)
PT_F32-2_bit_0-150 Test Num : 129
Inject into ../bin/hello
----- Type : 2_bit_0 Pos : PT_F32 -----
There are 1 faults will be injected in faulttable...
101449 microseconds
Fault on PT_F32(0X0 -> 0X0)
3000085 microseconds
timeout
[ 2016-10-27 11:1:51]Process 7050 termed with signal 14(SIGALRM)
PT_F32-2_bit_0-150 Test Num : 130
Inject into ../bin/hello
----- Type : 2_bit_0 Pos : PT_F32 -----
There are 1 faults will be injected in faulttable...
101136 microseconds
Fault on PT_F32(0X0 -> 0X0)
3000070 microseconds
timeout
[ 2016-10-27 11:1:54]Process 7052 termed with signal 14(SIGALRM)
PT_F32-2_bit_0-150 Test Num : 131
Inject into ../bin/hello
----- Type : 2_bit_0 Pos : PT_F32 -----
There are 1 faults will be injected in faulttable...
101031 microseconds
Fault on PT_F32(0X0 -> 0X0)
3000058 microseconds
timeout
[ 2016-10-27 11:1:58]Process 7054 termed with signal 14(SIGALRM)
PT_F32-2_bit_0-150 Test Num : 132
Inject into ../bin/hello
----- Type : 2_bit_0 Pos : PT_F32 -----
There are 1 faults will be injected in faulttable...
101069 microseconds
Fault on PT_F32(0X0 -> 0X0)
3000070 microseconds
timeout
[  2016-10-27 11:2:1]Process 7056 termed with signal 14(SIGALRM)
PT_F32-2_bit_0-150 Test Num : 133
Inject into ../bin/hello
----- Type : 2_bit_0 Pos : PT_F32 -----
There are 1 faults will be injected in faulttable...
101034 microseconds
Fault on PT_F32(0X0 -> 0X0)
3000099 microseconds
timeout
[  2016-10-27 11:2:4]Process 7058 termed with signal 14(SIGALRM)
PT_F32-2_bit_0-150 Test Num : 134
Inject into ../bin/hello
----- Type : 2_bit_0 Pos : PT_F32 -----
There are 1 faults will be injected in faulttable...
101188 microseconds
Fault on PT_F32(0X0 -> 0X0)
3000102 microseconds
timeout
[  2016-10-27 11:2:7]Process 7060 termed with signal 14(SIGALRM)
PT_F32-2_bit_0-150 Test Num : 135
Inject into ../bin/hello
----- Type : 2_bit_0 Pos : PT_F32 -----
There are 1 faults will be injected in faulttable...
100275 microseconds
Fault on PT_F32(0X0 -> 0X0)
3000086 microseconds
timeout
[ 2016-10-27 11:2:10]Process 7062 termed with signal 14(SIGALRM)
PT_F32-2_bit_0-150 Test Num : 136
Inject into ../bin/hello
----- Type : 2_bit_0 Pos : PT_F32 -----
There are 1 faults will be injected in faulttable...
100085 microseconds
Fault on PT_F32(0X0 -> 0X0)
3000074 microseconds
timeout
[ 2016-10-27 11:2:13]Process 7064 termed with signal 14(SIGALRM)
PT_F32-2_bit_0-150 Test Num : 137
Inject into ../bin/hello
----- Type : 2_bit_0 Pos : PT_F32 -----
There are 1 faults will be injected in faulttable...
101022 microseconds
Fault on PT_F32(0X0 -> 0X0)
3000074 microseconds
timeout
[ 2016-10-27 11:2:16]Process 7066 termed with signal 14(SIGALRM)
PT_F32-2_bit_0-150 Test Num : 138
Inject into ../bin/hello
----- Type : 2_bit_0 Pos : PT_F32 -----
There are 1 faults will be injected in faulttable...
101024 microseconds
Fault on PT_F32(0X0 -> 0X0)
3000136 microseconds
timeout
[ 2016-10-27 11:2:19]Process 7068 termed with signal 14(SIGALRM)
PT_F32-2_bit_0-150 Test Num : 139
Inject into ../bin/hello
----- Type : 2_bit_0 Pos : PT_F32 -----
There are 1 faults will be injected in faulttable...
100998 microseconds
Fault on PT_F32(0X0 -> 0X0)
3000141 microseconds
timeout
[ 2016-10-27 11:2:23]Process 7070 termed with signal 14(SIGALRM)
PT_F32-2_bit_0-150 Test Num : 140
Inject into ../bin/hello
----- Type : 2_bit_0 Pos : PT_F32 -----
There are 1 faults will be injected in faulttable...
101156 microseconds
Fault on PT_F32(0X0 -> 0X0)
3000066 microseconds
timeout
[ 2016-10-27 11:2:26]Process 7072 termed with signal 14(SIGALRM)
PT_F32-2_bit_0-150 Test Num : 141
Inject into ../bin/hello
----- Type : 2_bit_0 Pos : PT_F32 -----
There are 1 faults will be injected in faulttable...
101103 microseconds
Fault on PT_F32(0X0 -> 0X0)
3000069 microseconds
timeout
[ 2016-10-27 11:2:29]Process 7074 termed with signal 14(SIGALRM)
PT_F32-2_bit_0-150 Test Num : 142
Inject into ../bin/hello
----- Type : 2_bit_0 Pos : PT_F32 -----
There are 1 faults will be injected in faulttable...
101213 microseconds
Fault on PT_F32(0X0 -> 0X0)
3000097 microseconds
timeout
[ 2016-10-27 11:2:32]Process 7090 termed with signal 14(SIGALRM)
PT_F32-2_bit_0-150 Test Num : 143
Inject into ../bin/hello
----- Type : 2_bit_0 Pos : PT_F32 -----
There are 1 faults will be injected in faulttable...
101002 microseconds
Fault on PT_F32(0X0 -> 0X0)
3000128 microseconds
timeout
[ 2016-10-27 11:2:35]Process 7106 termed with signal 14(SIGALRM)
PT_F32-2_bit_0-150 Test Num : 144
Inject into ../bin/hello
----- Type : 2_bit_0 Pos : PT_F32 -----
There are 1 faults will be injected in faulttable...
101215 microseconds
Fault on PT_F32(0X0 -> 0X0)
3000091 microseconds
timeout
[ 2016-10-27 11:2:38]Process 7108 termed with signal 14(SIGALRM)
PT_F32-2_bit_0-150 Test Num : 145
Inject into ../bin/hello
----- Type : 2_bit_0 Pos : PT_F32 -----
There are 1 faults will be injected in faulttable...
101076 microseconds
Fault on PT_F32(0X0 -> 0X0)
3000058 microseconds
timeout
[ 2016-10-27 11:2:41]Process 7117 termed with signal 14(SIGALRM)
PT_F32-2_bit_0-150 Test Num : 146
Inject into ../bin/hello
----- Type : 2_bit_0 Pos : PT_F32 -----
There are 1 faults will be injected in faulttable...
100973 microseconds
Fault on PT_F32(0X0 -> 0X0)
3000063 microseconds
timeout
[ 2016-10-27 11:2:44]Process 7140 termed with signal 14(SIGALRM)
PT_F32-2_bit_0-150 Test Num : 147
Inject into ../bin/hello
----- Type : 2_bit_0 Pos : PT_F32 -----
There are 1 faults will be injected in faulttable...
100990 microseconds
Fault on PT_F32(0X0 -> 0X0)
3000088 microseconds
timeout
[ 2016-10-27 11:2:47]Process 7163 termed with signal 14(SIGALRM)
PT_F32-2_bit_0-150 Test Num : 148
Inject into ../bin/hello
----- Type : 2_bit_0 Pos : PT_F32 -----
There are 1 faults will be injected in faulttable...
101104 microseconds
Fault on PT_F32(0X0 -> 0X0)
3000138 microseconds
timeout
[ 2016-10-27 11:2:51]Process 7165 termed with signal 14(SIGALRM)
PT_F32-2_bit_0-150 Test Num : 149
Inject into ../bin/hello
----- Type : 2_bit_0 Pos : PT_F32 -----
There are 1 faults will be injected in faulttable...
101087 microseconds
Fault on PT_F32(0X0 -> 0X0)
3000090 microseconds
timeout
[ 2016-10-27 11:2:54]Process 7167 termed with signal 14(SIGALRM)
PT_F32-2_bit_0-150 Test Num : 150
Inject into ../bin/hello
----- Type : 2_bit_0 Pos : PT_F32 -----
There are 1 faults will be injected in faulttable...
100085 microseconds
Fault on PT_F32(0X0 -> 0X0)
3000105 microseconds
timeout
[ 2016-10-27 11:2:57]Process 7174 termed with signal 14(SIGALRM)
