PT_F40-plus_2-200 Test Num : 1
Inject into ../bin/hello
----- Type : plus_2 Pos : PT_F40 -----
There are 1 faults will be injected in faulttable...
101191 microseconds
Fault on PT_F40(0X7f62b3ceaee0 -> 0X7f62b3ceaee2)
3000133 microseconds
timeout
[2016-10-27 11:43:46]Process 17554 termed with signal 14(SIGALRM)
PT_F40-plus_2-200 Test Num : 2
Inject into ../bin/hello
----- Type : plus_2 Pos : PT_F40 -----
There are 1 faults will be injected in faulttable...
102736 microseconds
Fault on PT_F40(0X7f6b04d1dee0 -> 0X7f6b04d1dee2)
3000086 microseconds
timeout
[2016-10-27 11:43:50]Process 17556 termed with signal 14(SIGALRM)
PT_F40-plus_2-200 Test Num : 3
Inject into ../bin/hello
----- Type : plus_2 Pos : PT_F40 -----
There are 1 faults will be injected in faulttable...
100067 microseconds
Fault on PT_F40(0X7fa4fa0bcee0 -> 0X7fa4fa0bcee2)
3000116 microseconds
timeout
[2016-10-27 11:43:53]Process 17565 termed with signal 14(SIGALRM)
PT_F40-plus_2-200 Test Num : 4
Inject into ../bin/hello
----- Type : plus_2 Pos : PT_F40 -----
There are 1 faults will be injected in faulttable...
101432 microseconds
Fault on PT_F40(0X7fe9cb2ebee0 -> 0X7fe9cb2ebee2)
3000088 microseconds
timeout
[2016-10-27 11:43:56]Process 17581 termed with signal 14(SIGALRM)
PT_F40-plus_2-200 Test Num : 5
Inject into ../bin/hello
----- Type : plus_2 Pos : PT_F40 -----
There are 1 faults will be injected in faulttable...
101542 microseconds
Fault on PT_F40(0X7f164766cee0 -> 0X7f164766cee2)
3000087 microseconds
timeout
[2016-10-27 11:43:59]Process 17611 termed with signal 14(SIGALRM)
PT_F40-plus_2-200 Test Num : 6
Inject into ../bin/hello
----- Type : plus_2 Pos : PT_F40 -----
There are 1 faults will be injected in faulttable...
101113 microseconds
Fault on PT_F40(0X7fe9e585eee0 -> 0X7fe9e585eee2)
3000157 microseconds
timeout
[ 2016-10-27 11:44:2]Process 17613 termed with signal 14(SIGALRM)
PT_F40-plus_2-200 Test Num : 7
Inject into ../bin/hello
----- Type : plus_2 Pos : PT_F40 -----
There are 1 faults will be injected in faulttable...
101112 microseconds
Fault on PT_F40(0X7effbb19cee0 -> 0X7effbb19cee2)
3000079 microseconds
timeout
[ 2016-10-27 11:44:5]Process 17615 termed with signal 14(SIGALRM)
PT_F40-plus_2-200 Test Num : 8
Inject into ../bin/hello
----- Type : plus_2 Pos : PT_F40 -----
There are 1 faults will be injected in faulttable...
101158 microseconds
Fault on PT_F40(0X7f805f8e8ee0 -> 0X7f805f8e8ee2)
3000128 microseconds
timeout
[ 2016-10-27 11:44:8]Process 17617 termed with signal 14(SIGALRM)
PT_F40-plus_2-200 Test Num : 9
Inject into ../bin/hello
----- Type : plus_2 Pos : PT_F40 -----
There are 1 faults will be injected in faulttable...
101130 microseconds
Fault on PT_F40(0X7f7d0f64fee0 -> 0X7f7d0f64fee2)
3000101 microseconds
timeout
[2016-10-27 11:44:11]Process 17619 termed with signal 14(SIGALRM)
PT_F40-plus_2-200 Test Num : 10
Inject into ../bin/hello
----- Type : plus_2 Pos : PT_F40 -----
There are 1 faults will be injected in faulttable...
101401 microseconds
Fault on PT_F40(0X7f67b7de0ee0 -> 0X7f67b7de0ee2)
3000113 microseconds
timeout
[2016-10-27 11:44:14]Process 17621 termed with signal 14(SIGALRM)
PT_F40-plus_2-200 Test Num : 11
Inject into ../bin/hello
----- Type : plus_2 Pos : PT_F40 -----
There are 1 faults will be injected in faulttable...
100107 microseconds
Fault on PT_F40(0X7faa3352eee0 -> 0X7faa3352eee2)
3000132 microseconds
timeout
[2016-10-27 11:44:18]Process 17623 termed with signal 14(SIGALRM)
PT_F40-plus_2-200 Test Num : 12
Inject into ../bin/hello
----- Type : plus_2 Pos : PT_F40 -----
There are 1 faults will be injected in faulttable...
101024 microseconds
Fault on PT_F40(0X7f55c5f0eee0 -> 0X7f55c5f0eee2)
3000191 microseconds
timeout
[2016-10-27 11:44:21]Process 17625 termed with signal 14(SIGALRM)
PT_F40-plus_2-200 Test Num : 13
Inject into ../bin/hello
----- Type : plus_2 Pos : PT_F40 -----
There are 1 faults will be injected in faulttable...
101395 microseconds
Fault on PT_F40(0X7fa63bf7fee0 -> 0X7fa63bf7fee2)
3000085 microseconds
timeout
[2016-10-27 11:44:24]Process 17627 termed with signal 14(SIGALRM)
PT_F40-plus_2-200 Test Num : 14
Inject into ../bin/hello
----- Type : plus_2 Pos : PT_F40 -----
There are 1 faults will be injected in faulttable...
101079 microseconds
Fault on PT_F40(0X7f1c2531cee0 -> 0X7f1c2531cee2)
3000081 microseconds
timeout
[2016-10-27 11:44:27]Process 17629 termed with signal 14(SIGALRM)
PT_F40-plus_2-200 Test Num : 15
Inject into ../bin/hello
----- Type : plus_2 Pos : PT_F40 -----
There are 1 faults will be injected in faulttable...
101123 microseconds
Fault on PT_F40(0X7f16fad77ee0 -> 0X7f16fad77ee2)
3000132 microseconds
timeout
[2016-10-27 11:44:30]Process 17631 termed with signal 14(SIGALRM)
PT_F40-plus_2-200 Test Num : 16
Inject into ../bin/hello
----- Type : plus_2 Pos : PT_F40 -----
There are 1 faults will be injected in faulttable...
101310 microseconds
Fault on PT_F40(0X7f55344bcee0 -> 0X7f55344bcee2)
3000106 microseconds
timeout
[2016-10-27 11:44:33]Process 17633 termed with signal 14(SIGALRM)
PT_F40-plus_2-200 Test Num : 17
Inject into ../bin/hello
----- Type : plus_2 Pos : PT_F40 -----
There are 1 faults will be injected in faulttable...
100281 microseconds
Fault on PT_F40(0X7efd71ee1ee0 -> 0X7efd71ee1ee2)
3000123 microseconds
timeout
[2016-10-27 11:44:36]Process 17635 termed with signal 14(SIGALRM)
PT_F40-plus_2-200 Test Num : 18
Inject into ../bin/hello
----- Type : plus_2 Pos : PT_F40 -----
There are 1 faults will be injected in faulttable...
101081 microseconds
Fault on PT_F40(0X7fc5d5d2cee0 -> 0X7fc5d5d2cee2)
3000103 microseconds
timeout
[2016-10-27 11:44:39]Process 17637 termed with signal 14(SIGALRM)
PT_F40-plus_2-200 Test Num : 19
Inject into ../bin/hello
----- Type : plus_2 Pos : PT_F40 -----
There are 1 faults will be injected in faulttable...
101340 microseconds
Fault on PT_F40(0X7f34f458aee0 -> 0X7f34f458aee2)
3000082 microseconds
timeout
[2016-10-27 11:44:42]Process 17639 termed with signal 14(SIGALRM)
PT_F40-plus_2-200 Test Num : 20
Inject into ../bin/hello
----- Type : plus_2 Pos : PT_F40 -----
There are 1 faults will be injected in faulttable...
101008 microseconds
Fault on PT_F40(0X7f6a17d20ee0 -> 0X7f6a17d20ee2)
3000124 microseconds
timeout
[2016-10-27 11:44:46]Process 17641 termed with signal 14(SIGALRM)
PT_F40-plus_2-200 Test Num : 21
Inject into ../bin/hello
----- Type : plus_2 Pos : PT_F40 -----
There are 1 faults will be injected in faulttable...
101144 microseconds
Fault on PT_F40(0X7f9400371ee0 -> 0X7f9400371ee2)
3000132 microseconds
timeout
[2016-10-27 11:44:49]Process 17643 termed with signal 14(SIGALRM)
PT_F40-plus_2-200 Test Num : 22
Inject into ../bin/hello
----- Type : plus_2 Pos : PT_F40 -----
There are 1 faults will be injected in faulttable...
100923 microseconds
Fault on PT_F40(0X7feab6254ee0 -> 0X7feab6254ee2)
3000085 microseconds
timeout
[2016-10-27 11:44:52]Process 17645 termed with signal 14(SIGALRM)
PT_F40-plus_2-200 Test Num : 23
Inject into ../bin/hello
----- Type : plus_2 Pos : PT_F40 -----
There are 1 faults will be injected in faulttable...
101445 microseconds
Fault on PT_F40(0X7f9ba016fee0 -> 0X7f9ba016fee2)
3000074 microseconds
timeout
[2016-10-27 11:44:55]Process 17647 termed with signal 14(SIGALRM)
PT_F40-plus_2-200 Test Num : 24
Inject into ../bin/hello
----- Type : plus_2 Pos : PT_F40 -----
There are 1 faults will be injected in faulttable...
101120 microseconds
Fault on PT_F40(0X7fb0e59c6ee0 -> 0X7fb0e59c6ee2)
3000110 microseconds
timeout
[2016-10-27 11:44:58]Process 17649 termed with signal 14(SIGALRM)
PT_F40-plus_2-200 Test Num : 25
Inject into ../bin/hello
----- Type : plus_2 Pos : PT_F40 -----
There are 1 faults will be injected in faulttable...
101141 microseconds
Fault on PT_F40(0X7fb536c85ee0 -> 0X7fb536c85ee2)
3000122 microseconds
timeout
[ 2016-10-27 11:45:1]Process 17651 termed with signal 14(SIGALRM)
PT_F40-plus_2-200 Test Num : 26
Inject into ../bin/hello
----- Type : plus_2 Pos : PT_F40 -----
There are 1 faults will be injected in faulttable...
100114 microseconds
Fault on PT_F40(0X7efdf5487ee0 -> 0X7efdf5487ee2)
3000070 microseconds
timeout
[ 2016-10-27 11:45:4]Process 17653 termed with signal 14(SIGALRM)
PT_F40-plus_2-200 Test Num : 27
Inject into ../bin/hello
----- Type : plus_2 Pos : PT_F40 -----
There are 1 faults will be injected in faulttable...
101049 microseconds
Fault on PT_F40(0X7ff274204ee0 -> 0X7ff274204ee2)
3000113 microseconds
timeout
[ 2016-10-27 11:45:7]Process 17655 termed with signal 14(SIGALRM)
PT_F40-plus_2-200 Test Num : 28
Inject into ../bin/hello
----- Type : plus_2 Pos : PT_F40 -----
There are 1 faults will be injected in faulttable...
100080 microseconds
Fault on PT_F40(0X7f67eb5baee0 -> 0X7f67eb5baee2)
3000090 microseconds
timeout
[2016-10-27 11:45:10]Process 17657 termed with signal 14(SIGALRM)
PT_F40-plus_2-200 Test Num : 29
Inject into ../bin/hello
----- Type : plus_2 Pos : PT_F40 -----
There are 1 faults will be injected in faulttable...
101205 microseconds
Fault on PT_F40(0X7f95cbbe0ee0 -> 0X7f95cbbe0ee2)
3000138 microseconds
timeout
[2016-10-27 11:45:14]Process 17659 termed with signal 14(SIGALRM)
PT_F40-plus_2-200 Test Num : 30
Inject into ../bin/hello
----- Type : plus_2 Pos : PT_F40 -----
There are 1 faults will be injected in faulttable...
101133 microseconds
Fault on PT_F40(0X7fd5a5d6aee0 -> 0X7fd5a5d6aee2)
3000159 microseconds
timeout
[2016-10-27 11:45:17]Process 17661 termed with signal 14(SIGALRM)
PT_F40-plus_2-200 Test Num : 31
Inject into ../bin/hello
----- Type : plus_2 Pos : PT_F40 -----
There are 1 faults will be injected in faulttable...
100961 microseconds
Fault on PT_F40(0X7f610d0b4ee0 -> 0X7f610d0b4ee2)
3000128 microseconds
timeout
[2016-10-27 11:45:20]Process 17663 termed with signal 14(SIGALRM)
PT_F40-plus_2-200 Test Num : 32
Inject into ../bin/hello
----- Type : plus_2 Pos : PT_F40 -----
There are 1 faults will be injected in faulttable...
101447 microseconds
Fault on PT_F40(0X7f08b58b3ee0 -> 0X7f08b58b3ee2)
3000107 microseconds
timeout
[2016-10-27 11:45:23]Process 17665 termed with signal 14(SIGALRM)
PT_F40-plus_2-200 Test Num : 33
Inject into ../bin/hello
----- Type : plus_2 Pos : PT_F40 -----
There are 1 faults will be injected in faulttable...
101187 microseconds
Fault on PT_F40(0X7f4b0948bee0 -> 0X7f4b0948bee2)
3000134 microseconds
timeout
[2016-10-27 11:45:26]Process 17667 termed with signal 14(SIGALRM)
PT_F40-plus_2-200 Test Num : 34
Inject into ../bin/hello
----- Type : plus_2 Pos : PT_F40 -----
There are 1 faults will be injected in faulttable...
101065 microseconds
Fault on PT_F40(0X7f704c613ee0 -> 0X7f704c613ee2)
3000107 microseconds
timeout
[2016-10-27 11:45:29]Process 17669 termed with signal 14(SIGALRM)
PT_F40-plus_2-200 Test Num : 35
Inject into ../bin/hello
----- Type : plus_2 Pos : PT_F40 -----
There are 1 faults will be injected in faulttable...
101220 microseconds
Fault on PT_F40(0X7f4f201b4ee0 -> 0X7f4f201b4ee2)
3000107 microseconds
timeout
[2016-10-27 11:45:32]Process 17671 termed with signal 14(SIGALRM)
PT_F40-plus_2-200 Test Num : 36
Inject into ../bin/hello
----- Type : plus_2 Pos : PT_F40 -----
There are 1 faults will be injected in faulttable...
102305 microseconds
Fault on PT_F40(0X7f4353547ee0 -> 0X7f4353547ee2)
3000099 microseconds
timeout
[2016-10-27 11:45:35]Process 17673 termed with signal 14(SIGALRM)
PT_F40-plus_2-200 Test Num : 37
Inject into ../bin/hello
----- Type : plus_2 Pos : PT_F40 -----
There are 1 faults will be injected in faulttable...
101245 microseconds
Fault on PT_F40(0X7fa389aa5ee0 -> 0X7fa389aa5ee2)
3000095 microseconds
timeout
[2016-10-27 11:45:38]Process 17675 termed with signal 14(SIGALRM)
PT_F40-plus_2-200 Test Num : 38
Inject into ../bin/hello
----- Type : plus_2 Pos : PT_F40 -----
There are 1 faults will be injected in faulttable...
101464 microseconds
Fault on PT_F40(0X7fea08b42ee0 -> 0X7fea08b42ee2)
3000064 microseconds
timeout
[2016-10-27 11:45:42]Process 17677 termed with signal 14(SIGALRM)
PT_F40-plus_2-200 Test Num : 39
Inject into ../bin/hello
----- Type : plus_2 Pos : PT_F40 -----
There are 1 faults will be injected in faulttable...
101272 microseconds
Fault on PT_F40(0X7febbee82ee0 -> 0X7febbee82ee2)
3000092 microseconds
timeout
[2016-10-27 11:45:45]Process 17693 termed with signal 14(SIGALRM)
PT_F40-plus_2-200 Test Num : 40
Inject into ../bin/hello
----- Type : plus_2 Pos : PT_F40 -----
There are 1 faults will be injected in faulttable...
100992 microseconds
Fault on PT_F40(0X7f7b7c4d6ee0 -> 0X7f7b7c4d6ee2)
3000123 microseconds
timeout
[2016-10-27 11:45:48]Process 17730 termed with signal 14(SIGALRM)
PT_F40-plus_2-200 Test Num : 41
Inject into ../bin/hello
----- Type : plus_2 Pos : PT_F40 -----
There are 1 faults will be injected in faulttable...
101156 microseconds
Fault on PT_F40(0X7f21d51b5ee0 -> 0X7f21d51b5ee2)
3000108 microseconds
timeout
[2016-10-27 11:45:51]Process 17757 termed with signal 14(SIGALRM)
PT_F40-plus_2-200 Test Num : 42
Inject into ../bin/hello
----- Type : plus_2 Pos : PT_F40 -----
There are 1 faults will be injected in faulttable...
100994 microseconds
Fault on PT_F40(0X7f603242bee0 -> 0X7f603242bee2)
3000114 microseconds
timeout
[2016-10-27 11:45:54]Process 17759 termed with signal 14(SIGALRM)
PT_F40-plus_2-200 Test Num : 43
Inject into ../bin/hello
----- Type : plus_2 Pos : PT_F40 -----
There are 1 faults will be injected in faulttable...
101069 microseconds
Fault on PT_F40(0X7fce30a32ee0 -> 0X7fce30a32ee2)
3000105 microseconds
timeout
[2016-10-27 11:45:57]Process 17761 termed with signal 14(SIGALRM)
PT_F40-plus_2-200 Test Num : 44
Inject into ../bin/hello
----- Type : plus_2 Pos : PT_F40 -----
There are 1 faults will be injected in faulttable...
101082 microseconds
Fault on PT_F40(0X7fe082426ee0 -> 0X7fe082426ee2)
3000086 microseconds
timeout
[ 2016-10-27 11:46:0]Process 17763 termed with signal 14(SIGALRM)
PT_F40-plus_2-200 Test Num : 45
Inject into ../bin/hello
----- Type : plus_2 Pos : PT_F40 -----
There are 1 faults will be injected in faulttable...
101030 microseconds
Fault on PT_F40(0X7f3197e19ee0 -> 0X7f3197e19ee2)
3000122 microseconds
timeout
[ 2016-10-27 11:46:3]Process 17765 termed with signal 14(SIGALRM)
PT_F40-plus_2-200 Test Num : 46
Inject into ../bin/hello
----- Type : plus_2 Pos : PT_F40 -----
There are 1 faults will be injected in faulttable...
101068 microseconds
Fault on PT_F40(0X7f14d3656ee0 -> 0X7f14d3656ee2)
3000123 microseconds
timeout
[ 2016-10-27 11:46:6]Process 17767 termed with signal 14(SIGALRM)
PT_F40-plus_2-200 Test Num : 47
Inject into ../bin/hello
----- Type : plus_2 Pos : PT_F40 -----
There are 1 faults will be injected in faulttable...
100124 microseconds
Fault on PT_F40(0X7f5ba9c1bee0 -> 0X7f5ba9c1bee2)
3000105 microseconds
timeout
[2016-10-27 11:46:10]Process 17769 termed with signal 14(SIGALRM)
PT_F40-plus_2-200 Test Num : 48
Inject into ../bin/hello
----- Type : plus_2 Pos : PT_F40 -----
There are 1 faults will be injected in faulttable...
101034 microseconds
Fault on PT_F40(0X7f83ec4f4ee0 -> 0X7f83ec4f4ee2)
3000059 microseconds
timeout
[2016-10-27 11:46:13]Process 17771 termed with signal 14(SIGALRM)
PT_F40-plus_2-200 Test Num : 49
Inject into ../bin/hello
----- Type : plus_2 Pos : PT_F40 -----
There are 1 faults will be injected in faulttable...
101333 microseconds
Fault on PT_F40(0X7f8514506ee0 -> 0X7f8514506ee2)
3000125 microseconds
timeout
[2016-10-27 11:46:16]Process 17801 termed with signal 14(SIGALRM)
PT_F40-plus_2-200 Test Num : 50
Inject into ../bin/hello
----- Type : plus_2 Pos : PT_F40 -----
There are 1 faults will be injected in faulttable...
101046 microseconds
Fault on PT_F40(0X7fb7aa667ee0 -> 0X7fb7aa667ee2)
3000119 microseconds
timeout
[2016-10-27 11:46:19]Process 17824 termed with signal 14(SIGALRM)
PT_F40-plus_2-200 Test Num : 51
Inject into ../bin/hello
----- Type : plus_2 Pos : PT_F40 -----
There are 1 faults will be injected in faulttable...
101705 microseconds
Fault on PT_F40(0X7efd05cafee0 -> 0X7efd05cafee2)
3000095 microseconds
timeout
[2016-10-27 11:46:22]Process 17837 termed with signal 14(SIGALRM)
PT_F40-plus_2-200 Test Num : 52
Inject into ../bin/hello
----- Type : plus_2 Pos : PT_F40 -----
There are 1 faults will be injected in faulttable...
100966 microseconds
Fault on PT_F40(0X7fb8cc4daee0 -> 0X7fb8cc4daee2)
3000119 microseconds
timeout
[2016-10-27 11:46:25]Process 17853 termed with signal 14(SIGALRM)
PT_F40-plus_2-200 Test Num : 53
Inject into ../bin/hello
----- Type : plus_2 Pos : PT_F40 -----
There are 1 faults will be injected in faulttable...
101202 microseconds
Fault on PT_F40(0X7f8dd654aee0 -> 0X7f8dd654aee2)
3000083 microseconds
timeout
[2016-10-27 11:46:28]Process 17856 termed with signal 14(SIGALRM)
PT_F40-plus_2-200 Test Num : 54
Inject into ../bin/hello
----- Type : plus_2 Pos : PT_F40 -----
There are 1 faults will be injected in faulttable...
100125 microseconds
Fault on PT_F40(0X7f09de3eaee0 -> 0X7f09de3eaee2)
3000077 microseconds
timeout
[2016-10-27 11:46:31]Process 17858 termed with signal 14(SIGALRM)
PT_F40-plus_2-200 Test Num : 55
Inject into ../bin/hello
----- Type : plus_2 Pos : PT_F40 -----
There are 1 faults will be injected in faulttable...
101122 microseconds
Fault on PT_F40(0X7f73876b3ee0 -> 0X7f73876b3ee2)
3000120 microseconds
timeout
[2016-10-27 11:46:34]Process 17860 termed with signal 14(SIGALRM)
PT_F40-plus_2-200 Test Num : 56
Inject into ../bin/hello
----- Type : plus_2 Pos : PT_F40 -----
There are 1 faults will be injected in faulttable...
100920 microseconds
Fault on PT_F40(0X7f6bcb56cee0 -> 0X7f6bcb56cee2)
3000089 microseconds
timeout
[2016-10-27 11:46:38]Process 17862 termed with signal 14(SIGALRM)
PT_F40-plus_2-200 Test Num : 57
Inject into ../bin/hello
----- Type : plus_2 Pos : PT_F40 -----
There are 1 faults will be injected in faulttable...
101012 microseconds
Fault on PT_F40(0X7f1343421ee0 -> 0X7f1343421ee2)
3000132 microseconds
timeout
[2016-10-27 11:46:41]Process 17864 termed with signal 14(SIGALRM)
PT_F40-plus_2-200 Test Num : 58
Inject into ../bin/hello
----- Type : plus_2 Pos : PT_F40 -----
There are 1 faults will be injected in faulttable...
101131 microseconds
Fault on PT_F40(0X7f480426cee0 -> 0X7f480426cee2)
3000155 microseconds
timeout
[2016-10-27 11:46:44]Process 17866 termed with signal 14(SIGALRM)
PT_F40-plus_2-200 Test Num : 59
Inject into ../bin/hello
----- Type : plus_2 Pos : PT_F40 -----
There are 1 faults will be injected in faulttable...
101312 microseconds
Fault on PT_F40(0X7f2af12e2ee0 -> 0X7f2af12e2ee2)
3000228 microseconds
timeout
[2016-10-27 11:46:47]Process 17875 termed with signal 14(SIGALRM)
PT_F40-plus_2-200 Test Num : 60
Inject into ../bin/hello
----- Type : plus_2 Pos : PT_F40 -----
There are 1 faults will be injected in faulttable...
101027 microseconds
Fault on PT_F40(0X7f2b9793fee0 -> 0X7f2b9793fee2)
3000069 microseconds
timeout
[2016-10-27 11:46:50]Process 17905 termed with signal 14(SIGALRM)
PT_F40-plus_2-200 Test Num : 61
Inject into ../bin/hello
----- Type : plus_2 Pos : PT_F40 -----
There are 1 faults will be injected in faulttable...
101062 microseconds
Fault on PT_F40(0X7f247ba6dee0 -> 0X7f247ba6dee2)
3000126 microseconds
timeout
[2016-10-27 11:46:53]Process 17935 termed with signal 14(SIGALRM)
PT_F40-plus_2-200 Test Num : 62
Inject into ../bin/hello
----- Type : plus_2 Pos : PT_F40 -----
There are 1 faults will be injected in faulttable...
101240 microseconds
Fault on PT_F40(0X7f8192515ee0 -> 0X7f8192515ee2)
3000157 microseconds
timeout
[2016-10-27 11:46:56]Process 17937 termed with signal 14(SIGALRM)
PT_F40-plus_2-200 Test Num : 63
Inject into ../bin/hello
----- Type : plus_2 Pos : PT_F40 -----
There are 1 faults will be injected in faulttable...
101135 microseconds
Fault on PT_F40(0X7f20b0dd2ee0 -> 0X7f20b0dd2ee2)
3000163 microseconds
timeout
[2016-10-27 11:46:59]Process 17939 termed with signal 14(SIGALRM)
PT_F40-plus_2-200 Test Num : 64
Inject into ../bin/hello
----- Type : plus_2 Pos : PT_F40 -----
There are 1 faults will be injected in faulttable...
101117 microseconds
Fault on PT_F40(0X7f574a2e8ee0 -> 0X7f574a2e8ee2)
3000106 microseconds
timeout
[ 2016-10-27 11:47:2]Process 17941 termed with signal 14(SIGALRM)
PT_F40-plus_2-200 Test Num : 65
Inject into ../bin/hello
----- Type : plus_2 Pos : PT_F40 -----
There are 1 faults will be injected in faulttable...
101496 microseconds
Fault on PT_F40(0X7fef3e981ee0 -> 0X7fef3e981ee2)
3000129 microseconds
timeout
[ 2016-10-27 11:47:6]Process 18000 termed with signal 14(SIGALRM)
PT_F40-plus_2-200 Test Num : 66
Inject into ../bin/hello
----- Type : plus_2 Pos : PT_F40 -----
There are 1 faults will be injected in faulttable...
101443 microseconds
Fault on PT_F40(0X7f8a595c7ee0 -> 0X7f8a595c7ee2)
3000097 microseconds
timeout
[ 2016-10-27 11:47:9]Process 18002 termed with signal 14(SIGALRM)
PT_F40-plus_2-200 Test Num : 67
Inject into ../bin/hello
----- Type : plus_2 Pos : PT_F40 -----
There are 1 faults will be injected in faulttable...
101220 microseconds
Fault on PT_F40(0X7f5dfe609ee0 -> 0X7f5dfe609ee2)
3000113 microseconds
timeout
[2016-10-27 11:47:12]Process 18004 termed with signal 14(SIGALRM)
PT_F40-plus_2-200 Test Num : 68
Inject into ../bin/hello
----- Type : plus_2 Pos : PT_F40 -----
There are 1 faults will be injected in faulttable...
101490 microseconds
Fault on PT_F40(0X7f3daa41fee0 -> 0X7f3daa41fee2)
3000118 microseconds
timeout
[2016-10-27 11:47:15]Process 18006 termed with signal 14(SIGALRM)
PT_F40-plus_2-200 Test Num : 69
Inject into ../bin/hello
----- Type : plus_2 Pos : PT_F40 -----
There are 1 faults will be injected in faulttable...
101008 microseconds
Fault on PT_F40(0X7f0aa65eeee0 -> 0X7f0aa65eeee2)
3000278 microseconds
timeout
[2016-10-27 11:47:18]Process 18008 termed with signal 14(SIGALRM)
PT_F40-plus_2-200 Test Num : 70
Inject into ../bin/hello
----- Type : plus_2 Pos : PT_F40 -----
There are 1 faults will be injected in faulttable...
101531 microseconds
Fault on PT_F40(0X7f2b3977bee0 -> 0X7f2b3977bee2)
3000130 microseconds
timeout
[2016-10-27 11:47:21]Process 18010 termed with signal 14(SIGALRM)
PT_F40-plus_2-200 Test Num : 71
Inject into ../bin/hello
----- Type : plus_2 Pos : PT_F40 -----
There are 1 faults will be injected in faulttable...
100294 microseconds
Fault on PT_F40(0X7f1b7dba5ee0 -> 0X7f1b7dba5ee2)
3000124 microseconds
timeout
[2016-10-27 11:47:24]Process 18012 termed with signal 14(SIGALRM)
PT_F40-plus_2-200 Test Num : 72
Inject into ../bin/hello
----- Type : plus_2 Pos : PT_F40 -----
There are 1 faults will be injected in faulttable...
101292 microseconds
Fault on PT_F40(0X7f62f946eee0 -> 0X7f62f946eee2)
3000152 microseconds
timeout
[2016-10-27 11:47:27]Process 18014 termed with signal 14(SIGALRM)
PT_F40-plus_2-200 Test Num : 73
Inject into ../bin/hello
----- Type : plus_2 Pos : PT_F40 -----
There are 1 faults will be injected in faulttable...
101121 microseconds
Fault on PT_F40(0X7f9b50c35ee0 -> 0X7f9b50c35ee2)
3000128 microseconds
timeout
[2016-10-27 11:47:31]Process 18016 termed with signal 14(SIGALRM)
PT_F40-plus_2-200 Test Num : 74
Inject into ../bin/hello
----- Type : plus_2 Pos : PT_F40 -----
There are 1 faults will be injected in faulttable...
101148 microseconds
Fault on PT_F40(0X7f85a8d25ee0 -> 0X7f85a8d25ee2)
3000155 microseconds
timeout
[2016-10-27 11:47:34]Process 18032 termed with signal 14(SIGALRM)
PT_F40-plus_2-200 Test Num : 75
Inject into ../bin/hello
----- Type : plus_2 Pos : PT_F40 -----
There are 1 faults will be injected in faulttable...
101273 microseconds
Fault on PT_F40(0X7f9999b0dee0 -> 0X7f9999b0dee2)
3000066 microseconds
timeout
[2016-10-27 11:47:37]Process 18034 termed with signal 14(SIGALRM)
PT_F40-plus_2-200 Test Num : 76
Inject into ../bin/hello
----- Type : plus_2 Pos : PT_F40 -----
There are 1 faults will be injected in faulttable...
100967 microseconds
Fault on PT_F40(0X7f306c0bbee0 -> 0X7f306c0bbee2)
3000098 microseconds
timeout
[2016-10-27 11:47:40]Process 18036 termed with signal 14(SIGALRM)
PT_F40-plus_2-200 Test Num : 77
Inject into ../bin/hello
----- Type : plus_2 Pos : PT_F40 -----
There are 1 faults will be injected in faulttable...
101370 microseconds
Fault on PT_F40(0X7f0a9aeeeee0 -> 0X7f0a9aeeeee2)
3000142 microseconds
timeout
[2016-10-27 11:47:43]Process 18038 termed with signal 14(SIGALRM)
PT_F40-plus_2-200 Test Num : 78
Inject into ../bin/hello
----- Type : plus_2 Pos : PT_F40 -----
There are 1 faults will be injected in faulttable...
100099 microseconds
Fault on PT_F40(0X7fdcbb945ee0 -> 0X7fdcbb945ee2)
3000080 microseconds
timeout
[2016-10-27 11:47:46]Process 18045 termed with signal 14(SIGALRM)
PT_F40-plus_2-200 Test Num : 79
Inject into ../bin/hello
----- Type : plus_2 Pos : PT_F40 -----
There are 1 faults will be injected in faulttable...
101113 microseconds
Fault on PT_F40(0X7fbac27ceee0 -> 0X7fbac27ceee2)
3000110 microseconds
timeout
[2016-10-27 11:47:49]Process 18048 termed with signal 14(SIGALRM)
PT_F40-plus_2-200 Test Num : 80
Inject into ../bin/hello
----- Type : plus_2 Pos : PT_F40 -----
There are 1 faults will be injected in faulttable...
101126 microseconds
Fault on PT_F40(0X7ffb06e77ee0 -> 0X7ffb06e77ee2)
3000113 microseconds
timeout
[2016-10-27 11:47:52]Process 18050 termed with signal 14(SIGALRM)
PT_F40-plus_2-200 Test Num : 81
Inject into ../bin/hello
----- Type : plus_2 Pos : PT_F40 -----
There are 1 faults will be injected in faulttable...
101105 microseconds
Fault on PT_F40(0X7fc6a9b03ee0 -> 0X7fc6a9b03ee2)
3000127 microseconds
timeout
[2016-10-27 11:47:55]Process 18052 termed with signal 14(SIGALRM)
PT_F40-plus_2-200 Test Num : 82
Inject into ../bin/hello
----- Type : plus_2 Pos : PT_F40 -----
There are 1 faults will be injected in faulttable...
101204 microseconds
Fault on PT_F40(0X7f608e1ddee0 -> 0X7f608e1ddee2)
3000102 microseconds
timeout
[2016-10-27 11:47:59]Process 18054 termed with signal 14(SIGALRM)
PT_F40-plus_2-200 Test Num : 83
Inject into ../bin/hello
----- Type : plus_2 Pos : PT_F40 -----
There are 1 faults will be injected in faulttable...
101224 microseconds
Fault on PT_F40(0X7fa37fb4dee0 -> 0X7fa37fb4dee2)
3000092 microseconds
timeout
[ 2016-10-27 11:48:2]Process 18060 termed with signal 14(SIGALRM)
PT_F40-plus_2-200 Test Num : 84
Inject into ../bin/hello
----- Type : plus_2 Pos : PT_F40 -----
There are 1 faults will be injected in faulttable...
101030 microseconds
Fault on PT_F40(0X7fdc862daee0 -> 0X7fdc862daee2)
3000121 microseconds
timeout
[ 2016-10-27 11:48:5]Process 18090 termed with signal 14(SIGALRM)
PT_F40-plus_2-200 Test Num : 85
Inject into ../bin/hello
----- Type : plus_2 Pos : PT_F40 -----
There are 1 faults will be injected in faulttable...
101197 microseconds
Fault on PT_F40(0X7efe5f50aee0 -> 0X7efe5f50aee2)
3000128 microseconds
timeout
[ 2016-10-27 11:48:8]Process 18092 termed with signal 14(SIGALRM)
PT_F40-plus_2-200 Test Num : 86
Inject into ../bin/hello
----- Type : plus_2 Pos : PT_F40 -----
There are 1 faults will be injected in faulttable...
101318 microseconds
Fault on PT_F40(0X7f0e29a96ee0 -> 0X7f0e29a96ee2)
3000113 microseconds
timeout
[2016-10-27 11:48:11]Process 18094 termed with signal 14(SIGALRM)
PT_F40-plus_2-200 Test Num : 87
Inject into ../bin/hello
----- Type : plus_2 Pos : PT_F40 -----
There are 1 faults will be injected in faulttable...
101024 microseconds
Fault on PT_F40(0X7f77a329cee0 -> 0X7f77a329cee2)
3000170 microseconds
timeout
[2016-10-27 11:48:14]Process 18096 termed with signal 14(SIGALRM)
PT_F40-plus_2-200 Test Num : 88
Inject into ../bin/hello
----- Type : plus_2 Pos : PT_F40 -----
There are 1 faults will be injected in faulttable...
101140 microseconds
Fault on PT_F40(0X7efc05342ee0 -> 0X7efc05342ee2)
3000106 microseconds
timeout
[2016-10-27 11:48:17]Process 18098 termed with signal 14(SIGALRM)
PT_F40-plus_2-200 Test Num : 89
Inject into ../bin/hello
----- Type : plus_2 Pos : PT_F40 -----
There are 1 faults will be injected in faulttable...
101750 microseconds
Fault on PT_F40(0X7fb9a6abfee0 -> 0X7fb9a6abfee2)
3000074 microseconds
timeout
[2016-10-27 11:48:20]Process 18100 termed with signal 14(SIGALRM)
PT_F40-plus_2-200 Test Num : 90
Inject into ../bin/hello
----- Type : plus_2 Pos : PT_F40 -----
There are 1 faults will be injected in faulttable...
101180 microseconds
Fault on PT_F40(0X7f1c1406fee0 -> 0X7f1c1406fee2)
3000155 microseconds
timeout
[2016-10-27 11:48:23]Process 18102 termed with signal 14(SIGALRM)
PT_F40-plus_2-200 Test Num : 91
Inject into ../bin/hello
----- Type : plus_2 Pos : PT_F40 -----
There are 1 faults will be injected in faulttable...
100986 microseconds
Fault on PT_F40(0X7f35fa163ee0 -> 0X7f35fa163ee2)
3000120 microseconds
timeout
[2016-10-27 11:48:27]Process 18104 termed with signal 14(SIGALRM)
PT_F40-plus_2-200 Test Num : 92
Inject into ../bin/hello
----- Type : plus_2 Pos : PT_F40 -----
There are 1 faults will be injected in faulttable...
101166 microseconds
Fault on PT_F40(0X7f4bb07d1ee0 -> 0X7f4bb07d1ee2)
3000080 microseconds
timeout
[2016-10-27 11:48:30]Process 18106 termed with signal 14(SIGALRM)
PT_F40-plus_2-200 Test Num : 93
Inject into ../bin/hello
----- Type : plus_2 Pos : PT_F40 -----
There are 1 faults will be injected in faulttable...
101241 microseconds
Fault on PT_F40(0X7fa87bb94ee0 -> 0X7fa87bb94ee2)
3000094 microseconds
timeout
[2016-10-27 11:48:33]Process 18108 termed with signal 14(SIGALRM)
PT_F40-plus_2-200 Test Num : 94
Inject into ../bin/hello
----- Type : plus_2 Pos : PT_F40 -----
There are 1 faults will be injected in faulttable...
100995 microseconds
Fault on PT_F40(0X7f988a810ee0 -> 0X7f988a810ee2)
3000086 microseconds
timeout
[2016-10-27 11:48:36]Process 18110 termed with signal 14(SIGALRM)
PT_F40-plus_2-200 Test Num : 95
Inject into ../bin/hello
----- Type : plus_2 Pos : PT_F40 -----
There are 1 faults will be injected in faulttable...
100100 microseconds
Fault on PT_F40(0X7f7b54860ee0 -> 0X7f7b54860ee2)
3000069 microseconds
timeout
[2016-10-27 11:48:39]Process 18112 termed with signal 14(SIGALRM)
PT_F40-plus_2-200 Test Num : 96
Inject into ../bin/hello
----- Type : plus_2 Pos : PT_F40 -----
There are 1 faults will be injected in faulttable...
101005 microseconds
Fault on PT_F40(0X7f88acb41ee0 -> 0X7f88acb41ee2)
3000133 microseconds
timeout
[2016-10-27 11:48:42]Process 18114 termed with signal 14(SIGALRM)
PT_F40-plus_2-200 Test Num : 97
Inject into ../bin/hello
----- Type : plus_2 Pos : PT_F40 -----
There are 1 faults will be injected in faulttable...
101449 microseconds
Fault on PT_F40(0X7ff1a382cee0 -> 0X7ff1a382cee2)
3000076 microseconds
timeout
[2016-10-27 11:48:45]Process 18116 termed with signal 14(SIGALRM)
PT_F40-plus_2-200 Test Num : 98
Inject into ../bin/hello
----- Type : plus_2 Pos : PT_F40 -----
There are 1 faults will be injected in faulttable...
101222 microseconds
Fault on PT_F40(0X7fe402664ee0 -> 0X7fe402664ee2)
3000099 microseconds
timeout
[2016-10-27 11:48:48]Process 18118 termed with signal 14(SIGALRM)
PT_F40-plus_2-200 Test Num : 99
Inject into ../bin/hello
----- Type : plus_2 Pos : PT_F40 -----
There are 1 faults will be injected in faulttable...
101175 microseconds
Fault on PT_F40(0X7fc46880cee0 -> 0X7fc46880cee2)
3000105 microseconds
timeout
[2016-10-27 11:48:51]Process 18120 termed with signal 14(SIGALRM)
PT_F40-plus_2-200 Test Num : 100
Inject into ../bin/hello
----- Type : plus_2 Pos : PT_F40 -----
There are 1 faults will be injected in faulttable...
101070 microseconds
Fault on PT_F40(0X7f241c3a3ee0 -> 0X7f241c3a3ee2)
3000171 microseconds
timeout
[2016-10-27 11:48:55]Process 18122 termed with signal 14(SIGALRM)
PT_F40-plus_2-200 Test Num : 101
Inject into ../bin/hello
----- Type : plus_2 Pos : PT_F40 -----
There are 1 faults will be injected in faulttable...
101027 microseconds
Fault on PT_F40(0X7f5835fdfee0 -> 0X7f5835fdfee2)
3000071 microseconds
timeout
[2016-10-27 11:48:58]Process 18124 termed with signal 14(SIGALRM)
PT_F40-plus_2-200 Test Num : 102
Inject into ../bin/hello
----- Type : plus_2 Pos : PT_F40 -----
There are 1 faults will be injected in faulttable...
101002 microseconds
Fault on PT_F40(0X7fca779e3ee0 -> 0X7fca779e3ee2)
3000070 microseconds
timeout
[ 2016-10-27 11:49:1]Process 18126 termed with signal 14(SIGALRM)
PT_F40-plus_2-200 Test Num : 103
Inject into ../bin/hello
----- Type : plus_2 Pos : PT_F40 -----
There are 1 faults will be injected in faulttable...
100972 microseconds
Fault on PT_F40(0X7f284d1bbee0 -> 0X7f284d1bbee2)
3000103 microseconds
timeout
[ 2016-10-27 11:49:4]Process 18128 termed with signal 14(SIGALRM)
PT_F40-plus_2-200 Test Num : 104
Inject into ../bin/hello
----- Type : plus_2 Pos : PT_F40 -----
There are 1 faults will be injected in faulttable...
101109 microseconds
Fault on PT_F40(0X7ff6ba545ee0 -> 0X7ff6ba545ee2)
3000151 microseconds
timeout
[ 2016-10-27 11:49:7]Process 18130 termed with signal 14(SIGALRM)
PT_F40-plus_2-200 Test Num : 105
Inject into ../bin/hello
----- Type : plus_2 Pos : PT_F40 -----
There are 1 faults will be injected in faulttable...
101575 microseconds
Fault on PT_F40(0X7f79a3adaee0 -> 0X7f79a3adaee2)
3000079 microseconds
timeout
[2016-10-27 11:49:10]Process 18132 termed with signal 14(SIGALRM)
PT_F40-plus_2-200 Test Num : 106
Inject into ../bin/hello
----- Type : plus_2 Pos : PT_F40 -----
There are 1 faults will be injected in faulttable...
101155 microseconds
Fault on PT_F40(0X7f68a5cd8ee0 -> 0X7f68a5cd8ee2)
3000070 microseconds
timeout
[2016-10-27 11:49:13]Process 18134 termed with signal 14(SIGALRM)
PT_F40-plus_2-200 Test Num : 107
Inject into ../bin/hello
----- Type : plus_2 Pos : PT_F40 -----
There are 1 faults will be injected in faulttable...
100081 microseconds
Fault on PT_F40(0X7f5a50dd0ee0 -> 0X7f5a50dd0ee2)
3000145 microseconds
timeout
[2016-10-27 11:49:16]Process 18136 termed with signal 14(SIGALRM)
PT_F40-plus_2-200 Test Num : 108
Inject into ../bin/hello
----- Type : plus_2 Pos : PT_F40 -----
There are 1 faults will be injected in faulttable...
100977 microseconds
Fault on PT_F40(0X7f27153d1ee0 -> 0X7f27153d1ee2)
3000099 microseconds
timeout
[2016-10-27 11:49:19]Process 18138 termed with signal 14(SIGALRM)
PT_F40-plus_2-200 Test Num : 109
Inject into ../bin/hello
----- Type : plus_2 Pos : PT_F40 -----
There are 1 faults will be injected in faulttable...
100093 microseconds
Fault on PT_F40(0X7fdaec8e8ee0 -> 0X7fdaec8e8ee2)
3000076 microseconds
timeout
[2016-10-27 11:49:23]Process 18140 termed with signal 14(SIGALRM)
PT_F40-plus_2-200 Test Num : 110
Inject into ../bin/hello
----- Type : plus_2 Pos : PT_F40 -----
There are 1 faults will be injected in faulttable...
101283 microseconds
Fault on PT_F40(0X7f5d15082ee0 -> 0X7f5d15082ee2)
3000097 microseconds
timeout
[2016-10-27 11:49:26]Process 18142 termed with signal 14(SIGALRM)
PT_F40-plus_2-200 Test Num : 111
Inject into ../bin/hello
----- Type : plus_2 Pos : PT_F40 -----
There are 1 faults will be injected in faulttable...
101031 microseconds
Fault on PT_F40(0X7f9578fc0ee0 -> 0X7f9578fc0ee2)
3000160 microseconds
timeout
[2016-10-27 11:49:29]Process 18144 termed with signal 14(SIGALRM)
PT_F40-plus_2-200 Test Num : 112
Inject into ../bin/hello
----- Type : plus_2 Pos : PT_F40 -----
There are 1 faults will be injected in faulttable...
101682 microseconds
Fault on PT_F40(0X7f0e260a3ee0 -> 0X7f0e260a3ee2)
3000136 microseconds
timeout
[2016-10-27 11:49:32]Process 18146 termed with signal 14(SIGALRM)
PT_F40-plus_2-200 Test Num : 113
Inject into ../bin/hello
----- Type : plus_2 Pos : PT_F40 -----
There are 1 faults will be injected in faulttable...
101366 microseconds
Fault on PT_F40(0X7f7a62f40ee0 -> 0X7f7a62f40ee2)
3000090 microseconds
timeout
[2016-10-27 11:49:35]Process 18148 termed with signal 14(SIGALRM)
PT_F40-plus_2-200 Test Num : 114
Inject into ../bin/hello
----- Type : plus_2 Pos : PT_F40 -----
There are 1 faults will be injected in faulttable...
101460 microseconds
Fault on PT_F40(0X7ff7fb08cee0 -> 0X7ff7fb08cee2)
3000095 microseconds
timeout
[2016-10-27 11:49:38]Process 18150 termed with signal 14(SIGALRM)
PT_F40-plus_2-200 Test Num : 115
Inject into ../bin/hello
----- Type : plus_2 Pos : PT_F40 -----
There are 1 faults will be injected in faulttable...
101324 microseconds
Fault on PT_F40(0X7f0958857ee0 -> 0X7f0958857ee2)
3000263 microseconds
timeout
[2016-10-27 11:49:41]Process 18152 termed with signal 14(SIGALRM)
PT_F40-plus_2-200 Test Num : 116
Inject into ../bin/hello
----- Type : plus_2 Pos : PT_F40 -----
There are 1 faults will be injected in faulttable...
100102 microseconds
Fault on PT_F40(0X7fdcebfa9ee0 -> 0X7fdcebfa9ee2)
3000058 microseconds
timeout
[2016-10-27 11:49:44]Process 18154 termed with signal 14(SIGALRM)
PT_F40-plus_2-200 Test Num : 117
Inject into ../bin/hello
----- Type : plus_2 Pos : PT_F40 -----
There are 1 faults will be injected in faulttable...
100975 microseconds
Fault on PT_F40(0X7f590de5cee0 -> 0X7f590de5cee2)
3000199 microseconds
timeout
[2016-10-27 11:49:47]Process 18156 termed with signal 14(SIGALRM)
PT_F40-plus_2-200 Test Num : 118
Inject into ../bin/hello
----- Type : plus_2 Pos : PT_F40 -----
There are 1 faults will be injected in faulttable...
100934 microseconds
Fault on PT_F40(0X7f1b2dfc2ee0 -> 0X7f1b2dfc2ee2)
3000099 microseconds
timeout
[2016-10-27 11:49:51]Process 18158 termed with signal 14(SIGALRM)
PT_F40-plus_2-200 Test Num : 119
Inject into ../bin/hello
----- Type : plus_2 Pos : PT_F40 -----
There are 1 faults will be injected in faulttable...
101090 microseconds
Fault on PT_F40(0X7f435d316ee0 -> 0X7f435d316ee2)
3000126 microseconds
timeout
[2016-10-27 11:49:54]Process 18160 termed with signal 14(SIGALRM)
PT_F40-plus_2-200 Test Num : 120
Inject into ../bin/hello
----- Type : plus_2 Pos : PT_F40 -----
There are 1 faults will be injected in faulttable...
101581 microseconds
Fault on PT_F40(0X7f45dd865ee0 -> 0X7f45dd865ee2)
3000080 microseconds
timeout
[2016-10-27 11:49:57]Process 18162 termed with signal 14(SIGALRM)
PT_F40-plus_2-200 Test Num : 121
Inject into ../bin/hello
----- Type : plus_2 Pos : PT_F40 -----
There are 1 faults will be injected in faulttable...
100104 microseconds
Fault on PT_F40(0X7f55a89b3ee0 -> 0X7f55a89b3ee2)
3000129 microseconds
timeout
[ 2016-10-27 11:50:0]Process 18164 termed with signal 14(SIGALRM)
PT_F40-plus_2-200 Test Num : 122
Inject into ../bin/hello
----- Type : plus_2 Pos : PT_F40 -----
There are 1 faults will be injected in faulttable...
101152 microseconds
Fault on PT_F40(0X7ff984741ee0 -> 0X7ff984741ee2)
3000098 microseconds
timeout
[ 2016-10-27 11:50:3]Process 18166 termed with signal 14(SIGALRM)
PT_F40-plus_2-200 Test Num : 123
Inject into ../bin/hello
----- Type : plus_2 Pos : PT_F40 -----
There are 1 faults will be injected in faulttable...
101137 microseconds
Fault on PT_F40(0X7ffabafdfee0 -> 0X7ffabafdfee2)
3000111 microseconds
timeout
[ 2016-10-27 11:50:6]Process 18168 termed with signal 14(SIGALRM)
PT_F40-plus_2-200 Test Num : 124
Inject into ../bin/hello
----- Type : plus_2 Pos : PT_F40 -----
There are 1 faults will be injected in faulttable...
101071 microseconds
Fault on PT_F40(0X7fa9646cdee0 -> 0X7fa9646cdee2)
3000098 microseconds
timeout
[ 2016-10-27 11:50:9]Process 18170 termed with signal 14(SIGALRM)
PT_F40-plus_2-200 Test Num : 125
Inject into ../bin/hello
----- Type : plus_2 Pos : PT_F40 -----
There are 1 faults will be injected in faulttable...
101235 microseconds
Fault on PT_F40(0X7ff588edcee0 -> 0X7ff588edcee2)
3000077 microseconds
timeout
[2016-10-27 11:50:12]Process 18172 termed with signal 14(SIGALRM)
PT_F40-plus_2-200 Test Num : 126
Inject into ../bin/hello
----- Type : plus_2 Pos : PT_F40 -----
There are 1 faults will be injected in faulttable...
100974 microseconds
Fault on PT_F40(0X7f981a7edee0 -> 0X7f981a7edee2)
3000095 microseconds
timeout
[2016-10-27 11:50:15]Process 18174 termed with signal 14(SIGALRM)
PT_F40-plus_2-200 Test Num : 127
Inject into ../bin/hello
----- Type : plus_2 Pos : PT_F40 -----
There are 1 faults will be injected in faulttable...
100250 microseconds
Fault on PT_F40(0X7fbcb33e1ee0 -> 0X7fbcb33e1ee2)
3000073 microseconds
timeout
[2016-10-27 11:50:19]Process 18176 termed with signal 14(SIGALRM)
PT_F40-plus_2-200 Test Num : 128
Inject into ../bin/hello
----- Type : plus_2 Pos : PT_F40 -----
There are 1 faults will be injected in faulttable...
101044 microseconds
Fault on PT_F40(0X7fc60b595ee0 -> 0X7fc60b595ee2)
3000064 microseconds
timeout
[2016-10-27 11:50:22]Process 18178 termed with signal 14(SIGALRM)
PT_F40-plus_2-200 Test Num : 129
Inject into ../bin/hello
----- Type : plus_2 Pos : PT_F40 -----
There are 1 faults will be injected in faulttable...
101159 microseconds
Fault on PT_F40(0X7fe2dcdbdee0 -> 0X7fe2dcdbdee2)
3000076 microseconds
timeout
[2016-10-27 11:50:25]Process 18180 termed with signal 14(SIGALRM)
PT_F40-plus_2-200 Test Num : 130
Inject into ../bin/hello
----- Type : plus_2 Pos : PT_F40 -----
There are 1 faults will be injected in faulttable...
101135 microseconds
Fault on PT_F40(0X7f1be9982ee0 -> 0X7f1be9982ee2)
3000266 microseconds
timeout
[2016-10-27 11:50:28]Process 18182 termed with signal 14(SIGALRM)
PT_F40-plus_2-200 Test Num : 131
Inject into ../bin/hello
----- Type : plus_2 Pos : PT_F40 -----
There are 1 faults will be injected in faulttable...
101135 microseconds
Fault on PT_F40(0X7f1326ce1ee0 -> 0X7f1326ce1ee2)
3000099 microseconds
timeout
[2016-10-27 11:50:31]Process 18184 termed with signal 14(SIGALRM)
PT_F40-plus_2-200 Test Num : 132
Inject into ../bin/hello
----- Type : plus_2 Pos : PT_F40 -----
There are 1 faults will be injected in faulttable...
100076 microseconds
Fault on PT_F40(0X7f42a18b9ee0 -> 0X7f42a18b9ee2)
3000066 microseconds
timeout
[2016-10-27 11:50:34]Process 18186 termed with signal 14(SIGALRM)
PT_F40-plus_2-200 Test Num : 133
Inject into ../bin/hello
----- Type : plus_2 Pos : PT_F40 -----
There are 1 faults will be injected in faulttable...
100980 microseconds
Fault on PT_F40(0X7fb39c35aee0 -> 0X7fb39c35aee2)
3000089 microseconds
timeout
[2016-10-27 11:50:37]Process 18188 termed with signal 14(SIGALRM)
PT_F40-plus_2-200 Test Num : 134
Inject into ../bin/hello
----- Type : plus_2 Pos : PT_F40 -----
There are 1 faults will be injected in faulttable...
100106 microseconds
Fault on PT_F40(0X7f43f3c51ee0 -> 0X7f43f3c51ee2)
3000361 microseconds
timeout
[2016-10-27 11:50:40]Process 18190 termed with signal 14(SIGALRM)
PT_F40-plus_2-200 Test Num : 135
Inject into ../bin/hello
----- Type : plus_2 Pos : PT_F40 -----
There are 1 faults will be injected in faulttable...
101438 microseconds
Fault on PT_F40(0X7f78e51beee0 -> 0X7f78e51beee2)
3000082 microseconds
timeout
[2016-10-27 11:50:43]Process 18192 termed with signal 14(SIGALRM)
PT_F40-plus_2-200 Test Num : 136
Inject into ../bin/hello
----- Type : plus_2 Pos : PT_F40 -----
There are 1 faults will be injected in faulttable...
101086 microseconds
Fault on PT_F40(0X7fdd9c2c0ee0 -> 0X7fdd9c2c0ee2)
3000094 microseconds
timeout
[2016-10-27 11:50:47]Process 18194 termed with signal 14(SIGALRM)
PT_F40-plus_2-200 Test Num : 137
Inject into ../bin/hello
----- Type : plus_2 Pos : PT_F40 -----
There are 1 faults will be injected in faulttable...
101290 microseconds
Fault on PT_F40(0X7f41833d3ee0 -> 0X7f41833d3ee2)
3000193 microseconds
timeout
[2016-10-27 11:50:50]Process 18196 termed with signal 14(SIGALRM)
PT_F40-plus_2-200 Test Num : 138
Inject into ../bin/hello
----- Type : plus_2 Pos : PT_F40 -----
There are 1 faults will be injected in faulttable...
101325 microseconds
Fault on PT_F40(0X7f5ac1c3aee0 -> 0X7f5ac1c3aee2)
3000079 microseconds
timeout
[2016-10-27 11:50:53]Process 18198 termed with signal 14(SIGALRM)
PT_F40-plus_2-200 Test Num : 139
Inject into ../bin/hello
----- Type : plus_2 Pos : PT_F40 -----
There are 1 faults will be injected in faulttable...
101048 microseconds
Fault on PT_F40(0X7f003ae1bee0 -> 0X7f003ae1bee2)
3000060 microseconds
timeout
[2016-10-27 11:50:56]Process 18200 termed with signal 14(SIGALRM)
PT_F40-plus_2-200 Test Num : 140
Inject into ../bin/hello
----- Type : plus_2 Pos : PT_F40 -----
There are 1 faults will be injected in faulttable...
100953 microseconds
Fault on PT_F40(0X7f6e92540ee0 -> 0X7f6e92540ee2)
3000056 microseconds
timeout
[2016-10-27 11:50:59]Process 18202 termed with signal 14(SIGALRM)
PT_F40-plus_2-200 Test Num : 141
Inject into ../bin/hello
----- Type : plus_2 Pos : PT_F40 -----
There are 1 faults will be injected in faulttable...
101147 microseconds
Fault on PT_F40(0X7f17d39caee0 -> 0X7f17d39caee2)
3000125 microseconds
timeout
[ 2016-10-27 11:51:2]Process 18204 termed with signal 14(SIGALRM)
PT_F40-plus_2-200 Test Num : 142
Inject into ../bin/hello
----- Type : plus_2 Pos : PT_F40 -----
There are 1 faults will be injected in faulttable...
100098 microseconds
Fault on PT_F40(0X7f10e3e71ee0 -> 0X7f10e3e71ee2)
3000083 microseconds
timeout
[ 2016-10-27 11:51:5]Process 18206 termed with signal 14(SIGALRM)
PT_F40-plus_2-200 Test Num : 143
Inject into ../bin/hello
----- Type : plus_2 Pos : PT_F40 -----
There are 1 faults will be injected in faulttable...
101067 microseconds
Fault on PT_F40(0X7f83be33dee0 -> 0X7f83be33dee2)
3000063 microseconds
timeout
[ 2016-10-27 11:51:8]Process 18208 termed with signal 14(SIGALRM)
PT_F40-plus_2-200 Test Num : 144
Inject into ../bin/hello
----- Type : plus_2 Pos : PT_F40 -----
There are 1 faults will be injected in faulttable...
101201 microseconds
Fault on PT_F40(0X7ff42a97cee0 -> 0X7ff42a97cee2)
3000057 microseconds
timeout
[2016-10-27 11:51:11]Process 18210 termed with signal 14(SIGALRM)
PT_F40-plus_2-200 Test Num : 145
Inject into ../bin/hello
----- Type : plus_2 Pos : PT_F40 -----
There are 1 faults will be injected in faulttable...
101082 microseconds
Fault on PT_F40(0X7f6fb6160ee0 -> 0X7f6fb6160ee2)
3000171 microseconds
timeout
[2016-10-27 11:51:15]Process 18212 termed with signal 14(SIGALRM)
PT_F40-plus_2-200 Test Num : 146
Inject into ../bin/hello
----- Type : plus_2 Pos : PT_F40 -----
There are 1 faults will be injected in faulttable...
101192 microseconds
Fault on PT_F40(0X7f033510dee0 -> 0X7f033510dee2)
3000138 microseconds
timeout
[2016-10-27 11:51:18]Process 18214 termed with signal 14(SIGALRM)
PT_F40-plus_2-200 Test Num : 147
Inject into ../bin/hello
----- Type : plus_2 Pos : PT_F40 -----
There are 1 faults will be injected in faulttable...
100113 microseconds
Fault on PT_F40(0X7f9cbbcb8ee0 -> 0X7f9cbbcb8ee2)
3000106 microseconds
timeout
[2016-10-27 11:51:21]Process 18216 termed with signal 14(SIGALRM)
PT_F40-plus_2-200 Test Num : 148
Inject into ../bin/hello
----- Type : plus_2 Pos : PT_F40 -----
There are 1 faults will be injected in faulttable...
101456 microseconds
Fault on PT_F40(0X7f71082b5ee0 -> 0X7f71082b5ee2)
3000211 microseconds
timeout
[2016-10-27 11:51:24]Process 18218 termed with signal 14(SIGALRM)
PT_F40-plus_2-200 Test Num : 149
Inject into ../bin/hello
----- Type : plus_2 Pos : PT_F40 -----
There are 1 faults will be injected in faulttable...
101071 microseconds
Fault on PT_F40(0X7f271895cee0 -> 0X7f271895cee2)
3000089 microseconds
timeout
[2016-10-27 11:51:27]Process 18220 termed with signal 14(SIGALRM)
PT_F40-plus_2-200 Test Num : 150
Inject into ../bin/hello
----- Type : plus_2 Pos : PT_F40 -----
There are 1 faults will be injected in faulttable...
101278 microseconds
Fault on PT_F40(0X7f5265546ee0 -> 0X7f5265546ee2)
3000109 microseconds
timeout
[2016-10-27 11:51:30]Process 18223 termed with signal 14(SIGALRM)
PT_F40-plus_2-200 Test Num : 151
Inject into ../bin/hello
----- Type : plus_2 Pos : PT_F40 -----
There are 1 faults will be injected in faulttable...
101226 microseconds
Fault on PT_F40(0X7fa1ce71aee0 -> 0X7fa1ce71aee2)
3000127 microseconds
timeout
[2016-10-27 11:51:33]Process 18225 termed with signal 14(SIGALRM)
PT_F40-plus_2-200 Test Num : 152
Inject into ../bin/hello
----- Type : plus_2 Pos : PT_F40 -----
There are 1 faults will be injected in faulttable...
101063 microseconds
Fault on PT_F40(0X7f8a31de1ee0 -> 0X7f8a31de1ee2)
3000102 microseconds
timeout
[2016-10-27 11:51:36]Process 18227 termed with signal 14(SIGALRM)
PT_F40-plus_2-200 Test Num : 153
Inject into ../bin/hello
----- Type : plus_2 Pos : PT_F40 -----
There are 1 faults will be injected in faulttable...
101067 microseconds
Fault on PT_F40(0X7f26598f7ee0 -> 0X7f26598f7ee2)
3000088 microseconds
timeout
[2016-10-27 11:51:39]Process 18229 termed with signal 14(SIGALRM)
PT_F40-plus_2-200 Test Num : 154
Inject into ../bin/hello
----- Type : plus_2 Pos : PT_F40 -----
There are 1 faults will be injected in faulttable...
100984 microseconds
Fault on PT_F40(0X7fa869ad5ee0 -> 0X7fa869ad5ee2)
3000129 microseconds
timeout
[2016-10-27 11:51:43]Process 18231 termed with signal 14(SIGALRM)
PT_F40-plus_2-200 Test Num : 155
Inject into ../bin/hello
----- Type : plus_2 Pos : PT_F40 -----
There are 1 faults will be injected in faulttable...
101069 microseconds
Fault on PT_F40(0X7f5b02f27ee0 -> 0X7f5b02f27ee2)
3000139 microseconds
timeout
[2016-10-27 11:51:46]Process 18233 termed with signal 14(SIGALRM)
PT_F40-plus_2-200 Test Num : 156
Inject into ../bin/hello
----- Type : plus_2 Pos : PT_F40 -----
There are 1 faults will be injected in faulttable...
101064 microseconds
Fault on PT_F40(0X7fbe46cc2ee0 -> 0X7fbe46cc2ee2)
3000134 microseconds
timeout
[2016-10-27 11:51:49]Process 18235 termed with signal 14(SIGALRM)
PT_F40-plus_2-200 Test Num : 157
Inject into ../bin/hello
----- Type : plus_2 Pos : PT_F40 -----
There are 1 faults will be injected in faulttable...
101134 microseconds
Fault on PT_F40(0X7f20be1d7ee0 -> 0X7f20be1d7ee2)
3000149 microseconds
timeout
[2016-10-27 11:51:52]Process 18237 termed with signal 14(SIGALRM)
PT_F40-plus_2-200 Test Num : 158
Inject into ../bin/hello
----- Type : plus_2 Pos : PT_F40 -----
There are 1 faults will be injected in faulttable...
100137 microseconds
Fault on PT_F40(0X7f16390f2ee0 -> 0X7f16390f2ee2)
3000096 microseconds
timeout
[2016-10-27 11:51:55]Process 18239 termed with signal 14(SIGALRM)
PT_F40-plus_2-200 Test Num : 159
Inject into ../bin/hello
----- Type : plus_2 Pos : PT_F40 -----
There are 1 faults will be injected in faulttable...
101063 microseconds
Fault on PT_F40(0X7f13a34d9ee0 -> 0X7f13a34d9ee2)
3000090 microseconds
timeout
[2016-10-27 11:51:58]Process 18248 termed with signal 14(SIGALRM)
PT_F40-plus_2-200 Test Num : 160
Inject into ../bin/hello
----- Type : plus_2 Pos : PT_F40 -----
There are 1 faults will be injected in faulttable...
100997 microseconds
Fault on PT_F40(0X7fb69a900ee0 -> 0X7fb69a900ee2)
3000088 microseconds
timeout
[ 2016-10-27 11:52:1]Process 18271 termed with signal 14(SIGALRM)
PT_F40-plus_2-200 Test Num : 161
Inject into ../bin/hello
----- Type : plus_2 Pos : PT_F40 -----
There are 1 faults will be injected in faulttable...
101245 microseconds
Fault on PT_F40(0X7f3f4b996ee0 -> 0X7f3f4b996ee2)
3000133 microseconds
timeout
[ 2016-10-27 11:52:4]Process 18287 termed with signal 14(SIGALRM)
PT_F40-plus_2-200 Test Num : 162
Inject into ../bin/hello
----- Type : plus_2 Pos : PT_F40 -----
There are 1 faults will be injected in faulttable...
101230 microseconds
Fault on PT_F40(0X7ff4109c2ee0 -> 0X7ff4109c2ee2)
3000155 microseconds
timeout
[ 2016-10-27 11:52:7]Process 18289 termed with signal 14(SIGALRM)
PT_F40-plus_2-200 Test Num : 163
Inject into ../bin/hello
----- Type : plus_2 Pos : PT_F40 -----
There are 1 faults will be injected in faulttable...
101271 microseconds
Fault on PT_F40(0X7f52fcbc9ee0 -> 0X7f52fcbc9ee2)
3000125 microseconds
timeout
[2016-10-27 11:52:11]Process 18291 termed with signal 14(SIGALRM)
PT_F40-plus_2-200 Test Num : 164
Inject into ../bin/hello
----- Type : plus_2 Pos : PT_F40 -----
There are 1 faults will be injected in faulttable...
101204 microseconds
Fault on PT_F40(0X7f8bf30f0ee0 -> 0X7f8bf30f0ee2)
3000114 microseconds
timeout
[2016-10-27 11:52:14]Process 18293 termed with signal 14(SIGALRM)
PT_F40-plus_2-200 Test Num : 165
Inject into ../bin/hello
----- Type : plus_2 Pos : PT_F40 -----
There are 1 faults will be injected in faulttable...
101021 microseconds
Fault on PT_F40(0X7f44a488fee0 -> 0X7f44a488fee2)
3000084 microseconds
timeout
[2016-10-27 11:52:17]Process 18295 termed with signal 14(SIGALRM)
PT_F40-plus_2-200 Test Num : 166
Inject into ../bin/hello
----- Type : plus_2 Pos : PT_F40 -----
There are 1 faults will be injected in faulttable...
100972 microseconds
Fault on PT_F40(0X7f42e84e8ee0 -> 0X7f42e84e8ee2)
3000133 microseconds
timeout
[2016-10-27 11:52:20]Process 18297 termed with signal 14(SIGALRM)
PT_F40-plus_2-200 Test Num : 167
Inject into ../bin/hello
----- Type : plus_2 Pos : PT_F40 -----
There are 1 faults will be injected in faulttable...
101118 microseconds
Fault on PT_F40(0X7f069cd62ee0 -> 0X7f069cd62ee2)
3000138 microseconds
timeout
[2016-10-27 11:52:23]Process 18299 termed with signal 14(SIGALRM)
PT_F40-plus_2-200 Test Num : 168
Inject into ../bin/hello
----- Type : plus_2 Pos : PT_F40 -----
There are 1 faults will be injected in faulttable...
101139 microseconds
Fault on PT_F40(0X7f3be0e59ee0 -> 0X7f3be0e59ee2)
3000139 microseconds
timeout
[2016-10-27 11:52:26]Process 18301 termed with signal 14(SIGALRM)
PT_F40-plus_2-200 Test Num : 169
Inject into ../bin/hello
----- Type : plus_2 Pos : PT_F40 -----
There are 1 faults will be injected in faulttable...
100413 microseconds
Fault on PT_F40(0X7faf274d0ee0 -> 0X7faf274d0ee2)
3000079 microseconds
timeout
[2016-10-27 11:52:29]Process 18303 termed with signal 14(SIGALRM)
PT_F40-plus_2-200 Test Num : 170
Inject into ../bin/hello
----- Type : plus_2 Pos : PT_F40 -----
There are 1 faults will be injected in faulttable...
101235 microseconds
Fault on PT_F40(0X7fbc431a8ee0 -> 0X7fbc431a8ee2)
3000113 microseconds
timeout
[2016-10-27 11:52:32]Process 18305 termed with signal 14(SIGALRM)
PT_F40-plus_2-200 Test Num : 171
Inject into ../bin/hello
----- Type : plus_2 Pos : PT_F40 -----
There are 1 faults will be injected in faulttable...
101118 microseconds
Fault on PT_F40(0X7efe1cb66ee0 -> 0X7efe1cb66ee2)
3000104 microseconds
timeout
[2016-10-27 11:52:36]Process 18307 termed with signal 14(SIGALRM)
PT_F40-plus_2-200 Test Num : 172
Inject into ../bin/hello
----- Type : plus_2 Pos : PT_F40 -----
There are 1 faults will be injected in faulttable...
101655 microseconds
Fault on PT_F40(0X7f4eebb26ee0 -> 0X7f4eebb26ee2)
3000104 microseconds
timeout
[2016-10-27 11:52:39]Process 18309 termed with signal 14(SIGALRM)
PT_F40-plus_2-200 Test Num : 173
Inject into ../bin/hello
----- Type : plus_2 Pos : PT_F40 -----
There are 1 faults will be injected in faulttable...
100095 microseconds
Fault on PT_F40(0X7f6fdbba0ee0 -> 0X7f6fdbba0ee2)
3000078 microseconds
timeout
[2016-10-27 11:52:42]Process 18311 termed with signal 14(SIGALRM)
PT_F40-plus_2-200 Test Num : 174
Inject into ../bin/hello
----- Type : plus_2 Pos : PT_F40 -----
There are 1 faults will be injected in faulttable...
101137 microseconds
Fault on PT_F40(0X7ffb1bb02ee0 -> 0X7ffb1bb02ee2)
3000113 microseconds
timeout
[2016-10-27 11:52:45]Process 18313 termed with signal 14(SIGALRM)
PT_F40-plus_2-200 Test Num : 175
Inject into ../bin/hello
----- Type : plus_2 Pos : PT_F40 -----
There are 1 faults will be injected in faulttable...
101322 microseconds
Fault on PT_F40(0X7fba2a216ee0 -> 0X7fba2a216ee2)
3000091 microseconds
timeout
[2016-10-27 11:52:48]Process 18315 termed with signal 14(SIGALRM)
PT_F40-plus_2-200 Test Num : 176
Inject into ../bin/hello
----- Type : plus_2 Pos : PT_F40 -----
There are 1 faults will be injected in faulttable...
101168 microseconds
Fault on PT_F40(0X7f3b25574ee0 -> 0X7f3b25574ee2)
3000099 microseconds
timeout
[2016-10-27 11:52:51]Process 18317 termed with signal 14(SIGALRM)
PT_F40-plus_2-200 Test Num : 177
Inject into ../bin/hello
----- Type : plus_2 Pos : PT_F40 -----
There are 1 faults will be injected in faulttable...
101198 microseconds
Fault on PT_F40(0X7fdfc7a2bee0 -> 0X7fdfc7a2bee2)
3000107 microseconds
timeout
[2016-10-27 11:52:54]Process 18319 termed with signal 14(SIGALRM)
PT_F40-plus_2-200 Test Num : 178
Inject into ../bin/hello
----- Type : plus_2 Pos : PT_F40 -----
There are 1 faults will be injected in faulttable...
101224 microseconds
Fault on PT_F40(0X7f1ef84c4ee0 -> 0X7f1ef84c4ee2)
3000149 microseconds
timeout
[2016-10-27 11:52:57]Process 18321 termed with signal 14(SIGALRM)
PT_F40-plus_2-200 Test Num : 179
Inject into ../bin/hello
----- Type : plus_2 Pos : PT_F40 -----
There are 1 faults will be injected in faulttable...
101222 microseconds
Fault on PT_F40(0X7fb79fbf0ee0 -> 0X7fb79fbf0ee2)
3000161 microseconds
timeout
[ 2016-10-27 11:53:0]Process 18341 termed with signal 14(SIGALRM)
PT_F40-plus_2-200 Test Num : 180
Inject into ../bin/hello
----- Type : plus_2 Pos : PT_F40 -----
There are 1 faults will be injected in faulttable...
100080 microseconds
Fault on PT_F40(0X7f1a5f8f0ee0 -> 0X7f1a5f8f0ee2)
3000094 microseconds
timeout
[ 2016-10-27 11:53:4]Process 18382 termed with signal 14(SIGALRM)
PT_F40-plus_2-200 Test Num : 181
Inject into ../bin/hello
----- Type : plus_2 Pos : PT_F40 -----
There are 1 faults will be injected in faulttable...
101723 microseconds
Fault on PT_F40(0X7f6181f77ee0 -> 0X7f6181f77ee2)
3000073 microseconds
timeout
[ 2016-10-27 11:53:7]Process 18423 termed with signal 14(SIGALRM)
PT_F40-plus_2-200 Test Num : 182
Inject into ../bin/hello
----- Type : plus_2 Pos : PT_F40 -----
There are 1 faults will be injected in faulttable...
101412 microseconds
Fault on PT_F40(0X7f31455e3ee0 -> 0X7f31455e3ee2)
3000115 microseconds
timeout
[2016-10-27 11:53:10]Process 18439 termed with signal 14(SIGALRM)
PT_F40-plus_2-200 Test Num : 183
Inject into ../bin/hello
----- Type : plus_2 Pos : PT_F40 -----
There are 1 faults will be injected in faulttable...
101024 microseconds
Fault on PT_F40(0X7fb697359ee0 -> 0X7fb697359ee2)
3000144 microseconds
timeout
[2016-10-27 11:53:13]Process 18476 termed with signal 14(SIGALRM)
PT_F40-plus_2-200 Test Num : 184
Inject into ../bin/hello
----- Type : plus_2 Pos : PT_F40 -----
There are 1 faults will be injected in faulttable...
101138 microseconds
Fault on PT_F40(0X7f0182858ee0 -> 0X7f0182858ee2)
3000118 microseconds
timeout
[2016-10-27 11:53:16]Process 18520 termed with signal 14(SIGALRM)
PT_F40-plus_2-200 Test Num : 185
Inject into ../bin/hello
----- Type : plus_2 Pos : PT_F40 -----
There are 1 faults will be injected in faulttable...
101231 microseconds
Fault on PT_F40(0X7f04ce259ee0 -> 0X7f04ce259ee2)
3000128 microseconds
timeout
[2016-10-27 11:53:19]Process 18550 termed with signal 14(SIGALRM)
PT_F40-plus_2-200 Test Num : 186
Inject into ../bin/hello
----- Type : plus_2 Pos : PT_F40 -----
There are 1 faults will be injected in faulttable...
101482 microseconds
Fault on PT_F40(0X7f6d1d291ee0 -> 0X7f6d1d291ee2)
3000061 microseconds
timeout
[2016-10-27 11:53:22]Process 18552 termed with signal 14(SIGALRM)
PT_F40-plus_2-200 Test Num : 187
Inject into ../bin/hello
----- Type : plus_2 Pos : PT_F40 -----
There are 1 faults will be injected in faulttable...
100109 microseconds
Fault on PT_F40(0X7fe490651ee0 -> 0X7fe490651ee2)
3000096 microseconds
timeout
[2016-10-27 11:53:25]Process 18554 termed with signal 14(SIGALRM)
PT_F40-plus_2-200 Test Num : 188
Inject into ../bin/hello
----- Type : plus_2 Pos : PT_F40 -----
There are 1 faults will be injected in faulttable...
101020 microseconds
Fault on PT_F40(0X7f494d4a4ee0 -> 0X7f494d4a4ee2)
3000061 microseconds
timeout
[2016-10-27 11:53:28]Process 18556 termed with signal 14(SIGALRM)
PT_F40-plus_2-200 Test Num : 189
Inject into ../bin/hello
----- Type : plus_2 Pos : PT_F40 -----
There are 1 faults will be injected in faulttable...
101023 microseconds
Fault on PT_F40(0X7f91096fcee0 -> 0X7f91096fcee2)
3000156 microseconds
timeout
[2016-10-27 11:53:32]Process 18558 termed with signal 14(SIGALRM)
PT_F40-plus_2-200 Test Num : 190
Inject into ../bin/hello
----- Type : plus_2 Pos : PT_F40 -----
There are 1 faults will be injected in faulttable...
100079 microseconds
Fault on PT_F40(0X7f8dcae3eee0 -> 0X7f8dcae3eee2)
3000166 microseconds
timeout
[2016-10-27 11:53:35]Process 18560 termed with signal 14(SIGALRM)
PT_F40-plus_2-200 Test Num : 191
Inject into ../bin/hello
----- Type : plus_2 Pos : PT_F40 -----
There are 1 faults will be injected in faulttable...
101523 microseconds
Fault on PT_F40(0X7f37fdcebee0 -> 0X7f37fdcebee2)
3000131 microseconds
timeout
[2016-10-27 11:53:38]Process 18562 termed with signal 14(SIGALRM)
PT_F40-plus_2-200 Test Num : 192
Inject into ../bin/hello
----- Type : plus_2 Pos : PT_F40 -----
There are 1 faults will be injected in faulttable...
101478 microseconds
Fault on PT_F40(0X7f8a87280ee0 -> 0X7f8a87280ee2)
3000167 microseconds
timeout
[2016-10-27 11:53:41]Process 18564 termed with signal 14(SIGALRM)
PT_F40-plus_2-200 Test Num : 193
Inject into ../bin/hello
----- Type : plus_2 Pos : PT_F40 -----
There are 1 faults will be injected in faulttable...
100103 microseconds
Fault on PT_F40(0X7f849f379ee0 -> 0X7f849f379ee2)
3000074 microseconds
timeout
[2016-10-27 11:53:44]Process 18566 termed with signal 14(SIGALRM)
PT_F40-plus_2-200 Test Num : 194
Inject into ../bin/hello
----- Type : plus_2 Pos : PT_F40 -----
There are 1 faults will be injected in faulttable...
101052 microseconds
Fault on PT_F40(0X7eff1675fee0 -> 0X7eff1675fee2)
3000147 microseconds
timeout
[2016-10-27 11:53:47]Process 18568 termed with signal 14(SIGALRM)
PT_F40-plus_2-200 Test Num : 195
Inject into ../bin/hello
----- Type : plus_2 Pos : PT_F40 -----
There are 1 faults will be injected in faulttable...
101186 microseconds
Fault on PT_F40(0X7f73c729bee0 -> 0X7f73c729bee2)
3000107 microseconds
timeout
[2016-10-27 11:53:50]Process 18570 termed with signal 14(SIGALRM)
PT_F40-plus_2-200 Test Num : 196
Inject into ../bin/hello
----- Type : plus_2 Pos : PT_F40 -----
There are 1 faults will be injected in faulttable...
101307 microseconds
Fault on PT_F40(0X7f8b29c93ee0 -> 0X7f8b29c93ee2)
3000153 microseconds
timeout
[2016-10-27 11:53:53]Process 18572 termed with signal 14(SIGALRM)
PT_F40-plus_2-200 Test Num : 197
Inject into ../bin/hello
----- Type : plus_2 Pos : PT_F40 -----
There are 1 faults will be injected in faulttable...
101440 microseconds
Fault on PT_F40(0X7fd33938aee0 -> 0X7fd33938aee2)
3000122 microseconds
timeout
[2016-10-27 11:53:56]Process 18574 termed with signal 14(SIGALRM)
PT_F40-plus_2-200 Test Num : 198
Inject into ../bin/hello
----- Type : plus_2 Pos : PT_F40 -----
There are 1 faults will be injected in faulttable...
101147 microseconds
Fault on PT_F40(0X7fb5e1bd4ee0 -> 0X7fb5e1bd4ee2)
3000080 microseconds
timeout
[ 2016-10-27 11:54:0]Process 18576 termed with signal 14(SIGALRM)
PT_F40-plus_2-200 Test Num : 199
Inject into ../bin/hello
----- Type : plus_2 Pos : PT_F40 -----
There are 1 faults will be injected in faulttable...
100146 microseconds
Fault on PT_F40(0X7faeb3c8aee0 -> 0X7faeb3c8aee2)
3000069 microseconds
timeout
[ 2016-10-27 11:54:3]Process 18578 termed with signal 14(SIGALRM)
PT_F40-plus_2-200 Test Num : 200
Inject into ../bin/hello
----- Type : plus_2 Pos : PT_F40 -----
There are 1 faults will be injected in faulttable...
100969 microseconds
Fault on PT_F40(0X7f6a7c2f8ee0 -> 0X7f6a7c2f8ee2)
3000090 microseconds
timeout
[ 2016-10-27 11:54:6]Process 18580 termed with signal 14(SIGALRM)
