PT_F40-2_bit_1-200 Test Num : 1
Inject into ../bin/hello
----- Type : 2_bit_1 Pos : PT_F40 -----
There are 1 faults will be injected in faulttable...
100910 microseconds
Fault on PT_F40(0X7f2375fb4ee0 -> 0X8007f2375fb4ee0)
11 microseconds
[ 2016-10-27 11:41:5]Process 15432 termed with signal 11(SIGSEGV)
PT_F40-2_bit_1-200 Test Num : 2
Inject into ../bin/hello
----- Type : 2_bit_1 Pos : PT_F40 -----
There are 1 faults will be injected in faulttable...
100941 microseconds
Fault on PT_F40(0X7f481d58cee0 -> 0X8007f481d58cee0)
11 microseconds
[ 2016-10-27 11:41:5]Process 15434 termed with signal 11(SIGSEGV)
PT_F40-2_bit_1-200 Test Num : 3
Inject into ../bin/hello
----- Type : 2_bit_1 Pos : PT_F40 -----
There are 1 faults will be injected in faulttable...
100997 microseconds
Fault on PT_F40(0X7f52aa2fcee0 -> 0X8007f52aa2fcee0)
11 microseconds
[ 2016-10-27 11:41:5]Process 15436 termed with signal 11(SIGSEGV)
PT_F40-2_bit_1-200 Test Num : 4
Inject into ../bin/hello
----- Type : 2_bit_1 Pos : PT_F40 -----
There are 1 faults will be injected in faulttable...
100118 microseconds
Fault on PT_F40(0X7f8a3a126ee0 -> 0X8007f8a3a126ee0)
18 microseconds
[ 2016-10-27 11:41:5]Process 15438 termed with signal 11(SIGSEGV)
PT_F40-2_bit_1-200 Test Num : 5
Inject into ../bin/hello
----- Type : 2_bit_1 Pos : PT_F40 -----
There are 1 faults will be injected in faulttable...
101035 microseconds
Fault on PT_F40(0X7f4b0cd13ee0 -> 0X8007f4b0cd13ee0)
10 microseconds
[ 2016-10-27 11:41:5]Process 15440 termed with signal 11(SIGSEGV)
PT_F40-2_bit_1-200 Test Num : 6
Inject into ../bin/hello
----- Type : 2_bit_1 Pos : PT_F40 -----
There are 1 faults will be injected in faulttable...
101059 microseconds
Fault on PT_F40(0X7f854d523ee0 -> 0X8007f854d523ee0)
10 microseconds
[ 2016-10-27 11:41:5]Process 15442 termed with signal 11(SIGSEGV)
PT_F40-2_bit_1-200 Test Num : 7
Inject into ../bin/hello
----- Type : 2_bit_1 Pos : PT_F40 -----
There are 1 faults will be injected in faulttable...
101056 microseconds
Fault on PT_F40(0X7f86c6a64ee0 -> 0X8007f86c6a64ee0)
13 microseconds
[ 2016-10-27 11:41:5]Process 15444 termed with signal 11(SIGSEGV)
PT_F40-2_bit_1-200 Test Num : 8
Inject into ../bin/hello
----- Type : 2_bit_1 Pos : PT_F40 -----
There are 1 faults will be injected in faulttable...
101023 microseconds
Fault on PT_F40(0X7fc4b71baee0 -> 0X8007fc4b71baee0)
18 microseconds
[ 2016-10-27 11:41:5]Process 15446 termed with signal 11(SIGSEGV)
PT_F40-2_bit_1-200 Test Num : 9
Inject into ../bin/hello
----- Type : 2_bit_1 Pos : PT_F40 -----
There are 1 faults will be injected in faulttable...
101538 microseconds
Fault on PT_F40(0X7faa7b4d5ee0 -> 0X407faa7b4d5ee8)
13 microseconds
[ 2016-10-27 11:41:6]Process 15448 termed with signal 11(SIGSEGV)
PT_F40-2_bit_1-200 Test Num : 10
Inject into ../bin/hello
----- Type : 2_bit_1 Pos : PT_F40 -----
There are 1 faults will be injected in faulttable...
100957 microseconds
Fault on PT_F40(0X7fa18a11dee0 -> 0X407fa18a11dee8)
19 microseconds
[ 2016-10-27 11:41:6]Process 15450 termed with signal 11(SIGSEGV)
PT_F40-2_bit_1-200 Test Num : 11
Inject into ../bin/hello
----- Type : 2_bit_1 Pos : PT_F40 -----
There are 1 faults will be injected in faulttable...
100923 microseconds
Fault on PT_F40(0X7feede9b7ee0 -> 0X407feede9b7ee8)
13 microseconds
[ 2016-10-27 11:41:6]Process 15452 termed with signal 11(SIGSEGV)
PT_F40-2_bit_1-200 Test Num : 12
Inject into ../bin/hello
----- Type : 2_bit_1 Pos : PT_F40 -----
There are 1 faults will be injected in faulttable...
100975 microseconds
Fault on PT_F40(0X7f2373121ee0 -> 0X407f2373121ee8)
15 microseconds
[ 2016-10-27 11:41:6]Process 15454 termed with signal 11(SIGSEGV)
PT_F40-2_bit_1-200 Test Num : 13
Inject into ../bin/hello
----- Type : 2_bit_1 Pos : PT_F40 -----
There are 1 faults will be injected in faulttable...
101067 microseconds
Fault on PT_F40(0X7f7952960ee0 -> 0X407f7952960ee8)
11 microseconds
[ 2016-10-27 11:41:6]Process 15456 termed with signal 11(SIGSEGV)
PT_F40-2_bit_1-200 Test Num : 14
Inject into ../bin/hello
----- Type : 2_bit_1 Pos : PT_F40 -----
There are 1 faults will be injected in faulttable...
100958 microseconds
Fault on PT_F40(0X7f36a7449ee0 -> 0X407f36a7449ee8)
17 microseconds
[ 2016-10-27 11:41:6]Process 15458 termed with signal 11(SIGSEGV)
PT_F40-2_bit_1-200 Test Num : 15
Inject into ../bin/hello
----- Type : 2_bit_1 Pos : PT_F40 -----
There are 1 faults will be injected in faulttable...
101069 microseconds
Fault on PT_F40(0X7fe3628b7ee0 -> 0X407fe3628b7ee8)
17 microseconds
[ 2016-10-27 11:41:6]Process 15460 termed with signal 11(SIGSEGV)
PT_F40-2_bit_1-200 Test Num : 16
Inject into ../bin/hello
----- Type : 2_bit_1 Pos : PT_F40 -----
There are 1 faults will be injected in faulttable...
101033 microseconds
Fault on PT_F40(0X7f64b1785ee0 -> 0X407f64b1785ee8)
13 microseconds
[ 2016-10-27 11:41:6]Process 15462 termed with signal 11(SIGSEGV)
PT_F40-2_bit_1-200 Test Num : 17
Inject into ../bin/hello
----- Type : 2_bit_1 Pos : PT_F40 -----
There are 1 faults will be injected in faulttable...
100152 microseconds
Fault on PT_F40(0X7f88e909dee0 -> 0X407f88e909dee8)
11 microseconds
[ 2016-10-27 11:41:6]Process 15464 termed with signal 11(SIGSEGV)
PT_F40-2_bit_1-200 Test Num : 18
Inject into ../bin/hello
----- Type : 2_bit_1 Pos : PT_F40 -----
There are 1 faults will be injected in faulttable...
100862 microseconds
Fault on PT_F40(0X7faebb6abee0 -> 0X7faebb6abee0)
3000086 microseconds
timeout
[2016-10-27 11:41:10]Process 15466 termed with signal 14(SIGALRM)
PT_F40-2_bit_1-200 Test Num : 19
Inject into ../bin/hello
----- Type : 2_bit_1 Pos : PT_F40 -----
There are 1 faults will be injected in faulttable...
100105 microseconds
Fault on PT_F40(0X7f4da091bee0 -> 0X80ff4da091bee0)
97 microseconds
[2016-10-27 11:41:10]Process 15468 termed with signal 11(SIGSEGV)
PT_F40-2_bit_1-200 Test Num : 20
Inject into ../bin/hello
----- Type : 2_bit_1 Pos : PT_F40 -----
There are 1 faults will be injected in faulttable...
100076 microseconds
Fault on PT_F40(0X7f7ea846cee0 -> 0X80ff7ea846cee0)
19 microseconds
[2016-10-27 11:41:10]Process 15470 termed with signal 11(SIGSEGV)
PT_F40-2_bit_1-200 Test Num : 21
Inject into ../bin/hello
----- Type : 2_bit_1 Pos : PT_F40 -----
There are 1 faults will be injected in faulttable...
101040 microseconds
Fault on PT_F40(0X7f7447815ee0 -> 0X80ff7447815ee0)
20 microseconds
[2016-10-27 11:41:10]Process 15472 termed with signal 11(SIGSEGV)
PT_F40-2_bit_1-200 Test Num : 22
Inject into ../bin/hello
----- Type : 2_bit_1 Pos : PT_F40 -----
There are 1 faults will be injected in faulttable...
101094 microseconds
Fault on PT_F40(0X7f884228fee0 -> 0X80ff884228fee0)
13 microseconds
[2016-10-27 11:41:10]Process 15474 termed with signal 11(SIGSEGV)
PT_F40-2_bit_1-200 Test Num : 23
Inject into ../bin/hello
----- Type : 2_bit_1 Pos : PT_F40 -----
There are 1 faults will be injected in faulttable...
101139 microseconds
Fault on PT_F40(0X7f3507168ee0 -> 0X80ff3507168ee0)
16 microseconds
[2016-10-27 11:41:10]Process 15476 termed with signal 11(SIGSEGV)
PT_F40-2_bit_1-200 Test Num : 24
Inject into ../bin/hello
----- Type : 2_bit_1 Pos : PT_F40 -----
There are 1 faults will be injected in faulttable...
100264 microseconds
Fault on PT_F40(0X7f20f6cb2ee0 -> 0X80ff20f6cb2ee0)
12 microseconds
[2016-10-27 11:41:10]Process 15478 termed with signal 11(SIGSEGV)
PT_F40-2_bit_1-200 Test Num : 25
Inject into ../bin/hello
----- Type : 2_bit_1 Pos : PT_F40 -----
There are 1 faults will be injected in faulttable...
101016 microseconds
Fault on PT_F40(0X7f7de2295ee0 -> 0X80ff7de2295ee0)
11 microseconds
[2016-10-27 11:41:10]Process 15480 termed with signal 11(SIGSEGV)
PT_F40-2_bit_1-200 Test Num : 26
Inject into ../bin/hello
----- Type : 2_bit_1 Pos : PT_F40 -----
There are 1 faults will be injected in faulttable...
101040 microseconds
Fault on PT_F40(0X7fc2abd6eee0 -> 0X80ffc2abd6eee0)
19 microseconds
[2016-10-27 11:41:10]Process 15482 termed with signal 11(SIGSEGV)
PT_F40-2_bit_1-200 Test Num : 27
Inject into ../bin/hello
----- Type : 2_bit_1 Pos : PT_F40 -----
There are 1 faults will be injected in faulttable...
100916 microseconds
Fault on PT_F40(0X7f54666c6ee0 -> 0X4017f54666c6ee0)
10 microseconds
[2016-10-27 11:41:11]Process 15484 termed with signal 11(SIGSEGV)
PT_F40-2_bit_1-200 Test Num : 28
Inject into ../bin/hello
----- Type : 2_bit_1 Pos : PT_F40 -----
There are 1 faults will be injected in faulttable...
100923 microseconds
Fault on PT_F40(0X7fec6cb0eee0 -> 0X4017fec6cb0eee0)
17 microseconds
[2016-10-27 11:41:11]Process 15486 termed with signal 11(SIGSEGV)
PT_F40-2_bit_1-200 Test Num : 29
Inject into ../bin/hello
----- Type : 2_bit_1 Pos : PT_F40 -----
There are 1 faults will be injected in faulttable...
100917 microseconds
Fault on PT_F40(0X7fe5b8a1aee0 -> 0X4017fe5b8a1aee0)
16 microseconds
[2016-10-27 11:41:11]Process 15488 termed with signal 11(SIGSEGV)
PT_F40-2_bit_1-200 Test Num : 30
Inject into ../bin/hello
----- Type : 2_bit_1 Pos : PT_F40 -----
There are 1 faults will be injected in faulttable...
101049 microseconds
Fault on PT_F40(0X7f3d14dbdee0 -> 0X4017f3d14dbdee0)
20 microseconds
[2016-10-27 11:41:11]Process 15490 termed with signal 11(SIGSEGV)
PT_F40-2_bit_1-200 Test Num : 31
Inject into ../bin/hello
----- Type : 2_bit_1 Pos : PT_F40 -----
There are 1 faults will be injected in faulttable...
100066 microseconds
Fault on PT_F40(0X7ff4095a3ee0 -> 0X4017ff4095a3ee0)
13 microseconds
[2016-10-27 11:41:11]Process 15492 termed with signal 11(SIGSEGV)
PT_F40-2_bit_1-200 Test Num : 32
Inject into ../bin/hello
----- Type : 2_bit_1 Pos : PT_F40 -----
There are 1 faults will be injected in faulttable...
100909 microseconds
Fault on PT_F40(0X7fab92901ee0 -> 0X4017fab92901ee0)
11 microseconds
[2016-10-27 11:41:11]Process 15494 termed with signal 11(SIGSEGV)
PT_F40-2_bit_1-200 Test Num : 33
Inject into ../bin/hello
----- Type : 2_bit_1 Pos : PT_F40 -----
There are 1 faults will be injected in faulttable...
100978 microseconds
Fault on PT_F40(0X7f2d4055dee0 -> 0X4017f2d4055dee0)
16 microseconds
[2016-10-27 11:41:11]Process 15496 termed with signal 11(SIGSEGV)
PT_F40-2_bit_1-200 Test Num : 34
Inject into ../bin/hello
----- Type : 2_bit_1 Pos : PT_F40 -----
There are 1 faults will be injected in faulttable...
101107 microseconds
Fault on PT_F40(0X7f70ab628ee0 -> 0X4017f70ab628ee0)
15 microseconds
[2016-10-27 11:41:11]Process 15498 termed with signal 11(SIGSEGV)
PT_F40-2_bit_1-200 Test Num : 35
Inject into ../bin/hello
----- Type : 2_bit_1 Pos : PT_F40 -----
There are 1 faults will be injected in faulttable...
101034 microseconds
Fault on PT_F40(0X7fd6b0507ee0 -> 0X4017fd6b0507ee0)
18 microseconds
[2016-10-27 11:41:11]Process 15500 termed with signal 11(SIGSEGV)
PT_F40-2_bit_1-200 Test Num : 36
Inject into ../bin/hello
----- Type : 2_bit_1 Pos : PT_F40 -----
There are 1 faults will be injected in faulttable...
100977 microseconds
Fault on PT_F40(0X7fe7e83efee0 -> 0X807fe7e83efee0)
17 microseconds
[2016-10-27 11:41:12]Process 15502 termed with signal 11(SIGSEGV)
PT_F40-2_bit_1-200 Test Num : 37
Inject into ../bin/hello
----- Type : 2_bit_1 Pos : PT_F40 -----
There are 1 faults will be injected in faulttable...
101477 microseconds
Fault on PT_F40(0X7f3793497ee0 -> 0X807f3793497ee0)
9 microseconds
[2016-10-27 11:41:12]Process 15504 termed with signal 11(SIGSEGV)
PT_F40-2_bit_1-200 Test Num : 38
Inject into ../bin/hello
----- Type : 2_bit_1 Pos : PT_F40 -----
There are 1 faults will be injected in faulttable...
101128 microseconds
Fault on PT_F40(0X7fa66877bee0 -> 0X807fa66877bee0)
11 microseconds
[2016-10-27 11:41:12]Process 15506 termed with signal 11(SIGSEGV)
PT_F40-2_bit_1-200 Test Num : 39
Inject into ../bin/hello
----- Type : 2_bit_1 Pos : PT_F40 -----
There are 1 faults will be injected in faulttable...
100925 microseconds
Fault on PT_F40(0X7f92d46d9ee0 -> 0X807f92d46d9ee0)
18 microseconds
[2016-10-27 11:41:12]Process 15508 termed with signal 11(SIGSEGV)
PT_F40-2_bit_1-200 Test Num : 40
Inject into ../bin/hello
----- Type : 2_bit_1 Pos : PT_F40 -----
There are 1 faults will be injected in faulttable...
101523 microseconds
Fault on PT_F40(0X7f1f43acbee0 -> 0X807f1f43acbee0)
20 microseconds
[2016-10-27 11:41:12]Process 15510 termed with signal 11(SIGSEGV)
PT_F40-2_bit_1-200 Test Num : 41
Inject into ../bin/hello
----- Type : 2_bit_1 Pos : PT_F40 -----
There are 1 faults will be injected in faulttable...
100075 microseconds
Fault on PT_F40(0X7fa8123fcee0 -> 0X807fa8123fcee0)
23 microseconds
[2016-10-27 11:41:12]Process 15512 termed with signal 11(SIGSEGV)
PT_F40-2_bit_1-200 Test Num : 42
Inject into ../bin/hello
----- Type : 2_bit_1 Pos : PT_F40 -----
There are 1 faults will be injected in faulttable...
101268 microseconds
Fault on PT_F40(0X7f8c01808ee0 -> 0X807f8c01808ee0)
19 microseconds
[2016-10-27 11:41:12]Process 15514 termed with signal 11(SIGSEGV)
PT_F40-2_bit_1-200 Test Num : 43
Inject into ../bin/hello
----- Type : 2_bit_1 Pos : PT_F40 -----
There are 1 faults will be injected in faulttable...
101587 microseconds
Fault on PT_F40(0X7f5c69031ee0 -> 0X807f5c69031ee0)
20 microseconds
[2016-10-27 11:41:12]Process 15516 termed with signal 11(SIGSEGV)
PT_F40-2_bit_1-200 Test Num : 44
Inject into ../bin/hello
----- Type : 2_bit_1 Pos : PT_F40 -----
There are 1 faults will be injected in faulttable...
101285 microseconds
Fault on PT_F40(0X7f43192a6ee0 -> 0X807f43192a6ee0)
24 microseconds
[2016-10-27 11:41:12]Process 15518 termed with signal 11(SIGSEGV)
PT_F40-2_bit_1-200 Test Num : 45
Inject into ../bin/hello
----- Type : 2_bit_1 Pos : PT_F40 -----
There are 1 faults will be injected in faulttable...
101218 microseconds
Fault on PT_F40(0X7fec44af4ee0 -> 0X807fec44af4ee0)
14 microseconds
[2016-10-27 11:41:12]Process 15520 termed with signal 11(SIGSEGV)
PT_F40-2_bit_1-200 Test Num : 46
Inject into ../bin/hello
----- Type : 2_bit_1 Pos : PT_F40 -----
There are 1 faults will be injected in faulttable...
101414 microseconds
Fault on PT_F40(0X7f7d4e3f7ee0 -> 0X20007f7d4e3ffee0)
18 microseconds
[2016-10-27 11:41:13]Process 15522 termed with signal 11(SIGSEGV)
PT_F40-2_bit_1-200 Test Num : 47
Inject into ../bin/hello
----- Type : 2_bit_1 Pos : PT_F40 -----
There are 1 faults will be injected in faulttable...
101138 microseconds
Fault on PT_F40(0X7f72756fcee0 -> 0X20007f72756fcee0)
20 microseconds
[2016-10-27 11:41:13]Process 15524 termed with signal 11(SIGSEGV)
PT_F40-2_bit_1-200 Test Num : 48
Inject into ../bin/hello
----- Type : 2_bit_1 Pos : PT_F40 -----
There are 1 faults will be injected in faulttable...
101567 microseconds
Fault on PT_F40(0X7f26f4654ee0 -> 0X20007f26f465cee0)
21 microseconds
[2016-10-27 11:41:13]Process 15526 termed with signal 11(SIGSEGV)
PT_F40-2_bit_1-200 Test Num : 49
Inject into ../bin/hello
----- Type : 2_bit_1 Pos : PT_F40 -----
There are 1 faults will be injected in faulttable...
101639 microseconds
Fault on PT_F40(0X7fdf11432ee0 -> 0X20007fdf1143aee0)
13 microseconds
[2016-10-27 11:41:13]Process 15528 termed with signal 11(SIGSEGV)
PT_F40-2_bit_1-200 Test Num : 50
Inject into ../bin/hello
----- Type : 2_bit_1 Pos : PT_F40 -----
There are 1 faults will be injected in faulttable...
101862 microseconds
Fault on PT_F40(0X7fe6c3e79ee0 -> 0X20007fe6c3e79ee0)
19 microseconds
[2016-10-27 11:41:13]Process 15530 termed with signal 11(SIGSEGV)
PT_F40-2_bit_1-200 Test Num : 51
Inject into ../bin/hello
----- Type : 2_bit_1 Pos : PT_F40 -----
There are 1 faults will be injected in faulttable...
101264 microseconds
Fault on PT_F40(0X7fe779f29ee0 -> 0X20007fe779f29ee0)
18 microseconds
[2016-10-27 11:41:13]Process 15532 termed with signal 11(SIGSEGV)
PT_F40-2_bit_1-200 Test Num : 52
Inject into ../bin/hello
----- Type : 2_bit_1 Pos : PT_F40 -----
There are 1 faults will be injected in faulttable...
101063 microseconds
Fault on PT_F40(0X7fc454a00ee0 -> 0X20007fc454a08ee0)
12 microseconds
[2016-10-27 11:41:13]Process 15534 termed with signal 11(SIGSEGV)
PT_F40-2_bit_1-200 Test Num : 53
Inject into ../bin/hello
----- Type : 2_bit_1 Pos : PT_F40 -----
There are 1 faults will be injected in faulttable...
101112 microseconds
Fault on PT_F40(0X7f776ccf3ee0 -> 0X20007f776ccfbee0)
14 microseconds
[2016-10-27 11:41:13]Process 15536 termed with signal 11(SIGSEGV)
PT_F40-2_bit_1-200 Test Num : 54
Inject into ../bin/hello
----- Type : 2_bit_1 Pos : PT_F40 -----
There are 1 faults will be injected in faulttable...
101033 microseconds
Fault on PT_F40(0X7f6fed71fee0 -> 0X20007f6fed71fee0)
10 microseconds
[2016-10-27 11:41:13]Process 15538 termed with signal 11(SIGSEGV)
PT_F40-2_bit_1-200 Test Num : 55
Inject into ../bin/hello
----- Type : 2_bit_1 Pos : PT_F40 -----
There are 1 faults will be injected in faulttable...
101117 microseconds
Fault on PT_F40(0X7f7e3bf1eee0 -> 0X7f7e3bf3eee0)
21 microseconds
[2016-10-27 11:41:14]Process 15540 termed with signal 11(SIGSEGV)
PT_F40-2_bit_1-200 Test Num : 56
Inject into ../bin/hello
----- Type : 2_bit_1 Pos : PT_F40 -----
There are 1 faults will be injected in faulttable...
101049 microseconds
Fault on PT_F40(0X7f1333f15ee0 -> 0X7f1733f35ee0)
14 microseconds
[2016-10-27 11:41:14]Process 15542 termed with signal 11(SIGSEGV)
PT_F40-2_bit_1-200 Test Num : 57
Inject into ../bin/hello
----- Type : 2_bit_1 Pos : PT_F40 -----
There are 1 faults will be injected in faulttable...
101193 microseconds
Fault on PT_F40(0X7f6a8307dee0 -> 0X7f6e8307dee0)
20 microseconds
[2016-10-27 11:41:14]Process 15544 termed with signal 11(SIGSEGV)
PT_F40-2_bit_1-200 Test Num : 58
Inject into ../bin/hello
----- Type : 2_bit_1 Pos : PT_F40 -----
There are 1 faults will be injected in faulttable...
101515 microseconds
Fault on PT_F40(0X7f66902d2ee0 -> 0X7f66902f2ee0)
35 microseconds
[2016-10-27 11:41:14]Process 15546 termed with signal 11(SIGSEGV)
PT_F40-2_bit_1-200 Test Num : 59
Inject into ../bin/hello
----- Type : 2_bit_1 Pos : PT_F40 -----
There are 1 faults will be injected in faulttable...
100152 microseconds
Fault on PT_F40(0X7fde506c4ee0 -> 0X7fde506e4ee0)
30 microseconds
[2016-10-27 11:41:14]Process 15548 termed with signal 11(SIGSEGV)
PT_F40-2_bit_1-200 Test Num : 60
Inject into ../bin/hello
----- Type : 2_bit_1 Pos : PT_F40 -----
There are 1 faults will be injected in faulttable...
100084 microseconds
Fault on PT_F40(0X7fb234ddbee0 -> 0X7fb634dfbee0)
11 microseconds
[2016-10-27 11:41:14]Process 15550 termed with signal 11(SIGSEGV)
PT_F40-2_bit_1-200 Test Num : 61
Inject into ../bin/hello
----- Type : 2_bit_1 Pos : PT_F40 -----
There are 1 faults will be injected in faulttable...
101005 microseconds
Fault on PT_F40(0X7faa16949ee0 -> 0X7fae16969ee0)
15 microseconds
[2016-10-27 11:41:14]Process 15552 termed with signal 11(SIGSEGV)
PT_F40-2_bit_1-200 Test Num : 62
Inject into ../bin/hello
----- Type : 2_bit_1 Pos : PT_F40 -----
There are 1 faults will be injected in faulttable...
101021 microseconds
Fault on PT_F40(0X7f6b8cd62ee0 -> 0X7f6f8cd62ee0)
19 microseconds
[2016-10-27 11:41:14]Process 15554 termed with signal 11(SIGSEGV)
PT_F40-2_bit_1-200 Test Num : 63
Inject into ../bin/hello
----- Type : 2_bit_1 Pos : PT_F40 -----
There are 1 faults will be injected in faulttable...
101196 microseconds
Fault on PT_F40(0X7f5f1a0b0ee0 -> 0X7f5f1a0b0ee0)
3000083 microseconds
timeout
[2016-10-27 11:41:17]Process 15556 termed with signal 14(SIGALRM)
PT_F40-2_bit_1-200 Test Num : 64
Inject into ../bin/hello
----- Type : 2_bit_1 Pos : PT_F40 -----
There are 1 faults will be injected in faulttable...
100122 microseconds
Fault on PT_F40(0X7ff85e088ee0 -> 0X7ff95e088ee0)
18 microseconds
[2016-10-27 11:41:18]Process 15558 termed with signal 11(SIGSEGV)
PT_F40-2_bit_1-200 Test Num : 65
Inject into ../bin/hello
----- Type : 2_bit_1 Pos : PT_F40 -----
There are 1 faults will be injected in faulttable...
101070 microseconds
Fault on PT_F40(0X7f5dd74b9ee0 -> 0X7f5dd74b9ee0)
3000217 microseconds
timeout
[2016-10-27 11:41:21]Process 15560 termed with signal 14(SIGALRM)
PT_F40-2_bit_1-200 Test Num : 66
Inject into ../bin/hello
----- Type : 2_bit_1 Pos : PT_F40 -----
There are 1 faults will be injected in faulttable...
101729 microseconds
Fault on PT_F40(0X7fa3bfdb0ee0 -> 0Xffa3bfdb0ee0)
19 microseconds
[2016-10-27 11:41:21]Process 15562 termed with signal 11(SIGSEGV)
PT_F40-2_bit_1-200 Test Num : 67
Inject into ../bin/hello
----- Type : 2_bit_1 Pos : PT_F40 -----
There are 1 faults will be injected in faulttable...
101085 microseconds
Fault on PT_F40(0X7f4f1937fee0 -> 0Xff4f1937fee0)
11 microseconds
[2016-10-27 11:41:21]Process 15564 termed with signal 11(SIGSEGV)
PT_F40-2_bit_1-200 Test Num : 68
Inject into ../bin/hello
----- Type : 2_bit_1 Pos : PT_F40 -----
There are 1 faults will be injected in faulttable...
101244 microseconds
Fault on PT_F40(0X7f797d4a4ee0 -> 0Xff797d4a4ee0)
20 microseconds
[2016-10-27 11:41:21]Process 15566 termed with signal 11(SIGSEGV)
PT_F40-2_bit_1-200 Test Num : 69
Inject into ../bin/hello
----- Type : 2_bit_1 Pos : PT_F40 -----
There are 1 faults will be injected in faulttable...
100113 microseconds
Fault on PT_F40(0X7fb2d6ae4ee0 -> 0Xffb2deae4ee0)
20 microseconds
[2016-10-27 11:41:21]Process 15568 termed with signal 11(SIGSEGV)
PT_F40-2_bit_1-200 Test Num : 70
Inject into ../bin/hello
----- Type : 2_bit_1 Pos : PT_F40 -----
There are 1 faults will be injected in faulttable...
101583 microseconds
Fault on PT_F40(0X7fad0209eee0 -> 0Xffad0a09eee0)
20 microseconds
[2016-10-27 11:41:21]Process 15570 termed with signal 11(SIGSEGV)
PT_F40-2_bit_1-200 Test Num : 71
Inject into ../bin/hello
----- Type : 2_bit_1 Pos : PT_F40 -----
There are 1 faults will be injected in faulttable...
101628 microseconds
Fault on PT_F40(0X7fe7c2ff0ee0 -> 0Xffe7caff0ee0)
20 microseconds
[2016-10-27 11:41:21]Process 15572 termed with signal 11(SIGSEGV)
PT_F40-2_bit_1-200 Test Num : 72
Inject into ../bin/hello
----- Type : 2_bit_1 Pos : PT_F40 -----
There are 1 faults will be injected in faulttable...
101619 microseconds
Fault on PT_F40(0X7f28c725eee0 -> 0Xff28cf25eee0)
21 microseconds
[2016-10-27 11:41:21]Process 15574 termed with signal 11(SIGSEGV)
PT_F40-2_bit_1-200 Test Num : 73
Inject into ../bin/hello
----- Type : 2_bit_1 Pos : PT_F40 -----
There are 1 faults will be injected in faulttable...
101116 microseconds
Fault on PT_F40(0X7f211b83bee0 -> 0X7f211b83bee0)
3000091 microseconds
timeout
[2016-10-27 11:41:25]Process 15576 termed with signal 14(SIGALRM)
PT_F40-2_bit_1-200 Test Num : 74
Inject into ../bin/hello
----- Type : 2_bit_1 Pos : PT_F40 -----
There are 1 faults will be injected in faulttable...
100102 microseconds
Fault on PT_F40(0X7ff836f99ee0 -> 0X47ff836f99ee8)
18 microseconds
[2016-10-27 11:41:25]Process 15579 termed with signal 11(SIGSEGV)
PT_F40-2_bit_1-200 Test Num : 75
Inject into ../bin/hello
----- Type : 2_bit_1 Pos : PT_F40 -----
There are 1 faults will be injected in faulttable...
101339 microseconds
Fault on PT_F40(0X7f6666376ee0 -> 0X47f6666376ee8)
20 microseconds
[2016-10-27 11:41:25]Process 15581 termed with signal 11(SIGSEGV)
PT_F40-2_bit_1-200 Test Num : 76
Inject into ../bin/hello
----- Type : 2_bit_1 Pos : PT_F40 -----
There are 1 faults will be injected in faulttable...
101273 microseconds
Fault on PT_F40(0X7f548a7fcee0 -> 0X47f548a7fcee8)
29 microseconds
[2016-10-27 11:41:25]Process 15583 termed with signal 11(SIGSEGV)
PT_F40-2_bit_1-200 Test Num : 77
Inject into ../bin/hello
----- Type : 2_bit_1 Pos : PT_F40 -----
There are 1 faults will be injected in faulttable...
102649 microseconds
Fault on PT_F40(0X7f74280c4ee0 -> 0X47f74280c4ee8)
14 microseconds
[2016-10-27 11:41:25]Process 15585 termed with signal 11(SIGSEGV)
PT_F40-2_bit_1-200 Test Num : 78
Inject into ../bin/hello
----- Type : 2_bit_1 Pos : PT_F40 -----
There are 1 faults will be injected in faulttable...
101034 microseconds
Fault on PT_F40(0X7ff1b5454ee0 -> 0X47ff1b5454ee8)
12 microseconds
[2016-10-27 11:41:25]Process 15587 termed with signal 11(SIGSEGV)
PT_F40-2_bit_1-200 Test Num : 79
Inject into ../bin/hello
----- Type : 2_bit_1 Pos : PT_F40 -----
There are 1 faults will be injected in faulttable...
100979 microseconds
Fault on PT_F40(0X7f866cca5ee0 -> 0X47f866cca5ee8)
11 microseconds
[2016-10-27 11:41:25]Process 15589 termed with signal 11(SIGSEGV)
PT_F40-2_bit_1-200 Test Num : 80
Inject into ../bin/hello
----- Type : 2_bit_1 Pos : PT_F40 -----
There are 1 faults will be injected in faulttable...
100979 microseconds
Fault on PT_F40(0X7f90f035cee0 -> 0X47f90f035cee8)
14 microseconds
[2016-10-27 11:41:25]Process 15591 termed with signal 11(SIGSEGV)
PT_F40-2_bit_1-200 Test Num : 81
Inject into ../bin/hello
----- Type : 2_bit_1 Pos : PT_F40 -----
There are 1 faults will be injected in faulttable...
101068 microseconds
Fault on PT_F40(0X7f295c3e0ee0 -> 0X47f295c3e0ee8)
14 microseconds
[2016-10-27 11:41:25]Process 15593 termed with signal 11(SIGSEGV)
PT_F40-2_bit_1-200 Test Num : 82
Inject into ../bin/hello
----- Type : 2_bit_1 Pos : PT_F40 -----
There are 1 faults will be injected in faulttable...
100944 microseconds
Fault on PT_F40(0X7fbbea203ee0 -> 0X27fbbea203ee0)
17 microseconds
[2016-10-27 11:41:26]Process 15595 termed with signal 11(SIGSEGV)
PT_F40-2_bit_1-200 Test Num : 83
Inject into ../bin/hello
----- Type : 2_bit_1 Pos : PT_F40 -----
There are 1 faults will be injected in faulttable...
101007 microseconds
Fault on PT_F40(0X7f575f21fee0 -> 0X27f5f5f21fee0)
14 microseconds
[2016-10-27 11:41:26]Process 15597 termed with signal 11(SIGSEGV)
PT_F40-2_bit_1-200 Test Num : 84
Inject into ../bin/hello
----- Type : 2_bit_1 Pos : PT_F40 -----
There are 1 faults will be injected in faulttable...
101037 microseconds
Fault on PT_F40(0X7f6c1327fee0 -> 0X27f6c1327fee0)
11 microseconds
[2016-10-27 11:41:26]Process 15599 termed with signal 11(SIGSEGV)
PT_F40-2_bit_1-200 Test Num : 85
Inject into ../bin/hello
----- Type : 2_bit_1 Pos : PT_F40 -----
There are 1 faults will be injected in faulttable...
101139 microseconds
Fault on PT_F40(0X7f20e4afcee0 -> 0X27f28e4afcee0)
11 microseconds
[2016-10-27 11:41:26]Process 15601 termed with signal 11(SIGSEGV)
PT_F40-2_bit_1-200 Test Num : 86
Inject into ../bin/hello
----- Type : 2_bit_1 Pos : PT_F40 -----
There are 1 faults will be injected in faulttable...
101587 microseconds
Fault on PT_F40(0X7f038d973ee0 -> 0X27f0b8d973ee0)
19 microseconds
[2016-10-27 11:41:26]Process 15603 termed with signal 11(SIGSEGV)
PT_F40-2_bit_1-200 Test Num : 87
Inject into ../bin/hello
----- Type : 2_bit_1 Pos : PT_F40 -----
There are 1 faults will be injected in faulttable...
101378 microseconds
Fault on PT_F40(0X7fc437a16ee0 -> 0X27fcc37a16ee0)
9 microseconds
[2016-10-27 11:41:26]Process 15605 termed with signal 11(SIGSEGV)
PT_F40-2_bit_1-200 Test Num : 88
Inject into ../bin/hello
----- Type : 2_bit_1 Pos : PT_F40 -----
There are 1 faults will be injected in faulttable...
101434 microseconds
Fault on PT_F40(0X7f12c6cd5ee0 -> 0X27f1ac6cd5ee0)
18 microseconds
[2016-10-27 11:41:26]Process 15607 termed with signal 11(SIGSEGV)
PT_F40-2_bit_1-200 Test Num : 89
Inject into ../bin/hello
----- Type : 2_bit_1 Pos : PT_F40 -----
There are 1 faults will be injected in faulttable...
101314 microseconds
Fault on PT_F40(0X7f7371a93ee0 -> 0X27f7b71a93ee0)
12 microseconds
[2016-10-27 11:41:26]Process 15609 termed with signal 11(SIGSEGV)
PT_F40-2_bit_1-200 Test Num : 90
Inject into ../bin/hello
----- Type : 2_bit_1 Pos : PT_F40 -----
There are 1 faults will be injected in faulttable...
101084 microseconds
Fault on PT_F40(0X7f93dd0a0ee0 -> 0X27f9bdd0a0ee0)
17 microseconds
[2016-10-27 11:41:26]Process 15611 termed with signal 11(SIGSEGV)
PT_F40-2_bit_1-200 Test Num : 91
Inject into ../bin/hello
----- Type : 2_bit_1 Pos : PT_F40 -----
There are 1 faults will be injected in faulttable...
101093 microseconds
Fault on PT_F40(0X7f9426ce8ee0 -> 0X7f9426ce8ef0)
22 microseconds
[2016-10-27 11:41:27]Process 15613 termed with signal 11(SIGSEGV)
PT_F40-2_bit_1-200 Test Num : 92
Inject into ../bin/hello
----- Type : 2_bit_1 Pos : PT_F40 -----
There are 1 faults will be injected in faulttable...
101476 microseconds
Fault on PT_F40(0X7f9dd3f48ee0 -> 0X7f9dd3f48ef0)
14 microseconds
[2016-10-27 11:41:27]Process 15615 termed with signal 11(SIGSEGV)
PT_F40-2_bit_1-200 Test Num : 93
Inject into ../bin/hello
----- Type : 2_bit_1 Pos : PT_F40 -----
There are 1 faults will be injected in faulttable...
101060 microseconds
Fault on PT_F40(0X7f0f6b953ee0 -> 0X7f0f6b953ef0)
14 microseconds
[2016-10-27 11:41:27]Process 15617 termed with signal 11(SIGSEGV)
PT_F40-2_bit_1-200 Test Num : 94
Inject into ../bin/hello
----- Type : 2_bit_1 Pos : PT_F40 -----
There are 1 faults will be injected in faulttable...
100078 microseconds
Fault on PT_F40(0X7f4ecfa0eee0 -> 0X7f4ecfa0eef0)
11 microseconds
[2016-10-27 11:41:27]Process 15619 termed with signal 11(SIGSEGV)
PT_F40-2_bit_1-200 Test Num : 95
Inject into ../bin/hello
----- Type : 2_bit_1 Pos : PT_F40 -----
There are 1 faults will be injected in faulttable...
101148 microseconds
Fault on PT_F40(0X7f4238f31ee0 -> 0X7f4238f31ef0)
14 microseconds
[2016-10-27 11:41:27]Process 15621 termed with signal 11(SIGSEGV)
PT_F40-2_bit_1-200 Test Num : 96
Inject into ../bin/hello
----- Type : 2_bit_1 Pos : PT_F40 -----
There are 1 faults will be injected in faulttable...
101218 microseconds
Fault on PT_F40(0X7f5a7dbedee0 -> 0X7f5a7dbedef0)
20 microseconds
[2016-10-27 11:41:27]Process 15623 termed with signal 11(SIGSEGV)
PT_F40-2_bit_1-200 Test Num : 97
Inject into ../bin/hello
----- Type : 2_bit_1 Pos : PT_F40 -----
There are 1 faults will be injected in faulttable...
101269 microseconds
Fault on PT_F40(0X7fc5a41f4ee0 -> 0X7fc5a41f4ef0)
14 microseconds
[2016-10-27 11:41:27]Process 15625 termed with signal 11(SIGSEGV)
PT_F40-2_bit_1-200 Test Num : 98
Inject into ../bin/hello
----- Type : 2_bit_1 Pos : PT_F40 -----
There are 1 faults will be injected in faulttable...
101303 microseconds
Fault on PT_F40(0X7f1b969e8ee0 -> 0X7f1b969e8ef0)
20 microseconds
[2016-10-27 11:41:27]Process 15627 termed with signal 11(SIGSEGV)
PT_F40-2_bit_1-200 Test Num : 99
Inject into ../bin/hello
----- Type : 2_bit_1 Pos : PT_F40 -----
There are 1 faults will be injected in faulttable...
101547 microseconds
Fault on PT_F40(0X7fd12d930ee0 -> 0X7fd12d930ef0)
21 microseconds
[2016-10-27 11:41:27]Process 15629 termed with signal 11(SIGSEGV)
PT_F40-2_bit_1-200 Test Num : 100
Inject into ../bin/hello
----- Type : 2_bit_1 Pos : PT_F40 -----
There are 1 faults will be injected in faulttable...
101443 microseconds
Fault on PT_F40(0X7f5b5a67eee0 -> 0X207f5f5a67eee0)
24 microseconds
[2016-10-27 11:41:28]Process 15631 termed with signal 11(SIGSEGV)
PT_F40-2_bit_1-200 Test Num : 101
Inject into ../bin/hello
----- Type : 2_bit_1 Pos : PT_F40 -----
There are 1 faults will be injected in faulttable...
101084 microseconds
Fault on PT_F40(0X7f5beb6afee0 -> 0X207f5feb6afee0)
12 microseconds
[2016-10-27 11:41:28]Process 15633 termed with signal 11(SIGSEGV)
PT_F40-2_bit_1-200 Test Num : 102
Inject into ../bin/hello
----- Type : 2_bit_1 Pos : PT_F40 -----
There are 1 faults will be injected in faulttable...
101120 microseconds
Fault on PT_F40(0X7fbf05b5fee0 -> 0X207fbf05b5fee0)
21 microseconds
[2016-10-27 11:41:28]Process 15635 termed with signal 11(SIGSEGV)
PT_F40-2_bit_1-200 Test Num : 103
Inject into ../bin/hello
----- Type : 2_bit_1 Pos : PT_F40 -----
There are 1 faults will be injected in faulttable...
101220 microseconds
Fault on PT_F40(0X7fc0afe8fee0 -> 0X207fc4afe8fee0)
14 microseconds
[2016-10-27 11:41:28]Process 15637 termed with signal 11(SIGSEGV)
PT_F40-2_bit_1-200 Test Num : 104
Inject into ../bin/hello
----- Type : 2_bit_1 Pos : PT_F40 -----
There are 1 faults will be injected in faulttable...
101018 microseconds
Fault on PT_F40(0X7fb564b42ee0 -> 0X207fb564b42ee0)
15 microseconds
[2016-10-27 11:41:28]Process 15639 termed with signal 11(SIGSEGV)
PT_F40-2_bit_1-200 Test Num : 105
Inject into ../bin/hello
----- Type : 2_bit_1 Pos : PT_F40 -----
There are 1 faults will be injected in faulttable...
100966 microseconds
Fault on PT_F40(0X7fdc1396fee0 -> 0X207fdc1396fee0)
13 microseconds
[2016-10-27 11:41:28]Process 15641 termed with signal 11(SIGSEGV)
PT_F40-2_bit_1-200 Test Num : 106
Inject into ../bin/hello
----- Type : 2_bit_1 Pos : PT_F40 -----
There are 1 faults will be injected in faulttable...
101086 microseconds
Fault on PT_F40(0X7fd038a6cee0 -> 0X207fd438a6cee0)
19 microseconds
[2016-10-27 11:41:28]Process 15643 termed with signal 11(SIGSEGV)
PT_F40-2_bit_1-200 Test Num : 107
Inject into ../bin/hello
----- Type : 2_bit_1 Pos : PT_F40 -----
There are 1 faults will be injected in faulttable...
101058 microseconds
Fault on PT_F40(0X7fbb06480ee0 -> 0X207fbf06480ee0)
22 microseconds
[2016-10-27 11:41:28]Process 15645 termed with signal 11(SIGSEGV)
PT_F40-2_bit_1-200 Test Num : 108
Inject into ../bin/hello
----- Type : 2_bit_1 Pos : PT_F40 -----
There are 1 faults will be injected in faulttable...
100151 microseconds
Fault on PT_F40(0X7fc7f0d44ee0 -> 0X207fc7f0d44ee0)
19 microseconds
[2016-10-27 11:41:28]Process 15647 termed with signal 11(SIGSEGV)
PT_F40-2_bit_1-200 Test Num : 109
Inject into ../bin/hello
----- Type : 2_bit_1 Pos : PT_F40 -----
There are 1 faults will be injected in faulttable...
100240 microseconds
Fault on PT_F40(0X7fac717d7ee0 -> 0X7fac717d7ee0)
3000114 microseconds
timeout
[2016-10-27 11:41:32]Process 15649 termed with signal 14(SIGALRM)
PT_F40-2_bit_1-200 Test Num : 110
Inject into ../bin/hello
----- Type : 2_bit_1 Pos : PT_F40 -----
There are 1 faults will be injected in faulttable...
101165 microseconds
Fault on PT_F40(0X7f2cb7f42ee0 -> 0X40007f3cb7f42ee0)
20 microseconds
[2016-10-27 11:41:32]Process 15651 termed with signal 11(SIGSEGV)
PT_F40-2_bit_1-200 Test Num : 111
Inject into ../bin/hello
----- Type : 2_bit_1 Pos : PT_F40 -----
There are 1 faults will be injected in faulttable...
101211 microseconds
Fault on PT_F40(0X7f2fc354dee0 -> 0X40007f3fc354dee0)
22 microseconds
[2016-10-27 11:41:32]Process 15653 termed with signal 11(SIGSEGV)
PT_F40-2_bit_1-200 Test Num : 112
Inject into ../bin/hello
----- Type : 2_bit_1 Pos : PT_F40 -----
There are 1 faults will be injected in faulttable...
101012 microseconds
Fault on PT_F40(0X7f0232242ee0 -> 0X40007f1232242ee0)
20 microseconds
[2016-10-27 11:41:32]Process 15655 termed with signal 11(SIGSEGV)
PT_F40-2_bit_1-200 Test Num : 113
Inject into ../bin/hello
----- Type : 2_bit_1 Pos : PT_F40 -----
There are 1 faults will be injected in faulttable...
101533 microseconds
Fault on PT_F40(0X7f64d5020ee0 -> 0X40007f74d5020ee0)
22 microseconds
[2016-10-27 11:41:32]Process 15657 termed with signal 11(SIGSEGV)
PT_F40-2_bit_1-200 Test Num : 114
Inject into ../bin/hello
----- Type : 2_bit_1 Pos : PT_F40 -----
There are 1 faults will be injected in faulttable...
101567 microseconds
Fault on PT_F40(0X7f152a7d8ee0 -> 0X40007f152a7d8ee0)
10 microseconds
[2016-10-27 11:41:32]Process 15659 termed with signal 11(SIGSEGV)
PT_F40-2_bit_1-200 Test Num : 115
Inject into ../bin/hello
----- Type : 2_bit_1 Pos : PT_F40 -----
There are 1 faults will be injected in faulttable...
101079 microseconds
Fault on PT_F40(0X7f537437cee0 -> 0X40007f537437cee0)
10 microseconds
[2016-10-27 11:41:32]Process 15661 termed with signal 11(SIGSEGV)
PT_F40-2_bit_1-200 Test Num : 116
Inject into ../bin/hello
----- Type : 2_bit_1 Pos : PT_F40 -----
There are 1 faults will be injected in faulttable...
100120 microseconds
Fault on PT_F40(0X7f0b8bab2ee0 -> 0X40007f1b8bab2ee0)
19 microseconds
[2016-10-27 11:41:32]Process 15663 termed with signal 11(SIGSEGV)
PT_F40-2_bit_1-200 Test Num : 117
Inject into ../bin/hello
----- Type : 2_bit_1 Pos : PT_F40 -----
There are 1 faults will be injected in faulttable...
101103 microseconds
Fault on PT_F40(0X7fb0383e1ee0 -> 0X40007fb0383e1ee0)
10 microseconds
[2016-10-27 11:41:32]Process 15665 termed with signal 11(SIGSEGV)
PT_F40-2_bit_1-200 Test Num : 118
Inject into ../bin/hello
----- Type : 2_bit_1 Pos : PT_F40 -----
There are 1 faults will be injected in faulttable...
100085 microseconds
Fault on PT_F40(0X7f95952e3ee0 -> 0X20007f95952e3ee0)
17 microseconds
[2016-10-27 11:41:33]Process 15667 termed with signal 11(SIGSEGV)
PT_F40-2_bit_1-200 Test Num : 119
Inject into ../bin/hello
----- Type : 2_bit_1 Pos : PT_F40 -----
There are 1 faults will be injected in faulttable...
101193 microseconds
Fault on PT_F40(0X7fae69958ee0 -> 0X20007fae69958ee0)
11 microseconds
[2016-10-27 11:41:33]Process 15669 termed with signal 11(SIGSEGV)
PT_F40-2_bit_1-200 Test Num : 120
Inject into ../bin/hello
----- Type : 2_bit_1 Pos : PT_F40 -----
There are 1 faults will be injected in faulttable...
101281 microseconds
Fault on PT_F40(0X7f1aa38c4ee0 -> 0X20007f1aa38c4ee0)
15 microseconds
[2016-10-27 11:41:33]Process 15671 termed with signal 11(SIGSEGV)
PT_F40-2_bit_1-200 Test Num : 121
Inject into ../bin/hello
----- Type : 2_bit_1 Pos : PT_F40 -----
There are 1 faults will be injected in faulttable...
101116 microseconds
Fault on PT_F40(0X7f61f8690ee0 -> 0X20007f61f8690ee0)
15 microseconds
[2016-10-27 11:41:33]Process 15673 termed with signal 11(SIGSEGV)
PT_F40-2_bit_1-200 Test Num : 122
Inject into ../bin/hello
----- Type : 2_bit_1 Pos : PT_F40 -----
There are 1 faults will be injected in faulttable...
101576 microseconds
Fault on PT_F40(0X7fbd5a6eeee0 -> 0X20007fbd5a6eeee0)
13 microseconds
[2016-10-27 11:41:33]Process 15675 termed with signal 11(SIGSEGV)
PT_F40-2_bit_1-200 Test Num : 123
Inject into ../bin/hello
----- Type : 2_bit_1 Pos : PT_F40 -----
There are 1 faults will be injected in faulttable...
101259 microseconds
Fault on PT_F40(0X7f58c364cee0 -> 0X20007f58c364cee0)
12 microseconds
[2016-10-27 11:41:33]Process 15677 termed with signal 11(SIGSEGV)
PT_F40-2_bit_1-200 Test Num : 124
Inject into ../bin/hello
----- Type : 2_bit_1 Pos : PT_F40 -----
There are 1 faults will be injected in faulttable...
101023 microseconds
Fault on PT_F40(0X7f62701afee0 -> 0X20007f62701afee0)
16 microseconds
[2016-10-27 11:41:33]Process 15679 termed with signal 11(SIGSEGV)
PT_F40-2_bit_1-200 Test Num : 125
Inject into ../bin/hello
----- Type : 2_bit_1 Pos : PT_F40 -----
There are 1 faults will be injected in faulttable...
100101 microseconds
Fault on PT_F40(0X7f9b5ef3eee0 -> 0X20007f9b5ef3eee0)
23 microseconds
[2016-10-27 11:41:33]Process 15681 termed with signal 11(SIGSEGV)
PT_F40-2_bit_1-200 Test Num : 126
Inject into ../bin/hello
----- Type : 2_bit_1 Pos : PT_F40 -----
There are 1 faults will be injected in faulttable...
101289 microseconds
Fault on PT_F40(0X7f5cc2589ee0 -> 0X20007f5cc2589ee0)
29 microseconds
[2016-10-27 11:41:33]Process 15683 termed with signal 11(SIGSEGV)
PT_F40-2_bit_1-200 Test Num : 127
Inject into ../bin/hello
----- Type : 2_bit_1 Pos : PT_F40 -----
There are 1 faults will be injected in faulttable...
102373 microseconds
Fault on PT_F40(0X7f310dbc7ee0 -> 0X20007f310dbc7ee0)
14 microseconds
[2016-10-27 11:41:33]Process 15685 termed with signal 11(SIGSEGV)
PT_F40-2_bit_1-200 Test Num : 128
Inject into ../bin/hello
----- Type : 2_bit_1 Pos : PT_F40 -----
There are 1 faults will be injected in faulttable...
101086 microseconds
Fault on PT_F40(0X7f6d1e053ee0 -> 0X7f6d1e453ee0)
19 microseconds
[2016-10-27 11:41:34]Process 15687 termed with signal 11(SIGSEGV)
PT_F40-2_bit_1-200 Test Num : 129
Inject into ../bin/hello
----- Type : 2_bit_1 Pos : PT_F40 -----
There are 1 faults will be injected in faulttable...
101150 microseconds
Fault on PT_F40(0X7f7d0e892ee0 -> 0X7f7d0ec92ee0)
23 microseconds
[2016-10-27 11:41:34]Process 15689 termed with signal 11(SIGSEGV)
PT_F40-2_bit_1-200 Test Num : 130
Inject into ../bin/hello
----- Type : 2_bit_1 Pos : PT_F40 -----
There are 1 faults will be injected in faulttable...
101520 microseconds
Fault on PT_F40(0X7f91732b5ee0 -> 0X7f91776b5ee0)
19 microseconds
[2016-10-27 11:41:34]Process 15691 termed with signal 11(SIGSEGV)
PT_F40-2_bit_1-200 Test Num : 131
Inject into ../bin/hello
----- Type : 2_bit_1 Pos : PT_F40 -----
There are 1 faults will be injected in faulttable...
101129 microseconds
Fault on PT_F40(0X7fce69986ee0 -> 0X7fce6dd86ee0)
17 microseconds
[2016-10-27 11:41:34]Process 15693 termed with signal 11(SIGSEGV)
PT_F40-2_bit_1-200 Test Num : 132
Inject into ../bin/hello
----- Type : 2_bit_1 Pos : PT_F40 -----
There are 1 faults will be injected in faulttable...
100091 microseconds
Fault on PT_F40(0X7fe95643bee0 -> 0X7fe95643bee0)
3000125 microseconds
timeout
[2016-10-27 11:41:37]Process 15695 termed with signal 14(SIGALRM)
PT_F40-2_bit_1-200 Test Num : 133
Inject into ../bin/hello
----- Type : 2_bit_1 Pos : PT_F40 -----
There are 1 faults will be injected in faulttable...
101737 microseconds
Fault on PT_F40(0X7f022dcd2ee0 -> 0X7f022dcd2ee0)
3000135 microseconds
timeout
[2016-10-27 11:41:40]Process 15697 termed with signal 14(SIGALRM)
PT_F40-2_bit_1-200 Test Num : 134
Inject into ../bin/hello
----- Type : 2_bit_1 Pos : PT_F40 -----
There are 1 faults will be injected in faulttable...
101057 microseconds
Fault on PT_F40(0X7f3eb55c9ee0 -> 0X7f3eb55c9ee2)
3000088 microseconds
timeout
[2016-10-27 11:41:43]Process 15699 termed with signal 14(SIGALRM)
PT_F40-2_bit_1-200 Test Num : 135
Inject into ../bin/hello
----- Type : 2_bit_1 Pos : PT_F40 -----
There are 1 faults will be injected in faulttable...
101080 microseconds
Fault on PT_F40(0X7fccc93bfee0 -> 0X407fccd93bfee0)
12 microseconds
[2016-10-27 11:41:43]Process 15701 termed with signal 11(SIGSEGV)
PT_F40-2_bit_1-200 Test Num : 136
Inject into ../bin/hello
----- Type : 2_bit_1 Pos : PT_F40 -----
There are 1 faults will be injected in faulttable...
101027 microseconds
Fault on PT_F40(0X7f4a63a1eee0 -> 0X407f4a73a1eee0)
11 microseconds
[2016-10-27 11:41:43]Process 15703 termed with signal 11(SIGSEGV)
PT_F40-2_bit_1-200 Test Num : 137
Inject into ../bin/hello
----- Type : 2_bit_1 Pos : PT_F40 -----
There are 1 faults will be injected in faulttable...
101338 microseconds
Fault on PT_F40(0X7f05f262bee0 -> 0X7f05f262bee0)
3000093 microseconds
timeout
[2016-10-27 11:41:47]Process 15705 termed with signal 14(SIGALRM)
PT_F40-2_bit_1-200 Test Num : 138
Inject into ../bin/hello
----- Type : 2_bit_1 Pos : PT_F40 -----
There are 1 faults will be injected in faulttable...
100109 microseconds
Fault on PT_F40(0X7fe1f8c24ee0 -> 0X847fe1f8c24ee0)
12 microseconds
[2016-10-27 11:41:47]Process 15707 termed with signal 11(SIGSEGV)
PT_F40-2_bit_1-200 Test Num : 139
Inject into ../bin/hello
----- Type : 2_bit_1 Pos : PT_F40 -----
There are 1 faults will be injected in faulttable...
101025 microseconds
Fault on PT_F40(0X7fa1b4206ee0 -> 0X847fa1b4206ee0)
17 microseconds
[2016-10-27 11:41:47]Process 15709 termed with signal 11(SIGSEGV)
PT_F40-2_bit_1-200 Test Num : 140
Inject into ../bin/hello
----- Type : 2_bit_1 Pos : PT_F40 -----
There are 1 faults will be injected in faulttable...
101157 microseconds
Fault on PT_F40(0X7f1226132ee0 -> 0X847f1226132ee0)
11 microseconds
[2016-10-27 11:41:47]Process 15711 termed with signal 11(SIGSEGV)
PT_F40-2_bit_1-200 Test Num : 141
Inject into ../bin/hello
----- Type : 2_bit_1 Pos : PT_F40 -----
There are 1 faults will be injected in faulttable...
100084 microseconds
Fault on PT_F40(0X7f28dd4c9ee0 -> 0X847f28dd4c9ee0)
15 microseconds
[2016-10-27 11:41:47]Process 15713 termed with signal 11(SIGSEGV)
PT_F40-2_bit_1-200 Test Num : 142
Inject into ../bin/hello
----- Type : 2_bit_1 Pos : PT_F40 -----
There are 1 faults will be injected in faulttable...
100979 microseconds
Fault on PT_F40(0X7fa6b439bee0 -> 0X847fa6b439bee0)
32 microseconds
[2016-10-27 11:41:47]Process 15715 termed with signal 11(SIGSEGV)
PT_F40-2_bit_1-200 Test Num : 143
Inject into ../bin/hello
----- Type : 2_bit_1 Pos : PT_F40 -----
There are 1 faults will be injected in faulttable...
101210 microseconds
Fault on PT_F40(0X7fcf1efbbee0 -> 0X847fcf1efbbee0)
16 microseconds
[2016-10-27 11:41:47]Process 15717 termed with signal 11(SIGSEGV)
PT_F40-2_bit_1-200 Test Num : 144
Inject into ../bin/hello
----- Type : 2_bit_1 Pos : PT_F40 -----
There are 1 faults will be injected in faulttable...
101081 microseconds
Fault on PT_F40(0X7fbaf9b4cee0 -> 0X847fbaf9b4cee0)
13 microseconds
[2016-10-27 11:41:47]Process 15719 termed with signal 11(SIGSEGV)
PT_F40-2_bit_1-200 Test Num : 145
Inject into ../bin/hello
----- Type : 2_bit_1 Pos : PT_F40 -----
There are 1 faults will be injected in faulttable...
101049 microseconds
Fault on PT_F40(0X7f1655e11ee0 -> 0X847f1655e11ee0)
17 microseconds
[2016-10-27 11:41:47]Process 15721 termed with signal 11(SIGSEGV)
PT_F40-2_bit_1-200 Test Num : 146
Inject into ../bin/hello
----- Type : 2_bit_1 Pos : PT_F40 -----
There are 1 faults will be injected in faulttable...
101102 microseconds
Fault on PT_F40(0X7fce730d8ee0 -> 0X7fce730d8ee5)
22 microseconds
[2016-10-27 11:41:48]Process 15723 termed with signal 4(SIGILL)
PT_F40-2_bit_1-200 Test Num : 147
Inject into ../bin/hello
----- Type : 2_bit_1 Pos : PT_F40 -----
There are 1 faults will be injected in faulttable...
100979 microseconds
Fault on PT_F40(0X7f0f76129ee0 -> 0X7f0f76129ee5)
33 microseconds
[2016-10-27 11:41:48]Process 15725 termed with signal 4(SIGILL)
PT_F40-2_bit_1-200 Test Num : 148
Inject into ../bin/hello
----- Type : 2_bit_1 Pos : PT_F40 -----
There are 1 faults will be injected in faulttable...
100114 microseconds
Fault on PT_F40(0X7f75d8358ee0 -> 0X7f75d8358ee5)
22 microseconds
[2016-10-27 11:41:48]Process 15727 termed with signal 4(SIGILL)
PT_F40-2_bit_1-200 Test Num : 149
Inject into ../bin/hello
----- Type : 2_bit_1 Pos : PT_F40 -----
There are 1 faults will be injected in faulttable...
101041 microseconds
Fault on PT_F40(0X7f934a303ee0 -> 0X7f934a303ee5)
21 microseconds
[2016-10-27 11:41:48]Process 15729 termed with signal 4(SIGILL)
PT_F40-2_bit_1-200 Test Num : 150
Inject into ../bin/hello
----- Type : 2_bit_1 Pos : PT_F40 -----
There are 1 faults will be injected in faulttable...
100111 microseconds
Fault on PT_F40(0X7ff3e6cebee0 -> 0X7ff3e6cebee5)
24 microseconds
[2016-10-27 11:41:48]Process 15731 termed with signal 4(SIGILL)
PT_F40-2_bit_1-200 Test Num : 151
Inject into ../bin/hello
----- Type : 2_bit_1 Pos : PT_F40 -----
There are 1 faults will be injected in faulttable...
101231 microseconds
Fault on PT_F40(0X7fa7c2254ee0 -> 0X7fa7c2254ee5)
38 microseconds
[2016-10-27 11:41:48]Process 15733 termed with signal 4(SIGILL)
PT_F40-2_bit_1-200 Test Num : 152
Inject into ../bin/hello
----- Type : 2_bit_1 Pos : PT_F40 -----
There are 1 faults will be injected in faulttable...
100100 microseconds
Fault on PT_F40(0X7f11f1bf8ee0 -> 0X7f11f1bf8ee5)
27 microseconds
[2016-10-27 11:41:48]Process 15735 termed with signal 4(SIGILL)
PT_F40-2_bit_1-200 Test Num : 153
Inject into ../bin/hello
----- Type : 2_bit_1 Pos : PT_F40 -----
There are 1 faults will be injected in faulttable...
101555 microseconds
Fault on PT_F40(0X7fccef5b1ee0 -> 0X7fccef5b1ee5)
33 microseconds
[2016-10-27 11:41:48]Process 15737 termed with signal 4(SIGILL)
PT_F40-2_bit_1-200 Test Num : 154
Inject into ../bin/hello
----- Type : 2_bit_1 Pos : PT_F40 -----
There are 1 faults will be injected in faulttable...
101226 microseconds
Fault on PT_F40(0X7fa9c8ac3ee0 -> 0X7fa9c8ac3ee5)
22 microseconds
[2016-10-27 11:41:48]Process 15739 termed with signal 4(SIGILL)
PT_F40-2_bit_1-200 Test Num : 155
Inject into ../bin/hello
----- Type : 2_bit_1 Pos : PT_F40 -----
There are 1 faults will be injected in faulttable...
101043 microseconds
Fault on PT_F40(0X7f0e4dda4ee0 -> 0X207f0e4dfa4ee0)
13 microseconds
[2016-10-27 11:41:49]Process 15741 termed with signal 11(SIGSEGV)
PT_F40-2_bit_1-200 Test Num : 156
Inject into ../bin/hello
----- Type : 2_bit_1 Pos : PT_F40 -----
There are 1 faults will be injected in faulttable...
101150 microseconds
Fault on PT_F40(0X7f5260dd7ee0 -> 0X207f5260fd7ee0)
14 microseconds
[2016-10-27 11:41:49]Process 15743 termed with signal 11(SIGSEGV)
PT_F40-2_bit_1-200 Test Num : 157
Inject into ../bin/hello
----- Type : 2_bit_1 Pos : PT_F40 -----
There are 1 faults will be injected in faulttable...
100092 microseconds
Fault on PT_F40(0X7f9aa20e9ee0 -> 0X207f9aa22e9ee0)
10 microseconds
[2016-10-27 11:41:49]Process 15745 termed with signal 11(SIGSEGV)
PT_F40-2_bit_1-200 Test Num : 158
Inject into ../bin/hello
----- Type : 2_bit_1 Pos : PT_F40 -----
There are 1 faults will be injected in faulttable...
101102 microseconds
Fault on PT_F40(0X7ff999e10ee0 -> 0X207ff999e10ee0)
11 microseconds
[2016-10-27 11:41:49]Process 15747 termed with signal 11(SIGSEGV)
PT_F40-2_bit_1-200 Test Num : 159
Inject into ../bin/hello
----- Type : 2_bit_1 Pos : PT_F40 -----
There are 1 faults will be injected in faulttable...
101128 microseconds
Fault on PT_F40(0X7f449c7feee0 -> 0X207f449c7feee0)
21 microseconds
[2016-10-27 11:41:49]Process 15749 termed with signal 11(SIGSEGV)
PT_F40-2_bit_1-200 Test Num : 160
Inject into ../bin/hello
----- Type : 2_bit_1 Pos : PT_F40 -----
There are 1 faults will be injected in faulttable...
101641 microseconds
Fault on PT_F40(0X7f283a8b2ee0 -> 0X207f283aab2ee0)
11 microseconds
[2016-10-27 11:41:49]Process 15751 termed with signal 11(SIGSEGV)
PT_F40-2_bit_1-200 Test Num : 161
Inject into ../bin/hello
----- Type : 2_bit_1 Pos : PT_F40 -----
There are 1 faults will be injected in faulttable...
101139 microseconds
Fault on PT_F40(0X7ff4e9bd7ee0 -> 0X207ff4e9bd7ee0)
13 microseconds
[2016-10-27 11:41:49]Process 15753 termed with signal 11(SIGSEGV)
PT_F40-2_bit_1-200 Test Num : 162
Inject into ../bin/hello
----- Type : 2_bit_1 Pos : PT_F40 -----
There are 1 faults will be injected in faulttable...
101090 microseconds
Fault on PT_F40(0X7f996331eee0 -> 0X207f996331eee0)
21 microseconds
[2016-10-27 11:41:49]Process 15755 termed with signal 11(SIGSEGV)
PT_F40-2_bit_1-200 Test Num : 163
Inject into ../bin/hello
----- Type : 2_bit_1 Pos : PT_F40 -----
There are 1 faults will be injected in faulttable...
101160 microseconds
Fault on PT_F40(0X7f618528aee0 -> 0X207f618528aee0)
13 microseconds
[2016-10-27 11:41:49]Process 15757 termed with signal 11(SIGSEGV)
PT_F40-2_bit_1-200 Test Num : 164
Inject into ../bin/hello
----- Type : 2_bit_1 Pos : PT_F40 -----
There are 1 faults will be injected in faulttable...
100970 microseconds
Fault on PT_F40(0X7fe2c5f09ee0 -> 0X107fe2c5f09ee4)
13 microseconds
[2016-10-27 11:41:50]Process 15759 termed with signal 11(SIGSEGV)
PT_F40-2_bit_1-200 Test Num : 165
Inject into ../bin/hello
----- Type : 2_bit_1 Pos : PT_F40 -----
There are 1 faults will be injected in faulttable...
101177 microseconds
Fault on PT_F40(0X7f42549adee0 -> 0X107f42549adee4)
12 microseconds
[2016-10-27 11:41:50]Process 15761 termed with signal 11(SIGSEGV)
PT_F40-2_bit_1-200 Test Num : 166
Inject into ../bin/hello
----- Type : 2_bit_1 Pos : PT_F40 -----
There are 1 faults will be injected in faulttable...
101076 microseconds
Fault on PT_F40(0X7f072d2f9ee0 -> 0X107f072d2f9ee4)
15 microseconds
[2016-10-27 11:41:50]Process 15763 termed with signal 11(SIGSEGV)
PT_F40-2_bit_1-200 Test Num : 167
Inject into ../bin/hello
----- Type : 2_bit_1 Pos : PT_F40 -----
There are 1 faults will be injected in faulttable...
101202 microseconds
Fault on PT_F40(0X7f8dc52daee0 -> 0X107f8dc52daee4)
19 microseconds
[2016-10-27 11:41:50]Process 15765 termed with signal 11(SIGSEGV)
PT_F40-2_bit_1-200 Test Num : 168
Inject into ../bin/hello
----- Type : 2_bit_1 Pos : PT_F40 -----
There are 1 faults will be injected in faulttable...
100147 microseconds
Fault on PT_F40(0X7f6f3cbfcee0 -> 0X107f6f3cbfcee4)
12 microseconds
[2016-10-27 11:41:50]Process 15767 termed with signal 11(SIGSEGV)
PT_F40-2_bit_1-200 Test Num : 169
Inject into ../bin/hello
----- Type : 2_bit_1 Pos : PT_F40 -----
There are 1 faults will be injected in faulttable...
100085 microseconds
Fault on PT_F40(0X7ff76ae56ee0 -> 0X107ff76ae56ee4)
12 microseconds
[2016-10-27 11:41:50]Process 15769 termed with signal 11(SIGSEGV)
PT_F40-2_bit_1-200 Test Num : 170
Inject into ../bin/hello
----- Type : 2_bit_1 Pos : PT_F40 -----
There are 1 faults will be injected in faulttable...
101123 microseconds
Fault on PT_F40(0X7f517ca0eee0 -> 0X107f517ca0eee4)
17 microseconds
[2016-10-27 11:41:50]Process 15771 termed with signal 11(SIGSEGV)
PT_F40-2_bit_1-200 Test Num : 171
Inject into ../bin/hello
----- Type : 2_bit_1 Pos : PT_F40 -----
There are 1 faults will be injected in faulttable...
100106 microseconds
Fault on PT_F40(0X7ff0ec294ee0 -> 0X107ff0ec294ee4)
13 microseconds
[2016-10-27 11:41:50]Process 15773 termed with signal 11(SIGSEGV)
PT_F40-2_bit_1-200 Test Num : 172
Inject into ../bin/hello
----- Type : 2_bit_1 Pos : PT_F40 -----
There are 1 faults will be injected in faulttable...
101038 microseconds
Fault on PT_F40(0X7f3fafdf2ee0 -> 0X107f3fafdf2ee4)
11 microseconds
[2016-10-27 11:41:50]Process 15775 termed with signal 11(SIGSEGV)
PT_F40-2_bit_1-200 Test Num : 173
Inject into ../bin/hello
----- Type : 2_bit_1 Pos : PT_F40 -----
There are 1 faults will be injected in faulttable...
101009 microseconds
Fault on PT_F40(0X7fec43c68ee0 -> 0X7fec4bc68ee0)
14 microseconds
[2016-10-27 11:41:51]Process 15777 termed with signal 11(SIGSEGV)
PT_F40-2_bit_1-200 Test Num : 174
Inject into ../bin/hello
----- Type : 2_bit_1 Pos : PT_F40 -----
There are 1 faults will be injected in faulttable...
101502 microseconds
Fault on PT_F40(0X7f7eb4018ee0 -> 0X7f7efc018ee0)
18 microseconds
[2016-10-27 11:41:51]Process 15779 termed with signal 11(SIGSEGV)
PT_F40-2_bit_1-200 Test Num : 175
Inject into ../bin/hello
----- Type : 2_bit_1 Pos : PT_F40 -----
There are 1 faults will be injected in faulttable...
101435 microseconds
Fault on PT_F40(0X7fceea899ee0 -> 0X7fceea899ee0)
3000093 microseconds
timeout
[2016-10-27 11:41:54]Process 15781 termed with signal 14(SIGALRM)
PT_F40-2_bit_1-200 Test Num : 176
Inject into ../bin/hello
----- Type : 2_bit_1 Pos : PT_F40 -----
There are 1 faults will be injected in faulttable...
100080 microseconds
Fault on PT_F40(0X7ffb196afee0 -> 0X7ffb196afee0)
3000102 microseconds
timeout
[2016-10-27 11:41:57]Process 15783 termed with signal 14(SIGALRM)
PT_F40-2_bit_1-200 Test Num : 177
Inject into ../bin/hello
----- Type : 2_bit_1 Pos : PT_F40 -----
There are 1 faults will be injected in faulttable...
101058 microseconds
Fault on PT_F40(0X7f79a47eeee0 -> 0X7f79a47eeee0)
3000091 microseconds
timeout
[ 2016-10-27 11:42:0]Process 15785 termed with signal 14(SIGALRM)
PT_F40-2_bit_1-200 Test Num : 178
Inject into ../bin/hello
----- Type : 2_bit_1 Pos : PT_F40 -----
There are 1 faults will be injected in faulttable...
101159 microseconds
Fault on PT_F40(0X7f5799023ee0 -> 0Xff5799023ee0)
15 microseconds
[ 2016-10-27 11:42:0]Process 15787 termed with signal 11(SIGSEGV)
PT_F40-2_bit_1-200 Test Num : 179
Inject into ../bin/hello
----- Type : 2_bit_1 Pos : PT_F40 -----
There are 1 faults will be injected in faulttable...
101476 microseconds
Fault on PT_F40(0X7f2633546ee0 -> 0Xff2633546ee0)
22 microseconds
[ 2016-10-27 11:42:0]Process 15789 termed with signal 11(SIGSEGV)
PT_F40-2_bit_1-200 Test Num : 180
Inject into ../bin/hello
----- Type : 2_bit_1 Pos : PT_F40 -----
There are 1 faults will be injected in faulttable...
101015 microseconds
Fault on PT_F40(0X7f46b3f6dee0 -> 0Xff46b3f6dee0)
18 microseconds
[ 2016-10-27 11:42:0]Process 15791 termed with signal 11(SIGSEGV)
PT_F40-2_bit_1-200 Test Num : 181
Inject into ../bin/hello
----- Type : 2_bit_1 Pos : PT_F40 -----
There are 1 faults will be injected in faulttable...
100939 microseconds
Fault on PT_F40(0X7f4e76371ee0 -> 0Xff4e76371ee0)
15 microseconds
[ 2016-10-27 11:42:0]Process 15793 termed with signal 11(SIGSEGV)
PT_F40-2_bit_1-200 Test Num : 182
Inject into ../bin/hello
----- Type : 2_bit_1 Pos : PT_F40 -----
There are 1 faults will be injected in faulttable...
101311 microseconds
Fault on PT_F40(0X7f03184faee0 -> 0X40007f03184fbee0)
11 microseconds
[ 2016-10-27 11:42:1]Process 15795 termed with signal 11(SIGSEGV)
PT_F40-2_bit_1-200 Test Num : 183
Inject into ../bin/hello
----- Type : 2_bit_1 Pos : PT_F40 -----
There are 1 faults will be injected in faulttable...
101070 microseconds
Fault on PT_F40(0X7f38041a9ee0 -> 0X40007f38041a9ee0)
19 microseconds
[ 2016-10-27 11:42:1]Process 15797 termed with signal 11(SIGSEGV)
PT_F40-2_bit_1-200 Test Num : 184
Inject into ../bin/hello
----- Type : 2_bit_1 Pos : PT_F40 -----
There are 1 faults will be injected in faulttable...
100954 microseconds
Fault on PT_F40(0X7f4adf87fee0 -> 0X40007f4adf87fee0)
18 microseconds
[ 2016-10-27 11:42:1]Process 15799 termed with signal 11(SIGSEGV)
PT_F40-2_bit_1-200 Test Num : 185
Inject into ../bin/hello
----- Type : 2_bit_1 Pos : PT_F40 -----
There are 1 faults will be injected in faulttable...
100933 microseconds
Fault on PT_F40(0X7fc5420e3ee0 -> 0X40007fc5420e3ee0)
16 microseconds
[ 2016-10-27 11:42:1]Process 15801 termed with signal 11(SIGSEGV)
PT_F40-2_bit_1-200 Test Num : 186
Inject into ../bin/hello
----- Type : 2_bit_1 Pos : PT_F40 -----
There are 1 faults will be injected in faulttable...
100923 microseconds
Fault on PT_F40(0X7fd657c1bee0 -> 0X40007fd657c1bee0)
13 microseconds
[ 2016-10-27 11:42:1]Process 15803 termed with signal 11(SIGSEGV)
PT_F40-2_bit_1-200 Test Num : 187
Inject into ../bin/hello
----- Type : 2_bit_1 Pos : PT_F40 -----
There are 1 faults will be injected in faulttable...
101108 microseconds
Fault on PT_F40(0X7fdbf2781ee0 -> 0X40007fdbf2781ee0)
12 microseconds
[ 2016-10-27 11:42:1]Process 15805 termed with signal 11(SIGSEGV)
PT_F40-2_bit_1-200 Test Num : 188
Inject into ../bin/hello
----- Type : 2_bit_1 Pos : PT_F40 -----
There are 1 faults will be injected in faulttable...
101479 microseconds
Fault on PT_F40(0X7faea6193ee0 -> 0X40007faea6193ee0)
18 microseconds
[ 2016-10-27 11:42:1]Process 15807 termed with signal 11(SIGSEGV)
PT_F40-2_bit_1-200 Test Num : 189
Inject into ../bin/hello
----- Type : 2_bit_1 Pos : PT_F40 -----
There are 1 faults will be injected in faulttable...
101377 microseconds
Fault on PT_F40(0X7fafeec8bee0 -> 0X40007fafeec8bee0)
17 microseconds
[ 2016-10-27 11:42:1]Process 15809 termed with signal 11(SIGSEGV)
PT_F40-2_bit_1-200 Test Num : 190
Inject into ../bin/hello
----- Type : 2_bit_1 Pos : PT_F40 -----
There are 1 faults will be injected in faulttable...
101055 microseconds
Fault on PT_F40(0X7f831d452ee0 -> 0X40007f831d453ee0)
14 microseconds
[ 2016-10-27 11:42:1]Process 15811 termed with signal 11(SIGSEGV)
PT_F40-2_bit_1-200 Test Num : 191
Inject into ../bin/hello
----- Type : 2_bit_1 Pos : PT_F40 -----
There are 1 faults will be injected in faulttable...
101457 microseconds
Fault on PT_F40(0X7fabe6ad8ee0 -> 0X7fabe6ad8ee0)
3000060 microseconds
timeout
[ 2016-10-27 11:42:5]Process 15813 termed with signal 14(SIGALRM)
PT_F40-2_bit_1-200 Test Num : 192
Inject into ../bin/hello
----- Type : 2_bit_1 Pos : PT_F40 -----
There are 1 faults will be injected in faulttable...
101054 microseconds
Fault on PT_F40(0X7f8c5f795ee0 -> 0X10ff8c5f795ee0)
10 microseconds
[ 2016-10-27 11:42:5]Process 15815 termed with signal 11(SIGSEGV)
PT_F40-2_bit_1-200 Test Num : 193
Inject into ../bin/hello
----- Type : 2_bit_1 Pos : PT_F40 -----
There are 1 faults will be injected in faulttable...
101053 microseconds
Fault on PT_F40(0X7fb7dac2fee0 -> 0X10ffb7dac2fee0)
15 microseconds
[ 2016-10-27 11:42:5]Process 15817 termed with signal 11(SIGSEGV)
PT_F40-2_bit_1-200 Test Num : 194
Inject into ../bin/hello
----- Type : 2_bit_1 Pos : PT_F40 -----
There are 1 faults will be injected in faulttable...
100077 microseconds
Fault on PT_F40(0X7f32b1cbeee0 -> 0X10ff32b1cbeee0)
13 microseconds
[ 2016-10-27 11:42:5]Process 15819 termed with signal 11(SIGSEGV)
PT_F40-2_bit_1-200 Test Num : 195
Inject into ../bin/hello
----- Type : 2_bit_1 Pos : PT_F40 -----
There are 1 faults will be injected in faulttable...
101143 microseconds
Fault on PT_F40(0X7fb863bd3ee0 -> 0X10ffb863bd3ee0)
14 microseconds
[ 2016-10-27 11:42:5]Process 15828 termed with signal 11(SIGSEGV)
PT_F40-2_bit_1-200 Test Num : 196
Inject into ../bin/hello
----- Type : 2_bit_1 Pos : PT_F40 -----
There are 1 faults will be injected in faulttable...
101058 microseconds
Fault on PT_F40(0X7f92b8115ee0 -> 0X10ff92b8115ee0)
15 microseconds
[ 2016-10-27 11:42:5]Process 15830 termed with signal 11(SIGSEGV)
PT_F40-2_bit_1-200 Test Num : 197
Inject into ../bin/hello
----- Type : 2_bit_1 Pos : PT_F40 -----
There are 1 faults will be injected in faulttable...
101271 microseconds
Fault on PT_F40(0X7f5fc9d48ee0 -> 0X10ff5fc9d48ee0)
14 microseconds
[ 2016-10-27 11:42:5]Process 15832 termed with signal 11(SIGSEGV)
PT_F40-2_bit_1-200 Test Num : 198
Inject into ../bin/hello
----- Type : 2_bit_1 Pos : PT_F40 -----
There are 1 faults will be injected in faulttable...
101134 microseconds
Fault on PT_F40(0X7f953b372ee0 -> 0X10ff953b372ee0)
15 microseconds
[ 2016-10-27 11:42:5]Process 15834 termed with signal 11(SIGSEGV)
PT_F40-2_bit_1-200 Test Num : 199
Inject into ../bin/hello
----- Type : 2_bit_1 Pos : PT_F40 -----
There are 1 faults will be injected in faulttable...
101376 microseconds
Fault on PT_F40(0X7f3e01105ee0 -> 0X10ff3e01105ee0)
14 microseconds
[ 2016-10-27 11:42:5]Process 15836 termed with signal 11(SIGSEGV)
PT_F40-2_bit_1-200 Test Num : 200
Inject into ../bin/hello
----- Type : 2_bit_1 Pos : PT_F40 -----
There are 1 faults will be injected in faulttable...
102659 microseconds
Fault on PT_F40(0X7efcc952aee0 -> 0X7efccd52aee0)
13 microseconds
[ 2016-10-27 11:42:6]Process 15838 termed with signal 11(SIGSEGV)
