PT_F40-1_bit_0-200 Test Num : 1
Inject into ../bin/hello
----- Type : 1_bit_0 Pos : PT_F40 -----
There are 1 faults will be injected in faulttable...
101254 microseconds
Fault on PT_F40(0X7ff2910abee0 -> 0X7ff2910abee0)
3000109 microseconds
timeout
[2016-10-27 11:33:28]Process 13812 termed with signal 14(SIGALRM)
PT_F40-1_bit_0-200 Test Num : 2
Inject into ../bin/hello
----- Type : 1_bit_0 Pos : PT_F40 -----
There are 1 faults will be injected in faulttable...
101114 microseconds
Fault on PT_F40(0X7f027b9b9ee0 -> 0X7f027b9b9ee0)
3000145 microseconds
timeout
[2016-10-27 11:33:32]Process 13814 termed with signal 14(SIGALRM)
PT_F40-1_bit_0-200 Test Num : 3
Inject into ../bin/hello
----- Type : 1_bit_0 Pos : PT_F40 -----
There are 1 faults will be injected in faulttable...
101038 microseconds
Fault on PT_F40(0X7f4762756ee0 -> 0X7f4762756ee0)
3000079 microseconds
timeout
[2016-10-27 11:33:35]Process 13816 termed with signal 14(SIGALRM)
PT_F40-1_bit_0-200 Test Num : 4
Inject into ../bin/hello
----- Type : 1_bit_0 Pos : PT_F40 -----
There are 1 faults will be injected in faulttable...
101119 microseconds
Fault on PT_F40(0X7ff5307acee0 -> 0X7f75307acee0)
21 microseconds
[2016-10-27 11:33:35]Process 13818 termed with signal 11(SIGSEGV)
PT_F40-1_bit_0-200 Test Num : 5
Inject into ../bin/hello
----- Type : 1_bit_0 Pos : PT_F40 -----
There are 1 faults will be injected in faulttable...
101093 microseconds
Fault on PT_F40(0X7effab0f7ee0 -> 0X7e7fab0f7ee0)
14 microseconds
[2016-10-27 11:33:35]Process 13820 termed with signal 11(SIGSEGV)
PT_F40-1_bit_0-200 Test Num : 6
Inject into ../bin/hello
----- Type : 1_bit_0 Pos : PT_F40 -----
There are 1 faults will be injected in faulttable...
100073 microseconds
Fault on PT_F40(0X7f2898eecee0 -> 0X7f2898eecee0)
3000061 microseconds
timeout
[2016-10-27 11:33:38]Process 13822 termed with signal 14(SIGALRM)
PT_F40-1_bit_0-200 Test Num : 7
Inject into ../bin/hello
----- Type : 1_bit_0 Pos : PT_F40 -----
There are 1 faults will be injected in faulttable...
101778 microseconds
Fault on PT_F40(0X7f7f0bc7aee0 -> 0X7f7f0bc7aee0)
3000074 microseconds
timeout
[2016-10-27 11:33:41]Process 13824 termed with signal 14(SIGALRM)
PT_F40-1_bit_0-200 Test Num : 8
Inject into ../bin/hello
----- Type : 1_bit_0 Pos : PT_F40 -----
There are 1 faults will be injected in faulttable...
101150 microseconds
Fault on PT_F40(0X7fcd17a72ee0 -> 0X7fcd17a72ee0)
3000110 microseconds
timeout
[2016-10-27 11:33:44]Process 13826 termed with signal 14(SIGALRM)
PT_F40-1_bit_0-200 Test Num : 9
Inject into ../bin/hello
----- Type : 1_bit_0 Pos : PT_F40 -----
There are 1 faults will be injected in faulttable...
101082 microseconds
Fault on PT_F40(0X7ff917cf0ee0 -> 0X7ff917cf0ee0)
3000117 microseconds
timeout
[2016-10-27 11:33:47]Process 13828 termed with signal 14(SIGALRM)
PT_F40-1_bit_0-200 Test Num : 10
Inject into ../bin/hello
----- Type : 1_bit_0 Pos : PT_F40 -----
There are 1 faults will be injected in faulttable...
101152 microseconds
Fault on PT_F40(0X7fed30adbee0 -> 0X7fed30adbee0)
3000117 microseconds
timeout
[2016-10-27 11:33:50]Process 13830 termed with signal 14(SIGALRM)
PT_F40-1_bit_0-200 Test Num : 11
Inject into ../bin/hello
----- Type : 1_bit_0 Pos : PT_F40 -----
There are 1 faults will be injected in faulttable...
100089 microseconds
Fault on PT_F40(0X7fc56e9e1ee0 -> 0X7fc56e9e1ee0)
3000095 microseconds
timeout
[2016-10-27 11:33:54]Process 13832 termed with signal 14(SIGALRM)
PT_F40-1_bit_0-200 Test Num : 12
Inject into ../bin/hello
----- Type : 1_bit_0 Pos : PT_F40 -----
There are 1 faults will be injected in faulttable...
101069 microseconds
Fault on PT_F40(0X7fc056bb2ee0 -> 0X7fc056bb2ee0)
3000082 microseconds
timeout
[2016-10-27 11:33:57]Process 13839 termed with signal 14(SIGALRM)
PT_F40-1_bit_0-200 Test Num : 13
Inject into ../bin/hello
----- Type : 1_bit_0 Pos : PT_F40 -----
There are 1 faults will be injected in faulttable...
100073 microseconds
Fault on PT_F40(0X7f0f1e449ee0 -> 0X7f0d1e449ee0)
14 microseconds
[2016-10-27 11:33:57]Process 13841 termed with signal 11(SIGSEGV)
PT_F40-1_bit_0-200 Test Num : 14
Inject into ../bin/hello
----- Type : 1_bit_0 Pos : PT_F40 -----
There are 1 faults will be injected in faulttable...
101044 microseconds
Fault on PT_F40(0X7fae07497ee0 -> 0X7fac07497ee0)
14 microseconds
[2016-10-27 11:33:57]Process 13843 termed with signal 11(SIGSEGV)
PT_F40-1_bit_0-200 Test Num : 15
Inject into ../bin/hello
----- Type : 1_bit_0 Pos : PT_F40 -----
There are 1 faults will be injected in faulttable...
101149 microseconds
Fault on PT_F40(0X7f26055a3ee0 -> 0X7f24055a3ee0)
16 microseconds
[2016-10-27 11:33:57]Process 13845 termed with signal 11(SIGSEGV)
PT_F40-1_bit_0-200 Test Num : 16
Inject into ../bin/hello
----- Type : 1_bit_0 Pos : PT_F40 -----
There are 1 faults will be injected in faulttable...
101143 microseconds
Fault on PT_F40(0X7fd66bfb0ee0 -> 0X7fd46bfb0ee0)
16 microseconds
[2016-10-27 11:33:57]Process 13847 termed with signal 11(SIGSEGV)
PT_F40-1_bit_0-200 Test Num : 17
Inject into ../bin/hello
----- Type : 1_bit_0 Pos : PT_F40 -----
There are 1 faults will be injected in faulttable...
100261 microseconds
Fault on PT_F40(0X7f976e6a5ee0 -> 0X7f956e6a5ee0)
14 microseconds
[2016-10-27 11:33:57]Process 13849 termed with signal 11(SIGSEGV)
PT_F40-1_bit_0-200 Test Num : 18
Inject into ../bin/hello
----- Type : 1_bit_0 Pos : PT_F40 -----
There are 1 faults will be injected in faulttable...
101110 microseconds
Fault on PT_F40(0X7f9c6e772ee0 -> 0X7f9c6e772ee0)
3000097 microseconds
timeout
[ 2016-10-27 11:34:0]Process 13851 termed with signal 14(SIGALRM)
PT_F40-1_bit_0-200 Test Num : 19
Inject into ../bin/hello
----- Type : 1_bit_0 Pos : PT_F40 -----
There are 1 faults will be injected in faulttable...
101272 microseconds
Fault on PT_F40(0X7f3726a82ee0 -> 0X7f3726a82ee0)
3000102 microseconds
timeout
[ 2016-10-27 11:34:3]Process 13853 termed with signal 14(SIGALRM)
PT_F40-1_bit_0-200 Test Num : 20
Inject into ../bin/hello
----- Type : 1_bit_0 Pos : PT_F40 -----
There are 1 faults will be injected in faulttable...
100092 microseconds
Fault on PT_F40(0X7fcd5994dee0 -> 0X7ecd5994dee0)
14 microseconds
[ 2016-10-27 11:34:3]Process 13855 termed with signal 11(SIGSEGV)
PT_F40-1_bit_0-200 Test Num : 21
Inject into ../bin/hello
----- Type : 1_bit_0 Pos : PT_F40 -----
There are 1 faults will be injected in faulttable...
101171 microseconds
Fault on PT_F40(0X7fa5337d6ee0 -> 0X7fa5337d6ee0)
3000080 microseconds
timeout
[ 2016-10-27 11:34:7]Process 13857 termed with signal 14(SIGALRM)
PT_F40-1_bit_0-200 Test Num : 22
Inject into ../bin/hello
----- Type : 1_bit_0 Pos : PT_F40 -----
There are 1 faults will be injected in faulttable...
101164 microseconds
Fault on PT_F40(0X7fcbd7e60ee0 -> 0X7fcbd7e60ee0)
3000136 microseconds
timeout
[2016-10-27 11:34:10]Process 13859 termed with signal 14(SIGALRM)
PT_F40-1_bit_0-200 Test Num : 23
Inject into ../bin/hello
----- Type : 1_bit_0 Pos : PT_F40 -----
There are 1 faults will be injected in faulttable...
101220 microseconds
Fault on PT_F40(0X7f9fcdb83ee0 -> 0X7f9fcdb83ee0)
3000085 microseconds
timeout
[2016-10-27 11:34:13]Process 13861 termed with signal 14(SIGALRM)
PT_F40-1_bit_0-200 Test Num : 24
Inject into ../bin/hello
----- Type : 1_bit_0 Pos : PT_F40 -----
There are 1 faults will be injected in faulttable...
100082 microseconds
Fault on PT_F40(0X7f643c2b5ee0 -> 0X7f643c2b5ee0)
3000090 microseconds
timeout
[2016-10-27 11:34:16]Process 13863 termed with signal 14(SIGALRM)
PT_F40-1_bit_0-200 Test Num : 25
Inject into ../bin/hello
----- Type : 1_bit_0 Pos : PT_F40 -----
There are 1 faults will be injected in faulttable...
101170 microseconds
Fault on PT_F40(0X7f2cc2869ee0 -> 0X7f2cc2869ee0)
3000200 microseconds
timeout
[2016-10-27 11:34:19]Process 13881 termed with signal 14(SIGALRM)
PT_F40-1_bit_0-200 Test Num : 26
Inject into ../bin/hello
----- Type : 1_bit_0 Pos : PT_F40 -----
There are 1 faults will be injected in faulttable...
101108 microseconds
Fault on PT_F40(0X7f8143b93ee0 -> 0X7f8043b93ee0)
18 microseconds
[2016-10-27 11:34:19]Process 13954 termed with signal 11(SIGSEGV)
PT_F40-1_bit_0-200 Test Num : 27
Inject into ../bin/hello
----- Type : 1_bit_0 Pos : PT_F40 -----
There are 1 faults will be injected in faulttable...
100947 microseconds
Fault on PT_F40(0X7fd919671ee0 -> 0X7fd819671ee0)
14 microseconds
[2016-10-27 11:34:19]Process 13956 termed with signal 11(SIGSEGV)
PT_F40-1_bit_0-200 Test Num : 28
Inject into ../bin/hello
----- Type : 1_bit_0 Pos : PT_F40 -----
There are 1 faults will be injected in faulttable...
100997 microseconds
Fault on PT_F40(0X7fac1ff6dee0 -> 0X7fac1ff6dee0)
3000080 microseconds
timeout
[2016-10-27 11:34:22]Process 13958 termed with signal 14(SIGALRM)
PT_F40-1_bit_0-200 Test Num : 29
Inject into ../bin/hello
----- Type : 1_bit_0 Pos : PT_F40 -----
There are 1 faults will be injected in faulttable...
101018 microseconds
Fault on PT_F40(0X7feb3336cee0 -> 0X7feb3336cee0)
3000066 microseconds
timeout
[2016-10-27 11:34:25]Process 14078 termed with signal 14(SIGALRM)
PT_F40-1_bit_0-200 Test Num : 30
Inject into ../bin/hello
----- Type : 1_bit_0 Pos : PT_F40 -----
There are 1 faults will be injected in faulttable...
101221 microseconds
Fault on PT_F40(0X7fedf7a14ee0 -> 0X7fedf7a14ee0)
3000067 microseconds
timeout
[2016-10-27 11:34:29]Process 14085 termed with signal 14(SIGALRM)
PT_F40-1_bit_0-200 Test Num : 31
Inject into ../bin/hello
----- Type : 1_bit_0 Pos : PT_F40 -----
There are 1 faults will be injected in faulttable...
101160 microseconds
Fault on PT_F40(0X7feb27677ee0 -> 0X7feb27677ee0)
3000072 microseconds
timeout
[2016-10-27 11:34:32]Process 14087 termed with signal 14(SIGALRM)
PT_F40-1_bit_0-200 Test Num : 32
Inject into ../bin/hello
----- Type : 1_bit_0 Pos : PT_F40 -----
There are 1 faults will be injected in faulttable...
101113 microseconds
Fault on PT_F40(0X7f39f60deee0 -> 0X7f39f60deee0)
3000108 microseconds
timeout
[2016-10-27 11:34:35]Process 14089 termed with signal 14(SIGALRM)
PT_F40-1_bit_0-200 Test Num : 33
Inject into ../bin/hello
----- Type : 1_bit_0 Pos : PT_F40 -----
There are 1 faults will be injected in faulttable...
101327 microseconds
Fault on PT_F40(0X7f0d12dcbee0 -> 0X7f0d12dcbec0)
26 microseconds
[2016-10-27 11:34:35]Process 14091 termed with signal 4(SIGILL)
PT_F40-1_bit_0-200 Test Num : 34
Inject into ../bin/hello
----- Type : 1_bit_0 Pos : PT_F40 -----
There are 1 faults will be injected in faulttable...
101220 microseconds
Fault on PT_F40(0X7f5d4152cee0 -> 0X7f5d4152cec0)
24 microseconds
[2016-10-27 11:34:35]Process 14093 termed with signal 4(SIGILL)
PT_F40-1_bit_0-200 Test Num : 35
Inject into ../bin/hello
----- Type : 1_bit_0 Pos : PT_F40 -----
There are 1 faults will be injected in faulttable...
101261 microseconds
Fault on PT_F40(0X7f64cb961ee0 -> 0X7f64cb961ec0)
35 microseconds
[2016-10-27 11:34:35]Process 14095 termed with signal 4(SIGILL)
PT_F40-1_bit_0-200 Test Num : 36
Inject into ../bin/hello
----- Type : 1_bit_0 Pos : PT_F40 -----
There are 1 faults will be injected in faulttable...
101786 microseconds
Fault on PT_F40(0X7f66c186fee0 -> 0X7f66c186fec0)
44 microseconds
[2016-10-27 11:34:35]Process 14097 termed with signal 4(SIGILL)
PT_F40-1_bit_0-200 Test Num : 37
Inject into ../bin/hello
----- Type : 1_bit_0 Pos : PT_F40 -----
There are 1 faults will be injected in faulttable...
101082 microseconds
Fault on PT_F40(0X7f10ca0f6ee0 -> 0X7f10ca0f6ec0)
20 microseconds
[2016-10-27 11:34:35]Process 14099 termed with signal 4(SIGILL)
PT_F40-1_bit_0-200 Test Num : 38
Inject into ../bin/hello
----- Type : 1_bit_0 Pos : PT_F40 -----
There are 1 faults will be injected in faulttable...
100924 microseconds
Fault on PT_F40(0X7f142f480ee0 -> 0X7f142f480ec0)
25 microseconds
[2016-10-27 11:34:35]Process 14101 termed with signal 4(SIGILL)
PT_F40-1_bit_0-200 Test Num : 39
Inject into ../bin/hello
----- Type : 1_bit_0 Pos : PT_F40 -----
There are 1 faults will be injected in faulttable...
101144 microseconds
Fault on PT_F40(0X7eff0afbeee0 -> 0X5eff0afbeee0)
16 microseconds
[2016-10-27 11:34:36]Process 14103 termed with signal 11(SIGSEGV)
PT_F40-1_bit_0-200 Test Num : 40
Inject into ../bin/hello
----- Type : 1_bit_0 Pos : PT_F40 -----
There are 1 faults will be injected in faulttable...
101285 microseconds
Fault on PT_F40(0X7f31824bcee0 -> 0X5f31824bcee0)
21 microseconds
[2016-10-27 11:34:36]Process 14105 termed with signal 11(SIGSEGV)
PT_F40-1_bit_0-200 Test Num : 41
Inject into ../bin/hello
----- Type : 1_bit_0 Pos : PT_F40 -----
There are 1 faults will be injected in faulttable...
101498 microseconds
Fault on PT_F40(0X7f2a51a70ee0 -> 0X5f2a51a70ee0)
10 microseconds
[2016-10-27 11:34:36]Process 14107 termed with signal 11(SIGSEGV)
PT_F40-1_bit_0-200 Test Num : 42
Inject into ../bin/hello
----- Type : 1_bit_0 Pos : PT_F40 -----
There are 1 faults will be injected in faulttable...
100950 microseconds
Fault on PT_F40(0X7fd863556ee0 -> 0X5fd863556ee0)
21 microseconds
[2016-10-27 11:34:36]Process 14109 termed with signal 11(SIGSEGV)
PT_F40-1_bit_0-200 Test Num : 43
Inject into ../bin/hello
----- Type : 1_bit_0 Pos : PT_F40 -----
There are 1 faults will be injected in faulttable...
101038 microseconds
Fault on PT_F40(0X7fbda4926ee0 -> 0X5fbda4926ee0)
21 microseconds
[2016-10-27 11:34:36]Process 14111 termed with signal 11(SIGSEGV)
PT_F40-1_bit_0-200 Test Num : 44
Inject into ../bin/hello
----- Type : 1_bit_0 Pos : PT_F40 -----
There are 1 faults will be injected in faulttable...
102022 microseconds
Fault on PT_F40(0X7f547729bee0 -> 0X5f547729bee0)
22 microseconds
[2016-10-27 11:34:36]Process 14113 termed with signal 11(SIGSEGV)
PT_F40-1_bit_0-200 Test Num : 45
Inject into ../bin/hello
----- Type : 1_bit_0 Pos : PT_F40 -----
There are 1 faults will be injected in faulttable...
101318 microseconds
Fault on PT_F40(0X7f3aa1c4aee0 -> 0X5f3aa1c4aee0)
20 microseconds
[2016-10-27 11:34:36]Process 14115 termed with signal 11(SIGSEGV)
PT_F40-1_bit_0-200 Test Num : 46
Inject into ../bin/hello
----- Type : 1_bit_0 Pos : PT_F40 -----
There are 1 faults will be injected in faulttable...
100966 microseconds
Fault on PT_F40(0X7f917ad12ee0 -> 0X5f917ad12ee0)
18 microseconds
[2016-10-27 11:34:36]Process 14117 termed with signal 11(SIGSEGV)
PT_F40-1_bit_0-200 Test Num : 47
Inject into ../bin/hello
----- Type : 1_bit_0 Pos : PT_F40 -----
There are 1 faults will be injected in faulttable...
101138 microseconds
Fault on PT_F40(0X7f6d20859ee0 -> 0X5f6d20859ee0)
17 microseconds
[2016-10-27 11:34:36]Process 14119 termed with signal 11(SIGSEGV)
PT_F40-1_bit_0-200 Test Num : 48
Inject into ../bin/hello
----- Type : 1_bit_0 Pos : PT_F40 -----
There are 1 faults will be injected in faulttable...
101256 microseconds
Fault on PT_F40(0X7f8cea475ee0 -> 0X7f8caa475ee0)
22 microseconds
[2016-10-27 11:34:37]Process 14121 termed with signal 11(SIGSEGV)
PT_F40-1_bit_0-200 Test Num : 49
Inject into ../bin/hello
----- Type : 1_bit_0 Pos : PT_F40 -----
There are 1 faults will be injected in faulttable...
101272 microseconds
Fault on PT_F40(0X7f191a3deee0 -> 0X7f191a3deee0)
3000072 microseconds
timeout
[2016-10-27 11:34:40]Process 14123 termed with signal 14(SIGALRM)
PT_F40-1_bit_0-200 Test Num : 50
Inject into ../bin/hello
----- Type : 1_bit_0 Pos : PT_F40 -----
There are 1 faults will be injected in faulttable...
101175 microseconds
Fault on PT_F40(0X7fb29499dee0 -> 0X7eb29499dee0)
11 microseconds
[2016-10-27 11:34:40]Process 14125 termed with signal 11(SIGSEGV)
PT_F40-1_bit_0-200 Test Num : 51
Inject into ../bin/hello
----- Type : 1_bit_0 Pos : PT_F40 -----
There are 1 faults will be injected in faulttable...
100981 microseconds
Fault on PT_F40(0X7f7f0ae06ee0 -> 0X7e7f0ae06ee0)
14 microseconds
[2016-10-27 11:34:40]Process 14127 termed with signal 11(SIGSEGV)
PT_F40-1_bit_0-200 Test Num : 52
Inject into ../bin/hello
----- Type : 1_bit_0 Pos : PT_F40 -----
There are 1 faults will be injected in faulttable...
101363 microseconds
Fault on PT_F40(0X7f95da2c6ee0 -> 0X7e95da2c6ee0)
22 microseconds
[2016-10-27 11:34:40]Process 14129 termed with signal 11(SIGSEGV)
PT_F40-1_bit_0-200 Test Num : 53
Inject into ../bin/hello
----- Type : 1_bit_0 Pos : PT_F40 -----
There are 1 faults will be injected in faulttable...
101382 microseconds
Fault on PT_F40(0X7fc75b31bee0 -> 0X7ec75b31bee0)
12 microseconds
[2016-10-27 11:34:40]Process 14131 termed with signal 11(SIGSEGV)
PT_F40-1_bit_0-200 Test Num : 54
Inject into ../bin/hello
----- Type : 1_bit_0 Pos : PT_F40 -----
There are 1 faults will be injected in faulttable...
101040 microseconds
Fault on PT_F40(0X7fccc8116ee0 -> 0X7eccc8116ee0)
15 microseconds
[2016-10-27 11:34:40]Process 14133 termed with signal 11(SIGSEGV)
PT_F40-1_bit_0-200 Test Num : 55
Inject into ../bin/hello
----- Type : 1_bit_0 Pos : PT_F40 -----
There are 1 faults will be injected in faulttable...
100981 microseconds
Fault on PT_F40(0X7f2e6197eee0 -> 0X7e2e6197eee0)
20 microseconds
[2016-10-27 11:34:40]Process 14135 termed with signal 11(SIGSEGV)
PT_F40-1_bit_0-200 Test Num : 56
Inject into ../bin/hello
----- Type : 1_bit_0 Pos : PT_F40 -----
There are 1 faults will be injected in faulttable...
100246 microseconds
Fault on PT_F40(0X7fbe26883ee0 -> 0X7ebe26883ee0)
15 microseconds
[2016-10-27 11:34:40]Process 14137 termed with signal 11(SIGSEGV)
PT_F40-1_bit_0-200 Test Num : 57
Inject into ../bin/hello
----- Type : 1_bit_0 Pos : PT_F40 -----
There are 1 faults will be injected in faulttable...
101322 microseconds
Fault on PT_F40(0X7fc2825c9ee0 -> 0X7fc2825c9ea0)
24 microseconds
[2016-10-27 11:34:41]Process 14139 termed with signal 11(SIGSEGV)
PT_F40-1_bit_0-200 Test Num : 58
Inject into ../bin/hello
----- Type : 1_bit_0 Pos : PT_F40 -----
There are 1 faults will be injected in faulttable...
101059 microseconds
Fault on PT_F40(0X7f6d8cf4cee0 -> 0X7f6d8cf4cea0)
22 microseconds
[2016-10-27 11:34:41]Process 14141 termed with signal 11(SIGSEGV)
PT_F40-1_bit_0-200 Test Num : 59
Inject into ../bin/hello
----- Type : 1_bit_0 Pos : PT_F40 -----
There are 1 faults will be injected in faulttable...
100943 microseconds
Fault on PT_F40(0X7ff034787ee0 -> 0X7ff034787ea0)
23 microseconds
[2016-10-27 11:34:41]Process 14143 termed with signal 11(SIGSEGV)
PT_F40-1_bit_0-200 Test Num : 60
Inject into ../bin/hello
----- Type : 1_bit_0 Pos : PT_F40 -----
There are 1 faults will be injected in faulttable...
101044 microseconds
Fault on PT_F40(0X7f0c02a9fee0 -> 0X7f0c02a9fea0)
18 microseconds
[2016-10-27 11:34:41]Process 14145 termed with signal 11(SIGSEGV)
PT_F40-1_bit_0-200 Test Num : 61
Inject into ../bin/hello
----- Type : 1_bit_0 Pos : PT_F40 -----
There are 1 faults will be injected in faulttable...
101082 microseconds
Fault on PT_F40(0X7f2fa105dee0 -> 0X7f2fa105dea0)
23 microseconds
[2016-10-27 11:34:41]Process 14147 termed with signal 11(SIGSEGV)
PT_F40-1_bit_0-200 Test Num : 62
Inject into ../bin/hello
----- Type : 1_bit_0 Pos : PT_F40 -----
There are 1 faults will be injected in faulttable...
101444 microseconds
Fault on PT_F40(0X7f35d615bee0 -> 0X7f35d615bea0)
20 microseconds
[2016-10-27 11:34:41]Process 14149 termed with signal 11(SIGSEGV)
PT_F40-1_bit_0-200 Test Num : 63
Inject into ../bin/hello
----- Type : 1_bit_0 Pos : PT_F40 -----
There are 1 faults will be injected in faulttable...
100985 microseconds
Fault on PT_F40(0X7efc3867eee0 -> 0X7efc3867eea0)
22 microseconds
[2016-10-27 11:34:41]Process 14151 termed with signal 11(SIGSEGV)
PT_F40-1_bit_0-200 Test Num : 64
Inject into ../bin/hello
----- Type : 1_bit_0 Pos : PT_F40 -----
There are 1 faults will be injected in faulttable...
100967 microseconds
Fault on PT_F40(0X7fa9e79d8ee0 -> 0X7fa9e79d8ea0)
16 microseconds
[2016-10-27 11:34:41]Process 14153 termed with signal 11(SIGSEGV)
PT_F40-1_bit_0-200 Test Num : 65
Inject into ../bin/hello
----- Type : 1_bit_0 Pos : PT_F40 -----
There are 1 faults will be injected in faulttable...
101135 microseconds
Fault on PT_F40(0X7f194dab7ee0 -> 0X7f194dab7ea0)
32 microseconds
[2016-10-27 11:34:41]Process 14155 termed with signal 11(SIGSEGV)
PT_F40-1_bit_0-200 Test Num : 66
Inject into ../bin/hello
----- Type : 1_bit_0 Pos : PT_F40 -----
There are 1 faults will be injected in faulttable...
101523 microseconds
Fault on PT_F40(0X7f7aba427ee0 -> 0X7f7aba427ea0)
16 microseconds
[2016-10-27 11:34:42]Process 14157 termed with signal 11(SIGSEGV)
PT_F40-1_bit_0-200 Test Num : 67
Inject into ../bin/hello
----- Type : 1_bit_0 Pos : PT_F40 -----
There are 1 faults will be injected in faulttable...
101057 microseconds
Fault on PT_F40(0X7fa04ee9aee0 -> 0X7fa04ee9aea0)
22 microseconds
[2016-10-27 11:34:42]Process 14159 termed with signal 11(SIGSEGV)
PT_F40-1_bit_0-200 Test Num : 68
Inject into ../bin/hello
----- Type : 1_bit_0 Pos : PT_F40 -----
There are 1 faults will be injected in faulttable...
100104 microseconds
Fault on PT_F40(0X7fd4f772dee0 -> 0X7fd4f772dea0)
22 microseconds
[2016-10-27 11:34:42]Process 14161 termed with signal 11(SIGSEGV)
PT_F40-1_bit_0-200 Test Num : 69
Inject into ../bin/hello
----- Type : 1_bit_0 Pos : PT_F40 -----
There are 1 faults will be injected in faulttable...
100977 microseconds
Fault on PT_F40(0X7f8a9a8d6ee0 -> 0X7f8a9a8d6ea0)
22 microseconds
[2016-10-27 11:34:42]Process 14163 termed with signal 11(SIGSEGV)
PT_F40-1_bit_0-200 Test Num : 70
Inject into ../bin/hello
----- Type : 1_bit_0 Pos : PT_F40 -----
There are 1 faults will be injected in faulttable...
100935 microseconds
Fault on PT_F40(0X7f80b5a35ee0 -> 0X7f80b5a35ea0)
19 microseconds
[2016-10-27 11:34:42]Process 14165 termed with signal 11(SIGSEGV)
PT_F40-1_bit_0-200 Test Num : 71
Inject into ../bin/hello
----- Type : 1_bit_0 Pos : PT_F40 -----
There are 1 faults will be injected in faulttable...
100081 microseconds
Fault on PT_F40(0X7efe14bfdee0 -> 0X7efe14bfdea0)
14 microseconds
[2016-10-27 11:34:42]Process 14167 termed with signal 11(SIGSEGV)
PT_F40-1_bit_0-200 Test Num : 72
Inject into ../bin/hello
----- Type : 1_bit_0 Pos : PT_F40 -----
There are 1 faults will be injected in faulttable...
100162 microseconds
Fault on PT_F40(0X7f617261bee0 -> 0X7f617261bea0)
22 microseconds
[2016-10-27 11:34:42]Process 14169 termed with signal 11(SIGSEGV)
PT_F40-1_bit_0-200 Test Num : 73
Inject into ../bin/hello
----- Type : 1_bit_0 Pos : PT_F40 -----
There are 1 faults will be injected in faulttable...
101276 microseconds
Fault on PT_F40(0X7fe8b7f80ee0 -> 0X7fe8b7f80ea0)
22 microseconds
[2016-10-27 11:34:42]Process 14171 termed with signal 11(SIGSEGV)
PT_F40-1_bit_0-200 Test Num : 74
Inject into ../bin/hello
----- Type : 1_bit_0 Pos : PT_F40 -----
There are 1 faults will be injected in faulttable...
101092 microseconds
Fault on PT_F40(0X7f5b1486eee0 -> 0X7f5b1486eea0)
23 microseconds
[2016-10-27 11:34:42]Process 14173 termed with signal 11(SIGSEGV)
PT_F40-1_bit_0-200 Test Num : 75
Inject into ../bin/hello
----- Type : 1_bit_0 Pos : PT_F40 -----
There are 1 faults will be injected in faulttable...
101017 microseconds
Fault on PT_F40(0X7f54a4771ee0 -> 0X7f54a4770ee0)
36 microseconds
[2016-10-27 11:34:43]Process 14175 termed with signal 4(SIGILL)
PT_F40-1_bit_0-200 Test Num : 76
Inject into ../bin/hello
----- Type : 1_bit_0 Pos : PT_F40 -----
There are 1 faults will be injected in faulttable...
101260 microseconds
Fault on PT_F40(0X7ffa13488ee0 -> 0X7ffa13488ee0)
3000101 microseconds
timeout
[2016-10-27 11:34:46]Process 14177 termed with signal 14(SIGALRM)
PT_F40-1_bit_0-200 Test Num : 77
Inject into ../bin/hello
----- Type : 1_bit_0 Pos : PT_F40 -----
There are 1 faults will be injected in faulttable...
101146 microseconds
Fault on PT_F40(0X7efd1c245ee0 -> 0X7efd1c245ee0)
3000085 microseconds
timeout
[2016-10-27 11:34:49]Process 14179 termed with signal 14(SIGALRM)
PT_F40-1_bit_0-200 Test Num : 78
Inject into ../bin/hello
----- Type : 1_bit_0 Pos : PT_F40 -----
There are 1 faults will be injected in faulttable...
100922 microseconds
Fault on PT_F40(0X7fd2afb62ee0 -> 0X7fd2afb62ee0)
3000082 microseconds
timeout
[2016-10-27 11:34:52]Process 14181 termed with signal 14(SIGALRM)
PT_F40-1_bit_0-200 Test Num : 79
Inject into ../bin/hello
----- Type : 1_bit_0 Pos : PT_F40 -----
There are 1 faults will be injected in faulttable...
101241 microseconds
Fault on PT_F40(0X7f270fbb4ee0 -> 0X7f070fbb4ee0)
20 microseconds
[2016-10-27 11:34:52]Process 14188 termed with signal 11(SIGSEGV)
PT_F40-1_bit_0-200 Test Num : 80
Inject into ../bin/hello
----- Type : 1_bit_0 Pos : PT_F40 -----
There are 1 faults will be injected in faulttable...
101073 microseconds
Fault on PT_F40(0X7f854209cee0 -> 0X7f854209cee0)
3000085 microseconds
timeout
[2016-10-27 11:34:55]Process 14190 termed with signal 14(SIGALRM)
PT_F40-1_bit_0-200 Test Num : 81
Inject into ../bin/hello
----- Type : 1_bit_0 Pos : PT_F40 -----
There are 1 faults will be injected in faulttable...
101287 microseconds
Fault on PT_F40(0X7ff1c485bee0 -> 0X7ff1c481bee0)
12 microseconds
[2016-10-27 11:34:55]Process 14192 termed with signal 11(SIGSEGV)
PT_F40-1_bit_0-200 Test Num : 82
Inject into ../bin/hello
----- Type : 1_bit_0 Pos : PT_F40 -----
There are 1 faults will be injected in faulttable...
100093 microseconds
Fault on PT_F40(0X7fe827a42ee0 -> 0X7fe827a02ee0)
13 microseconds
[2016-10-27 11:34:55]Process 14194 termed with signal 11(SIGSEGV)
PT_F40-1_bit_0-200 Test Num : 83
Inject into ../bin/hello
----- Type : 1_bit_0 Pos : PT_F40 -----
There are 1 faults will be injected in faulttable...
101414 microseconds
Fault on PT_F40(0X7f8beae29ee0 -> 0X7f8beae29ee0)
3000086 microseconds
timeout
[2016-10-27 11:34:58]Process 14196 termed with signal 14(SIGALRM)
PT_F40-1_bit_0-200 Test Num : 84
Inject into ../bin/hello
----- Type : 1_bit_0 Pos : PT_F40 -----
There are 1 faults will be injected in faulttable...
101020 microseconds
Fault on PT_F40(0X7f8a4f41aee0 -> 0X7f8a4f41aee0)
3000106 microseconds
timeout
[ 2016-10-27 11:35:2]Process 14208 termed with signal 14(SIGALRM)
PT_F40-1_bit_0-200 Test Num : 85
Inject into ../bin/hello
----- Type : 1_bit_0 Pos : PT_F40 -----
There are 1 faults will be injected in faulttable...
101156 microseconds
Fault on PT_F40(0X7f82fd682ee0 -> 0X7f80fd682ee0)
23 microseconds
[ 2016-10-27 11:35:2]Process 14219 termed with signal 11(SIGSEGV)
PT_F40-1_bit_0-200 Test Num : 86
Inject into ../bin/hello
----- Type : 1_bit_0 Pos : PT_F40 -----
There are 1 faults will be injected in faulttable...
101634 microseconds
Fault on PT_F40(0X7fb2d71e0ee0 -> 0X7fb0d71e0ee0)
22 microseconds
[ 2016-10-27 11:35:2]Process 14221 termed with signal 11(SIGSEGV)
PT_F40-1_bit_0-200 Test Num : 87
Inject into ../bin/hello
----- Type : 1_bit_0 Pos : PT_F40 -----
There are 1 faults will be injected in faulttable...
101658 microseconds
Fault on PT_F40(0X7ff04ec42ee0 -> 0X7ff04ec42ee0)
3000097 microseconds
timeout
[ 2016-10-27 11:35:5]Process 14223 termed with signal 14(SIGALRM)
PT_F40-1_bit_0-200 Test Num : 88
Inject into ../bin/hello
----- Type : 1_bit_0 Pos : PT_F40 -----
There are 1 faults will be injected in faulttable...
101040 microseconds
Fault on PT_F40(0X7f8c726f8ee0 -> 0X7f84726f8ee0)
19 microseconds
[ 2016-10-27 11:35:5]Process 14225 termed with signal 11(SIGSEGV)
PT_F40-1_bit_0-200 Test Num : 89
Inject into ../bin/hello
----- Type : 1_bit_0 Pos : PT_F40 -----
There are 1 faults will be injected in faulttable...
101184 microseconds
Fault on PT_F40(0X7f9ae0c03ee0 -> 0X7f92e0c03ee0)
15 microseconds
[ 2016-10-27 11:35:5]Process 14227 termed with signal 11(SIGSEGV)
PT_F40-1_bit_0-200 Test Num : 90
Inject into ../bin/hello
----- Type : 1_bit_0 Pos : PT_F40 -----
There are 1 faults will be injected in faulttable...
101058 microseconds
Fault on PT_F40(0X7f95d7061ee0 -> 0X7f95d7061ee0)
3000071 microseconds
timeout
[ 2016-10-27 11:35:8]Process 14229 termed with signal 14(SIGALRM)
PT_F40-1_bit_0-200 Test Num : 91
Inject into ../bin/hello
----- Type : 1_bit_0 Pos : PT_F40 -----
There are 1 faults will be injected in faulttable...
101119 microseconds
Fault on PT_F40(0X7f6571e92ee0 -> 0X7f6571e82ee0)
29 microseconds
[ 2016-10-27 11:35:8]Process 14236 termed with signal 11(SIGSEGV)
PT_F40-1_bit_0-200 Test Num : 92
Inject into ../bin/hello
----- Type : 1_bit_0 Pos : PT_F40 -----
There are 1 faults will be injected in faulttable...
100092 microseconds
Fault on PT_F40(0X7f53f831eee0 -> 0X7f53f830eee0)
31 microseconds
[ 2016-10-27 11:35:8]Process 14238 termed with signal 11(SIGSEGV)
PT_F40-1_bit_0-200 Test Num : 93
Inject into ../bin/hello
----- Type : 1_bit_0 Pos : PT_F40 -----
There are 1 faults will be injected in faulttable...
101097 microseconds
Fault on PT_F40(0X7efdc7784ee0 -> 0X7efdc7784ee0)
3000074 microseconds
timeout
[2016-10-27 11:35:12]Process 14240 termed with signal 14(SIGALRM)
PT_F40-1_bit_0-200 Test Num : 94
Inject into ../bin/hello
----- Type : 1_bit_0 Pos : PT_F40 -----
There are 1 faults will be injected in faulttable...
101072 microseconds
Fault on PT_F40(0X7fcd0d752ee0 -> 0X7fcd0d652ee0)
18 microseconds
[2016-10-27 11:35:12]Process 14242 termed with signal 11(SIGSEGV)
PT_F40-1_bit_0-200 Test Num : 95
Inject into ../bin/hello
----- Type : 1_bit_0 Pos : PT_F40 -----
There are 1 faults will be injected in faulttable...
101561 microseconds
Fault on PT_F40(0X7fd2bf457ee0 -> 0X7fd2bf457ee0)
3000076 microseconds
timeout
[2016-10-27 11:35:15]Process 14244 termed with signal 14(SIGALRM)
PT_F40-1_bit_0-200 Test Num : 96
Inject into ../bin/hello
----- Type : 1_bit_0 Pos : PT_F40 -----
There are 1 faults will be injected in faulttable...
100942 microseconds
Fault on PT_F40(0X7f763363dee0 -> 0X7f763363d6e0)
16 microseconds
[2016-10-27 11:35:15]Process 14246 termed with signal 11(SIGSEGV)
PT_F40-1_bit_0-200 Test Num : 97
Inject into ../bin/hello
----- Type : 1_bit_0 Pos : PT_F40 -----
There are 1 faults will be injected in faulttable...
101006 microseconds
Fault on PT_F40(0X7f6e25fefee0 -> 0X7f6e25fef6e0)
16 microseconds
[2016-10-27 11:35:15]Process 14248 termed with signal 11(SIGSEGV)
PT_F40-1_bit_0-200 Test Num : 98
Inject into ../bin/hello
----- Type : 1_bit_0 Pos : PT_F40 -----
There are 1 faults will be injected in faulttable...
100115 microseconds
Fault on PT_F40(0X7f155b982ee0 -> 0X7f155b9826e0)
21 microseconds
[2016-10-27 11:35:15]Process 14250 termed with signal 11(SIGSEGV)
PT_F40-1_bit_0-200 Test Num : 99
Inject into ../bin/hello
----- Type : 1_bit_0 Pos : PT_F40 -----
There are 1 faults will be injected in faulttable...
101195 microseconds
Fault on PT_F40(0X7f77c183fee0 -> 0X7f77c183f6e0)
22 microseconds
[2016-10-27 11:35:15]Process 14252 termed with signal 11(SIGSEGV)
PT_F40-1_bit_0-200 Test Num : 100
Inject into ../bin/hello
----- Type : 1_bit_0 Pos : PT_F40 -----
There are 1 faults will be injected in faulttable...
100998 microseconds
Fault on PT_F40(0X7f1770c06ee0 -> 0X7f1770c066e0)
15 microseconds
[2016-10-27 11:35:15]Process 14254 termed with signal 11(SIGSEGV)
PT_F40-1_bit_0-200 Test Num : 101
Inject into ../bin/hello
----- Type : 1_bit_0 Pos : PT_F40 -----
There are 1 faults will be injected in faulttable...
101358 microseconds
Fault on PT_F40(0X7f6237473ee0 -> 0X7f62374736e0)
14 microseconds
[2016-10-27 11:35:15]Process 14256 termed with signal 11(SIGSEGV)
PT_F40-1_bit_0-200 Test Num : 102
Inject into ../bin/hello
----- Type : 1_bit_0 Pos : PT_F40 -----
There are 1 faults will be injected in faulttable...
100994 microseconds
Fault on PT_F40(0X7fb26d75dee0 -> 0X7fb26d75dee0)
3000116 microseconds
timeout
[2016-10-27 11:35:19]Process 14258 termed with signal 14(SIGALRM)
PT_F40-1_bit_0-200 Test Num : 103
Inject into ../bin/hello
----- Type : 1_bit_0 Pos : PT_F40 -----
There are 1 faults will be injected in faulttable...
101243 microseconds
Fault on PT_F40(0X7f5cd88ecee0 -> 0X7f5cd88ecea0)
26 microseconds
[2016-10-27 11:35:19]Process 14269 termed with signal 11(SIGSEGV)
PT_F40-1_bit_0-200 Test Num : 104
Inject into ../bin/hello
----- Type : 1_bit_0 Pos : PT_F40 -----
There are 1 faults will be injected in faulttable...
101090 microseconds
Fault on PT_F40(0X7ff251cb7ee0 -> 0X7ff251cb7ea0)
24 microseconds
[2016-10-27 11:35:19]Process 14271 termed with signal 11(SIGSEGV)
PT_F40-1_bit_0-200 Test Num : 105
Inject into ../bin/hello
----- Type : 1_bit_0 Pos : PT_F40 -----
There are 1 faults will be injected in faulttable...
101124 microseconds
Fault on PT_F40(0X7f9297861ee0 -> 0X7f9297861ea0)
17 microseconds
[2016-10-27 11:35:19]Process 14273 termed with signal 11(SIGSEGV)
PT_F40-1_bit_0-200 Test Num : 106
Inject into ../bin/hello
----- Type : 1_bit_0 Pos : PT_F40 -----
There are 1 faults will be injected in faulttable...
101032 microseconds
Fault on PT_F40(0X7faff2d7eee0 -> 0X7faff2d7eea0)
15 microseconds
[2016-10-27 11:35:19]Process 14275 termed with signal 11(SIGSEGV)
PT_F40-1_bit_0-200 Test Num : 107
Inject into ../bin/hello
----- Type : 1_bit_0 Pos : PT_F40 -----
There are 1 faults will be injected in faulttable...
100219 microseconds
Fault on PT_F40(0X7f9f266c2ee0 -> 0X7f9f266c2ea0)
22 microseconds
[2016-10-27 11:35:19]Process 14277 termed with signal 11(SIGSEGV)
PT_F40-1_bit_0-200 Test Num : 108
Inject into ../bin/hello
----- Type : 1_bit_0 Pos : PT_F40 -----
There are 1 faults will be injected in faulttable...
101086 microseconds
Fault on PT_F40(0X7f8655c28ee0 -> 0X7f8655c28ea0)
20 microseconds
[2016-10-27 11:35:19]Process 14279 termed with signal 11(SIGSEGV)
PT_F40-1_bit_0-200 Test Num : 109
Inject into ../bin/hello
----- Type : 1_bit_0 Pos : PT_F40 -----
There are 1 faults will be injected in faulttable...
101073 microseconds
Fault on PT_F40(0X7f32e1607ee0 -> 0X7f32e1607ea0)
14 microseconds
[2016-10-27 11:35:19]Process 14281 termed with signal 11(SIGSEGV)
PT_F40-1_bit_0-200 Test Num : 110
Inject into ../bin/hello
----- Type : 1_bit_0 Pos : PT_F40 -----
There are 1 faults will be injected in faulttable...
101171 microseconds
Fault on PT_F40(0X7fd70cda5ee0 -> 0X7fd70cda5ea0)
23 microseconds
[2016-10-27 11:35:19]Process 14283 termed with signal 11(SIGSEGV)
PT_F40-1_bit_0-200 Test Num : 111
Inject into ../bin/hello
----- Type : 1_bit_0 Pos : PT_F40 -----
There are 1 faults will be injected in faulttable...
101061 microseconds
Fault on PT_F40(0X7fb74ab45ee0 -> 0X7fb74ab45ee0)
3000111 microseconds
timeout
[2016-10-27 11:35:23]Process 14285 termed with signal 14(SIGALRM)
PT_F40-1_bit_0-200 Test Num : 112
Inject into ../bin/hello
----- Type : 1_bit_0 Pos : PT_F40 -----
There are 1 faults will be injected in faulttable...
100975 microseconds
Fault on PT_F40(0X7f8f3c111ee0 -> 0X7f8f3c111ea0)
15 microseconds
[2016-10-27 11:35:23]Process 14287 termed with signal 11(SIGSEGV)
PT_F40-1_bit_0-200 Test Num : 113
Inject into ../bin/hello
----- Type : 1_bit_0 Pos : PT_F40 -----
There are 1 faults will be injected in faulttable...
100115 microseconds
Fault on PT_F40(0X7f3e10c7cee0 -> 0X7f3e10c7cea0)
19 microseconds
[2016-10-27 11:35:23]Process 14289 termed with signal 11(SIGSEGV)
PT_F40-1_bit_0-200 Test Num : 114
Inject into ../bin/hello
----- Type : 1_bit_0 Pos : PT_F40 -----
There are 1 faults will be injected in faulttable...
101022 microseconds
Fault on PT_F40(0X7fb4d0f17ee0 -> 0X7fb4d0f17ea0)
16 microseconds
[2016-10-27 11:35:23]Process 14291 termed with signal 11(SIGSEGV)
PT_F40-1_bit_0-200 Test Num : 115
Inject into ../bin/hello
----- Type : 1_bit_0 Pos : PT_F40 -----
There are 1 faults will be injected in faulttable...
101227 microseconds
Fault on PT_F40(0X7f324622bee0 -> 0X7f324622bea0)
18 microseconds
[2016-10-27 11:35:23]Process 14293 termed with signal 11(SIGSEGV)
PT_F40-1_bit_0-200 Test Num : 116
Inject into ../bin/hello
----- Type : 1_bit_0 Pos : PT_F40 -----
There are 1 faults will be injected in faulttable...
100966 microseconds
Fault on PT_F40(0X7fa5f7163ee0 -> 0X7fa5f7163ea0)
16 microseconds
[2016-10-27 11:35:23]Process 14295 termed with signal 11(SIGSEGV)
PT_F40-1_bit_0-200 Test Num : 117
Inject into ../bin/hello
----- Type : 1_bit_0 Pos : PT_F40 -----
There are 1 faults will be injected in faulttable...
101235 microseconds
Fault on PT_F40(0X7f38f4a1eee0 -> 0X7f38f4a1eea0)
17 microseconds
[2016-10-27 11:35:23]Process 14297 termed with signal 11(SIGSEGV)
PT_F40-1_bit_0-200 Test Num : 118
Inject into ../bin/hello
----- Type : 1_bit_0 Pos : PT_F40 -----
There are 1 faults will be injected in faulttable...
101107 microseconds
Fault on PT_F40(0X7f5869e71ee0 -> 0X7f5869e71ea0)
17 microseconds
[2016-10-27 11:35:23]Process 14299 termed with signal 11(SIGSEGV)
PT_F40-1_bit_0-200 Test Num : 119
Inject into ../bin/hello
----- Type : 1_bit_0 Pos : PT_F40 -----
There are 1 faults will be injected in faulttable...
101048 microseconds
Fault on PT_F40(0X7f826b1c2ee0 -> 0X7f826b1c2ea0)
14 microseconds
[2016-10-27 11:35:23]Process 14301 termed with signal 11(SIGSEGV)
PT_F40-1_bit_0-200 Test Num : 120
Inject into ../bin/hello
----- Type : 1_bit_0 Pos : PT_F40 -----
There are 1 faults will be injected in faulttable...
101033 microseconds
Fault on PT_F40(0X7fc155e4dee0 -> 0X7fc155e4dee0)
3000125 microseconds
timeout
[2016-10-27 11:35:27]Process 14303 termed with signal 14(SIGALRM)
PT_F40-1_bit_0-200 Test Num : 121
Inject into ../bin/hello
----- Type : 1_bit_0 Pos : PT_F40 -----
There are 1 faults will be injected in faulttable...
101223 microseconds
Fault on PT_F40(0X7f522da55ee0 -> 0X7f522da55ee0)
3000140 microseconds
timeout
[2016-10-27 11:35:30]Process 14305 termed with signal 14(SIGALRM)
PT_F40-1_bit_0-200 Test Num : 122
Inject into ../bin/hello
----- Type : 1_bit_0 Pos : PT_F40 -----
There are 1 faults will be injected in faulttable...
101177 microseconds
Fault on PT_F40(0X7f038f535ee0 -> 0X7f038f535ee0)
3000078 microseconds
timeout
[2016-10-27 11:35:33]Process 14307 termed with signal 14(SIGALRM)
PT_F40-1_bit_0-200 Test Num : 123
Inject into ../bin/hello
----- Type : 1_bit_0 Pos : PT_F40 -----
There are 1 faults will be injected in faulttable...
100220 microseconds
Fault on PT_F40(0X7f9ffc97eee0 -> 0X7f9ffc97eee0)
3000128 microseconds
timeout
[2016-10-27 11:35:36]Process 14310 termed with signal 14(SIGALRM)
PT_F40-1_bit_0-200 Test Num : 124
Inject into ../bin/hello
----- Type : 1_bit_0 Pos : PT_F40 -----
There are 1 faults will be injected in faulttable...
101120 microseconds
Fault on PT_F40(0X7f474fea4ee0 -> 0X77474fea4ee0)
14 microseconds
[2016-10-27 11:35:36]Process 14321 termed with signal 11(SIGSEGV)
PT_F40-1_bit_0-200 Test Num : 125
Inject into ../bin/hello
----- Type : 1_bit_0 Pos : PT_F40 -----
There are 1 faults will be injected in faulttable...
101068 microseconds
Fault on PT_F40(0X7f42e5be9ee0 -> 0X7742e5be9ee0)
26 microseconds
[2016-10-27 11:35:36]Process 14323 termed with signal 11(SIGSEGV)
PT_F40-1_bit_0-200 Test Num : 126
Inject into ../bin/hello
----- Type : 1_bit_0 Pos : PT_F40 -----
There are 1 faults will be injected in faulttable...
101199 microseconds
Fault on PT_F40(0X7ff611adbee0 -> 0X77f611adbee0)
14 microseconds
[2016-10-27 11:35:36]Process 14325 termed with signal 11(SIGSEGV)
PT_F40-1_bit_0-200 Test Num : 127
Inject into ../bin/hello
----- Type : 1_bit_0 Pos : PT_F40 -----
There are 1 faults will be injected in faulttable...
101105 microseconds
Fault on PT_F40(0X7f313428fee0 -> 0X77313428fee0)
13 microseconds
[2016-10-27 11:35:36]Process 14327 termed with signal 11(SIGSEGV)
PT_F40-1_bit_0-200 Test Num : 128
Inject into ../bin/hello
----- Type : 1_bit_0 Pos : PT_F40 -----
There are 1 faults will be injected in faulttable...
101486 microseconds
Fault on PT_F40(0X7fd5703edee0 -> 0X77d5703edee0)
22 microseconds
[2016-10-27 11:35:36]Process 14329 termed with signal 11(SIGSEGV)
PT_F40-1_bit_0-200 Test Num : 129
Inject into ../bin/hello
----- Type : 1_bit_0 Pos : PT_F40 -----
There are 1 faults will be injected in faulttable...
101398 microseconds
Fault on PT_F40(0X7f97e70a0ee0 -> 0X7f97e70a0ee0)
3000090 microseconds
timeout
[2016-10-27 11:35:40]Process 14331 termed with signal 14(SIGALRM)
PT_F40-1_bit_0-200 Test Num : 130
Inject into ../bin/hello
----- Type : 1_bit_0 Pos : PT_F40 -----
There are 1 faults will be injected in faulttable...
101220 microseconds
Fault on PT_F40(0X7f46a2eb0ee0 -> 0X7f4682eb0ee0)
19 microseconds
[2016-10-27 11:35:40]Process 14333 termed with signal 11(SIGSEGV)
PT_F40-1_bit_0-200 Test Num : 131
Inject into ../bin/hello
----- Type : 1_bit_0 Pos : PT_F40 -----
There are 1 faults will be injected in faulttable...
101105 microseconds
Fault on PT_F40(0X7f19ef566ee0 -> 0X7f19cf566ee0)
13 microseconds
[2016-10-27 11:35:40]Process 14335 termed with signal 11(SIGSEGV)
PT_F40-1_bit_0-200 Test Num : 132
Inject into ../bin/hello
----- Type : 1_bit_0 Pos : PT_F40 -----
There are 1 faults will be injected in faulttable...
100945 microseconds
Fault on PT_F40(0X7f53af423ee0 -> 0X7f538f423ee0)
13 microseconds
[2016-10-27 11:35:40]Process 14337 termed with signal 11(SIGSEGV)
PT_F40-1_bit_0-200 Test Num : 133
Inject into ../bin/hello
----- Type : 1_bit_0 Pos : PT_F40 -----
There are 1 faults will be injected in faulttable...
100902 microseconds
Fault on PT_F40(0X7fec51a17ee0 -> 0X7fec51a17ee0)
3000079 microseconds
timeout
[2016-10-27 11:35:43]Process 14339 termed with signal 14(SIGALRM)
PT_F40-1_bit_0-200 Test Num : 134
Inject into ../bin/hello
----- Type : 1_bit_0 Pos : PT_F40 -----
There are 1 faults will be injected in faulttable...
101730 microseconds
Fault on PT_F40(0X7fa9373d4ee0 -> 0X7fa9373d4ee0)
3000067 microseconds
timeout
[2016-10-27 11:35:46]Process 14342 termed with signal 14(SIGALRM)
PT_F40-1_bit_0-200 Test Num : 135
Inject into ../bin/hello
----- Type : 1_bit_0 Pos : PT_F40 -----
There are 1 faults will be injected in faulttable...
100069 microseconds
Fault on PT_F40(0X7f6ee3de0ee0 -> 0X5f6ee3de0ee0)
15 microseconds
[2016-10-27 11:35:46]Process 14344 termed with signal 11(SIGSEGV)
PT_F40-1_bit_0-200 Test Num : 136
Inject into ../bin/hello
----- Type : 1_bit_0 Pos : PT_F40 -----
There are 1 faults will be injected in faulttable...
101130 microseconds
Fault on PT_F40(0X7fe24b869ee0 -> 0X5fe24b869ee0)
22 microseconds
[2016-10-27 11:35:46]Process 14346 termed with signal 11(SIGSEGV)
PT_F40-1_bit_0-200 Test Num : 137
Inject into ../bin/hello
----- Type : 1_bit_0 Pos : PT_F40 -----
There are 1 faults will be injected in faulttable...
100108 microseconds
Fault on PT_F40(0X7f5b5ebc9ee0 -> 0X5f5b5ebc9ee0)
13 microseconds
[2016-10-27 11:35:46]Process 14348 termed with signal 11(SIGSEGV)
PT_F40-1_bit_0-200 Test Num : 138
Inject into ../bin/hello
----- Type : 1_bit_0 Pos : PT_F40 -----
There are 1 faults will be injected in faulttable...
100084 microseconds
Fault on PT_F40(0X7f171ad8dee0 -> 0X7f171ad85ee0)
18 microseconds
[2016-10-27 11:35:47]Process 14350 termed with signal 11(SIGSEGV)
PT_F40-1_bit_0-200 Test Num : 139
Inject into ../bin/hello
----- Type : 1_bit_0 Pos : PT_F40 -----
There are 1 faults will be injected in faulttable...
101122 microseconds
Fault on PT_F40(0X7f1066cefee0 -> 0X7f1066ce7ee0)
20 microseconds
[2016-10-27 11:35:47]Process 14352 termed with signal 11(SIGSEGV)
PT_F40-1_bit_0-200 Test Num : 140
Inject into ../bin/hello
----- Type : 1_bit_0 Pos : PT_F40 -----
There are 1 faults will be injected in faulttable...
101440 microseconds
Fault on PT_F40(0X7ff322854ee0 -> 0X7ff322854ee0)
3000080 microseconds
timeout
[2016-10-27 11:35:50]Process 14354 termed with signal 14(SIGALRM)
PT_F40-1_bit_0-200 Test Num : 141
Inject into ../bin/hello
----- Type : 1_bit_0 Pos : PT_F40 -----
There are 1 faults will be injected in faulttable...
101013 microseconds
Fault on PT_F40(0X7f658a5fdee0 -> 0X7f658a5fdee0)
3000095 microseconds
timeout
[2016-10-27 11:35:53]Process 14356 termed with signal 14(SIGALRM)
PT_F40-1_bit_0-200 Test Num : 142
Inject into ../bin/hello
----- Type : 1_bit_0 Pos : PT_F40 -----
There are 1 faults will be injected in faulttable...
101731 microseconds
Fault on PT_F40(0X7fe411fb7ee0 -> 0X7f6411fb7ee0)
55 microseconds
[2016-10-27 11:35:53]Process 14358 termed with signal 11(SIGSEGV)
PT_F40-1_bit_0-200 Test Num : 143
Inject into ../bin/hello
----- Type : 1_bit_0 Pos : PT_F40 -----
There are 1 faults will be injected in faulttable...
101483 microseconds
Fault on PT_F40(0X7f50eb396ee0 -> 0X7f50eb396ee0)
3000170 microseconds
timeout
[2016-10-27 11:35:56]Process 14360 termed with signal 14(SIGALRM)
PT_F40-1_bit_0-200 Test Num : 144
Inject into ../bin/hello
----- Type : 1_bit_0 Pos : PT_F40 -----
There are 1 faults will be injected in faulttable...
100989 microseconds
Fault on PT_F40(0X7f73cb4c3ee0 -> 0X7f73cb4c3ee0)
3000113 microseconds
timeout
[2016-10-27 11:35:59]Process 14362 termed with signal 14(SIGALRM)
PT_F40-1_bit_0-200 Test Num : 145
Inject into ../bin/hello
----- Type : 1_bit_0 Pos : PT_F40 -----
There are 1 faults will be injected in faulttable...
101291 microseconds
Fault on PT_F40(0X7f6e4ccd8ee0 -> 0X7b6e4ccd8ee0)
22 microseconds
[2016-10-27 11:35:59]Process 14364 termed with signal 11(SIGSEGV)
PT_F40-1_bit_0-200 Test Num : 146
Inject into ../bin/hello
----- Type : 1_bit_0 Pos : PT_F40 -----
There are 1 faults will be injected in faulttable...
100090 microseconds
Fault on PT_F40(0X7f18ef02aee0 -> 0X7b18ef02aee0)
20 microseconds
[2016-10-27 11:35:59]Process 14366 termed with signal 11(SIGSEGV)
PT_F40-1_bit_0-200 Test Num : 147
Inject into ../bin/hello
----- Type : 1_bit_0 Pos : PT_F40 -----
There are 1 faults will be injected in faulttable...
100104 microseconds
Fault on PT_F40(0X7f6af0186ee0 -> 0X7f6af0186ee0)
3000081 microseconds
timeout
[ 2016-10-27 11:36:3]Process 14368 termed with signal 14(SIGALRM)
PT_F40-1_bit_0-200 Test Num : 148
Inject into ../bin/hello
----- Type : 1_bit_0 Pos : PT_F40 -----
There are 1 faults will be injected in faulttable...
103304 microseconds
Fault on PT_F40(0X7fa8d4626ee0 -> 0X3fa8d4626ee0)
20 microseconds
[ 2016-10-27 11:36:3]Process 14370 termed with signal 11(SIGSEGV)
PT_F40-1_bit_0-200 Test Num : 149
Inject into ../bin/hello
----- Type : 1_bit_0 Pos : PT_F40 -----
There are 1 faults will be injected in faulttable...
101136 microseconds
Fault on PT_F40(0X7f1f02dd0ee0 -> 0X3f1f02dd0ee0)
25 microseconds
[ 2016-10-27 11:36:3]Process 14372 termed with signal 11(SIGSEGV)
PT_F40-1_bit_0-200 Test Num : 150
Inject into ../bin/hello
----- Type : 1_bit_0 Pos : PT_F40 -----
There are 1 faults will be injected in faulttable...
101051 microseconds
Fault on PT_F40(0X7f655dc20ee0 -> 0X3f655dc20ee0)
14 microseconds
[ 2016-10-27 11:36:3]Process 14374 termed with signal 11(SIGSEGV)
PT_F40-1_bit_0-200 Test Num : 151
Inject into ../bin/hello
----- Type : 1_bit_0 Pos : PT_F40 -----
There are 1 faults will be injected in faulttable...
101099 microseconds
Fault on PT_F40(0X7f87da85eee0 -> 0X3f87da85eee0)
21 microseconds
[ 2016-10-27 11:36:3]Process 14376 termed with signal 11(SIGSEGV)
PT_F40-1_bit_0-200 Test Num : 152
Inject into ../bin/hello
----- Type : 1_bit_0 Pos : PT_F40 -----
There are 1 faults will be injected in faulttable...
101241 microseconds
Fault on PT_F40(0X7f50f2384ee0 -> 0X3f50f2384ee0)
15 microseconds
[ 2016-10-27 11:36:3]Process 14378 termed with signal 11(SIGSEGV)
PT_F40-1_bit_0-200 Test Num : 153
Inject into ../bin/hello
----- Type : 1_bit_0 Pos : PT_F40 -----
There are 1 faults will be injected in faulttable...
100313 microseconds
Fault on PT_F40(0X7f7b80490ee0 -> 0X3f7b80490ee0)
22 microseconds
[ 2016-10-27 11:36:3]Process 14380 termed with signal 11(SIGSEGV)
PT_F40-1_bit_0-200 Test Num : 154
Inject into ../bin/hello
----- Type : 1_bit_0 Pos : PT_F40 -----
There are 1 faults will be injected in faulttable...
101206 microseconds
Fault on PT_F40(0X7ff4a15daee0 -> 0X3ff4a15daee0)
21 microseconds
[ 2016-10-27 11:36:3]Process 14382 termed with signal 11(SIGSEGV)
PT_F40-1_bit_0-200 Test Num : 155
Inject into ../bin/hello
----- Type : 1_bit_0 Pos : PT_F40 -----
There are 1 faults will be injected in faulttable...
101300 microseconds
Fault on PT_F40(0X7fd07c88fee0 -> 0X3fd07c88fee0)
14 microseconds
[ 2016-10-27 11:36:3]Process 14384 termed with signal 11(SIGSEGV)
PT_F40-1_bit_0-200 Test Num : 156
Inject into ../bin/hello
----- Type : 1_bit_0 Pos : PT_F40 -----
There are 1 faults will be injected in faulttable...
100983 microseconds
Fault on PT_F40(0X7ff068483ee0 -> 0X7ff068483ee0)
3000138 microseconds
timeout
[ 2016-10-27 11:36:7]Process 14386 termed with signal 14(SIGALRM)
PT_F40-1_bit_0-200 Test Num : 157
Inject into ../bin/hello
----- Type : 1_bit_0 Pos : PT_F40 -----
There are 1 faults will be injected in faulttable...
101213 microseconds
Fault on PT_F40(0X7f5999a06ee0 -> 0X7f5999a06ee0)
3000074 microseconds
timeout
[2016-10-27 11:36:10]Process 14388 termed with signal 14(SIGALRM)
PT_F40-1_bit_0-200 Test Num : 158
Inject into ../bin/hello
----- Type : 1_bit_0 Pos : PT_F40 -----
There are 1 faults will be injected in faulttable...
101128 microseconds
Fault on PT_F40(0X7fee98d1bee0 -> 0X7fe698d1bee0)
17 microseconds
[2016-10-27 11:36:10]Process 14390 termed with signal 11(SIGSEGV)
PT_F40-1_bit_0-200 Test Num : 159
Inject into ../bin/hello
----- Type : 1_bit_0 Pos : PT_F40 -----
There are 1 faults will be injected in faulttable...
101556 microseconds
Fault on PT_F40(0X7fa6648beee0 -> 0X7fa6648beee0)
3000060 microseconds
timeout
[2016-10-27 11:36:13]Process 14392 termed with signal 14(SIGALRM)
PT_F40-1_bit_0-200 Test Num : 160
Inject into ../bin/hello
----- Type : 1_bit_0 Pos : PT_F40 -----
There are 1 faults will be injected in faulttable...
101060 microseconds
Fault on PT_F40(0X7f055bc41ee0 -> 0X7f055bc41ee0)
3000073 microseconds
timeout
[2016-10-27 11:36:16]Process 14394 termed with signal 14(SIGALRM)
PT_F40-1_bit_0-200 Test Num : 161
Inject into ../bin/hello
----- Type : 1_bit_0 Pos : PT_F40 -----
There are 1 faults will be injected in faulttable...
101552 microseconds
Fault on PT_F40(0X7f7eaeb6fee0 -> 0X7f7eaeb6fee0)
3000088 microseconds
timeout
[2016-10-27 11:36:19]Process 14396 termed with signal 14(SIGALRM)
PT_F40-1_bit_0-200 Test Num : 162
Inject into ../bin/hello
----- Type : 1_bit_0 Pos : PT_F40 -----
There are 1 faults will be injected in faulttable...
100109 microseconds
Fault on PT_F40(0X7fdb02f6dee0 -> 0X7fdb02f6dee0)
3000098 microseconds
timeout
[2016-10-27 11:36:22]Process 14398 termed with signal 14(SIGALRM)
PT_F40-1_bit_0-200 Test Num : 163
Inject into ../bin/hello
----- Type : 1_bit_0 Pos : PT_F40 -----
There are 1 faults will be injected in faulttable...
101354 microseconds
Fault on PT_F40(0X7f62e8d76ee0 -> 0X7f62e8d72ee0)
34 microseconds
[2016-10-27 11:36:22]Process 14401 termed with signal 11(SIGSEGV)
PT_F40-1_bit_0-200 Test Num : 164
Inject into ../bin/hello
----- Type : 1_bit_0 Pos : PT_F40 -----
There are 1 faults will be injected in faulttable...
101109 microseconds
Fault on PT_F40(0X7f391bfa2ee0 -> 0X7f391bfa2ee0)
3000099 microseconds
timeout
[2016-10-27 11:36:25]Process 14403 termed with signal 14(SIGALRM)
PT_F40-1_bit_0-200 Test Num : 165
Inject into ../bin/hello
----- Type : 1_bit_0 Pos : PT_F40 -----
There are 1 faults will be injected in faulttable...
101072 microseconds
Fault on PT_F40(0X7fe461260ee0 -> 0X7de461260ee0)
16 microseconds
[2016-10-27 11:36:26]Process 14405 termed with signal 11(SIGSEGV)
PT_F40-1_bit_0-200 Test Num : 166
Inject into ../bin/hello
----- Type : 1_bit_0 Pos : PT_F40 -----
There are 1 faults will be injected in faulttable...
102054 microseconds
Fault on PT_F40(0X7fa8fddd9ee0 -> 0X7da8fddd9ee0)
23 microseconds
[2016-10-27 11:36:26]Process 14407 termed with signal 11(SIGSEGV)
PT_F40-1_bit_0-200 Test Num : 167
Inject into ../bin/hello
----- Type : 1_bit_0 Pos : PT_F40 -----
There are 1 faults will be injected in faulttable...
101233 microseconds
Fault on PT_F40(0X7fbe05f53ee0 -> 0X7dbe05f53ee0)
13 microseconds
[2016-10-27 11:36:26]Process 14409 termed with signal 11(SIGSEGV)
PT_F40-1_bit_0-200 Test Num : 168
Inject into ../bin/hello
----- Type : 1_bit_0 Pos : PT_F40 -----
There are 1 faults will be injected in faulttable...
101180 microseconds
Fault on PT_F40(0X7f7a6d887ee0 -> 0X7d7a6d887ee0)
17 microseconds
[2016-10-27 11:36:26]Process 14411 termed with signal 11(SIGSEGV)
PT_F40-1_bit_0-200 Test Num : 169
Inject into ../bin/hello
----- Type : 1_bit_0 Pos : PT_F40 -----
There are 1 faults will be injected in faulttable...
101451 microseconds
Fault on PT_F40(0X7fdda0e0cee0 -> 0X7ddda0e0cee0)
13 microseconds
[2016-10-27 11:36:26]Process 14413 termed with signal 11(SIGSEGV)
PT_F40-1_bit_0-200 Test Num : 170
Inject into ../bin/hello
----- Type : 1_bit_0 Pos : PT_F40 -----
There are 1 faults will be injected in faulttable...
100103 microseconds
Fault on PT_F40(0X7ffb5f9f8ee0 -> 0X7dfb5f9f8ee0)
20 microseconds
[2016-10-27 11:36:26]Process 14415 termed with signal 11(SIGSEGV)
PT_F40-1_bit_0-200 Test Num : 171
Inject into ../bin/hello
----- Type : 1_bit_0 Pos : PT_F40 -----
There are 1 faults will be injected in faulttable...
101109 microseconds
Fault on PT_F40(0X7f34c34beee0 -> 0X7d34c34beee0)
21 microseconds
[2016-10-27 11:36:26]Process 14417 termed with signal 11(SIGSEGV)
PT_F40-1_bit_0-200 Test Num : 172
Inject into ../bin/hello
----- Type : 1_bit_0 Pos : PT_F40 -----
There are 1 faults will be injected in faulttable...
101087 microseconds
Fault on PT_F40(0X7f416ba5dee0 -> 0X7d416ba5dee0)
20 microseconds
[2016-10-27 11:36:26]Process 14419 termed with signal 11(SIGSEGV)
PT_F40-1_bit_0-200 Test Num : 173
Inject into ../bin/hello
----- Type : 1_bit_0 Pos : PT_F40 -----
There are 1 faults will be injected in faulttable...
101325 microseconds
Fault on PT_F40(0X7fe2c4a6bee0 -> 0X7de2c4a6bee0)
12 microseconds
[2016-10-27 11:36:26]Process 14421 termed with signal 11(SIGSEGV)
PT_F40-1_bit_0-200 Test Num : 174
Inject into ../bin/hello
----- Type : 1_bit_0 Pos : PT_F40 -----
There are 1 faults will be injected in faulttable...
101108 microseconds
Fault on PT_F40(0X7f02a9f1bee0 -> 0X7d02a9f1bee0)
21 microseconds
[2016-10-27 11:36:26]Process 14423 termed with signal 11(SIGSEGV)
PT_F40-1_bit_0-200 Test Num : 175
Inject into ../bin/hello
----- Type : 1_bit_0 Pos : PT_F40 -----
There are 1 faults will be injected in faulttable...
101394 microseconds
Fault on PT_F40(0X7f7f39171ee0 -> 0X7f7f39171ee0)
3000121 microseconds
timeout
[2016-10-27 11:36:30]Process 14425 termed with signal 14(SIGALRM)
PT_F40-1_bit_0-200 Test Num : 176
Inject into ../bin/hello
----- Type : 1_bit_0 Pos : PT_F40 -----
There are 1 faults will be injected in faulttable...
100999 microseconds
Fault on PT_F40(0X7f3895ce9ee0 -> 0X7f3895ce9ce0)
16 microseconds
[2016-10-27 11:36:30]Process 14427 termed with signal 11(SIGSEGV)
PT_F40-1_bit_0-200 Test Num : 177
Inject into ../bin/hello
----- Type : 1_bit_0 Pos : PT_F40 -----
There are 1 faults will be injected in faulttable...
101204 microseconds
Fault on PT_F40(0X7f77400c9ee0 -> 0X7f77400c9ce0)
21 microseconds
[2016-10-27 11:36:30]Process 14429 termed with signal 11(SIGSEGV)
PT_F40-1_bit_0-200 Test Num : 178
Inject into ../bin/hello
----- Type : 1_bit_0 Pos : PT_F40 -----
There are 1 faults will be injected in faulttable...
100093 microseconds
Fault on PT_F40(0X7f06937b7ee0 -> 0X7f06937b7ce0)
13 microseconds
[2016-10-27 11:36:30]Process 14431 termed with signal 11(SIGSEGV)
PT_F40-1_bit_0-200 Test Num : 179
Inject into ../bin/hello
----- Type : 1_bit_0 Pos : PT_F40 -----
There are 1 faults will be injected in faulttable...
101316 microseconds
Fault on PT_F40(0X7f60c5217ee0 -> 0X7f60c5217ce0)
20 microseconds
[2016-10-27 11:36:30]Process 14433 termed with signal 11(SIGSEGV)
PT_F40-1_bit_0-200 Test Num : 180
Inject into ../bin/hello
----- Type : 1_bit_0 Pos : PT_F40 -----
There are 1 faults will be injected in faulttable...
101140 microseconds
Fault on PT_F40(0X7f87eef25ee0 -> 0X7f87eef25ce0)
14 microseconds
[2016-10-27 11:36:30]Process 14435 termed with signal 11(SIGSEGV)
PT_F40-1_bit_0-200 Test Num : 181
Inject into ../bin/hello
----- Type : 1_bit_0 Pos : PT_F40 -----
There are 1 faults will be injected in faulttable...
100079 microseconds
Fault on PT_F40(0X7f7c411fcee0 -> 0X7f7c411fcce0)
14 microseconds
[2016-10-27 11:36:30]Process 14437 termed with signal 11(SIGSEGV)
PT_F40-1_bit_0-200 Test Num : 182
Inject into ../bin/hello
----- Type : 1_bit_0 Pos : PT_F40 -----
There are 1 faults will be injected in faulttable...
101066 microseconds
Fault on PT_F40(0X7f16e69cbee0 -> 0X7f16e69cbce0)
15 microseconds
[2016-10-27 11:36:30]Process 14439 termed with signal 11(SIGSEGV)
PT_F40-1_bit_0-200 Test Num : 183
Inject into ../bin/hello
----- Type : 1_bit_0 Pos : PT_F40 -----
There are 1 faults will be injected in faulttable...
100195 microseconds
Fault on PT_F40(0X7f50b7e51ee0 -> 0X7f50b7e51ce0)
20 microseconds
[2016-10-27 11:36:30]Process 14441 termed with signal 11(SIGSEGV)
PT_F40-1_bit_0-200 Test Num : 184
Inject into ../bin/hello
----- Type : 1_bit_0 Pos : PT_F40 -----
There are 1 faults will be injected in faulttable...
100087 microseconds
Fault on PT_F40(0X7fb57861bee0 -> 0X7fb57861bee0)
3000068 microseconds
timeout
[2016-10-27 11:36:34]Process 14443 termed with signal 14(SIGALRM)
PT_F40-1_bit_0-200 Test Num : 185
Inject into ../bin/hello
----- Type : 1_bit_0 Pos : PT_F40 -----
There are 1 faults will be injected in faulttable...
101481 microseconds
Fault on PT_F40(0X7f97d4959ee0 -> 0X7f97d0959ee0)
27 microseconds
[2016-10-27 11:36:34]Process 14445 termed with signal 11(SIGSEGV)
PT_F40-1_bit_0-200 Test Num : 186
Inject into ../bin/hello
----- Type : 1_bit_0 Pos : PT_F40 -----
There are 1 faults will be injected in faulttable...
100322 microseconds
Fault on PT_F40(0X7ff42da1fee0 -> 0X7ff429a1fee0)
19 microseconds
[2016-10-27 11:36:34]Process 14447 termed with signal 11(SIGSEGV)
PT_F40-1_bit_0-200 Test Num : 187
Inject into ../bin/hello
----- Type : 1_bit_0 Pos : PT_F40 -----
There are 1 faults will be injected in faulttable...
101088 microseconds
Fault on PT_F40(0X7f3ad2e71ee0 -> 0X7f3ad2e71ee0)
3000150 microseconds
timeout
[2016-10-27 11:36:37]Process 14449 termed with signal 14(SIGALRM)
PT_F40-1_bit_0-200 Test Num : 188
Inject into ../bin/hello
----- Type : 1_bit_0 Pos : PT_F40 -----
There are 1 faults will be injected in faulttable...
101215 microseconds
Fault on PT_F40(0X7f3726f71ee0 -> 0X7f3726f71ee0)
3000090 microseconds
timeout
[2016-10-27 11:36:40]Process 14451 termed with signal 14(SIGALRM)
PT_F40-1_bit_0-200 Test Num : 189
Inject into ../bin/hello
----- Type : 1_bit_0 Pos : PT_F40 -----
There are 1 faults will be injected in faulttable...
100335 microseconds
Fault on PT_F40(0X7f850754cee0 -> 0X7f850754cee0)
3000076 microseconds
timeout
[2016-10-27 11:36:43]Process 14453 termed with signal 14(SIGALRM)
PT_F40-1_bit_0-200 Test Num : 190
Inject into ../bin/hello
----- Type : 1_bit_0 Pos : PT_F40 -----
There are 1 faults will be injected in faulttable...
100988 microseconds
Fault on PT_F40(0X7f3f26e3aee0 -> 0X7f3f26e3aee0)
3000068 microseconds
timeout
[2016-10-27 11:36:46]Process 14455 termed with signal 14(SIGALRM)
PT_F40-1_bit_0-200 Test Num : 191
Inject into ../bin/hello
----- Type : 1_bit_0 Pos : PT_F40 -----
There are 1 faults will be injected in faulttable...
101484 microseconds
Fault on PT_F40(0X7f96fea73ee0 -> 0X7f96fea73ee0)
3000080 microseconds
timeout
[2016-10-27 11:36:49]Process 14457 termed with signal 14(SIGALRM)
PT_F40-1_bit_0-200 Test Num : 192
Inject into ../bin/hello
----- Type : 1_bit_0 Pos : PT_F40 -----
There are 1 faults will be injected in faulttable...
101124 microseconds
Fault on PT_F40(0X7fd9566d0ee0 -> 0X7fd9566d0ee0)
3000112 microseconds
timeout
[2016-10-27 11:36:52]Process 14459 termed with signal 14(SIGALRM)
PT_F40-1_bit_0-200 Test Num : 193
Inject into ../bin/hello
----- Type : 1_bit_0 Pos : PT_F40 -----
There are 1 faults will be injected in faulttable...
101054 microseconds
Fault on PT_F40(0X7fefecbb4ee0 -> 0X7fefecbb46e0)
15 microseconds
[2016-10-27 11:36:53]Process 14461 termed with signal 11(SIGSEGV)
PT_F40-1_bit_0-200 Test Num : 194
Inject into ../bin/hello
----- Type : 1_bit_0 Pos : PT_F40 -----
There are 1 faults will be injected in faulttable...
101111 microseconds
Fault on PT_F40(0X7fc29a3e7ee0 -> 0X7fc29a3e76e0)
30 microseconds
[2016-10-27 11:36:53]Process 14463 termed with signal 11(SIGSEGV)
PT_F40-1_bit_0-200 Test Num : 195
Inject into ../bin/hello
----- Type : 1_bit_0 Pos : PT_F40 -----
There are 1 faults will be injected in faulttable...
100985 microseconds
Fault on PT_F40(0X7fd9a7becee0 -> 0X7fd9a7bec6e0)
17 microseconds
[2016-10-27 11:36:53]Process 14465 termed with signal 11(SIGSEGV)
PT_F40-1_bit_0-200 Test Num : 196
Inject into ../bin/hello
----- Type : 1_bit_0 Pos : PT_F40 -----
There are 1 faults will be injected in faulttable...
101143 microseconds
Fault on PT_F40(0X7fc1ec56eee0 -> 0X7fc1ec56e6e0)
17 microseconds
[2016-10-27 11:36:53]Process 14467 termed with signal 11(SIGSEGV)
PT_F40-1_bit_0-200 Test Num : 197
Inject into ../bin/hello
----- Type : 1_bit_0 Pos : PT_F40 -----
There are 1 faults will be injected in faulttable...
100928 microseconds
Fault on PT_F40(0X7fb7c37ecee0 -> 0X7fb7c37ec6e0)
15 microseconds
[2016-10-27 11:36:53]Process 14469 termed with signal 11(SIGSEGV)
PT_F40-1_bit_0-200 Test Num : 198
Inject into ../bin/hello
----- Type : 1_bit_0 Pos : PT_F40 -----
There are 1 faults will be injected in faulttable...
101088 microseconds
Fault on PT_F40(0X7f848aec2ee0 -> 0X7f848aec26e0)
21 microseconds
[2016-10-27 11:36:53]Process 14471 termed with signal 11(SIGSEGV)
PT_F40-1_bit_0-200 Test Num : 199
Inject into ../bin/hello
----- Type : 1_bit_0 Pos : PT_F40 -----
There are 1 faults will be injected in faulttable...
101231 microseconds
Fault on PT_F40(0X7f9097de0ee0 -> 0X7f9097de06e0)
13 microseconds
[2016-10-27 11:36:53]Process 14473 termed with signal 11(SIGSEGV)
PT_F40-1_bit_0-200 Test Num : 200
Inject into ../bin/hello
----- Type : 1_bit_0 Pos : PT_F40 -----
There are 1 faults will be injected in faulttable...
101131 microseconds
Fault on PT_F40(0X7f926b4c7ee0 -> 0X7f926b4c76e0)
22 microseconds
[2016-10-27 11:36:53]Process 14475 termed with signal 11(SIGSEGV)
