PT_F40-1_bit_flip-200 Test Num : 1
Inject into ../bin/hello
----- Type : 1_bit_flip Pos : PT_F40 -----
There are 1 faults will be injected in faulttable...
101485 microseconds
Fault on PT_F40(0X7f2df99bfee0 -> 0X7f2df99bdee0)
22 microseconds
[2016-10-27 11:32:35]Process 12857 termed with signal 11(SIGSEGV)
PT_F40-1_bit_flip-200 Test Num : 2
Inject into ../bin/hello
----- Type : 1_bit_flip Pos : PT_F40 -----
There are 1 faults will be injected in faulttable...
101085 microseconds
Fault on PT_F40(0X7f388e06aee0 -> 0X7f389e06aee0)
18 microseconds
[2016-10-27 11:32:36]Process 12859 termed with signal 11(SIGSEGV)
PT_F40-1_bit_flip-200 Test Num : 3
Inject into ../bin/hello
----- Type : 1_bit_flip Pos : PT_F40 -----
There are 1 faults will be injected in faulttable...
100093 microseconds
Fault on PT_F40(0X7f2db8c21ee0 -> 0X7f2da8c21ee0)
21 microseconds
[2016-10-27 11:32:36]Process 12861 termed with signal 11(SIGSEGV)
PT_F40-1_bit_flip-200 Test Num : 4
Inject into ../bin/hello
----- Type : 1_bit_flip Pos : PT_F40 -----
There are 1 faults will be injected in faulttable...
101144 microseconds
Fault on PT_F40(0X7f5d62eabee0 -> 0X7f5d72eabee0)
15 microseconds
[2016-10-27 11:32:36]Process 12863 termed with signal 11(SIGSEGV)
PT_F40-1_bit_flip-200 Test Num : 5
Inject into ../bin/hello
----- Type : 1_bit_flip Pos : PT_F40 -----
There are 1 faults will be injected in faulttable...
101147 microseconds
Fault on PT_F40(0X7fc2882daee0 -> 0X7fc2982daee0)
15 microseconds
[2016-10-27 11:32:36]Process 12865 termed with signal 11(SIGSEGV)
PT_F40-1_bit_flip-200 Test Num : 6
Inject into ../bin/hello
----- Type : 1_bit_flip Pos : PT_F40 -----
There are 1 faults will be injected in faulttable...
100946 microseconds
Fault on PT_F40(0X7f78e1471ee0 -> 0X7f78f1471ee0)
18 microseconds
[2016-10-27 11:32:36]Process 12867 termed with signal 11(SIGSEGV)
PT_F40-1_bit_flip-200 Test Num : 7
Inject into ../bin/hello
----- Type : 1_bit_flip Pos : PT_F40 -----
There are 1 faults will be injected in faulttable...
101188 microseconds
Fault on PT_F40(0X7efe5bce2ee0 -> 0X7efe4bce2ee0)
13 microseconds
[2016-10-27 11:32:36]Process 12869 termed with signal 11(SIGSEGV)
PT_F40-1_bit_flip-200 Test Num : 8
Inject into ../bin/hello
----- Type : 1_bit_flip Pos : PT_F40 -----
There are 1 faults will be injected in faulttable...
101077 microseconds
Fault on PT_F40(0X7f6631c59ee0 -> 0X7f6621c59ee0)
14 microseconds
[2016-10-27 11:32:36]Process 12871 termed with signal 11(SIGSEGV)
PT_F40-1_bit_flip-200 Test Num : 9
Inject into ../bin/hello
----- Type : 1_bit_flip Pos : PT_F40 -----
There are 1 faults will be injected in faulttable...
101186 microseconds
Fault on PT_F40(0X7f343364bee0 -> 0X7f342364bee0)
13 microseconds
[2016-10-27 11:32:36]Process 12873 termed with signal 11(SIGSEGV)
PT_F40-1_bit_flip-200 Test Num : 10
Inject into ../bin/hello
----- Type : 1_bit_flip Pos : PT_F40 -----
There are 1 faults will be injected in faulttable...
100093 microseconds
Fault on PT_F40(0X7fa621db6ee0 -> 0X7fa631db6ee0)
22 microseconds
[2016-10-27 11:32:36]Process 12875 termed with signal 11(SIGSEGV)
PT_F40-1_bit_flip-200 Test Num : 11
Inject into ../bin/hello
----- Type : 1_bit_flip Pos : PT_F40 -----
There are 1 faults will be injected in faulttable...
100990 microseconds
Fault on PT_F40(0X7fddd26e1ee0 -> 0X87fddd26e1ee0)
19 microseconds
[2016-10-27 11:32:37]Process 12877 termed with signal 11(SIGSEGV)
PT_F40-1_bit_flip-200 Test Num : 12
Inject into ../bin/hello
----- Type : 1_bit_flip Pos : PT_F40 -----
There are 1 faults will be injected in faulttable...
100335 microseconds
Fault on PT_F40(0X7f07e49d8ee0 -> 0X87f07e49d8ee0)
19 microseconds
[2016-10-27 11:32:37]Process 12879 termed with signal 11(SIGSEGV)
PT_F40-1_bit_flip-200 Test Num : 13
Inject into ../bin/hello
----- Type : 1_bit_flip Pos : PT_F40 -----
There are 1 faults will be injected in faulttable...
101055 microseconds
Fault on PT_F40(0X7fde41653ee0 -> 0X87fde41653ee0)
11 microseconds
[2016-10-27 11:32:37]Process 12881 termed with signal 11(SIGSEGV)
PT_F40-1_bit_flip-200 Test Num : 14
Inject into ../bin/hello
----- Type : 1_bit_flip Pos : PT_F40 -----
There are 1 faults will be injected in faulttable...
101132 microseconds
Fault on PT_F40(0X7fef33a79ee0 -> 0X87fef33a79ee0)
20 microseconds
[2016-10-27 11:32:37]Process 12883 termed with signal 11(SIGSEGV)
PT_F40-1_bit_flip-200 Test Num : 15
Inject into ../bin/hello
----- Type : 1_bit_flip Pos : PT_F40 -----
There are 1 faults will be injected in faulttable...
101066 microseconds
Fault on PT_F40(0X7fd53ea14ee0 -> 0X87fd53ea14ee0)
18 microseconds
[2016-10-27 11:32:37]Process 12885 termed with signal 11(SIGSEGV)
PT_F40-1_bit_flip-200 Test Num : 16
Inject into ../bin/hello
----- Type : 1_bit_flip Pos : PT_F40 -----
There are 1 faults will be injected in faulttable...
101477 microseconds
Fault on PT_F40(0X7f549352aee0 -> 0X87f549352aee0)
17 microseconds
[2016-10-27 11:32:37]Process 12887 termed with signal 11(SIGSEGV)
PT_F40-1_bit_flip-200 Test Num : 17
Inject into ../bin/hello
----- Type : 1_bit_flip Pos : PT_F40 -----
There are 1 faults will be injected in faulttable...
101079 microseconds
Fault on PT_F40(0X7fdb0dec2ee0 -> 0X87fdb0dec2ee0)
16 microseconds
[2016-10-27 11:32:37]Process 12889 termed with signal 11(SIGSEGV)
PT_F40-1_bit_flip-200 Test Num : 18
Inject into ../bin/hello
----- Type : 1_bit_flip Pos : PT_F40 -----
There are 1 faults will be injected in faulttable...
101506 microseconds
Fault on PT_F40(0X7f6d96af2ee0 -> 0X87f6d96af2ee0)
13 microseconds
[2016-10-27 11:32:37]Process 12891 termed with signal 11(SIGSEGV)
PT_F40-1_bit_flip-200 Test Num : 19
Inject into ../bin/hello
----- Type : 1_bit_flip Pos : PT_F40 -----
There are 1 faults will be injected in faulttable...
101186 microseconds
Fault on PT_F40(0X7fe1ba5f1ee0 -> 0X87fe1ba5f1ee0)
17 microseconds
[2016-10-27 11:32:37]Process 12893 termed with signal 11(SIGSEGV)
PT_F40-1_bit_flip-200 Test Num : 20
Inject into ../bin/hello
----- Type : 1_bit_flip Pos : PT_F40 -----
There are 1 faults will be injected in faulttable...
101166 microseconds
Fault on PT_F40(0X7f63f3e60ee0 -> 0X7f63f3a60ee0)
21 microseconds
[2016-10-27 11:32:38]Process 12895 termed with signal 11(SIGSEGV)
PT_F40-1_bit_flip-200 Test Num : 21
Inject into ../bin/hello
----- Type : 1_bit_flip Pos : PT_F40 -----
There are 1 faults will be injected in faulttable...
101160 microseconds
Fault on PT_F40(0X7ff3a25a7ee0 -> 0X7ff3a21a7ee0)
18 microseconds
[2016-10-27 11:32:38]Process 12897 termed with signal 11(SIGSEGV)
PT_F40-1_bit_flip-200 Test Num : 22
Inject into ../bin/hello
----- Type : 1_bit_flip Pos : PT_F40 -----
There are 1 faults will be injected in faulttable...
101083 microseconds
Fault on PT_F40(0X7f5d8dd0eee0 -> 0X7f5d8d90eee0)
21 microseconds
[2016-10-27 11:32:38]Process 12899 termed with signal 11(SIGSEGV)
PT_F40-1_bit_flip-200 Test Num : 23
Inject into ../bin/hello
----- Type : 1_bit_flip Pos : PT_F40 -----
There are 1 faults will be injected in faulttable...
101023 microseconds
Fault on PT_F40(0X7fce79a27ee0 -> 0X7fce79e27ee0)
16 microseconds
[2016-10-27 11:32:38]Process 12901 termed with signal 11(SIGSEGV)
PT_F40-1_bit_flip-200 Test Num : 24
Inject into ../bin/hello
----- Type : 1_bit_flip Pos : PT_F40 -----
There are 1 faults will be injected in faulttable...
101519 microseconds
Fault on PT_F40(0X7f74bd0ddee0 -> 0X7f74bd4ddee0)
19 microseconds
[2016-10-27 11:32:38]Process 12903 termed with signal 11(SIGSEGV)
PT_F40-1_bit_flip-200 Test Num : 25
Inject into ../bin/hello
----- Type : 1_bit_flip Pos : PT_F40 -----
There are 1 faults will be injected in faulttable...
101125 microseconds
Fault on PT_F40(0X7f85c93efee0 -> 0X7f85c97efee0)
23 microseconds
[2016-10-27 11:32:38]Process 12905 termed with signal 11(SIGSEGV)
PT_F40-1_bit_flip-200 Test Num : 26
Inject into ../bin/hello
----- Type : 1_bit_flip Pos : PT_F40 -----
There are 1 faults will be injected in faulttable...
100119 microseconds
Fault on PT_F40(0X7f8343465ee0 -> 0X7f8343065ee0)
20 microseconds
[2016-10-27 11:32:38]Process 12907 termed with signal 11(SIGSEGV)
PT_F40-1_bit_flip-200 Test Num : 27
Inject into ../bin/hello
----- Type : 1_bit_flip Pos : PT_F40 -----
There are 1 faults will be injected in faulttable...
101036 microseconds
Fault on PT_F40(0X7f598b1bdee0 -> 0X7f598b5bdee0)
14 microseconds
[2016-10-27 11:32:38]Process 12909 termed with signal 11(SIGSEGV)
PT_F40-1_bit_flip-200 Test Num : 28
Inject into ../bin/hello
----- Type : 1_bit_flip Pos : PT_F40 -----
There are 1 faults will be injected in faulttable...
101379 microseconds
Fault on PT_F40(0X7fc76813fee0 -> 0X7fc76853fee0)
28 microseconds
[2016-10-27 11:32:38]Process 12911 termed with signal 11(SIGSEGV)
PT_F40-1_bit_flip-200 Test Num : 29
Inject into ../bin/hello
----- Type : 1_bit_flip Pos : PT_F40 -----
There are 1 faults will be injected in faulttable...
101306 microseconds
Fault on PT_F40(0X7fc1ad6f7ee0 -> 0X3fc1ad6f7ee0)
13 microseconds
[2016-10-27 11:32:39]Process 12913 termed with signal 11(SIGSEGV)
PT_F40-1_bit_flip-200 Test Num : 30
Inject into ../bin/hello
----- Type : 1_bit_flip Pos : PT_F40 -----
There are 1 faults will be injected in faulttable...
101132 microseconds
Fault on PT_F40(0X7f07b35e2ee0 -> 0X3f07b35e2ee0)
18 microseconds
[2016-10-27 11:32:39]Process 12915 termed with signal 11(SIGSEGV)
PT_F40-1_bit_flip-200 Test Num : 31
Inject into ../bin/hello
----- Type : 1_bit_flip Pos : PT_F40 -----
There are 1 faults will be injected in faulttable...
100066 microseconds
Fault on PT_F40(0X7fb5a2fd6ee0 -> 0X3fb5a2fd6ee0)
14 microseconds
[2016-10-27 11:32:39]Process 12917 termed with signal 11(SIGSEGV)
PT_F40-1_bit_flip-200 Test Num : 32
Inject into ../bin/hello
----- Type : 1_bit_flip Pos : PT_F40 -----
There are 1 faults will be injected in faulttable...
101140 microseconds
Fault on PT_F40(0X7f2061561ee0 -> 0X3f2061561ee0)
18 microseconds
[2016-10-27 11:32:39]Process 12919 termed with signal 11(SIGSEGV)
PT_F40-1_bit_flip-200 Test Num : 33
Inject into ../bin/hello
----- Type : 1_bit_flip Pos : PT_F40 -----
There are 1 faults will be injected in faulttable...
101036 microseconds
Fault on PT_F40(0X7f44f0039ee0 -> 0X3f44f0039ee0)
11 microseconds
[2016-10-27 11:32:39]Process 12921 termed with signal 11(SIGSEGV)
PT_F40-1_bit_flip-200 Test Num : 34
Inject into ../bin/hello
----- Type : 1_bit_flip Pos : PT_F40 -----
There are 1 faults will be injected in faulttable...
101083 microseconds
Fault on PT_F40(0X7f47b38efee0 -> 0X3f47b38efee0)
16 microseconds
[2016-10-27 11:32:39]Process 12923 termed with signal 11(SIGSEGV)
PT_F40-1_bit_flip-200 Test Num : 35
Inject into ../bin/hello
----- Type : 1_bit_flip Pos : PT_F40 -----
There are 1 faults will be injected in faulttable...
101086 microseconds
Fault on PT_F40(0X7f4c5195eee0 -> 0X3f4c5195eee0)
19 microseconds
[2016-10-27 11:32:39]Process 12925 termed with signal 11(SIGSEGV)
PT_F40-1_bit_flip-200 Test Num : 36
Inject into ../bin/hello
----- Type : 1_bit_flip Pos : PT_F40 -----
There are 1 faults will be injected in faulttable...
100105 microseconds
Fault on PT_F40(0X7f3b9099aee0 -> 0X3f3b9099aee0)
23 microseconds
[2016-10-27 11:32:39]Process 12927 termed with signal 11(SIGSEGV)
PT_F40-1_bit_flip-200 Test Num : 37
Inject into ../bin/hello
----- Type : 1_bit_flip Pos : PT_F40 -----
There are 1 faults will be injected in faulttable...
101355 microseconds
Fault on PT_F40(0X7fb72855dee0 -> 0X3fb72855dee0)
16 microseconds
[2016-10-27 11:32:39]Process 12929 termed with signal 11(SIGSEGV)
PT_F40-1_bit_flip-200 Test Num : 38
Inject into ../bin/hello
----- Type : 1_bit_flip Pos : PT_F40 -----
There are 1 faults will be injected in faulttable...
101334 microseconds
Fault on PT_F40(0X7f61bfbc6ee0 -> 0X10007f61bfbc6ee0)
22 microseconds
[2016-10-27 11:32:40]Process 12931 termed with signal 11(SIGSEGV)
PT_F40-1_bit_flip-200 Test Num : 39
Inject into ../bin/hello
----- Type : 1_bit_flip Pos : PT_F40 -----
There are 1 faults will be injected in faulttable...
101326 microseconds
Fault on PT_F40(0X7f45f1cacee0 -> 0X10007f45f1cacee0)
15 microseconds
[2016-10-27 11:32:40]Process 12933 termed with signal 11(SIGSEGV)
PT_F40-1_bit_flip-200 Test Num : 40
Inject into ../bin/hello
----- Type : 1_bit_flip Pos : PT_F40 -----
There are 1 faults will be injected in faulttable...
101089 microseconds
Fault on PT_F40(0X7fd259ea4ee0 -> 0X10007fd259ea4ee0)
14 microseconds
[2016-10-27 11:32:40]Process 12935 termed with signal 11(SIGSEGV)
PT_F40-1_bit_flip-200 Test Num : 41
Inject into ../bin/hello
----- Type : 1_bit_flip Pos : PT_F40 -----
There are 1 faults will be injected in faulttable...
101152 microseconds
Fault on PT_F40(0X7f2270184ee0 -> 0X10007f2270184ee0)
12 microseconds
[2016-10-27 11:32:40]Process 12937 termed with signal 11(SIGSEGV)
PT_F40-1_bit_flip-200 Test Num : 42
Inject into ../bin/hello
----- Type : 1_bit_flip Pos : PT_F40 -----
There are 1 faults will be injected in faulttable...
100065 microseconds
Fault on PT_F40(0X7fec82d42ee0 -> 0X10007fec82d42ee0)
89 microseconds
[2016-10-27 11:32:40]Process 12939 termed with signal 11(SIGSEGV)
PT_F40-1_bit_flip-200 Test Num : 43
Inject into ../bin/hello
----- Type : 1_bit_flip Pos : PT_F40 -----
There are 1 faults will be injected in faulttable...
101160 microseconds
Fault on PT_F40(0X7f1feee6aee0 -> 0X10007f1feee6aee0)
19 microseconds
[2016-10-27 11:32:40]Process 12941 termed with signal 11(SIGSEGV)
PT_F40-1_bit_flip-200 Test Num : 44
Inject into ../bin/hello
----- Type : 1_bit_flip Pos : PT_F40 -----
There are 1 faults will be injected in faulttable...
101110 microseconds
Fault on PT_F40(0X7f05818bcee0 -> 0X10007f05818bcee0)
14 microseconds
[2016-10-27 11:32:40]Process 12943 termed with signal 11(SIGSEGV)
PT_F40-1_bit_flip-200 Test Num : 45
Inject into ../bin/hello
----- Type : 1_bit_flip Pos : PT_F40 -----
There are 1 faults will be injected in faulttable...
101184 microseconds
Fault on PT_F40(0X7f15c91bbee0 -> 0X10007f15c91bbee0)
12 microseconds
[2016-10-27 11:32:40]Process 12945 termed with signal 11(SIGSEGV)
PT_F40-1_bit_flip-200 Test Num : 46
Inject into ../bin/hello
----- Type : 1_bit_flip Pos : PT_F40 -----
There are 1 faults will be injected in faulttable...
100096 microseconds
Fault on PT_F40(0X7f45ad50eee0 -> 0X10007f45ad50eee0)
25 microseconds
[2016-10-27 11:32:40]Process 12947 termed with signal 11(SIGSEGV)
PT_F40-1_bit_flip-200 Test Num : 47
Inject into ../bin/hello
----- Type : 1_bit_flip Pos : PT_F40 -----
There are 1 faults will be injected in faulttable...
101080 microseconds
Fault on PT_F40(0X7fe1fb437ee0 -> 0X10007fe1fb437ee0)
10 microseconds
[2016-10-27 11:32:40]Process 12949 termed with signal 11(SIGSEGV)
PT_F40-1_bit_flip-200 Test Num : 48
Inject into ../bin/hello
----- Type : 1_bit_flip Pos : PT_F40 -----
There are 1 faults will be injected in faulttable...
100094 microseconds
Fault on PT_F40(0X7f63d1528ee0 -> 0X6f63d1528ee0)
20 microseconds
[2016-10-27 11:32:41]Process 12951 termed with signal 11(SIGSEGV)
PT_F40-1_bit_flip-200 Test Num : 49
Inject into ../bin/hello
----- Type : 1_bit_flip Pos : PT_F40 -----
There are 1 faults will be injected in faulttable...
100111 microseconds
Fault on PT_F40(0X7fc84f89fee0 -> 0X6fc84f89fee0)
15 microseconds
[2016-10-27 11:32:41]Process 12953 termed with signal 11(SIGSEGV)
PT_F40-1_bit_flip-200 Test Num : 50
Inject into ../bin/hello
----- Type : 1_bit_flip Pos : PT_F40 -----
There are 1 faults will be injected in faulttable...
101243 microseconds
Fault on PT_F40(0X7f85f4a2cee0 -> 0X6f85f4a2cee0)
24 microseconds
[2016-10-27 11:32:41]Process 12955 termed with signal 11(SIGSEGV)
PT_F40-1_bit_flip-200 Test Num : 51
Inject into ../bin/hello
----- Type : 1_bit_flip Pos : PT_F40 -----
There are 1 faults will be injected in faulttable...
101284 microseconds
Fault on PT_F40(0X7f0d1ba5eee0 -> 0X6f0d1ba5eee0)
22 microseconds
[2016-10-27 11:32:41]Process 12957 termed with signal 11(SIGSEGV)
PT_F40-1_bit_flip-200 Test Num : 52
Inject into ../bin/hello
----- Type : 1_bit_flip Pos : PT_F40 -----
There are 1 faults will be injected in faulttable...
101410 microseconds
Fault on PT_F40(0X7f0d0d6ebee0 -> 0X6f0d0d6ebee0)
17 microseconds
[2016-10-27 11:32:41]Process 12959 termed with signal 11(SIGSEGV)
PT_F40-1_bit_flip-200 Test Num : 53
Inject into ../bin/hello
----- Type : 1_bit_flip Pos : PT_F40 -----
There are 1 faults will be injected in faulttable...
101240 microseconds
Fault on PT_F40(0X7fa2ace13ee0 -> 0X6fa2ace13ee0)
16 microseconds
[2016-10-27 11:32:41]Process 12961 termed with signal 11(SIGSEGV)
PT_F40-1_bit_flip-200 Test Num : 54
Inject into ../bin/hello
----- Type : 1_bit_flip Pos : PT_F40 -----
There are 1 faults will be injected in faulttable...
101326 microseconds
Fault on PT_F40(0X7ff922524ee0 -> 0X6ff922524ee0)
22 microseconds
[2016-10-27 11:32:41]Process 12963 termed with signal 11(SIGSEGV)
PT_F40-1_bit_flip-200 Test Num : 55
Inject into ../bin/hello
----- Type : 1_bit_flip Pos : PT_F40 -----
There are 1 faults will be injected in faulttable...
101300 microseconds
Fault on PT_F40(0X7f4b7814cee0 -> 0X6f4b7814cee0)
22 microseconds
[2016-10-27 11:32:41]Process 12965 termed with signal 11(SIGSEGV)
PT_F40-1_bit_flip-200 Test Num : 56
Inject into ../bin/hello
----- Type : 1_bit_flip Pos : PT_F40 -----
There are 1 faults will be injected in faulttable...
101540 microseconds
Fault on PT_F40(0X7faf5f463ee0 -> 0X6faf5f463ee0)
15 microseconds
[2016-10-27 11:32:41]Process 12967 termed with signal 11(SIGSEGV)
PT_F40-1_bit_flip-200 Test Num : 57
Inject into ../bin/hello
----- Type : 1_bit_flip Pos : PT_F40 -----
There are 1 faults will be injected in faulttable...
100096 microseconds
Fault on PT_F40(0X7f67e34f4ee0 -> 0X7f47e34f4ee0)
24 microseconds
[2016-10-27 11:32:42]Process 12969 termed with signal 11(SIGSEGV)
PT_F40-1_bit_flip-200 Test Num : 58
Inject into ../bin/hello
----- Type : 1_bit_flip Pos : PT_F40 -----
There are 1 faults will be injected in faulttable...
102100 microseconds
Fault on PT_F40(0X7fdec62d6ee0 -> 0X7ffec62d6ee0)
13 microseconds
[2016-10-27 11:32:42]Process 12971 termed with signal 11(SIGSEGV)
PT_F40-1_bit_flip-200 Test Num : 59
Inject into ../bin/hello
----- Type : 1_bit_flip Pos : PT_F40 -----
There are 1 faults will be injected in faulttable...
101089 microseconds
Fault on PT_F40(0X7f510ce9aee0 -> 0X7f710ce9aee0)
18 microseconds
[2016-10-27 11:32:42]Process 12973 termed with signal 11(SIGSEGV)
PT_F40-1_bit_flip-200 Test Num : 60
Inject into ../bin/hello
----- Type : 1_bit_flip Pos : PT_F40 -----
There are 1 faults will be injected in faulttable...
101032 microseconds
Fault on PT_F40(0X7f1dffa6cee0 -> 0X7f3dffa6cee0)
14 microseconds
[2016-10-27 11:32:42]Process 12975 termed with signal 11(SIGSEGV)
PT_F40-1_bit_flip-200 Test Num : 61
Inject into ../bin/hello
----- Type : 1_bit_flip Pos : PT_F40 -----
There are 1 faults will be injected in faulttable...
101012 microseconds
Fault on PT_F40(0X7f7f4e55cee0 -> 0X7f5f4e55cee0)
15 microseconds
[2016-10-27 11:32:42]Process 12977 termed with signal 11(SIGSEGV)
PT_F40-1_bit_flip-200 Test Num : 62
Inject into ../bin/hello
----- Type : 1_bit_flip Pos : PT_F40 -----
There are 1 faults will be injected in faulttable...
102771 microseconds
Fault on PT_F40(0X7fac55306ee0 -> 0X7f8c55306ee0)
12 microseconds
[2016-10-27 11:32:42]Process 12979 termed with signal 11(SIGSEGV)
PT_F40-1_bit_flip-200 Test Num : 63
Inject into ../bin/hello
----- Type : 1_bit_flip Pos : PT_F40 -----
There are 1 faults will be injected in faulttable...
101104 microseconds
Fault on PT_F40(0X7fd14bb1eee0 -> 0X7ff14bb1eee0)
14 microseconds
[2016-10-27 11:32:42]Process 12981 termed with signal 11(SIGSEGV)
PT_F40-1_bit_flip-200 Test Num : 64
Inject into ../bin/hello
----- Type : 1_bit_flip Pos : PT_F40 -----
There are 1 faults will be injected in faulttable...
100082 microseconds
Fault on PT_F40(0X7f2fe7a72ee0 -> 0X7f0fe7a72ee0)
17 microseconds
[2016-10-27 11:32:42]Process 12983 termed with signal 11(SIGSEGV)
PT_F40-1_bit_flip-200 Test Num : 65
Inject into ../bin/hello
----- Type : 1_bit_flip Pos : PT_F40 -----
There are 1 faults will be injected in faulttable...
100101 microseconds
Fault on PT_F40(0X7f8929544ee0 -> 0X7fa929544ee0)
28 microseconds
[2016-10-27 11:32:42]Process 12985 termed with signal 11(SIGSEGV)
PT_F40-1_bit_flip-200 Test Num : 66
Inject into ../bin/hello
----- Type : 1_bit_flip Pos : PT_F40 -----
There are 1 faults will be injected in faulttable...
100095 microseconds
Fault on PT_F40(0X7fbb6cfefee0 -> 0X7f9b6cfefee0)
20 microseconds
[2016-10-27 11:32:43]Process 12987 termed with signal 11(SIGSEGV)
PT_F40-1_bit_flip-200 Test Num : 67
Inject into ../bin/hello
----- Type : 1_bit_flip Pos : PT_F40 -----
There are 1 faults will be injected in faulttable...
101033 microseconds
Fault on PT_F40(0X7f9e3d2feee0 -> 0X7fbe3d2feee0)
18 microseconds
[2016-10-27 11:32:43]Process 12989 termed with signal 11(SIGSEGV)
PT_F40-1_bit_flip-200 Test Num : 68
Inject into ../bin/hello
----- Type : 1_bit_flip Pos : PT_F40 -----
There are 1 faults will be injected in faulttable...
101224 microseconds
Fault on PT_F40(0X7f008c83dee0 -> 0X7f208c83dee0)
14 microseconds
[2016-10-27 11:32:43]Process 12991 termed with signal 11(SIGSEGV)
PT_F40-1_bit_flip-200 Test Num : 69
Inject into ../bin/hello
----- Type : 1_bit_flip Pos : PT_F40 -----
There are 1 faults will be injected in faulttable...
100100 microseconds
Fault on PT_F40(0X7f2b9febcee0 -> 0X7f0b9febcee0)
16 microseconds
[2016-10-27 11:32:43]Process 12993 termed with signal 11(SIGSEGV)
PT_F40-1_bit_flip-200 Test Num : 70
Inject into ../bin/hello
----- Type : 1_bit_flip Pos : PT_F40 -----
There are 1 faults will be injected in faulttable...
101030 microseconds
Fault on PT_F40(0X7f8584ec0ee0 -> 0X7fa584ec0ee0)
12 microseconds
[2016-10-27 11:32:43]Process 12995 termed with signal 11(SIGSEGV)
PT_F40-1_bit_flip-200 Test Num : 71
Inject into ../bin/hello
----- Type : 1_bit_flip Pos : PT_F40 -----
There are 1 faults will be injected in faulttable...
101298 microseconds
Fault on PT_F40(0X7ff630956ee0 -> 0X7fd630956ee0)
13 microseconds
[2016-10-27 11:32:43]Process 12997 termed with signal 11(SIGSEGV)
PT_F40-1_bit_flip-200 Test Num : 72
Inject into ../bin/hello
----- Type : 1_bit_flip Pos : PT_F40 -----
There are 1 faults will be injected in faulttable...
101109 microseconds
Fault on PT_F40(0X7fe958ed4ee0 -> 0X7fc958ed4ee0)
20 microseconds
[2016-10-27 11:32:43]Process 12999 termed with signal 11(SIGSEGV)
PT_F40-1_bit_flip-200 Test Num : 73
Inject into ../bin/hello
----- Type : 1_bit_flip Pos : PT_F40 -----
There are 1 faults will be injected in faulttable...
101225 microseconds
Fault on PT_F40(0X7f16dd915ee0 -> 0X7f36dd915ee0)
17 microseconds
[2016-10-27 11:32:43]Process 13001 termed with signal 11(SIGSEGV)
PT_F40-1_bit_flip-200 Test Num : 74
Inject into ../bin/hello
----- Type : 1_bit_flip Pos : PT_F40 -----
There are 1 faults will be injected in faulttable...
101061 microseconds
Fault on PT_F40(0X7fc981793ee0 -> 0X7fe981793ee0)
20 microseconds
[2016-10-27 11:32:43]Process 13003 termed with signal 11(SIGSEGV)
PT_F40-1_bit_flip-200 Test Num : 75
Inject into ../bin/hello
----- Type : 1_bit_flip Pos : PT_F40 -----
There are 1 faults will be injected in faulttable...
101199 microseconds
Fault on PT_F40(0X7f2b0cc6eee0 -> 0X7f2b0cc6ece0)
15 microseconds
[2016-10-27 11:32:44]Process 13005 termed with signal 11(SIGSEGV)
PT_F40-1_bit_flip-200 Test Num : 76
Inject into ../bin/hello
----- Type : 1_bit_flip Pos : PT_F40 -----
There are 1 faults will be injected in faulttable...
101108 microseconds
Fault on PT_F40(0X7fdadc601ee0 -> 0X7fdadc601ce0)
14 microseconds
[2016-10-27 11:32:44]Process 13007 termed with signal 11(SIGSEGV)
PT_F40-1_bit_flip-200 Test Num : 77
Inject into ../bin/hello
----- Type : 1_bit_flip Pos : PT_F40 -----
There are 1 faults will be injected in faulttable...
101049 microseconds
Fault on PT_F40(0X7f755284dee0 -> 0X7f755284dce0)
21 microseconds
[2016-10-27 11:32:44]Process 13009 termed with signal 11(SIGSEGV)
PT_F40-1_bit_flip-200 Test Num : 78
Inject into ../bin/hello
----- Type : 1_bit_flip Pos : PT_F40 -----
There are 1 faults will be injected in faulttable...
101162 microseconds
Fault on PT_F40(0X7f470578bee0 -> 0X7f470578bce0)
25 microseconds
[2016-10-27 11:32:44]Process 13011 termed with signal 11(SIGSEGV)
PT_F40-1_bit_flip-200 Test Num : 79
Inject into ../bin/hello
----- Type : 1_bit_flip Pos : PT_F40 -----
There are 1 faults will be injected in faulttable...
100081 microseconds
Fault on PT_F40(0X7f28d032fee0 -> 0X7f28d032fce0)
14 microseconds
[2016-10-27 11:32:44]Process 13013 termed with signal 11(SIGSEGV)
PT_F40-1_bit_flip-200 Test Num : 80
Inject into ../bin/hello
----- Type : 1_bit_flip Pos : PT_F40 -----
There are 1 faults will be injected in faulttable...
101228 microseconds
Fault on PT_F40(0X7fb09add9ee0 -> 0X7fb09add9ce0)
25 microseconds
[2016-10-27 11:32:44]Process 13015 termed with signal 11(SIGSEGV)
PT_F40-1_bit_flip-200 Test Num : 81
Inject into ../bin/hello
----- Type : 1_bit_flip Pos : PT_F40 -----
There are 1 faults will be injected in faulttable...
101199 microseconds
Fault on PT_F40(0X7ff916bbbee0 -> 0X7ff916bbbce0)
14 microseconds
[2016-10-27 11:32:44]Process 13017 termed with signal 11(SIGSEGV)
PT_F40-1_bit_flip-200 Test Num : 82
Inject into ../bin/hello
----- Type : 1_bit_flip Pos : PT_F40 -----
There are 1 faults will be injected in faulttable...
101084 microseconds
Fault on PT_F40(0X7f6708bb1ee0 -> 0X7f6708bb1ce0)
18 microseconds
[2016-10-27 11:32:44]Process 13019 termed with signal 11(SIGSEGV)
PT_F40-1_bit_flip-200 Test Num : 83
Inject into ../bin/hello
----- Type : 1_bit_flip Pos : PT_F40 -----
There are 1 faults will be injected in faulttable...
101380 microseconds
Fault on PT_F40(0X7febab532ee0 -> 0X7febab532ce0)
20 microseconds
[2016-10-27 11:32:44]Process 13021 termed with signal 11(SIGSEGV)
PT_F40-1_bit_flip-200 Test Num : 84
Inject into ../bin/hello
----- Type : 1_bit_flip Pos : PT_F40 -----
There are 1 faults will be injected in faulttable...
101131 microseconds
Fault on PT_F40(0X7f841eebfee0 -> 0X4007f841eebfee0)
17 microseconds
[2016-10-27 11:32:45]Process 13023 termed with signal 11(SIGSEGV)
PT_F40-1_bit_flip-200 Test Num : 85
Inject into ../bin/hello
----- Type : 1_bit_flip Pos : PT_F40 -----
There are 1 faults will be injected in faulttable...
101392 microseconds
Fault on PT_F40(0X7effbbf7eee0 -> 0X4007effbbf7eee0)
20 microseconds
[2016-10-27 11:32:45]Process 13025 termed with signal 11(SIGSEGV)
PT_F40-1_bit_flip-200 Test Num : 86
Inject into ../bin/hello
----- Type : 1_bit_flip Pos : PT_F40 -----
There are 1 faults will be injected in faulttable...
101584 microseconds
Fault on PT_F40(0X7ff699d24ee0 -> 0X4007ff699d24ee0)
15 microseconds
[2016-10-27 11:32:45]Process 13056 termed with signal 11(SIGSEGV)
PT_F40-1_bit_flip-200 Test Num : 87
Inject into ../bin/hello
----- Type : 1_bit_flip Pos : PT_F40 -----
There are 1 faults will be injected in faulttable...
101344 microseconds
Fault on PT_F40(0X7f3b81eb6ee0 -> 0X4007f3b81eb6ee0)
16 microseconds
[2016-10-27 11:32:45]Process 13058 termed with signal 11(SIGSEGV)
PT_F40-1_bit_flip-200 Test Num : 88
Inject into ../bin/hello
----- Type : 1_bit_flip Pos : PT_F40 -----
There are 1 faults will be injected in faulttable...
101383 microseconds
Fault on PT_F40(0X7f6cd5447ee0 -> 0X4007f6cd5447ee0)
14 microseconds
[2016-10-27 11:32:45]Process 13060 termed with signal 11(SIGSEGV)
PT_F40-1_bit_flip-200 Test Num : 89
Inject into ../bin/hello
----- Type : 1_bit_flip Pos : PT_F40 -----
There are 1 faults will be injected in faulttable...
101474 microseconds
Fault on PT_F40(0X7f3e515dbee0 -> 0X4007f3e515dbee0)
13 microseconds
[2016-10-27 11:32:45]Process 13062 termed with signal 11(SIGSEGV)
PT_F40-1_bit_flip-200 Test Num : 90
Inject into ../bin/hello
----- Type : 1_bit_flip Pos : PT_F40 -----
There are 1 faults will be injected in faulttable...
101144 microseconds
Fault on PT_F40(0X7f6a8b5b0ee0 -> 0X4007f6a8b5b0ee0)
13 microseconds
[2016-10-27 11:32:45]Process 13064 termed with signal 11(SIGSEGV)
PT_F40-1_bit_flip-200 Test Num : 91
Inject into ../bin/hello
----- Type : 1_bit_flip Pos : PT_F40 -----
There are 1 faults will be injected in faulttable...
101152 microseconds
Fault on PT_F40(0X7f7e335f8ee0 -> 0X4007f7e335f8ee0)
15 microseconds
[2016-10-27 11:32:45]Process 13066 termed with signal 11(SIGSEGV)
PT_F40-1_bit_flip-200 Test Num : 92
Inject into ../bin/hello
----- Type : 1_bit_flip Pos : PT_F40 -----
There are 1 faults will be injected in faulttable...
101152 microseconds
Fault on PT_F40(0X7f07a6400ee0 -> 0X4007f07a6400ee0)
14 microseconds
[2016-10-27 11:32:45]Process 13068 termed with signal 11(SIGSEGV)
PT_F40-1_bit_flip-200 Test Num : 93
Inject into ../bin/hello
----- Type : 1_bit_flip Pos : PT_F40 -----
There are 1 faults will be injected in faulttable...
101168 microseconds
Fault on PT_F40(0X7fa9f0f40ee0 -> 0X7fa9f0f40ee8)
3000087 microseconds
timeout
[2016-10-27 11:32:49]Process 13070 termed with signal 14(SIGALRM)
PT_F40-1_bit_flip-200 Test Num : 94
Inject into ../bin/hello
----- Type : 1_bit_flip Pos : PT_F40 -----
There are 1 faults will be injected in faulttable...
101045 microseconds
Fault on PT_F40(0X7fce91972ee0 -> 0X7fce919f2ee0)
3000126 microseconds
timeout
[2016-10-27 11:32:52]Process 13072 termed with signal 14(SIGALRM)
PT_F40-1_bit_flip-200 Test Num : 95
Inject into ../bin/hello
----- Type : 1_bit_flip Pos : PT_F40 -----
There are 1 faults will be injected in faulttable...
101218 microseconds
Fault on PT_F40(0X7f889c83aee0 -> 0X7f889c83ace0)
21 microseconds
[2016-10-27 11:32:52]Process 13074 termed with signal 11(SIGSEGV)
PT_F40-1_bit_flip-200 Test Num : 96
Inject into ../bin/hello
----- Type : 1_bit_flip Pos : PT_F40 -----
There are 1 faults will be injected in faulttable...
101188 microseconds
Fault on PT_F40(0X7fe36df95ee0 -> 0X7fe36df95ce0)
19 microseconds
[2016-10-27 11:32:52]Process 13076 termed with signal 11(SIGSEGV)
PT_F40-1_bit_flip-200 Test Num : 97
Inject into ../bin/hello
----- Type : 1_bit_flip Pos : PT_F40 -----
There are 1 faults will be injected in faulttable...
101487 microseconds
Fault on PT_F40(0X7fdb9809cee0 -> 0X7fdb9809cce0)
18 microseconds
[2016-10-27 11:32:52]Process 13078 termed with signal 11(SIGSEGV)
PT_F40-1_bit_flip-200 Test Num : 98
Inject into ../bin/hello
----- Type : 1_bit_flip Pos : PT_F40 -----
There are 1 faults will be injected in faulttable...
100100 microseconds
Fault on PT_F40(0X7f7cdea60ee0 -> 0X7f7cdea60ce0)
18 microseconds
[2016-10-27 11:32:52]Process 13080 termed with signal 11(SIGSEGV)
PT_F40-1_bit_flip-200 Test Num : 99
Inject into ../bin/hello
----- Type : 1_bit_flip Pos : PT_F40 -----
There are 1 faults will be injected in faulttable...
101693 microseconds
Fault on PT_F40(0X7f81a8001ee0 -> 0X7f81a8001ce0)
22 microseconds
[2016-10-27 11:32:52]Process 13082 termed with signal 11(SIGSEGV)
PT_F40-1_bit_flip-200 Test Num : 100
Inject into ../bin/hello
----- Type : 1_bit_flip Pos : PT_F40 -----
There are 1 faults will be injected in faulttable...
101166 microseconds
Fault on PT_F40(0X7f895d47bee0 -> 0X7f895d47bce0)
13 microseconds
[2016-10-27 11:32:52]Process 13084 termed with signal 11(SIGSEGV)
PT_F40-1_bit_flip-200 Test Num : 101
Inject into ../bin/hello
----- Type : 1_bit_flip Pos : PT_F40 -----
There are 1 faults will be injected in faulttable...
101046 microseconds
Fault on PT_F40(0X7f88298cbee0 -> 0X7f88298cbce0)
22 microseconds
[2016-10-27 11:32:52]Process 13086 termed with signal 11(SIGSEGV)
PT_F40-1_bit_flip-200 Test Num : 102
Inject into ../bin/hello
----- Type : 1_bit_flip Pos : PT_F40 -----
There are 1 faults will be injected in faulttable...
101011 microseconds
Fault on PT_F40(0X7f972e0d1ee0 -> 0X80007f972e0d1ee0)
21 microseconds
[2016-10-27 11:32:53]Process 13088 termed with signal 11(SIGSEGV)
PT_F40-1_bit_flip-200 Test Num : 103
Inject into ../bin/hello
----- Type : 1_bit_flip Pos : PT_F40 -----
There are 1 faults will be injected in faulttable...
101159 microseconds
Fault on PT_F40(0X7f99f1f2eee0 -> 0X80007f99f1f2eee0)
43 microseconds
[2016-10-27 11:32:53]Process 13090 termed with signal 11(SIGSEGV)
PT_F40-1_bit_flip-200 Test Num : 104
Inject into ../bin/hello
----- Type : 1_bit_flip Pos : PT_F40 -----
There are 1 faults will be injected in faulttable...
100930 microseconds
Fault on PT_F40(0X7f88bdf7dee0 -> 0X80007f88bdf7dee0)
13 microseconds
[2016-10-27 11:32:53]Process 13092 termed with signal 11(SIGSEGV)
PT_F40-1_bit_flip-200 Test Num : 105
Inject into ../bin/hello
----- Type : 1_bit_flip Pos : PT_F40 -----
There are 1 faults will be injected in faulttable...
100962 microseconds
Fault on PT_F40(0X7f2e1f0c3ee0 -> 0X80007f2e1f0c3ee0)
10 microseconds
[2016-10-27 11:32:53]Process 13094 termed with signal 11(SIGSEGV)
PT_F40-1_bit_flip-200 Test Num : 106
Inject into ../bin/hello
----- Type : 1_bit_flip Pos : PT_F40 -----
There are 1 faults will be injected in faulttable...
101188 microseconds
Fault on PT_F40(0X7f5668c9bee0 -> 0X80007f5668c9bee0)
10 microseconds
[2016-10-27 11:32:53]Process 13096 termed with signal 11(SIGSEGV)
PT_F40-1_bit_flip-200 Test Num : 107
Inject into ../bin/hello
----- Type : 1_bit_flip Pos : PT_F40 -----
There are 1 faults will be injected in faulttable...
101489 microseconds
Fault on PT_F40(0X7f730fadeee0 -> 0X80007f730fadeee0)
13 microseconds
[2016-10-27 11:32:53]Process 13098 termed with signal 11(SIGSEGV)
PT_F40-1_bit_flip-200 Test Num : 108
Inject into ../bin/hello
----- Type : 1_bit_flip Pos : PT_F40 -----
There are 1 faults will be injected in faulttable...
101191 microseconds
Fault on PT_F40(0X7f5659969ee0 -> 0X80007f5659969ee0)
16 microseconds
[2016-10-27 11:32:53]Process 13100 termed with signal 11(SIGSEGV)
PT_F40-1_bit_flip-200 Test Num : 109
Inject into ../bin/hello
----- Type : 1_bit_flip Pos : PT_F40 -----
There are 1 faults will be injected in faulttable...
101225 microseconds
Fault on PT_F40(0X7f77e7a25ee0 -> 0X80007f77e7a25ee0)
14 microseconds
[2016-10-27 11:32:53]Process 13102 termed with signal 11(SIGSEGV)
PT_F40-1_bit_flip-200 Test Num : 110
Inject into ../bin/hello
----- Type : 1_bit_flip Pos : PT_F40 -----
There are 1 faults will be injected in faulttable...
101397 microseconds
Fault on PT_F40(0X7fb0d8998ee0 -> 0X80007fb0d8998ee0)
14 microseconds
[2016-10-27 11:32:53]Process 13104 termed with signal 11(SIGSEGV)
PT_F40-1_bit_flip-200 Test Num : 111
Inject into ../bin/hello
----- Type : 1_bit_flip Pos : PT_F40 -----
There are 1 faults will be injected in faulttable...
101100 microseconds
Fault on PT_F40(0X7fc274bc0ee0 -> 0X7fc274bc06e0)
21 microseconds
[2016-10-27 11:32:54]Process 13106 termed with signal 11(SIGSEGV)
PT_F40-1_bit_flip-200 Test Num : 112
Inject into ../bin/hello
----- Type : 1_bit_flip Pos : PT_F40 -----
There are 1 faults will be injected in faulttable...
100103 microseconds
Fault on PT_F40(0X7f2301fdaee0 -> 0X7f2301fda6e0)
15 microseconds
[2016-10-27 11:32:54]Process 13108 termed with signal 11(SIGSEGV)
PT_F40-1_bit_flip-200 Test Num : 113
Inject into ../bin/hello
----- Type : 1_bit_flip Pos : PT_F40 -----
There are 1 faults will be injected in faulttable...
101281 microseconds
Fault on PT_F40(0X7f2d279b0ee0 -> 0X7f2d279b06e0)
18 microseconds
[2016-10-27 11:32:54]Process 13110 termed with signal 11(SIGSEGV)
PT_F40-1_bit_flip-200 Test Num : 114
Inject into ../bin/hello
----- Type : 1_bit_flip Pos : PT_F40 -----
There are 1 faults will be injected in faulttable...
101059 microseconds
Fault on PT_F40(0X7f6105e91ee0 -> 0X7f6105e916e0)
21 microseconds
[2016-10-27 11:32:54]Process 13112 termed with signal 11(SIGSEGV)
PT_F40-1_bit_flip-200 Test Num : 115
Inject into ../bin/hello
----- Type : 1_bit_flip Pos : PT_F40 -----
There are 1 faults will be injected in faulttable...
101026 microseconds
Fault on PT_F40(0X7fba5e912ee0 -> 0X7fba5e9126e0)
22 microseconds
[2016-10-27 11:32:54]Process 13114 termed with signal 11(SIGSEGV)
PT_F40-1_bit_flip-200 Test Num : 116
Inject into ../bin/hello
----- Type : 1_bit_flip Pos : PT_F40 -----
There are 1 faults will be injected in faulttable...
101080 microseconds
Fault on PT_F40(0X7f2779f85ee0 -> 0X7f2779f856e0)
16 microseconds
[2016-10-27 11:32:54]Process 13116 termed with signal 11(SIGSEGV)
PT_F40-1_bit_flip-200 Test Num : 117
Inject into ../bin/hello
----- Type : 1_bit_flip Pos : PT_F40 -----
There are 1 faults will be injected in faulttable...
101028 microseconds
Fault on PT_F40(0X7fd1e69d0ee0 -> 0X7fd1e69d06e0)
18 microseconds
[2016-10-27 11:32:54]Process 13118 termed with signal 11(SIGSEGV)
PT_F40-1_bit_flip-200 Test Num : 118
Inject into ../bin/hello
----- Type : 1_bit_flip Pos : PT_F40 -----
There are 1 faults will be injected in faulttable...
100090 microseconds
Fault on PT_F40(0X7fd7db57aee0 -> 0X7fd7db57a6e0)
20 microseconds
[2016-10-27 11:32:54]Process 13120 termed with signal 11(SIGSEGV)
PT_F40-1_bit_flip-200 Test Num : 119
Inject into ../bin/hello
----- Type : 1_bit_flip Pos : PT_F40 -----
There are 1 faults will be injected in faulttable...
101034 microseconds
Fault on PT_F40(0X7f0c7d22cee0 -> 0X7f0c7d22c6e0)
15 microseconds
[2016-10-27 11:32:54]Process 13122 termed with signal 11(SIGSEGV)
PT_F40-1_bit_flip-200 Test Num : 120
Inject into ../bin/hello
----- Type : 1_bit_flip Pos : PT_F40 -----
There are 1 faults will be injected in faulttable...
101153 microseconds
Fault on PT_F40(0X7fab9e09bee0 -> 0X7fab9e09b6e0)
22 microseconds
[2016-10-27 11:32:54]Process 13124 termed with signal 11(SIGSEGV)
PT_F40-1_bit_flip-200 Test Num : 121
Inject into ../bin/hello
----- Type : 1_bit_flip Pos : PT_F40 -----
There are 1 faults will be injected in faulttable...
101100 microseconds
Fault on PT_F40(0X7fa37011dee0 -> 0X47fa37011dee0)
16 microseconds
[2016-10-27 11:32:55]Process 13126 termed with signal 11(SIGSEGV)
PT_F40-1_bit_flip-200 Test Num : 122
Inject into ../bin/hello
----- Type : 1_bit_flip Pos : PT_F40 -----
There are 1 faults will be injected in faulttable...
101118 microseconds
Fault on PT_F40(0X7fd2fb61eee0 -> 0X47fd2fb61eee0)
11 microseconds
[2016-10-27 11:32:55]Process 13128 termed with signal 11(SIGSEGV)
PT_F40-1_bit_flip-200 Test Num : 123
Inject into ../bin/hello
----- Type : 1_bit_flip Pos : PT_F40 -----
There are 1 faults will be injected in faulttable...
101036 microseconds
Fault on PT_F40(0X7f9399b1fee0 -> 0X47f9399b1fee0)
14 microseconds
[2016-10-27 11:32:55]Process 13130 termed with signal 11(SIGSEGV)
PT_F40-1_bit_flip-200 Test Num : 124
Inject into ../bin/hello
----- Type : 1_bit_flip Pos : PT_F40 -----
There are 1 faults will be injected in faulttable...
101307 microseconds
Fault on PT_F40(0X7fcace89aee0 -> 0X47fcace89aee0)
20 microseconds
[2016-10-27 11:32:55]Process 13132 termed with signal 11(SIGSEGV)
PT_F40-1_bit_flip-200 Test Num : 125
Inject into ../bin/hello
----- Type : 1_bit_flip Pos : PT_F40 -----
There are 1 faults will be injected in faulttable...
101327 microseconds
Fault on PT_F40(0X7f9fbd08eee0 -> 0X47f9fbd08eee0)
12 microseconds
[2016-10-27 11:32:55]Process 13134 termed with signal 11(SIGSEGV)
PT_F40-1_bit_flip-200 Test Num : 126
Inject into ../bin/hello
----- Type : 1_bit_flip Pos : PT_F40 -----
There are 1 faults will be injected in faulttable...
101214 microseconds
Fault on PT_F40(0X7f03674a1ee0 -> 0X47f03674a1ee0)
18 microseconds
[2016-10-27 11:32:55]Process 13136 termed with signal 11(SIGSEGV)
PT_F40-1_bit_flip-200 Test Num : 127
Inject into ../bin/hello
----- Type : 1_bit_flip Pos : PT_F40 -----
There are 1 faults will be injected in faulttable...
101211 microseconds
Fault on PT_F40(0X7f2ef55bbee0 -> 0X47f2ef55bbee0)
19 microseconds
[2016-10-27 11:32:55]Process 13138 termed with signal 11(SIGSEGV)
PT_F40-1_bit_flip-200 Test Num : 128
Inject into ../bin/hello
----- Type : 1_bit_flip Pos : PT_F40 -----
There are 1 faults will be injected in faulttable...
101255 microseconds
Fault on PT_F40(0X7f5e21318ee0 -> 0X47f5e21318ee0)
16 microseconds
[2016-10-27 11:32:55]Process 13140 termed with signal 11(SIGSEGV)
PT_F40-1_bit_flip-200 Test Num : 129
Inject into ../bin/hello
----- Type : 1_bit_flip Pos : PT_F40 -----
There are 1 faults will be injected in faulttable...
101396 microseconds
Fault on PT_F40(0X7f0cdc16dee0 -> 0X47f0cdc16dee0)
15 microseconds
[2016-10-27 11:32:55]Process 13142 termed with signal 11(SIGSEGV)
PT_F40-1_bit_flip-200 Test Num : 130
Inject into ../bin/hello
----- Type : 1_bit_flip Pos : PT_F40 -----
There are 1 faults will be injected in faulttable...
101324 microseconds
Fault on PT_F40(0X7f64155f7ee0 -> 0X7f64155f7ce0)
24 microseconds
[2016-10-27 11:32:56]Process 13144 termed with signal 11(SIGSEGV)
PT_F40-1_bit_flip-200 Test Num : 131
Inject into ../bin/hello
----- Type : 1_bit_flip Pos : PT_F40 -----
There are 1 faults will be injected in faulttable...
101540 microseconds
Fault on PT_F40(0X7f0cbc119ee0 -> 0X7f0cbc119ce0)
22 microseconds
[2016-10-27 11:32:56]Process 13146 termed with signal 11(SIGSEGV)
PT_F40-1_bit_flip-200 Test Num : 132
Inject into ../bin/hello
----- Type : 1_bit_flip Pos : PT_F40 -----
There are 1 faults will be injected in faulttable...
100070 microseconds
Fault on PT_F40(0X7fd47a353ee0 -> 0X7fd47a353ce0)
14 microseconds
[2016-10-27 11:32:56]Process 13148 termed with signal 11(SIGSEGV)
PT_F40-1_bit_flip-200 Test Num : 133
Inject into ../bin/hello
----- Type : 1_bit_flip Pos : PT_F40 -----
There are 1 faults will be injected in faulttable...
101154 microseconds
Fault on PT_F40(0X7f13f4601ee0 -> 0X7f13f4601ce0)
24 microseconds
[2016-10-27 11:32:56]Process 13150 termed with signal 11(SIGSEGV)
PT_F40-1_bit_flip-200 Test Num : 134
Inject into ../bin/hello
----- Type : 1_bit_flip Pos : PT_F40 -----
There are 1 faults will be injected in faulttable...
101440 microseconds
Fault on PT_F40(0X7eff8557cee0 -> 0X7eff8557cce0)
13 microseconds
[2016-10-27 11:32:56]Process 13152 termed with signal 11(SIGSEGV)
PT_F40-1_bit_flip-200 Test Num : 135
Inject into ../bin/hello
----- Type : 1_bit_flip Pos : PT_F40 -----
There are 1 faults will be injected in faulttable...
101203 microseconds
Fault on PT_F40(0X7fb7b5c69ee0 -> 0X7fb7b5c69ce0)
22 microseconds
[2016-10-27 11:32:56]Process 13154 termed with signal 11(SIGSEGV)
PT_F40-1_bit_flip-200 Test Num : 136
Inject into ../bin/hello
----- Type : 1_bit_flip Pos : PT_F40 -----
There are 1 faults will be injected in faulttable...
101121 microseconds
Fault on PT_F40(0X7fa82ec4dee0 -> 0X7fa82ec4dce0)
16 microseconds
[2016-10-27 11:32:56]Process 13156 termed with signal 11(SIGSEGV)
PT_F40-1_bit_flip-200 Test Num : 137
Inject into ../bin/hello
----- Type : 1_bit_flip Pos : PT_F40 -----
There are 1 faults will be injected in faulttable...
101341 microseconds
Fault on PT_F40(0X7fa863eb6ee0 -> 0X7fa863eb6ce0)
17 microseconds
[2016-10-27 11:32:56]Process 13158 termed with signal 11(SIGSEGV)
PT_F40-1_bit_flip-200 Test Num : 138
Inject into ../bin/hello
----- Type : 1_bit_flip Pos : PT_F40 -----
There are 1 faults will be injected in faulttable...
101026 microseconds
Fault on PT_F40(0X7f066ceacee0 -> 0X7f066ceacce0)
15 microseconds
[2016-10-27 11:32:56]Process 13160 termed with signal 11(SIGSEGV)
PT_F40-1_bit_flip-200 Test Num : 139
Inject into ../bin/hello
----- Type : 1_bit_flip Pos : PT_F40 -----
There are 1 faults will be injected in faulttable...
100098 microseconds
Fault on PT_F40(0X7f652cbd7ee0 -> 0X7f452cbd7ee0)
25 microseconds
[2016-10-27 11:32:57]Process 13162 termed with signal 11(SIGSEGV)
PT_F40-1_bit_flip-200 Test Num : 140
Inject into ../bin/hello
----- Type : 1_bit_flip Pos : PT_F40 -----
There are 1 faults will be injected in faulttable...
101259 microseconds
Fault on PT_F40(0X7f26d82bdee0 -> 0X7f06d82bdee0)
23 microseconds
[2016-10-27 11:32:57]Process 13164 termed with signal 11(SIGSEGV)
PT_F40-1_bit_flip-200 Test Num : 141
Inject into ../bin/hello
----- Type : 1_bit_flip Pos : PT_F40 -----
There are 1 faults will be injected in faulttable...
101203 microseconds
Fault on PT_F40(0X7f5b3419aee0 -> 0X7f7b3419aee0)
21 microseconds
[2016-10-27 11:32:57]Process 13167 termed with signal 11(SIGSEGV)
PT_F40-1_bit_flip-200 Test Num : 142
Inject into ../bin/hello
----- Type : 1_bit_flip Pos : PT_F40 -----
There are 1 faults will be injected in faulttable...
101510 microseconds
Fault on PT_F40(0X7fd73472dee0 -> 0X7ff73472dee0)
13 microseconds
[2016-10-27 11:32:57]Process 13169 termed with signal 11(SIGSEGV)
PT_F40-1_bit_flip-200 Test Num : 143
Inject into ../bin/hello
----- Type : 1_bit_flip Pos : PT_F40 -----
There are 1 faults will be injected in faulttable...
100094 microseconds
Fault on PT_F40(0X7f3cc1fc7ee0 -> 0X7f1cc1fc7ee0)
20 microseconds
[2016-10-27 11:32:57]Process 13171 termed with signal 11(SIGSEGV)
PT_F40-1_bit_flip-200 Test Num : 144
Inject into ../bin/hello
----- Type : 1_bit_flip Pos : PT_F40 -----
There are 1 faults will be injected in faulttable...
101532 microseconds
Fault on PT_F40(0X7f4b561f0ee0 -> 0X7f6b561f0ee0)
19 microseconds
[2016-10-27 11:32:57]Process 13173 termed with signal 11(SIGSEGV)
PT_F40-1_bit_flip-200 Test Num : 145
Inject into ../bin/hello
----- Type : 1_bit_flip Pos : PT_F40 -----
There are 1 faults will be injected in faulttable...
101682 microseconds
Fault on PT_F40(0X7f5f2567cee0 -> 0X7f7f2567cee0)
22 microseconds
[2016-10-27 11:32:57]Process 13175 termed with signal 11(SIGSEGV)
PT_F40-1_bit_flip-200 Test Num : 146
Inject into ../bin/hello
----- Type : 1_bit_flip Pos : PT_F40 -----
There are 1 faults will be injected in faulttable...
101696 microseconds
Fault on PT_F40(0X7f439d065ee0 -> 0X7f639d065ee0)
22 microseconds
[2016-10-27 11:32:57]Process 13177 termed with signal 11(SIGSEGV)
PT_F40-1_bit_flip-200 Test Num : 147
Inject into ../bin/hello
----- Type : 1_bit_flip Pos : PT_F40 -----
There are 1 faults will be injected in faulttable...
101001 microseconds
Fault on PT_F40(0X7ff3fbc56ee0 -> 0X7fd3fbc56ee0)
13 microseconds
[2016-10-27 11:32:57]Process 13179 termed with signal 11(SIGSEGV)
PT_F40-1_bit_flip-200 Test Num : 148
Inject into ../bin/hello
----- Type : 1_bit_flip Pos : PT_F40 -----
There are 1 faults will be injected in faulttable...
101297 microseconds
Fault on PT_F40(0X7f130bedeee0 -> 0X77130bedeee0)
29 microseconds
[2016-10-27 11:32:58]Process 13181 termed with signal 11(SIGSEGV)
PT_F40-1_bit_flip-200 Test Num : 149
Inject into ../bin/hello
----- Type : 1_bit_flip Pos : PT_F40 -----
There are 1 faults will be injected in faulttable...
101351 microseconds
Fault on PT_F40(0X7feeb5f52ee0 -> 0X77eeb5f52ee0)
16 microseconds
[2016-10-27 11:32:58]Process 13183 termed with signal 11(SIGSEGV)
PT_F40-1_bit_flip-200 Test Num : 150
Inject into ../bin/hello
----- Type : 1_bit_flip Pos : PT_F40 -----
There are 1 faults will be injected in faulttable...
100080 microseconds
Fault on PT_F40(0X7fb2dca21ee0 -> 0X77b2dca21ee0)
22 microseconds
[2016-10-27 11:32:58]Process 13185 termed with signal 11(SIGSEGV)
PT_F40-1_bit_flip-200 Test Num : 151
Inject into ../bin/hello
----- Type : 1_bit_flip Pos : PT_F40 -----
There are 1 faults will be injected in faulttable...
101009 microseconds
Fault on PT_F40(0X7f725de3fee0 -> 0X77725de3fee0)
20 microseconds
[2016-10-27 11:32:58]Process 13187 termed with signal 11(SIGSEGV)
PT_F40-1_bit_flip-200 Test Num : 152
Inject into ../bin/hello
----- Type : 1_bit_flip Pos : PT_F40 -----
There are 1 faults will be injected in faulttable...
101114 microseconds
Fault on PT_F40(0X7f9be0daeee0 -> 0X779be0daeee0)
20 microseconds
[2016-10-27 11:32:58]Process 13189 termed with signal 11(SIGSEGV)
PT_F40-1_bit_flip-200 Test Num : 153
Inject into ../bin/hello
----- Type : 1_bit_flip Pos : PT_F40 -----
There are 1 faults will be injected in faulttable...
101147 microseconds
Fault on PT_F40(0X7fa83ff32ee0 -> 0X77a83ff32ee0)
20 microseconds
[2016-10-27 11:32:58]Process 13191 termed with signal 11(SIGSEGV)
PT_F40-1_bit_flip-200 Test Num : 154
Inject into ../bin/hello
----- Type : 1_bit_flip Pos : PT_F40 -----
There are 1 faults will be injected in faulttable...
101267 microseconds
Fault on PT_F40(0X7facd06a3ee0 -> 0X77acd06a3ee0)
21 microseconds
[2016-10-27 11:32:58]Process 13193 termed with signal 11(SIGSEGV)
PT_F40-1_bit_flip-200 Test Num : 155
Inject into ../bin/hello
----- Type : 1_bit_flip Pos : PT_F40 -----
There are 1 faults will be injected in faulttable...
101294 microseconds
Fault on PT_F40(0X7f64b2a41ee0 -> 0X7764b2a41ee0)
20 microseconds
[2016-10-27 11:32:58]Process 13195 termed with signal 11(SIGSEGV)
PT_F40-1_bit_flip-200 Test Num : 156
Inject into ../bin/hello
----- Type : 1_bit_flip Pos : PT_F40 -----
There are 1 faults will be injected in faulttable...
101208 microseconds
Fault on PT_F40(0X7f1365091ee0 -> 0X771365091ee0)
16 microseconds
[2016-10-27 11:32:58]Process 13197 termed with signal 11(SIGSEGV)
PT_F40-1_bit_flip-200 Test Num : 157
Inject into ../bin/hello
----- Type : 1_bit_flip Pos : PT_F40 -----
There are 1 faults will be injected in faulttable...
101287 microseconds
Fault on PT_F40(0X7f6fce266ee0 -> 0X7f6ece266ee0)
13 microseconds
[2016-10-27 11:32:59]Process 13199 termed with signal 11(SIGSEGV)
PT_F40-1_bit_flip-200 Test Num : 158
Inject into ../bin/hello
----- Type : 1_bit_flip Pos : PT_F40 -----
There are 1 faults will be injected in faulttable...
101173 microseconds
Fault on PT_F40(0X7f514826eee0 -> 0X7f504826eee0)
23 microseconds
[2016-10-27 11:32:59]Process 13201 termed with signal 11(SIGSEGV)
PT_F40-1_bit_flip-200 Test Num : 159
Inject into ../bin/hello
----- Type : 1_bit_flip Pos : PT_F40 -----
There are 1 faults will be injected in faulttable...
101309 microseconds
Fault on PT_F40(0X7f5526856ee0 -> 0X7f5426856ee0)
15 microseconds
[2016-10-27 11:32:59]Process 13203 termed with signal 11(SIGSEGV)
PT_F40-1_bit_flip-200 Test Num : 160
Inject into ../bin/hello
----- Type : 1_bit_flip Pos : PT_F40 -----
There are 1 faults will be injected in faulttable...
101146 microseconds
Fault on PT_F40(0X7fc051a67ee0 -> 0X7fc151a67ee0)
22 microseconds
[2016-10-27 11:32:59]Process 13205 termed with signal 11(SIGSEGV)
PT_F40-1_bit_flip-200 Test Num : 161
Inject into ../bin/hello
----- Type : 1_bit_flip Pos : PT_F40 -----
There are 1 faults will be injected in faulttable...
101156 microseconds
Fault on PT_F40(0X7f328df64ee0 -> 0X7f338df64ee0)
14 microseconds
[2016-10-27 11:32:59]Process 13207 termed with signal 11(SIGSEGV)
PT_F40-1_bit_flip-200 Test Num : 162
Inject into ../bin/hello
----- Type : 1_bit_flip Pos : PT_F40 -----
There are 1 faults will be injected in faulttable...
101020 microseconds
Fault on PT_F40(0X7f874f92eee0 -> 0X7f864f92eee0)
15 microseconds
[2016-10-27 11:32:59]Process 13209 termed with signal 11(SIGSEGV)
PT_F40-1_bit_flip-200 Test Num : 163
Inject into ../bin/hello
----- Type : 1_bit_flip Pos : PT_F40 -----
There are 1 faults will be injected in faulttable...
100069 microseconds
Fault on PT_F40(0X7fe547773ee0 -> 0X7fe447773ee0)
69 microseconds
[2016-10-27 11:32:59]Process 13211 termed with signal 11(SIGSEGV)
PT_F40-1_bit_flip-200 Test Num : 164
Inject into ../bin/hello
----- Type : 1_bit_flip Pos : PT_F40 -----
There are 1 faults will be injected in faulttable...
101120 microseconds
Fault on PT_F40(0X7fe4aed27ee0 -> 0X7fe5aed27ee0)
19 microseconds
[2016-10-27 11:32:59]Process 13242 termed with signal 11(SIGSEGV)
PT_F40-1_bit_flip-200 Test Num : 165
Inject into ../bin/hello
----- Type : 1_bit_flip Pos : PT_F40 -----
There are 1 faults will be injected in faulttable...
101641 microseconds
Fault on PT_F40(0X7ffa8616aee0 -> 0X7ffb8616aee0)
22 microseconds
[2016-10-27 11:32:59]Process 13244 termed with signal 11(SIGSEGV)
PT_F40-1_bit_flip-200 Test Num : 166
Inject into ../bin/hello
----- Type : 1_bit_flip Pos : PT_F40 -----
There are 1 faults will be injected in faulttable...
101191 microseconds
Fault on PT_F40(0X7fec30598ee0 -> 0X107fec30598ee0)
20 microseconds
[ 2016-10-27 11:33:0]Process 13246 termed with signal 11(SIGSEGV)
PT_F40-1_bit_flip-200 Test Num : 167
Inject into ../bin/hello
----- Type : 1_bit_flip Pos : PT_F40 -----
There are 1 faults will be injected in faulttable...
101378 microseconds
Fault on PT_F40(0X7f050056cee0 -> 0X107f050056cee0)
15 microseconds
[ 2016-10-27 11:33:0]Process 13248 termed with signal 11(SIGSEGV)
PT_F40-1_bit_flip-200 Test Num : 168
Inject into ../bin/hello
----- Type : 1_bit_flip Pos : PT_F40 -----
There are 1 faults will be injected in faulttable...
101261 microseconds
Fault on PT_F40(0X7fd123d52ee0 -> 0X107fd123d52ee0)
18 microseconds
[ 2016-10-27 11:33:0]Process 13250 termed with signal 11(SIGSEGV)
PT_F40-1_bit_flip-200 Test Num : 169
Inject into ../bin/hello
----- Type : 1_bit_flip Pos : PT_F40 -----
There are 1 faults will be injected in faulttable...
101131 microseconds
Fault on PT_F40(0X7fda86eb6ee0 -> 0X107fda86eb6ee0)
14 microseconds
[ 2016-10-27 11:33:0]Process 13252 termed with signal 11(SIGSEGV)
PT_F40-1_bit_flip-200 Test Num : 170
Inject into ../bin/hello
----- Type : 1_bit_flip Pos : PT_F40 -----
There are 1 faults will be injected in faulttable...
101159 microseconds
Fault on PT_F40(0X7f6f97054ee0 -> 0X107f6f97054ee0)
13 microseconds
[ 2016-10-27 11:33:0]Process 13254 termed with signal 11(SIGSEGV)
PT_F40-1_bit_flip-200 Test Num : 171
Inject into ../bin/hello
----- Type : 1_bit_flip Pos : PT_F40 -----
There are 1 faults will be injected in faulttable...
101045 microseconds
Fault on PT_F40(0X7f55523bfee0 -> 0X107f55523bfee0)
12 microseconds
[ 2016-10-27 11:33:0]Process 13256 termed with signal 11(SIGSEGV)
PT_F40-1_bit_flip-200 Test Num : 172
Inject into ../bin/hello
----- Type : 1_bit_flip Pos : PT_F40 -----
There are 1 faults will be injected in faulttable...
101149 microseconds
Fault on PT_F40(0X7f9ba62d6ee0 -> 0X107f9ba62d6ee0)
14 microseconds
[ 2016-10-27 11:33:0]Process 13258 termed with signal 11(SIGSEGV)
PT_F40-1_bit_flip-200 Test Num : 173
Inject into ../bin/hello
----- Type : 1_bit_flip Pos : PT_F40 -----
There are 1 faults will be injected in faulttable...
101041 microseconds
Fault on PT_F40(0X7f9c9602fee0 -> 0X107f9c9602fee0)
11 microseconds
[ 2016-10-27 11:33:0]Process 13260 termed with signal 11(SIGSEGV)
PT_F40-1_bit_flip-200 Test Num : 174
Inject into ../bin/hello
----- Type : 1_bit_flip Pos : PT_F40 -----
There are 1 faults will be injected in faulttable...
101053 microseconds
Fault on PT_F40(0X7f19c182bee0 -> 0X107f19c182bee0)
13 microseconds
[ 2016-10-27 11:33:0]Process 13262 termed with signal 11(SIGSEGV)
PT_F40-1_bit_flip-200 Test Num : 175
Inject into ../bin/hello
----- Type : 1_bit_flip Pos : PT_F40 -----
There are 1 faults will be injected in faulttable...
101214 microseconds
Fault on PT_F40(0X7f4a94453ee0 -> 0X7f4894453ee0)
21 microseconds
[ 2016-10-27 11:33:1]Process 13264 termed with signal 11(SIGSEGV)
PT_F40-1_bit_flip-200 Test Num : 176
Inject into ../bin/hello
----- Type : 1_bit_flip Pos : PT_F40 -----
There are 1 faults will be injected in faulttable...
101071 microseconds
Fault on PT_F40(0X7f22b8b41ee0 -> 0X7f20b8b41ee0)
14 microseconds
[ 2016-10-27 11:33:1]Process 13266 termed with signal 11(SIGSEGV)
PT_F40-1_bit_flip-200 Test Num : 177
Inject into ../bin/hello
----- Type : 1_bit_flip Pos : PT_F40 -----
There are 1 faults will be injected in faulttable...
101078 microseconds
Fault on PT_F40(0X7f1f13df8ee0 -> 0X7f1d13df8ee0)
17 microseconds
[ 2016-10-27 11:33:1]Process 13268 termed with signal 11(SIGSEGV)
PT_F40-1_bit_flip-200 Test Num : 178
Inject into ../bin/hello
----- Type : 1_bit_flip Pos : PT_F40 -----
There are 1 faults will be injected in faulttable...
101089 microseconds
Fault on PT_F40(0X7f9e327a3ee0 -> 0X7f9c327a3ee0)
51 microseconds
[ 2016-10-27 11:33:1]Process 13270 termed with signal 11(SIGSEGV)
PT_F40-1_bit_flip-200 Test Num : 179
Inject into ../bin/hello
----- Type : 1_bit_flip Pos : PT_F40 -----
There are 1 faults will be injected in faulttable...
100995 microseconds
Fault on PT_F40(0X7f3b3d2abee0 -> 0X7f393d2abee0)
13 microseconds
[ 2016-10-27 11:33:1]Process 13272 termed with signal 11(SIGSEGV)
PT_F40-1_bit_flip-200 Test Num : 180
Inject into ../bin/hello
----- Type : 1_bit_flip Pos : PT_F40 -----
There are 1 faults will be injected in faulttable...
101191 microseconds
Fault on PT_F40(0X7f739f4c6ee0 -> 0X7f719f4c6ee0)
22 microseconds
[ 2016-10-27 11:33:1]Process 13274 termed with signal 11(SIGSEGV)
PT_F40-1_bit_flip-200 Test Num : 181
Inject into ../bin/hello
----- Type : 1_bit_flip Pos : PT_F40 -----
There are 1 faults will be injected in faulttable...
101182 microseconds
Fault on PT_F40(0X7fc30c893ee0 -> 0X7fc10c893ee0)
18 microseconds
[ 2016-10-27 11:33:1]Process 13276 termed with signal 11(SIGSEGV)
PT_F40-1_bit_flip-200 Test Num : 182
Inject into ../bin/hello
----- Type : 1_bit_flip Pos : PT_F40 -----
There are 1 faults will be injected in faulttable...
100089 microseconds
Fault on PT_F40(0X7f3d55b0cee0 -> 0X7f3f55b0cee0)
14 microseconds
[ 2016-10-27 11:33:1]Process 13278 termed with signal 11(SIGSEGV)
PT_F40-1_bit_flip-200 Test Num : 183
Inject into ../bin/hello
----- Type : 1_bit_flip Pos : PT_F40 -----
There are 1 faults will be injected in faulttable...
100078 microseconds
Fault on PT_F40(0X7f43f7966ee0 -> 0X7f41f7966ee0)
18 microseconds
[ 2016-10-27 11:33:1]Process 13280 termed with signal 11(SIGSEGV)
PT_F40-1_bit_flip-200 Test Num : 184
Inject into ../bin/hello
----- Type : 1_bit_flip Pos : PT_F40 -----
There are 1 faults will be injected in faulttable...
100052 microseconds
Fault on PT_F40(0X7f1c6c9f4ee0 -> 0X7f1e6c9f4ee0)
11 microseconds
[ 2016-10-27 11:33:1]Process 13282 termed with signal 11(SIGSEGV)
PT_F40-1_bit_flip-200 Test Num : 185
Inject into ../bin/hello
----- Type : 1_bit_flip Pos : PT_F40 -----
There are 1 faults will be injected in faulttable...
100084 microseconds
Fault on PT_F40(0X7ff9edb8aee0 -> 0X107ff9edb8aee0)
23 microseconds
[ 2016-10-27 11:33:2]Process 13297 termed with signal 11(SIGSEGV)
PT_F40-1_bit_flip-200 Test Num : 186
Inject into ../bin/hello
----- Type : 1_bit_flip Pos : PT_F40 -----
There are 1 faults will be injected in faulttable...
101015 microseconds
Fault on PT_F40(0X7f8b8061fee0 -> 0X107f8b8061fee0)
12 microseconds
[ 2016-10-27 11:33:2]Process 13315 termed with signal 11(SIGSEGV)
PT_F40-1_bit_flip-200 Test Num : 187
Inject into ../bin/hello
----- Type : 1_bit_flip Pos : PT_F40 -----
There are 1 faults will be injected in faulttable...
101002 microseconds
Fault on PT_F40(0X7fec726efee0 -> 0X107fec726efee0)
13 microseconds
[ 2016-10-27 11:33:2]Process 13317 termed with signal 11(SIGSEGV)
PT_F40-1_bit_flip-200 Test Num : 188
Inject into ../bin/hello
----- Type : 1_bit_flip Pos : PT_F40 -----
There are 1 faults will be injected in faulttable...
101135 microseconds
Fault on PT_F40(0X7f994fba8ee0 -> 0X107f994fba8ee0)
13 microseconds
[ 2016-10-27 11:33:2]Process 13319 termed with signal 11(SIGSEGV)
PT_F40-1_bit_flip-200 Test Num : 189
Inject into ../bin/hello
----- Type : 1_bit_flip Pos : PT_F40 -----
There are 1 faults will be injected in faulttable...
101151 microseconds
Fault on PT_F40(0X7f6ba09ffee0 -> 0X107f6ba09ffee0)
22 microseconds
[ 2016-10-27 11:33:2]Process 13321 termed with signal 11(SIGSEGV)
PT_F40-1_bit_flip-200 Test Num : 190
Inject into ../bin/hello
----- Type : 1_bit_flip Pos : PT_F40 -----
There are 1 faults will be injected in faulttable...
101029 microseconds
Fault on PT_F40(0X7f989ec2eee0 -> 0X107f989ec2eee0)
12 microseconds
[ 2016-10-27 11:33:2]Process 13323 termed with signal 11(SIGSEGV)
PT_F40-1_bit_flip-200 Test Num : 191
Inject into ../bin/hello
----- Type : 1_bit_flip Pos : PT_F40 -----
There are 1 faults will be injected in faulttable...
101098 microseconds
Fault on PT_F40(0X7f416eaccee0 -> 0X107f416eaccee0)
13 microseconds
[ 2016-10-27 11:33:2]Process 13339 termed with signal 11(SIGSEGV)
PT_F40-1_bit_flip-200 Test Num : 192
Inject into ../bin/hello
----- Type : 1_bit_flip Pos : PT_F40 -----
There are 1 faults will be injected in faulttable...
101106 microseconds
Fault on PT_F40(0X7fef76bb0ee0 -> 0X107fef76bb0ee0)
16 microseconds
[ 2016-10-27 11:33:2]Process 13356 termed with signal 11(SIGSEGV)
PT_F40-1_bit_flip-200 Test Num : 193
Inject into ../bin/hello
----- Type : 1_bit_flip Pos : PT_F40 -----
There are 1 faults will be injected in faulttable...
101476 microseconds
Fault on PT_F40(0X7fa9b221eee0 -> 0X107fa9b221eee0)
19 microseconds
[ 2016-10-27 11:33:2]Process 13358 termed with signal 11(SIGSEGV)
PT_F40-1_bit_flip-200 Test Num : 194
Inject into ../bin/hello
----- Type : 1_bit_flip Pos : PT_F40 -----
There are 1 faults will be injected in faulttable...
101512 microseconds
Fault on PT_F40(0X7f9048a3bee0 -> 0X7e9048a3bee0)
22 microseconds
[ 2016-10-27 11:33:3]Process 13360 termed with signal 11(SIGSEGV)
PT_F40-1_bit_flip-200 Test Num : 195
Inject into ../bin/hello
----- Type : 1_bit_flip Pos : PT_F40 -----
There are 1 faults will be injected in faulttable...
101479 microseconds
Fault on PT_F40(0X7f90d9c67ee0 -> 0X7e90d9c67ee0)
20 microseconds
[ 2016-10-27 11:33:3]Process 13362 termed with signal 11(SIGSEGV)
PT_F40-1_bit_flip-200 Test Num : 196
Inject into ../bin/hello
----- Type : 1_bit_flip Pos : PT_F40 -----
There are 1 faults will be injected in faulttable...
101515 microseconds
Fault on PT_F40(0X7ff8ea2e1ee0 -> 0X7ef8ea2e1ee0)
20 microseconds
[ 2016-10-27 11:33:3]Process 13364 termed with signal 11(SIGSEGV)
PT_F40-1_bit_flip-200 Test Num : 197
Inject into ../bin/hello
----- Type : 1_bit_flip Pos : PT_F40 -----
There are 1 faults will be injected in faulttable...
100106 microseconds
Fault on PT_F40(0X7f7c59f3dee0 -> 0X7e7c59f3dee0)
22 microseconds
[ 2016-10-27 11:33:3]Process 13366 termed with signal 11(SIGSEGV)
PT_F40-1_bit_flip-200 Test Num : 198
Inject into ../bin/hello
----- Type : 1_bit_flip Pos : PT_F40 -----
There are 1 faults will be injected in faulttable...
101179 microseconds
Fault on PT_F40(0X7f733495cee0 -> 0X7e733495cee0)
20 microseconds
[ 2016-10-27 11:33:3]Process 13372 termed with signal 11(SIGSEGV)
PT_F40-1_bit_flip-200 Test Num : 199
Inject into ../bin/hello
----- Type : 1_bit_flip Pos : PT_F40 -----
There are 1 faults will be injected in faulttable...
101152 microseconds
Fault on PT_F40(0X7f18dbd90ee0 -> 0X7e18dbd90ee0)
13 microseconds
[ 2016-10-27 11:33:3]Process 13375 termed with signal 11(SIGSEGV)
PT_F40-1_bit_flip-200 Test Num : 200
Inject into ../bin/hello
----- Type : 1_bit_flip Pos : PT_F40 -----
There are 1 faults will be injected in faulttable...
101112 microseconds
Fault on PT_F40(0X7fb964f1dee0 -> 0X7eb964f1dee0)
14 microseconds
[ 2016-10-27 11:33:3]Process 13377 termed with signal 11(SIGSEGV)
