PT_F40-8_low_1-200 Test Num : 1
Inject into ../bin/hello
----- Type : 8_low_1 Pos : PT_F40 -----
There are 1 faults will be injected in faulttable...
101090 microseconds
Fault on PT_F40(0X7f30c725dee0 -> 0X7f30c725deff)
24 microseconds
[ 2016-10-27 11:42:6]Process 15841 termed with signal 11(SIGSEGV)
PT_F40-8_low_1-200 Test Num : 2
Inject into ../bin/hello
----- Type : 8_low_1 Pos : PT_F40 -----
There are 1 faults will be injected in faulttable...
101198 microseconds
Fault on PT_F40(0X7fdb5171eee0 -> 0X7fdb5171eeff)
13 microseconds
[ 2016-10-27 11:42:6]Process 15843 termed with signal 11(SIGSEGV)
PT_F40-8_low_1-200 Test Num : 3
Inject into ../bin/hello
----- Type : 8_low_1 Pos : PT_F40 -----
There are 1 faults will be injected in faulttable...
100975 microseconds
Fault on PT_F40(0X7f8f4d930ee0 -> 0X7f8f4d930eff)
15 microseconds
[ 2016-10-27 11:42:6]Process 15845 termed with signal 11(SIGSEGV)
PT_F40-8_low_1-200 Test Num : 4
Inject into ../bin/hello
----- Type : 8_low_1 Pos : PT_F40 -----
There are 1 faults will be injected in faulttable...
101552 microseconds
Fault on PT_F40(0X7f3c4af75ee0 -> 0X7f3c4af75eff)
17 microseconds
[ 2016-10-27 11:42:6]Process 15847 termed with signal 11(SIGSEGV)
PT_F40-8_low_1-200 Test Num : 5
Inject into ../bin/hello
----- Type : 8_low_1 Pos : PT_F40 -----
There are 1 faults will be injected in faulttable...
101246 microseconds
Fault on PT_F40(0X7fea00667ee0 -> 0X7fea00667eff)
17 microseconds
[ 2016-10-27 11:42:6]Process 15849 termed with signal 11(SIGSEGV)
PT_F40-8_low_1-200 Test Num : 6
Inject into ../bin/hello
----- Type : 8_low_1 Pos : PT_F40 -----
There are 1 faults will be injected in faulttable...
100965 microseconds
Fault on PT_F40(0X7f2475f4fee0 -> 0X7f2475f4feff)
12 microseconds
[ 2016-10-27 11:42:6]Process 15851 termed with signal 11(SIGSEGV)
PT_F40-8_low_1-200 Test Num : 7
Inject into ../bin/hello
----- Type : 8_low_1 Pos : PT_F40 -----
There are 1 faults will be injected in faulttable...
101076 microseconds
Fault on PT_F40(0X7fe16c483ee0 -> 0X7fe16c483eff)
20 microseconds
[ 2016-10-27 11:42:6]Process 15853 termed with signal 11(SIGSEGV)
PT_F40-8_low_1-200 Test Num : 8
Inject into ../bin/hello
----- Type : 8_low_1 Pos : PT_F40 -----
There are 1 faults will be injected in faulttable...
101025 microseconds
Fault on PT_F40(0X7f1e6358fee0 -> 0X7f1e6358feff)
13 microseconds
[ 2016-10-27 11:42:6]Process 15855 termed with signal 11(SIGSEGV)
PT_F40-8_low_1-200 Test Num : 9
Inject into ../bin/hello
----- Type : 8_low_1 Pos : PT_F40 -----
There are 1 faults will be injected in faulttable...
101134 microseconds
Fault on PT_F40(0X7f31fa6dbee0 -> 0X7f31fa6dbeff)
35 microseconds
[ 2016-10-27 11:42:7]Process 15857 termed with signal 11(SIGSEGV)
PT_F40-8_low_1-200 Test Num : 10
Inject into ../bin/hello
----- Type : 8_low_1 Pos : PT_F40 -----
There are 1 faults will be injected in faulttable...
101430 microseconds
Fault on PT_F40(0X7f2979e9dee0 -> 0X7f2979e9deff)
17 microseconds
[ 2016-10-27 11:42:7]Process 15859 termed with signal 11(SIGSEGV)
PT_F40-8_low_1-200 Test Num : 11
Inject into ../bin/hello
----- Type : 8_low_1 Pos : PT_F40 -----
There are 1 faults will be injected in faulttable...
101101 microseconds
Fault on PT_F40(0X7f46a70caee0 -> 0X7f46a70caeff)
16 microseconds
[ 2016-10-27 11:42:7]Process 15861 termed with signal 11(SIGSEGV)
PT_F40-8_low_1-200 Test Num : 12
Inject into ../bin/hello
----- Type : 8_low_1 Pos : PT_F40 -----
There are 1 faults will be injected in faulttable...
101177 microseconds
Fault on PT_F40(0X7fd840bc2ee0 -> 0X7fd840bc2eff)
16 microseconds
[ 2016-10-27 11:42:7]Process 15863 termed with signal 11(SIGSEGV)
PT_F40-8_low_1-200 Test Num : 13
Inject into ../bin/hello
----- Type : 8_low_1 Pos : PT_F40 -----
There are 1 faults will be injected in faulttable...
100080 microseconds
Fault on PT_F40(0X7fed07d93ee0 -> 0X7fed07d93eff)
19 microseconds
[ 2016-10-27 11:42:7]Process 15865 termed with signal 11(SIGSEGV)
PT_F40-8_low_1-200 Test Num : 14
Inject into ../bin/hello
----- Type : 8_low_1 Pos : PT_F40 -----
There are 1 faults will be injected in faulttable...
101063 microseconds
Fault on PT_F40(0X7f04c8313ee0 -> 0X7f04c8313eff)
17 microseconds
[ 2016-10-27 11:42:7]Process 15867 termed with signal 11(SIGSEGV)
PT_F40-8_low_1-200 Test Num : 15
Inject into ../bin/hello
----- Type : 8_low_1 Pos : PT_F40 -----
There are 1 faults will be injected in faulttable...
101013 microseconds
Fault on PT_F40(0X7eff3935cee0 -> 0X7eff3935ceff)
20 microseconds
[ 2016-10-27 11:42:7]Process 15869 termed with signal 11(SIGSEGV)
PT_F40-8_low_1-200 Test Num : 16
Inject into ../bin/hello
----- Type : 8_low_1 Pos : PT_F40 -----
There are 1 faults will be injected in faulttable...
100977 microseconds
Fault on PT_F40(0X7f9723d38ee0 -> 0X7f9723d38eff)
24 microseconds
[ 2016-10-27 11:42:7]Process 15871 termed with signal 11(SIGSEGV)
PT_F40-8_low_1-200 Test Num : 17
Inject into ../bin/hello
----- Type : 8_low_1 Pos : PT_F40 -----
There are 1 faults will be injected in faulttable...
101129 microseconds
Fault on PT_F40(0X7fc665c7fee0 -> 0X7fc665c7feff)
16 microseconds
[ 2016-10-27 11:42:7]Process 15873 termed with signal 11(SIGSEGV)
PT_F40-8_low_1-200 Test Num : 18
Inject into ../bin/hello
----- Type : 8_low_1 Pos : PT_F40 -----
There are 1 faults will be injected in faulttable...
101030 microseconds
Fault on PT_F40(0X7fb0e7da0ee0 -> 0X7fb0e7da0eff)
16 microseconds
[ 2016-10-27 11:42:8]Process 15875 termed with signal 11(SIGSEGV)
PT_F40-8_low_1-200 Test Num : 19
Inject into ../bin/hello
----- Type : 8_low_1 Pos : PT_F40 -----
There are 1 faults will be injected in faulttable...
100943 microseconds
Fault on PT_F40(0X7fb45a3f6ee0 -> 0X7fb45a3f6eff)
15 microseconds
[ 2016-10-27 11:42:8]Process 15877 termed with signal 11(SIGSEGV)
PT_F40-8_low_1-200 Test Num : 20
Inject into ../bin/hello
----- Type : 8_low_1 Pos : PT_F40 -----
There are 1 faults will be injected in faulttable...
101125 microseconds
Fault on PT_F40(0X7faf30d1dee0 -> 0X7faf30d1deff)
22 microseconds
[ 2016-10-27 11:42:8]Process 15879 termed with signal 11(SIGSEGV)
PT_F40-8_low_1-200 Test Num : 21
Inject into ../bin/hello
----- Type : 8_low_1 Pos : PT_F40 -----
There are 1 faults will be injected in faulttable...
101341 microseconds
Fault on PT_F40(0X7f26aadc1ee0 -> 0X7f26aadc1eff)
16 microseconds
[ 2016-10-27 11:42:8]Process 15881 termed with signal 11(SIGSEGV)
PT_F40-8_low_1-200 Test Num : 22
Inject into ../bin/hello
----- Type : 8_low_1 Pos : PT_F40 -----
There are 1 faults will be injected in faulttable...
100999 microseconds
Fault on PT_F40(0X7fb49a621ee0 -> 0X7fb49a621eff)
19 microseconds
[ 2016-10-27 11:42:8]Process 15883 termed with signal 11(SIGSEGV)
PT_F40-8_low_1-200 Test Num : 23
Inject into ../bin/hello
----- Type : 8_low_1 Pos : PT_F40 -----
There are 1 faults will be injected in faulttable...
100932 microseconds
Fault on PT_F40(0X7f89d15ffee0 -> 0X7f89d15ffeff)
14 microseconds
[ 2016-10-27 11:42:8]Process 15892 termed with signal 11(SIGSEGV)
PT_F40-8_low_1-200 Test Num : 24
Inject into ../bin/hello
----- Type : 8_low_1 Pos : PT_F40 -----
There are 1 faults will be injected in faulttable...
100974 microseconds
Fault on PT_F40(0X7f5f3e05dee0 -> 0X7f5f3e05deff)
24 microseconds
[ 2016-10-27 11:42:8]Process 15894 termed with signal 11(SIGSEGV)
PT_F40-8_low_1-200 Test Num : 25
Inject into ../bin/hello
----- Type : 8_low_1 Pos : PT_F40 -----
There are 1 faults will be injected in faulttable...
101027 microseconds
Fault on PT_F40(0X7fd64457aee0 -> 0X7fd64457aeff)
18 microseconds
[ 2016-10-27 11:42:8]Process 15896 termed with signal 11(SIGSEGV)
PT_F40-8_low_1-200 Test Num : 26
Inject into ../bin/hello
----- Type : 8_low_1 Pos : PT_F40 -----
There are 1 faults will be injected in faulttable...
101068 microseconds
Fault on PT_F40(0X7f85bd2a0ee0 -> 0X7f85bd2a0eff)
20 microseconds
[ 2016-10-27 11:42:8]Process 15898 termed with signal 11(SIGSEGV)
PT_F40-8_low_1-200 Test Num : 27
Inject into ../bin/hello
----- Type : 8_low_1 Pos : PT_F40 -----
There are 1 faults will be injected in faulttable...
101067 microseconds
Fault on PT_F40(0X7f30f2b5eee0 -> 0X7f30f2b5eeff)
20 microseconds
[ 2016-10-27 11:42:9]Process 15900 termed with signal 11(SIGSEGV)
PT_F40-8_low_1-200 Test Num : 28
Inject into ../bin/hello
----- Type : 8_low_1 Pos : PT_F40 -----
There are 1 faults will be injected in faulttable...
101054 microseconds
Fault on PT_F40(0X7f25bf5ffee0 -> 0X7f25bf5ffeff)
15 microseconds
[ 2016-10-27 11:42:9]Process 15902 termed with signal 11(SIGSEGV)
PT_F40-8_low_1-200 Test Num : 29
Inject into ../bin/hello
----- Type : 8_low_1 Pos : PT_F40 -----
There are 1 faults will be injected in faulttable...
100097 microseconds
Fault on PT_F40(0X7f8b83391ee0 -> 0X7f8b83391eff)
14 microseconds
[ 2016-10-27 11:42:9]Process 15904 termed with signal 11(SIGSEGV)
PT_F40-8_low_1-200 Test Num : 30
Inject into ../bin/hello
----- Type : 8_low_1 Pos : PT_F40 -----
There are 1 faults will be injected in faulttable...
101089 microseconds
Fault on PT_F40(0X7fb064363ee0 -> 0X7fb064363eff)
15 microseconds
[ 2016-10-27 11:42:9]Process 15906 termed with signal 11(SIGSEGV)
PT_F40-8_low_1-200 Test Num : 31
Inject into ../bin/hello
----- Type : 8_low_1 Pos : PT_F40 -----
There are 1 faults will be injected in faulttable...
101055 microseconds
Fault on PT_F40(0X7f114c81cee0 -> 0X7f114c81ceff)
14 microseconds
[ 2016-10-27 11:42:9]Process 15908 termed with signal 11(SIGSEGV)
PT_F40-8_low_1-200 Test Num : 32
Inject into ../bin/hello
----- Type : 8_low_1 Pos : PT_F40 -----
There are 1 faults will be injected in faulttable...
100952 microseconds
Fault on PT_F40(0X7fdd73a28ee0 -> 0X7fdd73a28eff)
14 microseconds
[ 2016-10-27 11:42:9]Process 15910 termed with signal 11(SIGSEGV)
PT_F40-8_low_1-200 Test Num : 33
Inject into ../bin/hello
----- Type : 8_low_1 Pos : PT_F40 -----
There are 1 faults will be injected in faulttable...
100976 microseconds
Fault on PT_F40(0X7f948b76bee0 -> 0X7f948b76beff)
15 microseconds
[ 2016-10-27 11:42:9]Process 15912 termed with signal 11(SIGSEGV)
PT_F40-8_low_1-200 Test Num : 34
Inject into ../bin/hello
----- Type : 8_low_1 Pos : PT_F40 -----
There are 1 faults will be injected in faulttable...
101192 microseconds
Fault on PT_F40(0X7fd2b9061ee0 -> 0X7fd2b9061eff)
13 microseconds
[ 2016-10-27 11:42:9]Process 15914 termed with signal 11(SIGSEGV)
PT_F40-8_low_1-200 Test Num : 35
Inject into ../bin/hello
----- Type : 8_low_1 Pos : PT_F40 -----
There are 1 faults will be injected in faulttable...
101099 microseconds
Fault on PT_F40(0X7f6b7e84dee0 -> 0X7f6b7e84deff)
21 microseconds
[ 2016-10-27 11:42:9]Process 15916 termed with signal 11(SIGSEGV)
PT_F40-8_low_1-200 Test Num : 36
Inject into ../bin/hello
----- Type : 8_low_1 Pos : PT_F40 -----
There are 1 faults will be injected in faulttable...
101060 microseconds
Fault on PT_F40(0X7f551ce4bee0 -> 0X7f551ce4beff)
17 microseconds
[2016-10-27 11:42:10]Process 15918 termed with signal 11(SIGSEGV)
PT_F40-8_low_1-200 Test Num : 37
Inject into ../bin/hello
----- Type : 8_low_1 Pos : PT_F40 -----
There are 1 faults will be injected in faulttable...
100151 microseconds
Fault on PT_F40(0X7f195278bee0 -> 0X7f195278beff)
17 microseconds
[2016-10-27 11:42:10]Process 15920 termed with signal 11(SIGSEGV)
PT_F40-8_low_1-200 Test Num : 38
Inject into ../bin/hello
----- Type : 8_low_1 Pos : PT_F40 -----
There are 1 faults will be injected in faulttable...
100126 microseconds
Fault on PT_F40(0X7f3110e32ee0 -> 0X7f3110e32eff)
23 microseconds
[2016-10-27 11:42:10]Process 15922 termed with signal 11(SIGSEGV)
PT_F40-8_low_1-200 Test Num : 39
Inject into ../bin/hello
----- Type : 8_low_1 Pos : PT_F40 -----
There are 1 faults will be injected in faulttable...
101147 microseconds
Fault on PT_F40(0X7f2e18ad6ee0 -> 0X7f2e18ad6eff)
19 microseconds
[2016-10-27 11:42:10]Process 15924 termed with signal 11(SIGSEGV)
PT_F40-8_low_1-200 Test Num : 40
Inject into ../bin/hello
----- Type : 8_low_1 Pos : PT_F40 -----
There are 1 faults will be injected in faulttable...
101448 microseconds
Fault on PT_F40(0X7f2b2b004ee0 -> 0X7f2b2b004eff)
33 microseconds
[2016-10-27 11:42:10]Process 15926 termed with signal 11(SIGSEGV)
PT_F40-8_low_1-200 Test Num : 41
Inject into ../bin/hello
----- Type : 8_low_1 Pos : PT_F40 -----
There are 1 faults will be injected in faulttable...
101111 microseconds
Fault on PT_F40(0X7febb854cee0 -> 0X7febb854ceff)
21 microseconds
[2016-10-27 11:42:10]Process 15928 termed with signal 11(SIGSEGV)
PT_F40-8_low_1-200 Test Num : 42
Inject into ../bin/hello
----- Type : 8_low_1 Pos : PT_F40 -----
There are 1 faults will be injected in faulttable...
101654 microseconds
Fault on PT_F40(0X7f5147cbeee0 -> 0X7f5147cbeeff)
16 microseconds
[2016-10-27 11:42:10]Process 15930 termed with signal 11(SIGSEGV)
PT_F40-8_low_1-200 Test Num : 43
Inject into ../bin/hello
----- Type : 8_low_1 Pos : PT_F40 -----
There are 1 faults will be injected in faulttable...
101086 microseconds
Fault on PT_F40(0X7fa5abb32ee0 -> 0X7fa5abb32eff)
19 microseconds
[2016-10-27 11:42:10]Process 15932 termed with signal 11(SIGSEGV)
PT_F40-8_low_1-200 Test Num : 44
Inject into ../bin/hello
----- Type : 8_low_1 Pos : PT_F40 -----
There are 1 faults will be injected in faulttable...
101005 microseconds
Fault on PT_F40(0X7f117192dee0 -> 0X7f117192deff)
14 microseconds
[2016-10-27 11:42:10]Process 15934 termed with signal 11(SIGSEGV)
PT_F40-8_low_1-200 Test Num : 45
Inject into ../bin/hello
----- Type : 8_low_1 Pos : PT_F40 -----
There are 1 faults will be injected in faulttable...
100921 microseconds
Fault on PT_F40(0X7f8100619ee0 -> 0X7f8100619eff)
14 microseconds
[2016-10-27 11:42:10]Process 15936 termed with signal 11(SIGSEGV)
PT_F40-8_low_1-200 Test Num : 46
Inject into ../bin/hello
----- Type : 8_low_1 Pos : PT_F40 -----
There are 1 faults will be injected in faulttable...
101016 microseconds
Fault on PT_F40(0X7f752648cee0 -> 0X7f752648ceff)
21 microseconds
[2016-10-27 11:42:11]Process 15938 termed with signal 11(SIGSEGV)
PT_F40-8_low_1-200 Test Num : 47
Inject into ../bin/hello
----- Type : 8_low_1 Pos : PT_F40 -----
There are 1 faults will be injected in faulttable...
101133 microseconds
Fault on PT_F40(0X7fd0ace72ee0 -> 0X7fd0ace72eff)
21 microseconds
[2016-10-27 11:42:11]Process 15940 termed with signal 11(SIGSEGV)
PT_F40-8_low_1-200 Test Num : 48
Inject into ../bin/hello
----- Type : 8_low_1 Pos : PT_F40 -----
There are 1 faults will be injected in faulttable...
100095 microseconds
Fault on PT_F40(0X7f4c62ee3ee0 -> 0X7f4c62ee3eff)
24 microseconds
[2016-10-27 11:42:11]Process 15942 termed with signal 11(SIGSEGV)
PT_F40-8_low_1-200 Test Num : 49
Inject into ../bin/hello
----- Type : 8_low_1 Pos : PT_F40 -----
There are 1 faults will be injected in faulttable...
101086 microseconds
Fault on PT_F40(0X7f9d8fd07ee0 -> 0X7f9d8fd07eff)
22 microseconds
[2016-10-27 11:42:11]Process 15944 termed with signal 11(SIGSEGV)
PT_F40-8_low_1-200 Test Num : 50
Inject into ../bin/hello
----- Type : 8_low_1 Pos : PT_F40 -----
There are 1 faults will be injected in faulttable...
100124 microseconds
Fault on PT_F40(0X7f43471f8ee0 -> 0X7f43471f8eff)
24 microseconds
[2016-10-27 11:42:11]Process 15946 termed with signal 11(SIGSEGV)
PT_F40-8_low_1-200 Test Num : 51
Inject into ../bin/hello
----- Type : 8_low_1 Pos : PT_F40 -----
There are 1 faults will be injected in faulttable...
101257 microseconds
Fault on PT_F40(0X7ff4e4ae1ee0 -> 0X7ff4e4ae1eff)
16 microseconds
[2016-10-27 11:42:11]Process 15948 termed with signal 11(SIGSEGV)
PT_F40-8_low_1-200 Test Num : 52
Inject into ../bin/hello
----- Type : 8_low_1 Pos : PT_F40 -----
There are 1 faults will be injected in faulttable...
101194 microseconds
Fault on PT_F40(0X7f8b9b8d6ee0 -> 0X7f8b9b8d6eff)
17 microseconds
[2016-10-27 11:42:11]Process 15950 termed with signal 11(SIGSEGV)
PT_F40-8_low_1-200 Test Num : 53
Inject into ../bin/hello
----- Type : 8_low_1 Pos : PT_F40 -----
There are 1 faults will be injected in faulttable...
100955 microseconds
Fault on PT_F40(0X7fe7b844cee0 -> 0X7fe7b844ceff)
17 microseconds
[2016-10-27 11:42:11]Process 15952 termed with signal 11(SIGSEGV)
PT_F40-8_low_1-200 Test Num : 54
Inject into ../bin/hello
----- Type : 8_low_1 Pos : PT_F40 -----
There are 1 faults will be injected in faulttable...
101170 microseconds
Fault on PT_F40(0X7f7414dacee0 -> 0X7f7414daceff)
28 microseconds
[2016-10-27 11:42:11]Process 15954 termed with signal 11(SIGSEGV)
PT_F40-8_low_1-200 Test Num : 55
Inject into ../bin/hello
----- Type : 8_low_1 Pos : PT_F40 -----
There are 1 faults will be injected in faulttable...
100932 microseconds
Fault on PT_F40(0X7f12d9080ee0 -> 0X7f12d9080eff)
15 microseconds
[2016-10-27 11:42:12]Process 15956 termed with signal 11(SIGSEGV)
PT_F40-8_low_1-200 Test Num : 56
Inject into ../bin/hello
----- Type : 8_low_1 Pos : PT_F40 -----
There are 1 faults will be injected in faulttable...
100912 microseconds
Fault on PT_F40(0X7f4550d72ee0 -> 0X7f4550d72eff)
16 microseconds
[2016-10-27 11:42:12]Process 15958 termed with signal 11(SIGSEGV)
PT_F40-8_low_1-200 Test Num : 57
Inject into ../bin/hello
----- Type : 8_low_1 Pos : PT_F40 -----
There are 1 faults will be injected in faulttable...
100085 microseconds
Fault on PT_F40(0X7f7e54dddee0 -> 0X7f7e54dddeff)
23 microseconds
[2016-10-27 11:42:12]Process 15960 termed with signal 11(SIGSEGV)
PT_F40-8_low_1-200 Test Num : 58
Inject into ../bin/hello
----- Type : 8_low_1 Pos : PT_F40 -----
There are 1 faults will be injected in faulttable...
101030 microseconds
Fault on PT_F40(0X7f109dfc6ee0 -> 0X7f109dfc6eff)
15 microseconds
[2016-10-27 11:42:12]Process 15962 termed with signal 11(SIGSEGV)
PT_F40-8_low_1-200 Test Num : 59
Inject into ../bin/hello
----- Type : 8_low_1 Pos : PT_F40 -----
There are 1 faults will be injected in faulttable...
101242 microseconds
Fault on PT_F40(0X7fd922868ee0 -> 0X7fd922868eff)
20 microseconds
[2016-10-27 11:42:12]Process 15964 termed with signal 11(SIGSEGV)
PT_F40-8_low_1-200 Test Num : 60
Inject into ../bin/hello
----- Type : 8_low_1 Pos : PT_F40 -----
There are 1 faults will be injected in faulttable...
101091 microseconds
Fault on PT_F40(0X7fb27e4f6ee0 -> 0X7fb27e4f6eff)
21 microseconds
[2016-10-27 11:42:12]Process 15966 termed with signal 11(SIGSEGV)
PT_F40-8_low_1-200 Test Num : 61
Inject into ../bin/hello
----- Type : 8_low_1 Pos : PT_F40 -----
There are 1 faults will be injected in faulttable...
100113 microseconds
Fault on PT_F40(0X7fd257ec7ee0 -> 0X7fd257ec7eff)
20 microseconds
[2016-10-27 11:42:12]Process 15968 termed with signal 11(SIGSEGV)
PT_F40-8_low_1-200 Test Num : 62
Inject into ../bin/hello
----- Type : 8_low_1 Pos : PT_F40 -----
There are 1 faults will be injected in faulttable...
101102 microseconds
Fault on PT_F40(0X7ff1b98dfee0 -> 0X7ff1b98dfeff)
24 microseconds
[2016-10-27 11:42:12]Process 15970 termed with signal 11(SIGSEGV)
PT_F40-8_low_1-200 Test Num : 63
Inject into ../bin/hello
----- Type : 8_low_1 Pos : PT_F40 -----
There are 1 faults will be injected in faulttable...
101208 microseconds
Fault on PT_F40(0X7f1e12d0eee0 -> 0X7f1e12d0eeff)
19 microseconds
[2016-10-27 11:42:12]Process 15972 termed with signal 11(SIGSEGV)
PT_F40-8_low_1-200 Test Num : 64
Inject into ../bin/hello
----- Type : 8_low_1 Pos : PT_F40 -----
There are 1 faults will be injected in faulttable...
100950 microseconds
Fault on PT_F40(0X7f43b817bee0 -> 0X7f43b817beff)
15 microseconds
[2016-10-27 11:42:13]Process 15974 termed with signal 11(SIGSEGV)
PT_F40-8_low_1-200 Test Num : 65
Inject into ../bin/hello
----- Type : 8_low_1 Pos : PT_F40 -----
There are 1 faults will be injected in faulttable...
100991 microseconds
Fault on PT_F40(0X7efbfa6d0ee0 -> 0X7efbfa6d0eff)
22 microseconds
[2016-10-27 11:42:13]Process 15976 termed with signal 11(SIGSEGV)
PT_F40-8_low_1-200 Test Num : 66
Inject into ../bin/hello
----- Type : 8_low_1 Pos : PT_F40 -----
There are 1 faults will be injected in faulttable...
101347 microseconds
Fault on PT_F40(0X7fe3a602dee0 -> 0X7fe3a602deff)
19 microseconds
[2016-10-27 11:42:13]Process 15978 termed with signal 11(SIGSEGV)
PT_F40-8_low_1-200 Test Num : 67
Inject into ../bin/hello
----- Type : 8_low_1 Pos : PT_F40 -----
There are 1 faults will be injected in faulttable...
100990 microseconds
Fault on PT_F40(0X7fa98fe46ee0 -> 0X7fa98fe46eff)
13 microseconds
[2016-10-27 11:42:13]Process 15980 termed with signal 11(SIGSEGV)
PT_F40-8_low_1-200 Test Num : 68
Inject into ../bin/hello
----- Type : 8_low_1 Pos : PT_F40 -----
There are 1 faults will be injected in faulttable...
101050 microseconds
Fault on PT_F40(0X7fa387823ee0 -> 0X7fa387823eff)
14 microseconds
[2016-10-27 11:42:13]Process 15982 termed with signal 11(SIGSEGV)
PT_F40-8_low_1-200 Test Num : 69
Inject into ../bin/hello
----- Type : 8_low_1 Pos : PT_F40 -----
There are 1 faults will be injected in faulttable...
101039 microseconds
Fault on PT_F40(0X7f9823be2ee0 -> 0X7f9823be2eff)
16 microseconds
[2016-10-27 11:42:13]Process 15984 termed with signal 11(SIGSEGV)
PT_F40-8_low_1-200 Test Num : 70
Inject into ../bin/hello
----- Type : 8_low_1 Pos : PT_F40 -----
There are 1 faults will be injected in faulttable...
101004 microseconds
Fault on PT_F40(0X7f856b63dee0 -> 0X7f856b63deff)
20 microseconds
[2016-10-27 11:42:13]Process 15986 termed with signal 11(SIGSEGV)
PT_F40-8_low_1-200 Test Num : 71
Inject into ../bin/hello
----- Type : 8_low_1 Pos : PT_F40 -----
There are 1 faults will be injected in faulttable...
100881 microseconds
Fault on PT_F40(0X7fa34b2edee0 -> 0X7fa34b2edeff)
14 microseconds
[2016-10-27 11:42:13]Process 15988 termed with signal 11(SIGSEGV)
PT_F40-8_low_1-200 Test Num : 72
Inject into ../bin/hello
----- Type : 8_low_1 Pos : PT_F40 -----
There are 1 faults will be injected in faulttable...
100922 microseconds
Fault on PT_F40(0X7f4ae074dee0 -> 0X7f4ae074deff)
14 microseconds
[2016-10-27 11:42:13]Process 15990 termed with signal 11(SIGSEGV)
PT_F40-8_low_1-200 Test Num : 73
Inject into ../bin/hello
----- Type : 8_low_1 Pos : PT_F40 -----
There are 1 faults will be injected in faulttable...
100071 microseconds
Fault on PT_F40(0X7fb005babee0 -> 0X7fb005babeff)
17 microseconds
[2016-10-27 11:42:14]Process 15992 termed with signal 11(SIGSEGV)
PT_F40-8_low_1-200 Test Num : 74
Inject into ../bin/hello
----- Type : 8_low_1 Pos : PT_F40 -----
There are 1 faults will be injected in faulttable...
100995 microseconds
Fault on PT_F40(0X7f3b43af0ee0 -> 0X7f3b43af0eff)
16 microseconds
[2016-10-27 11:42:14]Process 15994 termed with signal 11(SIGSEGV)
PT_F40-8_low_1-200 Test Num : 75
Inject into ../bin/hello
----- Type : 8_low_1 Pos : PT_F40 -----
There are 1 faults will be injected in faulttable...
100949 microseconds
Fault on PT_F40(0X7fd6c65d6ee0 -> 0X7fd6c65d6eff)
17 microseconds
[2016-10-27 11:42:14]Process 15996 termed with signal 11(SIGSEGV)
PT_F40-8_low_1-200 Test Num : 76
Inject into ../bin/hello
----- Type : 8_low_1 Pos : PT_F40 -----
There are 1 faults will be injected in faulttable...
100990 microseconds
Fault on PT_F40(0X7f927e0ccee0 -> 0X7f927e0cceff)
16 microseconds
[2016-10-27 11:42:14]Process 15998 termed with signal 11(SIGSEGV)
PT_F40-8_low_1-200 Test Num : 77
Inject into ../bin/hello
----- Type : 8_low_1 Pos : PT_F40 -----
There are 1 faults will be injected in faulttable...
101156 microseconds
Fault on PT_F40(0X7f268c3acee0 -> 0X7f268c3aceff)
24 microseconds
[2016-10-27 11:42:14]Process 16000 termed with signal 11(SIGSEGV)
PT_F40-8_low_1-200 Test Num : 78
Inject into ../bin/hello
----- Type : 8_low_1 Pos : PT_F40 -----
There are 1 faults will be injected in faulttable...
101535 microseconds
Fault on PT_F40(0X7f49d2016ee0 -> 0X7f49d2016eff)
22 microseconds
[2016-10-27 11:42:14]Process 16002 termed with signal 11(SIGSEGV)
PT_F40-8_low_1-200 Test Num : 79
Inject into ../bin/hello
----- Type : 8_low_1 Pos : PT_F40 -----
There are 1 faults will be injected in faulttable...
100939 microseconds
Fault on PT_F40(0X7fc62d779ee0 -> 0X7fc62d779eff)
14 microseconds
[2016-10-27 11:42:14]Process 16004 termed with signal 11(SIGSEGV)
PT_F40-8_low_1-200 Test Num : 80
Inject into ../bin/hello
----- Type : 8_low_1 Pos : PT_F40 -----
There are 1 faults will be injected in faulttable...
100235 microseconds
Fault on PT_F40(0X7fd529112ee0 -> 0X7fd529112eff)
14 microseconds
[2016-10-27 11:42:14]Process 16006 termed with signal 11(SIGSEGV)
PT_F40-8_low_1-200 Test Num : 81
Inject into ../bin/hello
----- Type : 8_low_1 Pos : PT_F40 -----
There are 1 faults will be injected in faulttable...
101058 microseconds
Fault on PT_F40(0X7effd40afee0 -> 0X7effd40afeff)
13 microseconds
[2016-10-27 11:42:14]Process 16008 termed with signal 11(SIGSEGV)
PT_F40-8_low_1-200 Test Num : 82
Inject into ../bin/hello
----- Type : 8_low_1 Pos : PT_F40 -----
There are 1 faults will be injected in faulttable...
100900 microseconds
Fault on PT_F40(0X7fb581c08ee0 -> 0X7fb581c08eff)
17 microseconds
[2016-10-27 11:42:15]Process 16010 termed with signal 11(SIGSEGV)
PT_F40-8_low_1-200 Test Num : 83
Inject into ../bin/hello
----- Type : 8_low_1 Pos : PT_F40 -----
There are 1 faults will be injected in faulttable...
101096 microseconds
Fault on PT_F40(0X7f44572f4ee0 -> 0X7f44572f4eff)
14 microseconds
[2016-10-27 11:42:15]Process 16012 termed with signal 11(SIGSEGV)
PT_F40-8_low_1-200 Test Num : 84
Inject into ../bin/hello
----- Type : 8_low_1 Pos : PT_F40 -----
There are 1 faults will be injected in faulttable...
101421 microseconds
Fault on PT_F40(0X7f3bb6487ee0 -> 0X7f3bb6487eff)
29 microseconds
[2016-10-27 11:42:15]Process 16014 termed with signal 11(SIGSEGV)
PT_F40-8_low_1-200 Test Num : 85
Inject into ../bin/hello
----- Type : 8_low_1 Pos : PT_F40 -----
There are 1 faults will be injected in faulttable...
101093 microseconds
Fault on PT_F40(0X7fae5fd8bee0 -> 0X7fae5fd8beff)
21 microseconds
[2016-10-27 11:42:15]Process 16016 termed with signal 11(SIGSEGV)
PT_F40-8_low_1-200 Test Num : 86
Inject into ../bin/hello
----- Type : 8_low_1 Pos : PT_F40 -----
There are 1 faults will be injected in faulttable...
101074 microseconds
Fault on PT_F40(0X7f94c270aee0 -> 0X7f94c270aeff)
24 microseconds
[2016-10-27 11:42:15]Process 16018 termed with signal 11(SIGSEGV)
PT_F40-8_low_1-200 Test Num : 87
Inject into ../bin/hello
----- Type : 8_low_1 Pos : PT_F40 -----
There are 1 faults will be injected in faulttable...
101030 microseconds
Fault on PT_F40(0X7f5c9c2f8ee0 -> 0X7f5c9c2f8eff)
16 microseconds
[2016-10-27 11:42:15]Process 16020 termed with signal 11(SIGSEGV)
PT_F40-8_low_1-200 Test Num : 88
Inject into ../bin/hello
----- Type : 8_low_1 Pos : PT_F40 -----
There are 1 faults will be injected in faulttable...
101196 microseconds
Fault on PT_F40(0X7f50f8c54ee0 -> 0X7f50f8c54eff)
20 microseconds
[2016-10-27 11:42:15]Process 16022 termed with signal 11(SIGSEGV)
PT_F40-8_low_1-200 Test Num : 89
Inject into ../bin/hello
----- Type : 8_low_1 Pos : PT_F40 -----
There are 1 faults will be injected in faulttable...
100995 microseconds
Fault on PT_F40(0X7fb07b85eee0 -> 0X7fb07b85eeff)
11 microseconds
[2016-10-27 11:42:15]Process 16024 termed with signal 11(SIGSEGV)
PT_F40-8_low_1-200 Test Num : 90
Inject into ../bin/hello
----- Type : 8_low_1 Pos : PT_F40 -----
There are 1 faults will be injected in faulttable...
100917 microseconds
Fault on PT_F40(0X7fc1516c9ee0 -> 0X7fc1516c9eff)
16 microseconds
[2016-10-27 11:42:15]Process 16026 termed with signal 11(SIGSEGV)
PT_F40-8_low_1-200 Test Num : 91
Inject into ../bin/hello
----- Type : 8_low_1 Pos : PT_F40 -----
There are 1 faults will be injected in faulttable...
101350 microseconds
Fault on PT_F40(0X7fb435718ee0 -> 0X7fb435718eff)
24 microseconds
[2016-10-27 11:42:16]Process 16028 termed with signal 11(SIGSEGV)
PT_F40-8_low_1-200 Test Num : 92
Inject into ../bin/hello
----- Type : 8_low_1 Pos : PT_F40 -----
There are 1 faults will be injected in faulttable...
100956 microseconds
Fault on PT_F40(0X7fd06c3adee0 -> 0X7fd06c3adeff)
15 microseconds
[2016-10-27 11:42:16]Process 16030 termed with signal 11(SIGSEGV)
PT_F40-8_low_1-200 Test Num : 93
Inject into ../bin/hello
----- Type : 8_low_1 Pos : PT_F40 -----
There are 1 faults will be injected in faulttable...
100964 microseconds
Fault on PT_F40(0X7fecbbbc8ee0 -> 0X7fecbbbc8eff)
19 microseconds
[2016-10-27 11:42:16]Process 16032 termed with signal 11(SIGSEGV)
PT_F40-8_low_1-200 Test Num : 94
Inject into ../bin/hello
----- Type : 8_low_1 Pos : PT_F40 -----
There are 1 faults will be injected in faulttable...
101005 microseconds
Fault on PT_F40(0X7fd609c89ee0 -> 0X7fd609c89eff)
16 microseconds
[2016-10-27 11:42:16]Process 16034 termed with signal 11(SIGSEGV)
PT_F40-8_low_1-200 Test Num : 95
Inject into ../bin/hello
----- Type : 8_low_1 Pos : PT_F40 -----
There are 1 faults will be injected in faulttable...
100152 microseconds
Fault on PT_F40(0X7f4ada9b6ee0 -> 0X7f4ada9b6eff)
25 microseconds
[2016-10-27 11:42:16]Process 16036 termed with signal 11(SIGSEGV)
PT_F40-8_low_1-200 Test Num : 96
Inject into ../bin/hello
----- Type : 8_low_1 Pos : PT_F40 -----
There are 1 faults will be injected in faulttable...
101106 microseconds
Fault on PT_F40(0X7f4870686ee0 -> 0X7f4870686eff)
13 microseconds
[2016-10-27 11:42:16]Process 16038 termed with signal 11(SIGSEGV)
PT_F40-8_low_1-200 Test Num : 97
Inject into ../bin/hello
----- Type : 8_low_1 Pos : PT_F40 -----
There are 1 faults will be injected in faulttable...
101125 microseconds
Fault on PT_F40(0X7fa0b5055ee0 -> 0X7fa0b5055eff)
26 microseconds
[2016-10-27 11:42:16]Process 16040 termed with signal 11(SIGSEGV)
PT_F40-8_low_1-200 Test Num : 98
Inject into ../bin/hello
----- Type : 8_low_1 Pos : PT_F40 -----
There are 1 faults will be injected in faulttable...
101056 microseconds
Fault on PT_F40(0X7f9ac5769ee0 -> 0X7f9ac5769eff)
19 microseconds
[2016-10-27 11:42:16]Process 16042 termed with signal 11(SIGSEGV)
PT_F40-8_low_1-200 Test Num : 99
Inject into ../bin/hello
----- Type : 8_low_1 Pos : PT_F40 -----
There are 1 faults will be injected in faulttable...
101210 microseconds
Fault on PT_F40(0X7faf56a26ee0 -> 0X7faf56a26eff)
22 microseconds
[2016-10-27 11:42:16]Process 16044 termed with signal 11(SIGSEGV)
PT_F40-8_low_1-200 Test Num : 100
Inject into ../bin/hello
----- Type : 8_low_1 Pos : PT_F40 -----
There are 1 faults will be injected in faulttable...
101428 microseconds
Fault on PT_F40(0X7fcb79a61ee0 -> 0X7fcb79a61eff)
20 microseconds
[2016-10-27 11:42:16]Process 16046 termed with signal 11(SIGSEGV)
PT_F40-8_low_1-200 Test Num : 101
Inject into ../bin/hello
----- Type : 8_low_1 Pos : PT_F40 -----
There are 1 faults will be injected in faulttable...
100083 microseconds
Fault on PT_F40(0X7f4bf7958ee0 -> 0X7f4bf7958eff)
16 microseconds
[2016-10-27 11:42:17]Process 16048 termed with signal 11(SIGSEGV)
PT_F40-8_low_1-200 Test Num : 102
Inject into ../bin/hello
----- Type : 8_low_1 Pos : PT_F40 -----
There are 1 faults will be injected in faulttable...
101141 microseconds
Fault on PT_F40(0X7f74beac1ee0 -> 0X7f74beac1eff)
15 microseconds
[2016-10-27 11:42:17]Process 16050 termed with signal 11(SIGSEGV)
PT_F40-8_low_1-200 Test Num : 103
Inject into ../bin/hello
----- Type : 8_low_1 Pos : PT_F40 -----
There are 1 faults will be injected in faulttable...
100100 microseconds
Fault on PT_F40(0X7ff15b296ee0 -> 0X7ff15b296eff)
23 microseconds
[2016-10-27 11:42:17]Process 16052 termed with signal 11(SIGSEGV)
PT_F40-8_low_1-200 Test Num : 104
Inject into ../bin/hello
----- Type : 8_low_1 Pos : PT_F40 -----
There are 1 faults will be injected in faulttable...
101215 microseconds
Fault on PT_F40(0X7fa04e77aee0 -> 0X7fa04e77aeff)
13 microseconds
[2016-10-27 11:42:17]Process 16054 termed with signal 11(SIGSEGV)
PT_F40-8_low_1-200 Test Num : 105
Inject into ../bin/hello
----- Type : 8_low_1 Pos : PT_F40 -----
There are 1 faults will be injected in faulttable...
101119 microseconds
Fault on PT_F40(0X7f3f08451ee0 -> 0X7f3f08451eff)
20 microseconds
[2016-10-27 11:42:17]Process 16063 termed with signal 11(SIGSEGV)
PT_F40-8_low_1-200 Test Num : 106
Inject into ../bin/hello
----- Type : 8_low_1 Pos : PT_F40 -----
There are 1 faults will be injected in faulttable...
101162 microseconds
Fault on PT_F40(0X7f47f62eaee0 -> 0X7f47f62eaeff)
19 microseconds
[2016-10-27 11:42:17]Process 16065 termed with signal 11(SIGSEGV)
PT_F40-8_low_1-200 Test Num : 107
Inject into ../bin/hello
----- Type : 8_low_1 Pos : PT_F40 -----
There are 1 faults will be injected in faulttable...
101189 microseconds
Fault on PT_F40(0X7f4665a71ee0 -> 0X7f4665a71eff)
18 microseconds
[2016-10-27 11:42:17]Process 16067 termed with signal 11(SIGSEGV)
PT_F40-8_low_1-200 Test Num : 108
Inject into ../bin/hello
----- Type : 8_low_1 Pos : PT_F40 -----
There are 1 faults will be injected in faulttable...
101137 microseconds
Fault on PT_F40(0X7fcef869dee0 -> 0X7fcef869deff)
16 microseconds
[2016-10-27 11:42:17]Process 16069 termed with signal 11(SIGSEGV)
PT_F40-8_low_1-200 Test Num : 109
Inject into ../bin/hello
----- Type : 8_low_1 Pos : PT_F40 -----
There are 1 faults will be injected in faulttable...
100101 microseconds
Fault on PT_F40(0X7ff8fc2f7ee0 -> 0X7ff8fc2f7eff)
22 microseconds
[2016-10-27 11:42:17]Process 16071 termed with signal 11(SIGSEGV)
PT_F40-8_low_1-200 Test Num : 110
Inject into ../bin/hello
----- Type : 8_low_1 Pos : PT_F40 -----
There are 1 faults will be injected in faulttable...
100125 microseconds
Fault on PT_F40(0X7f17ebc91ee0 -> 0X7f17ebc91eff)
21 microseconds
[2016-10-27 11:42:18]Process 16073 termed with signal 11(SIGSEGV)
PT_F40-8_low_1-200 Test Num : 111
Inject into ../bin/hello
----- Type : 8_low_1 Pos : PT_F40 -----
There are 1 faults will be injected in faulttable...
101030 microseconds
Fault on PT_F40(0X7f829b6cfee0 -> 0X7f829b6cfeff)
16 microseconds
[2016-10-27 11:42:18]Process 16075 termed with signal 11(SIGSEGV)
PT_F40-8_low_1-200 Test Num : 112
Inject into ../bin/hello
----- Type : 8_low_1 Pos : PT_F40 -----
There are 1 faults will be injected in faulttable...
100126 microseconds
Fault on PT_F40(0X7f63901c8ee0 -> 0X7f63901c8eff)
17 microseconds
[2016-10-27 11:42:18]Process 16077 termed with signal 11(SIGSEGV)
PT_F40-8_low_1-200 Test Num : 113
Inject into ../bin/hello
----- Type : 8_low_1 Pos : PT_F40 -----
There are 1 faults will be injected in faulttable...
101094 microseconds
Fault on PT_F40(0X7fd4d962aee0 -> 0X7fd4d962aeff)
15 microseconds
[2016-10-27 11:42:18]Process 16086 termed with signal 11(SIGSEGV)
PT_F40-8_low_1-200 Test Num : 114
Inject into ../bin/hello
----- Type : 8_low_1 Pos : PT_F40 -----
There are 1 faults will be injected in faulttable...
101198 microseconds
Fault on PT_F40(0X7f2eb326dee0 -> 0X7f2eb326deff)
18 microseconds
[2016-10-27 11:42:18]Process 16088 termed with signal 11(SIGSEGV)
PT_F40-8_low_1-200 Test Num : 115
Inject into ../bin/hello
----- Type : 8_low_1 Pos : PT_F40 -----
There are 1 faults will be injected in faulttable...
101116 microseconds
Fault on PT_F40(0X7f74bf826ee0 -> 0X7f74bf826eff)
19 microseconds
[2016-10-27 11:42:18]Process 16090 termed with signal 11(SIGSEGV)
PT_F40-8_low_1-200 Test Num : 116
Inject into ../bin/hello
----- Type : 8_low_1 Pos : PT_F40 -----
There are 1 faults will be injected in faulttable...
100088 microseconds
Fault on PT_F40(0X7ff5f37bfee0 -> 0X7ff5f37bfeff)
14 microseconds
[2016-10-27 11:42:18]Process 16092 termed with signal 11(SIGSEGV)
PT_F40-8_low_1-200 Test Num : 117
Inject into ../bin/hello
----- Type : 8_low_1 Pos : PT_F40 -----
There are 1 faults will be injected in faulttable...
100228 microseconds
Fault on PT_F40(0X7fc35b7deee0 -> 0X7fc35b7deeff)
17 microseconds
[2016-10-27 11:42:18]Process 16094 termed with signal 11(SIGSEGV)
PT_F40-8_low_1-200 Test Num : 118
Inject into ../bin/hello
----- Type : 8_low_1 Pos : PT_F40 -----
There are 1 faults will be injected in faulttable...
101122 microseconds
Fault on PT_F40(0X7fabe5ee6ee0 -> 0X7fabe5ee6eff)
17 microseconds
[2016-10-27 11:42:18]Process 16096 termed with signal 11(SIGSEGV)
PT_F40-8_low_1-200 Test Num : 119
Inject into ../bin/hello
----- Type : 8_low_1 Pos : PT_F40 -----
There are 1 faults will be injected in faulttable...
100996 microseconds
Fault on PT_F40(0X7fca67ad3ee0 -> 0X7fca67ad3eff)
23 microseconds
[2016-10-27 11:42:19]Process 16098 termed with signal 11(SIGSEGV)
PT_F40-8_low_1-200 Test Num : 120
Inject into ../bin/hello
----- Type : 8_low_1 Pos : PT_F40 -----
There are 1 faults will be injected in faulttable...
101274 microseconds
Fault on PT_F40(0X7f4a20025ee0 -> 0X7f4a20025eff)
19 microseconds
[2016-10-27 11:42:19]Process 16100 termed with signal 11(SIGSEGV)
PT_F40-8_low_1-200 Test Num : 121
Inject into ../bin/hello
----- Type : 8_low_1 Pos : PT_F40 -----
There are 1 faults will be injected in faulttable...
101112 microseconds
Fault on PT_F40(0X7f72e932dee0 -> 0X7f72e932deff)
24 microseconds
[2016-10-27 11:42:19]Process 16102 termed with signal 11(SIGSEGV)
PT_F40-8_low_1-200 Test Num : 122
Inject into ../bin/hello
----- Type : 8_low_1 Pos : PT_F40 -----
There are 1 faults will be injected in faulttable...
101002 microseconds
Fault on PT_F40(0X7f6ef2eaeee0 -> 0X7f6ef2eaeeff)
21 microseconds
[2016-10-27 11:42:19]Process 16104 termed with signal 11(SIGSEGV)
PT_F40-8_low_1-200 Test Num : 123
Inject into ../bin/hello
----- Type : 8_low_1 Pos : PT_F40 -----
There are 1 faults will be injected in faulttable...
101184 microseconds
Fault on PT_F40(0X7f35113ccee0 -> 0X7f35113cceff)
18 microseconds
[2016-10-27 11:42:19]Process 16106 termed with signal 11(SIGSEGV)
PT_F40-8_low_1-200 Test Num : 124
Inject into ../bin/hello
----- Type : 8_low_1 Pos : PT_F40 -----
There are 1 faults will be injected in faulttable...
101109 microseconds
Fault on PT_F40(0X7fb68d039ee0 -> 0X7fb68d039eff)
14 microseconds
[2016-10-27 11:42:19]Process 16108 termed with signal 11(SIGSEGV)
PT_F40-8_low_1-200 Test Num : 125
Inject into ../bin/hello
----- Type : 8_low_1 Pos : PT_F40 -----
There are 1 faults will be injected in faulttable...
101099 microseconds
Fault on PT_F40(0X7f7d8ad3eee0 -> 0X7f7d8ad3eeff)
15 microseconds
[2016-10-27 11:42:19]Process 16117 termed with signal 11(SIGSEGV)
PT_F40-8_low_1-200 Test Num : 126
Inject into ../bin/hello
----- Type : 8_low_1 Pos : PT_F40 -----
There are 1 faults will be injected in faulttable...
101172 microseconds
Fault on PT_F40(0X7ffb877ccee0 -> 0X7ffb877cceff)
15 microseconds
[2016-10-27 11:42:19]Process 16119 termed with signal 11(SIGSEGV)
PT_F40-8_low_1-200 Test Num : 127
Inject into ../bin/hello
----- Type : 8_low_1 Pos : PT_F40 -----
There are 1 faults will be injected in faulttable...
100290 microseconds
Fault on PT_F40(0X7fe7c114eee0 -> 0X7fe7c114eeff)
13 microseconds
[2016-10-27 11:42:19]Process 16121 termed with signal 11(SIGSEGV)
PT_F40-8_low_1-200 Test Num : 128
Inject into ../bin/hello
----- Type : 8_low_1 Pos : PT_F40 -----
There are 1 faults will be injected in faulttable...
101065 microseconds
Fault on PT_F40(0X7f2404413ee0 -> 0X7f2404413eff)
20 microseconds
[2016-10-27 11:42:20]Process 16123 termed with signal 11(SIGSEGV)
PT_F40-8_low_1-200 Test Num : 129
Inject into ../bin/hello
----- Type : 8_low_1 Pos : PT_F40 -----
There are 1 faults will be injected in faulttable...
100105 microseconds
Fault on PT_F40(0X7eff5ebafee0 -> 0X7eff5ebafeff)
14 microseconds
[2016-10-27 11:42:20]Process 16125 termed with signal 11(SIGSEGV)
PT_F40-8_low_1-200 Test Num : 130
Inject into ../bin/hello
----- Type : 8_low_1 Pos : PT_F40 -----
There are 1 faults will be injected in faulttable...
100081 microseconds
Fault on PT_F40(0X7f49cff7dee0 -> 0X7f49cff7deff)
15 microseconds
[2016-10-27 11:42:20]Process 16127 termed with signal 11(SIGSEGV)
PT_F40-8_low_1-200 Test Num : 131
Inject into ../bin/hello
----- Type : 8_low_1 Pos : PT_F40 -----
There are 1 faults will be injected in faulttable...
100956 microseconds
Fault on PT_F40(0X7f9d83bf5ee0 -> 0X7f9d83bf5eff)
17 microseconds
[2016-10-27 11:42:20]Process 16129 termed with signal 11(SIGSEGV)
PT_F40-8_low_1-200 Test Num : 132
Inject into ../bin/hello
----- Type : 8_low_1 Pos : PT_F40 -----
There are 1 faults will be injected in faulttable...
101092 microseconds
Fault on PT_F40(0X7f4dd87ffee0 -> 0X7f4dd87ffeff)
17 microseconds
[2016-10-27 11:42:20]Process 16131 termed with signal 11(SIGSEGV)
PT_F40-8_low_1-200 Test Num : 133
Inject into ../bin/hello
----- Type : 8_low_1 Pos : PT_F40 -----
There are 1 faults will be injected in faulttable...
101044 microseconds
Fault on PT_F40(0X7fde6b8b8ee0 -> 0X7fde6b8b8eff)
15 microseconds
[2016-10-27 11:42:20]Process 16133 termed with signal 11(SIGSEGV)
PT_F40-8_low_1-200 Test Num : 134
Inject into ../bin/hello
----- Type : 8_low_1 Pos : PT_F40 -----
There are 1 faults will be injected in faulttable...
101139 microseconds
Fault on PT_F40(0X7fa227a50ee0 -> 0X7fa227a50eff)
21 microseconds
[2016-10-27 11:42:20]Process 16135 termed with signal 11(SIGSEGV)
PT_F40-8_low_1-200 Test Num : 135
Inject into ../bin/hello
----- Type : 8_low_1 Pos : PT_F40 -----
There are 1 faults will be injected in faulttable...
101194 microseconds
Fault on PT_F40(0X7f7959164ee0 -> 0X7f7959164eff)
25 microseconds
[2016-10-27 11:42:20]Process 16137 termed with signal 11(SIGSEGV)
PT_F40-8_low_1-200 Test Num : 136
Inject into ../bin/hello
----- Type : 8_low_1 Pos : PT_F40 -----
There are 1 faults will be injected in faulttable...
101066 microseconds
Fault on PT_F40(0X7f805f736ee0 -> 0X7f805f736eff)
15 microseconds
[2016-10-27 11:42:20]Process 16139 termed with signal 11(SIGSEGV)
PT_F40-8_low_1-200 Test Num : 137
Inject into ../bin/hello
----- Type : 8_low_1 Pos : PT_F40 -----
There are 1 faults will be injected in faulttable...
101022 microseconds
Fault on PT_F40(0X7fd1b569dee0 -> 0X7fd1b569deff)
22 microseconds
[2016-10-27 11:42:21]Process 16141 termed with signal 11(SIGSEGV)
PT_F40-8_low_1-200 Test Num : 138
Inject into ../bin/hello
----- Type : 8_low_1 Pos : PT_F40 -----
There are 1 faults will be injected in faulttable...
101269 microseconds
Fault on PT_F40(0X7f32a2290ee0 -> 0X7f32a2290eff)
20 microseconds
[2016-10-27 11:42:21]Process 16143 termed with signal 11(SIGSEGV)
PT_F40-8_low_1-200 Test Num : 139
Inject into ../bin/hello
----- Type : 8_low_1 Pos : PT_F40 -----
There are 1 faults will be injected in faulttable...
101149 microseconds
Fault on PT_F40(0X7fabbb9abee0 -> 0X7fabbb9abeff)
16 microseconds
[2016-10-27 11:42:21]Process 16145 termed with signal 11(SIGSEGV)
PT_F40-8_low_1-200 Test Num : 140
Inject into ../bin/hello
----- Type : 8_low_1 Pos : PT_F40 -----
There are 1 faults will be injected in faulttable...
101354 microseconds
Fault on PT_F40(0X7fc0e73feee0 -> 0X7fc0e73feeff)
16 microseconds
[2016-10-27 11:42:21]Process 16147 termed with signal 11(SIGSEGV)
PT_F40-8_low_1-200 Test Num : 141
Inject into ../bin/hello
----- Type : 8_low_1 Pos : PT_F40 -----
There are 1 faults will be injected in faulttable...
100999 microseconds
Fault on PT_F40(0X7fe87de24ee0 -> 0X7fe87de24eff)
20 microseconds
[2016-10-27 11:42:21]Process 16149 termed with signal 11(SIGSEGV)
PT_F40-8_low_1-200 Test Num : 142
Inject into ../bin/hello
----- Type : 8_low_1 Pos : PT_F40 -----
There are 1 faults will be injected in faulttable...
101367 microseconds
Fault on PT_F40(0X7f52255bcee0 -> 0X7f52255bceff)
25 microseconds
[2016-10-27 11:42:21]Process 16151 termed with signal 11(SIGSEGV)
PT_F40-8_low_1-200 Test Num : 143
Inject into ../bin/hello
----- Type : 8_low_1 Pos : PT_F40 -----
There are 1 faults will be injected in faulttable...
101066 microseconds
Fault on PT_F40(0X7f944a992ee0 -> 0X7f944a992eff)
15 microseconds
[2016-10-27 11:42:21]Process 16153 termed with signal 11(SIGSEGV)
PT_F40-8_low_1-200 Test Num : 144
Inject into ../bin/hello
----- Type : 8_low_1 Pos : PT_F40 -----
There are 1 faults will be injected in faulttable...
101211 microseconds
Fault on PT_F40(0X7fd5f8fdaee0 -> 0X7fd5f8fdaeff)
15 microseconds
[2016-10-27 11:42:21]Process 16155 termed with signal 11(SIGSEGV)
PT_F40-8_low_1-200 Test Num : 145
Inject into ../bin/hello
----- Type : 8_low_1 Pos : PT_F40 -----
There are 1 faults will be injected in faulttable...
101668 microseconds
Fault on PT_F40(0X7f371ca1eee0 -> 0X7f371ca1eeff)
19 microseconds
[2016-10-27 11:42:21]Process 16157 termed with signal 11(SIGSEGV)
PT_F40-8_low_1-200 Test Num : 146
Inject into ../bin/hello
----- Type : 8_low_1 Pos : PT_F40 -----
There are 1 faults will be injected in faulttable...
100068 microseconds
Fault on PT_F40(0X7fd8c39f5ee0 -> 0X7fd8c39f5eff)
17 microseconds
[2016-10-27 11:42:22]Process 16159 termed with signal 11(SIGSEGV)
PT_F40-8_low_1-200 Test Num : 147
Inject into ../bin/hello
----- Type : 8_low_1 Pos : PT_F40 -----
There are 1 faults will be injected in faulttable...
100111 microseconds
Fault on PT_F40(0X7f06e3d02ee0 -> 0X7f06e3d02eff)
24 microseconds
[2016-10-27 11:42:22]Process 16161 termed with signal 11(SIGSEGV)
PT_F40-8_low_1-200 Test Num : 148
Inject into ../bin/hello
----- Type : 8_low_1 Pos : PT_F40 -----
There are 1 faults will be injected in faulttable...
101085 microseconds
Fault on PT_F40(0X7f621d373ee0 -> 0X7f621d373eff)
16 microseconds
[2016-10-27 11:42:22]Process 16163 termed with signal 11(SIGSEGV)
PT_F40-8_low_1-200 Test Num : 149
Inject into ../bin/hello
----- Type : 8_low_1 Pos : PT_F40 -----
There are 1 faults will be injected in faulttable...
101129 microseconds
Fault on PT_F40(0X7f06de8b5ee0 -> 0X7f06de8b5eff)
18 microseconds
[2016-10-27 11:42:22]Process 16165 termed with signal 11(SIGSEGV)
PT_F40-8_low_1-200 Test Num : 150
Inject into ../bin/hello
----- Type : 8_low_1 Pos : PT_F40 -----
There are 1 faults will be injected in faulttable...
101223 microseconds
Fault on PT_F40(0X7f66fdf91ee0 -> 0X7f66fdf91eff)
14 microseconds
[2016-10-27 11:42:22]Process 16167 termed with signal 11(SIGSEGV)
PT_F40-8_low_1-200 Test Num : 151
Inject into ../bin/hello
----- Type : 8_low_1 Pos : PT_F40 -----
There are 1 faults will be injected in faulttable...
101020 microseconds
Fault on PT_F40(0X7fd9b5f4bee0 -> 0X7fd9b5f4beff)
11 microseconds
[2016-10-27 11:42:22]Process 16169 termed with signal 11(SIGSEGV)
PT_F40-8_low_1-200 Test Num : 152
Inject into ../bin/hello
----- Type : 8_low_1 Pos : PT_F40 -----
There are 1 faults will be injected in faulttable...
100085 microseconds
Fault on PT_F40(0X7f2d3fc74ee0 -> 0X7f2d3fc74eff)
17 microseconds
[2016-10-27 11:42:22]Process 16171 termed with signal 11(SIGSEGV)
PT_F40-8_low_1-200 Test Num : 153
Inject into ../bin/hello
----- Type : 8_low_1 Pos : PT_F40 -----
There are 1 faults will be injected in faulttable...
100933 microseconds
Fault on PT_F40(0X7f85798f8ee0 -> 0X7f85798f8eff)
16 microseconds
[2016-10-27 11:42:22]Process 16173 termed with signal 11(SIGSEGV)
PT_F40-8_low_1-200 Test Num : 154
Inject into ../bin/hello
----- Type : 8_low_1 Pos : PT_F40 -----
There are 1 faults will be injected in faulttable...
101201 microseconds
Fault on PT_F40(0X7f396d130ee0 -> 0X7f396d130eff)
14 microseconds
[2016-10-27 11:42:22]Process 16175 termed with signal 11(SIGSEGV)
PT_F40-8_low_1-200 Test Num : 155
Inject into ../bin/hello
----- Type : 8_low_1 Pos : PT_F40 -----
There are 1 faults will be injected in faulttable...
101362 microseconds
Fault on PT_F40(0X7feb313b8ee0 -> 0X7feb313b8eff)
15 microseconds
[2016-10-27 11:42:22]Process 16177 termed with signal 11(SIGSEGV)
PT_F40-8_low_1-200 Test Num : 156
Inject into ../bin/hello
----- Type : 8_low_1 Pos : PT_F40 -----
There are 1 faults will be injected in faulttable...
101172 microseconds
Fault on PT_F40(0X7fcf3f5f8ee0 -> 0X7fcf3f5f8eff)
23 microseconds
[2016-10-27 11:42:23]Process 16179 termed with signal 11(SIGSEGV)
PT_F40-8_low_1-200 Test Num : 157
Inject into ../bin/hello
----- Type : 8_low_1 Pos : PT_F40 -----
There are 1 faults will be injected in faulttable...
101094 microseconds
Fault on PT_F40(0X7f56035e3ee0 -> 0X7f56035e3eff)
15 microseconds
[2016-10-27 11:42:23]Process 16181 termed with signal 11(SIGSEGV)
PT_F40-8_low_1-200 Test Num : 158
Inject into ../bin/hello
----- Type : 8_low_1 Pos : PT_F40 -----
There are 1 faults will be injected in faulttable...
101392 microseconds
Fault on PT_F40(0X7f2553679ee0 -> 0X7f2553679eff)
17 microseconds
[2016-10-27 11:42:23]Process 16183 termed with signal 11(SIGSEGV)
PT_F40-8_low_1-200 Test Num : 159
Inject into ../bin/hello
----- Type : 8_low_1 Pos : PT_F40 -----
There are 1 faults will be injected in faulttable...
100996 microseconds
Fault on PT_F40(0X7fe5d7938ee0 -> 0X7fe5d7938eff)
14 microseconds
[2016-10-27 11:42:23]Process 16185 termed with signal 11(SIGSEGV)
PT_F40-8_low_1-200 Test Num : 160
Inject into ../bin/hello
----- Type : 8_low_1 Pos : PT_F40 -----
There are 1 faults will be injected in faulttable...
100120 microseconds
Fault on PT_F40(0X7fcc6f92cee0 -> 0X7fcc6f92ceff)
37 microseconds
[2016-10-27 11:42:23]Process 16187 termed with signal 11(SIGSEGV)
PT_F40-8_low_1-200 Test Num : 161
Inject into ../bin/hello
----- Type : 8_low_1 Pos : PT_F40 -----
There are 1 faults will be injected in faulttable...
100088 microseconds
Fault on PT_F40(0X7fa879810ee0 -> 0X7fa879810eff)
11 microseconds
[2016-10-27 11:42:23]Process 16189 termed with signal 11(SIGSEGV)
PT_F40-8_low_1-200 Test Num : 162
Inject into ../bin/hello
----- Type : 8_low_1 Pos : PT_F40 -----
There are 1 faults will be injected in faulttable...
101134 microseconds
Fault on PT_F40(0X7f3e7d75eee0 -> 0X7f3e7d75eeff)
14 microseconds
[2016-10-27 11:42:23]Process 16191 termed with signal 11(SIGSEGV)
PT_F40-8_low_1-200 Test Num : 163
Inject into ../bin/hello
----- Type : 8_low_1 Pos : PT_F40 -----
There are 1 faults will be injected in faulttable...
101410 microseconds
Fault on PT_F40(0X7f7fa284dee0 -> 0X7f7fa284deff)
16 microseconds
[2016-10-27 11:42:23]Process 16193 termed with signal 11(SIGSEGV)
PT_F40-8_low_1-200 Test Num : 164
Inject into ../bin/hello
----- Type : 8_low_1 Pos : PT_F40 -----
There are 1 faults will be injected in faulttable...
101116 microseconds
Fault on PT_F40(0X7f806aa87ee0 -> 0X7f806aa87eff)
22 microseconds
[2016-10-27 11:42:23]Process 16195 termed with signal 11(SIGSEGV)
PT_F40-8_low_1-200 Test Num : 165
Inject into ../bin/hello
----- Type : 8_low_1 Pos : PT_F40 -----
There are 1 faults will be injected in faulttable...
101020 microseconds
Fault on PT_F40(0X7f67c5cfbee0 -> 0X7f67c5cfbeff)
17 microseconds
[2016-10-27 11:42:24]Process 16197 termed with signal 11(SIGSEGV)
PT_F40-8_low_1-200 Test Num : 166
Inject into ../bin/hello
----- Type : 8_low_1 Pos : PT_F40 -----
There are 1 faults will be injected in faulttable...
101099 microseconds
Fault on PT_F40(0X7fcb16ac4ee0 -> 0X7fcb16ac4eff)
17 microseconds
[2016-10-27 11:42:24]Process 16199 termed with signal 11(SIGSEGV)
PT_F40-8_low_1-200 Test Num : 167
Inject into ../bin/hello
----- Type : 8_low_1 Pos : PT_F40 -----
There are 1 faults will be injected in faulttable...
100943 microseconds
Fault on PT_F40(0X7f851142cee0 -> 0X7f851142ceff)
20 microseconds
[2016-10-27 11:42:24]Process 16201 termed with signal 11(SIGSEGV)
PT_F40-8_low_1-200 Test Num : 168
Inject into ../bin/hello
----- Type : 8_low_1 Pos : PT_F40 -----
There are 1 faults will be injected in faulttable...
100084 microseconds
Fault on PT_F40(0X7f2b3bc3fee0 -> 0X7f2b3bc3feff)
15 microseconds
[2016-10-27 11:42:24]Process 16203 termed with signal 11(SIGSEGV)
PT_F40-8_low_1-200 Test Num : 169
Inject into ../bin/hello
----- Type : 8_low_1 Pos : PT_F40 -----
There are 1 faults will be injected in faulttable...
100144 microseconds
Fault on PT_F40(0X7fc3be0c1ee0 -> 0X7fc3be0c1eff)
20 microseconds
[2016-10-27 11:42:24]Process 16205 termed with signal 11(SIGSEGV)
PT_F40-8_low_1-200 Test Num : 170
Inject into ../bin/hello
----- Type : 8_low_1 Pos : PT_F40 -----
There are 1 faults will be injected in faulttable...
101159 microseconds
Fault on PT_F40(0X7f4f1e9d0ee0 -> 0X7f4f1e9d0eff)
16 microseconds
[2016-10-27 11:42:24]Process 16207 termed with signal 11(SIGSEGV)
PT_F40-8_low_1-200 Test Num : 171
Inject into ../bin/hello
----- Type : 8_low_1 Pos : PT_F40 -----
There are 1 faults will be injected in faulttable...
101187 microseconds
Fault on PT_F40(0X7fadb6e19ee0 -> 0X7fadb6e19eff)
16 microseconds
[2016-10-27 11:42:24]Process 16209 termed with signal 11(SIGSEGV)
PT_F40-8_low_1-200 Test Num : 172
Inject into ../bin/hello
----- Type : 8_low_1 Pos : PT_F40 -----
There are 1 faults will be injected in faulttable...
101097 microseconds
Fault on PT_F40(0X7fa744579ee0 -> 0X7fa744579eff)
16 microseconds
[2016-10-27 11:42:24]Process 16211 termed with signal 11(SIGSEGV)
PT_F40-8_low_1-200 Test Num : 173
Inject into ../bin/hello
----- Type : 8_low_1 Pos : PT_F40 -----
There are 1 faults will be injected in faulttable...
101015 microseconds
Fault on PT_F40(0X7f6bd77d4ee0 -> 0X7f6bd77d4eff)
23 microseconds
[2016-10-27 11:42:24]Process 16213 termed with signal 11(SIGSEGV)
PT_F40-8_low_1-200 Test Num : 174
Inject into ../bin/hello
----- Type : 8_low_1 Pos : PT_F40 -----
There are 1 faults will be injected in faulttable...
101046 microseconds
Fault on PT_F40(0X7fc81e1e7ee0 -> 0X7fc81e1e7eff)
14 microseconds
[2016-10-27 11:42:25]Process 16215 termed with signal 11(SIGSEGV)
PT_F40-8_low_1-200 Test Num : 175
Inject into ../bin/hello
----- Type : 8_low_1 Pos : PT_F40 -----
There are 1 faults will be injected in faulttable...
100969 microseconds
Fault on PT_F40(0X7fb1cc0bdee0 -> 0X7fb1cc0bdeff)
15 microseconds
[2016-10-27 11:42:25]Process 16217 termed with signal 11(SIGSEGV)
PT_F40-8_low_1-200 Test Num : 176
Inject into ../bin/hello
----- Type : 8_low_1 Pos : PT_F40 -----
There are 1 faults will be injected in faulttable...
100944 microseconds
Fault on PT_F40(0X7ff9ce63dee0 -> 0X7ff9ce63deff)
20 microseconds
[2016-10-27 11:42:25]Process 16219 termed with signal 11(SIGSEGV)
PT_F40-8_low_1-200 Test Num : 177
Inject into ../bin/hello
----- Type : 8_low_1 Pos : PT_F40 -----
There are 1 faults will be injected in faulttable...
101008 microseconds
Fault on PT_F40(0X7f19cd7a7ee0 -> 0X7f19cd7a7eff)
17 microseconds
[2016-10-27 11:42:25]Process 16221 termed with signal 11(SIGSEGV)
PT_F40-8_low_1-200 Test Num : 178
Inject into ../bin/hello
----- Type : 8_low_1 Pos : PT_F40 -----
There are 1 faults will be injected in faulttable...
101062 microseconds
Fault on PT_F40(0X7fe48efd4ee0 -> 0X7fe48efd4eff)
17 microseconds
[2016-10-27 11:42:25]Process 16223 termed with signal 11(SIGSEGV)
PT_F40-8_low_1-200 Test Num : 179
Inject into ../bin/hello
----- Type : 8_low_1 Pos : PT_F40 -----
There are 1 faults will be injected in faulttable...
101177 microseconds
Fault on PT_F40(0X7f0bb0a33ee0 -> 0X7f0bb0a33eff)
23 microseconds
[2016-10-27 11:42:25]Process 16225 termed with signal 11(SIGSEGV)
PT_F40-8_low_1-200 Test Num : 180
Inject into ../bin/hello
----- Type : 8_low_1 Pos : PT_F40 -----
There are 1 faults will be injected in faulttable...
101146 microseconds
Fault on PT_F40(0X7f8a96d7cee0 -> 0X7f8a96d7ceff)
15 microseconds
[2016-10-27 11:42:25]Process 16227 termed with signal 11(SIGSEGV)
PT_F40-8_low_1-200 Test Num : 181
Inject into ../bin/hello
----- Type : 8_low_1 Pos : PT_F40 -----
There are 1 faults will be injected in faulttable...
100072 microseconds
Fault on PT_F40(0X7f365fff8ee0 -> 0X7f365fff8eff)
16 microseconds
[2016-10-27 11:42:25]Process 16229 termed with signal 11(SIGSEGV)
PT_F40-8_low_1-200 Test Num : 182
Inject into ../bin/hello
----- Type : 8_low_1 Pos : PT_F40 -----
There are 1 faults will be injected in faulttable...
101217 microseconds
Fault on PT_F40(0X7fe486478ee0 -> 0X7fe486478eff)
27 microseconds
[2016-10-27 11:42:25]Process 16231 termed with signal 11(SIGSEGV)
PT_F40-8_low_1-200 Test Num : 183
Inject into ../bin/hello
----- Type : 8_low_1 Pos : PT_F40 -----
There are 1 faults will be injected in faulttable...
101042 microseconds
Fault on PT_F40(0X7fcc4fc97ee0 -> 0X7fcc4fc97eff)
17 microseconds
[2016-10-27 11:42:26]Process 16233 termed with signal 11(SIGSEGV)
PT_F40-8_low_1-200 Test Num : 184
Inject into ../bin/hello
----- Type : 8_low_1 Pos : PT_F40 -----
There are 1 faults will be injected in faulttable...
101181 microseconds
Fault on PT_F40(0X7feda7494ee0 -> 0X7feda7494eff)
17 microseconds
[2016-10-27 11:42:26]Process 16235 termed with signal 11(SIGSEGV)
PT_F40-8_low_1-200 Test Num : 185
Inject into ../bin/hello
----- Type : 8_low_1 Pos : PT_F40 -----
There are 1 faults will be injected in faulttable...
100266 microseconds
Fault on PT_F40(0X7fb580458ee0 -> 0X7fb580458eff)
14 microseconds
[2016-10-27 11:42:26]Process 16237 termed with signal 11(SIGSEGV)
PT_F40-8_low_1-200 Test Num : 186
Inject into ../bin/hello
----- Type : 8_low_1 Pos : PT_F40 -----
There are 1 faults will be injected in faulttable...
101152 microseconds
Fault on PT_F40(0X7f9e4f411ee0 -> 0X7f9e4f411eff)
16 microseconds
[2016-10-27 11:42:26]Process 16239 termed with signal 11(SIGSEGV)
PT_F40-8_low_1-200 Test Num : 187
Inject into ../bin/hello
----- Type : 8_low_1 Pos : PT_F40 -----
There are 1 faults will be injected in faulttable...
101050 microseconds
Fault on PT_F40(0X7f32f1f4aee0 -> 0X7f32f1f4aeff)
14 microseconds
[2016-10-27 11:42:26]Process 16241 termed with signal 11(SIGSEGV)
PT_F40-8_low_1-200 Test Num : 188
Inject into ../bin/hello
----- Type : 8_low_1 Pos : PT_F40 -----
There are 1 faults will be injected in faulttable...
101060 microseconds
Fault on PT_F40(0X7efedeb9cee0 -> 0X7efedeb9ceff)
21 microseconds
[2016-10-27 11:42:26]Process 16243 termed with signal 11(SIGSEGV)
PT_F40-8_low_1-200 Test Num : 189
Inject into ../bin/hello
----- Type : 8_low_1 Pos : PT_F40 -----
There are 1 faults will be injected in faulttable...
101066 microseconds
Fault on PT_F40(0X7f5143a27ee0 -> 0X7f5143a27eff)
12 microseconds
[2016-10-27 11:42:26]Process 16245 termed with signal 11(SIGSEGV)
PT_F40-8_low_1-200 Test Num : 190
Inject into ../bin/hello
----- Type : 8_low_1 Pos : PT_F40 -----
There are 1 faults will be injected in faulttable...
101137 microseconds
Fault on PT_F40(0X7f110d616ee0 -> 0X7f110d616eff)
18 microseconds
[2016-10-27 11:42:26]Process 16247 termed with signal 11(SIGSEGV)
PT_F40-8_low_1-200 Test Num : 191
Inject into ../bin/hello
----- Type : 8_low_1 Pos : PT_F40 -----
There are 1 faults will be injected in faulttable...
100097 microseconds
Fault on PT_F40(0X7f397c44aee0 -> 0X7f397c44aeff)
22 microseconds
[2016-10-27 11:42:26]Process 16249 termed with signal 11(SIGSEGV)
PT_F40-8_low_1-200 Test Num : 192
Inject into ../bin/hello
----- Type : 8_low_1 Pos : PT_F40 -----
There are 1 faults will be injected in faulttable...
100084 microseconds
Fault on PT_F40(0X7fc761620ee0 -> 0X7fc761620eff)
20 microseconds
[2016-10-27 11:42:27]Process 16251 termed with signal 11(SIGSEGV)
PT_F40-8_low_1-200 Test Num : 193
Inject into ../bin/hello
----- Type : 8_low_1 Pos : PT_F40 -----
There are 1 faults will be injected in faulttable...
101135 microseconds
Fault on PT_F40(0X7f7201aa5ee0 -> 0X7f7201aa5eff)
16 microseconds
[2016-10-27 11:42:27]Process 16253 termed with signal 11(SIGSEGV)
PT_F40-8_low_1-200 Test Num : 194
Inject into ../bin/hello
----- Type : 8_low_1 Pos : PT_F40 -----
There are 1 faults will be injected in faulttable...
101171 microseconds
Fault on PT_F40(0X7fc4ff369ee0 -> 0X7fc4ff369eff)
22 microseconds
[2016-10-27 11:42:27]Process 16255 termed with signal 11(SIGSEGV)
PT_F40-8_low_1-200 Test Num : 195
Inject into ../bin/hello
----- Type : 8_low_1 Pos : PT_F40 -----
There are 1 faults will be injected in faulttable...
101064 microseconds
Fault on PT_F40(0X7f5bc2f41ee0 -> 0X7f5bc2f41eff)
16 microseconds
[2016-10-27 11:42:27]Process 16257 termed with signal 11(SIGSEGV)
PT_F40-8_low_1-200 Test Num : 196
Inject into ../bin/hello
----- Type : 8_low_1 Pos : PT_F40 -----
There are 1 faults will be injected in faulttable...
101296 microseconds
Fault on PT_F40(0X7f93e69b1ee0 -> 0X7f93e69b1eff)
16 microseconds
[2016-10-27 11:42:27]Process 16259 termed with signal 11(SIGSEGV)
PT_F40-8_low_1-200 Test Num : 197
Inject into ../bin/hello
----- Type : 8_low_1 Pos : PT_F40 -----
There are 1 faults will be injected in faulttable...
100122 microseconds
Fault on PT_F40(0X7fef84312ee0 -> 0X7fef84312eff)
18 microseconds
[2016-10-27 11:42:27]Process 16261 termed with signal 11(SIGSEGV)
PT_F40-8_low_1-200 Test Num : 198
Inject into ../bin/hello
----- Type : 8_low_1 Pos : PT_F40 -----
There are 1 faults will be injected in faulttable...
101127 microseconds
Fault on PT_F40(0X7f6faa0c6ee0 -> 0X7f6faa0c6eff)
22 microseconds
[2016-10-27 11:42:27]Process 16263 termed with signal 11(SIGSEGV)
PT_F40-8_low_1-200 Test Num : 199
Inject into ../bin/hello
----- Type : 8_low_1 Pos : PT_F40 -----
There are 1 faults will be injected in faulttable...
101724 microseconds
Fault on PT_F40(0X7faf29977ee0 -> 0X7faf29977eff)
26 microseconds
[2016-10-27 11:42:27]Process 16265 termed with signal 11(SIGSEGV)
PT_F40-8_low_1-200 Test Num : 200
Inject into ../bin/hello
----- Type : 8_low_1 Pos : PT_F40 -----
There are 1 faults will be injected in faulttable...
101464 microseconds
Fault on PT_F40(0X7f3b7bb43ee0 -> 0X7f3b7bb43eff)
16 microseconds
[2016-10-27 11:42:27]Process 16267 termed with signal 11(SIGSEGV)
