PT_F32-plus_3-100 Test Num : 1
Inject into ../bin/hello
----- Type : plus_3 Pos : PT_F32 -----
There are 1 faults will be injected in faulttable...
101472 microseconds
Fault on PT_F32(0X0 -> 0X3)
3000144 microseconds
timeout
[ 2016-10-27 1:30:39]Process 1460 termed with signal 14(SIGALRM)
PT_F32-plus_3-100 Test Num : 2
Inject into ../bin/hello
----- Type : plus_3 Pos : PT_F32 -----
There are 1 faults will be injected in faulttable...
101134 microseconds
Fault on PT_F32(0X0 -> 0X3)
3000116 microseconds
timeout
[ 2016-10-27 1:30:42]Process 1462 termed with signal 14(SIGALRM)
PT_F32-plus_3-100 Test Num : 3
Inject into ../bin/hello
----- Type : plus_3 Pos : PT_F32 -----
There are 1 faults will be injected in faulttable...
101151 microseconds
Fault on PT_F32(0X0 -> 0X3)
3000123 microseconds
timeout
[ 2016-10-27 1:30:45]Process 1464 termed with signal 14(SIGALRM)
PT_F32-plus_3-100 Test Num : 4
Inject into ../bin/hello
----- Type : plus_3 Pos : PT_F32 -----
There are 1 faults will be injected in faulttable...
101645 microseconds
Fault on PT_F32(0X0 -> 0X3)
3000077 microseconds
timeout
[ 2016-10-27 1:30:48]Process 1466 termed with signal 14(SIGALRM)
PT_F32-plus_3-100 Test Num : 5
Inject into ../bin/hello
----- Type : plus_3 Pos : PT_F32 -----
There are 1 faults will be injected in faulttable...
101228 microseconds
Fault on PT_F32(0X0 -> 0X3)
3000155 microseconds
timeout
[ 2016-10-27 1:30:52]Process 1468 termed with signal 14(SIGALRM)
PT_F32-plus_3-100 Test Num : 6
Inject into ../bin/hello
----- Type : plus_3 Pos : PT_F32 -----
There are 1 faults will be injected in faulttable...
101671 microseconds
Fault on PT_F32(0X0 -> 0X3)
3000131 microseconds
timeout
[ 2016-10-27 1:30:55]Process 1470 termed with signal 14(SIGALRM)
PT_F32-plus_3-100 Test Num : 7
Inject into ../bin/hello
----- Type : plus_3 Pos : PT_F32 -----
There are 1 faults will be injected in faulttable...
101571 microseconds
Fault on PT_F32(0X0 -> 0X3)
3000098 microseconds
timeout
[ 2016-10-27 1:30:58]Process 1472 termed with signal 14(SIGALRM)
PT_F32-plus_3-100 Test Num : 8
Inject into ../bin/hello
----- Type : plus_3 Pos : PT_F32 -----
There are 1 faults will be injected in faulttable...
100160 microseconds
Fault on PT_F32(0X0 -> 0X3)
3000095 microseconds
timeout
[  2016-10-27 1:31:1]Process 1474 termed with signal 14(SIGALRM)
PT_F32-plus_3-100 Test Num : 9
Inject into ../bin/hello
----- Type : plus_3 Pos : PT_F32 -----
There are 1 faults will be injected in faulttable...
101738 microseconds
Fault on PT_F32(0X0 -> 0X3)
3000105 microseconds
timeout
[  2016-10-27 1:31:4]Process 1476 termed with signal 14(SIGALRM)
PT_F32-plus_3-100 Test Num : 10
Inject into ../bin/hello
----- Type : plus_3 Pos : PT_F32 -----
There are 1 faults will be injected in faulttable...
101295 microseconds
Fault on PT_F32(0X0 -> 0X3)
3000148 microseconds
timeout
[  2016-10-27 1:31:7]Process 1478 termed with signal 14(SIGALRM)
PT_F32-plus_3-100 Test Num : 11
Inject into ../bin/hello
----- Type : plus_3 Pos : PT_F32 -----
There are 1 faults will be injected in faulttable...
101711 microseconds
Fault on PT_F32(0X0 -> 0X3)
3000089 microseconds
timeout
[ 2016-10-27 1:31:10]Process 1480 termed with signal 14(SIGALRM)
PT_F32-plus_3-100 Test Num : 12
Inject into ../bin/hello
----- Type : plus_3 Pos : PT_F32 -----
There are 1 faults will be injected in faulttable...
100160 microseconds
Fault on PT_F32(0X0 -> 0X3)
3000090 microseconds
timeout
[ 2016-10-27 1:31:13]Process 1482 termed with signal 14(SIGALRM)
PT_F32-plus_3-100 Test Num : 13
Inject into ../bin/hello
----- Type : plus_3 Pos : PT_F32 -----
There are 1 faults will be injected in faulttable...
101365 microseconds
Fault on PT_F32(0X0 -> 0X3)
3000080 microseconds
timeout
[ 2016-10-27 1:31:16]Process 1484 termed with signal 14(SIGALRM)
PT_F32-plus_3-100 Test Num : 14
Inject into ../bin/hello
----- Type : plus_3 Pos : PT_F32 -----
There are 1 faults will be injected in faulttable...
101071 microseconds
Fault on PT_F32(0X0 -> 0X3)
3000100 microseconds
timeout
[ 2016-10-27 1:31:20]Process 1486 termed with signal 14(SIGALRM)
PT_F32-plus_3-100 Test Num : 15
Inject into ../bin/hello
----- Type : plus_3 Pos : PT_F32 -----
There are 1 faults will be injected in faulttable...
101152 microseconds
Fault on PT_F32(0X0 -> 0X3)
3000135 microseconds
timeout
[ 2016-10-27 1:31:23]Process 1488 termed with signal 14(SIGALRM)
PT_F32-plus_3-100 Test Num : 16
Inject into ../bin/hello
----- Type : plus_3 Pos : PT_F32 -----
There are 1 faults will be injected in faulttable...
101268 microseconds
Fault on PT_F32(0X0 -> 0X3)
3000088 microseconds
timeout
[ 2016-10-27 1:31:26]Process 1490 termed with signal 14(SIGALRM)
PT_F32-plus_3-100 Test Num : 17
Inject into ../bin/hello
----- Type : plus_3 Pos : PT_F32 -----
There are 1 faults will be injected in faulttable...
101710 microseconds
Fault on PT_F32(0X0 -> 0X3)
3000112 microseconds
timeout
[ 2016-10-27 1:31:29]Process 1492 termed with signal 14(SIGALRM)
PT_F32-plus_3-100 Test Num : 18
Inject into ../bin/hello
----- Type : plus_3 Pos : PT_F32 -----
There are 1 faults will be injected in faulttable...
101180 microseconds
Fault on PT_F32(0X0 -> 0X3)
3000140 microseconds
timeout
[ 2016-10-27 1:31:32]Process 1494 termed with signal 14(SIGALRM)
PT_F32-plus_3-100 Test Num : 19
Inject into ../bin/hello
----- Type : plus_3 Pos : PT_F32 -----
There are 1 faults will be injected in faulttable...
101702 microseconds
Fault on PT_F32(0X0 -> 0X3)
3000127 microseconds
timeout
[ 2016-10-27 1:31:35]Process 1496 termed with signal 14(SIGALRM)
PT_F32-plus_3-100 Test Num : 20
Inject into ../bin/hello
----- Type : plus_3 Pos : PT_F32 -----
There are 1 faults will be injected in faulttable...
100370 microseconds
Fault on PT_F32(0X0 -> 0X3)
3000147 microseconds
timeout
[ 2016-10-27 1:31:38]Process 1498 termed with signal 14(SIGALRM)
PT_F32-plus_3-100 Test Num : 21
Inject into ../bin/hello
----- Type : plus_3 Pos : PT_F32 -----
There are 1 faults will be injected in faulttable...
100152 microseconds
Fault on PT_F32(0X0 -> 0X3)
3000084 microseconds
timeout
[ 2016-10-27 1:31:41]Process 1500 termed with signal 14(SIGALRM)
PT_F32-plus_3-100 Test Num : 22
Inject into ../bin/hello
----- Type : plus_3 Pos : PT_F32 -----
There are 1 faults will be injected in faulttable...
101699 microseconds
Fault on PT_F32(0X0 -> 0X3)
3000121 microseconds
timeout
[ 2016-10-27 1:31:44]Process 1502 termed with signal 14(SIGALRM)
PT_F32-plus_3-100 Test Num : 23
Inject into ../bin/hello
----- Type : plus_3 Pos : PT_F32 -----
There are 1 faults will be injected in faulttable...
101735 microseconds
Fault on PT_F32(0X0 -> 0X3)
3000086 microseconds
timeout
[ 2016-10-27 1:31:48]Process 1504 termed with signal 14(SIGALRM)
PT_F32-plus_3-100 Test Num : 24
Inject into ../bin/hello
----- Type : plus_3 Pos : PT_F32 -----
There are 1 faults will be injected in faulttable...
101739 microseconds
Fault on PT_F32(0X0 -> 0X3)
3000099 microseconds
timeout
[ 2016-10-27 1:31:51]Process 1506 termed with signal 14(SIGALRM)
PT_F32-plus_3-100 Test Num : 25
Inject into ../bin/hello
----- Type : plus_3 Pos : PT_F32 -----
There are 1 faults will be injected in faulttable...
101289 microseconds
Fault on PT_F32(0X0 -> 0X3)
3000080 microseconds
timeout
[ 2016-10-27 1:31:54]Process 1508 termed with signal 14(SIGALRM)
PT_F32-plus_3-100 Test Num : 26
Inject into ../bin/hello
----- Type : plus_3 Pos : PT_F32 -----
There are 1 faults will be injected in faulttable...
100316 microseconds
Fault on PT_F32(0X0 -> 0X3)
3000070 microseconds
timeout
[ 2016-10-27 1:31:57]Process 1510 termed with signal 14(SIGALRM)
PT_F32-plus_3-100 Test Num : 27
Inject into ../bin/hello
----- Type : plus_3 Pos : PT_F32 -----
There are 1 faults will be injected in faulttable...
101010 microseconds
Fault on PT_F32(0X0 -> 0X3)
3000120 microseconds
timeout
[  2016-10-27 1:32:0]Process 1512 termed with signal 14(SIGALRM)
PT_F32-plus_3-100 Test Num : 28
Inject into ../bin/hello
----- Type : plus_3 Pos : PT_F32 -----
There are 1 faults will be injected in faulttable...
101619 microseconds
Fault on PT_F32(0X0 -> 0X3)
3000126 microseconds
timeout
[  2016-10-27 1:32:3]Process 1514 termed with signal 14(SIGALRM)
PT_F32-plus_3-100 Test Num : 29
Inject into ../bin/hello
----- Type : plus_3 Pos : PT_F32 -----
There are 1 faults will be injected in faulttable...
100996 microseconds
Fault on PT_F32(0X0 -> 0X3)
3000147 microseconds
timeout
[  2016-10-27 1:32:6]Process 1516 termed with signal 14(SIGALRM)
PT_F32-plus_3-100 Test Num : 30
Inject into ../bin/hello
----- Type : plus_3 Pos : PT_F32 -----
There are 1 faults will be injected in faulttable...
100995 microseconds
Fault on PT_F32(0X0 -> 0X3)
3000136 microseconds
timeout
[  2016-10-27 1:32:9]Process 1518 termed with signal 14(SIGALRM)
PT_F32-plus_3-100 Test Num : 31
Inject into ../bin/hello
----- Type : plus_3 Pos : PT_F32 -----
There are 1 faults will be injected in faulttable...
101457 microseconds
Fault on PT_F32(0X0 -> 0X3)
3000100 microseconds
timeout
[ 2016-10-27 1:32:13]Process 1520 termed with signal 14(SIGALRM)
PT_F32-plus_3-100 Test Num : 32
Inject into ../bin/hello
----- Type : plus_3 Pos : PT_F32 -----
There are 1 faults will be injected in faulttable...
101086 microseconds
Fault on PT_F32(0X0 -> 0X3)
3000143 microseconds
timeout
[ 2016-10-27 1:32:16]Process 1522 termed with signal 14(SIGALRM)
PT_F32-plus_3-100 Test Num : 33
Inject into ../bin/hello
----- Type : plus_3 Pos : PT_F32 -----
There are 1 faults will be injected in faulttable...
101050 microseconds
Fault on PT_F32(0X0 -> 0X3)
3000154 microseconds
timeout
[ 2016-10-27 1:32:19]Process 1524 termed with signal 14(SIGALRM)
PT_F32-plus_3-100 Test Num : 34
Inject into ../bin/hello
----- Type : plus_3 Pos : PT_F32 -----
There are 1 faults will be injected in faulttable...
101247 microseconds
Fault on PT_F32(0X0 -> 0X3)
3000117 microseconds
timeout
[ 2016-10-27 1:32:22]Process 1526 termed with signal 14(SIGALRM)
PT_F32-plus_3-100 Test Num : 35
Inject into ../bin/hello
----- Type : plus_3 Pos : PT_F32 -----
There are 1 faults will be injected in faulttable...
102155 microseconds
Fault on PT_F32(0X0 -> 0X3)
3000128 microseconds
timeout
[ 2016-10-27 1:32:25]Process 1528 termed with signal 14(SIGALRM)
PT_F32-plus_3-100 Test Num : 36
Inject into ../bin/hello
----- Type : plus_3 Pos : PT_F32 -----
There are 1 faults will be injected in faulttable...
101708 microseconds
Fault on PT_F32(0X0 -> 0X3)
3000103 microseconds
timeout
[ 2016-10-27 1:32:28]Process 1530 termed with signal 14(SIGALRM)
PT_F32-plus_3-100 Test Num : 37
Inject into ../bin/hello
----- Type : plus_3 Pos : PT_F32 -----
There are 1 faults will be injected in faulttable...
101116 microseconds
Fault on PT_F32(0X0 -> 0X3)
3000128 microseconds
timeout
[ 2016-10-27 1:32:31]Process 1532 termed with signal 14(SIGALRM)
PT_F32-plus_3-100 Test Num : 38
Inject into ../bin/hello
----- Type : plus_3 Pos : PT_F32 -----
There are 1 faults will be injected in faulttable...
100153 microseconds
Fault on PT_F32(0X0 -> 0X3)
3000120 microseconds
timeout
[ 2016-10-27 1:32:34]Process 1534 termed with signal 14(SIGALRM)
PT_F32-plus_3-100 Test Num : 39
Inject into ../bin/hello
----- Type : plus_3 Pos : PT_F32 -----
There are 1 faults will be injected in faulttable...
101261 microseconds
Fault on PT_F32(0X0 -> 0X3)
3000088 microseconds
timeout
[ 2016-10-27 1:32:37]Process 1536 termed with signal 14(SIGALRM)
PT_F32-plus_3-100 Test Num : 40
Inject into ../bin/hello
----- Type : plus_3 Pos : PT_F32 -----
There are 1 faults will be injected in faulttable...
101535 microseconds
Fault on PT_F32(0X0 -> 0X3)
3000148 microseconds
timeout
[ 2016-10-27 1:32:41]Process 1538 termed with signal 14(SIGALRM)
PT_F32-plus_3-100 Test Num : 41
Inject into ../bin/hello
----- Type : plus_3 Pos : PT_F32 -----
There are 1 faults will be injected in faulttable...
100077 microseconds
Fault on PT_F32(0X0 -> 0X3)
3000093 microseconds
timeout
[ 2016-10-27 1:32:44]Process 1540 termed with signal 14(SIGALRM)
PT_F32-plus_3-100 Test Num : 42
Inject into ../bin/hello
----- Type : plus_3 Pos : PT_F32 -----
There are 1 faults will be injected in faulttable...
100285 microseconds
Fault on PT_F32(0X0 -> 0X3)
3000135 microseconds
timeout
[ 2016-10-27 1:32:47]Process 1542 termed with signal 14(SIGALRM)
PT_F32-plus_3-100 Test Num : 43
Inject into ../bin/hello
----- Type : plus_3 Pos : PT_F32 -----
There are 1 faults will be injected in faulttable...
100092 microseconds
Fault on PT_F32(0X0 -> 0X3)
3000059 microseconds
timeout
[ 2016-10-27 1:32:50]Process 1544 termed with signal 14(SIGALRM)
PT_F32-plus_3-100 Test Num : 44
Inject into ../bin/hello
----- Type : plus_3 Pos : PT_F32 -----
There are 1 faults will be injected in faulttable...
101306 microseconds
Fault on PT_F32(0X0 -> 0X3)
3000100 microseconds
timeout
[ 2016-10-27 1:32:53]Process 1546 termed with signal 14(SIGALRM)
PT_F32-plus_3-100 Test Num : 45
Inject into ../bin/hello
----- Type : plus_3 Pos : PT_F32 -----
There are 1 faults will be injected in faulttable...
101149 microseconds
Fault on PT_F32(0X0 -> 0X3)
3000096 microseconds
timeout
[ 2016-10-27 1:32:56]Process 1548 termed with signal 14(SIGALRM)
PT_F32-plus_3-100 Test Num : 46
Inject into ../bin/hello
----- Type : plus_3 Pos : PT_F32 -----
There are 1 faults will be injected in faulttable...
101235 microseconds
Fault on PT_F32(0X0 -> 0X3)
3000083 microseconds
timeout
[ 2016-10-27 1:32:59]Process 1550 termed with signal 14(SIGALRM)
PT_F32-plus_3-100 Test Num : 47
Inject into ../bin/hello
----- Type : plus_3 Pos : PT_F32 -----
There are 1 faults will be injected in faulttable...
101449 microseconds
Fault on PT_F32(0X0 -> 0X3)
3000135 microseconds
timeout
[  2016-10-27 1:33:2]Process 1552 termed with signal 14(SIGALRM)
PT_F32-plus_3-100 Test Num : 48
Inject into ../bin/hello
----- Type : plus_3 Pos : PT_F32 -----
There are 1 faults will be injected in faulttable...
100129 microseconds
Fault on PT_F32(0X0 -> 0X3)
3000060 microseconds
timeout
[  2016-10-27 1:33:5]Process 1554 termed with signal 14(SIGALRM)
PT_F32-plus_3-100 Test Num : 49
Inject into ../bin/hello
----- Type : plus_3 Pos : PT_F32 -----
There are 1 faults will be injected in faulttable...
101364 microseconds
Fault on PT_F32(0X0 -> 0X3)
3000080 microseconds
timeout
[  2016-10-27 1:33:9]Process 1556 termed with signal 14(SIGALRM)
PT_F32-plus_3-100 Test Num : 50
Inject into ../bin/hello
----- Type : plus_3 Pos : PT_F32 -----
There are 1 faults will be injected in faulttable...
101169 microseconds
Fault on PT_F32(0X0 -> 0X3)
3000122 microseconds
timeout
[ 2016-10-27 1:33:12]Process 1558 termed with signal 14(SIGALRM)
PT_F32-plus_3-100 Test Num : 51
Inject into ../bin/hello
----- Type : plus_3 Pos : PT_F32 -----
There are 1 faults will be injected in faulttable...
101266 microseconds
Fault on PT_F32(0X0 -> 0X3)
3000093 microseconds
timeout
[ 2016-10-27 1:33:15]Process 1574 termed with signal 14(SIGALRM)
PT_F32-plus_3-100 Test Num : 52
Inject into ../bin/hello
----- Type : plus_3 Pos : PT_F32 -----
There are 1 faults will be injected in faulttable...
101050 microseconds
Fault on PT_F32(0X0 -> 0X3)
3000085 microseconds
timeout
[ 2016-10-27 1:33:18]Process 1576 termed with signal 14(SIGALRM)
PT_F32-plus_3-100 Test Num : 53
Inject into ../bin/hello
----- Type : plus_3 Pos : PT_F32 -----
There are 1 faults will be injected in faulttable...
100072 microseconds
Fault on PT_F32(0X0 -> 0X3)
3000102 microseconds
timeout
[ 2016-10-27 1:33:21]Process 1578 termed with signal 14(SIGALRM)
PT_F32-plus_3-100 Test Num : 54
Inject into ../bin/hello
----- Type : plus_3 Pos : PT_F32 -----
There are 1 faults will be injected in faulttable...
101145 microseconds
Fault on PT_F32(0X0 -> 0X3)
3000134 microseconds
timeout
[ 2016-10-27 1:33:24]Process 1580 termed with signal 14(SIGALRM)
PT_F32-plus_3-100 Test Num : 55
Inject into ../bin/hello
----- Type : plus_3 Pos : PT_F32 -----
There are 1 faults will be injected in faulttable...
101475 microseconds
Fault on PT_F32(0X0 -> 0X3)
3000084 microseconds
timeout
[ 2016-10-27 1:33:27]Process 1582 termed with signal 14(SIGALRM)
PT_F32-plus_3-100 Test Num : 56
Inject into ../bin/hello
----- Type : plus_3 Pos : PT_F32 -----
There are 1 faults will be injected in faulttable...
101111 microseconds
Fault on PT_F32(0X0 -> 0X3)
3000070 microseconds
timeout
[ 2016-10-27 1:33:30]Process 1584 termed with signal 14(SIGALRM)
PT_F32-plus_3-100 Test Num : 57
Inject into ../bin/hello
----- Type : plus_3 Pos : PT_F32 -----
There are 1 faults will be injected in faulttable...
101068 microseconds
Fault on PT_F32(0X0 -> 0X3)
3000124 microseconds
timeout
[ 2016-10-27 1:33:33]Process 1586 termed with signal 14(SIGALRM)
PT_F32-plus_3-100 Test Num : 58
Inject into ../bin/hello
----- Type : plus_3 Pos : PT_F32 -----
There are 1 faults will be injected in faulttable...
100094 microseconds
Fault on PT_F32(0X0 -> 0X3)
3000133 microseconds
timeout
[ 2016-10-27 1:33:37]Process 1588 termed with signal 14(SIGALRM)
PT_F32-plus_3-100 Test Num : 59
Inject into ../bin/hello
----- Type : plus_3 Pos : PT_F32 -----
There are 1 faults will be injected in faulttable...
101682 microseconds
Fault on PT_F32(0X0 -> 0X3)
3000079 microseconds
timeout
[ 2016-10-27 1:33:40]Process 1590 termed with signal 14(SIGALRM)
PT_F32-plus_3-100 Test Num : 60
Inject into ../bin/hello
----- Type : plus_3 Pos : PT_F32 -----
There are 1 faults will be injected in faulttable...
101076 microseconds
Fault on PT_F32(0X0 -> 0X3)
3000077 microseconds
timeout
[ 2016-10-27 1:33:43]Process 1592 termed with signal 14(SIGALRM)
PT_F32-plus_3-100 Test Num : 61
Inject into ../bin/hello
----- Type : plus_3 Pos : PT_F32 -----
There are 1 faults will be injected in faulttable...
100085 microseconds
Fault on PT_F32(0X0 -> 0X3)
3000211 microseconds
timeout
[ 2016-10-27 1:33:46]Process 1594 termed with signal 14(SIGALRM)
PT_F32-plus_3-100 Test Num : 62
Inject into ../bin/hello
----- Type : plus_3 Pos : PT_F32 -----
There are 1 faults will be injected in faulttable...
101003 microseconds
Fault on PT_F32(0X0 -> 0X3)
3000085 microseconds
timeout
[ 2016-10-27 1:33:49]Process 1596 termed with signal 14(SIGALRM)
PT_F32-plus_3-100 Test Num : 63
Inject into ../bin/hello
----- Type : plus_3 Pos : PT_F32 -----
There are 1 faults will be injected in faulttable...
100102 microseconds
Fault on PT_F32(0X0 -> 0X3)
3000126 microseconds
timeout
[ 2016-10-27 1:33:52]Process 1598 termed with signal 14(SIGALRM)
PT_F32-plus_3-100 Test Num : 64
Inject into ../bin/hello
----- Type : plus_3 Pos : PT_F32 -----
There are 1 faults will be injected in faulttable...
100979 microseconds
Fault on PT_F32(0X0 -> 0X3)
3000082 microseconds
timeout
[ 2016-10-27 1:33:55]Process 1600 termed with signal 14(SIGALRM)
PT_F32-plus_3-100 Test Num : 65
Inject into ../bin/hello
----- Type : plus_3 Pos : PT_F32 -----
There are 1 faults will be injected in faulttable...
101336 microseconds
Fault on PT_F32(0X0 -> 0X3)
3000099 microseconds
timeout
[ 2016-10-27 1:33:58]Process 1602 termed with signal 14(SIGALRM)
PT_F32-plus_3-100 Test Num : 66
Inject into ../bin/hello
----- Type : plus_3 Pos : PT_F32 -----
There are 1 faults will be injected in faulttable...
101143 microseconds
Fault on PT_F32(0X0 -> 0X3)
3000067 microseconds
timeout
[  2016-10-27 1:34:1]Process 1604 termed with signal 14(SIGALRM)
PT_F32-plus_3-100 Test Num : 67
Inject into ../bin/hello
----- Type : plus_3 Pos : PT_F32 -----
There are 1 faults will be injected in faulttable...
101095 microseconds
Fault on PT_F32(0X0 -> 0X3)
3000153 microseconds
timeout
[  2016-10-27 1:34:5]Process 1606 termed with signal 14(SIGALRM)
PT_F32-plus_3-100 Test Num : 68
Inject into ../bin/hello
----- Type : plus_3 Pos : PT_F32 -----
There are 1 faults will be injected in faulttable...
101635 microseconds
Fault on PT_F32(0X0 -> 0X3)
3000137 microseconds
timeout
[  2016-10-27 1:34:8]Process 1608 termed with signal 14(SIGALRM)
PT_F32-plus_3-100 Test Num : 69
Inject into ../bin/hello
----- Type : plus_3 Pos : PT_F32 -----
There are 1 faults will be injected in faulttable...
101224 microseconds
Fault on PT_F32(0X0 -> 0X3)
3000156 microseconds
timeout
[ 2016-10-27 1:34:11]Process 1610 termed with signal 14(SIGALRM)
PT_F32-plus_3-100 Test Num : 70
Inject into ../bin/hello
----- Type : plus_3 Pos : PT_F32 -----
There are 1 faults will be injected in faulttable...
101536 microseconds
Fault on PT_F32(0X0 -> 0X3)
3000153 microseconds
timeout
[ 2016-10-27 1:34:14]Process 1612 termed with signal 14(SIGALRM)
PT_F32-plus_3-100 Test Num : 71
Inject into ../bin/hello
----- Type : plus_3 Pos : PT_F32 -----
There are 1 faults will be injected in faulttable...
101408 microseconds
Fault on PT_F32(0X0 -> 0X3)
3000136 microseconds
timeout
[ 2016-10-27 1:34:17]Process 1614 termed with signal 14(SIGALRM)
PT_F32-plus_3-100 Test Num : 72
Inject into ../bin/hello
----- Type : plus_3 Pos : PT_F32 -----
There are 1 faults will be injected in faulttable...
100092 microseconds
Fault on PT_F32(0X0 -> 0X3)
3000207 microseconds
timeout
[ 2016-10-27 1:34:20]Process 1617 termed with signal 14(SIGALRM)
PT_F32-plus_3-100 Test Num : 73
Inject into ../bin/hello
----- Type : plus_3 Pos : PT_F32 -----
There are 1 faults will be injected in faulttable...
101388 microseconds
Fault on PT_F32(0X0 -> 0X3)
3000080 microseconds
timeout
[ 2016-10-27 1:34:23]Process 1619 termed with signal 14(SIGALRM)
PT_F32-plus_3-100 Test Num : 74
Inject into ../bin/hello
----- Type : plus_3 Pos : PT_F32 -----
There are 1 faults will be injected in faulttable...
101056 microseconds
Fault on PT_F32(0X0 -> 0X3)
3000080 microseconds
timeout
[ 2016-10-27 1:34:26]Process 1621 termed with signal 14(SIGALRM)
PT_F32-plus_3-100 Test Num : 75
Inject into ../bin/hello
----- Type : plus_3 Pos : PT_F32 -----
There are 1 faults will be injected in faulttable...
101117 microseconds
Fault on PT_F32(0X0 -> 0X3)
3000102 microseconds
timeout
[ 2016-10-27 1:34:29]Process 1623 termed with signal 14(SIGALRM)
PT_F32-plus_3-100 Test Num : 76
Inject into ../bin/hello
----- Type : plus_3 Pos : PT_F32 -----
There are 1 faults will be injected in faulttable...
101110 microseconds
Fault on PT_F32(0X0 -> 0X3)
3000265 microseconds
timeout
[ 2016-10-27 1:34:33]Process 1625 termed with signal 14(SIGALRM)
PT_F32-plus_3-100 Test Num : 77
Inject into ../bin/hello
----- Type : plus_3 Pos : PT_F32 -----
There are 1 faults will be injected in faulttable...
100117 microseconds
Fault on PT_F32(0X0 -> 0X3)
3000264 microseconds
timeout
[ 2016-10-27 1:34:36]Process 1627 termed with signal 14(SIGALRM)
PT_F32-plus_3-100 Test Num : 78
Inject into ../bin/hello
----- Type : plus_3 Pos : PT_F32 -----
There are 1 faults will be injected in faulttable...
101281 microseconds
Fault on PT_F32(0X0 -> 0X3)
3000110 microseconds
timeout
[ 2016-10-27 1:34:39]Process 1629 termed with signal 14(SIGALRM)
PT_F32-plus_3-100 Test Num : 79
Inject into ../bin/hello
----- Type : plus_3 Pos : PT_F32 -----
There are 1 faults will be injected in faulttable...
102027 microseconds
Fault on PT_F32(0X0 -> 0X3)
3000078 microseconds
timeout
[ 2016-10-27 1:34:42]Process 1631 termed with signal 14(SIGALRM)
PT_F32-plus_3-100 Test Num : 80
Inject into ../bin/hello
----- Type : plus_3 Pos : PT_F32 -----
There are 1 faults will be injected in faulttable...
101330 microseconds
Fault on PT_F32(0X0 -> 0X3)
3000088 microseconds
timeout
[ 2016-10-27 1:34:45]Process 1633 termed with signal 14(SIGALRM)
PT_F32-plus_3-100 Test Num : 81
Inject into ../bin/hello
----- Type : plus_3 Pos : PT_F32 -----
There are 1 faults will be injected in faulttable...
101659 microseconds
Fault on PT_F32(0X0 -> 0X3)
3000085 microseconds
timeout
[ 2016-10-27 1:34:48]Process 1635 termed with signal 14(SIGALRM)
PT_F32-plus_3-100 Test Num : 82
Inject into ../bin/hello
----- Type : plus_3 Pos : PT_F32 -----
There are 1 faults will be injected in faulttable...
100195 microseconds
Fault on PT_F32(0X0 -> 0X3)
3000120 microseconds
timeout
[ 2016-10-27 1:34:51]Process 1637 termed with signal 14(SIGALRM)
PT_F32-plus_3-100 Test Num : 83
Inject into ../bin/hello
----- Type : plus_3 Pos : PT_F32 -----
There are 1 faults will be injected in faulttable...
101274 microseconds
Fault on PT_F32(0X0 -> 0X3)
3000111 microseconds
timeout
[ 2016-10-27 1:34:54]Process 1639 termed with signal 14(SIGALRM)
PT_F32-plus_3-100 Test Num : 84
Inject into ../bin/hello
----- Type : plus_3 Pos : PT_F32 -----
There are 1 faults will be injected in faulttable...
101372 microseconds
Fault on PT_F32(0X0 -> 0X3)
3000111 microseconds
timeout
[ 2016-10-27 1:34:57]Process 1641 termed with signal 14(SIGALRM)
PT_F32-plus_3-100 Test Num : 85
Inject into ../bin/hello
----- Type : plus_3 Pos : PT_F32 -----
There are 1 faults will be injected in faulttable...
101313 microseconds
Fault on PT_F32(0X0 -> 0X3)
3000132 microseconds
timeout
[  2016-10-27 1:35:1]Process 1643 termed with signal 14(SIGALRM)
PT_F32-plus_3-100 Test Num : 86
Inject into ../bin/hello
----- Type : plus_3 Pos : PT_F32 -----
There are 1 faults will be injected in faulttable...
101186 microseconds
Fault on PT_F32(0X0 -> 0X3)
3000107 microseconds
timeout
[  2016-10-27 1:35:4]Process 1645 termed with signal 14(SIGALRM)
PT_F32-plus_3-100 Test Num : 87
Inject into ../bin/hello
----- Type : plus_3 Pos : PT_F32 -----
There are 1 faults will be injected in faulttable...
100236 microseconds
Fault on PT_F32(0X0 -> 0X3)
3000478 microseconds
timeout
[  2016-10-27 1:35:7]Process 1647 termed with signal 14(SIGALRM)
PT_F32-plus_3-100 Test Num : 88
Inject into ../bin/hello
----- Type : plus_3 Pos : PT_F32 -----
There are 1 faults will be injected in faulttable...
101716 microseconds
Fault on PT_F32(0X0 -> 0X3)
3000103 microseconds
timeout
[ 2016-10-27 1:35:10]Process 1649 termed with signal 14(SIGALRM)
PT_F32-plus_3-100 Test Num : 89
Inject into ../bin/hello
----- Type : plus_3 Pos : PT_F32 -----
There are 1 faults will be injected in faulttable...
100090 microseconds
Fault on PT_F32(0X0 -> 0X3)
3000108 microseconds
timeout
[ 2016-10-27 1:35:13]Process 1651 termed with signal 14(SIGALRM)
PT_F32-plus_3-100 Test Num : 90
Inject into ../bin/hello
----- Type : plus_3 Pos : PT_F32 -----
There are 1 faults will be injected in faulttable...
100243 microseconds
Fault on PT_F32(0X0 -> 0X3)
3000130 microseconds
timeout
[ 2016-10-27 1:35:16]Process 1653 termed with signal 14(SIGALRM)
PT_F32-plus_3-100 Test Num : 91
Inject into ../bin/hello
----- Type : plus_3 Pos : PT_F32 -----
There are 1 faults will be injected in faulttable...
101645 microseconds
Fault on PT_F32(0X0 -> 0X3)
3000078 microseconds
timeout
[ 2016-10-27 1:35:19]Process 1655 termed with signal 14(SIGALRM)
PT_F32-plus_3-100 Test Num : 92
Inject into ../bin/hello
----- Type : plus_3 Pos : PT_F32 -----
There are 1 faults will be injected in faulttable...
101157 microseconds
Fault on PT_F32(0X0 -> 0X3)
3000107 microseconds
timeout
[ 2016-10-27 1:35:22]Process 1657 termed with signal 14(SIGALRM)
PT_F32-plus_3-100 Test Num : 93
Inject into ../bin/hello
----- Type : plus_3 Pos : PT_F32 -----
There are 1 faults will be injected in faulttable...
101404 microseconds
Fault on PT_F32(0X0 -> 0X3)
3000196 microseconds
timeout
[ 2016-10-27 1:35:25]Process 1659 termed with signal 14(SIGALRM)
PT_F32-plus_3-100 Test Num : 94
Inject into ../bin/hello
----- Type : plus_3 Pos : PT_F32 -----
There are 1 faults will be injected in faulttable...
100104 microseconds
Fault on PT_F32(0X0 -> 0X3)
3000079 microseconds
timeout
[ 2016-10-27 1:35:29]Process 1661 termed with signal 14(SIGALRM)
PT_F32-plus_3-100 Test Num : 95
Inject into ../bin/hello
----- Type : plus_3 Pos : PT_F32 -----
There are 1 faults will be injected in faulttable...
101282 microseconds
Fault on PT_F32(0X0 -> 0X3)
3000131 microseconds
timeout
[ 2016-10-27 1:35:32]Process 1663 termed with signal 14(SIGALRM)
PT_F32-plus_3-100 Test Num : 96
Inject into ../bin/hello
----- Type : plus_3 Pos : PT_F32 -----
There are 1 faults will be injected in faulttable...
100121 microseconds
Fault on PT_F32(0X0 -> 0X3)
3000098 microseconds
timeout
[ 2016-10-27 1:35:35]Process 1665 termed with signal 14(SIGALRM)
PT_F32-plus_3-100 Test Num : 97
Inject into ../bin/hello
----- Type : plus_3 Pos : PT_F32 -----
There are 1 faults will be injected in faulttable...
101717 microseconds
Fault on PT_F32(0X0 -> 0X3)
3000090 microseconds
timeout
[ 2016-10-27 1:35:38]Process 1667 termed with signal 14(SIGALRM)
PT_F32-plus_3-100 Test Num : 98
Inject into ../bin/hello
----- Type : plus_3 Pos : PT_F32 -----
There are 1 faults will be injected in faulttable...
101659 microseconds
Fault on PT_F32(0X0 -> 0X3)
3000113 microseconds
timeout
[ 2016-10-27 1:35:41]Process 1669 termed with signal 14(SIGALRM)
PT_F32-plus_3-100 Test Num : 99
Inject into ../bin/hello
----- Type : plus_3 Pos : PT_F32 -----
There are 1 faults will be injected in faulttable...
101489 microseconds
Fault on PT_F32(0X0 -> 0X3)
3000098 microseconds
timeout
[ 2016-10-27 1:35:44]Process 1671 termed with signal 14(SIGALRM)
PT_F32-plus_3-100 Test Num : 100
Inject into ../bin/hello
----- Type : plus_3 Pos : PT_F32 -----
There are 1 faults will be injected in faulttable...
101187 microseconds
Fault on PT_F32(0X0 -> 0X3)
3000359 microseconds
timeout
[ 2016-10-27 1:35:47]Process 1673 termed with signal 14(SIGALRM)
