PT_F32-8_low_0-100 Test Num : 1
Inject into ../bin/hello
----- Type : 8_low_0 Pos : PT_F32 -----
There are 1 faults will be injected in faulttable...
101285 microseconds
Fault on PT_F32(0X0 -> 0X0)
3000099 microseconds
timeout
[  2016-10-27 1:9:54]Process 617 termed with signal 14(SIGALRM)
PT_F32-8_low_0-100 Test Num : 2
Inject into ../bin/hello
----- Type : 8_low_0 Pos : PT_F32 -----
There are 1 faults will be injected in faulttable...
101165 microseconds
Fault on PT_F32(0X0 -> 0X0)
3000123 microseconds
timeout
[  2016-10-27 1:9:57]Process 619 termed with signal 14(SIGALRM)
PT_F32-8_low_0-100 Test Num : 3
Inject into ../bin/hello
----- Type : 8_low_0 Pos : PT_F32 -----
There are 1 faults will be injected in faulttable...
101161 microseconds
Fault on PT_F32(0X0 -> 0X0)
3000078 microseconds
timeout
[  2016-10-27 1:10:0]Process 621 termed with signal 14(SIGALRM)
PT_F32-8_low_0-100 Test Num : 4
Inject into ../bin/hello
----- Type : 8_low_0 Pos : PT_F32 -----
There are 1 faults will be injected in faulttable...
101098 microseconds
Fault on PT_F32(0X0 -> 0X0)
3000144 microseconds
timeout
[  2016-10-27 1:10:3]Process 623 termed with signal 14(SIGALRM)
PT_F32-8_low_0-100 Test Num : 5
Inject into ../bin/hello
----- Type : 8_low_0 Pos : PT_F32 -----
There are 1 faults will be injected in faulttable...
101588 microseconds
Fault on PT_F32(0X0 -> 0X0)
3000092 microseconds
timeout
[  2016-10-27 1:10:6]Process 625 termed with signal 14(SIGALRM)
PT_F32-8_low_0-100 Test Num : 6
Inject into ../bin/hello
----- Type : 8_low_0 Pos : PT_F32 -----
There are 1 faults will be injected in faulttable...
101355 microseconds
Fault on PT_F32(0X0 -> 0X0)
3000123 microseconds
timeout
[  2016-10-27 1:10:9]Process 627 termed with signal 14(SIGALRM)
PT_F32-8_low_0-100 Test Num : 7
Inject into ../bin/hello
----- Type : 8_low_0 Pos : PT_F32 -----
There are 1 faults will be injected in faulttable...
101255 microseconds
Fault on PT_F32(0X0 -> 0X0)
3000077 microseconds
timeout
[ 2016-10-27 1:10:12]Process 629 termed with signal 14(SIGALRM)
PT_F32-8_low_0-100 Test Num : 8
Inject into ../bin/hello
----- Type : 8_low_0 Pos : PT_F32 -----
There are 1 faults will be injected in faulttable...
101211 microseconds
Fault on PT_F32(0X0 -> 0X0)
3000110 microseconds
timeout
[ 2016-10-27 1:10:16]Process 631 termed with signal 14(SIGALRM)
PT_F32-8_low_0-100 Test Num : 9
Inject into ../bin/hello
----- Type : 8_low_0 Pos : PT_F32 -----
There are 1 faults will be injected in faulttable...
101248 microseconds
Fault on PT_F32(0X0 -> 0X0)
3000142 microseconds
timeout
[ 2016-10-27 1:10:19]Process 633 termed with signal 14(SIGALRM)
PT_F32-8_low_0-100 Test Num : 10
Inject into ../bin/hello
----- Type : 8_low_0 Pos : PT_F32 -----
There are 1 faults will be injected in faulttable...
101254 microseconds
Fault on PT_F32(0X0 -> 0X0)
3000136 microseconds
timeout
[ 2016-10-27 1:10:22]Process 635 termed with signal 14(SIGALRM)
PT_F32-8_low_0-100 Test Num : 11
Inject into ../bin/hello
----- Type : 8_low_0 Pos : PT_F32 -----
There are 1 faults will be injected in faulttable...
101353 microseconds
Fault on PT_F32(0X0 -> 0X0)
3000108 microseconds
timeout
[ 2016-10-27 1:10:25]Process 637 termed with signal 14(SIGALRM)
PT_F32-8_low_0-100 Test Num : 12
Inject into ../bin/hello
----- Type : 8_low_0 Pos : PT_F32 -----
There are 1 faults will be injected in faulttable...
101132 microseconds
Fault on PT_F32(0X0 -> 0X0)
3000104 microseconds
timeout
[ 2016-10-27 1:10:28]Process 639 termed with signal 14(SIGALRM)
PT_F32-8_low_0-100 Test Num : 13
Inject into ../bin/hello
----- Type : 8_low_0 Pos : PT_F32 -----
There are 1 faults will be injected in faulttable...
101476 microseconds
Fault on PT_F32(0X0 -> 0X0)
3000102 microseconds
timeout
[ 2016-10-27 1:10:31]Process 641 termed with signal 14(SIGALRM)
PT_F32-8_low_0-100 Test Num : 14
Inject into ../bin/hello
----- Type : 8_low_0 Pos : PT_F32 -----
There are 1 faults will be injected in faulttable...
100112 microseconds
Fault on PT_F32(0X0 -> 0X0)
3000161 microseconds
timeout
[ 2016-10-27 1:10:34]Process 643 termed with signal 14(SIGALRM)
PT_F32-8_low_0-100 Test Num : 15
Inject into ../bin/hello
----- Type : 8_low_0 Pos : PT_F32 -----
There are 1 faults will be injected in faulttable...
101036 microseconds
Fault on PT_F32(0X0 -> 0X0)
3000142 microseconds
timeout
[ 2016-10-27 1:10:37]Process 645 termed with signal 14(SIGALRM)
PT_F32-8_low_0-100 Test Num : 16
Inject into ../bin/hello
----- Type : 8_low_0 Pos : PT_F32 -----
There are 1 faults will be injected in faulttable...
101525 microseconds
Fault on PT_F32(0X0 -> 0X0)
3000099 microseconds
timeout
[ 2016-10-27 1:10:40]Process 647 termed with signal 14(SIGALRM)
PT_F32-8_low_0-100 Test Num : 17
Inject into ../bin/hello
----- Type : 8_low_0 Pos : PT_F32 -----
There are 1 faults will be injected in faulttable...
101179 microseconds
Fault on PT_F32(0X0 -> 0X0)
3000293 microseconds
timeout
[ 2016-10-27 1:10:44]Process 649 termed with signal 14(SIGALRM)
PT_F32-8_low_0-100 Test Num : 18
Inject into ../bin/hello
----- Type : 8_low_0 Pos : PT_F32 -----
There are 1 faults will be injected in faulttable...
101573 microseconds
Fault on PT_F32(0X0 -> 0X0)
3000116 microseconds
timeout
[ 2016-10-27 1:10:47]Process 651 termed with signal 14(SIGALRM)
PT_F32-8_low_0-100 Test Num : 19
Inject into ../bin/hello
----- Type : 8_low_0 Pos : PT_F32 -----
There are 1 faults will be injected in faulttable...
101073 microseconds
Fault on PT_F32(0X0 -> 0X0)
3000074 microseconds
timeout
[ 2016-10-27 1:10:50]Process 653 termed with signal 14(SIGALRM)
PT_F32-8_low_0-100 Test Num : 20
Inject into ../bin/hello
----- Type : 8_low_0 Pos : PT_F32 -----
There are 1 faults will be injected in faulttable...
101092 microseconds
Fault on PT_F32(0X0 -> 0X0)
3000089 microseconds
timeout
[ 2016-10-27 1:10:53]Process 655 termed with signal 14(SIGALRM)
PT_F32-8_low_0-100 Test Num : 21
Inject into ../bin/hello
----- Type : 8_low_0 Pos : PT_F32 -----
There are 1 faults will be injected in faulttable...
101311 microseconds
Fault on PT_F32(0X0 -> 0X0)
3000136 microseconds
timeout
[ 2016-10-27 1:10:56]Process 657 termed with signal 14(SIGALRM)
PT_F32-8_low_0-100 Test Num : 22
Inject into ../bin/hello
----- Type : 8_low_0 Pos : PT_F32 -----
There are 1 faults will be injected in faulttable...
101474 microseconds
Fault on PT_F32(0X0 -> 0X0)
3000097 microseconds
timeout
[ 2016-10-27 1:10:59]Process 659 termed with signal 14(SIGALRM)
PT_F32-8_low_0-100 Test Num : 23
Inject into ../bin/hello
----- Type : 8_low_0 Pos : PT_F32 -----
There are 1 faults will be injected in faulttable...
101324 microseconds
Fault on PT_F32(0X0 -> 0X0)
3000107 microseconds
timeout
[  2016-10-27 1:11:2]Process 661 termed with signal 14(SIGALRM)
PT_F32-8_low_0-100 Test Num : 24
Inject into ../bin/hello
----- Type : 8_low_0 Pos : PT_F32 -----
There are 1 faults will be injected in faulttable...
100243 microseconds
Fault on PT_F32(0X0 -> 0X0)
3000091 microseconds
timeout
[  2016-10-27 1:11:5]Process 663 termed with signal 14(SIGALRM)
PT_F32-8_low_0-100 Test Num : 25
Inject into ../bin/hello
----- Type : 8_low_0 Pos : PT_F32 -----
There are 1 faults will be injected in faulttable...
100104 microseconds
Fault on PT_F32(0X0 -> 0X0)
3000123 microseconds
timeout
[  2016-10-27 1:11:9]Process 665 termed with signal 14(SIGALRM)
PT_F32-8_low_0-100 Test Num : 26
Inject into ../bin/hello
----- Type : 8_low_0 Pos : PT_F32 -----
There are 1 faults will be injected in faulttable...
101589 microseconds
Fault on PT_F32(0X0 -> 0X0)
3000113 microseconds
timeout
[ 2016-10-27 1:11:12]Process 667 termed with signal 14(SIGALRM)
PT_F32-8_low_0-100 Test Num : 27
Inject into ../bin/hello
----- Type : 8_low_0 Pos : PT_F32 -----
There are 1 faults will be injected in faulttable...
100189 microseconds
Fault on PT_F32(0X0 -> 0X0)
3000183 microseconds
timeout
[ 2016-10-27 1:11:15]Process 669 termed with signal 14(SIGALRM)
PT_F32-8_low_0-100 Test Num : 28
Inject into ../bin/hello
----- Type : 8_low_0 Pos : PT_F32 -----
There are 1 faults will be injected in faulttable...
101487 microseconds
Fault on PT_F32(0X0 -> 0X0)
3000117 microseconds
timeout
[ 2016-10-27 1:11:18]Process 671 termed with signal 14(SIGALRM)
PT_F32-8_low_0-100 Test Num : 29
Inject into ../bin/hello
----- Type : 8_low_0 Pos : PT_F32 -----
There are 1 faults will be injected in faulttable...
101667 microseconds
Fault on PT_F32(0X0 -> 0X0)
3000062 microseconds
timeout
[ 2016-10-27 1:11:21]Process 673 termed with signal 14(SIGALRM)
PT_F32-8_low_0-100 Test Num : 30
Inject into ../bin/hello
----- Type : 8_low_0 Pos : PT_F32 -----
There are 1 faults will be injected in faulttable...
101331 microseconds
Fault on PT_F32(0X0 -> 0X0)
3000100 microseconds
timeout
[ 2016-10-27 1:11:24]Process 675 termed with signal 14(SIGALRM)
PT_F32-8_low_0-100 Test Num : 31
Inject into ../bin/hello
----- Type : 8_low_0 Pos : PT_F32 -----
There are 1 faults will be injected in faulttable...
101643 microseconds
Fault on PT_F32(0X0 -> 0X0)
3000085 microseconds
timeout
[ 2016-10-27 1:11:27]Process 677 termed with signal 14(SIGALRM)
PT_F32-8_low_0-100 Test Num : 32
Inject into ../bin/hello
----- Type : 8_low_0 Pos : PT_F32 -----
There are 1 faults will be injected in faulttable...
101599 microseconds
Fault on PT_F32(0X0 -> 0X0)
3000104 microseconds
timeout
[ 2016-10-27 1:11:30]Process 679 termed with signal 14(SIGALRM)
PT_F32-8_low_0-100 Test Num : 33
Inject into ../bin/hello
----- Type : 8_low_0 Pos : PT_F32 -----
There are 1 faults will be injected in faulttable...
101168 microseconds
Fault on PT_F32(0X0 -> 0X0)
3000137 microseconds
timeout
[ 2016-10-27 1:11:33]Process 681 termed with signal 14(SIGALRM)
PT_F32-8_low_0-100 Test Num : 34
Inject into ../bin/hello
----- Type : 8_low_0 Pos : PT_F32 -----
There are 1 faults will be injected in faulttable...
101604 microseconds
Fault on PT_F32(0X0 -> 0X0)
3000146 microseconds
timeout
[ 2016-10-27 1:11:37]Process 683 termed with signal 14(SIGALRM)
PT_F32-8_low_0-100 Test Num : 35
Inject into ../bin/hello
----- Type : 8_low_0 Pos : PT_F32 -----
There are 1 faults will be injected in faulttable...
101589 microseconds
Fault on PT_F32(0X0 -> 0X0)
3000121 microseconds
timeout
[ 2016-10-27 1:11:40]Process 685 termed with signal 14(SIGALRM)
PT_F32-8_low_0-100 Test Num : 36
Inject into ../bin/hello
----- Type : 8_low_0 Pos : PT_F32 -----
There are 1 faults will be injected in faulttable...
101943 microseconds
Fault on PT_F32(0X0 -> 0X0)
3000080 microseconds
timeout
[ 2016-10-27 1:11:43]Process 687 termed with signal 14(SIGALRM)
PT_F32-8_low_0-100 Test Num : 37
Inject into ../bin/hello
----- Type : 8_low_0 Pos : PT_F32 -----
There are 1 faults will be injected in faulttable...
101389 microseconds
Fault on PT_F32(0X0 -> 0X0)
3000112 microseconds
timeout
[ 2016-10-27 1:11:46]Process 689 termed with signal 14(SIGALRM)
PT_F32-8_low_0-100 Test Num : 38
Inject into ../bin/hello
----- Type : 8_low_0 Pos : PT_F32 -----
There are 1 faults will be injected in faulttable...
101217 microseconds
Fault on PT_F32(0X0 -> 0X0)
3000126 microseconds
timeout
[ 2016-10-27 1:11:49]Process 691 termed with signal 14(SIGALRM)
PT_F32-8_low_0-100 Test Num : 39
Inject into ../bin/hello
----- Type : 8_low_0 Pos : PT_F32 -----
There are 1 faults will be injected in faulttable...
100126 microseconds
Fault on PT_F32(0X0 -> 0X0)
3000117 microseconds
timeout
[ 2016-10-27 1:11:52]Process 693 termed with signal 14(SIGALRM)
PT_F32-8_low_0-100 Test Num : 40
Inject into ../bin/hello
----- Type : 8_low_0 Pos : PT_F32 -----
There are 1 faults will be injected in faulttable...
101612 microseconds
Fault on PT_F32(0X0 -> 0X0)
3000066 microseconds
timeout
[ 2016-10-27 1:11:55]Process 695 termed with signal 14(SIGALRM)
PT_F32-8_low_0-100 Test Num : 41
Inject into ../bin/hello
----- Type : 8_low_0 Pos : PT_F32 -----
There are 1 faults will be injected in faulttable...
101106 microseconds
Fault on PT_F32(0X0 -> 0X0)
3000097 microseconds
timeout
[ 2016-10-27 1:11:58]Process 697 termed with signal 14(SIGALRM)
PT_F32-8_low_0-100 Test Num : 42
Inject into ../bin/hello
----- Type : 8_low_0 Pos : PT_F32 -----
There are 1 faults will be injected in faulttable...
101178 microseconds
Fault on PT_F32(0X0 -> 0X0)
3000075 microseconds
timeout
[  2016-10-27 1:12:1]Process 699 termed with signal 14(SIGALRM)
PT_F32-8_low_0-100 Test Num : 43
Inject into ../bin/hello
----- Type : 8_low_0 Pos : PT_F32 -----
There are 1 faults will be injected in faulttable...
101065 microseconds
Fault on PT_F32(0X0 -> 0X0)
3000126 microseconds
timeout
[  2016-10-27 1:12:5]Process 701 termed with signal 14(SIGALRM)
PT_F32-8_low_0-100 Test Num : 44
Inject into ../bin/hello
----- Type : 8_low_0 Pos : PT_F32 -----
There are 1 faults will be injected in faulttable...
100104 microseconds
Fault on PT_F32(0X0 -> 0X0)
3000074 microseconds
timeout
[  2016-10-27 1:12:8]Process 703 termed with signal 14(SIGALRM)
PT_F32-8_low_0-100 Test Num : 45
Inject into ../bin/hello
----- Type : 8_low_0 Pos : PT_F32 -----
There are 1 faults will be injected in faulttable...
101273 microseconds
Fault on PT_F32(0X0 -> 0X0)
3000147 microseconds
timeout
[ 2016-10-27 1:12:11]Process 705 termed with signal 14(SIGALRM)
PT_F32-8_low_0-100 Test Num : 46
Inject into ../bin/hello
----- Type : 8_low_0 Pos : PT_F32 -----
There are 1 faults will be injected in faulttable...
101217 microseconds
Fault on PT_F32(0X0 -> 0X0)
3000114 microseconds
timeout
[ 2016-10-27 1:12:14]Process 707 termed with signal 14(SIGALRM)
PT_F32-8_low_0-100 Test Num : 47
Inject into ../bin/hello
----- Type : 8_low_0 Pos : PT_F32 -----
There are 1 faults will be injected in faulttable...
101242 microseconds
Fault on PT_F32(0X0 -> 0X0)
3000261 microseconds
timeout
[ 2016-10-27 1:12:17]Process 709 termed with signal 14(SIGALRM)
PT_F32-8_low_0-100 Test Num : 48
Inject into ../bin/hello
----- Type : 8_low_0 Pos : PT_F32 -----
There are 1 faults will be injected in faulttable...
101555 microseconds
Fault on PT_F32(0X0 -> 0X0)
3000136 microseconds
timeout
[ 2016-10-27 1:12:20]Process 711 termed with signal 14(SIGALRM)
PT_F32-8_low_0-100 Test Num : 49
Inject into ../bin/hello
----- Type : 8_low_0 Pos : PT_F32 -----
There are 1 faults will be injected in faulttable...
100085 microseconds
Fault on PT_F32(0X0 -> 0X0)
3000088 microseconds
timeout
[ 2016-10-27 1:12:23]Process 713 termed with signal 14(SIGALRM)
PT_F32-8_low_0-100 Test Num : 50
Inject into ../bin/hello
----- Type : 8_low_0 Pos : PT_F32 -----
There are 1 faults will be injected in faulttable...
101267 microseconds
Fault on PT_F32(0X0 -> 0X0)
3000144 microseconds
timeout
[ 2016-10-27 1:12:26]Process 715 termed with signal 14(SIGALRM)
PT_F32-8_low_0-100 Test Num : 51
Inject into ../bin/hello
----- Type : 8_low_0 Pos : PT_F32 -----
There are 1 faults will be injected in faulttable...
100104 microseconds
Fault on PT_F32(0X0 -> 0X0)
3000200 microseconds
timeout
[ 2016-10-27 1:12:29]Process 717 termed with signal 14(SIGALRM)
PT_F32-8_low_0-100 Test Num : 52
Inject into ../bin/hello
----- Type : 8_low_0 Pos : PT_F32 -----
There are 1 faults will be injected in faulttable...
100219 microseconds
Fault on PT_F32(0X0 -> 0X0)
3000137 microseconds
timeout
[ 2016-10-27 1:12:33]Process 719 termed with signal 14(SIGALRM)
PT_F32-8_low_0-100 Test Num : 53
Inject into ../bin/hello
----- Type : 8_low_0 Pos : PT_F32 -----
There are 1 faults will be injected in faulttable...
101574 microseconds
Fault on PT_F32(0X0 -> 0X0)
3000122 microseconds
timeout
[ 2016-10-27 1:12:36]Process 721 termed with signal 14(SIGALRM)
PT_F32-8_low_0-100 Test Num : 54
Inject into ../bin/hello
----- Type : 8_low_0 Pos : PT_F32 -----
There are 1 faults will be injected in faulttable...
101420 microseconds
Fault on PT_F32(0X0 -> 0X0)
3000142 microseconds
timeout
[ 2016-10-27 1:12:39]Process 723 termed with signal 14(SIGALRM)
PT_F32-8_low_0-100 Test Num : 55
Inject into ../bin/hello
----- Type : 8_low_0 Pos : PT_F32 -----
There are 1 faults will be injected in faulttable...
101396 microseconds
Fault on PT_F32(0X0 -> 0X0)
3000096 microseconds
timeout
[ 2016-10-27 1:12:42]Process 725 termed with signal 14(SIGALRM)
PT_F32-8_low_0-100 Test Num : 56
Inject into ../bin/hello
----- Type : 8_low_0 Pos : PT_F32 -----
There are 1 faults will be injected in faulttable...
101049 microseconds
Fault on PT_F32(0X0 -> 0X0)
3000093 microseconds
timeout
[ 2016-10-27 1:12:45]Process 727 termed with signal 14(SIGALRM)
PT_F32-8_low_0-100 Test Num : 57
Inject into ../bin/hello
----- Type : 8_low_0 Pos : PT_F32 -----
There are 1 faults will be injected in faulttable...
101559 microseconds
Fault on PT_F32(0X0 -> 0X0)
3000086 microseconds
timeout
[ 2016-10-27 1:12:48]Process 729 termed with signal 14(SIGALRM)
PT_F32-8_low_0-100 Test Num : 58
Inject into ../bin/hello
----- Type : 8_low_0 Pos : PT_F32 -----
There are 1 faults will be injected in faulttable...
101413 microseconds
Fault on PT_F32(0X0 -> 0X0)
3000068 microseconds
timeout
[ 2016-10-27 1:12:51]Process 731 termed with signal 14(SIGALRM)
PT_F32-8_low_0-100 Test Num : 59
Inject into ../bin/hello
----- Type : 8_low_0 Pos : PT_F32 -----
There are 1 faults will be injected in faulttable...
101110 microseconds
Fault on PT_F32(0X0 -> 0X0)
3000096 microseconds
timeout
[ 2016-10-27 1:12:54]Process 733 termed with signal 14(SIGALRM)
PT_F32-8_low_0-100 Test Num : 60
Inject into ../bin/hello
----- Type : 8_low_0 Pos : PT_F32 -----
There are 1 faults will be injected in faulttable...
100106 microseconds
Fault on PT_F32(0X0 -> 0X0)
3000133 microseconds
timeout
[ 2016-10-27 1:12:57]Process 735 termed with signal 14(SIGALRM)
PT_F32-8_low_0-100 Test Num : 61
Inject into ../bin/hello
----- Type : 8_low_0 Pos : PT_F32 -----
There are 1 faults will be injected in faulttable...
100113 microseconds
Fault on PT_F32(0X0 -> 0X0)
3000068 microseconds
timeout
[  2016-10-27 1:13:1]Process 737 termed with signal 14(SIGALRM)
PT_F32-8_low_0-100 Test Num : 62
Inject into ../bin/hello
----- Type : 8_low_0 Pos : PT_F32 -----
There are 1 faults will be injected in faulttable...
101220 microseconds
Fault on PT_F32(0X0 -> 0X0)
3000089 microseconds
timeout
[  2016-10-27 1:13:4]Process 739 termed with signal 14(SIGALRM)
PT_F32-8_low_0-100 Test Num : 63
Inject into ../bin/hello
----- Type : 8_low_0 Pos : PT_F32 -----
There are 1 faults will be injected in faulttable...
101103 microseconds
Fault on PT_F32(0X0 -> 0X0)
3000253 microseconds
timeout
[  2016-10-27 1:13:7]Process 741 termed with signal 14(SIGALRM)
PT_F32-8_low_0-100 Test Num : 64
Inject into ../bin/hello
----- Type : 8_low_0 Pos : PT_F32 -----
There are 1 faults will be injected in faulttable...
100976 microseconds
Fault on PT_F32(0X0 -> 0X0)
3000136 microseconds
timeout
[ 2016-10-27 1:13:10]Process 743 termed with signal 14(SIGALRM)
PT_F32-8_low_0-100 Test Num : 65
Inject into ../bin/hello
----- Type : 8_low_0 Pos : PT_F32 -----
There are 1 faults will be injected in faulttable...
101153 microseconds
Fault on PT_F32(0X0 -> 0X0)
3000067 microseconds
timeout
[ 2016-10-27 1:13:13]Process 745 termed with signal 14(SIGALRM)
PT_F32-8_low_0-100 Test Num : 66
Inject into ../bin/hello
----- Type : 8_low_0 Pos : PT_F32 -----
There are 1 faults will be injected in faulttable...
100103 microseconds
Fault on PT_F32(0X0 -> 0X0)
3000094 microseconds
timeout
[ 2016-10-27 1:13:16]Process 747 termed with signal 14(SIGALRM)
PT_F32-8_low_0-100 Test Num : 67
Inject into ../bin/hello
----- Type : 8_low_0 Pos : PT_F32 -----
There are 1 faults will be injected in faulttable...
101028 microseconds
Fault on PT_F32(0X0 -> 0X0)
3000076 microseconds
timeout
[ 2016-10-27 1:13:19]Process 749 termed with signal 14(SIGALRM)
PT_F32-8_low_0-100 Test Num : 68
Inject into ../bin/hello
----- Type : 8_low_0 Pos : PT_F32 -----
There are 1 faults will be injected in faulttable...
101405 microseconds
Fault on PT_F32(0X0 -> 0X0)
3000072 microseconds
timeout
[ 2016-10-27 1:13:22]Process 751 termed with signal 14(SIGALRM)
PT_F32-8_low_0-100 Test Num : 69
Inject into ../bin/hello
----- Type : 8_low_0 Pos : PT_F32 -----
There are 1 faults will be injected in faulttable...
101465 microseconds
Fault on PT_F32(0X0 -> 0X0)
3000627 microseconds
timeout
[ 2016-10-27 1:13:25]Process 753 termed with signal 14(SIGALRM)
PT_F32-8_low_0-100 Test Num : 70
Inject into ../bin/hello
----- Type : 8_low_0 Pos : PT_F32 -----
There are 1 faults will be injected in faulttable...
101938 microseconds
Fault on PT_F32(0X0 -> 0X0)
3000133 microseconds
timeout
[ 2016-10-27 1:13:29]Process 755 termed with signal 14(SIGALRM)
PT_F32-8_low_0-100 Test Num : 71
Inject into ../bin/hello
----- Type : 8_low_0 Pos : PT_F32 -----
There are 1 faults will be injected in faulttable...
101041 microseconds
Fault on PT_F32(0X0 -> 0X0)
3000082 microseconds
timeout
[ 2016-10-27 1:13:32]Process 757 termed with signal 14(SIGALRM)
PT_F32-8_low_0-100 Test Num : 72
Inject into ../bin/hello
----- Type : 8_low_0 Pos : PT_F32 -----
There are 1 faults will be injected in faulttable...
101109 microseconds
Fault on PT_F32(0X0 -> 0X0)
3000119 microseconds
timeout
[ 2016-10-27 1:13:35]Process 759 termed with signal 14(SIGALRM)
PT_F32-8_low_0-100 Test Num : 73
Inject into ../bin/hello
----- Type : 8_low_0 Pos : PT_F32 -----
There are 1 faults will be injected in faulttable...
101190 microseconds
Fault on PT_F32(0X0 -> 0X0)
3000172 microseconds
timeout
[ 2016-10-27 1:13:38]Process 761 termed with signal 14(SIGALRM)
PT_F32-8_low_0-100 Test Num : 74
Inject into ../bin/hello
----- Type : 8_low_0 Pos : PT_F32 -----
There are 1 faults will be injected in faulttable...
100086 microseconds
Fault on PT_F32(0X0 -> 0X0)
3000073 microseconds
timeout
[ 2016-10-27 1:13:41]Process 763 termed with signal 14(SIGALRM)
PT_F32-8_low_0-100 Test Num : 75
Inject into ../bin/hello
----- Type : 8_low_0 Pos : PT_F32 -----
There are 1 faults will be injected in faulttable...
100155 microseconds
Fault on PT_F32(0X0 -> 0X0)
3000085 microseconds
timeout
[ 2016-10-27 1:13:44]Process 765 termed with signal 14(SIGALRM)
PT_F32-8_low_0-100 Test Num : 76
Inject into ../bin/hello
----- Type : 8_low_0 Pos : PT_F32 -----
There are 1 faults will be injected in faulttable...
102108 microseconds
Fault on PT_F32(0X0 -> 0X0)
3000081 microseconds
timeout
[ 2016-10-27 1:13:47]Process 767 termed with signal 14(SIGALRM)
PT_F32-8_low_0-100 Test Num : 77
Inject into ../bin/hello
----- Type : 8_low_0 Pos : PT_F32 -----
There are 1 faults will be injected in faulttable...
101538 microseconds
Fault on PT_F32(0X0 -> 0X0)
3000118 microseconds
timeout
[ 2016-10-27 1:13:50]Process 769 termed with signal 14(SIGALRM)
PT_F32-8_low_0-100 Test Num : 78
Inject into ../bin/hello
----- Type : 8_low_0 Pos : PT_F32 -----
There are 1 faults will be injected in faulttable...
101113 microseconds
Fault on PT_F32(0X0 -> 0X0)
3000091 microseconds
timeout
[ 2016-10-27 1:13:53]Process 771 termed with signal 14(SIGALRM)
PT_F32-8_low_0-100 Test Num : 79
Inject into ../bin/hello
----- Type : 8_low_0 Pos : PT_F32 -----
There are 1 faults will be injected in faulttable...
101493 microseconds
Fault on PT_F32(0X0 -> 0X0)
3000123 microseconds
timeout
[ 2016-10-27 1:13:57]Process 773 termed with signal 14(SIGALRM)
PT_F32-8_low_0-100 Test Num : 80
Inject into ../bin/hello
----- Type : 8_low_0 Pos : PT_F32 -----
There are 1 faults will be injected in faulttable...
100099 microseconds
Fault on PT_F32(0X0 -> 0X0)
3000100 microseconds
timeout
[  2016-10-27 1:14:0]Process 775 termed with signal 14(SIGALRM)
PT_F32-8_low_0-100 Test Num : 81
Inject into ../bin/hello
----- Type : 8_low_0 Pos : PT_F32 -----
There are 1 faults will be injected in faulttable...
101246 microseconds
Fault on PT_F32(0X0 -> 0X0)
3000095 microseconds
timeout
[  2016-10-27 1:14:3]Process 777 termed with signal 14(SIGALRM)
PT_F32-8_low_0-100 Test Num : 82
Inject into ../bin/hello
----- Type : 8_low_0 Pos : PT_F32 -----
There are 1 faults will be injected in faulttable...
101147 microseconds
Fault on PT_F32(0X0 -> 0X0)
3000091 microseconds
timeout
[  2016-10-27 1:14:6]Process 779 termed with signal 14(SIGALRM)
PT_F32-8_low_0-100 Test Num : 83
Inject into ../bin/hello
----- Type : 8_low_0 Pos : PT_F32 -----
There are 1 faults will be injected in faulttable...
101412 microseconds
Fault on PT_F32(0X0 -> 0X0)
3000113 microseconds
timeout
[  2016-10-27 1:14:9]Process 781 termed with signal 14(SIGALRM)
PT_F32-8_low_0-100 Test Num : 84
Inject into ../bin/hello
----- Type : 8_low_0 Pos : PT_F32 -----
There are 1 faults will be injected in faulttable...
100071 microseconds
Fault on PT_F32(0X0 -> 0X0)
3000148 microseconds
timeout
[ 2016-10-27 1:14:12]Process 783 termed with signal 14(SIGALRM)
PT_F32-8_low_0-100 Test Num : 85
Inject into ../bin/hello
----- Type : 8_low_0 Pos : PT_F32 -----
There are 1 faults will be injected in faulttable...
101120 microseconds
Fault on PT_F32(0X0 -> 0X0)
3000110 microseconds
timeout
[ 2016-10-27 1:14:15]Process 786 termed with signal 14(SIGALRM)
PT_F32-8_low_0-100 Test Num : 86
Inject into ../bin/hello
----- Type : 8_low_0 Pos : PT_F32 -----
There are 1 faults will be injected in faulttable...
101162 microseconds
Fault on PT_F32(0X0 -> 0X0)
3000138 microseconds
timeout
[ 2016-10-27 1:14:18]Process 788 termed with signal 14(SIGALRM)
PT_F32-8_low_0-100 Test Num : 87
Inject into ../bin/hello
----- Type : 8_low_0 Pos : PT_F32 -----
There are 1 faults will be injected in faulttable...
101179 microseconds
Fault on PT_F32(0X0 -> 0X0)
3000078 microseconds
timeout
[ 2016-10-27 1:14:21]Process 790 termed with signal 14(SIGALRM)
PT_F32-8_low_0-100 Test Num : 88
Inject into ../bin/hello
----- Type : 8_low_0 Pos : PT_F32 -----
There are 1 faults will be injected in faulttable...
101325 microseconds
Fault on PT_F32(0X0 -> 0X0)
3000082 microseconds
timeout
[ 2016-10-27 1:14:25]Process 792 termed with signal 14(SIGALRM)
PT_F32-8_low_0-100 Test Num : 89
Inject into ../bin/hello
----- Type : 8_low_0 Pos : PT_F32 -----
There are 1 faults will be injected in faulttable...
101320 microseconds
Fault on PT_F32(0X0 -> 0X0)
3000100 microseconds
timeout
[ 2016-10-27 1:14:28]Process 794 termed with signal 14(SIGALRM)
PT_F32-8_low_0-100 Test Num : 90
Inject into ../bin/hello
----- Type : 8_low_0 Pos : PT_F32 -----
There are 1 faults will be injected in faulttable...
101455 microseconds
Fault on PT_F32(0X0 -> 0X0)
3000146 microseconds
timeout
[ 2016-10-27 1:14:31]Process 796 termed with signal 14(SIGALRM)
PT_F32-8_low_0-100 Test Num : 91
Inject into ../bin/hello
----- Type : 8_low_0 Pos : PT_F32 -----
There are 1 faults will be injected in faulttable...
101616 microseconds
Fault on PT_F32(0X0 -> 0X0)
3000102 microseconds
timeout
[ 2016-10-27 1:14:34]Process 798 termed with signal 14(SIGALRM)
PT_F32-8_low_0-100 Test Num : 92
Inject into ../bin/hello
----- Type : 8_low_0 Pos : PT_F32 -----
There are 1 faults will be injected in faulttable...
100085 microseconds
Fault on PT_F32(0X0 -> 0X0)
3000122 microseconds
timeout
[ 2016-10-27 1:14:37]Process 800 termed with signal 14(SIGALRM)
PT_F32-8_low_0-100 Test Num : 93
Inject into ../bin/hello
----- Type : 8_low_0 Pos : PT_F32 -----
There are 1 faults will be injected in faulttable...
101124 microseconds
Fault on PT_F32(0X0 -> 0X0)
3000089 microseconds
timeout
[ 2016-10-27 1:14:40]Process 802 termed with signal 14(SIGALRM)
PT_F32-8_low_0-100 Test Num : 94
Inject into ../bin/hello
----- Type : 8_low_0 Pos : PT_F32 -----
There are 1 faults will be injected in faulttable...
101401 microseconds
Fault on PT_F32(0X0 -> 0X0)
3000089 microseconds
timeout
[ 2016-10-27 1:14:43]Process 804 termed with signal 14(SIGALRM)
PT_F32-8_low_0-100 Test Num : 95
Inject into ../bin/hello
----- Type : 8_low_0 Pos : PT_F32 -----
There are 1 faults will be injected in faulttable...
101346 microseconds
Fault on PT_F32(0X0 -> 0X0)
3000127 microseconds
timeout
[ 2016-10-27 1:14:46]Process 806 termed with signal 14(SIGALRM)
PT_F32-8_low_0-100 Test Num : 96
Inject into ../bin/hello
----- Type : 8_low_0 Pos : PT_F32 -----
There are 1 faults will be injected in faulttable...
101647 microseconds
Fault on PT_F32(0X0 -> 0X0)
3000129 microseconds
timeout
[ 2016-10-27 1:14:50]Process 809 termed with signal 14(SIGALRM)
PT_F32-8_low_0-100 Test Num : 97
Inject into ../bin/hello
----- Type : 8_low_0 Pos : PT_F32 -----
There are 1 faults will be injected in faulttable...
100150 microseconds
Fault on PT_F32(0X0 -> 0X0)
3000069 microseconds
timeout
[ 2016-10-27 1:14:53]Process 812 termed with signal 14(SIGALRM)
PT_F32-8_low_0-100 Test Num : 98
Inject into ../bin/hello
----- Type : 8_low_0 Pos : PT_F32 -----
There are 1 faults will be injected in faulttable...
101213 microseconds
Fault on PT_F32(0X0 -> 0X0)
3000082 microseconds
timeout
[ 2016-10-27 1:14:56]Process 814 termed with signal 14(SIGALRM)
PT_F32-8_low_0-100 Test Num : 99
Inject into ../bin/hello
----- Type : 8_low_0 Pos : PT_F32 -----
There are 1 faults will be injected in faulttable...
101024 microseconds
Fault on PT_F32(0X0 -> 0X0)
3000103 microseconds
timeout
[ 2016-10-27 1:14:59]Process 816 termed with signal 14(SIGALRM)
PT_F32-8_low_0-100 Test Num : 100
Inject into ../bin/hello
----- Type : 8_low_0 Pos : PT_F32 -----
There are 1 faults will be injected in faulttable...
100800 microseconds
Fault on PT_F32(0X0 -> 0X0)
3000137 microseconds
timeout
[  2016-10-27 1:15:2]Process 819 termed with signal 14(SIGALRM)
