PT_F32-1_bit_1-100 Test Num : 1
Inject into ../bin/hello
----- Type : 1_bit_1 Pos : PT_F32 -----
There are 1 faults will be injected in faulttable...
101087 microseconds
Fault on PT_F32(0X0 -> 0X80000000000)
3000112 microseconds
timeout
[ 2016-10-27 0:54:20]Process 32449 termed with signal 14(SIGALRM)
PT_F32-1_bit_1-100 Test Num : 2
Inject into ../bin/hello
----- Type : 1_bit_1 Pos : PT_F32 -----
There are 1 faults will be injected in faulttable...
100961 microseconds
Fault on PT_F32(0X0 -> 0X2000000000000)
3000092 microseconds
timeout
[ 2016-10-27 0:54:23]Process 32451 termed with signal 14(SIGALRM)
PT_F32-1_bit_1-100 Test Num : 3
Inject into ../bin/hello
----- Type : 1_bit_1 Pos : PT_F32 -----
There are 1 faults will be injected in faulttable...
101272 microseconds
Fault on PT_F32(0X0 -> 0X1000000000)
3000089 microseconds
timeout
[ 2016-10-27 0:54:26]Process 32453 termed with signal 14(SIGALRM)
PT_F32-1_bit_1-100 Test Num : 4
Inject into ../bin/hello
----- Type : 1_bit_1 Pos : PT_F32 -----
There are 1 faults will be injected in faulttable...
101180 microseconds
Fault on PT_F32(0X0 -> 0X100000000000000)
3000104 microseconds
timeout
[ 2016-10-27 0:54:29]Process 32455 termed with signal 14(SIGALRM)
PT_F32-1_bit_1-100 Test Num : 5
Inject into ../bin/hello
----- Type : 1_bit_1 Pos : PT_F32 -----
There are 1 faults will be injected in faulttable...
101296 microseconds
Fault on PT_F32(0X0 -> 0X1000000000000)
3000135 microseconds
timeout
[ 2016-10-27 0:54:32]Process 32457 termed with signal 14(SIGALRM)
PT_F32-1_bit_1-100 Test Num : 6
Inject into ../bin/hello
----- Type : 1_bit_1 Pos : PT_F32 -----
There are 1 faults will be injected in faulttable...
101095 microseconds
Fault on PT_F32(0X0 -> 0X4000000000000000)
3000110 microseconds
timeout
[ 2016-10-27 0:54:35]Process 32459 termed with signal 14(SIGALRM)
PT_F32-1_bit_1-100 Test Num : 7
Inject into ../bin/hello
----- Type : 1_bit_1 Pos : PT_F32 -----
There are 1 faults will be injected in faulttable...
101125 microseconds
Fault on PT_F32(0X0 -> 0X200000)
3000065 microseconds
timeout
[ 2016-10-27 0:54:38]Process 32461 termed with signal 14(SIGALRM)
PT_F32-1_bit_1-100 Test Num : 8
Inject into ../bin/hello
----- Type : 1_bit_1 Pos : PT_F32 -----
There are 1 faults will be injected in faulttable...
101116 microseconds
Fault on PT_F32(0X0 -> 0X200000000000000)
3000058 microseconds
timeout
[ 2016-10-27 0:54:42]Process 32463 termed with signal 14(SIGALRM)
PT_F32-1_bit_1-100 Test Num : 9
Inject into ../bin/hello
----- Type : 1_bit_1 Pos : PT_F32 -----
There are 1 faults will be injected in faulttable...
101177 microseconds
Fault on PT_F32(0X0 -> 0X4000000000000000)
3000144 microseconds
timeout
[ 2016-10-27 0:54:45]Process 32465 termed with signal 14(SIGALRM)
PT_F32-1_bit_1-100 Test Num : 10
Inject into ../bin/hello
----- Type : 1_bit_1 Pos : PT_F32 -----
There are 1 faults will be injected in faulttable...
101265 microseconds
Fault on PT_F32(0X0 -> 0X20000000000)
3000083 microseconds
timeout
[ 2016-10-27 0:54:48]Process 32467 termed with signal 14(SIGALRM)
PT_F32-1_bit_1-100 Test Num : 11
Inject into ../bin/hello
----- Type : 1_bit_1 Pos : PT_F32 -----
There are 1 faults will be injected in faulttable...
101231 microseconds
Fault on PT_F32(0X0 -> 0X80000000000)
3000095 microseconds
timeout
[ 2016-10-27 0:54:51]Process 32469 termed with signal 14(SIGALRM)
PT_F32-1_bit_1-100 Test Num : 12
Inject into ../bin/hello
----- Type : 1_bit_1 Pos : PT_F32 -----
There are 1 faults will be injected in faulttable...
101523 microseconds
Fault on PT_F32(0X0 -> 0X8000)
3000101 microseconds
timeout
[ 2016-10-27 0:54:54]Process 32471 termed with signal 14(SIGALRM)
PT_F32-1_bit_1-100 Test Num : 13
Inject into ../bin/hello
----- Type : 1_bit_1 Pos : PT_F32 -----
There are 1 faults will be injected in faulttable...
100063 microseconds
Fault on PT_F32(0X0 -> 0X8)
3000137 microseconds
timeout
[ 2016-10-27 0:54:57]Process 32473 termed with signal 14(SIGALRM)
PT_F32-1_bit_1-100 Test Num : 14
Inject into ../bin/hello
----- Type : 1_bit_1 Pos : PT_F32 -----
There are 1 faults will be injected in faulttable...
101376 microseconds
Fault on PT_F32(0X0 -> 0X2000000000000)
3000112 microseconds
timeout
[  2016-10-27 0:55:0]Process 32475 termed with signal 14(SIGALRM)
PT_F32-1_bit_1-100 Test Num : 15
Inject into ../bin/hello
----- Type : 1_bit_1 Pos : PT_F32 -----
There are 1 faults will be injected in faulttable...
100141 microseconds
Fault on PT_F32(0X0 -> 0X1000000000)
3000069 microseconds
timeout
[  2016-10-27 0:55:3]Process 32477 termed with signal 14(SIGALRM)
PT_F32-1_bit_1-100 Test Num : 16
Inject into ../bin/hello
----- Type : 1_bit_1 Pos : PT_F32 -----
There are 1 faults will be injected in faulttable...
101026 microseconds
Fault on PT_F32(0X0 -> 0X40000000)
3000100 microseconds
timeout
[  2016-10-27 0:55:6]Process 32479 termed with signal 14(SIGALRM)
PT_F32-1_bit_1-100 Test Num : 17
Inject into ../bin/hello
----- Type : 1_bit_1 Pos : PT_F32 -----
There are 1 faults will be injected in faulttable...
101346 microseconds
Fault on PT_F32(0X0 -> 0X2000000000000000)
3000074 microseconds
timeout
[ 2016-10-27 0:55:10]Process 32481 termed with signal 14(SIGALRM)
PT_F32-1_bit_1-100 Test Num : 18
Inject into ../bin/hello
----- Type : 1_bit_1 Pos : PT_F32 -----
There are 1 faults will be injected in faulttable...
101345 microseconds
Fault on PT_F32(0X0 -> 0X800)
3000088 microseconds
timeout
[ 2016-10-27 0:55:13]Process 32483 termed with signal 14(SIGALRM)
PT_F32-1_bit_1-100 Test Num : 19
Inject into ../bin/hello
----- Type : 1_bit_1 Pos : PT_F32 -----
There are 1 faults will be injected in faulttable...
101235 microseconds
Fault on PT_F32(0X0 -> 0X80000000)
3000130 microseconds
timeout
[ 2016-10-27 0:55:16]Process 32485 termed with signal 14(SIGALRM)
PT_F32-1_bit_1-100 Test Num : 20
Inject into ../bin/hello
----- Type : 1_bit_1 Pos : PT_F32 -----
There are 1 faults will be injected in faulttable...
101069 microseconds
Fault on PT_F32(0X0 -> 0X8000000)
3000109 microseconds
timeout
[ 2016-10-27 0:55:19]Process 32487 termed with signal 14(SIGALRM)
PT_F32-1_bit_1-100 Test Num : 21
Inject into ../bin/hello
----- Type : 1_bit_1 Pos : PT_F32 -----
There are 1 faults will be injected in faulttable...
101149 microseconds
Fault on PT_F32(0X0 -> 0X40000000000)
3000071 microseconds
timeout
[ 2016-10-27 0:55:22]Process 32489 termed with signal 14(SIGALRM)
PT_F32-1_bit_1-100 Test Num : 22
Inject into ../bin/hello
----- Type : 1_bit_1 Pos : PT_F32 -----
There are 1 faults will be injected in faulttable...
101315 microseconds
Fault on PT_F32(0X0 -> 0X40000)
3000115 microseconds
timeout
[ 2016-10-27 0:55:25]Process 32491 termed with signal 14(SIGALRM)
PT_F32-1_bit_1-100 Test Num : 23
Inject into ../bin/hello
----- Type : 1_bit_1 Pos : PT_F32 -----
There are 1 faults will be injected in faulttable...
101045 microseconds
Fault on PT_F32(0X0 -> 0X800000000000000)
3000083 microseconds
timeout
[ 2016-10-27 0:55:28]Process 32493 termed with signal 14(SIGALRM)
PT_F32-1_bit_1-100 Test Num : 24
Inject into ../bin/hello
----- Type : 1_bit_1 Pos : PT_F32 -----
There are 1 faults will be injected in faulttable...
101405 microseconds
Fault on PT_F32(0X0 -> 0X1000000000000000)
3000148 microseconds
timeout
[ 2016-10-27 0:55:31]Process 32495 termed with signal 14(SIGALRM)
PT_F32-1_bit_1-100 Test Num : 25
Inject into ../bin/hello
----- Type : 1_bit_1 Pos : PT_F32 -----
There are 1 faults will be injected in faulttable...
101113 microseconds
Fault on PT_F32(0X0 -> 0X1000000000)
3000086 microseconds
timeout
[ 2016-10-27 0:55:34]Process 32497 termed with signal 14(SIGALRM)
PT_F32-1_bit_1-100 Test Num : 26
Inject into ../bin/hello
----- Type : 1_bit_1 Pos : PT_F32 -----
There are 1 faults will be injected in faulttable...
100130 microseconds
Fault on PT_F32(0X0 -> 0X100000000000)
3000061 microseconds
timeout
[ 2016-10-27 0:55:38]Process 32499 termed with signal 14(SIGALRM)
PT_F32-1_bit_1-100 Test Num : 27
Inject into ../bin/hello
----- Type : 1_bit_1 Pos : PT_F32 -----
There are 1 faults will be injected in faulttable...
101101 microseconds
Fault on PT_F32(0X0 -> 0X80000000)
3000149 microseconds
timeout
[ 2016-10-27 0:55:41]Process 32501 termed with signal 14(SIGALRM)
PT_F32-1_bit_1-100 Test Num : 28
Inject into ../bin/hello
----- Type : 1_bit_1 Pos : PT_F32 -----
There are 1 faults will be injected in faulttable...
101608 microseconds
Fault on PT_F32(0X0 -> 0X20000000000)
3000064 microseconds
timeout
[ 2016-10-27 0:55:44]Process 32503 termed with signal 14(SIGALRM)
PT_F32-1_bit_1-100 Test Num : 29
Inject into ../bin/hello
----- Type : 1_bit_1 Pos : PT_F32 -----
There are 1 faults will be injected in faulttable...
101135 microseconds
Fault on PT_F32(0X0 -> 0X8000000000000)
3000098 microseconds
timeout
[ 2016-10-27 0:55:47]Process 32505 termed with signal 14(SIGALRM)
PT_F32-1_bit_1-100 Test Num : 30
Inject into ../bin/hello
----- Type : 1_bit_1 Pos : PT_F32 -----
There are 1 faults will be injected in faulttable...
101067 microseconds
Fault on PT_F32(0X0 -> 0X2000000000000)
3000094 microseconds
timeout
[ 2016-10-27 0:55:50]Process 32507 termed with signal 14(SIGALRM)
PT_F32-1_bit_1-100 Test Num : 31
Inject into ../bin/hello
----- Type : 1_bit_1 Pos : PT_F32 -----
There are 1 faults will be injected in faulttable...
101074 microseconds
Fault on PT_F32(0X0 -> 0X100)
3000068 microseconds
timeout
[ 2016-10-27 0:55:53]Process 32509 termed with signal 14(SIGALRM)
PT_F32-1_bit_1-100 Test Num : 32
Inject into ../bin/hello
----- Type : 1_bit_1 Pos : PT_F32 -----
There are 1 faults will be injected in faulttable...
100942 microseconds
Fault on PT_F32(0X0 -> 0X4000000000)
3000108 microseconds
timeout
[ 2016-10-27 0:55:56]Process 32511 termed with signal 14(SIGALRM)
PT_F32-1_bit_1-100 Test Num : 33
Inject into ../bin/hello
----- Type : 1_bit_1 Pos : PT_F32 -----
There are 1 faults will be injected in faulttable...
100127 microseconds
Fault on PT_F32(0X0 -> 0X800)
3000133 microseconds
timeout
[ 2016-10-27 0:55:59]Process 32513 termed with signal 14(SIGALRM)
PT_F32-1_bit_1-100 Test Num : 34
Inject into ../bin/hello
----- Type : 1_bit_1 Pos : PT_F32 -----
There are 1 faults will be injected in faulttable...
100467 microseconds
Fault on PT_F32(0X0 -> 0X4000)
3000099 microseconds
timeout
[  2016-10-27 0:56:3]Process 32515 termed with signal 14(SIGALRM)
PT_F32-1_bit_1-100 Test Num : 35
Inject into ../bin/hello
----- Type : 1_bit_1 Pos : PT_F32 -----
There are 1 faults will be injected in faulttable...
101283 microseconds
Fault on PT_F32(0X0 -> 0X1000000000)
3000107 microseconds
timeout
[  2016-10-27 0:56:6]Process 32517 termed with signal 14(SIGALRM)
PT_F32-1_bit_1-100 Test Num : 36
Inject into ../bin/hello
----- Type : 1_bit_1 Pos : PT_F32 -----
There are 1 faults will be injected in faulttable...
101643 microseconds
Fault on PT_F32(0X0 -> 0X200000)
3000064 microseconds
timeout
[  2016-10-27 0:56:9]Process 32519 termed with signal 14(SIGALRM)
PT_F32-1_bit_1-100 Test Num : 37
Inject into ../bin/hello
----- Type : 1_bit_1 Pos : PT_F32 -----
There are 1 faults will be injected in faulttable...
101074 microseconds
Fault on PT_F32(0X0 -> 0X4000000000000)
3000077 microseconds
timeout
[ 2016-10-27 0:56:12]Process 32521 termed with signal 14(SIGALRM)
PT_F32-1_bit_1-100 Test Num : 38
Inject into ../bin/hello
----- Type : 1_bit_1 Pos : PT_F32 -----
There are 1 faults will be injected in faulttable...
100998 microseconds
Fault on PT_F32(0X0 -> 0X100)
3000105 microseconds
timeout
[ 2016-10-27 0:56:15]Process 32523 termed with signal 14(SIGALRM)
PT_F32-1_bit_1-100 Test Num : 39
Inject into ../bin/hello
----- Type : 1_bit_1 Pos : PT_F32 -----
There are 1 faults will be injected in faulttable...
101437 microseconds
Fault on PT_F32(0X0 -> 0X100000000000)
3000093 microseconds
timeout
[ 2016-10-27 0:56:18]Process 32525 termed with signal 14(SIGALRM)
PT_F32-1_bit_1-100 Test Num : 40
Inject into ../bin/hello
----- Type : 1_bit_1 Pos : PT_F32 -----
There are 1 faults will be injected in faulttable...
100089 microseconds
Fault on PT_F32(0X0 -> 0X40)
3000132 microseconds
timeout
[ 2016-10-27 0:56:21]Process 32527 termed with signal 14(SIGALRM)
PT_F32-1_bit_1-100 Test Num : 41
Inject into ../bin/hello
----- Type : 1_bit_1 Pos : PT_F32 -----
There are 1 faults will be injected in faulttable...
101172 microseconds
Fault on PT_F32(0X0 -> 0X4000000000000)
3000077 microseconds
timeout
[ 2016-10-27 0:56:24]Process 32529 termed with signal 14(SIGALRM)
PT_F32-1_bit_1-100 Test Num : 42
Inject into ../bin/hello
----- Type : 1_bit_1 Pos : PT_F32 -----
There are 1 faults will be injected in faulttable...
100982 microseconds
Fault on PT_F32(0X0 -> 0X400000000000)
3000090 microseconds
timeout
[ 2016-10-27 0:56:27]Process 32531 termed with signal 14(SIGALRM)
PT_F32-1_bit_1-100 Test Num : 43
Inject into ../bin/hello
----- Type : 1_bit_1 Pos : PT_F32 -----
There are 1 faults will be injected in faulttable...
100145 microseconds
Fault on PT_F32(0X0 -> 0X20000000)
3000127 microseconds
timeout
[ 2016-10-27 0:56:31]Process 32533 termed with signal 14(SIGALRM)
PT_F32-1_bit_1-100 Test Num : 44
Inject into ../bin/hello
----- Type : 1_bit_1 Pos : PT_F32 -----
There are 1 faults will be injected in faulttable...
101576 microseconds
Fault on PT_F32(0X0 -> 0X40000000)
3000092 microseconds
timeout
[ 2016-10-27 0:56:34]Process 32535 termed with signal 14(SIGALRM)
PT_F32-1_bit_1-100 Test Num : 45
Inject into ../bin/hello
----- Type : 1_bit_1 Pos : PT_F32 -----
There are 1 faults will be injected in faulttable...
101488 microseconds
Fault on PT_F32(0X0 -> 0X200000000000000)
3000089 microseconds
timeout
[ 2016-10-27 0:56:37]Process 32537 termed with signal 14(SIGALRM)
PT_F32-1_bit_1-100 Test Num : 46
Inject into ../bin/hello
----- Type : 1_bit_1 Pos : PT_F32 -----
There are 1 faults will be injected in faulttable...
101098 microseconds
Fault on PT_F32(0X0 -> 0X2000000000000000)
3000204 microseconds
timeout
[ 2016-10-27 0:56:40]Process 32539 termed with signal 14(SIGALRM)
PT_F32-1_bit_1-100 Test Num : 47
Inject into ../bin/hello
----- Type : 1_bit_1 Pos : PT_F32 -----
There are 1 faults will be injected in faulttable...
100088 microseconds
Fault on PT_F32(0X0 -> 0X4000000000000000)
3000093 microseconds
timeout
[ 2016-10-27 0:56:43]Process 32541 termed with signal 14(SIGALRM)
PT_F32-1_bit_1-100 Test Num : 48
Inject into ../bin/hello
----- Type : 1_bit_1 Pos : PT_F32 -----
There are 1 faults will be injected in faulttable...
101289 microseconds
Fault on PT_F32(0X0 -> 0X800000000000000)
3000086 microseconds
timeout
[ 2016-10-27 0:56:46]Process 32543 termed with signal 14(SIGALRM)
PT_F32-1_bit_1-100 Test Num : 49
Inject into ../bin/hello
----- Type : 1_bit_1 Pos : PT_F32 -----
There are 1 faults will be injected in faulttable...
100941 microseconds
Fault on PT_F32(0X0 -> 0X1000000000)
3000143 microseconds
timeout
[ 2016-10-27 0:56:49]Process 32545 termed with signal 14(SIGALRM)
PT_F32-1_bit_1-100 Test Num : 50
Inject into ../bin/hello
----- Type : 1_bit_1 Pos : PT_F32 -----
There are 1 faults will be injected in faulttable...
101045 microseconds
Fault on PT_F32(0X0 -> 0X80000000)
3000095 microseconds
timeout
[ 2016-10-27 0:56:52]Process 32547 termed with signal 14(SIGALRM)
PT_F32-1_bit_1-100 Test Num : 51
Inject into ../bin/hello
----- Type : 1_bit_1 Pos : PT_F32 -----
There are 1 faults will be injected in faulttable...
101327 microseconds
Fault on PT_F32(0X0 -> 0X8000)
3000085 microseconds
timeout
[ 2016-10-27 0:56:55]Process 32549 termed with signal 14(SIGALRM)
PT_F32-1_bit_1-100 Test Num : 52
Inject into ../bin/hello
----- Type : 1_bit_1 Pos : PT_F32 -----
There are 1 faults will be injected in faulttable...
101343 microseconds
Fault on PT_F32(0X0 -> 0X400000)
3000061 microseconds
timeout
[ 2016-10-27 0:56:59]Process 32551 termed with signal 14(SIGALRM)
PT_F32-1_bit_1-100 Test Num : 53
Inject into ../bin/hello
----- Type : 1_bit_1 Pos : PT_F32 -----
There are 1 faults will be injected in faulttable...
101053 microseconds
Fault on PT_F32(0X0 -> 0X10000000000)
3000083 microseconds
timeout
[  2016-10-27 0:57:2]Process 32553 termed with signal 14(SIGALRM)
PT_F32-1_bit_1-100 Test Num : 54
Inject into ../bin/hello
----- Type : 1_bit_1 Pos : PT_F32 -----
There are 1 faults will be injected in faulttable...
101307 microseconds
Fault on PT_F32(0X0 -> 0X100000000000)
3000076 microseconds
timeout
[  2016-10-27 0:57:5]Process 32555 termed with signal 14(SIGALRM)
PT_F32-1_bit_1-100 Test Num : 55
Inject into ../bin/hello
----- Type : 1_bit_1 Pos : PT_F32 -----
There are 1 faults will be injected in faulttable...
100078 microseconds
Fault on PT_F32(0X0 -> 0X1000000000000)
3000080 microseconds
timeout
[  2016-10-27 0:57:8]Process 32557 termed with signal 14(SIGALRM)
PT_F32-1_bit_1-100 Test Num : 56
Inject into ../bin/hello
----- Type : 1_bit_1 Pos : PT_F32 -----
There are 1 faults will be injected in faulttable...
101124 microseconds
Fault on PT_F32(0X0 -> 0X8000000000000)
3000146 microseconds
timeout
[ 2016-10-27 0:57:11]Process 32559 termed with signal 14(SIGALRM)
PT_F32-1_bit_1-100 Test Num : 57
Inject into ../bin/hello
----- Type : 1_bit_1 Pos : PT_F32 -----
There are 1 faults will be injected in faulttable...
101281 microseconds
Fault on PT_F32(0X0 -> 0X80000000000000)
3000079 microseconds
timeout
[ 2016-10-27 0:57:14]Process 32561 termed with signal 14(SIGALRM)
PT_F32-1_bit_1-100 Test Num : 58
Inject into ../bin/hello
----- Type : 1_bit_1 Pos : PT_F32 -----
There are 1 faults will be injected in faulttable...
101120 microseconds
Fault on PT_F32(0X0 -> 0X8)
3000077 microseconds
timeout
[ 2016-10-27 0:57:17]Process 32563 termed with signal 14(SIGALRM)
PT_F32-1_bit_1-100 Test Num : 59
Inject into ../bin/hello
----- Type : 1_bit_1 Pos : PT_F32 -----
There are 1 faults will be injected in faulttable...
101124 microseconds
Fault on PT_F32(0X0 -> 0X100000)
3000088 microseconds
timeout
[ 2016-10-27 0:57:20]Process 32565 termed with signal 14(SIGALRM)
PT_F32-1_bit_1-100 Test Num : 60
Inject into ../bin/hello
----- Type : 1_bit_1 Pos : PT_F32 -----
There are 1 faults will be injected in faulttable...
101083 microseconds
Fault on PT_F32(0X0 -> 0X4)
3000091 microseconds
timeout
[ 2016-10-27 0:57:23]Process 32567 termed with signal 14(SIGALRM)
PT_F32-1_bit_1-100 Test Num : 61
Inject into ../bin/hello
----- Type : 1_bit_1 Pos : PT_F32 -----
There are 1 faults will be injected in faulttable...
101291 microseconds
Fault on PT_F32(0X0 -> 0X80000000000000)
3000088 microseconds
timeout
[ 2016-10-27 0:57:27]Process 32569 termed with signal 14(SIGALRM)
PT_F32-1_bit_1-100 Test Num : 62
Inject into ../bin/hello
----- Type : 1_bit_1 Pos : PT_F32 -----
There are 1 faults will be injected in faulttable...
101065 microseconds
Fault on PT_F32(0X0 -> 0X8000000000000000)
3000074 microseconds
timeout
[ 2016-10-27 0:57:30]Process 32571 termed with signal 14(SIGALRM)
PT_F32-1_bit_1-100 Test Num : 63
Inject into ../bin/hello
----- Type : 1_bit_1 Pos : PT_F32 -----
There are 1 faults will be injected in faulttable...
101519 microseconds
Fault on PT_F32(0X0 -> 0X800000000000)
3000070 microseconds
timeout
[ 2016-10-27 0:57:33]Process 32573 termed with signal 14(SIGALRM)
PT_F32-1_bit_1-100 Test Num : 64
Inject into ../bin/hello
----- Type : 1_bit_1 Pos : PT_F32 -----
There are 1 faults will be injected in faulttable...
101160 microseconds
Fault on PT_F32(0X0 -> 0X4000000000000000)
3000101 microseconds
timeout
[ 2016-10-27 0:57:36]Process 32575 termed with signal 14(SIGALRM)
PT_F32-1_bit_1-100 Test Num : 65
Inject into ../bin/hello
----- Type : 1_bit_1 Pos : PT_F32 -----
There are 1 faults will be injected in faulttable...
101095 microseconds
Fault on PT_F32(0X0 -> 0X200)
3000131 microseconds
timeout
[ 2016-10-27 0:57:39]Process 32577 termed with signal 14(SIGALRM)
PT_F32-1_bit_1-100 Test Num : 66
Inject into ../bin/hello
----- Type : 1_bit_1 Pos : PT_F32 -----
There are 1 faults will be injected in faulttable...
100348 microseconds
Fault on PT_F32(0X0 -> 0X1000000000000)
3000081 microseconds
timeout
[ 2016-10-27 0:57:42]Process 32579 termed with signal 14(SIGALRM)
PT_F32-1_bit_1-100 Test Num : 67
Inject into ../bin/hello
----- Type : 1_bit_1 Pos : PT_F32 -----
There are 1 faults will be injected in faulttable...
101183 microseconds
Fault on PT_F32(0X0 -> 0X2000)
3000071 microseconds
timeout
[ 2016-10-27 0:57:45]Process 32581 termed with signal 14(SIGALRM)
PT_F32-1_bit_1-100 Test Num : 68
Inject into ../bin/hello
----- Type : 1_bit_1 Pos : PT_F32 -----
There are 1 faults will be injected in faulttable...
101236 microseconds
Fault on PT_F32(0X0 -> 0X2000000000000)
3000091 microseconds
timeout
[ 2016-10-27 0:57:48]Process 32583 termed with signal 14(SIGALRM)
PT_F32-1_bit_1-100 Test Num : 69
Inject into ../bin/hello
----- Type : 1_bit_1 Pos : PT_F32 -----
There are 1 faults will be injected in faulttable...
100854 microseconds
Fault on PT_F32(0X0 -> 0X80000000000000)
3000098 microseconds
timeout
[ 2016-10-27 0:57:51]Process 32585 termed with signal 14(SIGALRM)
PT_F32-1_bit_1-100 Test Num : 70
Inject into ../bin/hello
----- Type : 1_bit_1 Pos : PT_F32 -----
There are 1 faults will be injected in faulttable...
101288 microseconds
Fault on PT_F32(0X0 -> 0X20000)
3000121 microseconds
timeout
[ 2016-10-27 0:57:55]Process 32587 termed with signal 14(SIGALRM)
PT_F32-1_bit_1-100 Test Num : 71
Inject into ../bin/hello
----- Type : 1_bit_1 Pos : PT_F32 -----
There are 1 faults will be injected in faulttable...
100108 microseconds
Fault on PT_F32(0X0 -> 0X2000000000)
3000258 microseconds
timeout
[ 2016-10-27 0:57:58]Process 32589 termed with signal 14(SIGALRM)
PT_F32-1_bit_1-100 Test Num : 72
Inject into ../bin/hello
----- Type : 1_bit_1 Pos : PT_F32 -----
There are 1 faults will be injected in faulttable...
101194 microseconds
Fault on PT_F32(0X0 -> 0X1000000)
3000075 microseconds
timeout
[  2016-10-27 0:58:1]Process 32591 termed with signal 14(SIGALRM)
PT_F32-1_bit_1-100 Test Num : 73
Inject into ../bin/hello
----- Type : 1_bit_1 Pos : PT_F32 -----
There are 1 faults will be injected in faulttable...
101186 microseconds
Fault on PT_F32(0X0 -> 0X200000000000000)
3000154 microseconds
timeout
[  2016-10-27 0:58:4]Process 32593 termed with signal 14(SIGALRM)
PT_F32-1_bit_1-100 Test Num : 74
Inject into ../bin/hello
----- Type : 1_bit_1 Pos : PT_F32 -----
There are 1 faults will be injected in faulttable...
101150 microseconds
Fault on PT_F32(0X0 -> 0X4000)
3000165 microseconds
timeout
[  2016-10-27 0:58:7]Process 32595 termed with signal 14(SIGALRM)
PT_F32-1_bit_1-100 Test Num : 75
Inject into ../bin/hello
----- Type : 1_bit_1 Pos : PT_F32 -----
There are 1 faults will be injected in faulttable...
100287 microseconds
Fault on PT_F32(0X0 -> 0X4000)
3000127 microseconds
timeout
[ 2016-10-27 0:58:10]Process 32597 termed with signal 14(SIGALRM)
PT_F32-1_bit_1-100 Test Num : 76
Inject into ../bin/hello
----- Type : 1_bit_1 Pos : PT_F32 -----
There are 1 faults will be injected in faulttable...
101072 microseconds
Fault on PT_F32(0X0 -> 0X4)
3000116 microseconds
timeout
[ 2016-10-27 0:58:13]Process 32599 termed with signal 14(SIGALRM)
PT_F32-1_bit_1-100 Test Num : 77
Inject into ../bin/hello
----- Type : 1_bit_1 Pos : PT_F32 -----
There are 1 faults will be injected in faulttable...
101449 microseconds
Fault on PT_F32(0X0 -> 0X2)
3000105 microseconds
timeout
[ 2016-10-27 0:58:16]Process 32601 termed with signal 14(SIGALRM)
PT_F32-1_bit_1-100 Test Num : 78
Inject into ../bin/hello
----- Type : 1_bit_1 Pos : PT_F32 -----
There are 1 faults will be injected in faulttable...
101237 microseconds
Fault on PT_F32(0X0 -> 0X1000)
3000075 microseconds
timeout
[ 2016-10-27 0:58:19]Process 32603 termed with signal 14(SIGALRM)
PT_F32-1_bit_1-100 Test Num : 79
Inject into ../bin/hello
----- Type : 1_bit_1 Pos : PT_F32 -----
There are 1 faults will be injected in faulttable...
101191 microseconds
Fault on PT_F32(0X0 -> 0X4000000)
3000204 microseconds
timeout
[ 2016-10-27 0:58:23]Process 32605 termed with signal 14(SIGALRM)
PT_F32-1_bit_1-100 Test Num : 80
Inject into ../bin/hello
----- Type : 1_bit_1 Pos : PT_F32 -----
There are 1 faults will be injected in faulttable...
100963 microseconds
Fault on PT_F32(0X0 -> 0X200000000000)
3000070 microseconds
timeout
[ 2016-10-27 0:58:26]Process 32607 termed with signal 14(SIGALRM)
PT_F32-1_bit_1-100 Test Num : 81
Inject into ../bin/hello
----- Type : 1_bit_1 Pos : PT_F32 -----
There are 1 faults will be injected in faulttable...
101063 microseconds
Fault on PT_F32(0X0 -> 0X400000)
3000068 microseconds
timeout
[ 2016-10-27 0:58:29]Process 32609 termed with signal 14(SIGALRM)
PT_F32-1_bit_1-100 Test Num : 82
Inject into ../bin/hello
----- Type : 1_bit_1 Pos : PT_F32 -----
There are 1 faults will be injected in faulttable...
101123 microseconds
Fault on PT_F32(0X0 -> 0X200)
3000108 microseconds
timeout
[ 2016-10-27 0:58:32]Process 32611 termed with signal 14(SIGALRM)
PT_F32-1_bit_1-100 Test Num : 83
Inject into ../bin/hello
----- Type : 1_bit_1 Pos : PT_F32 -----
There are 1 faults will be injected in faulttable...
101116 microseconds
Fault on PT_F32(0X0 -> 0X200)
3000107 microseconds
timeout
[ 2016-10-27 0:58:35]Process 32613 termed with signal 14(SIGALRM)
PT_F32-1_bit_1-100 Test Num : 84
Inject into ../bin/hello
----- Type : 1_bit_1 Pos : PT_F32 -----
There are 1 faults will be injected in faulttable...
101272 microseconds
Fault on PT_F32(0X0 -> 0X40000000000)
3000094 microseconds
timeout
[ 2016-10-27 0:58:38]Process 32615 termed with signal 14(SIGALRM)
PT_F32-1_bit_1-100 Test Num : 85
Inject into ../bin/hello
----- Type : 1_bit_1 Pos : PT_F32 -----
There are 1 faults will be injected in faulttable...
101010 microseconds
Fault on PT_F32(0X0 -> 0X4000000000)
3000109 microseconds
timeout
[ 2016-10-27 0:58:41]Process 32617 termed with signal 14(SIGALRM)
PT_F32-1_bit_1-100 Test Num : 86
Inject into ../bin/hello
----- Type : 1_bit_1 Pos : PT_F32 -----
There are 1 faults will be injected in faulttable...
101445 microseconds
Fault on PT_F32(0X0 -> 0X20)
3000096 microseconds
timeout
[ 2016-10-27 0:58:44]Process 32619 termed with signal 14(SIGALRM)
PT_F32-1_bit_1-100 Test Num : 87
Inject into ../bin/hello
----- Type : 1_bit_1 Pos : PT_F32 -----
There are 1 faults will be injected in faulttable...
100378 microseconds
Fault on PT_F32(0X0 -> 0X400000000)
3000142 microseconds
timeout
[ 2016-10-27 0:58:47]Process 32621 termed with signal 14(SIGALRM)
PT_F32-1_bit_1-100 Test Num : 88
Inject into ../bin/hello
----- Type : 1_bit_1 Pos : PT_F32 -----
There are 1 faults will be injected in faulttable...
101073 microseconds
Fault on PT_F32(0X0 -> 0X2000000000000000)
3000099 microseconds
timeout
[ 2016-10-27 0:58:51]Process 32623 termed with signal 14(SIGALRM)
PT_F32-1_bit_1-100 Test Num : 89
Inject into ../bin/hello
----- Type : 1_bit_1 Pos : PT_F32 -----
There are 1 faults will be injected in faulttable...
100975 microseconds
Fault on PT_F32(0X0 -> 0X10000000000000)
3000090 microseconds
timeout
[ 2016-10-27 0:58:54]Process 32625 termed with signal 14(SIGALRM)
PT_F32-1_bit_1-100 Test Num : 90
Inject into ../bin/hello
----- Type : 1_bit_1 Pos : PT_F32 -----
There are 1 faults will be injected in faulttable...
101141 microseconds
Fault on PT_F32(0X0 -> 0X10)
3000111 microseconds
timeout
[ 2016-10-27 0:58:57]Process 32627 termed with signal 14(SIGALRM)
PT_F32-1_bit_1-100 Test Num : 91
Inject into ../bin/hello
----- Type : 1_bit_1 Pos : PT_F32 -----
There are 1 faults will be injected in faulttable...
101214 microseconds
Fault on PT_F32(0X0 -> 0X4000)
3000134 microseconds
timeout
[  2016-10-27 0:59:0]Process 32629 termed with signal 14(SIGALRM)
PT_F32-1_bit_1-100 Test Num : 92
Inject into ../bin/hello
----- Type : 1_bit_1 Pos : PT_F32 -----
There are 1 faults will be injected in faulttable...
100100 microseconds
Fault on PT_F32(0X0 -> 0X1000000000000)
3000084 microseconds
timeout
[  2016-10-27 0:59:3]Process 32631 termed with signal 14(SIGALRM)
PT_F32-1_bit_1-100 Test Num : 93
Inject into ../bin/hello
----- Type : 1_bit_1 Pos : PT_F32 -----
There are 1 faults will be injected in faulttable...
100081 microseconds
Fault on PT_F32(0X0 -> 0X8000000000000000)
3000057 microseconds
timeout
[  2016-10-27 0:59:6]Process 32633 termed with signal 14(SIGALRM)
PT_F32-1_bit_1-100 Test Num : 94
Inject into ../bin/hello
----- Type : 1_bit_1 Pos : PT_F32 -----
There are 1 faults will be injected in faulttable...
100998 microseconds
Fault on PT_F32(0X0 -> 0X8000000000)
3000090 microseconds
timeout
[  2016-10-27 0:59:9]Process 32635 termed with signal 14(SIGALRM)
PT_F32-1_bit_1-100 Test Num : 95
Inject into ../bin/hello
----- Type : 1_bit_1 Pos : PT_F32 -----
There are 1 faults will be injected in faulttable...
101367 microseconds
Fault on PT_F32(0X0 -> 0X4000000000000000)
3000070 microseconds
timeout
[ 2016-10-27 0:59:12]Process 32638 termed with signal 14(SIGALRM)
PT_F32-1_bit_1-100 Test Num : 96
Inject into ../bin/hello
----- Type : 1_bit_1 Pos : PT_F32 -----
There are 1 faults will be injected in faulttable...
100958 microseconds
Fault on PT_F32(0X0 -> 0X80000000000000)
3000091 microseconds
timeout
[ 2016-10-27 0:59:15]Process 32640 termed with signal 14(SIGALRM)
PT_F32-1_bit_1-100 Test Num : 97
Inject into ../bin/hello
----- Type : 1_bit_1 Pos : PT_F32 -----
There are 1 faults will be injected in faulttable...
101142 microseconds
Fault on PT_F32(0X0 -> 0X10000)
3000089 microseconds
timeout
[ 2016-10-27 0:59:19]Process 32642 termed with signal 14(SIGALRM)
PT_F32-1_bit_1-100 Test Num : 98
Inject into ../bin/hello
----- Type : 1_bit_1 Pos : PT_F32 -----
There are 1 faults will be injected in faulttable...
101357 microseconds
Fault on PT_F32(0X0 -> 0X800000)
3000107 microseconds
timeout
[ 2016-10-27 0:59:22]Process 32644 termed with signal 14(SIGALRM)
PT_F32-1_bit_1-100 Test Num : 99
Inject into ../bin/hello
----- Type : 1_bit_1 Pos : PT_F32 -----
There are 1 faults will be injected in faulttable...
100126 microseconds
Fault on PT_F32(0X0 -> 0X8000000)
3000126 microseconds
timeout
[ 2016-10-27 0:59:25]Process 32646 termed with signal 14(SIGALRM)
PT_F32-1_bit_1-100 Test Num : 100
Inject into ../bin/hello
----- Type : 1_bit_1 Pos : PT_F32 -----
There are 1 faults will be injected in faulttable...
101096 microseconds
Fault on PT_F32(0X0 -> 0X100000000000000)
3000128 microseconds
timeout
[ 2016-10-27 0:59:28]Process 32648 termed with signal 14(SIGALRM)
