PT_F40-plus_2-250 Test Num : 1
Inject into ../bin/hello
----- Type : plus_2 Pos : PT_F40 -----
There are 1 faults will be injected in faulttable...
100969 microseconds
Fault on PT_F40(0X7f235cd9aee0 -> 0X7f235cd9aee2)
3000076 microseconds
timeout
[ 2016-10-27 12:20:9]Process 24943 termed with signal 14(SIGALRM)
PT_F40-plus_2-250 Test Num : 2
Inject into ../bin/hello
----- Type : plus_2 Pos : PT_F40 -----
There are 1 faults will be injected in faulttable...
101009 microseconds
Fault on PT_F40(0X7f95e73e9ee0 -> 0X7f95e73e9ee2)
3000130 microseconds
timeout
[2016-10-27 12:20:12]Process 24947 termed with signal 14(SIGALRM)
PT_F40-plus_2-250 Test Num : 3
Inject into ../bin/hello
----- Type : plus_2 Pos : PT_F40 -----
There are 1 faults will be injected in faulttable...
101307 microseconds
Fault on PT_F40(0X7f93ff68bee0 -> 0X7f93ff68bee2)
3000096 microseconds
timeout
[2016-10-27 12:20:16]Process 24949 termed with signal 14(SIGALRM)
PT_F40-plus_2-250 Test Num : 4
Inject into ../bin/hello
----- Type : plus_2 Pos : PT_F40 -----
There are 1 faults will be injected in faulttable...
100113 microseconds
Fault on PT_F40(0X7f6d30c87ee0 -> 0X7f6d30c87ee2)
3000072 microseconds
timeout
[2016-10-27 12:20:19]Process 24951 termed with signal 14(SIGALRM)
PT_F40-plus_2-250 Test Num : 5
Inject into ../bin/hello
----- Type : plus_2 Pos : PT_F40 -----
There are 1 faults will be injected in faulttable...
101046 microseconds
Fault on PT_F40(0X7f64f0e56ee0 -> 0X7f64f0e56ee2)
3000110 microseconds
timeout
[2016-10-27 12:20:22]Process 24953 termed with signal 14(SIGALRM)
PT_F40-plus_2-250 Test Num : 6
Inject into ../bin/hello
----- Type : plus_2 Pos : PT_F40 -----
There are 1 faults will be injected in faulttable...
101674 microseconds
Fault on PT_F40(0X7f985589fee0 -> 0X7f985589fee2)
3000122 microseconds
timeout
[2016-10-27 12:20:25]Process 24955 termed with signal 14(SIGALRM)
PT_F40-plus_2-250 Test Num : 7
Inject into ../bin/hello
----- Type : plus_2 Pos : PT_F40 -----
There are 1 faults will be injected in faulttable...
101113 microseconds
Fault on PT_F40(0X7f23722edee0 -> 0X7f23722edee2)
3000140 microseconds
timeout
[2016-10-27 12:20:28]Process 24957 termed with signal 14(SIGALRM)
PT_F40-plus_2-250 Test Num : 8
Inject into ../bin/hello
----- Type : plus_2 Pos : PT_F40 -----
There are 1 faults will be injected in faulttable...
100095 microseconds
Fault on PT_F40(0X7f2678172ee0 -> 0X7f2678172ee2)
3000125 microseconds
timeout
[2016-10-27 12:20:31]Process 24959 termed with signal 14(SIGALRM)
PT_F40-plus_2-250 Test Num : 9
Inject into ../bin/hello
----- Type : plus_2 Pos : PT_F40 -----
There are 1 faults will be injected in faulttable...
100094 microseconds
Fault on PT_F40(0X7f823ee4aee0 -> 0X7f823ee4aee2)
3000108 microseconds
timeout
[2016-10-27 12:20:34]Process 24961 termed with signal 14(SIGALRM)
PT_F40-plus_2-250 Test Num : 10
Inject into ../bin/hello
----- Type : plus_2 Pos : PT_F40 -----
There are 1 faults will be injected in faulttable...
100989 microseconds
Fault on PT_F40(0X7f54db007ee0 -> 0X7f54db007ee2)
3000368 microseconds
timeout
[2016-10-27 12:20:37]Process 24963 termed with signal 14(SIGALRM)
PT_F40-plus_2-250 Test Num : 11
Inject into ../bin/hello
----- Type : plus_2 Pos : PT_F40 -----
There are 1 faults will be injected in faulttable...
101186 microseconds
Fault on PT_F40(0X7fc903c69ee0 -> 0X7fc903c69ee2)
3000170 microseconds
timeout
[2016-10-27 12:20:40]Process 24965 termed with signal 14(SIGALRM)
PT_F40-plus_2-250 Test Num : 12
Inject into ../bin/hello
----- Type : plus_2 Pos : PT_F40 -----
There are 1 faults will be injected in faulttable...
100098 microseconds
Fault on PT_F40(0X7f1633a75ee0 -> 0X7f1633a75ee2)
3000085 microseconds
timeout
[2016-10-27 12:20:44]Process 24967 termed with signal 14(SIGALRM)
PT_F40-plus_2-250 Test Num : 13
Inject into ../bin/hello
----- Type : plus_2 Pos : PT_F40 -----
There are 1 faults will be injected in faulttable...
100145 microseconds
Fault on PT_F40(0X7f0a070b2ee0 -> 0X7f0a070b2ee2)
3000085 microseconds
timeout
[2016-10-27 12:20:47]Process 24969 termed with signal 14(SIGALRM)
PT_F40-plus_2-250 Test Num : 14
Inject into ../bin/hello
----- Type : plus_2 Pos : PT_F40 -----
There are 1 faults will be injected in faulttable...
100944 microseconds
Fault on PT_F40(0X7f3502d4dee0 -> 0X7f3502d4dee2)
3000096 microseconds
timeout
[2016-10-27 12:20:50]Process 24971 termed with signal 14(SIGALRM)
PT_F40-plus_2-250 Test Num : 15
Inject into ../bin/hello
----- Type : plus_2 Pos : PT_F40 -----
There are 1 faults will be injected in faulttable...
101158 microseconds
Fault on PT_F40(0X7f8e58cc2ee0 -> 0X7f8e58cc2ee2)
3000110 microseconds
timeout
[2016-10-27 12:20:53]Process 24973 termed with signal 14(SIGALRM)
PT_F40-plus_2-250 Test Num : 16
Inject into ../bin/hello
----- Type : plus_2 Pos : PT_F40 -----
There are 1 faults will be injected in faulttable...
101193 microseconds
Fault on PT_F40(0X7fc2a13bdee0 -> 0X7fc2a13bdee2)
3000110 microseconds
timeout
[2016-10-27 12:20:56]Process 24975 termed with signal 14(SIGALRM)
PT_F40-plus_2-250 Test Num : 17
Inject into ../bin/hello
----- Type : plus_2 Pos : PT_F40 -----
There are 1 faults will be injected in faulttable...
100080 microseconds
Fault on PT_F40(0X7fb71b73eee0 -> 0X7fb71b73eee2)
3000056 microseconds
timeout
[2016-10-27 12:20:59]Process 24977 termed with signal 14(SIGALRM)
PT_F40-plus_2-250 Test Num : 18
Inject into ../bin/hello
----- Type : plus_2 Pos : PT_F40 -----
There are 1 faults will be injected in faulttable...
101127 microseconds
Fault on PT_F40(0X7f477f521ee0 -> 0X7f477f521ee2)
3000116 microseconds
timeout
[ 2016-10-27 12:21:2]Process 24979 termed with signal 14(SIGALRM)
PT_F40-plus_2-250 Test Num : 19
Inject into ../bin/hello
----- Type : plus_2 Pos : PT_F40 -----
There are 1 faults will be injected in faulttable...
100336 microseconds
Fault on PT_F40(0X7f270e19eee0 -> 0X7f270e19eee2)
3000069 microseconds
timeout
[ 2016-10-27 12:21:5]Process 24981 termed with signal 14(SIGALRM)
PT_F40-plus_2-250 Test Num : 20
Inject into ../bin/hello
----- Type : plus_2 Pos : PT_F40 -----
There are 1 faults will be injected in faulttable...
101217 microseconds
Fault on PT_F40(0X7ff34a97cee0 -> 0X7ff34a97cee2)
3000159 microseconds
timeout
[ 2016-10-27 12:21:8]Process 24983 termed with signal 14(SIGALRM)
PT_F40-plus_2-250 Test Num : 21
Inject into ../bin/hello
----- Type : plus_2 Pos : PT_F40 -----
There are 1 faults will be injected in faulttable...
100178 microseconds
Fault on PT_F40(0X7ff6b244bee0 -> 0X7ff6b244bee2)
3000082 microseconds
timeout
[2016-10-27 12:21:12]Process 24985 termed with signal 14(SIGALRM)
PT_F40-plus_2-250 Test Num : 22
Inject into ../bin/hello
----- Type : plus_2 Pos : PT_F40 -----
There are 1 faults will be injected in faulttable...
101759 microseconds
Fault on PT_F40(0X7f1908a14ee0 -> 0X7f1908a14ee2)
3000127 microseconds
timeout
[2016-10-27 12:21:15]Process 24987 termed with signal 14(SIGALRM)
PT_F40-plus_2-250 Test Num : 23
Inject into ../bin/hello
----- Type : plus_2 Pos : PT_F40 -----
There are 1 faults will be injected in faulttable...
101262 microseconds
Fault on PT_F40(0X7fde9461bee0 -> 0X7fde9461bee2)
3000146 microseconds
timeout
[2016-10-27 12:21:18]Process 24989 termed with signal 14(SIGALRM)
PT_F40-plus_2-250 Test Num : 24
Inject into ../bin/hello
----- Type : plus_2 Pos : PT_F40 -----
There are 1 faults will be injected in faulttable...
101144 microseconds
Fault on PT_F40(0X7f102a096ee0 -> 0X7f102a096ee2)
3000083 microseconds
timeout
[2016-10-27 12:21:21]Process 24991 termed with signal 14(SIGALRM)
PT_F40-plus_2-250 Test Num : 25
Inject into ../bin/hello
----- Type : plus_2 Pos : PT_F40 -----
There are 1 faults will be injected in faulttable...
101116 microseconds
Fault on PT_F40(0X7f44e6cd6ee0 -> 0X7f44e6cd6ee2)
3000117 microseconds
timeout
[2016-10-27 12:21:24]Process 24993 termed with signal 14(SIGALRM)
PT_F40-plus_2-250 Test Num : 26
Inject into ../bin/hello
----- Type : plus_2 Pos : PT_F40 -----
There are 1 faults will be injected in faulttable...
101001 microseconds
Fault on PT_F40(0X7f8002c40ee0 -> 0X7f8002c40ee2)
3000086 microseconds
timeout
[2016-10-27 12:21:27]Process 24995 termed with signal 14(SIGALRM)
PT_F40-plus_2-250 Test Num : 27
Inject into ../bin/hello
----- Type : plus_2 Pos : PT_F40 -----
There are 1 faults will be injected in faulttable...
101175 microseconds
Fault on PT_F40(0X7efd490e6ee0 -> 0X7efd490e6ee2)
3000159 microseconds
timeout
[2016-10-27 12:21:30]Process 24997 termed with signal 14(SIGALRM)
PT_F40-plus_2-250 Test Num : 28
Inject into ../bin/hello
----- Type : plus_2 Pos : PT_F40 -----
There are 1 faults will be injected in faulttable...
101095 microseconds
Fault on PT_F40(0X7fee697f1ee0 -> 0X7fee697f1ee2)
3000084 microseconds
timeout
[2016-10-27 12:21:33]Process 24999 termed with signal 14(SIGALRM)
PT_F40-plus_2-250 Test Num : 29
Inject into ../bin/hello
----- Type : plus_2 Pos : PT_F40 -----
There are 1 faults will be injected in faulttable...
100123 microseconds
Fault on PT_F40(0X7fb163eb7ee0 -> 0X7fb163eb7ee2)
3000104 microseconds
timeout
[2016-10-27 12:21:36]Process 25002 termed with signal 14(SIGALRM)
PT_F40-plus_2-250 Test Num : 30
Inject into ../bin/hello
----- Type : plus_2 Pos : PT_F40 -----
There are 1 faults will be injected in faulttable...
100110 microseconds
Fault on PT_F40(0X7fe12269aee0 -> 0X7fe12269aee2)
3000071 microseconds
timeout
[2016-10-27 12:21:40]Process 25004 termed with signal 14(SIGALRM)
PT_F40-plus_2-250 Test Num : 31
Inject into ../bin/hello
----- Type : plus_2 Pos : PT_F40 -----
There are 1 faults will be injected in faulttable...
101052 microseconds
Fault on PT_F40(0X7f5c3a99bee0 -> 0X7f5c3a99bee2)
3000104 microseconds
timeout
[2016-10-27 12:21:43]Process 25006 termed with signal 14(SIGALRM)
PT_F40-plus_2-250 Test Num : 32
Inject into ../bin/hello
----- Type : plus_2 Pos : PT_F40 -----
There are 1 faults will be injected in faulttable...
101181 microseconds
Fault on PT_F40(0X7fe205a31ee0 -> 0X7fe205a31ee2)
3000135 microseconds
timeout
[2016-10-27 12:21:46]Process 25008 termed with signal 14(SIGALRM)
PT_F40-plus_2-250 Test Num : 33
Inject into ../bin/hello
----- Type : plus_2 Pos : PT_F40 -----
There are 1 faults will be injected in faulttable...
100142 microseconds
Fault on PT_F40(0X7fbe4c225ee0 -> 0X7fbe4c225ee2)
3000101 microseconds
timeout
[2016-10-27 12:21:49]Process 25010 termed with signal 14(SIGALRM)
PT_F40-plus_2-250 Test Num : 34
Inject into ../bin/hello
----- Type : plus_2 Pos : PT_F40 -----
There are 1 faults will be injected in faulttable...
100096 microseconds
Fault on PT_F40(0X7f58bfd2cee0 -> 0X7f58bfd2cee2)
3000118 microseconds
timeout
[2016-10-27 12:21:52]Process 25012 termed with signal 14(SIGALRM)
PT_F40-plus_2-250 Test Num : 35
Inject into ../bin/hello
----- Type : plus_2 Pos : PT_F40 -----
There are 1 faults will be injected in faulttable...
101243 microseconds
Fault on PT_F40(0X7f7a034b1ee0 -> 0X7f7a034b1ee2)
3000079 microseconds
timeout
[2016-10-27 12:21:55]Process 25014 termed with signal 14(SIGALRM)
PT_F40-plus_2-250 Test Num : 36
Inject into ../bin/hello
----- Type : plus_2 Pos : PT_F40 -----
There are 1 faults will be injected in faulttable...
101070 microseconds
Fault on PT_F40(0X7f2d89f45ee0 -> 0X7f2d89f45ee2)
3000102 microseconds
timeout
[2016-10-27 12:21:58]Process 25016 termed with signal 14(SIGALRM)
PT_F40-plus_2-250 Test Num : 37
Inject into ../bin/hello
----- Type : plus_2 Pos : PT_F40 -----
There are 1 faults will be injected in faulttable...
101367 microseconds
Fault on PT_F40(0X7f4cba854ee0 -> 0X7f4cba854ee2)
3000061 microseconds
timeout
[ 2016-10-27 12:22:1]Process 25018 termed with signal 14(SIGALRM)
PT_F40-plus_2-250 Test Num : 38
Inject into ../bin/hello
----- Type : plus_2 Pos : PT_F40 -----
There are 1 faults will be injected in faulttable...
101101 microseconds
Fault on PT_F40(0X7faafe46bee0 -> 0X7faafe46bee2)
3000146 microseconds
timeout
[ 2016-10-27 12:22:4]Process 25020 termed with signal 14(SIGALRM)
PT_F40-plus_2-250 Test Num : 39
Inject into ../bin/hello
----- Type : plus_2 Pos : PT_F40 -----
There are 1 faults will be injected in faulttable...
101148 microseconds
Fault on PT_F40(0X7f9d92232ee0 -> 0X7f9d92232ee2)
3000059 microseconds
timeout
[ 2016-10-27 12:22:8]Process 25022 termed with signal 14(SIGALRM)
PT_F40-plus_2-250 Test Num : 40
Inject into ../bin/hello
----- Type : plus_2 Pos : PT_F40 -----
There are 1 faults will be injected in faulttable...
100997 microseconds
Fault on PT_F40(0X7f7a95478ee0 -> 0X7f7a95478ee2)
3000100 microseconds
timeout
[2016-10-27 12:22:11]Process 25024 termed with signal 14(SIGALRM)
PT_F40-plus_2-250 Test Num : 41
Inject into ../bin/hello
----- Type : plus_2 Pos : PT_F40 -----
There are 1 faults will be injected in faulttable...
100094 microseconds
Fault on PT_F40(0X7fb7720f5ee0 -> 0X7fb7720f5ee2)
3000062 microseconds
timeout
[2016-10-27 12:22:14]Process 25026 termed with signal 14(SIGALRM)
PT_F40-plus_2-250 Test Num : 42
Inject into ../bin/hello
----- Type : plus_2 Pos : PT_F40 -----
There are 1 faults will be injected in faulttable...
101144 microseconds
Fault on PT_F40(0X7ff069fe7ee0 -> 0X7ff069fe7ee2)
3000155 microseconds
timeout
[2016-10-27 12:22:17]Process 25028 termed with signal 14(SIGALRM)
PT_F40-plus_2-250 Test Num : 43
Inject into ../bin/hello
----- Type : plus_2 Pos : PT_F40 -----
There are 1 faults will be injected in faulttable...
101154 microseconds
Fault on PT_F40(0X7fa1c506aee0 -> 0X7fa1c506aee2)
3000092 microseconds
timeout
[2016-10-27 12:22:20]Process 25030 termed with signal 14(SIGALRM)
PT_F40-plus_2-250 Test Num : 44
Inject into ../bin/hello
----- Type : plus_2 Pos : PT_F40 -----
There are 1 faults will be injected in faulttable...
101361 microseconds
Fault on PT_F40(0X7f8caf4b7ee0 -> 0X7f8caf4b7ee2)
3000126 microseconds
timeout
[2016-10-27 12:22:23]Process 25032 termed with signal 14(SIGALRM)
PT_F40-plus_2-250 Test Num : 45
Inject into ../bin/hello
----- Type : plus_2 Pos : PT_F40 -----
There are 1 faults will be injected in faulttable...
101107 microseconds
Fault on PT_F40(0X7fe745f40ee0 -> 0X7fe745f40ee2)
3000133 microseconds
timeout
[2016-10-27 12:22:26]Process 25034 termed with signal 14(SIGALRM)
PT_F40-plus_2-250 Test Num : 46
Inject into ../bin/hello
----- Type : plus_2 Pos : PT_F40 -----
There are 1 faults will be injected in faulttable...
101161 microseconds
Fault on PT_F40(0X7f291817dee0 -> 0X7f291817dee2)
3000162 microseconds
timeout
[2016-10-27 12:22:29]Process 25036 termed with signal 14(SIGALRM)
PT_F40-plus_2-250 Test Num : 47
Inject into ../bin/hello
----- Type : plus_2 Pos : PT_F40 -----
There are 1 faults will be injected in faulttable...
101408 microseconds
Fault on PT_F40(0X7f9e2aeb9ee0 -> 0X7f9e2aeb9ee2)
3000071 microseconds
timeout
[2016-10-27 12:22:32]Process 25038 termed with signal 14(SIGALRM)
PT_F40-plus_2-250 Test Num : 48
Inject into ../bin/hello
----- Type : plus_2 Pos : PT_F40 -----
There are 1 faults will be injected in faulttable...
102121 microseconds
Fault on PT_F40(0X7f6bff444ee0 -> 0X7f6bff444ee2)
3000780 microseconds
timeout
[2016-10-27 12:22:36]Process 25040 termed with signal 14(SIGALRM)
PT_F40-plus_2-250 Test Num : 49
Inject into ../bin/hello
----- Type : plus_2 Pos : PT_F40 -----
There are 1 faults will be injected in faulttable...
101214 microseconds
Fault on PT_F40(0X7f995b6deee0 -> 0X7f995b6deee2)
3000091 microseconds
timeout
[2016-10-27 12:22:39]Process 25042 termed with signal 14(SIGALRM)
PT_F40-plus_2-250 Test Num : 50
Inject into ../bin/hello
----- Type : plus_2 Pos : PT_F40 -----
There are 1 faults will be injected in faulttable...
101515 microseconds
Fault on PT_F40(0X7fd5719e3ee0 -> 0X7fd5719e3ee2)
3000136 microseconds
timeout
[2016-10-27 12:22:42]Process 25044 termed with signal 14(SIGALRM)
PT_F40-plus_2-250 Test Num : 51
Inject into ../bin/hello
----- Type : plus_2 Pos : PT_F40 -----
There are 1 faults will be injected in faulttable...
101182 microseconds
Fault on PT_F40(0X7f64ddabaee0 -> 0X7f64ddabaee2)
3000158 microseconds
timeout
[2016-10-27 12:22:45]Process 25046 termed with signal 14(SIGALRM)
PT_F40-plus_2-250 Test Num : 52
Inject into ../bin/hello
----- Type : plus_2 Pos : PT_F40 -----
There are 1 faults will be injected in faulttable...
100110 microseconds
Fault on PT_F40(0X7fc26a51fee0 -> 0X7fc26a51fee2)
3000088 microseconds
timeout
[2016-10-27 12:22:48]Process 25048 termed with signal 14(SIGALRM)
PT_F40-plus_2-250 Test Num : 53
Inject into ../bin/hello
----- Type : plus_2 Pos : PT_F40 -----
There are 1 faults will be injected in faulttable...
101414 microseconds
Fault on PT_F40(0X7f2855227ee0 -> 0X7f2855227ee2)
3000115 microseconds
timeout
[2016-10-27 12:22:51]Process 25050 termed with signal 14(SIGALRM)
PT_F40-plus_2-250 Test Num : 54
Inject into ../bin/hello
----- Type : plus_2 Pos : PT_F40 -----
There are 1 faults will be injected in faulttable...
101086 microseconds
Fault on PT_F40(0X7fcceb1a0ee0 -> 0X7fcceb1a0ee2)
3000185 microseconds
timeout
[2016-10-27 12:22:54]Process 25052 termed with signal 14(SIGALRM)
PT_F40-plus_2-250 Test Num : 55
Inject into ../bin/hello
----- Type : plus_2 Pos : PT_F40 -----
There are 1 faults will be injected in faulttable...
101212 microseconds
Fault on PT_F40(0X7f98bfd49ee0 -> 0X7f98bfd49ee2)
3000100 microseconds
timeout
[2016-10-27 12:22:57]Process 25054 termed with signal 14(SIGALRM)
PT_F40-plus_2-250 Test Num : 56
Inject into ../bin/hello
----- Type : plus_2 Pos : PT_F40 -----
There are 1 faults will be injected in faulttable...
101000 microseconds
Fault on PT_F40(0X7fa1a80c2ee0 -> 0X7fa1a80c2ee2)
3000095 microseconds
timeout
[ 2016-10-27 12:23:0]Process 25056 termed with signal 14(SIGALRM)
PT_F40-plus_2-250 Test Num : 57
Inject into ../bin/hello
----- Type : plus_2 Pos : PT_F40 -----
There are 1 faults will be injected in faulttable...
101083 microseconds
Fault on PT_F40(0X7fb207111ee0 -> 0X7fb207111ee2)
3000122 microseconds
timeout
[ 2016-10-27 12:23:4]Process 25058 termed with signal 14(SIGALRM)
PT_F40-plus_2-250 Test Num : 58
Inject into ../bin/hello
----- Type : plus_2 Pos : PT_F40 -----
There are 1 faults will be injected in faulttable...
101084 microseconds
Fault on PT_F40(0X7f4c81eacee0 -> 0X7f4c81eacee2)
3000101 microseconds
timeout
[ 2016-10-27 12:23:7]Process 25060 termed with signal 14(SIGALRM)
PT_F40-plus_2-250 Test Num : 59
Inject into ../bin/hello
----- Type : plus_2 Pos : PT_F40 -----
There are 1 faults will be injected in faulttable...
101153 microseconds
Fault on PT_F40(0X7f6be20c7ee0 -> 0X7f6be20c7ee2)
3000106 microseconds
timeout
[2016-10-27 12:23:10]Process 25062 termed with signal 14(SIGALRM)
PT_F40-plus_2-250 Test Num : 60
Inject into ../bin/hello
----- Type : plus_2 Pos : PT_F40 -----
There are 1 faults will be injected in faulttable...
100962 microseconds
Fault on PT_F40(0X7fa1c8270ee0 -> 0X7fa1c8270ee2)
3000101 microseconds
timeout
[2016-10-27 12:23:13]Process 25064 termed with signal 14(SIGALRM)
PT_F40-plus_2-250 Test Num : 61
Inject into ../bin/hello
----- Type : plus_2 Pos : PT_F40 -----
There are 1 faults will be injected in faulttable...
101416 microseconds
Fault on PT_F40(0X7fb5715b1ee0 -> 0X7fb5715b1ee2)
3000062 microseconds
timeout
[2016-10-27 12:23:16]Process 25066 termed with signal 14(SIGALRM)
PT_F40-plus_2-250 Test Num : 62
Inject into ../bin/hello
----- Type : plus_2 Pos : PT_F40 -----
There are 1 faults will be injected in faulttable...
101225 microseconds
Fault on PT_F40(0X7f050d45eee0 -> 0X7f050d45eee2)
3000100 microseconds
timeout
[2016-10-27 12:23:19]Process 25068 termed with signal 14(SIGALRM)
PT_F40-plus_2-250 Test Num : 63
Inject into ../bin/hello
----- Type : plus_2 Pos : PT_F40 -----
There are 1 faults will be injected in faulttable...
101514 microseconds
Fault on PT_F40(0X7fc4417d5ee0 -> 0X7fc4417d5ee2)
3000070 microseconds
timeout
[2016-10-27 12:23:22]Process 25070 termed with signal 14(SIGALRM)
PT_F40-plus_2-250 Test Num : 64
Inject into ../bin/hello
----- Type : plus_2 Pos : PT_F40 -----
There are 1 faults will be injected in faulttable...
101140 microseconds
Fault on PT_F40(0X7f0126fb9ee0 -> 0X7f0126fb9ee2)
3000134 microseconds
timeout
[2016-10-27 12:23:25]Process 25072 termed with signal 14(SIGALRM)
PT_F40-plus_2-250 Test Num : 65
Inject into ../bin/hello
----- Type : plus_2 Pos : PT_F40 -----
There are 1 faults will be injected in faulttable...
101483 microseconds
Fault on PT_F40(0X7f68f0fdfee0 -> 0X7f68f0fdfee2)
3000106 microseconds
timeout
[2016-10-27 12:23:28]Process 25074 termed with signal 14(SIGALRM)
PT_F40-plus_2-250 Test Num : 66
Inject into ../bin/hello
----- Type : plus_2 Pos : PT_F40 -----
There are 1 faults will be injected in faulttable...
100080 microseconds
Fault on PT_F40(0X7fd7891fdee0 -> 0X7fd7891fdee2)
3000093 microseconds
timeout
[2016-10-27 12:23:32]Process 25076 termed with signal 14(SIGALRM)
PT_F40-plus_2-250 Test Num : 67
Inject into ../bin/hello
----- Type : plus_2 Pos : PT_F40 -----
There are 1 faults will be injected in faulttable...
100990 microseconds
Fault on PT_F40(0X7ff65ace7ee0 -> 0X7ff65ace7ee2)
3000122 microseconds
timeout
[2016-10-27 12:23:35]Process 25078 termed with signal 14(SIGALRM)
PT_F40-plus_2-250 Test Num : 68
Inject into ../bin/hello
----- Type : plus_2 Pos : PT_F40 -----
There are 1 faults will be injected in faulttable...
101232 microseconds
Fault on PT_F40(0X7f0142229ee0 -> 0X7f0142229ee2)
3000116 microseconds
timeout
[2016-10-27 12:23:38]Process 25080 termed with signal 14(SIGALRM)
PT_F40-plus_2-250 Test Num : 69
Inject into ../bin/hello
----- Type : plus_2 Pos : PT_F40 -----
There are 1 faults will be injected in faulttable...
101823 microseconds
Fault on PT_F40(0X7f032dcafee0 -> 0X7f032dcafee2)
3000090 microseconds
timeout
[2016-10-27 12:23:41]Process 25082 termed with signal 14(SIGALRM)
PT_F40-plus_2-250 Test Num : 70
Inject into ../bin/hello
----- Type : plus_2 Pos : PT_F40 -----
There are 1 faults will be injected in faulttable...
101094 microseconds
Fault on PT_F40(0X7f919d85aee0 -> 0X7f919d85aee2)
3000102 microseconds
timeout
[2016-10-27 12:23:44]Process 25084 termed with signal 14(SIGALRM)
PT_F40-plus_2-250 Test Num : 71
Inject into ../bin/hello
----- Type : plus_2 Pos : PT_F40 -----
There are 1 faults will be injected in faulttable...
101226 microseconds
Fault on PT_F40(0X7f35e0da4ee0 -> 0X7f35e0da4ee2)
3000140 microseconds
timeout
[2016-10-27 12:23:47]Process 25086 termed with signal 14(SIGALRM)
PT_F40-plus_2-250 Test Num : 72
Inject into ../bin/hello
----- Type : plus_2 Pos : PT_F40 -----
There are 1 faults will be injected in faulttable...
100989 microseconds
Fault on PT_F40(0X7f2a533c2ee0 -> 0X7f2a533c2ee2)
3000125 microseconds
timeout
[2016-10-27 12:23:50]Process 25088 termed with signal 14(SIGALRM)
PT_F40-plus_2-250 Test Num : 73
Inject into ../bin/hello
----- Type : plus_2 Pos : PT_F40 -----
There are 1 faults will be injected in faulttable...
101130 microseconds
Fault on PT_F40(0X7f40ca371ee0 -> 0X7f40ca371ee2)
3000309 microseconds
timeout
[2016-10-27 12:23:53]Process 25090 termed with signal 14(SIGALRM)
PT_F40-plus_2-250 Test Num : 74
Inject into ../bin/hello
----- Type : plus_2 Pos : PT_F40 -----
There are 1 faults will be injected in faulttable...
101233 microseconds
Fault on PT_F40(0X7f5f02e12ee0 -> 0X7f5f02e12ee2)
3000131 microseconds
timeout
[2016-10-27 12:23:57]Process 25092 termed with signal 14(SIGALRM)
PT_F40-plus_2-250 Test Num : 75
Inject into ../bin/hello
----- Type : plus_2 Pos : PT_F40 -----
There are 1 faults will be injected in faulttable...
101204 microseconds
Fault on PT_F40(0X7ff5ca371ee0 -> 0X7ff5ca371ee2)
3000130 microseconds
timeout
[ 2016-10-27 12:24:0]Process 25094 termed with signal 14(SIGALRM)
PT_F40-plus_2-250 Test Num : 76
Inject into ../bin/hello
----- Type : plus_2 Pos : PT_F40 -----
There are 1 faults will be injected in faulttable...
100277 microseconds
Fault on PT_F40(0X7f535eadfee0 -> 0X7f535eadfee2)
3000122 microseconds
timeout
[ 2016-10-27 12:24:3]Process 25096 termed with signal 14(SIGALRM)
PT_F40-plus_2-250 Test Num : 77
Inject into ../bin/hello
----- Type : plus_2 Pos : PT_F40 -----
There are 1 faults will be injected in faulttable...
101109 microseconds
Fault on PT_F40(0X7fe998917ee0 -> 0X7fe998917ee2)
3000099 microseconds
timeout
[ 2016-10-27 12:24:6]Process 25098 termed with signal 14(SIGALRM)
PT_F40-plus_2-250 Test Num : 78
Inject into ../bin/hello
----- Type : plus_2 Pos : PT_F40 -----
There are 1 faults will be injected in faulttable...
100115 microseconds
Fault on PT_F40(0X7f7837675ee0 -> 0X7f7837675ee2)
3000132 microseconds
timeout
[ 2016-10-27 12:24:9]Process 25100 termed with signal 14(SIGALRM)
PT_F40-plus_2-250 Test Num : 79
Inject into ../bin/hello
----- Type : plus_2 Pos : PT_F40 -----
There are 1 faults will be injected in faulttable...
100108 microseconds
Fault on PT_F40(0X7f79f85c4ee0 -> 0X7f79f85c4ee2)
3000060 microseconds
timeout
[2016-10-27 12:24:12]Process 25102 termed with signal 14(SIGALRM)
PT_F40-plus_2-250 Test Num : 80
Inject into ../bin/hello
----- Type : plus_2 Pos : PT_F40 -----
There are 1 faults will be injected in faulttable...
101140 microseconds
Fault on PT_F40(0X7f1ca2dafee0 -> 0X7f1ca2dafee2)
3000130 microseconds
timeout
[2016-10-27 12:24:15]Process 25104 termed with signal 14(SIGALRM)
PT_F40-plus_2-250 Test Num : 81
Inject into ../bin/hello
----- Type : plus_2 Pos : PT_F40 -----
There are 1 faults will be injected in faulttable...
101164 microseconds
Fault on PT_F40(0X7f18d5947ee0 -> 0X7f18d5947ee2)
3000132 microseconds
timeout
[2016-10-27 12:24:18]Process 25106 termed with signal 14(SIGALRM)
PT_F40-plus_2-250 Test Num : 82
Inject into ../bin/hello
----- Type : plus_2 Pos : PT_F40 -----
There are 1 faults will be injected in faulttable...
101053 microseconds
Fault on PT_F40(0X7f356fcc9ee0 -> 0X7f356fcc9ee2)
3000108 microseconds
timeout
[2016-10-27 12:24:21]Process 25108 termed with signal 14(SIGALRM)
PT_F40-plus_2-250 Test Num : 83
Inject into ../bin/hello
----- Type : plus_2 Pos : PT_F40 -----
There are 1 faults will be injected in faulttable...
101473 microseconds
Fault on PT_F40(0X7f2b1440aee0 -> 0X7f2b1440aee2)
3000077 microseconds
timeout
[2016-10-27 12:24:25]Process 25110 termed with signal 14(SIGALRM)
PT_F40-plus_2-250 Test Num : 84
Inject into ../bin/hello
----- Type : plus_2 Pos : PT_F40 -----
There are 1 faults will be injected in faulttable...
100976 microseconds
Fault on PT_F40(0X7fc325921ee0 -> 0X7fc325921ee2)
3000109 microseconds
timeout
[2016-10-27 12:24:28]Process 25112 termed with signal 14(SIGALRM)
PT_F40-plus_2-250 Test Num : 85
Inject into ../bin/hello
----- Type : plus_2 Pos : PT_F40 -----
There are 1 faults will be injected in faulttable...
101422 microseconds
Fault on PT_F40(0X7fb4c7ed8ee0 -> 0X7fb4c7ed8ee2)
3000072 microseconds
timeout
[2016-10-27 12:24:31]Process 25114 termed with signal 14(SIGALRM)
PT_F40-plus_2-250 Test Num : 86
Inject into ../bin/hello
----- Type : plus_2 Pos : PT_F40 -----
There are 1 faults will be injected in faulttable...
100946 microseconds
Fault on PT_F40(0X7f023d373ee0 -> 0X7f023d373ee2)
3000090 microseconds
timeout
[2016-10-27 12:24:34]Process 25116 termed with signal 14(SIGALRM)
PT_F40-plus_2-250 Test Num : 87
Inject into ../bin/hello
----- Type : plus_2 Pos : PT_F40 -----
There are 1 faults will be injected in faulttable...
100333 microseconds
Fault on PT_F40(0X7faabff58ee0 -> 0X7faabff58ee2)
3000068 microseconds
timeout
[2016-10-27 12:24:37]Process 25118 termed with signal 14(SIGALRM)
PT_F40-plus_2-250 Test Num : 88
Inject into ../bin/hello
----- Type : plus_2 Pos : PT_F40 -----
There are 1 faults will be injected in faulttable...
100987 microseconds
Fault on PT_F40(0X7fc3c65a4ee0 -> 0X7fc3c65a4ee2)
3000090 microseconds
timeout
[2016-10-27 12:24:40]Process 25120 termed with signal 14(SIGALRM)
PT_F40-plus_2-250 Test Num : 89
Inject into ../bin/hello
----- Type : plus_2 Pos : PT_F40 -----
There are 1 faults will be injected in faulttable...
101031 microseconds
Fault on PT_F40(0X7f4989558ee0 -> 0X7f4989558ee2)
3000123 microseconds
timeout
[2016-10-27 12:24:43]Process 25122 termed with signal 14(SIGALRM)
PT_F40-plus_2-250 Test Num : 90
Inject into ../bin/hello
----- Type : plus_2 Pos : PT_F40 -----
There are 1 faults will be injected in faulttable...
100141 microseconds
Fault on PT_F40(0X7fdb8933eee0 -> 0X7fdb8933eee2)
3000098 microseconds
timeout
[2016-10-27 12:24:46]Process 25124 termed with signal 14(SIGALRM)
PT_F40-plus_2-250 Test Num : 91
Inject into ../bin/hello
----- Type : plus_2 Pos : PT_F40 -----
There are 1 faults will be injected in faulttable...
101056 microseconds
Fault on PT_F40(0X7ffb3432bee0 -> 0X7ffb3432bee2)
3000156 microseconds
timeout
[2016-10-27 12:24:49]Process 25126 termed with signal 14(SIGALRM)
PT_F40-plus_2-250 Test Num : 92
Inject into ../bin/hello
----- Type : plus_2 Pos : PT_F40 -----
There are 1 faults will be injected in faulttable...
101551 microseconds
Fault on PT_F40(0X7fa66dc64ee0 -> 0X7fa66dc64ee2)
3000116 microseconds
timeout
[2016-10-27 12:24:53]Process 25128 termed with signal 14(SIGALRM)
PT_F40-plus_2-250 Test Num : 93
Inject into ../bin/hello
----- Type : plus_2 Pos : PT_F40 -----
There are 1 faults will be injected in faulttable...
100199 microseconds
Fault on PT_F40(0X7f723792bee0 -> 0X7f723792bee2)
3000080 microseconds
timeout
[2016-10-27 12:24:56]Process 25130 termed with signal 14(SIGALRM)
PT_F40-plus_2-250 Test Num : 94
Inject into ../bin/hello
----- Type : plus_2 Pos : PT_F40 -----
There are 1 faults will be injected in faulttable...
101075 microseconds
Fault on PT_F40(0X7ffb6491dee0 -> 0X7ffb6491dee2)
3000087 microseconds
timeout
[2016-10-27 12:24:59]Process 25132 termed with signal 14(SIGALRM)
PT_F40-plus_2-250 Test Num : 95
Inject into ../bin/hello
----- Type : plus_2 Pos : PT_F40 -----
There are 1 faults will be injected in faulttable...
100970 microseconds
Fault on PT_F40(0X7f68ccd2bee0 -> 0X7f68ccd2bee2)
3000082 microseconds
timeout
[ 2016-10-27 12:25:2]Process 25134 termed with signal 14(SIGALRM)
PT_F40-plus_2-250 Test Num : 96
Inject into ../bin/hello
----- Type : plus_2 Pos : PT_F40 -----
There are 1 faults will be injected in faulttable...
101150 microseconds
Fault on PT_F40(0X7fb5fdb1dee0 -> 0X7fb5fdb1dee2)
3000093 microseconds
timeout
[ 2016-10-27 12:25:5]Process 25136 termed with signal 14(SIGALRM)
PT_F40-plus_2-250 Test Num : 97
Inject into ../bin/hello
----- Type : plus_2 Pos : PT_F40 -----
There are 1 faults will be injected in faulttable...
100913 microseconds
Fault on PT_F40(0X7f6baee58ee0 -> 0X7f6baee58ee2)
3000095 microseconds
timeout
[ 2016-10-27 12:25:8]Process 25138 termed with signal 14(SIGALRM)
PT_F40-plus_2-250 Test Num : 98
Inject into ../bin/hello
----- Type : plus_2 Pos : PT_F40 -----
There are 1 faults will be injected in faulttable...
101061 microseconds
Fault on PT_F40(0X7fc0b9949ee0 -> 0X7fc0b9949ee2)
3000111 microseconds
timeout
[2016-10-27 12:25:11]Process 25140 termed with signal 14(SIGALRM)
PT_F40-plus_2-250 Test Num : 99
Inject into ../bin/hello
----- Type : plus_2 Pos : PT_F40 -----
There are 1 faults will be injected in faulttable...
101367 microseconds
Fault on PT_F40(0X7fcce38e1ee0 -> 0X7fcce38e1ee2)
3000087 microseconds
timeout
[2016-10-27 12:25:14]Process 25142 termed with signal 14(SIGALRM)
PT_F40-plus_2-250 Test Num : 100
Inject into ../bin/hello
----- Type : plus_2 Pos : PT_F40 -----
There are 1 faults will be injected in faulttable...
101226 microseconds
Fault on PT_F40(0X7f48c80e0ee0 -> 0X7f48c80e0ee2)
3000147 microseconds
timeout
[2016-10-27 12:25:17]Process 25144 termed with signal 14(SIGALRM)
PT_F40-plus_2-250 Test Num : 101
Inject into ../bin/hello
----- Type : plus_2 Pos : PT_F40 -----
There are 1 faults will be injected in faulttable...
100335 microseconds
Fault on PT_F40(0X7f12a5ae8ee0 -> 0X7f12a5ae8ee2)
3000100 microseconds
timeout
[2016-10-27 12:25:21]Process 25146 termed with signal 14(SIGALRM)
PT_F40-plus_2-250 Test Num : 102
Inject into ../bin/hello
----- Type : plus_2 Pos : PT_F40 -----
There are 1 faults will be injected in faulttable...
101229 microseconds
Fault on PT_F40(0X7f024fa0dee0 -> 0X7f024fa0dee2)
3000170 microseconds
timeout
[2016-10-27 12:25:24]Process 25148 termed with signal 14(SIGALRM)
PT_F40-plus_2-250 Test Num : 103
Inject into ../bin/hello
----- Type : plus_2 Pos : PT_F40 -----
There are 1 faults will be injected in faulttable...
101396 microseconds
Fault on PT_F40(0X7f02cb745ee0 -> 0X7f02cb745ee2)
3000108 microseconds
timeout
[2016-10-27 12:25:27]Process 25150 termed with signal 14(SIGALRM)
PT_F40-plus_2-250 Test Num : 104
Inject into ../bin/hello
----- Type : plus_2 Pos : PT_F40 -----
There are 1 faults will be injected in faulttable...
101113 microseconds
Fault on PT_F40(0X7f6f62739ee0 -> 0X7f6f62739ee2)
3000214 microseconds
timeout
[2016-10-27 12:25:30]Process 25152 termed with signal 14(SIGALRM)
PT_F40-plus_2-250 Test Num : 105
Inject into ../bin/hello
----- Type : plus_2 Pos : PT_F40 -----
There are 1 faults will be injected in faulttable...
100145 microseconds
Fault on PT_F40(0X7ff0471c8ee0 -> 0X7ff0471c8ee2)
3000104 microseconds
timeout
[2016-10-27 12:25:33]Process 25154 termed with signal 14(SIGALRM)
PT_F40-plus_2-250 Test Num : 106
Inject into ../bin/hello
----- Type : plus_2 Pos : PT_F40 -----
There are 1 faults will be injected in faulttable...
101147 microseconds
Fault on PT_F40(0X7f69ecc7bee0 -> 0X7f69ecc7bee2)
3000088 microseconds
timeout
[2016-10-27 12:25:36]Process 25156 termed with signal 14(SIGALRM)
PT_F40-plus_2-250 Test Num : 107
Inject into ../bin/hello
----- Type : plus_2 Pos : PT_F40 -----
There are 1 faults will be injected in faulttable...
101145 microseconds
Fault on PT_F40(0X7fec14f54ee0 -> 0X7fec14f54ee2)
3000124 microseconds
timeout
[2016-10-27 12:25:39]Process 25158 termed with signal 14(SIGALRM)
PT_F40-plus_2-250 Test Num : 108
Inject into ../bin/hello
----- Type : plus_2 Pos : PT_F40 -----
There are 1 faults will be injected in faulttable...
100115 microseconds
Fault on PT_F40(0X7f4e931f4ee0 -> 0X7f4e931f4ee2)
3000079 microseconds
timeout
[2016-10-27 12:25:42]Process 25160 termed with signal 14(SIGALRM)
PT_F40-plus_2-250 Test Num : 109
Inject into ../bin/hello
----- Type : plus_2 Pos : PT_F40 -----
There are 1 faults will be injected in faulttable...
100261 microseconds
Fault on PT_F40(0X7fa0ded9bee0 -> 0X7fa0ded9bee2)
3000053 microseconds
timeout
[2016-10-27 12:25:45]Process 25162 termed with signal 14(SIGALRM)
PT_F40-plus_2-250 Test Num : 110
Inject into ../bin/hello
----- Type : plus_2 Pos : PT_F40 -----
There are 1 faults will be injected in faulttable...
100959 microseconds
Fault on PT_F40(0X7f646d0e1ee0 -> 0X7f646d0e1ee2)
3000160 microseconds
timeout
[2016-10-27 12:25:49]Process 25164 termed with signal 14(SIGALRM)
PT_F40-plus_2-250 Test Num : 111
Inject into ../bin/hello
----- Type : plus_2 Pos : PT_F40 -----
There are 1 faults will be injected in faulttable...
101191 microseconds
Fault on PT_F40(0X7f0d8bff3ee0 -> 0X7f0d8bff3ee2)
3000105 microseconds
timeout
[2016-10-27 12:25:52]Process 25166 termed with signal 14(SIGALRM)
PT_F40-plus_2-250 Test Num : 112
Inject into ../bin/hello
----- Type : plus_2 Pos : PT_F40 -----
There are 1 faults will be injected in faulttable...
100152 microseconds
Fault on PT_F40(0X7efe3e360ee0 -> 0X7efe3e360ee2)
3000107 microseconds
timeout
[2016-10-27 12:25:55]Process 25168 termed with signal 14(SIGALRM)
PT_F40-plus_2-250 Test Num : 113
Inject into ../bin/hello
----- Type : plus_2 Pos : PT_F40 -----
There are 1 faults will be injected in faulttable...
100988 microseconds
Fault on PT_F40(0X7f54c0e0eee0 -> 0X7f54c0e0eee2)
3000117 microseconds
timeout
[2016-10-27 12:25:58]Process 25170 termed with signal 14(SIGALRM)
PT_F40-plus_2-250 Test Num : 114
Inject into ../bin/hello
----- Type : plus_2 Pos : PT_F40 -----
There are 1 faults will be injected in faulttable...
101018 microseconds
Fault on PT_F40(0X7f587c5a0ee0 -> 0X7f587c5a0ee2)
3000144 microseconds
timeout
[ 2016-10-27 12:26:1]Process 25172 termed with signal 14(SIGALRM)
PT_F40-plus_2-250 Test Num : 115
Inject into ../bin/hello
----- Type : plus_2 Pos : PT_F40 -----
There are 1 faults will be injected in faulttable...
100982 microseconds
Fault on PT_F40(0X7f43e345eee0 -> 0X7f43e345eee2)
3000120 microseconds
timeout
[ 2016-10-27 12:26:4]Process 25174 termed with signal 14(SIGALRM)
PT_F40-plus_2-250 Test Num : 116
Inject into ../bin/hello
----- Type : plus_2 Pos : PT_F40 -----
There are 1 faults will be injected in faulttable...
101480 microseconds
Fault on PT_F40(0X7f67e1679ee0 -> 0X7f67e1679ee2)
3000086 microseconds
timeout
[ 2016-10-27 12:26:7]Process 25176 termed with signal 14(SIGALRM)
PT_F40-plus_2-250 Test Num : 117
Inject into ../bin/hello
----- Type : plus_2 Pos : PT_F40 -----
There are 1 faults will be injected in faulttable...
101170 microseconds
Fault on PT_F40(0X7f212a073ee0 -> 0X7f212a073ee2)
3000101 microseconds
timeout
[2016-10-27 12:26:10]Process 25178 termed with signal 14(SIGALRM)
PT_F40-plus_2-250 Test Num : 118
Inject into ../bin/hello
----- Type : plus_2 Pos : PT_F40 -----
There are 1 faults will be injected in faulttable...
100947 microseconds
Fault on PT_F40(0X7f09a9a34ee0 -> 0X7f09a9a34ee2)
3000064 microseconds
timeout
[2016-10-27 12:26:13]Process 25180 termed with signal 14(SIGALRM)
PT_F40-plus_2-250 Test Num : 119
Inject into ../bin/hello
----- Type : plus_2 Pos : PT_F40 -----
There are 1 faults will be injected in faulttable...
101017 microseconds
Fault on PT_F40(0X7fa632a3bee0 -> 0X7fa632a3bee2)
3000134 microseconds
timeout
[2016-10-27 12:26:17]Process 25182 termed with signal 14(SIGALRM)
PT_F40-plus_2-250 Test Num : 120
Inject into ../bin/hello
----- Type : plus_2 Pos : PT_F40 -----
There are 1 faults will be injected in faulttable...
101215 microseconds
Fault on PT_F40(0X7fe5b6540ee0 -> 0X7fe5b6540ee2)
3000087 microseconds
timeout
[2016-10-27 12:26:20]Process 25184 termed with signal 14(SIGALRM)
PT_F40-plus_2-250 Test Num : 121
Inject into ../bin/hello
----- Type : plus_2 Pos : PT_F40 -----
There are 1 faults will be injected in faulttable...
101170 microseconds
Fault on PT_F40(0X7f1638f9dee0 -> 0X7f1638f9dee2)
3000138 microseconds
timeout
[2016-10-27 12:26:23]Process 25186 termed with signal 14(SIGALRM)
PT_F40-plus_2-250 Test Num : 122
Inject into ../bin/hello
----- Type : plus_2 Pos : PT_F40 -----
There are 1 faults will be injected in faulttable...
100064 microseconds
Fault on PT_F40(0X7f31323c6ee0 -> 0X7f31323c6ee2)
3000058 microseconds
timeout
[2016-10-27 12:26:26]Process 25188 termed with signal 14(SIGALRM)
PT_F40-plus_2-250 Test Num : 123
Inject into ../bin/hello
----- Type : plus_2 Pos : PT_F40 -----
There are 1 faults will be injected in faulttable...
101028 microseconds
Fault on PT_F40(0X7f7a0b729ee0 -> 0X7f7a0b729ee2)
3000123 microseconds
timeout
[2016-10-27 12:26:29]Process 25190 termed with signal 14(SIGALRM)
PT_F40-plus_2-250 Test Num : 124
Inject into ../bin/hello
----- Type : plus_2 Pos : PT_F40 -----
There are 1 faults will be injected in faulttable...
101185 microseconds
Fault on PT_F40(0X7fa0e4396ee0 -> 0X7fa0e4396ee2)
3000058 microseconds
timeout
[2016-10-27 12:26:32]Process 25192 termed with signal 14(SIGALRM)
PT_F40-plus_2-250 Test Num : 125
Inject into ../bin/hello
----- Type : plus_2 Pos : PT_F40 -----
There are 1 faults will be injected in faulttable...
100111 microseconds
Fault on PT_F40(0X7fda70ff3ee0 -> 0X7fda70ff3ee2)
3000063 microseconds
timeout
[2016-10-27 12:26:35]Process 25195 termed with signal 14(SIGALRM)
PT_F40-plus_2-250 Test Num : 126
Inject into ../bin/hello
----- Type : plus_2 Pos : PT_F40 -----
There are 1 faults will be injected in faulttable...
101062 microseconds
Fault on PT_F40(0X7f2296044ee0 -> 0X7f2296044ee2)
3000108 microseconds
timeout
[2016-10-27 12:26:38]Process 25197 termed with signal 14(SIGALRM)
PT_F40-plus_2-250 Test Num : 127
Inject into ../bin/hello
----- Type : plus_2 Pos : PT_F40 -----
There are 1 faults will be injected in faulttable...
100122 microseconds
Fault on PT_F40(0X7f4f3f611ee0 -> 0X7f4f3f611ee2)
3000118 microseconds
timeout
[2016-10-27 12:26:41]Process 25199 termed with signal 14(SIGALRM)
PT_F40-plus_2-250 Test Num : 128
Inject into ../bin/hello
----- Type : plus_2 Pos : PT_F40 -----
There are 1 faults will be injected in faulttable...
100093 microseconds
Fault on PT_F40(0X7f9853f2bee0 -> 0X7f9853f2bee2)
3000128 microseconds
timeout
[2016-10-27 12:26:45]Process 25201 termed with signal 14(SIGALRM)
PT_F40-plus_2-250 Test Num : 129
Inject into ../bin/hello
----- Type : plus_2 Pos : PT_F40 -----
There are 1 faults will be injected in faulttable...
101518 microseconds
Fault on PT_F40(0X7f3af0b0eee0 -> 0X7f3af0b0eee2)
3000099 microseconds
timeout
[2016-10-27 12:26:48]Process 25203 termed with signal 14(SIGALRM)
PT_F40-plus_2-250 Test Num : 130
Inject into ../bin/hello
----- Type : plus_2 Pos : PT_F40 -----
There are 1 faults will be injected in faulttable...
100933 microseconds
Fault on PT_F40(0X7fa22fe11ee0 -> 0X7fa22fe11ee2)
3000114 microseconds
timeout
[2016-10-27 12:26:51]Process 25205 termed with signal 14(SIGALRM)
PT_F40-plus_2-250 Test Num : 131
Inject into ../bin/hello
----- Type : plus_2 Pos : PT_F40 -----
There are 1 faults will be injected in faulttable...
100071 microseconds
Fault on PT_F40(0X7fb587dcbee0 -> 0X7fb587dcbee2)
3000068 microseconds
timeout
[2016-10-27 12:26:54]Process 25207 termed with signal 14(SIGALRM)
PT_F40-plus_2-250 Test Num : 132
Inject into ../bin/hello
----- Type : plus_2 Pos : PT_F40 -----
There are 1 faults will be injected in faulttable...
101188 microseconds
Fault on PT_F40(0X7fa0ccf1cee0 -> 0X7fa0ccf1cee2)
3000100 microseconds
timeout
[2016-10-27 12:26:57]Process 25209 termed with signal 14(SIGALRM)
PT_F40-plus_2-250 Test Num : 133
Inject into ../bin/hello
----- Type : plus_2 Pos : PT_F40 -----
There are 1 faults will be injected in faulttable...
100984 microseconds
Fault on PT_F40(0X7f8228cc0ee0 -> 0X7f8228cc0ee2)
3000083 microseconds
timeout
[ 2016-10-27 12:27:0]Process 25211 termed with signal 14(SIGALRM)
PT_F40-plus_2-250 Test Num : 134
Inject into ../bin/hello
----- Type : plus_2 Pos : PT_F40 -----
There are 1 faults will be injected in faulttable...
101103 microseconds
Fault on PT_F40(0X7fa3fe074ee0 -> 0X7fa3fe074ee2)
3000134 microseconds
timeout
[ 2016-10-27 12:27:3]Process 25213 termed with signal 14(SIGALRM)
PT_F40-plus_2-250 Test Num : 135
Inject into ../bin/hello
----- Type : plus_2 Pos : PT_F40 -----
There are 1 faults will be injected in faulttable...
101584 microseconds
Fault on PT_F40(0X7f4c93e41ee0 -> 0X7f4c93e41ee2)
3000096 microseconds
timeout
[ 2016-10-27 12:27:6]Process 25215 termed with signal 14(SIGALRM)
PT_F40-plus_2-250 Test Num : 136
Inject into ../bin/hello
----- Type : plus_2 Pos : PT_F40 -----
There are 1 faults will be injected in faulttable...
101041 microseconds
Fault on PT_F40(0X7f30db0cfee0 -> 0X7f30db0cfee2)
3000157 microseconds
timeout
[ 2016-10-27 12:27:9]Process 25217 termed with signal 14(SIGALRM)
PT_F40-plus_2-250 Test Num : 137
Inject into ../bin/hello
----- Type : plus_2 Pos : PT_F40 -----
There are 1 faults will be injected in faulttable...
100329 microseconds
Fault on PT_F40(0X7fd770370ee0 -> 0X7fd770370ee2)
3000105 microseconds
timeout
[2016-10-27 12:27:13]Process 25219 termed with signal 14(SIGALRM)
PT_F40-plus_2-250 Test Num : 138
Inject into ../bin/hello
----- Type : plus_2 Pos : PT_F40 -----
There are 1 faults will be injected in faulttable...
101155 microseconds
Fault on PT_F40(0X7f3476c94ee0 -> 0X7f3476c94ee2)
3000135 microseconds
timeout
[2016-10-27 12:27:16]Process 25221 termed with signal 14(SIGALRM)
PT_F40-plus_2-250 Test Num : 139
Inject into ../bin/hello
----- Type : plus_2 Pos : PT_F40 -----
There are 1 faults will be injected in faulttable...
101028 microseconds
Fault on PT_F40(0X7f5d55d15ee0 -> 0X7f5d55d15ee2)
3000142 microseconds
timeout
[2016-10-27 12:27:19]Process 25223 termed with signal 14(SIGALRM)
PT_F40-plus_2-250 Test Num : 140
Inject into ../bin/hello
----- Type : plus_2 Pos : PT_F40 -----
There are 1 faults will be injected in faulttable...
101124 microseconds
Fault on PT_F40(0X7f4dbf96eee0 -> 0X7f4dbf96eee2)
3000117 microseconds
timeout
[2016-10-27 12:27:22]Process 25225 termed with signal 14(SIGALRM)
PT_F40-plus_2-250 Test Num : 141
Inject into ../bin/hello
----- Type : plus_2 Pos : PT_F40 -----
There are 1 faults will be injected in faulttable...
101122 microseconds
Fault on PT_F40(0X7fce5bfd2ee0 -> 0X7fce5bfd2ee2)
3000084 microseconds
timeout
[2016-10-27 12:27:25]Process 25227 termed with signal 14(SIGALRM)
PT_F40-plus_2-250 Test Num : 142
Inject into ../bin/hello
----- Type : plus_2 Pos : PT_F40 -----
There are 1 faults will be injected in faulttable...
101201 microseconds
Fault on PT_F40(0X7f9307787ee0 -> 0X7f9307787ee2)
3000111 microseconds
timeout
[2016-10-27 12:27:28]Process 25229 termed with signal 14(SIGALRM)
PT_F40-plus_2-250 Test Num : 143
Inject into ../bin/hello
----- Type : plus_2 Pos : PT_F40 -----
There are 1 faults will be injected in faulttable...
101096 microseconds
Fault on PT_F40(0X7fea3f10cee0 -> 0X7fea3f10cee2)
3000078 microseconds
timeout
[2016-10-27 12:27:31]Process 25231 termed with signal 14(SIGALRM)
PT_F40-plus_2-250 Test Num : 144
Inject into ../bin/hello
----- Type : plus_2 Pos : PT_F40 -----
There are 1 faults will be injected in faulttable...
100952 microseconds
Fault on PT_F40(0X7f4c9e3ccee0 -> 0X7f4c9e3ccee2)
3000111 microseconds
timeout
[2016-10-27 12:27:34]Process 25233 termed with signal 14(SIGALRM)
PT_F40-plus_2-250 Test Num : 145
Inject into ../bin/hello
----- Type : plus_2 Pos : PT_F40 -----
There are 1 faults will be injected in faulttable...
100104 microseconds
Fault on PT_F40(0X7f28ce480ee0 -> 0X7f28ce480ee2)
3000061 microseconds
timeout
[2016-10-27 12:27:37]Process 25235 termed with signal 14(SIGALRM)
PT_F40-plus_2-250 Test Num : 146
Inject into ../bin/hello
----- Type : plus_2 Pos : PT_F40 -----
There are 1 faults will be injected in faulttable...
100995 microseconds
Fault on PT_F40(0X7f26dabb7ee0 -> 0X7f26dabb7ee2)
3000143 microseconds
timeout
[2016-10-27 12:27:41]Process 25237 termed with signal 14(SIGALRM)
PT_F40-plus_2-250 Test Num : 147
Inject into ../bin/hello
----- Type : plus_2 Pos : PT_F40 -----
There are 1 faults will be injected in faulttable...
100186 microseconds
Fault on PT_F40(0X7fe43a35eee0 -> 0X7fe43a35eee2)
3000121 microseconds
timeout
[2016-10-27 12:27:44]Process 25239 termed with signal 14(SIGALRM)
PT_F40-plus_2-250 Test Num : 148
Inject into ../bin/hello
----- Type : plus_2 Pos : PT_F40 -----
There are 1 faults will be injected in faulttable...
101113 microseconds
Fault on PT_F40(0X7fe6333f4ee0 -> 0X7fe6333f4ee2)
3000179 microseconds
timeout
[2016-10-27 12:27:47]Process 25241 termed with signal 14(SIGALRM)
PT_F40-plus_2-250 Test Num : 149
Inject into ../bin/hello
----- Type : plus_2 Pos : PT_F40 -----
There are 1 faults will be injected in faulttable...
101430 microseconds
Fault on PT_F40(0X7f7b9ac24ee0 -> 0X7f7b9ac24ee2)
3000085 microseconds
timeout
[2016-10-27 12:27:50]Process 25243 termed with signal 14(SIGALRM)
PT_F40-plus_2-250 Test Num : 150
Inject into ../bin/hello
----- Type : plus_2 Pos : PT_F40 -----
There are 1 faults will be injected in faulttable...
101115 microseconds
Fault on PT_F40(0X7f2c1f1a1ee0 -> 0X7f2c1f1a1ee2)
3000134 microseconds
timeout
[2016-10-27 12:27:53]Process 25245 termed with signal 14(SIGALRM)
PT_F40-plus_2-250 Test Num : 151
Inject into ../bin/hello
----- Type : plus_2 Pos : PT_F40 -----
There are 1 faults will be injected in faulttable...
101091 microseconds
Fault on PT_F40(0X7f3c67976ee0 -> 0X7f3c67976ee2)
3000134 microseconds
timeout
[2016-10-27 12:27:56]Process 25247 termed with signal 14(SIGALRM)
PT_F40-plus_2-250 Test Num : 152
Inject into ../bin/hello
----- Type : plus_2 Pos : PT_F40 -----
There are 1 faults will be injected in faulttable...
100923 microseconds
Fault on PT_F40(0X7f65a54f2ee0 -> 0X7f65a54f2ee2)
3000079 microseconds
timeout
[2016-10-27 12:27:59]Process 25249 termed with signal 14(SIGALRM)
PT_F40-plus_2-250 Test Num : 153
Inject into ../bin/hello
----- Type : plus_2 Pos : PT_F40 -----
There are 1 faults will be injected in faulttable...
101090 microseconds
Fault on PT_F40(0X7feadcfeeee0 -> 0X7feadcfeeee2)
3000108 microseconds
timeout
[ 2016-10-27 12:28:2]Process 25251 termed with signal 14(SIGALRM)
PT_F40-plus_2-250 Test Num : 154
Inject into ../bin/hello
----- Type : plus_2 Pos : PT_F40 -----
There are 1 faults will be injected in faulttable...
100135 microseconds
Fault on PT_F40(0X7fac06cb8ee0 -> 0X7fac06cb8ee2)
3000103 microseconds
timeout
[ 2016-10-27 12:28:5]Process 25253 termed with signal 14(SIGALRM)
PT_F40-plus_2-250 Test Num : 155
Inject into ../bin/hello
----- Type : plus_2 Pos : PT_F40 -----
There are 1 faults will be injected in faulttable...
101718 microseconds
Fault on PT_F40(0X7f3aa68acee0 -> 0X7f3aa68acee2)
3000172 microseconds
timeout
[ 2016-10-27 12:28:9]Process 25255 termed with signal 14(SIGALRM)
PT_F40-plus_2-250 Test Num : 156
Inject into ../bin/hello
----- Type : plus_2 Pos : PT_F40 -----
There are 1 faults will be injected in faulttable...
101178 microseconds
Fault on PT_F40(0X7fe4bc626ee0 -> 0X7fe4bc626ee2)
3000121 microseconds
timeout
[2016-10-27 12:28:12]Process 25257 termed with signal 14(SIGALRM)
PT_F40-plus_2-250 Test Num : 157
Inject into ../bin/hello
----- Type : plus_2 Pos : PT_F40 -----
There are 1 faults will be injected in faulttable...
100972 microseconds
Fault on PT_F40(0X7f4fc413cee0 -> 0X7f4fc413cee2)
3000085 microseconds
timeout
[2016-10-27 12:28:15]Process 25259 termed with signal 14(SIGALRM)
PT_F40-plus_2-250 Test Num : 158
Inject into ../bin/hello
----- Type : plus_2 Pos : PT_F40 -----
There are 1 faults will be injected in faulttable...
100075 microseconds
Fault on PT_F40(0X7ff5e07c2ee0 -> 0X7ff5e07c2ee2)
3000082 microseconds
timeout
[2016-10-27 12:28:18]Process 25261 termed with signal 14(SIGALRM)
PT_F40-plus_2-250 Test Num : 159
Inject into ../bin/hello
----- Type : plus_2 Pos : PT_F40 -----
There are 1 faults will be injected in faulttable...
100069 microseconds
Fault on PT_F40(0X7f79c2d1dee0 -> 0X7f79c2d1dee2)
3000081 microseconds
timeout
[2016-10-27 12:28:21]Process 25263 termed with signal 14(SIGALRM)
PT_F40-plus_2-250 Test Num : 160
Inject into ../bin/hello
----- Type : plus_2 Pos : PT_F40 -----
There are 1 faults will be injected in faulttable...
101051 microseconds
Fault on PT_F40(0X7fabf6fafee0 -> 0X7fabf6fafee2)
3000132 microseconds
timeout
[2016-10-27 12:28:24]Process 25265 termed with signal 14(SIGALRM)
PT_F40-plus_2-250 Test Num : 161
Inject into ../bin/hello
----- Type : plus_2 Pos : PT_F40 -----
There are 1 faults will be injected in faulttable...
101127 microseconds
Fault on PT_F40(0X7f0f23d5aee0 -> 0X7f0f23d5aee2)
3000168 microseconds
timeout
[2016-10-27 12:28:27]Process 25267 termed with signal 14(SIGALRM)
PT_F40-plus_2-250 Test Num : 162
Inject into ../bin/hello
----- Type : plus_2 Pos : PT_F40 -----
There are 1 faults will be injected in faulttable...
101153 microseconds
Fault on PT_F40(0X7fbeea5eaee0 -> 0X7fbeea5eaee2)
3000100 microseconds
timeout
[2016-10-27 12:28:30]Process 25269 termed with signal 14(SIGALRM)
PT_F40-plus_2-250 Test Num : 163
Inject into ../bin/hello
----- Type : plus_2 Pos : PT_F40 -----
There are 1 faults will be injected in faulttable...
101091 microseconds
Fault on PT_F40(0X7fd4b17f4ee0 -> 0X7fd4b17f4ee2)
3000106 microseconds
timeout
[2016-10-27 12:28:33]Process 25271 termed with signal 14(SIGALRM)
PT_F40-plus_2-250 Test Num : 164
Inject into ../bin/hello
----- Type : plus_2 Pos : PT_F40 -----
There are 1 faults will be injected in faulttable...
101146 microseconds
Fault on PT_F40(0X7f25dba5fee0 -> 0X7f25dba5fee2)
3000099 microseconds
timeout
[2016-10-27 12:28:37]Process 25273 termed with signal 14(SIGALRM)
PT_F40-plus_2-250 Test Num : 165
Inject into ../bin/hello
----- Type : plus_2 Pos : PT_F40 -----
There are 1 faults will be injected in faulttable...
100128 microseconds
Fault on PT_F40(0X7f3875df5ee0 -> 0X7f3875df5ee2)
3000097 microseconds
timeout
[2016-10-27 12:28:40]Process 25275 termed with signal 14(SIGALRM)
PT_F40-plus_2-250 Test Num : 166
Inject into ../bin/hello
----- Type : plus_2 Pos : PT_F40 -----
There are 1 faults will be injected in faulttable...
101162 microseconds
Fault on PT_F40(0X7f709ccecee0 -> 0X7f709ccecee2)
3000132 microseconds
timeout
[2016-10-27 12:28:43]Process 25277 termed with signal 14(SIGALRM)
PT_F40-plus_2-250 Test Num : 167
Inject into ../bin/hello
----- Type : plus_2 Pos : PT_F40 -----
There are 1 faults will be injected in faulttable...
101057 microseconds
Fault on PT_F40(0X7f6a61579ee0 -> 0X7f6a61579ee2)
3000081 microseconds
timeout
[2016-10-27 12:28:46]Process 25279 termed with signal 14(SIGALRM)
PT_F40-plus_2-250 Test Num : 168
Inject into ../bin/hello
----- Type : plus_2 Pos : PT_F40 -----
There are 1 faults will be injected in faulttable...
101096 microseconds
Fault on PT_F40(0X7f0ae2ad5ee0 -> 0X7f0ae2ad5ee2)
3000087 microseconds
timeout
[2016-10-27 12:28:49]Process 25281 termed with signal 14(SIGALRM)
PT_F40-plus_2-250 Test Num : 169
Inject into ../bin/hello
----- Type : plus_2 Pos : PT_F40 -----
There are 1 faults will be injected in faulttable...
101023 microseconds
Fault on PT_F40(0X7fde9825cee0 -> 0X7fde9825cee2)
3000111 microseconds
timeout
[2016-10-27 12:28:52]Process 25283 termed with signal 14(SIGALRM)
PT_F40-plus_2-250 Test Num : 170
Inject into ../bin/hello
----- Type : plus_2 Pos : PT_F40 -----
There are 1 faults will be injected in faulttable...
101135 microseconds
Fault on PT_F40(0X7fd0f15f3ee0 -> 0X7fd0f15f3ee2)
3000137 microseconds
timeout
[2016-10-27 12:28:55]Process 25285 termed with signal 14(SIGALRM)
PT_F40-plus_2-250 Test Num : 171
Inject into ../bin/hello
----- Type : plus_2 Pos : PT_F40 -----
There are 1 faults will be injected in faulttable...
101547 microseconds
Fault on PT_F40(0X7fdac7512ee0 -> 0X7fdac7512ee2)
3000133 microseconds
timeout
[2016-10-27 12:28:58]Process 25287 termed with signal 14(SIGALRM)
PT_F40-plus_2-250 Test Num : 172
Inject into ../bin/hello
----- Type : plus_2 Pos : PT_F40 -----
There are 1 faults will be injected in faulttable...
100262 microseconds
Fault on PT_F40(0X7f772a3e4ee0 -> 0X7f772a3e4ee2)
3000097 microseconds
timeout
[ 2016-10-27 12:29:2]Process 25289 termed with signal 14(SIGALRM)
PT_F40-plus_2-250 Test Num : 173
Inject into ../bin/hello
----- Type : plus_2 Pos : PT_F40 -----
There are 1 faults will be injected in faulttable...
101056 microseconds
Fault on PT_F40(0X7fc4a45b2ee0 -> 0X7fc4a45b2ee2)
3000153 microseconds
timeout
[ 2016-10-27 12:29:5]Process 25291 termed with signal 14(SIGALRM)
PT_F40-plus_2-250 Test Num : 174
Inject into ../bin/hello
----- Type : plus_2 Pos : PT_F40 -----
There are 1 faults will be injected in faulttable...
101147 microseconds
Fault on PT_F40(0X7f83ae812ee0 -> 0X7f83ae812ee2)
3000191 microseconds
timeout
[ 2016-10-27 12:29:8]Process 25293 termed with signal 14(SIGALRM)
PT_F40-plus_2-250 Test Num : 175
Inject into ../bin/hello
----- Type : plus_2 Pos : PT_F40 -----
There are 1 faults will be injected in faulttable...
101288 microseconds
Fault on PT_F40(0X7f912440eee0 -> 0X7f912440eee2)
3000061 microseconds
timeout
[2016-10-27 12:29:11]Process 25295 termed with signal 14(SIGALRM)
PT_F40-plus_2-250 Test Num : 176
Inject into ../bin/hello
----- Type : plus_2 Pos : PT_F40 -----
There are 1 faults will be injected in faulttable...
100975 microseconds
Fault on PT_F40(0X7fec4f269ee0 -> 0X7fec4f269ee2)
3000124 microseconds
timeout
[2016-10-27 12:29:14]Process 25297 termed with signal 14(SIGALRM)
PT_F40-plus_2-250 Test Num : 177
Inject into ../bin/hello
----- Type : plus_2 Pos : PT_F40 -----
There are 1 faults will be injected in faulttable...
101443 microseconds
Fault on PT_F40(0X7fcec4f53ee0 -> 0X7fcec4f53ee2)
3000072 microseconds
timeout
[2016-10-27 12:29:17]Process 25299 termed with signal 14(SIGALRM)
PT_F40-plus_2-250 Test Num : 178
Inject into ../bin/hello
----- Type : plus_2 Pos : PT_F40 -----
There are 1 faults will be injected in faulttable...
101180 microseconds
Fault on PT_F40(0X7f187be6dee0 -> 0X7f187be6dee2)
3000130 microseconds
timeout
[2016-10-27 12:29:20]Process 25301 termed with signal 14(SIGALRM)
PT_F40-plus_2-250 Test Num : 179
Inject into ../bin/hello
----- Type : plus_2 Pos : PT_F40 -----
There are 1 faults will be injected in faulttable...
100924 microseconds
Fault on PT_F40(0X7f705513dee0 -> 0X7f705513dee2)
3000125 microseconds
timeout
[2016-10-27 12:29:23]Process 25303 termed with signal 14(SIGALRM)
PT_F40-plus_2-250 Test Num : 180
Inject into ../bin/hello
----- Type : plus_2 Pos : PT_F40 -----
There are 1 faults will be injected in faulttable...
101104 microseconds
Fault on PT_F40(0X7efded719ee0 -> 0X7efded719ee2)
3000144 microseconds
timeout
[2016-10-27 12:29:26]Process 25305 termed with signal 14(SIGALRM)
PT_F40-plus_2-250 Test Num : 181
Inject into ../bin/hello
----- Type : plus_2 Pos : PT_F40 -----
There are 1 faults will be injected in faulttable...
101266 microseconds
Fault on PT_F40(0X7f0da976dee0 -> 0X7f0da976dee2)
3000135 microseconds
timeout
[2016-10-27 12:29:30]Process 25307 termed with signal 14(SIGALRM)
PT_F40-plus_2-250 Test Num : 182
Inject into ../bin/hello
----- Type : plus_2 Pos : PT_F40 -----
There are 1 faults will be injected in faulttable...
101301 microseconds
Fault on PT_F40(0X7f128d94aee0 -> 0X7f128d94aee2)
3000098 microseconds
timeout
[2016-10-27 12:29:33]Process 25309 termed with signal 14(SIGALRM)
PT_F40-plus_2-250 Test Num : 183
Inject into ../bin/hello
----- Type : plus_2 Pos : PT_F40 -----
There are 1 faults will be injected in faulttable...
101155 microseconds
Fault on PT_F40(0X7f43621d4ee0 -> 0X7f43621d4ee2)
3000142 microseconds
timeout
[2016-10-27 12:29:36]Process 25311 termed with signal 14(SIGALRM)
PT_F40-plus_2-250 Test Num : 184
Inject into ../bin/hello
----- Type : plus_2 Pos : PT_F40 -----
There are 1 faults will be injected in faulttable...
100942 microseconds
Fault on PT_F40(0X7f44bbc65ee0 -> 0X7f44bbc65ee2)
3000104 microseconds
timeout
[2016-10-27 12:29:39]Process 25332 termed with signal 14(SIGALRM)
PT_F40-plus_2-250 Test Num : 185
Inject into ../bin/hello
----- Type : plus_2 Pos : PT_F40 -----
There are 1 faults will be injected in faulttable...
100091 microseconds
Fault on PT_F40(0X7f6a6953bee0 -> 0X7f6a6953bee2)
3000076 microseconds
timeout
[2016-10-27 12:29:42]Process 25335 termed with signal 14(SIGALRM)
PT_F40-plus_2-250 Test Num : 186
Inject into ../bin/hello
----- Type : plus_2 Pos : PT_F40 -----
There are 1 faults will be injected in faulttable...
101020 microseconds
Fault on PT_F40(0X7f9c92900ee0 -> 0X7f9c92900ee2)
3000159 microseconds
timeout
[2016-10-27 12:29:45]Process 25338 termed with signal 14(SIGALRM)
PT_F40-plus_2-250 Test Num : 187
Inject into ../bin/hello
----- Type : plus_2 Pos : PT_F40 -----
There are 1 faults will be injected in faulttable...
100100 microseconds
Fault on PT_F40(0X7ff601c26ee0 -> 0X7ff601c26ee2)
3000070 microseconds
timeout
[2016-10-27 12:29:48]Process 25340 termed with signal 14(SIGALRM)
PT_F40-plus_2-250 Test Num : 188
Inject into ../bin/hello
----- Type : plus_2 Pos : PT_F40 -----
There are 1 faults will be injected in faulttable...
101297 microseconds
Fault on PT_F40(0X7ff8faa75ee0 -> 0X7ff8faa75ee2)
3000105 microseconds
timeout
[2016-10-27 12:29:51]Process 25342 termed with signal 14(SIGALRM)
PT_F40-plus_2-250 Test Num : 189
Inject into ../bin/hello
----- Type : plus_2 Pos : PT_F40 -----
There are 1 faults will be injected in faulttable...
101218 microseconds
Fault on PT_F40(0X7f3e548dbee0 -> 0X7f3e548dbee2)
3000135 microseconds
timeout
[2016-10-27 12:29:54]Process 25345 termed with signal 14(SIGALRM)
PT_F40-plus_2-250 Test Num : 190
Inject into ../bin/hello
----- Type : plus_2 Pos : PT_F40 -----
There are 1 faults will be injected in faulttable...
100145 microseconds
Fault on PT_F40(0X7ff23872bee0 -> 0X7ff23872bee2)
3000062 microseconds
timeout
[2016-10-27 12:29:58]Process 25348 termed with signal 14(SIGALRM)
PT_F40-plus_2-250 Test Num : 191
Inject into ../bin/hello
----- Type : plus_2 Pos : PT_F40 -----
There are 1 faults will be injected in faulttable...
101208 microseconds
Fault on PT_F40(0X7fa8512f5ee0 -> 0X7fa8512f5ee2)
3000178 microseconds
timeout
[ 2016-10-27 12:30:1]Process 25351 termed with signal 14(SIGALRM)
PT_F40-plus_2-250 Test Num : 192
Inject into ../bin/hello
----- Type : plus_2 Pos : PT_F40 -----
There are 1 faults will be injected in faulttable...
100996 microseconds
Fault on PT_F40(0X7f87a8c74ee0 -> 0X7f87a8c74ee2)
3000253 microseconds
timeout
[ 2016-10-27 12:30:4]Process 25353 termed with signal 14(SIGALRM)
PT_F40-plus_2-250 Test Num : 193
Inject into ../bin/hello
----- Type : plus_2 Pos : PT_F40 -----
There are 1 faults will be injected in faulttable...
101421 microseconds
Fault on PT_F40(0X7fd842507ee0 -> 0X7fd842507ee2)
3000077 microseconds
timeout
[ 2016-10-27 12:30:7]Process 25355 termed with signal 14(SIGALRM)
PT_F40-plus_2-250 Test Num : 194
Inject into ../bin/hello
----- Type : plus_2 Pos : PT_F40 -----
There are 1 faults will be injected in faulttable...
101029 microseconds
Fault on PT_F40(0X7f27f7f48ee0 -> 0X7f27f7f48ee2)
3000099 microseconds
timeout
[2016-10-27 12:30:10]Process 25358 termed with signal 14(SIGALRM)
PT_F40-plus_2-250 Test Num : 195
Inject into ../bin/hello
----- Type : plus_2 Pos : PT_F40 -----
There are 1 faults will be injected in faulttable...
101130 microseconds
Fault on PT_F40(0X7f254aee0ee0 -> 0X7f254aee0ee2)
3000061 microseconds
timeout
[2016-10-27 12:30:13]Process 25360 termed with signal 14(SIGALRM)
PT_F40-plus_2-250 Test Num : 196
Inject into ../bin/hello
----- Type : plus_2 Pos : PT_F40 -----
There are 1 faults will be injected in faulttable...
101192 microseconds
Fault on PT_F40(0X7f106be7cee0 -> 0X7f106be7cee2)
3000085 microseconds
timeout
[2016-10-27 12:30:16]Process 25364 termed with signal 14(SIGALRM)
PT_F40-plus_2-250 Test Num : 197
Inject into ../bin/hello
----- Type : plus_2 Pos : PT_F40 -----
There are 1 faults will be injected in faulttable...
101138 microseconds
Fault on PT_F40(0X7f9de4b7aee0 -> 0X7f9de4b7aee2)
3000116 microseconds
timeout
[2016-10-27 12:30:19]Process 25370 termed with signal 14(SIGALRM)
PT_F40-plus_2-250 Test Num : 198
Inject into ../bin/hello
----- Type : plus_2 Pos : PT_F40 -----
There are 1 faults will be injected in faulttable...
100976 microseconds
Fault on PT_F40(0X7f3b0f331ee0 -> 0X7f3b0f331ee2)
3000118 microseconds
timeout
[2016-10-27 12:30:22]Process 25374 termed with signal 14(SIGALRM)
PT_F40-plus_2-250 Test Num : 199
Inject into ../bin/hello
----- Type : plus_2 Pos : PT_F40 -----
There are 1 faults will be injected in faulttable...
100994 microseconds
Fault on PT_F40(0X7f80c2ea7ee0 -> 0X7f80c2ea7ee2)
3000138 microseconds
timeout
[2016-10-27 12:30:26]Process 25378 termed with signal 14(SIGALRM)
PT_F40-plus_2-250 Test Num : 200
Inject into ../bin/hello
----- Type : plus_2 Pos : PT_F40 -----
There are 1 faults will be injected in faulttable...
100994 microseconds
Fault on PT_F40(0X7f0c5df85ee0 -> 0X7f0c5df85ee2)
3000086 microseconds
timeout
[2016-10-27 12:30:29]Process 25380 termed with signal 14(SIGALRM)
PT_F40-plus_2-250 Test Num : 201
Inject into ../bin/hello
----- Type : plus_2 Pos : PT_F40 -----
There are 1 faults will be injected in faulttable...
100107 microseconds
Fault on PT_F40(0X7f552d1c5ee0 -> 0X7f552d1c5ee2)
3000076 microseconds
timeout
[2016-10-27 12:30:32]Process 25383 termed with signal 14(SIGALRM)
PT_F40-plus_2-250 Test Num : 202
Inject into ../bin/hello
----- Type : plus_2 Pos : PT_F40 -----
There are 1 faults will be injected in faulttable...
101000 microseconds
Fault on PT_F40(0X7ff384e15ee0 -> 0X7ff384e15ee2)
3000114 microseconds
timeout
[2016-10-27 12:30:35]Process 25389 termed with signal 14(SIGALRM)
PT_F40-plus_2-250 Test Num : 203
Inject into ../bin/hello
----- Type : plus_2 Pos : PT_F40 -----
There are 1 faults will be injected in faulttable...
100991 microseconds
Fault on PT_F40(0X7ff88d120ee0 -> 0X7ff88d120ee2)
3000109 microseconds
timeout
[2016-10-27 12:30:38]Process 25395 termed with signal 14(SIGALRM)
PT_F40-plus_2-250 Test Num : 204
Inject into ../bin/hello
----- Type : plus_2 Pos : PT_F40 -----
There are 1 faults will be injected in faulttable...
100103 microseconds
Fault on PT_F40(0X7fad552fcee0 -> 0X7fad552fcee2)
3000166 microseconds
timeout
[2016-10-27 12:30:41]Process 25406 termed with signal 14(SIGALRM)
PT_F40-plus_2-250 Test Num : 205
Inject into ../bin/hello
----- Type : plus_2 Pos : PT_F40 -----
There are 1 faults will be injected in faulttable...
101127 microseconds
Fault on PT_F40(0X7f77001bdee0 -> 0X7f77001bdee2)
3000093 microseconds
timeout
[2016-10-27 12:30:44]Process 25414 termed with signal 14(SIGALRM)
PT_F40-plus_2-250 Test Num : 206
Inject into ../bin/hello
----- Type : plus_2 Pos : PT_F40 -----
There are 1 faults will be injected in faulttable...
101311 microseconds
Fault on PT_F40(0X7fbf9f8c9ee0 -> 0X7fbf9f8c9ee2)
3000080 microseconds
timeout
[2016-10-27 12:30:47]Process 25428 termed with signal 14(SIGALRM)
PT_F40-plus_2-250 Test Num : 207
Inject into ../bin/hello
----- Type : plus_2 Pos : PT_F40 -----
There are 1 faults will be injected in faulttable...
101065 microseconds
Fault on PT_F40(0X7f0966f4aee0 -> 0X7f0966f4aee2)
3000102 microseconds
timeout
[2016-10-27 12:30:50]Process 25442 termed with signal 14(SIGALRM)
PT_F40-plus_2-250 Test Num : 208
Inject into ../bin/hello
----- Type : plus_2 Pos : PT_F40 -----
There are 1 faults will be injected in faulttable...
101065 microseconds
Fault on PT_F40(0X7f30ceab2ee0 -> 0X7f30ceab2ee2)
3000087 microseconds
timeout
[2016-10-27 12:30:54]Process 25444 termed with signal 14(SIGALRM)
PT_F40-plus_2-250 Test Num : 209
Inject into ../bin/hello
----- Type : plus_2 Pos : PT_F40 -----
There are 1 faults will be injected in faulttable...
101424 microseconds
Fault on PT_F40(0X7efd517ccee0 -> 0X7efd517ccee2)
3000091 microseconds
timeout
[2016-10-27 12:30:57]Process 25446 termed with signal 14(SIGALRM)
PT_F40-plus_2-250 Test Num : 210
Inject into ../bin/hello
----- Type : plus_2 Pos : PT_F40 -----
There are 1 faults will be injected in faulttable...
100097 microseconds
Fault on PT_F40(0X7fa7d62a9ee0 -> 0X7fa7d62a9ee2)
3000059 microseconds
timeout
[ 2016-10-27 12:31:0]Process 25448 termed with signal 14(SIGALRM)
PT_F40-plus_2-250 Test Num : 211
Inject into ../bin/hello
----- Type : plus_2 Pos : PT_F40 -----
There are 1 faults will be injected in faulttable...
101123 microseconds
Fault on PT_F40(0X7f2588158ee0 -> 0X7f2588158ee2)
3000125 microseconds
timeout
[ 2016-10-27 12:31:3]Process 25450 termed with signal 14(SIGALRM)
PT_F40-plus_2-250 Test Num : 212
Inject into ../bin/hello
----- Type : plus_2 Pos : PT_F40 -----
There are 1 faults will be injected in faulttable...
100937 microseconds
Fault on PT_F40(0X7ff2f0ec9ee0 -> 0X7ff2f0ec9ee2)
3000160 microseconds
timeout
[ 2016-10-27 12:31:6]Process 25452 termed with signal 14(SIGALRM)
PT_F40-plus_2-250 Test Num : 213
Inject into ../bin/hello
----- Type : plus_2 Pos : PT_F40 -----
There are 1 faults will be injected in faulttable...
101163 microseconds
Fault on PT_F40(0X7fd3ae708ee0 -> 0X7fd3ae708ee2)
3000105 microseconds
timeout
[ 2016-10-27 12:31:9]Process 25454 termed with signal 14(SIGALRM)
PT_F40-plus_2-250 Test Num : 214
Inject into ../bin/hello
----- Type : plus_2 Pos : PT_F40 -----
There are 1 faults will be injected in faulttable...
101325 microseconds
Fault on PT_F40(0X7fa8ddc10ee0 -> 0X7fa8ddc10ee2)
3000130 microseconds
timeout
[2016-10-27 12:31:12]Process 25456 termed with signal 14(SIGALRM)
PT_F40-plus_2-250 Test Num : 215
Inject into ../bin/hello
----- Type : plus_2 Pos : PT_F40 -----
There are 1 faults will be injected in faulttable...
101235 microseconds
Fault on PT_F40(0X7fb66677dee0 -> 0X7fb66677dee2)
3000068 microseconds
timeout
[2016-10-27 12:31:15]Process 25458 termed with signal 14(SIGALRM)
PT_F40-plus_2-250 Test Num : 216
Inject into ../bin/hello
----- Type : plus_2 Pos : PT_F40 -----
There are 1 faults will be injected in faulttable...
101059 microseconds
Fault on PT_F40(0X7fcfcc97fee0 -> 0X7fcfcc97fee2)
3000167 microseconds
timeout
[2016-10-27 12:31:18]Process 25460 termed with signal 14(SIGALRM)
PT_F40-plus_2-250 Test Num : 217
Inject into ../bin/hello
----- Type : plus_2 Pos : PT_F40 -----
There are 1 faults will be injected in faulttable...
101264 microseconds
Fault on PT_F40(0X7f951e183ee0 -> 0X7f951e183ee2)
3000111 microseconds
timeout
[2016-10-27 12:31:22]Process 25462 termed with signal 14(SIGALRM)
PT_F40-plus_2-250 Test Num : 218
Inject into ../bin/hello
----- Type : plus_2 Pos : PT_F40 -----
There are 1 faults will be injected in faulttable...
101384 microseconds
Fault on PT_F40(0X7f8ec08b4ee0 -> 0X7f8ec08b4ee2)
3000074 microseconds
timeout
[2016-10-27 12:31:25]Process 25464 termed with signal 14(SIGALRM)
PT_F40-plus_2-250 Test Num : 219
Inject into ../bin/hello
----- Type : plus_2 Pos : PT_F40 -----
There are 1 faults will be injected in faulttable...
100136 microseconds
Fault on PT_F40(0X7f2b98bf9ee0 -> 0X7f2b98bf9ee2)
3000066 microseconds
timeout
[2016-10-27 12:31:28]Process 25472 termed with signal 14(SIGALRM)
PT_F40-plus_2-250 Test Num : 220
Inject into ../bin/hello
----- Type : plus_2 Pos : PT_F40 -----
There are 1 faults will be injected in faulttable...
101202 microseconds
Fault on PT_F40(0X7fe990c25ee0 -> 0X7fe990c25ee2)
3000097 microseconds
timeout
[2016-10-27 12:31:31]Process 25489 termed with signal 14(SIGALRM)
PT_F40-plus_2-250 Test Num : 221
Inject into ../bin/hello
----- Type : plus_2 Pos : PT_F40 -----
There are 1 faults will be injected in faulttable...
101046 microseconds
Fault on PT_F40(0X7fcae9138ee0 -> 0X7fcae9138ee2)
3000094 microseconds
timeout
[2016-10-27 12:31:34]Process 25494 termed with signal 14(SIGALRM)
PT_F40-plus_2-250 Test Num : 222
Inject into ../bin/hello
----- Type : plus_2 Pos : PT_F40 -----
There are 1 faults will be injected in faulttable...
100083 microseconds
Fault on PT_F40(0X7f1720dddee0 -> 0X7f1720dddee2)
3000076 microseconds
timeout
[2016-10-27 12:31:37]Process 25509 termed with signal 14(SIGALRM)
PT_F40-plus_2-250 Test Num : 223
Inject into ../bin/hello
----- Type : plus_2 Pos : PT_F40 -----
There are 1 faults will be injected in faulttable...
100188 microseconds
Fault on PT_F40(0X7f4da141cee0 -> 0X7f4da141cee2)
3000085 microseconds
timeout
[2016-10-27 12:31:40]Process 25526 termed with signal 14(SIGALRM)
PT_F40-plus_2-250 Test Num : 224
Inject into ../bin/hello
----- Type : plus_2 Pos : PT_F40 -----
There are 1 faults will be injected in faulttable...
100988 microseconds
Fault on PT_F40(0X7f76760e6ee0 -> 0X7f76760e6ee2)
3000095 microseconds
timeout
[2016-10-27 12:31:43]Process 25531 termed with signal 14(SIGALRM)
PT_F40-plus_2-250 Test Num : 225
Inject into ../bin/hello
----- Type : plus_2 Pos : PT_F40 -----
There are 1 faults will be injected in faulttable...
100986 microseconds
Fault on PT_F40(0X7fd759db6ee0 -> 0X7fd759db6ee2)
3000290 microseconds
timeout
[2016-10-27 12:31:46]Process 25534 termed with signal 14(SIGALRM)
PT_F40-plus_2-250 Test Num : 226
Inject into ../bin/hello
----- Type : plus_2 Pos : PT_F40 -----
There are 1 faults will be injected in faulttable...
101012 microseconds
Fault on PT_F40(0X7f0a36991ee0 -> 0X7f0a36991ee2)
3000164 microseconds
timeout
[2016-10-27 12:31:50]Process 25536 termed with signal 14(SIGALRM)
PT_F40-plus_2-250 Test Num : 227
Inject into ../bin/hello
----- Type : plus_2 Pos : PT_F40 -----
There are 1 faults will be injected in faulttable...
100120 microseconds
Fault on PT_F40(0X7ff3e31afee0 -> 0X7ff3e31afee2)
3000074 microseconds
timeout
[2016-10-27 12:31:53]Process 25538 termed with signal 14(SIGALRM)
PT_F40-plus_2-250 Test Num : 228
Inject into ../bin/hello
----- Type : plus_2 Pos : PT_F40 -----
There are 1 faults will be injected in faulttable...
100092 microseconds
Fault on PT_F40(0X7f4dd23ddee0 -> 0X7f4dd23ddee2)
3000131 microseconds
timeout
[2016-10-27 12:31:56]Process 25540 termed with signal 14(SIGALRM)
PT_F40-plus_2-250 Test Num : 229
Inject into ../bin/hello
----- Type : plus_2 Pos : PT_F40 -----
There are 1 faults will be injected in faulttable...
101196 microseconds
Fault on PT_F40(0X7f17d5333ee0 -> 0X7f17d5333ee2)
3000132 microseconds
timeout
[2016-10-27 12:31:59]Process 25542 termed with signal 14(SIGALRM)
PT_F40-plus_2-250 Test Num : 230
Inject into ../bin/hello
----- Type : plus_2 Pos : PT_F40 -----
There are 1 faults will be injected in faulttable...
101023 microseconds
Fault on PT_F40(0X7fa943a19ee0 -> 0X7fa943a19ee2)
3000150 microseconds
timeout
[ 2016-10-27 12:32:2]Process 25544 termed with signal 14(SIGALRM)
PT_F40-plus_2-250 Test Num : 231
Inject into ../bin/hello
----- Type : plus_2 Pos : PT_F40 -----
There are 1 faults will be injected in faulttable...
101171 microseconds
Fault on PT_F40(0X7fba999c7ee0 -> 0X7fba999c7ee2)
3000060 microseconds
timeout
[ 2016-10-27 12:32:5]Process 25546 termed with signal 14(SIGALRM)
PT_F40-plus_2-250 Test Num : 232
Inject into ../bin/hello
----- Type : plus_2 Pos : PT_F40 -----
There are 1 faults will be injected in faulttable...
101362 microseconds
Fault on PT_F40(0X7f6963c0dee0 -> 0X7f6963c0dee2)
3000063 microseconds
timeout
[ 2016-10-27 12:32:8]Process 25548 termed with signal 14(SIGALRM)
PT_F40-plus_2-250 Test Num : 233
Inject into ../bin/hello
----- Type : plus_2 Pos : PT_F40 -----
There are 1 faults will be injected in faulttable...
100075 microseconds
Fault on PT_F40(0X7f090a595ee0 -> 0X7f090a595ee2)
3000064 microseconds
timeout
[2016-10-27 12:32:11]Process 25550 termed with signal 14(SIGALRM)
PT_F40-plus_2-250 Test Num : 234
Inject into ../bin/hello
----- Type : plus_2 Pos : PT_F40 -----
There are 1 faults will be injected in faulttable...
100991 microseconds
Fault on PT_F40(0X7f81be700ee0 -> 0X7f81be700ee2)
3000113 microseconds
timeout
[2016-10-27 12:32:14]Process 25552 termed with signal 14(SIGALRM)
PT_F40-plus_2-250 Test Num : 235
Inject into ../bin/hello
----- Type : plus_2 Pos : PT_F40 -----
There are 1 faults will be injected in faulttable...
100077 microseconds
Fault on PT_F40(0X7f2aca0e6ee0 -> 0X7f2aca0e6ee2)
3000070 microseconds
timeout
[2016-10-27 12:32:18]Process 25554 termed with signal 14(SIGALRM)
PT_F40-plus_2-250 Test Num : 236
Inject into ../bin/hello
----- Type : plus_2 Pos : PT_F40 -----
There are 1 faults will be injected in faulttable...
100087 microseconds
Fault on PT_F40(0X7fbe7d471ee0 -> 0X7fbe7d471ee2)
3000068 microseconds
timeout
[2016-10-27 12:32:21]Process 25556 termed with signal 14(SIGALRM)
PT_F40-plus_2-250 Test Num : 237
Inject into ../bin/hello
----- Type : plus_2 Pos : PT_F40 -----
There are 1 faults will be injected in faulttable...
101598 microseconds
Fault on PT_F40(0X7f04bbb34ee0 -> 0X7f04bbb34ee2)
3000083 microseconds
timeout
[2016-10-27 12:32:24]Process 25558 termed with signal 14(SIGALRM)
PT_F40-plus_2-250 Test Num : 238
Inject into ../bin/hello
----- Type : plus_2 Pos : PT_F40 -----
There are 1 faults will be injected in faulttable...
101062 microseconds
Fault on PT_F40(0X7fe592131ee0 -> 0X7fe592131ee2)
3000130 microseconds
timeout
[2016-10-27 12:32:27]Process 25560 termed with signal 14(SIGALRM)
PT_F40-plus_2-250 Test Num : 239
Inject into ../bin/hello
----- Type : plus_2 Pos : PT_F40 -----
There are 1 faults will be injected in faulttable...
100101 microseconds
Fault on PT_F40(0X7f5ac424eee0 -> 0X7f5ac424eee2)
3000084 microseconds
timeout
[2016-10-27 12:32:30]Process 25565 termed with signal 14(SIGALRM)
PT_F40-plus_2-250 Test Num : 240
Inject into ../bin/hello
----- Type : plus_2 Pos : PT_F40 -----
There are 1 faults will be injected in faulttable...
100999 microseconds
Fault on PT_F40(0X7f816ce38ee0 -> 0X7f816ce38ee2)
3000088 microseconds
timeout
[2016-10-27 12:32:33]Process 25570 termed with signal 14(SIGALRM)
PT_F40-plus_2-250 Test Num : 241
Inject into ../bin/hello
----- Type : plus_2 Pos : PT_F40 -----
There are 1 faults will be injected in faulttable...
101137 microseconds
Fault on PT_F40(0X7f47f24caee0 -> 0X7f47f24caee2)
3000132 microseconds
timeout
[2016-10-27 12:32:36]Process 25572 termed with signal 14(SIGALRM)
PT_F40-plus_2-250 Test Num : 242
Inject into ../bin/hello
----- Type : plus_2 Pos : PT_F40 -----
There are 1 faults will be injected in faulttable...
101033 microseconds
Fault on PT_F40(0X7f86d9a00ee0 -> 0X7f86d9a00ee2)
3000097 microseconds
timeout
[2016-10-27 12:32:39]Process 25574 termed with signal 14(SIGALRM)
PT_F40-plus_2-250 Test Num : 243
Inject into ../bin/hello
----- Type : plus_2 Pos : PT_F40 -----
There are 1 faults will be injected in faulttable...
101116 microseconds
Fault on PT_F40(0X7f220b342ee0 -> 0X7f220b342ee2)
3000135 microseconds
timeout
[2016-10-27 12:32:42]Process 25576 termed with signal 14(SIGALRM)
PT_F40-plus_2-250 Test Num : 244
Inject into ../bin/hello
----- Type : plus_2 Pos : PT_F40 -----
There are 1 faults will be injected in faulttable...
101428 microseconds
Fault on PT_F40(0X7f80c5640ee0 -> 0X7f80c5640ee2)
3000093 microseconds
timeout
[2016-10-27 12:32:46]Process 25578 termed with signal 14(SIGALRM)
PT_F40-plus_2-250 Test Num : 245
Inject into ../bin/hello
----- Type : plus_2 Pos : PT_F40 -----
There are 1 faults will be injected in faulttable...
101598 microseconds
Fault on PT_F40(0X7f8ec2970ee0 -> 0X7f8ec2970ee2)
3000097 microseconds
timeout
[2016-10-27 12:32:49]Process 25580 termed with signal 14(SIGALRM)
PT_F40-plus_2-250 Test Num : 246
Inject into ../bin/hello
----- Type : plus_2 Pos : PT_F40 -----
There are 1 faults will be injected in faulttable...
101150 microseconds
Fault on PT_F40(0X7fe0b70c7ee0 -> 0X7fe0b70c7ee2)
3000142 microseconds
timeout
[2016-10-27 12:32:52]Process 25582 termed with signal 14(SIGALRM)
PT_F40-plus_2-250 Test Num : 247
Inject into ../bin/hello
----- Type : plus_2 Pos : PT_F40 -----
There are 1 faults will be injected in faulttable...
101217 microseconds
Fault on PT_F40(0X7fda4b55eee0 -> 0X7fda4b55eee2)
3000094 microseconds
timeout
[2016-10-27 12:32:55]Process 25584 termed with signal 14(SIGALRM)
PT_F40-plus_2-250 Test Num : 248
Inject into ../bin/hello
----- Type : plus_2 Pos : PT_F40 -----
There are 1 faults will be injected in faulttable...
101021 microseconds
Fault on PT_F40(0X7fcaa9a3dee0 -> 0X7fcaa9a3dee2)
3000180 microseconds
timeout
[2016-10-27 12:32:58]Process 25586 termed with signal 14(SIGALRM)
PT_F40-plus_2-250 Test Num : 249
Inject into ../bin/hello
----- Type : plus_2 Pos : PT_F40 -----
There are 1 faults will be injected in faulttable...
101321 microseconds
Fault on PT_F40(0X7fdc3b150ee0 -> 0X7fdc3b150ee2)
3000145 microseconds
timeout
[ 2016-10-27 12:33:1]Process 25588 termed with signal 14(SIGALRM)
PT_F40-plus_2-250 Test Num : 250
Inject into ../bin/hello
----- Type : plus_2 Pos : PT_F40 -----
There are 1 faults will be injected in faulttable...
101134 microseconds
Fault on PT_F40(0X7f20fadbaee0 -> 0X7f20fadbaee2)
3000131 microseconds
timeout
[ 2016-10-27 12:33:4]Process 25590 termed with signal 14(SIGALRM)
