PT_F40-2_bit_1-250 Test Num : 1
Inject into ../bin/hello
----- Type : 2_bit_1 Pos : PT_F40 -----
There are 1 faults will be injected in faulttable...
100957 microseconds
Fault on PT_F40(0X7fb1f7e62ee0 -> 0X18007fb1f7e62ee0)
13 microseconds
[2016-10-27 12:17:12]Process 22396 termed with signal 11(SIGSEGV)
PT_F40-2_bit_1-250 Test Num : 2
Inject into ../bin/hello
----- Type : 2_bit_1 Pos : PT_F40 -----
There are 1 faults will be injected in faulttable...
100947 microseconds
Fault on PT_F40(0X7fc7210faee0 -> 0X18007fc7210faee0)
16 microseconds
[2016-10-27 12:17:12]Process 22398 termed with signal 11(SIGSEGV)
PT_F40-2_bit_1-250 Test Num : 3
Inject into ../bin/hello
----- Type : 2_bit_1 Pos : PT_F40 -----
There are 1 faults will be injected in faulttable...
100118 microseconds
Fault on PT_F40(0X7f86a31ddee0 -> 0X18007f86a31ddee0)
10 microseconds
[2016-10-27 12:17:12]Process 22400 termed with signal 11(SIGSEGV)
PT_F40-2_bit_1-250 Test Num : 4
Inject into ../bin/hello
----- Type : 2_bit_1 Pos : PT_F40 -----
There are 1 faults will be injected in faulttable...
101038 microseconds
Fault on PT_F40(0X7fbdf637eee0 -> 0X18007fbdf637eee0)
11 microseconds
[2016-10-27 12:17:12]Process 22402 termed with signal 11(SIGSEGV)
PT_F40-2_bit_1-250 Test Num : 5
Inject into ../bin/hello
----- Type : 2_bit_1 Pos : PT_F40 -----
There are 1 faults will be injected in faulttable...
101219 microseconds
Fault on PT_F40(0X7fdf9eac4ee0 -> 0Xc007fdf9eac4ee0)
10 microseconds
[2016-10-27 12:17:13]Process 22404 termed with signal 11(SIGSEGV)
PT_F40-2_bit_1-250 Test Num : 6
Inject into ../bin/hello
----- Type : 2_bit_1 Pos : PT_F40 -----
There are 1 faults will be injected in faulttable...
101280 microseconds
Fault on PT_F40(0X7f7a087bcee0 -> 0Xc007f7a087bcee0)
16 microseconds
[2016-10-27 12:17:13]Process 22406 termed with signal 11(SIGSEGV)
PT_F40-2_bit_1-250 Test Num : 7
Inject into ../bin/hello
----- Type : 2_bit_1 Pos : PT_F40 -----
There are 1 faults will be injected in faulttable...
101238 microseconds
Fault on PT_F40(0X7fc09a808ee0 -> 0Xc007fc09a808ee0)
20 microseconds
[2016-10-27 12:17:13]Process 22408 termed with signal 11(SIGSEGV)
PT_F40-2_bit_1-250 Test Num : 8
Inject into ../bin/hello
----- Type : 2_bit_1 Pos : PT_F40 -----
There are 1 faults will be injected in faulttable...
101631 microseconds
Fault on PT_F40(0X7fa756caaee0 -> 0Xc007fa756caaee0)
19 microseconds
[2016-10-27 12:17:13]Process 22410 termed with signal 11(SIGSEGV)
PT_F40-2_bit_1-250 Test Num : 9
Inject into ../bin/hello
----- Type : 2_bit_1 Pos : PT_F40 -----
There are 1 faults will be injected in faulttable...
101214 microseconds
Fault on PT_F40(0X7f68bc9abee0 -> 0Xc007f68bc9abee0)
19 microseconds
[2016-10-27 12:17:13]Process 22412 termed with signal 11(SIGSEGV)
PT_F40-2_bit_1-250 Test Num : 10
Inject into ../bin/hello
----- Type : 2_bit_1 Pos : PT_F40 -----
There are 1 faults will be injected in faulttable...
101197 microseconds
Fault on PT_F40(0X7f2db8c96ee0 -> 0Xc007f2db8c96ee0)
19 microseconds
[2016-10-27 12:17:13]Process 22414 termed with signal 11(SIGSEGV)
PT_F40-2_bit_1-250 Test Num : 11
Inject into ../bin/hello
----- Type : 2_bit_1 Pos : PT_F40 -----
There are 1 faults will be injected in faulttable...
100311 microseconds
Fault on PT_F40(0X7f6d96552ee0 -> 0Xc007f6d96552ee0)
17 microseconds
[2016-10-27 12:17:13]Process 22416 termed with signal 11(SIGSEGV)
PT_F40-2_bit_1-250 Test Num : 12
Inject into ../bin/hello
----- Type : 2_bit_1 Pos : PT_F40 -----
There are 1 faults will be injected in faulttable...
101160 microseconds
Fault on PT_F40(0X7feedb7eaee0 -> 0Xc007feedb7eaee0)
13 microseconds
[2016-10-27 12:17:13]Process 22418 termed with signal 11(SIGSEGV)
PT_F40-2_bit_1-250 Test Num : 13
Inject into ../bin/hello
----- Type : 2_bit_1 Pos : PT_F40 -----
There are 1 faults will be injected in faulttable...
101183 microseconds
Fault on PT_F40(0X7f0336565ee0 -> 0Xc007f0336565ee0)
16 microseconds
[2016-10-27 12:17:13]Process 22420 termed with signal 11(SIGSEGV)
PT_F40-2_bit_1-250 Test Num : 14
Inject into ../bin/hello
----- Type : 2_bit_1 Pos : PT_F40 -----
There are 1 faults will be injected in faulttable...
100889 microseconds
Fault on PT_F40(0X7fe1cb063ee0 -> 0X7fe1eb263ee0)
13 microseconds
[2016-10-27 12:17:14]Process 22422 termed with signal 11(SIGSEGV)
PT_F40-2_bit_1-250 Test Num : 15
Inject into ../bin/hello
----- Type : 2_bit_1 Pos : PT_F40 -----
There are 1 faults will be injected in faulttable...
101010 microseconds
Fault on PT_F40(0X7f772d673ee0 -> 0X7f772d673ee0)
3000121 microseconds
timeout
[2016-10-27 12:17:17]Process 22424 termed with signal 14(SIGALRM)
PT_F40-2_bit_1-250 Test Num : 16
Inject into ../bin/hello
----- Type : 2_bit_1 Pos : PT_F40 -----
There are 1 faults will be injected in faulttable...
101480 microseconds
Fault on PT_F40(0X7fd21a102ee0 -> 0X7fd21a102ee0)
3000113 microseconds
timeout
[2016-10-27 12:17:20]Process 22426 termed with signal 14(SIGALRM)
PT_F40-2_bit_1-250 Test Num : 17
Inject into ../bin/hello
----- Type : 2_bit_1 Pos : PT_F40 -----
There are 1 faults will be injected in faulttable...
101158 microseconds
Fault on PT_F40(0X7f563ef75ee0 -> 0X7f563ef75ee0)
3000083 microseconds
timeout
[2016-10-27 12:17:23]Process 22428 termed with signal 14(SIGALRM)
PT_F40-2_bit_1-250 Test Num : 18
Inject into ../bin/hello
----- Type : 2_bit_1 Pos : PT_F40 -----
There are 1 faults will be injected in faulttable...
101250 microseconds
Fault on PT_F40(0X7eff3da1fee0 -> 0X7eff3fa1fee0)
23 microseconds
[2016-10-27 12:17:23]Process 22430 termed with signal 11(SIGSEGV)
PT_F40-2_bit_1-250 Test Num : 19
Inject into ../bin/hello
----- Type : 2_bit_1 Pos : PT_F40 -----
There are 1 faults will be injected in faulttable...
101013 microseconds
Fault on PT_F40(0X7fb4aa4e6ee0 -> 0X7fb4aa4e6ee0)
3000095 microseconds
timeout
[2016-10-27 12:17:26]Process 22432 termed with signal 14(SIGALRM)
PT_F40-2_bit_1-250 Test Num : 20
Inject into ../bin/hello
----- Type : 2_bit_1 Pos : PT_F40 -----
There are 1 faults will be injected in faulttable...
100923 microseconds
Fault on PT_F40(0X7f1332a26ee0 -> 0X7f13b2a26ee0)
20 microseconds
[2016-10-27 12:17:26]Process 22434 termed with signal 11(SIGSEGV)
PT_F40-2_bit_1-250 Test Num : 21
Inject into ../bin/hello
----- Type : 2_bit_1 Pos : PT_F40 -----
There are 1 faults will be injected in faulttable...
101140 microseconds
Fault on PT_F40(0X7fc3f8d09ee0 -> 0X7fc3fad09ee0)
19 microseconds
[2016-10-27 12:17:26]Process 22436 termed with signal 11(SIGSEGV)
PT_F40-2_bit_1-250 Test Num : 22
Inject into ../bin/hello
----- Type : 2_bit_1 Pos : PT_F40 -----
There are 1 faults will be injected in faulttable...
101285 microseconds
Fault on PT_F40(0X7f0b04d8fee0 -> 0X7f0b86d8fee0)
14 microseconds
[2016-10-27 12:17:26]Process 22438 termed with signal 11(SIGSEGV)
PT_F40-2_bit_1-250 Test Num : 23
Inject into ../bin/hello
----- Type : 2_bit_1 Pos : PT_F40 -----
There are 1 faults will be injected in faulttable...
101247 microseconds
Fault on PT_F40(0X7f6d6b8e7ee0 -> 0X407f6d6b8e7ee0)
14 microseconds
[2016-10-27 12:17:27]Process 22440 termed with signal 11(SIGSEGV)
PT_F40-2_bit_1-250 Test Num : 24
Inject into ../bin/hello
----- Type : 2_bit_1 Pos : PT_F40 -----
There are 1 faults will be injected in faulttable...
100290 microseconds
Fault on PT_F40(0X7f022ad81ee0 -> 0X407f022ad81ee0)
17 microseconds
[2016-10-27 12:17:27]Process 22442 termed with signal 11(SIGSEGV)
PT_F40-2_bit_1-250 Test Num : 25
Inject into ../bin/hello
----- Type : 2_bit_1 Pos : PT_F40 -----
There are 1 faults will be injected in faulttable...
101554 microseconds
Fault on PT_F40(0X7fdd1be1cee0 -> 0X407fdd1be1cee0)
21 microseconds
[2016-10-27 12:17:27]Process 22444 termed with signal 11(SIGSEGV)
PT_F40-2_bit_1-250 Test Num : 26
Inject into ../bin/hello
----- Type : 2_bit_1 Pos : PT_F40 -----
There are 1 faults will be injected in faulttable...
101764 microseconds
Fault on PT_F40(0X7f3590d26ee0 -> 0X407f3592d26ee0)
18 microseconds
[2016-10-27 12:17:27]Process 22446 termed with signal 11(SIGSEGV)
PT_F40-2_bit_1-250 Test Num : 27
Inject into ../bin/hello
----- Type : 2_bit_1 Pos : PT_F40 -----
There are 1 faults will be injected in faulttable...
101145 microseconds
Fault on PT_F40(0X7f6e10a57ee0 -> 0X407f6e12a57ee0)
19 microseconds
[2016-10-27 12:17:27]Process 22448 termed with signal 11(SIGSEGV)
PT_F40-2_bit_1-250 Test Num : 28
Inject into ../bin/hello
----- Type : 2_bit_1 Pos : PT_F40 -----
There are 1 faults will be injected in faulttable...
101163 microseconds
Fault on PT_F40(0X7fa0c39b7ee0 -> 0X407fa0c39b7ee0)
19 microseconds
[2016-10-27 12:17:27]Process 22450 termed with signal 11(SIGSEGV)
PT_F40-2_bit_1-250 Test Num : 29
Inject into ../bin/hello
----- Type : 2_bit_1 Pos : PT_F40 -----
There are 1 faults will be injected in faulttable...
101929 microseconds
Fault on PT_F40(0X7f5b7353bee0 -> 0X407f5b7353bee0)
21 microseconds
[2016-10-27 12:17:27]Process 22453 termed with signal 11(SIGSEGV)
PT_F40-2_bit_1-250 Test Num : 30
Inject into ../bin/hello
----- Type : 2_bit_1 Pos : PT_F40 -----
There are 1 faults will be injected in faulttable...
101092 microseconds
Fault on PT_F40(0X7f2bc4946ee0 -> 0X407f2bc6946ee0)
13 microseconds
[2016-10-27 12:17:27]Process 22456 termed with signal 11(SIGSEGV)
PT_F40-2_bit_1-250 Test Num : 31
Inject into ../bin/hello
----- Type : 2_bit_1 Pos : PT_F40 -----
There are 1 faults will be injected in faulttable...
101089 microseconds
Fault on PT_F40(0X7f795c2e5ee0 -> 0X407f795e2e5ee0)
19 microseconds
[2016-10-27 12:17:27]Process 22458 termed with signal 11(SIGSEGV)
PT_F40-2_bit_1-250 Test Num : 32
Inject into ../bin/hello
----- Type : 2_bit_1 Pos : PT_F40 -----
There are 1 faults will be injected in faulttable...
101298 microseconds
Fault on PT_F40(0X7f30a0119ee0 -> 0X407f30a0119ee0)
16 microseconds
[2016-10-27 12:17:28]Process 22462 termed with signal 11(SIGSEGV)
PT_F40-2_bit_1-250 Test Num : 33
Inject into ../bin/hello
----- Type : 2_bit_1 Pos : PT_F40 -----
There are 1 faults will be injected in faulttable...
101115 microseconds
Fault on PT_F40(0X7f8cc0256ee0 -> 0X407f8cc0257ee0)
10 microseconds
[2016-10-27 12:17:28]Process 22464 termed with signal 11(SIGSEGV)
PT_F40-2_bit_1-250 Test Num : 34
Inject into ../bin/hello
----- Type : 2_bit_1 Pos : PT_F40 -----
There are 1 faults will be injected in faulttable...
101642 microseconds
Fault on PT_F40(0X7fbe2516cee0 -> 0X407fbe2516dee0)
15 microseconds
[2016-10-27 12:17:28]Process 22467 termed with signal 11(SIGSEGV)
PT_F40-2_bit_1-250 Test Num : 35
Inject into ../bin/hello
----- Type : 2_bit_1 Pos : PT_F40 -----
There are 1 faults will be injected in faulttable...
101302 microseconds
Fault on PT_F40(0X7f400ad8cee0 -> 0X407f400ad8dee0)
20 microseconds
[2016-10-27 12:17:28]Process 22469 termed with signal 11(SIGSEGV)
PT_F40-2_bit_1-250 Test Num : 36
Inject into ../bin/hello
----- Type : 2_bit_1 Pos : PT_F40 -----
There are 1 faults will be injected in faulttable...
101404 microseconds
Fault on PT_F40(0X7f9e1829fee0 -> 0X407f9e1829fee0)
23 microseconds
[2016-10-27 12:17:28]Process 22471 termed with signal 11(SIGSEGV)
PT_F40-2_bit_1-250 Test Num : 37
Inject into ../bin/hello
----- Type : 2_bit_1 Pos : PT_F40 -----
There are 1 faults will be injected in faulttable...
101022 microseconds
Fault on PT_F40(0X7fe7d8b21ee0 -> 0X407fe7d8b21ee0)
11 microseconds
[2016-10-27 12:17:28]Process 22473 termed with signal 11(SIGSEGV)
PT_F40-2_bit_1-250 Test Num : 38
Inject into ../bin/hello
----- Type : 2_bit_1 Pos : PT_F40 -----
There are 1 faults will be injected in faulttable...
101089 microseconds
Fault on PT_F40(0X7fcbbf128ee0 -> 0X407fcbbf129ee0)
20 microseconds
[2016-10-27 12:17:28]Process 22475 termed with signal 11(SIGSEGV)
PT_F40-2_bit_1-250 Test Num : 39
Inject into ../bin/hello
----- Type : 2_bit_1 Pos : PT_F40 -----
There are 1 faults will be injected in faulttable...
100127 microseconds
Fault on PT_F40(0X7f513fdc0ee0 -> 0X407f513fdc1ee0)
18 microseconds
[2016-10-27 12:17:28]Process 22477 termed with signal 11(SIGSEGV)
PT_F40-2_bit_1-250 Test Num : 40
Inject into ../bin/hello
----- Type : 2_bit_1 Pos : PT_F40 -----
There are 1 faults will be injected in faulttable...
101208 microseconds
Fault on PT_F40(0X7f3573844ee0 -> 0X407f3573845ee0)
18 microseconds
[2016-10-27 12:17:28]Process 22479 termed with signal 11(SIGSEGV)
PT_F40-2_bit_1-250 Test Num : 41
Inject into ../bin/hello
----- Type : 2_bit_1 Pos : PT_F40 -----
There are 1 faults will be injected in faulttable...
101414 microseconds
Fault on PT_F40(0X7f0d83e69ee0 -> 0X2047f0d83e69ee0)
16 microseconds
[2016-10-27 12:17:29]Process 22481 termed with signal 11(SIGSEGV)
PT_F40-2_bit_1-250 Test Num : 42
Inject into ../bin/hello
----- Type : 2_bit_1 Pos : PT_F40 -----
There are 1 faults will be injected in faulttable...
101440 microseconds
Fault on PT_F40(0X7f8d1933aee0 -> 0X2047f8d1933aee0)
13 microseconds
[2016-10-27 12:17:29]Process 22483 termed with signal 11(SIGSEGV)
PT_F40-2_bit_1-250 Test Num : 43
Inject into ../bin/hello
----- Type : 2_bit_1 Pos : PT_F40 -----
There are 1 faults will be injected in faulttable...
100151 microseconds
Fault on PT_F40(0X7f3beb82dee0 -> 0X2047f3beb82dee0)
23 microseconds
[2016-10-27 12:17:29]Process 22485 termed with signal 11(SIGSEGV)
PT_F40-2_bit_1-250 Test Num : 44
Inject into ../bin/hello
----- Type : 2_bit_1 Pos : PT_F40 -----
There are 1 faults will be injected in faulttable...
101122 microseconds
Fault on PT_F40(0X7f508ca1bee0 -> 0X2047f508ca1bee0)
11 microseconds
[2016-10-27 12:17:29]Process 22487 termed with signal 11(SIGSEGV)
PT_F40-2_bit_1-250 Test Num : 45
Inject into ../bin/hello
----- Type : 2_bit_1 Pos : PT_F40 -----
There are 1 faults will be injected in faulttable...
100159 microseconds
Fault on PT_F40(0X7f677dcafee0 -> 0X2047f677dcafee0)
19 microseconds
[2016-10-27 12:17:29]Process 22489 termed with signal 11(SIGSEGV)
PT_F40-2_bit_1-250 Test Num : 46
Inject into ../bin/hello
----- Type : 2_bit_1 Pos : PT_F40 -----
There are 1 faults will be injected in faulttable...
101531 microseconds
Fault on PT_F40(0X7fa6760e6ee0 -> 0X2047fa6760e6ee0)
15 microseconds
[2016-10-27 12:17:29]Process 22491 termed with signal 11(SIGSEGV)
PT_F40-2_bit_1-250 Test Num : 47
Inject into ../bin/hello
----- Type : 2_bit_1 Pos : PT_F40 -----
There are 1 faults will be injected in faulttable...
101433 microseconds
Fault on PT_F40(0X7f1386b97ee0 -> 0X2047f1386b97ee0)
24 microseconds
[2016-10-27 12:17:29]Process 22493 termed with signal 11(SIGSEGV)
PT_F40-2_bit_1-250 Test Num : 48
Inject into ../bin/hello
----- Type : 2_bit_1 Pos : PT_F40 -----
There are 1 faults will be injected in faulttable...
101037 microseconds
Fault on PT_F40(0X7f4f99bcfee0 -> 0X2047f4f99bcfee0)
11 microseconds
[2016-10-27 12:17:29]Process 22496 termed with signal 11(SIGSEGV)
PT_F40-2_bit_1-250 Test Num : 49
Inject into ../bin/hello
----- Type : 2_bit_1 Pos : PT_F40 -----
There are 1 faults will be injected in faulttable...
101164 microseconds
Fault on PT_F40(0X7f627d8c2ee0 -> 0X2047f627d8c2ee0)
13 microseconds
[2016-10-27 12:17:29]Process 22498 termed with signal 11(SIGSEGV)
PT_F40-2_bit_1-250 Test Num : 50
Inject into ../bin/hello
----- Type : 2_bit_1 Pos : PT_F40 -----
There are 1 faults will be injected in faulttable...
101070 microseconds
Fault on PT_F40(0X7f3f02a1fee0 -> 0X2047f3f02a1fee0)
10 microseconds
[2016-10-27 12:17:29]Process 22500 termed with signal 11(SIGSEGV)
PT_F40-2_bit_1-250 Test Num : 51
Inject into ../bin/hello
----- Type : 2_bit_1 Pos : PT_F40 -----
There are 1 faults will be injected in faulttable...
101357 microseconds
Fault on PT_F40(0X7f6a8786aee0 -> 0X20007f6a8f86aee0)
11 microseconds
[2016-10-27 12:17:30]Process 22502 termed with signal 11(SIGSEGV)
PT_F40-2_bit_1-250 Test Num : 52
Inject into ../bin/hello
----- Type : 2_bit_1 Pos : PT_F40 -----
There are 1 faults will be injected in faulttable...
101025 microseconds
Fault on PT_F40(0X7f3be6a9cee0 -> 0X20007f3beea9cee0)
19 microseconds
[2016-10-27 12:17:30]Process 22504 termed with signal 11(SIGSEGV)
PT_F40-2_bit_1-250 Test Num : 53
Inject into ../bin/hello
----- Type : 2_bit_1 Pos : PT_F40 -----
There are 1 faults will be injected in faulttable...
100101 microseconds
Fault on PT_F40(0X7f13a2e3eee0 -> 0X20007f13aae3eee0)
12 microseconds
[2016-10-27 12:17:30]Process 22506 termed with signal 11(SIGSEGV)
PT_F40-2_bit_1-250 Test Num : 54
Inject into ../bin/hello
----- Type : 2_bit_1 Pos : PT_F40 -----
There are 1 faults will be injected in faulttable...
100956 microseconds
Fault on PT_F40(0X7f8974090ee0 -> 0X20007f897c090ee0)
11 microseconds
[2016-10-27 12:17:30]Process 22508 termed with signal 11(SIGSEGV)
PT_F40-2_bit_1-250 Test Num : 55
Inject into ../bin/hello
----- Type : 2_bit_1 Pos : PT_F40 -----
There are 1 faults will be injected in faulttable...
100369 microseconds
Fault on PT_F40(0X7f957b10dee0 -> 0X20007f957b10dee0)
17 microseconds
[2016-10-27 12:17:30]Process 22511 termed with signal 11(SIGSEGV)
PT_F40-2_bit_1-250 Test Num : 56
Inject into ../bin/hello
----- Type : 2_bit_1 Pos : PT_F40 -----
There are 1 faults will be injected in faulttable...
101093 microseconds
Fault on PT_F40(0X7fbcf9f85ee0 -> 0X20007fbcf9f85ee0)
12 microseconds
[2016-10-27 12:17:30]Process 22513 termed with signal 11(SIGSEGV)
PT_F40-2_bit_1-250 Test Num : 57
Inject into ../bin/hello
----- Type : 2_bit_1 Pos : PT_F40 -----
There are 1 faults will be injected in faulttable...
101101 microseconds
Fault on PT_F40(0X7f9d4071dee0 -> 0X20007f9d4871dee0)
11 microseconds
[2016-10-27 12:17:30]Process 22515 termed with signal 11(SIGSEGV)
PT_F40-2_bit_1-250 Test Num : 58
Inject into ../bin/hello
----- Type : 2_bit_1 Pos : PT_F40 -----
There are 1 faults will be injected in faulttable...
101289 microseconds
Fault on PT_F40(0X7f4bfc0ffee0 -> 0X20007f4bfc0ffee0)
11 microseconds
[2016-10-27 12:17:30]Process 22517 termed with signal 11(SIGSEGV)
PT_F40-2_bit_1-250 Test Num : 59
Inject into ../bin/hello
----- Type : 2_bit_1 Pos : PT_F40 -----
There are 1 faults will be injected in faulttable...
101150 microseconds
Fault on PT_F40(0X7fde4b51dee0 -> 0X20007fde4b51dee0)
13 microseconds
[2016-10-27 12:17:30]Process 22519 termed with signal 11(SIGSEGV)
PT_F40-2_bit_1-250 Test Num : 60
Inject into ../bin/hello
----- Type : 2_bit_1 Pos : PT_F40 -----
There are 1 faults will be injected in faulttable...
101200 microseconds
Fault on PT_F40(0X7f42068d7ee0 -> 0X7f46068d7ee4)
12 microseconds
[2016-10-27 12:17:31]Process 22522 termed with signal 11(SIGSEGV)
PT_F40-2_bit_1-250 Test Num : 61
Inject into ../bin/hello
----- Type : 2_bit_1 Pos : PT_F40 -----
There are 1 faults will be injected in faulttable...
101036 microseconds
Fault on PT_F40(0X7feb79ca2ee0 -> 0X7fef79ca2ee4)
20 microseconds
[2016-10-27 12:17:31]Process 22524 termed with signal 11(SIGSEGV)
PT_F40-2_bit_1-250 Test Num : 62
Inject into ../bin/hello
----- Type : 2_bit_1 Pos : PT_F40 -----
There are 1 faults will be injected in faulttable...
101155 microseconds
Fault on PT_F40(0X7f964344cee0 -> 0X7f964344cee4)
27 microseconds
[2016-10-27 12:17:31]Process 22526 termed with signal 4(SIGILL)
PT_F40-2_bit_1-250 Test Num : 63
Inject into ../bin/hello
----- Type : 2_bit_1 Pos : PT_F40 -----
There are 1 faults will be injected in faulttable...
100116 microseconds
Fault on PT_F40(0X7f61d40e4ee0 -> 0X7f65d40e4ee4)
20 microseconds
[2016-10-27 12:17:31]Process 22529 termed with signal 11(SIGSEGV)
PT_F40-2_bit_1-250 Test Num : 64
Inject into ../bin/hello
----- Type : 2_bit_1 Pos : PT_F40 -----
There are 1 faults will be injected in faulttable...
101283 microseconds
Fault on PT_F40(0X7f72e1824ee0 -> 0X7f76e1824ee4)
23 microseconds
[2016-10-27 12:17:31]Process 22531 termed with signal 11(SIGSEGV)
PT_F40-2_bit_1-250 Test Num : 65
Inject into ../bin/hello
----- Type : 2_bit_1 Pos : PT_F40 -----
There are 1 faults will be injected in faulttable...
101011 microseconds
Fault on PT_F40(0X7f01b9fd6ee0 -> 0X7f05b9fd6ee4)
20 microseconds
[2016-10-27 12:17:31]Process 22535 termed with signal 11(SIGSEGV)
PT_F40-2_bit_1-250 Test Num : 66
Inject into ../bin/hello
----- Type : 2_bit_1 Pos : PT_F40 -----
There are 1 faults will be injected in faulttable...
101256 microseconds
Fault on PT_F40(0X7fd5feab8ee0 -> 0X7fd5feab8ee4)
31 microseconds
[2016-10-27 12:17:31]Process 22537 termed with signal 4(SIGILL)
PT_F40-2_bit_1-250 Test Num : 67
Inject into ../bin/hello
----- Type : 2_bit_1 Pos : PT_F40 -----
There are 1 faults will be injected in faulttable...
100108 microseconds
Fault on PT_F40(0X7faf9acc2ee0 -> 0X7faf9acc2ee4)
35 microseconds
[2016-10-27 12:17:31]Process 22539 termed with signal 4(SIGILL)
PT_F40-2_bit_1-250 Test Num : 68
Inject into ../bin/hello
----- Type : 2_bit_1 Pos : PT_F40 -----
There are 1 faults will be injected in faulttable...
101187 microseconds
Fault on PT_F40(0X7f56b75a0ee0 -> 0X7f56b75a0ee4)
33 microseconds
[2016-10-27 12:17:31]Process 22541 termed with signal 4(SIGILL)
PT_F40-2_bit_1-250 Test Num : 69
Inject into ../bin/hello
----- Type : 2_bit_1 Pos : PT_F40 -----
There are 1 faults will be injected in faulttable...
101286 microseconds
Fault on PT_F40(0X7fe222e5dee0 -> 0X7feaa2e5dee0)
14 microseconds
[2016-10-27 12:17:32]Process 22544 termed with signal 11(SIGSEGV)
PT_F40-2_bit_1-250 Test Num : 70
Inject into ../bin/hello
----- Type : 2_bit_1 Pos : PT_F40 -----
There are 1 faults will be injected in faulttable...
100988 microseconds
Fault on PT_F40(0X7f091885dee0 -> 0X7f099885dee0)
16 microseconds
[2016-10-27 12:17:32]Process 22547 termed with signal 11(SIGSEGV)
PT_F40-2_bit_1-250 Test Num : 71
Inject into ../bin/hello
----- Type : 2_bit_1 Pos : PT_F40 -----
There are 1 faults will be injected in faulttable...
101051 microseconds
Fault on PT_F40(0X7fe2acafdee0 -> 0X7feaacafdee0)
16 microseconds
[2016-10-27 12:17:32]Process 22549 termed with signal 11(SIGSEGV)
PT_F40-2_bit_1-250 Test Num : 72
Inject into ../bin/hello
----- Type : 2_bit_1 Pos : PT_F40 -----
There are 1 faults will be injected in faulttable...
100107 microseconds
Fault on PT_F40(0X7f89419e4ee0 -> 0X7f89c19e4ee0)
16 microseconds
[2016-10-27 12:17:32]Process 22551 termed with signal 11(SIGSEGV)
PT_F40-2_bit_1-250 Test Num : 73
Inject into ../bin/hello
----- Type : 2_bit_1 Pos : PT_F40 -----
There are 1 faults will be injected in faulttable...
101078 microseconds
Fault on PT_F40(0X7f32bb5d8ee0 -> 0X7f3abb5d8ee0)
21 microseconds
[2016-10-27 12:17:32]Process 22553 termed with signal 11(SIGSEGV)
PT_F40-2_bit_1-250 Test Num : 74
Inject into ../bin/hello
----- Type : 2_bit_1 Pos : PT_F40 -----
There are 1 faults will be injected in faulttable...
101179 microseconds
Fault on PT_F40(0X7f339e0b8ee0 -> 0X7f3b9e0b8ee0)
16 microseconds
[2016-10-27 12:17:32]Process 22555 termed with signal 11(SIGSEGV)
PT_F40-2_bit_1-250 Test Num : 75
Inject into ../bin/hello
----- Type : 2_bit_1 Pos : PT_F40 -----
There are 1 faults will be injected in faulttable...
101264 microseconds
Fault on PT_F40(0X7f6a72f92ee0 -> 0X7f6af2f92ee0)
13 microseconds
[2016-10-27 12:17:32]Process 22557 termed with signal 11(SIGSEGV)
PT_F40-2_bit_1-250 Test Num : 76
Inject into ../bin/hello
----- Type : 2_bit_1 Pos : PT_F40 -----
There are 1 faults will be injected in faulttable...
101099 microseconds
Fault on PT_F40(0X7fa2c4ba8ee0 -> 0X7faac4ba8ee0)
15 microseconds
[2016-10-27 12:17:32]Process 22559 termed with signal 11(SIGSEGV)
PT_F40-2_bit_1-250 Test Num : 77
Inject into ../bin/hello
----- Type : 2_bit_1 Pos : PT_F40 -----
There are 1 faults will be injected in faulttable...
101136 microseconds
Fault on PT_F40(0X7f75a2834ee0 -> 0X7f7da2834ee0)
16 microseconds
[2016-10-27 12:17:32]Process 22561 termed with signal 11(SIGSEGV)
PT_F40-2_bit_1-250 Test Num : 78
Inject into ../bin/hello
----- Type : 2_bit_1 Pos : PT_F40 -----
There are 1 faults will be injected in faulttable...
100082 microseconds
Fault on PT_F40(0X7f32b24fcee0 -> 0X80007f32b24fcee0)
10 microseconds
[2016-10-27 12:17:33]Process 22563 termed with signal 11(SIGSEGV)
PT_F40-2_bit_1-250 Test Num : 79
Inject into ../bin/hello
----- Type : 2_bit_1 Pos : PT_F40 -----
There are 1 faults will be injected in faulttable...
101132 microseconds
Fault on PT_F40(0X7f6b7f308ee0 -> 0X80007f6b7f308ee0)
15 microseconds
[2016-10-27 12:17:33]Process 22565 termed with signal 11(SIGSEGV)
PT_F40-2_bit_1-250 Test Num : 80
Inject into ../bin/hello
----- Type : 2_bit_1 Pos : PT_F40 -----
There are 1 faults will be injected in faulttable...
101125 microseconds
Fault on PT_F40(0X7f263a10fee0 -> 0X80007f263a10fee0)
13 microseconds
[2016-10-27 12:17:33]Process 22567 termed with signal 11(SIGSEGV)
PT_F40-2_bit_1-250 Test Num : 81
Inject into ../bin/hello
----- Type : 2_bit_1 Pos : PT_F40 -----
There are 1 faults will be injected in faulttable...
101267 microseconds
Fault on PT_F40(0X7f0d0ffebee0 -> 0X80007f0d0ffebee0)
50 microseconds
[2016-10-27 12:17:33]Process 22570 termed with signal 11(SIGSEGV)
PT_F40-2_bit_1-250 Test Num : 82
Inject into ../bin/hello
----- Type : 2_bit_1 Pos : PT_F40 -----
There are 1 faults will be injected in faulttable...
101165 microseconds
Fault on PT_F40(0X7f4802545ee0 -> 0X80007f4802545ee0)
18 microseconds
[2016-10-27 12:17:33]Process 22572 termed with signal 11(SIGSEGV)
PT_F40-2_bit_1-250 Test Num : 83
Inject into ../bin/hello
----- Type : 2_bit_1 Pos : PT_F40 -----
There are 1 faults will be injected in faulttable...
101218 microseconds
Fault on PT_F40(0X7fd3ed3c6ee0 -> 0X80007fd3ed3c6ee0)
12 microseconds
[2016-10-27 12:17:33]Process 22575 termed with signal 11(SIGSEGV)
PT_F40-2_bit_1-250 Test Num : 84
Inject into ../bin/hello
----- Type : 2_bit_1 Pos : PT_F40 -----
There are 1 faults will be injected in faulttable...
101018 microseconds
Fault on PT_F40(0X7f0b60d7dee0 -> 0X80007f0b60d7dee0)
10 microseconds
[2016-10-27 12:17:33]Process 22577 termed with signal 11(SIGSEGV)
PT_F40-2_bit_1-250 Test Num : 85
Inject into ../bin/hello
----- Type : 2_bit_1 Pos : PT_F40 -----
There are 1 faults will be injected in faulttable...
101035 microseconds
Fault on PT_F40(0X7f0f89446ee0 -> 0X80007f0f89446ee0)
11 microseconds
[2016-10-27 12:17:33]Process 22579 termed with signal 11(SIGSEGV)
PT_F40-2_bit_1-250 Test Num : 86
Inject into ../bin/hello
----- Type : 2_bit_1 Pos : PT_F40 -----
There are 1 faults will be injected in faulttable...
101090 microseconds
Fault on PT_F40(0X7f4bc051dee0 -> 0X80007f4bc051dee0)
15 microseconds
[2016-10-27 12:17:33]Process 22583 termed with signal 11(SIGSEGV)
PT_F40-2_bit_1-250 Test Num : 87
Inject into ../bin/hello
----- Type : 2_bit_1 Pos : PT_F40 -----
There are 1 faults will be injected in faulttable...
101080 microseconds
Fault on PT_F40(0X7f2557a7eee0 -> 0X107f2557a7eee8)
12 microseconds
[2016-10-27 12:17:34]Process 22585 termed with signal 11(SIGSEGV)
PT_F40-2_bit_1-250 Test Num : 88
Inject into ../bin/hello
----- Type : 2_bit_1 Pos : PT_F40 -----
There are 1 faults will be injected in faulttable...
101582 microseconds
Fault on PT_F40(0X7f66f578eee0 -> 0X107f66f578eee8)
20 microseconds
[2016-10-27 12:17:34]Process 22588 termed with signal 11(SIGSEGV)
PT_F40-2_bit_1-250 Test Num : 89
Inject into ../bin/hello
----- Type : 2_bit_1 Pos : PT_F40 -----
There are 1 faults will be injected in faulttable...
101431 microseconds
Fault on PT_F40(0X7f8c97426ee0 -> 0X107f8c97426ee8)
21 microseconds
[2016-10-27 12:17:34]Process 22591 termed with signal 11(SIGSEGV)
PT_F40-2_bit_1-250 Test Num : 90
Inject into ../bin/hello
----- Type : 2_bit_1 Pos : PT_F40 -----
There are 1 faults will be injected in faulttable...
101342 microseconds
Fault on PT_F40(0X7f1413afaee0 -> 0X107f1413afaee8)
15 microseconds
[2016-10-27 12:17:34]Process 22593 termed with signal 11(SIGSEGV)
PT_F40-2_bit_1-250 Test Num : 91
Inject into ../bin/hello
----- Type : 2_bit_1 Pos : PT_F40 -----
There are 1 faults will be injected in faulttable...
101054 microseconds
Fault on PT_F40(0X7f13aaa61ee0 -> 0X107f13aaa61ee8)
17 microseconds
[2016-10-27 12:17:34]Process 22596 termed with signal 11(SIGSEGV)
PT_F40-2_bit_1-250 Test Num : 92
Inject into ../bin/hello
----- Type : 2_bit_1 Pos : PT_F40 -----
There are 1 faults will be injected in faulttable...
101197 microseconds
Fault on PT_F40(0X7ff2f6e9bee0 -> 0X107ff2f6e9bee8)
12 microseconds
[2016-10-27 12:17:34]Process 22600 termed with signal 11(SIGSEGV)
PT_F40-2_bit_1-250 Test Num : 93
Inject into ../bin/hello
----- Type : 2_bit_1 Pos : PT_F40 -----
There are 1 faults will be injected in faulttable...
101088 microseconds
Fault on PT_F40(0X7f6f8dae2ee0 -> 0X107f6f8dae2ee8)
18 microseconds
[2016-10-27 12:17:34]Process 22603 termed with signal 11(SIGSEGV)
PT_F40-2_bit_1-250 Test Num : 94
Inject into ../bin/hello
----- Type : 2_bit_1 Pos : PT_F40 -----
There are 1 faults will be injected in faulttable...
101122 microseconds
Fault on PT_F40(0X7f8331d74ee0 -> 0X107f8331d74ee8)
15 microseconds
[2016-10-27 12:17:34]Process 22605 termed with signal 11(SIGSEGV)
PT_F40-2_bit_1-250 Test Num : 95
Inject into ../bin/hello
----- Type : 2_bit_1 Pos : PT_F40 -----
There are 1 faults will be injected in faulttable...
101139 microseconds
Fault on PT_F40(0X7f3a4254cee0 -> 0X107f3a4254cee8)
11 microseconds
[2016-10-27 12:17:34]Process 22607 termed with signal 11(SIGSEGV)
PT_F40-2_bit_1-250 Test Num : 96
Inject into ../bin/hello
----- Type : 2_bit_1 Pos : PT_F40 -----
There are 1 faults will be injected in faulttable...
101278 microseconds
Fault on PT_F40(0X7f89f83b4ee0 -> 0X40007f89f83b4ee0)
15 microseconds
[2016-10-27 12:17:35]Process 22609 termed with signal 11(SIGSEGV)
PT_F40-2_bit_1-250 Test Num : 97
Inject into ../bin/hello
----- Type : 2_bit_1 Pos : PT_F40 -----
There are 1 faults will be injected in faulttable...
101304 microseconds
Fault on PT_F40(0X7f16350edee0 -> 0X40007f16350edee0)
13 microseconds
[2016-10-27 12:17:35]Process 22611 termed with signal 11(SIGSEGV)
PT_F40-2_bit_1-250 Test Num : 98
Inject into ../bin/hello
----- Type : 2_bit_1 Pos : PT_F40 -----
There are 1 faults will be injected in faulttable...
101110 microseconds
Fault on PT_F40(0X7fa42d09dee0 -> 0X40007fa42d09dee0)
13 microseconds
[2016-10-27 12:17:35]Process 22615 termed with signal 11(SIGSEGV)
PT_F40-2_bit_1-250 Test Num : 99
Inject into ../bin/hello
----- Type : 2_bit_1 Pos : PT_F40 -----
There are 1 faults will be injected in faulttable...
100220 microseconds
Fault on PT_F40(0X7f4483d30ee0 -> 0X40007f4483d30ee0)
13 microseconds
[2016-10-27 12:17:35]Process 22617 termed with signal 11(SIGSEGV)
PT_F40-2_bit_1-250 Test Num : 100
Inject into ../bin/hello
----- Type : 2_bit_1 Pos : PT_F40 -----
There are 1 faults will be injected in faulttable...
101051 microseconds
Fault on PT_F40(0X7f0b184ecee0 -> 0X40007f0b184ecee0)
15 microseconds
[2016-10-27 12:17:35]Process 22619 termed with signal 11(SIGSEGV)
PT_F40-2_bit_1-250 Test Num : 101
Inject into ../bin/hello
----- Type : 2_bit_1 Pos : PT_F40 -----
There are 1 faults will be injected in faulttable...
100102 microseconds
Fault on PT_F40(0X7f610e317ee0 -> 0X40007f610e317ee0)
10 microseconds
[2016-10-27 12:17:35]Process 22621 termed with signal 11(SIGSEGV)
PT_F40-2_bit_1-250 Test Num : 102
Inject into ../bin/hello
----- Type : 2_bit_1 Pos : PT_F40 -----
There are 1 faults will be injected in faulttable...
101188 microseconds
Fault on PT_F40(0X7f3ee02ddee0 -> 0X40007f3ee02ddee0)
14 microseconds
[2016-10-27 12:17:35]Process 22623 termed with signal 11(SIGSEGV)
PT_F40-2_bit_1-250 Test Num : 103
Inject into ../bin/hello
----- Type : 2_bit_1 Pos : PT_F40 -----
There are 1 faults will be injected in faulttable...
101631 microseconds
Fault on PT_F40(0X7f5db336bee0 -> 0X40007f5db336bee0)
14 microseconds
[2016-10-27 12:17:35]Process 22625 termed with signal 11(SIGSEGV)
PT_F40-2_bit_1-250 Test Num : 104
Inject into ../bin/hello
----- Type : 2_bit_1 Pos : PT_F40 -----
There are 1 faults will be injected in faulttable...
101232 microseconds
Fault on PT_F40(0X7fa061921ee0 -> 0X40007fa061921ee0)
17 microseconds
[2016-10-27 12:17:35]Process 22627 termed with signal 11(SIGSEGV)
PT_F40-2_bit_1-250 Test Num : 105
Inject into ../bin/hello
----- Type : 2_bit_1 Pos : PT_F40 -----
There are 1 faults will be injected in faulttable...
100217 microseconds
Fault on PT_F40(0X7f76b2c88ee0 -> 0X7f76b2c98ef0)
21 microseconds
[2016-10-27 12:17:36]Process 22629 termed with signal 11(SIGSEGV)
PT_F40-2_bit_1-250 Test Num : 106
Inject into ../bin/hello
----- Type : 2_bit_1 Pos : PT_F40 -----
There are 1 faults will be injected in faulttable...
100116 microseconds
Fault on PT_F40(0X7f2c5f7bdee0 -> 0X7f2c5f7bdef0)
19 microseconds
[2016-10-27 12:17:36]Process 22631 termed with signal 11(SIGSEGV)
PT_F40-2_bit_1-250 Test Num : 107
Inject into ../bin/hello
----- Type : 2_bit_1 Pos : PT_F40 -----
There are 1 faults will be injected in faulttable...
101066 microseconds
Fault on PT_F40(0X7f5dd9642ee0 -> 0X7f5dd9652ef0)
22 microseconds
[2016-10-27 12:17:36]Process 22633 termed with signal 11(SIGSEGV)
PT_F40-2_bit_1-250 Test Num : 108
Inject into ../bin/hello
----- Type : 2_bit_1 Pos : PT_F40 -----
There are 1 faults will be injected in faulttable...
101326 microseconds
Fault on PT_F40(0X7f04b4726ee0 -> 0X7f04b4736ef0)
24 microseconds
[2016-10-27 12:17:36]Process 22635 termed with signal 11(SIGSEGV)
PT_F40-2_bit_1-250 Test Num : 109
Inject into ../bin/hello
----- Type : 2_bit_1 Pos : PT_F40 -----
There are 1 faults will be injected in faulttable...
101193 microseconds
Fault on PT_F40(0X7fc779f3dee0 -> 0X7fc779f3def0)
14 microseconds
[2016-10-27 12:17:36]Process 22637 termed with signal 11(SIGSEGV)
PT_F40-2_bit_1-250 Test Num : 110
Inject into ../bin/hello
----- Type : 2_bit_1 Pos : PT_F40 -----
There are 1 faults will be injected in faulttable...
100152 microseconds
Fault on PT_F40(0X7f0c85245ee0 -> 0X7f0c85255ef0)
34 microseconds
[2016-10-27 12:17:36]Process 22639 termed with signal 11(SIGSEGV)
PT_F40-2_bit_1-250 Test Num : 111
Inject into ../bin/hello
----- Type : 2_bit_1 Pos : PT_F40 -----
There are 1 faults will be injected in faulttable...
100083 microseconds
Fault on PT_F40(0X7f80968cfee0 -> 0X7f80968dfef0)
19 microseconds
[2016-10-27 12:17:36]Process 22641 termed with signal 11(SIGSEGV)
PT_F40-2_bit_1-250 Test Num : 112
Inject into ../bin/hello
----- Type : 2_bit_1 Pos : PT_F40 -----
There are 1 faults will be injected in faulttable...
101132 microseconds
Fault on PT_F40(0X7f00ee4a5ee0 -> 0X7f00ee4b5ef0)
19 microseconds
[2016-10-27 12:17:36]Process 22643 termed with signal 11(SIGSEGV)
PT_F40-2_bit_1-250 Test Num : 113
Inject into ../bin/hello
----- Type : 2_bit_1 Pos : PT_F40 -----
There are 1 faults will be injected in faulttable...
101193 microseconds
Fault on PT_F40(0X7fb37c066ee0 -> 0X7fb37c076ef0)
214 microseconds
[2016-10-27 12:17:36]Process 22645 termed with signal 11(SIGSEGV)
PT_F40-2_bit_1-250 Test Num : 114
Inject into ../bin/hello
----- Type : 2_bit_1 Pos : PT_F40 -----
There are 1 faults will be injected in faulttable...
101498 microseconds
Fault on PT_F40(0X7f8adccbdee0 -> 0X7f8adccbdef0)
10 microseconds
[2016-10-27 12:17:36]Process 22647 termed with signal 11(SIGSEGV)
PT_F40-2_bit_1-250 Test Num : 115
Inject into ../bin/hello
----- Type : 2_bit_1 Pos : PT_F40 -----
There are 1 faults will be injected in faulttable...
101185 microseconds
Fault on PT_F40(0X7fd80713aee0 -> 0X7fd80713aee4)
21 microseconds
[2016-10-27 12:17:37]Process 22649 termed with signal 4(SIGILL)
PT_F40-2_bit_1-250 Test Num : 116
Inject into ../bin/hello
----- Type : 2_bit_1 Pos : PT_F40 -----
There are 1 faults will be injected in faulttable...
101032 microseconds
Fault on PT_F40(0X7f602d8feee0 -> 0X7f602d8feee4)
19 microseconds
[2016-10-27 12:17:37]Process 22651 termed with signal 4(SIGILL)
PT_F40-2_bit_1-250 Test Num : 117
Inject into ../bin/hello
----- Type : 2_bit_1 Pos : PT_F40 -----
There are 1 faults will be injected in faulttable...
101108 microseconds
Fault on PT_F40(0X7f2f87e69ee0 -> 0X7f6f87e69ee4)
13 microseconds
[2016-10-27 12:17:37]Process 22653 termed with signal 11(SIGSEGV)
PT_F40-2_bit_1-250 Test Num : 118
Inject into ../bin/hello
----- Type : 2_bit_1 Pos : PT_F40 -----
There are 1 faults will be injected in faulttable...
101205 microseconds
Fault on PT_F40(0X7f3aabd02ee0 -> 0X7f7aabd02ee4)
21 microseconds
[2016-10-27 12:17:37]Process 22655 termed with signal 11(SIGSEGV)
PT_F40-2_bit_1-250 Test Num : 119
Inject into ../bin/hello
----- Type : 2_bit_1 Pos : PT_F40 -----
There are 1 faults will be injected in faulttable...
101549 microseconds
Fault on PT_F40(0X7f14b9d37ee0 -> 0X7f54b9d37ee4)
27 microseconds
[2016-10-27 12:17:37]Process 22657 termed with signal 11(SIGSEGV)
PT_F40-2_bit_1-250 Test Num : 120
Inject into ../bin/hello
----- Type : 2_bit_1 Pos : PT_F40 -----
There are 1 faults will be injected in faulttable...
100959 microseconds
Fault on PT_F40(0X7f43b09b9ee0 -> 0X7f43b09b9ee4)
20 microseconds
[2016-10-27 12:17:37]Process 22659 termed with signal 4(SIGILL)
PT_F40-2_bit_1-250 Test Num : 121
Inject into ../bin/hello
----- Type : 2_bit_1 Pos : PT_F40 -----
There are 1 faults will be injected in faulttable...
100165 microseconds
Fault on PT_F40(0X7f4470ad6ee0 -> 0X7f4470ad6ee4)
21 microseconds
[2016-10-27 12:17:37]Process 22661 termed with signal 4(SIGILL)
PT_F40-2_bit_1-250 Test Num : 122
Inject into ../bin/hello
----- Type : 2_bit_1 Pos : PT_F40 -----
There are 1 faults will be injected in faulttable...
101395 microseconds
Fault on PT_F40(0X7f6ad74d4ee0 -> 0X7f6ad74d4ee4)
29 microseconds
[2016-10-27 12:17:37]Process 22663 termed with signal 4(SIGILL)
PT_F40-2_bit_1-250 Test Num : 123
Inject into ../bin/hello
----- Type : 2_bit_1 Pos : PT_F40 -----
There are 1 faults will be injected in faulttable...
100105 microseconds
Fault on PT_F40(0X7f8f6178cee0 -> 0X7fcf6178cee4)
18 microseconds
[2016-10-27 12:17:37]Process 22665 termed with signal 11(SIGSEGV)
PT_F40-2_bit_1-250 Test Num : 124
Inject into ../bin/hello
----- Type : 2_bit_1 Pos : PT_F40 -----
There are 1 faults will be injected in faulttable...
101236 microseconds
Fault on PT_F40(0X7f3c275fcee0 -> 0X47f3c275fcee0)
12 microseconds
[2016-10-27 12:17:38]Process 22667 termed with signal 11(SIGSEGV)
PT_F40-2_bit_1-250 Test Num : 125
Inject into ../bin/hello
----- Type : 2_bit_1 Pos : PT_F40 -----
There are 1 faults will be injected in faulttable...
101245 microseconds
Fault on PT_F40(0X7f2323bbdee0 -> 0X47f2327bbdee0)
12 microseconds
[2016-10-27 12:17:38]Process 22669 termed with signal 11(SIGSEGV)
PT_F40-2_bit_1-250 Test Num : 126
Inject into ../bin/hello
----- Type : 2_bit_1 Pos : PT_F40 -----
There are 1 faults will be injected in faulttable...
101071 microseconds
Fault on PT_F40(0X7fd431ffeee0 -> 0X47fd435ffeee0)
12 microseconds
[2016-10-27 12:17:38]Process 22671 termed with signal 11(SIGSEGV)
PT_F40-2_bit_1-250 Test Num : 127
Inject into ../bin/hello
----- Type : 2_bit_1 Pos : PT_F40 -----
There are 1 faults will be injected in faulttable...
101150 microseconds
Fault on PT_F40(0X7fd0ec871ee0 -> 0X47fd0ec871ee0)
20 microseconds
[2016-10-27 12:17:38]Process 22673 termed with signal 11(SIGSEGV)
PT_F40-2_bit_1-250 Test Num : 128
Inject into ../bin/hello
----- Type : 2_bit_1 Pos : PT_F40 -----
There are 1 faults will be injected in faulttable...
101320 microseconds
Fault on PT_F40(0X7f5d05491ee0 -> 0X47f5d05491ee0)
12 microseconds
[2016-10-27 12:17:38]Process 22675 termed with signal 11(SIGSEGV)
PT_F40-2_bit_1-250 Test Num : 129
Inject into ../bin/hello
----- Type : 2_bit_1 Pos : PT_F40 -----
There are 1 faults will be injected in faulttable...
101178 microseconds
Fault on PT_F40(0X7ff8ea3ddee0 -> 0X47ff8ee3ddee0)
22 microseconds
[2016-10-27 12:17:38]Process 22677 termed with signal 11(SIGSEGV)
PT_F40-2_bit_1-250 Test Num : 130
Inject into ../bin/hello
----- Type : 2_bit_1 Pos : PT_F40 -----
There are 1 faults will be injected in faulttable...
101052 microseconds
Fault on PT_F40(0X7f7c90705ee0 -> 0X47f7c94705ee0)
11 microseconds
[2016-10-27 12:17:38]Process 22679 termed with signal 11(SIGSEGV)
PT_F40-2_bit_1-250 Test Num : 131
Inject into ../bin/hello
----- Type : 2_bit_1 Pos : PT_F40 -----
There are 1 faults will be injected in faulttable...
101158 microseconds
Fault on PT_F40(0X7f6f1cbddee0 -> 0X47f6f1cbddee0)
14 microseconds
[2016-10-27 12:17:38]Process 22681 termed with signal 11(SIGSEGV)
PT_F40-2_bit_1-250 Test Num : 132
Inject into ../bin/hello
----- Type : 2_bit_1 Pos : PT_F40 -----
There are 1 faults will be injected in faulttable...
101283 microseconds
Fault on PT_F40(0X7f5611a55ee0 -> 0X47f5615a55ee0)
20 microseconds
[2016-10-27 12:17:38]Process 22683 termed with signal 11(SIGSEGV)
PT_F40-2_bit_1-250 Test Num : 133
Inject into ../bin/hello
----- Type : 2_bit_1 Pos : PT_F40 -----
There are 1 faults will be injected in faulttable...
100242 microseconds
Fault on PT_F40(0X7f617085bee0 -> 0X10007f617085bee0)
18 microseconds
[2016-10-27 12:17:39]Process 22685 termed with signal 11(SIGSEGV)
PT_F40-2_bit_1-250 Test Num : 134
Inject into ../bin/hello
----- Type : 2_bit_1 Pos : PT_F40 -----
There are 1 faults will be injected in faulttable...
101278 microseconds
Fault on PT_F40(0X7f4e593b0ee0 -> 0X10007f4e593b0ee0)
14 microseconds
[2016-10-27 12:17:39]Process 22687 termed with signal 11(SIGSEGV)
PT_F40-2_bit_1-250 Test Num : 135
Inject into ../bin/hello
----- Type : 2_bit_1 Pos : PT_F40 -----
There are 1 faults will be injected in faulttable...
101075 microseconds
Fault on PT_F40(0X7fda69499ee0 -> 0X10007fda79499ee0)
11 microseconds
[2016-10-27 12:17:39]Process 22689 termed with signal 11(SIGSEGV)
PT_F40-2_bit_1-250 Test Num : 136
Inject into ../bin/hello
----- Type : 2_bit_1 Pos : PT_F40 -----
There are 1 faults will be injected in faulttable...
101468 microseconds
Fault on PT_F40(0X7f190e05eee0 -> 0X10007f191e05eee0)
18 microseconds
[2016-10-27 12:17:39]Process 22691 termed with signal 11(SIGSEGV)
PT_F40-2_bit_1-250 Test Num : 137
Inject into ../bin/hello
----- Type : 2_bit_1 Pos : PT_F40 -----
There are 1 faults will be injected in faulttable...
101662 microseconds
Fault on PT_F40(0X7f7f56856ee0 -> 0X10007f7f56856ee0)
21 microseconds
[2016-10-27 12:17:39]Process 22693 termed with signal 11(SIGSEGV)
PT_F40-2_bit_1-250 Test Num : 138
Inject into ../bin/hello
----- Type : 2_bit_1 Pos : PT_F40 -----
There are 1 faults will be injected in faulttable...
101076 microseconds
Fault on PT_F40(0X7f0b41fdfee0 -> 0X10007f0b51fdfee0)
12 microseconds
[2016-10-27 12:17:39]Process 22695 termed with signal 11(SIGSEGV)
PT_F40-2_bit_1-250 Test Num : 139
Inject into ../bin/hello
----- Type : 2_bit_1 Pos : PT_F40 -----
There are 1 faults will be injected in faulttable...
100068 microseconds
Fault on PT_F40(0X7f144cbadee0 -> 0X10007f145cbadee0)
11 microseconds
[2016-10-27 12:17:39]Process 22697 termed with signal 11(SIGSEGV)
PT_F40-2_bit_1-250 Test Num : 140
Inject into ../bin/hello
----- Type : 2_bit_1 Pos : PT_F40 -----
There are 1 faults will be injected in faulttable...
101131 microseconds
Fault on PT_F40(0X7f48766b7ee0 -> 0X10007f48766b7ee0)
13 microseconds
[2016-10-27 12:17:39]Process 22699 termed with signal 11(SIGSEGV)
PT_F40-2_bit_1-250 Test Num : 141
Inject into ../bin/hello
----- Type : 2_bit_1 Pos : PT_F40 -----
There are 1 faults will be injected in faulttable...
101107 microseconds
Fault on PT_F40(0X7f7976370ee0 -> 0X10007f7976370ee0)
18 microseconds
[2016-10-27 12:17:39]Process 22701 termed with signal 11(SIGSEGV)
PT_F40-2_bit_1-250 Test Num : 142
Inject into ../bin/hello
----- Type : 2_bit_1 Pos : PT_F40 -----
There are 1 faults will be injected in faulttable...
101497 microseconds
Fault on PT_F40(0X7f22f54fcee0 -> 0X27f22f54fcee0)
10 microseconds
[2016-10-27 12:17:40]Process 22703 termed with signal 11(SIGSEGV)
PT_F40-2_bit_1-250 Test Num : 143
Inject into ../bin/hello
----- Type : 2_bit_1 Pos : PT_F40 -----
There are 1 faults will be injected in faulttable...
101526 microseconds
Fault on PT_F40(0X7f6a9272fee0 -> 0X27f6a9273fee0)
20 microseconds
[2016-10-27 12:17:40]Process 22705 termed with signal 11(SIGSEGV)
PT_F40-2_bit_1-250 Test Num : 144
Inject into ../bin/hello
----- Type : 2_bit_1 Pos : PT_F40 -----
There are 1 faults will be injected in faulttable...
100943 microseconds
Fault on PT_F40(0X7ffb99d0dee0 -> 0X27ffb99d1dee0)
12 microseconds
[2016-10-27 12:17:40]Process 22707 termed with signal 11(SIGSEGV)
PT_F40-2_bit_1-250 Test Num : 145
Inject into ../bin/hello
----- Type : 2_bit_1 Pos : PT_F40 -----
There are 1 faults will be injected in faulttable...
100081 microseconds
Fault on PT_F40(0X7fc868bebee0 -> 0X27fc868bfbee0)
24 microseconds
[2016-10-27 12:17:40]Process 22709 termed with signal 11(SIGSEGV)
PT_F40-2_bit_1-250 Test Num : 146
Inject into ../bin/hello
----- Type : 2_bit_1 Pos : PT_F40 -----
There are 1 faults will be injected in faulttable...
101010 microseconds
Fault on PT_F40(0X7f2b7bc9cee0 -> 0X27f2b7bc9cee0)
18 microseconds
[2016-10-27 12:17:40]Process 22711 termed with signal 11(SIGSEGV)
PT_F40-2_bit_1-250 Test Num : 147
Inject into ../bin/hello
----- Type : 2_bit_1 Pos : PT_F40 -----
There are 1 faults will be injected in faulttable...
101000 microseconds
Fault on PT_F40(0X7f6eb1a2eee0 -> 0X27f6eb1a3eee0)
13 microseconds
[2016-10-27 12:17:40]Process 22713 termed with signal 11(SIGSEGV)
PT_F40-2_bit_1-250 Test Num : 148
Inject into ../bin/hello
----- Type : 2_bit_1 Pos : PT_F40 -----
There are 1 faults will be injected in faulttable...
100088 microseconds
Fault on PT_F40(0X7f9a4ed2dee0 -> 0X27f9a4ed3dee0)
20 microseconds
[2016-10-27 12:17:40]Process 22715 termed with signal 11(SIGSEGV)
PT_F40-2_bit_1-250 Test Num : 149
Inject into ../bin/hello
----- Type : 2_bit_1 Pos : PT_F40 -----
There are 1 faults will be injected in faulttable...
101370 microseconds
Fault on PT_F40(0X7fa12f59eee0 -> 0X27fa12f59eee0)
20 microseconds
[2016-10-27 12:17:40]Process 22718 termed with signal 11(SIGSEGV)
PT_F40-2_bit_1-250 Test Num : 150
Inject into ../bin/hello
----- Type : 2_bit_1 Pos : PT_F40 -----
There are 1 faults will be injected in faulttable...
100083 microseconds
Fault on PT_F40(0X7f32b0a2bee0 -> 0X27f32b0a3bee0)
17 microseconds
[2016-10-27 12:17:40]Process 22720 termed with signal 11(SIGSEGV)
PT_F40-2_bit_1-250 Test Num : 151
Inject into ../bin/hello
----- Type : 2_bit_1 Pos : PT_F40 -----
There are 1 faults will be injected in faulttable...
101208 microseconds
Fault on PT_F40(0X7fcf338a6ee0 -> 0X7fcf338a6ee0)
3000090 microseconds
timeout
[2016-10-27 12:17:44]Process 22722 termed with signal 14(SIGALRM)
PT_F40-2_bit_1-250 Test Num : 152
Inject into ../bin/hello
----- Type : 2_bit_1 Pos : PT_F40 -----
There are 1 faults will be injected in faulttable...
101181 microseconds
Fault on PT_F40(0X7fc6bf9adee0 -> 0X80007fc6bfbadee0)
15 microseconds
[2016-10-27 12:17:44]Process 22724 termed with signal 11(SIGSEGV)
PT_F40-2_bit_1-250 Test Num : 153
Inject into ../bin/hello
----- Type : 2_bit_1 Pos : PT_F40 -----
There are 1 faults will be injected in faulttable...
101117 microseconds
Fault on PT_F40(0X7fa9517e7ee0 -> 0X80007fa9517e7ee0)
20 microseconds
[2016-10-27 12:17:44]Process 22726 termed with signal 11(SIGSEGV)
PT_F40-2_bit_1-250 Test Num : 154
Inject into ../bin/hello
----- Type : 2_bit_1 Pos : PT_F40 -----
There are 1 faults will be injected in faulttable...
101472 microseconds
Fault on PT_F40(0X7f7571b96ee0 -> 0X80007f7571b96ee0)
15 microseconds
[2016-10-27 12:17:44]Process 22728 termed with signal 11(SIGSEGV)
PT_F40-2_bit_1-250 Test Num : 155
Inject into ../bin/hello
----- Type : 2_bit_1 Pos : PT_F40 -----
There are 1 faults will be injected in faulttable...
101137 microseconds
Fault on PT_F40(0X7f344551aee0 -> 0X80007f344571aee0)
12 microseconds
[2016-10-27 12:17:44]Process 22730 termed with signal 11(SIGSEGV)
PT_F40-2_bit_1-250 Test Num : 156
Inject into ../bin/hello
----- Type : 2_bit_1 Pos : PT_F40 -----
There are 1 faults will be injected in faulttable...
101063 microseconds
Fault on PT_F40(0X7f260b4b7ee0 -> 0X80007f260b6b7ee0)
19 microseconds
[2016-10-27 12:17:44]Process 22732 termed with signal 11(SIGSEGV)
PT_F40-2_bit_1-250 Test Num : 157
Inject into ../bin/hello
----- Type : 2_bit_1 Pos : PT_F40 -----
There are 1 faults will be injected in faulttable...
101071 microseconds
Fault on PT_F40(0X7f0ee81aaee0 -> 0X80007f0ee83aaee0)
18 microseconds
[2016-10-27 12:17:44]Process 22734 termed with signal 11(SIGSEGV)
PT_F40-2_bit_1-250 Test Num : 158
Inject into ../bin/hello
----- Type : 2_bit_1 Pos : PT_F40 -----
There are 1 faults will be injected in faulttable...
101421 microseconds
Fault on PT_F40(0X7f66c8c2bee0 -> 0X80007f66c8e2bee0)
18 microseconds
[2016-10-27 12:17:44]Process 22736 termed with signal 11(SIGSEGV)
PT_F40-2_bit_1-250 Test Num : 159
Inject into ../bin/hello
----- Type : 2_bit_1 Pos : PT_F40 -----
There are 1 faults will be injected in faulttable...
101277 microseconds
Fault on PT_F40(0X7f1491286ee0 -> 0X80007f1491286ee0)
18 microseconds
[2016-10-27 12:17:44]Process 22738 termed with signal 11(SIGSEGV)
PT_F40-2_bit_1-250 Test Num : 160
Inject into ../bin/hello
----- Type : 2_bit_1 Pos : PT_F40 -----
There are 1 faults will be injected in faulttable...
101236 microseconds
Fault on PT_F40(0X7f9c63bf7ee0 -> 0X2007f9d63bf7ee0)
17 microseconds
[2016-10-27 12:17:45]Process 22740 termed with signal 11(SIGSEGV)
PT_F40-2_bit_1-250 Test Num : 161
Inject into ../bin/hello
----- Type : 2_bit_1 Pos : PT_F40 -----
There are 1 faults will be injected in faulttable...
101069 microseconds
Fault on PT_F40(0X7fbea0752ee0 -> 0X2007fbfa0752ee0)
16 microseconds
[2016-10-27 12:17:45]Process 22742 termed with signal 11(SIGSEGV)
PT_F40-2_bit_1-250 Test Num : 162
Inject into ../bin/hello
----- Type : 2_bit_1 Pos : PT_F40 -----
There are 1 faults will be injected in faulttable...
101322 microseconds
Fault on PT_F40(0X7efd9ff4aee0 -> 0X2007efd9ff4aee0)
31 microseconds
[2016-10-27 12:17:45]Process 22744 termed with signal 11(SIGSEGV)
PT_F40-2_bit_1-250 Test Num : 163
Inject into ../bin/hello
----- Type : 2_bit_1 Pos : PT_F40 -----
There are 1 faults will be injected in faulttable...
101264 microseconds
Fault on PT_F40(0X7f8274638ee0 -> 0X2007f8374638ee0)
13 microseconds
[2016-10-27 12:17:45]Process 22746 termed with signal 11(SIGSEGV)
PT_F40-2_bit_1-250 Test Num : 164
Inject into ../bin/hello
----- Type : 2_bit_1 Pos : PT_F40 -----
There are 1 faults will be injected in faulttable...
101199 microseconds
Fault on PT_F40(0X7ffa8153eee0 -> 0X2007ffb8153eee0)
16 microseconds
[2016-10-27 12:17:45]Process 22750 termed with signal 11(SIGSEGV)
PT_F40-2_bit_1-250 Test Num : 165
Inject into ../bin/hello
----- Type : 2_bit_1 Pos : PT_F40 -----
There are 1 faults will be injected in faulttable...
101185 microseconds
Fault on PT_F40(0X7fc60e4a3ee0 -> 0X2007fc70e4a3ee0)
15 microseconds
[2016-10-27 12:17:45]Process 22752 termed with signal 11(SIGSEGV)
PT_F40-2_bit_1-250 Test Num : 166
Inject into ../bin/hello
----- Type : 2_bit_1 Pos : PT_F40 -----
There are 1 faults will be injected in faulttable...
101360 microseconds
Fault on PT_F40(0X7f3ac0013ee0 -> 0X2007f3bc0013ee0)
13 microseconds
[2016-10-27 12:17:45]Process 22754 termed with signal 11(SIGSEGV)
PT_F40-2_bit_1-250 Test Num : 167
Inject into ../bin/hello
----- Type : 2_bit_1 Pos : PT_F40 -----
There are 1 faults will be injected in faulttable...
100278 microseconds
Fault on PT_F40(0X7f0f7d4d3ee0 -> 0X2007f0f7d4d3ee0)
14 microseconds
[2016-10-27 12:17:45]Process 22757 termed with signal 11(SIGSEGV)
PT_F40-2_bit_1-250 Test Num : 168
Inject into ../bin/hello
----- Type : 2_bit_1 Pos : PT_F40 -----
There are 1 faults will be injected in faulttable...
100974 microseconds
Fault on PT_F40(0X7f7d3972fee0 -> 0X2007f7d3972fee0)
10 microseconds
[2016-10-27 12:17:45]Process 22760 termed with signal 11(SIGSEGV)
PT_F40-2_bit_1-250 Test Num : 169
Inject into ../bin/hello
----- Type : 2_bit_1 Pos : PT_F40 -----
There are 1 faults will be injected in faulttable...
101084 microseconds
Fault on PT_F40(0X7fc6df85bee0 -> 0X7fc6df85bfe0)
27 microseconds
[2016-10-27 12:17:46]Process 22762 termed with signal 4(SIGILL)
PT_F40-2_bit_1-250 Test Num : 170
Inject into ../bin/hello
----- Type : 2_bit_1 Pos : PT_F40 -----
There are 1 faults will be injected in faulttable...
100089 microseconds
Fault on PT_F40(0X7fdf537a7ee0 -> 0X7fdf5b7a7fe0)
11 microseconds
[2016-10-27 12:17:46]Process 22764 termed with signal 11(SIGSEGV)
PT_F40-2_bit_1-250 Test Num : 171
Inject into ../bin/hello
----- Type : 2_bit_1 Pos : PT_F40 -----
There are 1 faults will be injected in faulttable...
101122 microseconds
Fault on PT_F40(0X7fd10e1d3ee0 -> 0X7fd10e1d3fe0)
39 microseconds
[2016-10-27 12:17:46]Process 22766 termed with signal 4(SIGILL)
PT_F40-2_bit_1-250 Test Num : 172
Inject into ../bin/hello
----- Type : 2_bit_1 Pos : PT_F40 -----
There are 1 faults will be injected in faulttable...
101660 microseconds
Fault on PT_F40(0X7f949d969ee0 -> 0X7f949d969fe0)
33 microseconds
[2016-10-27 12:17:46]Process 22768 termed with signal 4(SIGILL)
PT_F40-2_bit_1-250 Test Num : 173
Inject into ../bin/hello
----- Type : 2_bit_1 Pos : PT_F40 -----
There are 1 faults will be injected in faulttable...
101562 microseconds
Fault on PT_F40(0X7f1fbc2f7ee0 -> 0X7f1fbc2f7fe0)
32 microseconds
[2016-10-27 12:17:46]Process 22770 termed with signal 4(SIGILL)
PT_F40-2_bit_1-250 Test Num : 174
Inject into ../bin/hello
----- Type : 2_bit_1 Pos : PT_F40 -----
There are 1 faults will be injected in faulttable...
101796 microseconds
Fault on PT_F40(0X7f797fd3aee0 -> 0X7f797fd3afe0)
30 microseconds
[2016-10-27 12:17:46]Process 22772 termed with signal 4(SIGILL)
PT_F40-2_bit_1-250 Test Num : 175
Inject into ../bin/hello
----- Type : 2_bit_1 Pos : PT_F40 -----
There are 1 faults will be injected in faulttable...
100079 microseconds
Fault on PT_F40(0X7f647a739ee0 -> 0X7f647a739fe0)
22 microseconds
[2016-10-27 12:17:46]Process 22774 termed with signal 4(SIGILL)
PT_F40-2_bit_1-250 Test Num : 176
Inject into ../bin/hello
----- Type : 2_bit_1 Pos : PT_F40 -----
There are 1 faults will be injected in faulttable...
101023 microseconds
Fault on PT_F40(0X7fc5183f6ee0 -> 0X7fc5183f6fe0)
23 microseconds
[2016-10-27 12:17:46]Process 22776 termed with signal 4(SIGILL)
PT_F40-2_bit_1-250 Test Num : 177
Inject into ../bin/hello
----- Type : 2_bit_1 Pos : PT_F40 -----
There are 1 faults will be injected in faulttable...
101058 microseconds
Fault on PT_F40(0X7fbdc378eee0 -> 0X7fbdcb78efe0)
20 microseconds
[2016-10-27 12:17:46]Process 22778 termed with signal 11(SIGSEGV)
PT_F40-2_bit_1-250 Test Num : 178
Inject into ../bin/hello
----- Type : 2_bit_1 Pos : PT_F40 -----
There are 1 faults will be injected in faulttable...
101037 microseconds
Fault on PT_F40(0X7f39b8709ee0 -> 0X47f39b870dee0)
17 microseconds
[2016-10-27 12:17:47]Process 22780 termed with signal 11(SIGSEGV)
PT_F40-2_bit_1-250 Test Num : 179
Inject into ../bin/hello
----- Type : 2_bit_1 Pos : PT_F40 -----
There are 1 faults will be injected in faulttable...
100084 microseconds
Fault on PT_F40(0X7f0d9adc1ee0 -> 0X47f0d9adc5ee0)
17 microseconds
[2016-10-27 12:17:47]Process 22782 termed with signal 11(SIGSEGV)
PT_F40-2_bit_1-250 Test Num : 180
Inject into ../bin/hello
----- Type : 2_bit_1 Pos : PT_F40 -----
There are 1 faults will be injected in faulttable...
100070 microseconds
Fault on PT_F40(0X7fb1d8b72ee0 -> 0X47fb1d8b76ee0)
11 microseconds
[2016-10-27 12:17:47]Process 22784 termed with signal 11(SIGSEGV)
PT_F40-2_bit_1-250 Test Num : 181
Inject into ../bin/hello
----- Type : 2_bit_1 Pos : PT_F40 -----
There are 1 faults will be injected in faulttable...
101054 microseconds
Fault on PT_F40(0X7f11caa4cee0 -> 0X47f11caa4cee0)
20 microseconds
[2016-10-27 12:17:47]Process 22786 termed with signal 11(SIGSEGV)
PT_F40-2_bit_1-250 Test Num : 182
Inject into ../bin/hello
----- Type : 2_bit_1 Pos : PT_F40 -----
There are 1 faults will be injected in faulttable...
101624 microseconds
Fault on PT_F40(0X7f01dec9cee0 -> 0X47f01dec9cee0)
19 microseconds
[2016-10-27 12:17:47]Process 22788 termed with signal 11(SIGSEGV)
PT_F40-2_bit_1-250 Test Num : 183
Inject into ../bin/hello
----- Type : 2_bit_1 Pos : PT_F40 -----
There are 1 faults will be injected in faulttable...
101116 microseconds
Fault on PT_F40(0X7ff53f291ee0 -> 0X47ff53f295ee0)
12 microseconds
[2016-10-27 12:17:47]Process 22790 termed with signal 11(SIGSEGV)
PT_F40-2_bit_1-250 Test Num : 184
Inject into ../bin/hello
----- Type : 2_bit_1 Pos : PT_F40 -----
There are 1 faults will be injected in faulttable...
100258 microseconds
Fault on PT_F40(0X7fe8e1dcdee0 -> 0X47fe8e1dcdee0)
13 microseconds
[2016-10-27 12:17:47]Process 22792 termed with signal 11(SIGSEGV)
PT_F40-2_bit_1-250 Test Num : 185
Inject into ../bin/hello
----- Type : 2_bit_1 Pos : PT_F40 -----
There are 1 faults will be injected in faulttable...
101345 microseconds
Fault on PT_F40(0X7f3bfa6bfee0 -> 0X47f3bfa6bfee0)
10 microseconds
[2016-10-27 12:17:47]Process 22794 termed with signal 11(SIGSEGV)
PT_F40-2_bit_1-250 Test Num : 186
Inject into ../bin/hello
----- Type : 2_bit_1 Pos : PT_F40 -----
There are 1 faults will be injected in faulttable...
101224 microseconds
Fault on PT_F40(0X7f2a1f4ebee0 -> 0X47f2a1f4efee0)
17 microseconds
[2016-10-27 12:17:47]Process 22796 termed with signal 11(SIGSEGV)
PT_F40-2_bit_1-250 Test Num : 187
Inject into ../bin/hello
----- Type : 2_bit_1 Pos : PT_F40 -----
There are 1 faults will be injected in faulttable...
101653 microseconds
Fault on PT_F40(0X7f2887deaee0 -> 0X80007f2887deaee0)
19 microseconds
[2016-10-27 12:17:48]Process 22798 termed with signal 11(SIGSEGV)
PT_F40-2_bit_1-250 Test Num : 188
Inject into ../bin/hello
----- Type : 2_bit_1 Pos : PT_F40 -----
There are 1 faults will be injected in faulttable...
101298 microseconds
Fault on PT_F40(0X7fac3e30eee0 -> 0X80007fac3e34eee0)
17 microseconds
[2016-10-27 12:17:48]Process 22800 termed with signal 11(SIGSEGV)
PT_F40-2_bit_1-250 Test Num : 189
Inject into ../bin/hello
----- Type : 2_bit_1 Pos : PT_F40 -----
There are 1 faults will be injected in faulttable...
101004 microseconds
Fault on PT_F40(0X7f0c22f66ee0 -> 0X80007f0c22f66ee0)
16 microseconds
[2016-10-27 12:17:48]Process 22802 termed with signal 11(SIGSEGV)
PT_F40-2_bit_1-250 Test Num : 190
Inject into ../bin/hello
----- Type : 2_bit_1 Pos : PT_F40 -----
There are 1 faults will be injected in faulttable...
101090 microseconds
Fault on PT_F40(0X7f02d5a42ee0 -> 0X80007f02d5a42ee0)
22 microseconds
[2016-10-27 12:17:48]Process 22804 termed with signal 11(SIGSEGV)
PT_F40-2_bit_1-250 Test Num : 191
Inject into ../bin/hello
----- Type : 2_bit_1 Pos : PT_F40 -----
There are 1 faults will be injected in faulttable...
101485 microseconds
Fault on PT_F40(0X7fbc22c3cee0 -> 0X80007fbc22c7cee0)
13 microseconds
[2016-10-27 12:17:48]Process 22808 termed with signal 11(SIGSEGV)
PT_F40-2_bit_1-250 Test Num : 192
Inject into ../bin/hello
----- Type : 2_bit_1 Pos : PT_F40 -----
There are 1 faults will be injected in faulttable...
101290 microseconds
Fault on PT_F40(0X7f9831c6cee0 -> 0X80007f9831c6cee0)
14 microseconds
[2016-10-27 12:17:48]Process 22810 termed with signal 11(SIGSEGV)
PT_F40-2_bit_1-250 Test Num : 193
Inject into ../bin/hello
----- Type : 2_bit_1 Pos : PT_F40 -----
There are 1 faults will be injected in faulttable...
101021 microseconds
Fault on PT_F40(0X7fdb90cc5ee0 -> 0X80007fdb90cc5ee0)
14 microseconds
[2016-10-27 12:17:48]Process 22812 termed with signal 11(SIGSEGV)
PT_F40-2_bit_1-250 Test Num : 194
Inject into ../bin/hello
----- Type : 2_bit_1 Pos : PT_F40 -----
There are 1 faults will be injected in faulttable...
101151 microseconds
Fault on PT_F40(0X7f83c8538ee0 -> 0X80007f83c8578ee0)
13 microseconds
[2016-10-27 12:17:48]Process 22814 termed with signal 11(SIGSEGV)
PT_F40-2_bit_1-250 Test Num : 195
Inject into ../bin/hello
----- Type : 2_bit_1 Pos : PT_F40 -----
There are 1 faults will be injected in faulttable...
101212 microseconds
Fault on PT_F40(0X7f83bfea9ee0 -> 0X80007f83bfee9ee0)
17 microseconds
[2016-10-27 12:17:48]Process 22817 termed with signal 11(SIGSEGV)
PT_F40-2_bit_1-250 Test Num : 196
Inject into ../bin/hello
----- Type : 2_bit_1 Pos : PT_F40 -----
There are 1 faults will be injected in faulttable...
101509 microseconds
Fault on PT_F40(0X7f7bd79baee0 -> 0X80007f7bd79faee0)
13 microseconds
[2016-10-27 12:17:48]Process 22819 termed with signal 11(SIGSEGV)
PT_F40-2_bit_1-250 Test Num : 197
Inject into ../bin/hello
----- Type : 2_bit_1 Pos : PT_F40 -----
There are 1 faults will be injected in faulttable...
101188 microseconds
Fault on PT_F40(0X7f81b1971ee0 -> 0X27f81b1971ee2)
12 microseconds
[2016-10-27 12:17:49]Process 22821 termed with signal 11(SIGSEGV)
PT_F40-2_bit_1-250 Test Num : 198
Inject into ../bin/hello
----- Type : 2_bit_1 Pos : PT_F40 -----
There are 1 faults will be injected in faulttable...
101022 microseconds
Fault on PT_F40(0X7f9e45802ee0 -> 0X27f9e45802ee2)
13 microseconds
[2016-10-27 12:17:49]Process 22823 termed with signal 11(SIGSEGV)
PT_F40-2_bit_1-250 Test Num : 199
Inject into ../bin/hello
----- Type : 2_bit_1 Pos : PT_F40 -----
There are 1 faults will be injected in faulttable...
101159 microseconds
Fault on PT_F40(0X7f72fb3e2ee0 -> 0X27f72fb3e2ee2)
17 microseconds
[2016-10-27 12:17:49]Process 22825 termed with signal 11(SIGSEGV)
PT_F40-2_bit_1-250 Test Num : 200
Inject into ../bin/hello
----- Type : 2_bit_1 Pos : PT_F40 -----
There are 1 faults will be injected in faulttable...
100336 microseconds
Fault on PT_F40(0X7f0090b36ee0 -> 0X27f0090b36ee2)
19 microseconds
[2016-10-27 12:17:49]Process 22827 termed with signal 11(SIGSEGV)
PT_F40-2_bit_1-250 Test Num : 201
Inject into ../bin/hello
----- Type : 2_bit_1 Pos : PT_F40 -----
There are 1 faults will be injected in faulttable...
100091 microseconds
Fault on PT_F40(0X7efcc3a29ee0 -> 0X27efcc3a29ee2)
18 microseconds
[2016-10-27 12:17:49]Process 22829 termed with signal 11(SIGSEGV)
PT_F40-2_bit_1-250 Test Num : 202
Inject into ../bin/hello
----- Type : 2_bit_1 Pos : PT_F40 -----
There are 1 faults will be injected in faulttable...
101419 microseconds
Fault on PT_F40(0X7f386421dee0 -> 0X27f386421dee2)
10 microseconds
[2016-10-27 12:17:49]Process 22831 termed with signal 11(SIGSEGV)
PT_F40-2_bit_1-250 Test Num : 203
Inject into ../bin/hello
----- Type : 2_bit_1 Pos : PT_F40 -----
There are 1 faults will be injected in faulttable...
101201 microseconds
Fault on PT_F40(0X7fbf8dc57ee0 -> 0X27fbf8dc57ee2)
10 microseconds
[2016-10-27 12:17:49]Process 22833 termed with signal 11(SIGSEGV)
PT_F40-2_bit_1-250 Test Num : 204
Inject into ../bin/hello
----- Type : 2_bit_1 Pos : PT_F40 -----
There are 1 faults will be injected in faulttable...
101165 microseconds
Fault on PT_F40(0X7f3550a53ee0 -> 0X27f3550a53ee2)
11 microseconds
[2016-10-27 12:17:49]Process 22835 termed with signal 11(SIGSEGV)
PT_F40-2_bit_1-250 Test Num : 205
Inject into ../bin/hello
----- Type : 2_bit_1 Pos : PT_F40 -----
There are 1 faults will be injected in faulttable...
101123 microseconds
Fault on PT_F40(0X7f21728c2ee0 -> 0X27f21728c2ee2)
18 microseconds
[2016-10-27 12:17:49]Process 22837 termed with signal 11(SIGSEGV)
PT_F40-2_bit_1-250 Test Num : 206
Inject into ../bin/hello
----- Type : 2_bit_1 Pos : PT_F40 -----
There are 1 faults will be injected in faulttable...
101221 microseconds
Fault on PT_F40(0X7f4b12326ee0 -> 0X227f4b12326ee0)
14 microseconds
[2016-10-27 12:17:50]Process 22839 termed with signal 11(SIGSEGV)
PT_F40-2_bit_1-250 Test Num : 207
Inject into ../bin/hello
----- Type : 2_bit_1 Pos : PT_F40 -----
There are 1 faults will be injected in faulttable...
101132 microseconds
Fault on PT_F40(0X7f5ae7153ee0 -> 0X227f5ae7153ee0)
20 microseconds
[2016-10-27 12:17:50]Process 22841 termed with signal 11(SIGSEGV)
PT_F40-2_bit_1-250 Test Num : 208
Inject into ../bin/hello
----- Type : 2_bit_1 Pos : PT_F40 -----
There are 1 faults will be injected in faulttable...
101263 microseconds
Fault on PT_F40(0X7f99a283dee0 -> 0X227f99a283dee0)
17 microseconds
[2016-10-27 12:17:50]Process 22843 termed with signal 11(SIGSEGV)
PT_F40-2_bit_1-250 Test Num : 209
Inject into ../bin/hello
----- Type : 2_bit_1 Pos : PT_F40 -----
There are 1 faults will be injected in faulttable...
101623 microseconds
Fault on PT_F40(0X7f5e40c9eee0 -> 0X227f5e40c9eee0)
24 microseconds
[2016-10-27 12:17:50]Process 22845 termed with signal 11(SIGSEGV)
PT_F40-2_bit_1-250 Test Num : 210
Inject into ../bin/hello
----- Type : 2_bit_1 Pos : PT_F40 -----
There are 1 faults will be injected in faulttable...
101293 microseconds
Fault on PT_F40(0X7f80a7255ee0 -> 0X227f80a7255ee0)
31 microseconds
[2016-10-27 12:17:50]Process 22847 termed with signal 11(SIGSEGV)
PT_F40-2_bit_1-250 Test Num : 211
Inject into ../bin/hello
----- Type : 2_bit_1 Pos : PT_F40 -----
There are 1 faults will be injected in faulttable...
101519 microseconds
Fault on PT_F40(0X7f215243aee0 -> 0X227f215243aee0)
20 microseconds
[2016-10-27 12:17:50]Process 22849 termed with signal 11(SIGSEGV)
PT_F40-2_bit_1-250 Test Num : 212
Inject into ../bin/hello
----- Type : 2_bit_1 Pos : PT_F40 -----
There are 1 faults will be injected in faulttable...
101621 microseconds
Fault on PT_F40(0X7feaa1015ee0 -> 0X227feaa1015ee0)
18 microseconds
[2016-10-27 12:17:50]Process 22851 termed with signal 11(SIGSEGV)
PT_F40-2_bit_1-250 Test Num : 213
Inject into ../bin/hello
----- Type : 2_bit_1 Pos : PT_F40 -----
There are 1 faults will be injected in faulttable...
101320 microseconds
Fault on PT_F40(0X7f7f789cdee0 -> 0X227f7f789cdee0)
13 microseconds
[2016-10-27 12:17:50]Process 22853 termed with signal 11(SIGSEGV)
PT_F40-2_bit_1-250 Test Num : 214
Inject into ../bin/hello
----- Type : 2_bit_1 Pos : PT_F40 -----
There are 1 faults will be injected in faulttable...
101302 microseconds
Fault on PT_F40(0X7f8543486ee0 -> 0X227f8543486ee0)
12 microseconds
[2016-10-27 12:17:50]Process 22855 termed with signal 11(SIGSEGV)
PT_F40-2_bit_1-250 Test Num : 215
Inject into ../bin/hello
----- Type : 2_bit_1 Pos : PT_F40 -----
There are 1 faults will be injected in faulttable...
101324 microseconds
Fault on PT_F40(0X7fe914effee0 -> 0X7fe914effee0)
3000121 microseconds
timeout
[2016-10-27 12:17:54]Process 22857 termed with signal 14(SIGALRM)
PT_F40-2_bit_1-250 Test Num : 216
Inject into ../bin/hello
----- Type : 2_bit_1 Pos : PT_F40 -----
There are 1 faults will be injected in faulttable...
101191 microseconds
Fault on PT_F40(0X7f2ba1420ee0 -> 0X7f2ba1c20ee1)
15 microseconds
[2016-10-27 12:17:54]Process 22859 termed with signal 11(SIGSEGV)
PT_F40-2_bit_1-250 Test Num : 217
Inject into ../bin/hello
----- Type : 2_bit_1 Pos : PT_F40 -----
There are 1 faults will be injected in faulttable...
100085 microseconds
Fault on PT_F40(0X7f84f43d4ee0 -> 0X7f84f4bd4ee1)
24 microseconds
[2016-10-27 12:17:54]Process 22861 termed with signal 11(SIGSEGV)
PT_F40-2_bit_1-250 Test Num : 218
Inject into ../bin/hello
----- Type : 2_bit_1 Pos : PT_F40 -----
There are 1 faults will be injected in faulttable...
100979 microseconds
Fault on PT_F40(0X7fcc2fdf2ee0 -> 0X7fcc2fdf2ee1)
30 microseconds
[2016-10-27 12:17:54]Process 22863 termed with signal 4(SIGILL)
PT_F40-2_bit_1-250 Test Num : 219
Inject into ../bin/hello
----- Type : 2_bit_1 Pos : PT_F40 -----
There are 1 faults will be injected in faulttable...
101007 microseconds
Fault on PT_F40(0X7f8e5adadee0 -> 0X7f8e5adadee1)
31 microseconds
[2016-10-27 12:17:54]Process 22865 termed with signal 4(SIGILL)
PT_F40-2_bit_1-250 Test Num : 220
Inject into ../bin/hello
----- Type : 2_bit_1 Pos : PT_F40 -----
There are 1 faults will be injected in faulttable...
100961 microseconds
Fault on PT_F40(0X7f79542feee0 -> 0X7f7954afeee1)
14 microseconds
[2016-10-27 12:17:54]Process 22867 termed with signal 11(SIGSEGV)
PT_F40-2_bit_1-250 Test Num : 221
Inject into ../bin/hello
----- Type : 2_bit_1 Pos : PT_F40 -----
There are 1 faults will be injected in faulttable...
101033 microseconds
Fault on PT_F40(0X7f41035f2ee0 -> 0X7f4103df2ee1)
19 microseconds
[2016-10-27 12:17:54]Process 22869 termed with signal 11(SIGSEGV)
PT_F40-2_bit_1-250 Test Num : 222
Inject into ../bin/hello
----- Type : 2_bit_1 Pos : PT_F40 -----
There are 1 faults will be injected in faulttable...
101361 microseconds
Fault on PT_F40(0X7f1c7ba0cee0 -> 0X7f1c7ba0cee1)
30 microseconds
[2016-10-27 12:17:54]Process 22871 termed with signal 4(SIGILL)
PT_F40-2_bit_1-250 Test Num : 223
Inject into ../bin/hello
----- Type : 2_bit_1 Pos : PT_F40 -----
There are 1 faults will be injected in faulttable...
101401 microseconds
Fault on PT_F40(0X7fe9442cbee0 -> 0X7fe944acbee1)
13 microseconds
[2016-10-27 12:17:54]Process 22873 termed with signal 11(SIGSEGV)
PT_F40-2_bit_1-250 Test Num : 224
Inject into ../bin/hello
----- Type : 2_bit_1 Pos : PT_F40 -----
There are 1 faults will be injected in faulttable...
101020 microseconds
Fault on PT_F40(0X7fa929e93ee0 -> 0X7fe929e93ee0)
13 microseconds
[2016-10-27 12:17:55]Process 22875 termed with signal 11(SIGSEGV)
PT_F40-2_bit_1-250 Test Num : 225
Inject into ../bin/hello
----- Type : 2_bit_1 Pos : PT_F40 -----
There are 1 faults will be injected in faulttable...
101064 microseconds
Fault on PT_F40(0X7f32c9c0aee0 -> 0X7f72c9e0aee0)
24 microseconds
[2016-10-27 12:17:55]Process 22877 termed with signal 11(SIGSEGV)
PT_F40-2_bit_1-250 Test Num : 226
Inject into ../bin/hello
----- Type : 2_bit_1 Pos : PT_F40 -----
There are 1 faults will be injected in faulttable...
101145 microseconds
Fault on PT_F40(0X7fa14a839ee0 -> 0X7fe14aa39ee0)
21 microseconds
[2016-10-27 12:17:55]Process 22879 termed with signal 11(SIGSEGV)
PT_F40-2_bit_1-250 Test Num : 227
Inject into ../bin/hello
----- Type : 2_bit_1 Pos : PT_F40 -----
There are 1 faults will be injected in faulttable...
100076 microseconds
Fault on PT_F40(0X7f8bd3789ee0 -> 0X7fcbd3789ee0)
21 microseconds
[2016-10-27 12:17:55]Process 22881 termed with signal 11(SIGSEGV)
PT_F40-2_bit_1-250 Test Num : 228
Inject into ../bin/hello
----- Type : 2_bit_1 Pos : PT_F40 -----
There are 1 faults will be injected in faulttable...
101421 microseconds
Fault on PT_F40(0X7f9b4705eee0 -> 0X7fdb4725eee0)
16 microseconds
[2016-10-27 12:17:55]Process 22884 termed with signal 11(SIGSEGV)
PT_F40-2_bit_1-250 Test Num : 229
Inject into ../bin/hello
----- Type : 2_bit_1 Pos : PT_F40 -----
There are 1 faults will be injected in faulttable...
101467 microseconds
Fault on PT_F40(0X7f45c65abee0 -> 0X7f45c67abee0)
22 microseconds
[2016-10-27 12:17:55]Process 22886 termed with signal 11(SIGSEGV)
PT_F40-2_bit_1-250 Test Num : 230
Inject into ../bin/hello
----- Type : 2_bit_1 Pos : PT_F40 -----
There are 1 faults will be injected in faulttable...
101382 microseconds
Fault on PT_F40(0X7fb4ff352ee0 -> 0X7ff4ff352ee0)
23 microseconds
[2016-10-27 12:17:55]Process 22888 termed with signal 11(SIGSEGV)
PT_F40-2_bit_1-250 Test Num : 231
Inject into ../bin/hello
----- Type : 2_bit_1 Pos : PT_F40 -----
There are 1 faults will be injected in faulttable...
101174 microseconds
Fault on PT_F40(0X7f11c413bee0 -> 0X7f51c433bee0)
20 microseconds
[2016-10-27 12:17:55]Process 22890 termed with signal 11(SIGSEGV)
PT_F40-2_bit_1-250 Test Num : 232
Inject into ../bin/hello
----- Type : 2_bit_1 Pos : PT_F40 -----
There are 1 faults will be injected in faulttable...
101634 microseconds
Fault on PT_F40(0X7f7cb763aee0 -> 0X7f7cb763aee0)
3000079 microseconds
timeout
[2016-10-27 12:17:58]Process 22892 termed with signal 14(SIGALRM)
PT_F40-2_bit_1-250 Test Num : 233
Inject into ../bin/hello
----- Type : 2_bit_1 Pos : PT_F40 -----
There are 1 faults will be injected in faulttable...
100098 microseconds
Fault on PT_F40(0X7effd733cee0 -> 0X7efff733cee0)
13 microseconds
[2016-10-27 12:17:59]Process 22894 termed with signal 11(SIGSEGV)
PT_F40-2_bit_1-250 Test Num : 234
Inject into ../bin/hello
----- Type : 2_bit_1 Pos : PT_F40 -----
There are 1 faults will be injected in faulttable...
101297 microseconds
Fault on PT_F40(0X7fae22fdcee0 -> 0X7fee22fdcee0)
12 microseconds
[2016-10-27 12:17:59]Process 22896 termed with signal 11(SIGSEGV)
PT_F40-2_bit_1-250 Test Num : 235
Inject into ../bin/hello
----- Type : 2_bit_1 Pos : PT_F40 -----
There are 1 faults will be injected in faulttable...
101106 microseconds
Fault on PT_F40(0X7fe98d24fee0 -> 0X7fe9ad24fee0)
30 microseconds
[2016-10-27 12:17:59]Process 22898 termed with signal 11(SIGSEGV)
PT_F40-2_bit_1-250 Test Num : 236
Inject into ../bin/hello
----- Type : 2_bit_1 Pos : PT_F40 -----
There are 1 faults will be injected in faulttable...
101190 microseconds
Fault on PT_F40(0X7f7db96dcee0 -> 0X7f7db96dcee0)
3000152 microseconds
timeout
[ 2016-10-27 12:18:2]Process 22900 termed with signal 14(SIGALRM)
PT_F40-2_bit_1-250 Test Num : 237
Inject into ../bin/hello
----- Type : 2_bit_1 Pos : PT_F40 -----
There are 1 faults will be injected in faulttable...
101718 microseconds
Fault on PT_F40(0X7f1ce7ea5ee0 -> 0X20007f1ce7ea5ee0)
21 microseconds
[ 2016-10-27 12:18:2]Process 22902 termed with signal 11(SIGSEGV)
PT_F40-2_bit_1-250 Test Num : 238
Inject into ../bin/hello
----- Type : 2_bit_1 Pos : PT_F40 -----
There are 1 faults will be injected in faulttable...
101314 microseconds
Fault on PT_F40(0X7ffac3031ee0 -> 0X20007ffac3031ee0)
13 microseconds
[ 2016-10-27 12:18:2]Process 22904 termed with signal 11(SIGSEGV)
PT_F40-2_bit_1-250 Test Num : 239
Inject into ../bin/hello
----- Type : 2_bit_1 Pos : PT_F40 -----
There are 1 faults will be injected in faulttable...
101288 microseconds
Fault on PT_F40(0X7f556d66aee0 -> 0X20007f556d66aee0)
17 microseconds
[ 2016-10-27 12:18:2]Process 22906 termed with signal 11(SIGSEGV)
PT_F40-2_bit_1-250 Test Num : 240
Inject into ../bin/hello
----- Type : 2_bit_1 Pos : PT_F40 -----
There are 1 faults will be injected in faulttable...
101634 microseconds
Fault on PT_F40(0X7ff20d897ee0 -> 0X20007ff20d897ee0)
18 microseconds
[ 2016-10-27 12:18:2]Process 22908 termed with signal 11(SIGSEGV)
PT_F40-2_bit_1-250 Test Num : 241
Inject into ../bin/hello
----- Type : 2_bit_1 Pos : PT_F40 -----
There are 1 faults will be injected in faulttable...
101391 microseconds
Fault on PT_F40(0X7f18f9df4ee0 -> 0X20007f18f9df4ee0)
19 microseconds
[ 2016-10-27 12:18:2]Process 22910 termed with signal 11(SIGSEGV)
PT_F40-2_bit_1-250 Test Num : 242
Inject into ../bin/hello
----- Type : 2_bit_1 Pos : PT_F40 -----
There are 1 faults will be injected in faulttable...
101769 microseconds
Fault on PT_F40(0X7f3d88620ee0 -> 0X20007f3d88620ee0)
12 microseconds
[ 2016-10-27 12:18:3]Process 22912 termed with signal 11(SIGSEGV)
PT_F40-2_bit_1-250 Test Num : 243
Inject into ../bin/hello
----- Type : 2_bit_1 Pos : PT_F40 -----
There are 1 faults will be injected in faulttable...
101301 microseconds
Fault on PT_F40(0X7feb0f809ee0 -> 0X20007feb0f809ee0)
19 microseconds
[ 2016-10-27 12:18:3]Process 22914 termed with signal 11(SIGSEGV)
PT_F40-2_bit_1-250 Test Num : 244
Inject into ../bin/hello
----- Type : 2_bit_1 Pos : PT_F40 -----
There are 1 faults will be injected in faulttable...
101318 microseconds
Fault on PT_F40(0X7fda9a9ffee0 -> 0X20007fda9a9ffee0)
18 microseconds
[ 2016-10-27 12:18:3]Process 22916 termed with signal 11(SIGSEGV)
PT_F40-2_bit_1-250 Test Num : 245
Inject into ../bin/hello
----- Type : 2_bit_1 Pos : PT_F40 -----
There are 1 faults will be injected in faulttable...
101715 microseconds
Fault on PT_F40(0X7fbc86ff0ee0 -> 0X20007fbc86ff0ee0)
17 microseconds
[ 2016-10-27 12:18:3]Process 22918 termed with signal 11(SIGSEGV)
PT_F40-2_bit_1-250 Test Num : 246
Inject into ../bin/hello
----- Type : 2_bit_1 Pos : PT_F40 -----
There are 1 faults will be injected in faulttable...
101699 microseconds
Fault on PT_F40(0X7f342fd4aee0 -> 0X20007f342fd4aee0)
17 microseconds
[ 2016-10-27 12:18:3]Process 22920 termed with signal 11(SIGSEGV)
PT_F40-2_bit_1-250 Test Num : 247
Inject into ../bin/hello
----- Type : 2_bit_1 Pos : PT_F40 -----
There are 1 faults will be injected in faulttable...
101279 microseconds
Fault on PT_F40(0X7fa6427e9ee0 -> 0X20007fa6427e9ee0)
13 microseconds
[ 2016-10-27 12:18:3]Process 22922 termed with signal 11(SIGSEGV)
PT_F40-2_bit_1-250 Test Num : 248
Inject into ../bin/hello
----- Type : 2_bit_1 Pos : PT_F40 -----
There are 1 faults will be injected in faulttable...
101128 microseconds
Fault on PT_F40(0X7f26e3d8eee0 -> 0X20007f26e3d8eee0)
22 microseconds
[ 2016-10-27 12:18:3]Process 22924 termed with signal 11(SIGSEGV)
PT_F40-2_bit_1-250 Test Num : 249
Inject into ../bin/hello
----- Type : 2_bit_1 Pos : PT_F40 -----
There are 1 faults will be injected in faulttable...
101228 microseconds
Fault on PT_F40(0X7fb779857ee0 -> 0X20007fb779857ee0)
12 microseconds
[ 2016-10-27 12:18:3]Process 22926 termed with signal 11(SIGSEGV)
PT_F40-2_bit_1-250 Test Num : 250
Inject into ../bin/hello
----- Type : 2_bit_1 Pos : PT_F40 -----
There are 1 faults will be injected in faulttable...
101154 microseconds
Fault on PT_F40(0X7efd6fd84ee0 -> 0X20007efd6fd84ee0)
15 microseconds
[ 2016-10-27 12:18:3]Process 22928 termed with signal 11(SIGSEGV)
