PT_F40-plus_3-250 Test Num : 1
Inject into ../bin/hello
----- Type : plus_3 Pos : PT_F40 -----
There are 1 faults will be injected in faulttable...
101123 microseconds
Fault on PT_F40(0X7f820a71bee0 -> 0X7f820a71bee3)
3000115 microseconds
timeout
[ 2016-10-27 12:33:8]Process 25593 termed with signal 14(SIGALRM)
PT_F40-plus_3-250 Test Num : 2
Inject into ../bin/hello
----- Type : plus_3 Pos : PT_F40 -----
There are 1 faults will be injected in faulttable...
101040 microseconds
Fault on PT_F40(0X7facf4e34ee0 -> 0X7facf4e34ee3)
3000121 microseconds
timeout
[2016-10-27 12:33:11]Process 25595 termed with signal 14(SIGALRM)
PT_F40-plus_3-250 Test Num : 3
Inject into ../bin/hello
----- Type : plus_3 Pos : PT_F40 -----
There are 1 faults will be injected in faulttable...
101046 microseconds
Fault on PT_F40(0X7fc4a7bb0ee0 -> 0X7fc4a7bb0ee3)
3000128 microseconds
timeout
[2016-10-27 12:33:14]Process 25597 termed with signal 14(SIGALRM)
PT_F40-plus_3-250 Test Num : 4
Inject into ../bin/hello
----- Type : plus_3 Pos : PT_F40 -----
There are 1 faults will be injected in faulttable...
101079 microseconds
Fault on PT_F40(0X7f9deb735ee0 -> 0X7f9deb735ee3)
3000093 microseconds
timeout
[2016-10-27 12:33:17]Process 25599 termed with signal 14(SIGALRM)
PT_F40-plus_3-250 Test Num : 5
Inject into ../bin/hello
----- Type : plus_3 Pos : PT_F40 -----
There are 1 faults will be injected in faulttable...
100077 microseconds
Fault on PT_F40(0X7fdbcc919ee0 -> 0X7fdbcc919ee3)
3000049 microseconds
timeout
[2016-10-27 12:33:20]Process 25601 termed with signal 14(SIGALRM)
PT_F40-plus_3-250 Test Num : 6
Inject into ../bin/hello
----- Type : plus_3 Pos : PT_F40 -----
There are 1 faults will be injected in faulttable...
100076 microseconds
Fault on PT_F40(0X7fefb2bf1ee0 -> 0X7fefb2bf1ee3)
3000101 microseconds
timeout
[2016-10-27 12:33:23]Process 25603 termed with signal 14(SIGALRM)
PT_F40-plus_3-250 Test Num : 7
Inject into ../bin/hello
----- Type : plus_3 Pos : PT_F40 -----
There are 1 faults will be injected in faulttable...
100236 microseconds
Fault on PT_F40(0X7fb3343e9ee0 -> 0X7fb3343e9ee3)
3000127 microseconds
timeout
[2016-10-27 12:33:26]Process 25605 termed with signal 14(SIGALRM)
PT_F40-plus_3-250 Test Num : 8
Inject into ../bin/hello
----- Type : plus_3 Pos : PT_F40 -----
There are 1 faults will be injected in faulttable...
101126 microseconds
Fault on PT_F40(0X7f0910de5ee0 -> 0X7f0910de5ee3)
3000118 microseconds
timeout
[2016-10-27 12:33:29]Process 25607 termed with signal 14(SIGALRM)
PT_F40-plus_3-250 Test Num : 9
Inject into ../bin/hello
----- Type : plus_3 Pos : PT_F40 -----
There are 1 faults will be injected in faulttable...
101398 microseconds
Fault on PT_F40(0X7f703d9dbee0 -> 0X7f703d9dbee3)
3000109 microseconds
timeout
[2016-10-27 12:33:32]Process 25609 termed with signal 14(SIGALRM)
PT_F40-plus_3-250 Test Num : 10
Inject into ../bin/hello
----- Type : plus_3 Pos : PT_F40 -----
There are 1 faults will be injected in faulttable...
101341 microseconds
Fault on PT_F40(0X7fec45de1ee0 -> 0X7fec45de1ee3)
3000153 microseconds
timeout
[2016-10-27 12:33:36]Process 25611 termed with signal 14(SIGALRM)
PT_F40-plus_3-250 Test Num : 11
Inject into ../bin/hello
----- Type : plus_3 Pos : PT_F40 -----
There are 1 faults will be injected in faulttable...
101097 microseconds
Fault on PT_F40(0X7f60f69ddee0 -> 0X7f60f69ddee3)
3000171 microseconds
timeout
[2016-10-27 12:33:39]Process 25613 termed with signal 14(SIGALRM)
PT_F40-plus_3-250 Test Num : 12
Inject into ../bin/hello
----- Type : plus_3 Pos : PT_F40 -----
There are 1 faults will be injected in faulttable...
101161 microseconds
Fault on PT_F40(0X7f2bb24aaee0 -> 0X7f2bb24aaee3)
3000157 microseconds
timeout
[2016-10-27 12:33:42]Process 25615 termed with signal 14(SIGALRM)
PT_F40-plus_3-250 Test Num : 13
Inject into ../bin/hello
----- Type : plus_3 Pos : PT_F40 -----
There are 1 faults will be injected in faulttable...
100966 microseconds
Fault on PT_F40(0X7f2880de2ee0 -> 0X7f2880de2ee3)
3000115 microseconds
timeout
[2016-10-27 12:33:45]Process 25617 termed with signal 14(SIGALRM)
PT_F40-plus_3-250 Test Num : 14
Inject into ../bin/hello
----- Type : plus_3 Pos : PT_F40 -----
There are 1 faults will be injected in faulttable...
101370 microseconds
Fault on PT_F40(0X7f1be90c7ee0 -> 0X7f1be90c7ee3)
3000414 microseconds
timeout
[2016-10-27 12:33:48]Process 25619 termed with signal 14(SIGALRM)
PT_F40-plus_3-250 Test Num : 15
Inject into ../bin/hello
----- Type : plus_3 Pos : PT_F40 -----
There are 1 faults will be injected in faulttable...
100097 microseconds
Fault on PT_F40(0X7ff6ec953ee0 -> 0X7ff6ec953ee3)
3000091 microseconds
timeout
[2016-10-27 12:33:51]Process 25621 termed with signal 14(SIGALRM)
PT_F40-plus_3-250 Test Num : 16
Inject into ../bin/hello
----- Type : plus_3 Pos : PT_F40 -----
There are 1 faults will be injected in faulttable...
101014 microseconds
Fault on PT_F40(0X7fdfd245eee0 -> 0X7fdfd245eee3)
3000084 microseconds
timeout
[2016-10-27 12:33:54]Process 25623 termed with signal 14(SIGALRM)
PT_F40-plus_3-250 Test Num : 17
Inject into ../bin/hello
----- Type : plus_3 Pos : PT_F40 -----
There are 1 faults will be injected in faulttable...
101227 microseconds
Fault on PT_F40(0X7f6da12e5ee0 -> 0X7f6da12e5ee3)
3000099 microseconds
timeout
[2016-10-27 12:33:57]Process 25625 termed with signal 14(SIGALRM)
PT_F40-plus_3-250 Test Num : 18
Inject into ../bin/hello
----- Type : plus_3 Pos : PT_F40 -----
There are 1 faults will be injected in faulttable...
101126 microseconds
Fault on PT_F40(0X7fe5c78f3ee0 -> 0X7fe5c78f3ee3)
3000123 microseconds
timeout
[ 2016-10-27 12:34:0]Process 25632 termed with signal 14(SIGALRM)
PT_F40-plus_3-250 Test Num : 19
Inject into ../bin/hello
----- Type : plus_3 Pos : PT_F40 -----
There are 1 faults will be injected in faulttable...
101064 microseconds
Fault on PT_F40(0X7f1ebd93dee0 -> 0X7f1ebd93dee3)
3000115 microseconds
timeout
[ 2016-10-27 12:34:4]Process 25634 termed with signal 14(SIGALRM)
PT_F40-plus_3-250 Test Num : 20
Inject into ../bin/hello
----- Type : plus_3 Pos : PT_F40 -----
There are 1 faults will be injected in faulttable...
100094 microseconds
Fault on PT_F40(0X7f781aeb3ee0 -> 0X7f781aeb3ee3)
3000100 microseconds
timeout
[ 2016-10-27 12:34:7]Process 25639 termed with signal 14(SIGALRM)
PT_F40-plus_3-250 Test Num : 21
Inject into ../bin/hello
----- Type : plus_3 Pos : PT_F40 -----
There are 1 faults will be injected in faulttable...
101295 microseconds
Fault on PT_F40(0X7f9de064eee0 -> 0X7f9de064eee3)
3000179 microseconds
timeout
[2016-10-27 12:34:10]Process 25656 termed with signal 14(SIGALRM)
PT_F40-plus_3-250 Test Num : 22
Inject into ../bin/hello
----- Type : plus_3 Pos : PT_F40 -----
There are 1 faults will be injected in faulttable...
101035 microseconds
Fault on PT_F40(0X7f83efe77ee0 -> 0X7f83efe77ee3)
3000082 microseconds
timeout
[2016-10-27 12:34:13]Process 25661 termed with signal 14(SIGALRM)
PT_F40-plus_3-250 Test Num : 23
Inject into ../bin/hello
----- Type : plus_3 Pos : PT_F40 -----
There are 1 faults will be injected in faulttable...
101305 microseconds
Fault on PT_F40(0X7f76a1101ee0 -> 0X7f76a1101ee3)
3000136 microseconds
timeout
[2016-10-27 12:34:16]Process 25663 termed with signal 14(SIGALRM)
PT_F40-plus_3-250 Test Num : 24
Inject into ../bin/hello
----- Type : plus_3 Pos : PT_F40 -----
There are 1 faults will be injected in faulttable...
101346 microseconds
Fault on PT_F40(0X7f460ca2aee0 -> 0X7f460ca2aee3)
3000049 microseconds
timeout
[2016-10-27 12:34:19]Process 25665 termed with signal 14(SIGALRM)
PT_F40-plus_3-250 Test Num : 25
Inject into ../bin/hello
----- Type : plus_3 Pos : PT_F40 -----
There are 1 faults will be injected in faulttable...
101066 microseconds
Fault on PT_F40(0X7fe2a7bedee0 -> 0X7fe2a7bedee3)
3000100 microseconds
timeout
[2016-10-27 12:34:22]Process 25667 termed with signal 14(SIGALRM)
PT_F40-plus_3-250 Test Num : 26
Inject into ../bin/hello
----- Type : plus_3 Pos : PT_F40 -----
There are 1 faults will be injected in faulttable...
101122 microseconds
Fault on PT_F40(0X7f82c5985ee0 -> 0X7f82c5985ee3)
3000079 microseconds
timeout
[2016-10-27 12:34:25]Process 25669 termed with signal 14(SIGALRM)
PT_F40-plus_3-250 Test Num : 27
Inject into ../bin/hello
----- Type : plus_3 Pos : PT_F40 -----
There are 1 faults will be injected in faulttable...
101618 microseconds
Fault on PT_F40(0X7fe283931ee0 -> 0X7fe283931ee3)
3000088 microseconds
timeout
[2016-10-27 12:34:28]Process 25671 termed with signal 14(SIGALRM)
PT_F40-plus_3-250 Test Num : 28
Inject into ../bin/hello
----- Type : plus_3 Pos : PT_F40 -----
There are 1 faults will be injected in faulttable...
101131 microseconds
Fault on PT_F40(0X7f411c1ddee0 -> 0X7f411c1ddee3)
3000117 microseconds
timeout
[2016-10-27 12:34:32]Process 25676 termed with signal 14(SIGALRM)
PT_F40-plus_3-250 Test Num : 29
Inject into ../bin/hello
----- Type : plus_3 Pos : PT_F40 -----
There are 1 faults will be injected in faulttable...
101157 microseconds
Fault on PT_F40(0X7f1f04cc4ee0 -> 0X7f1f04cc4ee3)
3000062 microseconds
timeout
[2016-10-27 12:34:35]Process 25687 termed with signal 14(SIGALRM)
PT_F40-plus_3-250 Test Num : 30
Inject into ../bin/hello
----- Type : plus_3 Pos : PT_F40 -----
There are 1 faults will be injected in faulttable...
101085 microseconds
Fault on PT_F40(0X7f53a324bee0 -> 0X7f53a324bee3)
3000113 microseconds
timeout
[2016-10-27 12:34:38]Process 25698 termed with signal 14(SIGALRM)
PT_F40-plus_3-250 Test Num : 31
Inject into ../bin/hello
----- Type : plus_3 Pos : PT_F40 -----
There are 1 faults will be injected in faulttable...
101045 microseconds
Fault on PT_F40(0X7f1ac0ef6ee0 -> 0X7f1ac0ef6ee3)
3000099 microseconds
timeout
[2016-10-27 12:34:41]Process 25709 termed with signal 14(SIGALRM)
PT_F40-plus_3-250 Test Num : 32
Inject into ../bin/hello
----- Type : plus_3 Pos : PT_F40 -----
There are 1 faults will be injected in faulttable...
100190 microseconds
Fault on PT_F40(0X7f5bb7b7dee0 -> 0X7f5bb7b7dee3)
3000084 microseconds
timeout
[2016-10-27 12:34:44]Process 25711 termed with signal 14(SIGALRM)
PT_F40-plus_3-250 Test Num : 33
Inject into ../bin/hello
----- Type : plus_3 Pos : PT_F40 -----
There are 1 faults will be injected in faulttable...
101077 microseconds
Fault on PT_F40(0X7f33a9699ee0 -> 0X7f33a9699ee3)
3000201 microseconds
timeout
[2016-10-27 12:34:47]Process 25713 termed with signal 14(SIGALRM)
PT_F40-plus_3-250 Test Num : 34
Inject into ../bin/hello
----- Type : plus_3 Pos : PT_F40 -----
There are 1 faults will be injected in faulttable...
100136 microseconds
Fault on PT_F40(0X7f17597a2ee0 -> 0X7f17597a2ee3)
3000113 microseconds
timeout
[2016-10-27 12:34:50]Process 25715 termed with signal 14(SIGALRM)
PT_F40-plus_3-250 Test Num : 35
Inject into ../bin/hello
----- Type : plus_3 Pos : PT_F40 -----
There are 1 faults will be injected in faulttable...
100982 microseconds
Fault on PT_F40(0X7f9f77203ee0 -> 0X7f9f77203ee3)
3000087 microseconds
timeout
[2016-10-27 12:34:53]Process 25717 termed with signal 14(SIGALRM)
PT_F40-plus_3-250 Test Num : 36
Inject into ../bin/hello
----- Type : plus_3 Pos : PT_F40 -----
There are 1 faults will be injected in faulttable...
101083 microseconds
Fault on PT_F40(0X7f8374b60ee0 -> 0X7f8374b60ee3)
3000101 microseconds
timeout
[2016-10-27 12:34:56]Process 25719 termed with signal 14(SIGALRM)
PT_F40-plus_3-250 Test Num : 37
Inject into ../bin/hello
----- Type : plus_3 Pos : PT_F40 -----
There are 1 faults will be injected in faulttable...
101485 microseconds
Fault on PT_F40(0X7f338c4adee0 -> 0X7f338c4adee3)
3000081 microseconds
timeout
[ 2016-10-27 12:35:0]Process 25721 termed with signal 14(SIGALRM)
PT_F40-plus_3-250 Test Num : 38
Inject into ../bin/hello
----- Type : plus_3 Pos : PT_F40 -----
There are 1 faults will be injected in faulttable...
100929 microseconds
Fault on PT_F40(0X7f6171426ee0 -> 0X7f6171426ee3)
3000069 microseconds
timeout
[ 2016-10-27 12:35:3]Process 25723 termed with signal 14(SIGALRM)
PT_F40-plus_3-250 Test Num : 39
Inject into ../bin/hello
----- Type : plus_3 Pos : PT_F40 -----
There are 1 faults will be injected in faulttable...
101037 microseconds
Fault on PT_F40(0X7f5414a8dee0 -> 0X7f5414a8dee3)
3000086 microseconds
timeout
[ 2016-10-27 12:35:6]Process 25725 termed with signal 14(SIGALRM)
PT_F40-plus_3-250 Test Num : 40
Inject into ../bin/hello
----- Type : plus_3 Pos : PT_F40 -----
There are 1 faults will be injected in faulttable...
101036 microseconds
Fault on PT_F40(0X7f018e6bdee0 -> 0X7f018e6bdee3)
3000120 microseconds
timeout
[ 2016-10-27 12:35:9]Process 25727 termed with signal 14(SIGALRM)
PT_F40-plus_3-250 Test Num : 41
Inject into ../bin/hello
----- Type : plus_3 Pos : PT_F40 -----
There are 1 faults will be injected in faulttable...
100981 microseconds
Fault on PT_F40(0X7efe19372ee0 -> 0X7efe19372ee3)
3000407 microseconds
timeout
[2016-10-27 12:35:12]Process 25729 termed with signal 14(SIGALRM)
PT_F40-plus_3-250 Test Num : 42
Inject into ../bin/hello
----- Type : plus_3 Pos : PT_F40 -----
There are 1 faults will be injected in faulttable...
101575 microseconds
Fault on PT_F40(0X7f4a96a76ee0 -> 0X7f4a96a76ee3)
3000076 microseconds
timeout
[2016-10-27 12:35:15]Process 25731 termed with signal 14(SIGALRM)
PT_F40-plus_3-250 Test Num : 43
Inject into ../bin/hello
----- Type : plus_3 Pos : PT_F40 -----
There are 1 faults will be injected in faulttable...
101448 microseconds
Fault on PT_F40(0X7f812def0ee0 -> 0X7f812def0ee3)
3000092 microseconds
timeout
[2016-10-27 12:35:18]Process 25733 termed with signal 14(SIGALRM)
PT_F40-plus_3-250 Test Num : 44
Inject into ../bin/hello
----- Type : plus_3 Pos : PT_F40 -----
There are 1 faults will be injected in faulttable...
101204 microseconds
Fault on PT_F40(0X7f62cffe9ee0 -> 0X7f62cffe9ee3)
3000141 microseconds
timeout
[2016-10-27 12:35:21]Process 25735 termed with signal 14(SIGALRM)
PT_F40-plus_3-250 Test Num : 45
Inject into ../bin/hello
----- Type : plus_3 Pos : PT_F40 -----
There are 1 faults will be injected in faulttable...
101254 microseconds
Fault on PT_F40(0X7f82efe8bee0 -> 0X7f82efe8bee3)
3000139 microseconds
timeout
[2016-10-27 12:35:24]Process 25737 termed with signal 14(SIGALRM)
PT_F40-plus_3-250 Test Num : 46
Inject into ../bin/hello
----- Type : plus_3 Pos : PT_F40 -----
There are 1 faults will be injected in faulttable...
101116 microseconds
Fault on PT_F40(0X7f6caad01ee0 -> 0X7f6caad01ee3)
3000124 microseconds
timeout
[2016-10-27 12:35:28]Process 25739 termed with signal 14(SIGALRM)
PT_F40-plus_3-250 Test Num : 47
Inject into ../bin/hello
----- Type : plus_3 Pos : PT_F40 -----
There are 1 faults will be injected in faulttable...
100124 microseconds
Fault on PT_F40(0X7fd31b5dfee0 -> 0X7fd31b5dfee3)
3000067 microseconds
timeout
[2016-10-27 12:35:31]Process 25741 termed with signal 14(SIGALRM)
PT_F40-plus_3-250 Test Num : 48
Inject into ../bin/hello
----- Type : plus_3 Pos : PT_F40 -----
There are 1 faults will be injected in faulttable...
100083 microseconds
Fault on PT_F40(0X7f2041eebee0 -> 0X7f2041eebee3)
3000081 microseconds
timeout
[2016-10-27 12:35:34]Process 25743 termed with signal 14(SIGALRM)
PT_F40-plus_3-250 Test Num : 49
Inject into ../bin/hello
----- Type : plus_3 Pos : PT_F40 -----
There are 1 faults will be injected in faulttable...
100950 microseconds
Fault on PT_F40(0X7f001c04eee0 -> 0X7f001c04eee3)
3000136 microseconds
timeout
[2016-10-27 12:35:37]Process 25745 termed with signal 14(SIGALRM)
PT_F40-plus_3-250 Test Num : 50
Inject into ../bin/hello
----- Type : plus_3 Pos : PT_F40 -----
There are 1 faults will be injected in faulttable...
100991 microseconds
Fault on PT_F40(0X7f137c6e7ee0 -> 0X7f137c6e7ee3)
3000108 microseconds
timeout
[2016-10-27 12:35:40]Process 25747 termed with signal 14(SIGALRM)
PT_F40-plus_3-250 Test Num : 51
Inject into ../bin/hello
----- Type : plus_3 Pos : PT_F40 -----
There are 1 faults will be injected in faulttable...
100094 microseconds
Fault on PT_F40(0X7fd3d1729ee0 -> 0X7fd3d1729ee3)
3000063 microseconds
timeout
[2016-10-27 12:35:43]Process 25749 termed with signal 14(SIGALRM)
PT_F40-plus_3-250 Test Num : 52
Inject into ../bin/hello
----- Type : plus_3 Pos : PT_F40 -----
There are 1 faults will be injected in faulttable...
100987 microseconds
Fault on PT_F40(0X7f4fbcce9ee0 -> 0X7f4fbcce9ee3)
3000123 microseconds
timeout
[2016-10-27 12:35:46]Process 25751 termed with signal 14(SIGALRM)
PT_F40-plus_3-250 Test Num : 53
Inject into ../bin/hello
----- Type : plus_3 Pos : PT_F40 -----
There are 1 faults will be injected in faulttable...
101005 microseconds
Fault on PT_F40(0X7fab4767eee0 -> 0X7fab4767eee3)
3000113 microseconds
timeout
[2016-10-27 12:35:49]Process 25753 termed with signal 14(SIGALRM)
PT_F40-plus_3-250 Test Num : 54
Inject into ../bin/hello
----- Type : plus_3 Pos : PT_F40 -----
There are 1 faults will be injected in faulttable...
101182 microseconds
Fault on PT_F40(0X7f56b9b4eee0 -> 0X7f56b9b4eee3)
3000105 microseconds
timeout
[2016-10-27 12:35:52]Process 25755 termed with signal 14(SIGALRM)
PT_F40-plus_3-250 Test Num : 55
Inject into ../bin/hello
----- Type : plus_3 Pos : PT_F40 -----
There are 1 faults will be injected in faulttable...
101144 microseconds
Fault on PT_F40(0X7fb239222ee0 -> 0X7fb239222ee3)
3000145 microseconds
timeout
[2016-10-27 12:35:56]Process 25757 termed with signal 14(SIGALRM)
PT_F40-plus_3-250 Test Num : 56
Inject into ../bin/hello
----- Type : plus_3 Pos : PT_F40 -----
There are 1 faults will be injected in faulttable...
101195 microseconds
Fault on PT_F40(0X7f207e82bee0 -> 0X7f207e82bee3)
3000122 microseconds
timeout
[2016-10-27 12:35:59]Process 25759 termed with signal 14(SIGALRM)
PT_F40-plus_3-250 Test Num : 57
Inject into ../bin/hello
----- Type : plus_3 Pos : PT_F40 -----
There are 1 faults will be injected in faulttable...
100307 microseconds
Fault on PT_F40(0X7ff442635ee0 -> 0X7ff442635ee3)
3000093 microseconds
timeout
[ 2016-10-27 12:36:2]Process 25761 termed with signal 14(SIGALRM)
PT_F40-plus_3-250 Test Num : 58
Inject into ../bin/hello
----- Type : plus_3 Pos : PT_F40 -----
There are 1 faults will be injected in faulttable...
100984 microseconds
Fault on PT_F40(0X7fb4bb21eee0 -> 0X7fb4bb21eee3)
3000127 microseconds
timeout
[ 2016-10-27 12:36:5]Process 25763 termed with signal 14(SIGALRM)
PT_F40-plus_3-250 Test Num : 59
Inject into ../bin/hello
----- Type : plus_3 Pos : PT_F40 -----
There are 1 faults will be injected in faulttable...
101006 microseconds
Fault on PT_F40(0X7f3cc8411ee0 -> 0X7f3cc8411ee3)
3000117 microseconds
timeout
[ 2016-10-27 12:36:8]Process 25765 termed with signal 14(SIGALRM)
PT_F40-plus_3-250 Test Num : 60
Inject into ../bin/hello
----- Type : plus_3 Pos : PT_F40 -----
There are 1 faults will be injected in faulttable...
100115 microseconds
Fault on PT_F40(0X7fb354ba2ee0 -> 0X7fb354ba2ee3)
3000099 microseconds
timeout
[2016-10-27 12:36:11]Process 25767 termed with signal 14(SIGALRM)
PT_F40-plus_3-250 Test Num : 61
Inject into ../bin/hello
----- Type : plus_3 Pos : PT_F40 -----
There are 1 faults will be injected in faulttable...
101192 microseconds
Fault on PT_F40(0X7ffadbf3bee0 -> 0X7ffadbf3bee3)
3000181 microseconds
timeout
[2016-10-27 12:36:14]Process 25769 termed with signal 14(SIGALRM)
PT_F40-plus_3-250 Test Num : 62
Inject into ../bin/hello
----- Type : plus_3 Pos : PT_F40 -----
There are 1 faults will be injected in faulttable...
101288 microseconds
Fault on PT_F40(0X7fe69c48bee0 -> 0X7fe69c48bee3)
3000129 microseconds
timeout
[2016-10-27 12:36:17]Process 25771 termed with signal 14(SIGALRM)
PT_F40-plus_3-250 Test Num : 63
Inject into ../bin/hello
----- Type : plus_3 Pos : PT_F40 -----
There are 1 faults will be injected in faulttable...
100159 microseconds
Fault on PT_F40(0X7f5bcbafaee0 -> 0X7f5bcbafaee3)
3000088 microseconds
timeout
[2016-10-27 12:36:20]Process 25773 termed with signal 14(SIGALRM)
PT_F40-plus_3-250 Test Num : 64
Inject into ../bin/hello
----- Type : plus_3 Pos : PT_F40 -----
There are 1 faults will be injected in faulttable...
101172 microseconds
Fault on PT_F40(0X7f0d5fd13ee0 -> 0X7f0d5fd13ee3)
3000114 microseconds
timeout
[2016-10-27 12:36:24]Process 25775 termed with signal 14(SIGALRM)
PT_F40-plus_3-250 Test Num : 65
Inject into ../bin/hello
----- Type : plus_3 Pos : PT_F40 -----
There are 1 faults will be injected in faulttable...
101231 microseconds
Fault on PT_F40(0X7f0572d64ee0 -> 0X7f0572d64ee3)
3000137 microseconds
timeout
[2016-10-27 12:36:27]Process 25777 termed with signal 14(SIGALRM)
PT_F40-plus_3-250 Test Num : 66
Inject into ../bin/hello
----- Type : plus_3 Pos : PT_F40 -----
There are 1 faults will be injected in faulttable...
101265 microseconds
Fault on PT_F40(0X7f7b9a6a8ee0 -> 0X7f7b9a6a8ee3)
3000121 microseconds
timeout
[2016-10-27 12:36:30]Process 25779 termed with signal 14(SIGALRM)
PT_F40-plus_3-250 Test Num : 67
Inject into ../bin/hello
----- Type : plus_3 Pos : PT_F40 -----
There are 1 faults will be injected in faulttable...
101603 microseconds
Fault on PT_F40(0X7f13c6dcdee0 -> 0X7f13c6dcdee3)
3000109 microseconds
timeout
[2016-10-27 12:36:33]Process 25781 termed with signal 14(SIGALRM)
PT_F40-plus_3-250 Test Num : 68
Inject into ../bin/hello
----- Type : plus_3 Pos : PT_F40 -----
There are 1 faults will be injected in faulttable...
100965 microseconds
Fault on PT_F40(0X7fc468832ee0 -> 0X7fc468832ee3)
3000090 microseconds
timeout
[2016-10-27 12:36:36]Process 25783 termed with signal 14(SIGALRM)
PT_F40-plus_3-250 Test Num : 69
Inject into ../bin/hello
----- Type : plus_3 Pos : PT_F40 -----
There are 1 faults will be injected in faulttable...
100076 microseconds
Fault on PT_F40(0X7f3b5e7b7ee0 -> 0X7f3b5e7b7ee3)
3000146 microseconds
timeout
[2016-10-27 12:36:39]Process 25786 termed with signal 14(SIGALRM)
PT_F40-plus_3-250 Test Num : 70
Inject into ../bin/hello
----- Type : plus_3 Pos : PT_F40 -----
There are 1 faults will be injected in faulttable...
100094 microseconds
Fault on PT_F40(0X7fb42c26eee0 -> 0X7fb42c26eee3)
3000126 microseconds
timeout
[2016-10-27 12:36:42]Process 25788 termed with signal 14(SIGALRM)
PT_F40-plus_3-250 Test Num : 71
Inject into ../bin/hello
----- Type : plus_3 Pos : PT_F40 -----
There are 1 faults will be injected in faulttable...
101377 microseconds
Fault on PT_F40(0X7f4c40921ee0 -> 0X7f4c40921ee3)
3000191 microseconds
timeout
[2016-10-27 12:36:45]Process 25790 termed with signal 14(SIGALRM)
PT_F40-plus_3-250 Test Num : 72
Inject into ../bin/hello
----- Type : plus_3 Pos : PT_F40 -----
There are 1 faults will be injected in faulttable...
100096 microseconds
Fault on PT_F40(0X7f2e7aed1ee0 -> 0X7f2e7aed1ee3)
3000122 microseconds
timeout
[2016-10-27 12:36:48]Process 25804 termed with signal 14(SIGALRM)
PT_F40-plus_3-250 Test Num : 73
Inject into ../bin/hello
----- Type : plus_3 Pos : PT_F40 -----
There are 1 faults will be injected in faulttable...
100940 microseconds
Fault on PT_F40(0X7fa6d03a8ee0 -> 0X7fa6d03a8ee3)
3000112 microseconds
timeout
[2016-10-27 12:36:52]Process 25815 termed with signal 14(SIGALRM)
PT_F40-plus_3-250 Test Num : 74
Inject into ../bin/hello
----- Type : plus_3 Pos : PT_F40 -----
There are 1 faults will be injected in faulttable...
101076 microseconds
Fault on PT_F40(0X7f38a5886ee0 -> 0X7f38a5886ee3)
3000169 microseconds
timeout
[2016-10-27 12:36:55]Process 25829 termed with signal 14(SIGALRM)
PT_F40-plus_3-250 Test Num : 75
Inject into ../bin/hello
----- Type : plus_3 Pos : PT_F40 -----
There are 1 faults will be injected in faulttable...
101181 microseconds
Fault on PT_F40(0X7fbb584b9ee0 -> 0X7fbb584b9ee3)
3000120 microseconds
timeout
[2016-10-27 12:36:58]Process 25831 termed with signal 14(SIGALRM)
PT_F40-plus_3-250 Test Num : 76
Inject into ../bin/hello
----- Type : plus_3 Pos : PT_F40 -----
There are 1 faults will be injected in faulttable...
101670 microseconds
Fault on PT_F40(0X7fe287d12ee0 -> 0X7fe287d12ee3)
3000086 microseconds
timeout
[ 2016-10-27 12:37:1]Process 25833 termed with signal 14(SIGALRM)
PT_F40-plus_3-250 Test Num : 77
Inject into ../bin/hello
----- Type : plus_3 Pos : PT_F40 -----
There are 1 faults will be injected in faulttable...
101251 microseconds
Fault on PT_F40(0X7fbfa84d6ee0 -> 0X7fbfa84d6ee3)
3000060 microseconds
timeout
[ 2016-10-27 12:37:4]Process 25835 termed with signal 14(SIGALRM)
PT_F40-plus_3-250 Test Num : 78
Inject into ../bin/hello
----- Type : plus_3 Pos : PT_F40 -----
There are 1 faults will be injected in faulttable...
101050 microseconds
Fault on PT_F40(0X7f809bd98ee0 -> 0X7f809bd98ee3)
3000064 microseconds
timeout
[ 2016-10-27 12:37:7]Process 25837 termed with signal 14(SIGALRM)
PT_F40-plus_3-250 Test Num : 79
Inject into ../bin/hello
----- Type : plus_3 Pos : PT_F40 -----
There are 1 faults will be injected in faulttable...
101113 microseconds
Fault on PT_F40(0X7fca672b9ee0 -> 0X7fca672b9ee3)
3000131 microseconds
timeout
[2016-10-27 12:37:10]Process 25839 termed with signal 14(SIGALRM)
PT_F40-plus_3-250 Test Num : 80
Inject into ../bin/hello
----- Type : plus_3 Pos : PT_F40 -----
There are 1 faults will be injected in faulttable...
100081 microseconds
Fault on PT_F40(0X7f8954b12ee0 -> 0X7f8954b12ee3)
3000192 microseconds
timeout
[2016-10-27 12:37:13]Process 25841 termed with signal 14(SIGALRM)
PT_F40-plus_3-250 Test Num : 81
Inject into ../bin/hello
----- Type : plus_3 Pos : PT_F40 -----
There are 1 faults will be injected in faulttable...
101162 microseconds
Fault on PT_F40(0X7effa1845ee0 -> 0X7effa1845ee3)
3000144 microseconds
timeout
[2016-10-27 12:37:16]Process 25844 termed with signal 14(SIGALRM)
PT_F40-plus_3-250 Test Num : 82
Inject into ../bin/hello
----- Type : plus_3 Pos : PT_F40 -----
There are 1 faults will be injected in faulttable...
101192 microseconds
Fault on PT_F40(0X7fd508c5eee0 -> 0X7fd508c5eee3)
3000101 microseconds
timeout
[2016-10-27 12:37:20]Process 25846 termed with signal 14(SIGALRM)
PT_F40-plus_3-250 Test Num : 83
Inject into ../bin/hello
----- Type : plus_3 Pos : PT_F40 -----
There are 1 faults will be injected in faulttable...
101129 microseconds
Fault on PT_F40(0X7f62e6184ee0 -> 0X7f62e6184ee3)
3000188 microseconds
timeout
[2016-10-27 12:37:23]Process 25848 termed with signal 14(SIGALRM)
PT_F40-plus_3-250 Test Num : 84
Inject into ../bin/hello
----- Type : plus_3 Pos : PT_F40 -----
There are 1 faults will be injected in faulttable...
100105 microseconds
Fault on PT_F40(0X7fead67acee0 -> 0X7fead67acee3)
3000115 microseconds
timeout
[2016-10-27 12:37:26]Process 25850 termed with signal 14(SIGALRM)
PT_F40-plus_3-250 Test Num : 85
Inject into ../bin/hello
----- Type : plus_3 Pos : PT_F40 -----
There are 1 faults will be injected in faulttable...
101064 microseconds
Fault on PT_F40(0X7fa718e05ee0 -> 0X7fa718e05ee3)
3000119 microseconds
timeout
[2016-10-27 12:37:29]Process 25852 termed with signal 14(SIGALRM)
PT_F40-plus_3-250 Test Num : 86
Inject into ../bin/hello
----- Type : plus_3 Pos : PT_F40 -----
There are 1 faults will be injected in faulttable...
100138 microseconds
Fault on PT_F40(0X7f55078e9ee0 -> 0X7f55078e9ee3)
3000101 microseconds
timeout
[2016-10-27 12:37:32]Process 25854 termed with signal 14(SIGALRM)
PT_F40-plus_3-250 Test Num : 87
Inject into ../bin/hello
----- Type : plus_3 Pos : PT_F40 -----
There are 1 faults will be injected in faulttable...
101028 microseconds
Fault on PT_F40(0X7fd29bf45ee0 -> 0X7fd29bf45ee3)
3000114 microseconds
timeout
[2016-10-27 12:37:35]Process 25857 termed with signal 14(SIGALRM)
PT_F40-plus_3-250 Test Num : 88
Inject into ../bin/hello
----- Type : plus_3 Pos : PT_F40 -----
There are 1 faults will be injected in faulttable...
101127 microseconds
Fault on PT_F40(0X7f225902fee0 -> 0X7f225902fee3)
3000092 microseconds
timeout
[2016-10-27 12:37:38]Process 25860 termed with signal 14(SIGALRM)
PT_F40-plus_3-250 Test Num : 89
Inject into ../bin/hello
----- Type : plus_3 Pos : PT_F40 -----
There are 1 faults will be injected in faulttable...
101072 microseconds
Fault on PT_F40(0X7fbe4b3c1ee0 -> 0X7fbe4b3c1ee3)
3000157 microseconds
timeout
[2016-10-27 12:37:41]Process 25863 termed with signal 14(SIGALRM)
PT_F40-plus_3-250 Test Num : 90
Inject into ../bin/hello
----- Type : plus_3 Pos : PT_F40 -----
There are 1 faults will be injected in faulttable...
101274 microseconds
Fault on PT_F40(0X7f3e6066aee0 -> 0X7f3e6066aee3)
3000200 microseconds
timeout
[2016-10-27 12:37:44]Process 25865 termed with signal 14(SIGALRM)
PT_F40-plus_3-250 Test Num : 91
Inject into ../bin/hello
----- Type : plus_3 Pos : PT_F40 -----
There are 1 faults will be injected in faulttable...
100234 microseconds
Fault on PT_F40(0X7f9d00718ee0 -> 0X7f9d00718ee3)
3000063 microseconds
timeout
[2016-10-27 12:37:48]Process 25867 termed with signal 14(SIGALRM)
PT_F40-plus_3-250 Test Num : 92
Inject into ../bin/hello
----- Type : plus_3 Pos : PT_F40 -----
There are 1 faults will be injected in faulttable...
100995 microseconds
Fault on PT_F40(0X7f281cb34ee0 -> 0X7f281cb34ee3)
3000141 microseconds
timeout
[2016-10-27 12:37:51]Process 25869 termed with signal 14(SIGALRM)
PT_F40-plus_3-250 Test Num : 93
Inject into ../bin/hello
----- Type : plus_3 Pos : PT_F40 -----
There are 1 faults will be injected in faulttable...
100161 microseconds
Fault on PT_F40(0X7f06931cdee0 -> 0X7f06931cdee3)
3000161 microseconds
timeout
[2016-10-27 12:37:54]Process 25871 termed with signal 14(SIGALRM)
PT_F40-plus_3-250 Test Num : 94
Inject into ../bin/hello
----- Type : plus_3 Pos : PT_F40 -----
There are 1 faults will be injected in faulttable...
101150 microseconds
Fault on PT_F40(0X7f8b69f0fee0 -> 0X7f8b69f0fee3)
3000095 microseconds
timeout
[2016-10-27 12:37:57]Process 25873 termed with signal 14(SIGALRM)
PT_F40-plus_3-250 Test Num : 95
Inject into ../bin/hello
----- Type : plus_3 Pos : PT_F40 -----
There are 1 faults will be injected in faulttable...
101149 microseconds
Fault on PT_F40(0X7fd20fdd2ee0 -> 0X7fd20fdd2ee3)
3000122 microseconds
timeout
[ 2016-10-27 12:38:0]Process 25875 termed with signal 14(SIGALRM)
PT_F40-plus_3-250 Test Num : 96
Inject into ../bin/hello
----- Type : plus_3 Pos : PT_F40 -----
There are 1 faults will be injected in faulttable...
100954 microseconds
Fault on PT_F40(0X7f4f0d24aee0 -> 0X7f4f0d24aee3)
3000095 microseconds
timeout
[ 2016-10-27 12:38:3]Process 25877 termed with signal 14(SIGALRM)
PT_F40-plus_3-250 Test Num : 97
Inject into ../bin/hello
----- Type : plus_3 Pos : PT_F40 -----
There are 1 faults will be injected in faulttable...
100103 microseconds
Fault on PT_F40(0X7f827d1c7ee0 -> 0X7f827d1c7ee3)
3000085 microseconds
timeout
[ 2016-10-27 12:38:6]Process 25879 termed with signal 14(SIGALRM)
PT_F40-plus_3-250 Test Num : 98
Inject into ../bin/hello
----- Type : plus_3 Pos : PT_F40 -----
There are 1 faults will be injected in faulttable...
101344 microseconds
Fault on PT_F40(0X7f5b6fd1aee0 -> 0X7f5b6fd1aee3)
3000099 microseconds
timeout
[ 2016-10-27 12:38:9]Process 25881 termed with signal 14(SIGALRM)
PT_F40-plus_3-250 Test Num : 99
Inject into ../bin/hello
----- Type : plus_3 Pos : PT_F40 -----
There are 1 faults will be injected in faulttable...
101146 microseconds
Fault on PT_F40(0X7f6e66d49ee0 -> 0X7f6e66d49ee3)
3000131 microseconds
timeout
[2016-10-27 12:38:13]Process 25883 termed with signal 14(SIGALRM)
PT_F40-plus_3-250 Test Num : 100
Inject into ../bin/hello
----- Type : plus_3 Pos : PT_F40 -----
There are 1 faults will be injected in faulttable...
101244 microseconds
Fault on PT_F40(0X7f5b6e94eee0 -> 0X7f5b6e94eee3)
3000134 microseconds
timeout
[2016-10-27 12:38:16]Process 25885 termed with signal 14(SIGALRM)
PT_F40-plus_3-250 Test Num : 101
Inject into ../bin/hello
----- Type : plus_3 Pos : PT_F40 -----
There are 1 faults will be injected in faulttable...
101148 microseconds
Fault on PT_F40(0X7f6e8700dee0 -> 0X7f6e8700dee3)
3000117 microseconds
timeout
[2016-10-27 12:38:19]Process 25887 termed with signal 14(SIGALRM)
PT_F40-plus_3-250 Test Num : 102
Inject into ../bin/hello
----- Type : plus_3 Pos : PT_F40 -----
There are 1 faults will be injected in faulttable...
101093 microseconds
Fault on PT_F40(0X7f2f2976cee0 -> 0X7f2f2976cee3)
3000097 microseconds
timeout
[2016-10-27 12:38:22]Process 25889 termed with signal 14(SIGALRM)
PT_F40-plus_3-250 Test Num : 103
Inject into ../bin/hello
----- Type : plus_3 Pos : PT_F40 -----
There are 1 faults will be injected in faulttable...
100130 microseconds
Fault on PT_F40(0X7f4c02361ee0 -> 0X7f4c02361ee3)
3000123 microseconds
timeout
[2016-10-27 12:38:25]Process 25891 termed with signal 14(SIGALRM)
PT_F40-plus_3-250 Test Num : 104
Inject into ../bin/hello
----- Type : plus_3 Pos : PT_F40 -----
There are 1 faults will be injected in faulttable...
101404 microseconds
Fault on PT_F40(0X7f6f24d85ee0 -> 0X7f6f24d85ee3)
3000109 microseconds
timeout
[2016-10-27 12:38:28]Process 25893 termed with signal 14(SIGALRM)
PT_F40-plus_3-250 Test Num : 105
Inject into ../bin/hello
----- Type : plus_3 Pos : PT_F40 -----
There are 1 faults will be injected in faulttable...
101318 microseconds
Fault on PT_F40(0X7f62d6594ee0 -> 0X7f62d6594ee3)
3000090 microseconds
timeout
[2016-10-27 12:38:31]Process 25895 termed with signal 14(SIGALRM)
PT_F40-plus_3-250 Test Num : 106
Inject into ../bin/hello
----- Type : plus_3 Pos : PT_F40 -----
There are 1 faults will be injected in faulttable...
101016 microseconds
Fault on PT_F40(0X7fb5502c7ee0 -> 0X7fb5502c7ee3)
3000094 microseconds
timeout
[2016-10-27 12:38:34]Process 25897 termed with signal 14(SIGALRM)
PT_F40-plus_3-250 Test Num : 107
Inject into ../bin/hello
----- Type : plus_3 Pos : PT_F40 -----
There are 1 faults will be injected in faulttable...
101572 microseconds
Fault on PT_F40(0X7f64f5699ee0 -> 0X7f64f5699ee3)
3000071 microseconds
timeout
[2016-10-27 12:38:37]Process 25899 termed with signal 14(SIGALRM)
PT_F40-plus_3-250 Test Num : 108
Inject into ../bin/hello
----- Type : plus_3 Pos : PT_F40 -----
There are 1 faults will be injected in faulttable...
101072 microseconds
Fault on PT_F40(0X7fd6e3ec1ee0 -> 0X7fd6e3ec1ee3)
3000130 microseconds
timeout
[2016-10-27 12:38:41]Process 25901 termed with signal 14(SIGALRM)
PT_F40-plus_3-250 Test Num : 109
Inject into ../bin/hello
----- Type : plus_3 Pos : PT_F40 -----
There are 1 faults will be injected in faulttable...
101061 microseconds
Fault on PT_F40(0X7fe4f451cee0 -> 0X7fe4f451cee3)
3000066 microseconds
timeout
[2016-10-27 12:38:44]Process 25903 termed with signal 14(SIGALRM)
PT_F40-plus_3-250 Test Num : 110
Inject into ../bin/hello
----- Type : plus_3 Pos : PT_F40 -----
There are 1 faults will be injected in faulttable...
101940 microseconds
Fault on PT_F40(0X7f2a43ba6ee0 -> 0X7f2a43ba6ee3)
3000096 microseconds
timeout
[2016-10-27 12:38:47]Process 25905 termed with signal 14(SIGALRM)
PT_F40-plus_3-250 Test Num : 111
Inject into ../bin/hello
----- Type : plus_3 Pos : PT_F40 -----
There are 1 faults will be injected in faulttable...
101033 microseconds
Fault on PT_F40(0X7f2509baaee0 -> 0X7f2509baaee3)
3000092 microseconds
timeout
[2016-10-27 12:38:50]Process 25907 termed with signal 14(SIGALRM)
PT_F40-plus_3-250 Test Num : 112
Inject into ../bin/hello
----- Type : plus_3 Pos : PT_F40 -----
There are 1 faults will be injected in faulttable...
101183 microseconds
Fault on PT_F40(0X7fd558467ee0 -> 0X7fd558467ee3)
3000128 microseconds
timeout
[2016-10-27 12:38:53]Process 25909 termed with signal 14(SIGALRM)
PT_F40-plus_3-250 Test Num : 113
Inject into ../bin/hello
----- Type : plus_3 Pos : PT_F40 -----
There are 1 faults will be injected in faulttable...
100248 microseconds
Fault on PT_F40(0X7f0d8e00eee0 -> 0X7f0d8e00eee3)
3000103 microseconds
timeout
[2016-10-27 12:38:56]Process 25911 termed with signal 14(SIGALRM)
PT_F40-plus_3-250 Test Num : 114
Inject into ../bin/hello
----- Type : plus_3 Pos : PT_F40 -----
There are 1 faults will be injected in faulttable...
101159 microseconds
Fault on PT_F40(0X7f43ce569ee0 -> 0X7f43ce569ee3)
3000146 microseconds
timeout
[2016-10-27 12:38:59]Process 25913 termed with signal 14(SIGALRM)
PT_F40-plus_3-250 Test Num : 115
Inject into ../bin/hello
----- Type : plus_3 Pos : PT_F40 -----
There are 1 faults will be injected in faulttable...
101103 microseconds
Fault on PT_F40(0X7f72311f9ee0 -> 0X7f72311f9ee3)
3000101 microseconds
timeout
[ 2016-10-27 12:39:2]Process 25915 termed with signal 14(SIGALRM)
PT_F40-plus_3-250 Test Num : 116
Inject into ../bin/hello
----- Type : plus_3 Pos : PT_F40 -----
There are 1 faults will be injected in faulttable...
101083 microseconds
Fault on PT_F40(0X7f604950dee0 -> 0X7f604950dee3)
3000164 microseconds
timeout
[ 2016-10-27 12:39:5]Process 25917 termed with signal 14(SIGALRM)
PT_F40-plus_3-250 Test Num : 117
Inject into ../bin/hello
----- Type : plus_3 Pos : PT_F40 -----
There are 1 faults will be injected in faulttable...
101427 microseconds
Fault on PT_F40(0X7f9cc1fd8ee0 -> 0X7f9cc1fd8ee3)
3000079 microseconds
timeout
[ 2016-10-27 12:39:9]Process 25919 termed with signal 14(SIGALRM)
PT_F40-plus_3-250 Test Num : 118
Inject into ../bin/hello
----- Type : plus_3 Pos : PT_F40 -----
There are 1 faults will be injected in faulttable...
101120 microseconds
Fault on PT_F40(0X7fd1aaef2ee0 -> 0X7fd1aaef2ee3)
3000135 microseconds
timeout
[2016-10-27 12:39:12]Process 25921 termed with signal 14(SIGALRM)
PT_F40-plus_3-250 Test Num : 119
Inject into ../bin/hello
----- Type : plus_3 Pos : PT_F40 -----
There are 1 faults will be injected in faulttable...
101384 microseconds
Fault on PT_F40(0X7fce5dd01ee0 -> 0X7fce5dd01ee3)
3000059 microseconds
timeout
[2016-10-27 12:39:15]Process 25923 termed with signal 14(SIGALRM)
PT_F40-plus_3-250 Test Num : 120
Inject into ../bin/hello
----- Type : plus_3 Pos : PT_F40 -----
There are 1 faults will be injected in faulttable...
100109 microseconds
Fault on PT_F40(0X7fea59bafee0 -> 0X7fea59bafee3)
3000063 microseconds
timeout
[2016-10-27 12:39:18]Process 25925 termed with signal 14(SIGALRM)
PT_F40-plus_3-250 Test Num : 121
Inject into ../bin/hello
----- Type : plus_3 Pos : PT_F40 -----
There are 1 faults will be injected in faulttable...
101008 microseconds
Fault on PT_F40(0X7fd380bb3ee0 -> 0X7fd380bb3ee3)
3000113 microseconds
timeout
[2016-10-27 12:39:21]Process 25927 termed with signal 14(SIGALRM)
PT_F40-plus_3-250 Test Num : 122
Inject into ../bin/hello
----- Type : plus_3 Pos : PT_F40 -----
There are 1 faults will be injected in faulttable...
101219 microseconds
Fault on PT_F40(0X7fb8957e4ee0 -> 0X7fb8957e4ee3)
3000171 microseconds
timeout
[2016-10-27 12:39:24]Process 25929 termed with signal 14(SIGALRM)
PT_F40-plus_3-250 Test Num : 123
Inject into ../bin/hello
----- Type : plus_3 Pos : PT_F40 -----
There are 1 faults will be injected in faulttable...
100093 microseconds
Fault on PT_F40(0X7f93216b9ee0 -> 0X7f93216b9ee3)
3000137 microseconds
timeout
[2016-10-27 12:39:27]Process 25931 termed with signal 14(SIGALRM)
PT_F40-plus_3-250 Test Num : 124
Inject into ../bin/hello
----- Type : plus_3 Pos : PT_F40 -----
There are 1 faults will be injected in faulttable...
101508 microseconds
Fault on PT_F40(0X7f5653cc4ee0 -> 0X7f5653cc4ee3)
3000130 microseconds
timeout
[2016-10-27 12:39:30]Process 25933 termed with signal 14(SIGALRM)
PT_F40-plus_3-250 Test Num : 125
Inject into ../bin/hello
----- Type : plus_3 Pos : PT_F40 -----
There are 1 faults will be injected in faulttable...
101226 microseconds
Fault on PT_F40(0X7f3c765f6ee0 -> 0X7f3c765f6ee3)
3000148 microseconds
timeout
[2016-10-27 12:39:33]Process 25935 termed with signal 14(SIGALRM)
PT_F40-plus_3-250 Test Num : 126
Inject into ../bin/hello
----- Type : plus_3 Pos : PT_F40 -----
There are 1 faults will be injected in faulttable...
101341 microseconds
Fault on PT_F40(0X7f3285538ee0 -> 0X7f3285538ee3)
3000201 microseconds
timeout
[2016-10-27 12:39:37]Process 25937 termed with signal 14(SIGALRM)
PT_F40-plus_3-250 Test Num : 127
Inject into ../bin/hello
----- Type : plus_3 Pos : PT_F40 -----
There are 1 faults will be injected in faulttable...
100912 microseconds
Fault on PT_F40(0X7ff997f6bee0 -> 0X7ff997f6bee3)
3000057 microseconds
timeout
[2016-10-27 12:39:40]Process 25939 termed with signal 14(SIGALRM)
PT_F40-plus_3-250 Test Num : 128
Inject into ../bin/hello
----- Type : plus_3 Pos : PT_F40 -----
There are 1 faults will be injected in faulttable...
101237 microseconds
Fault on PT_F40(0X7f5cf2681ee0 -> 0X7f5cf2681ee3)
3000075 microseconds
timeout
[2016-10-27 12:39:43]Process 25941 termed with signal 14(SIGALRM)
PT_F40-plus_3-250 Test Num : 129
Inject into ../bin/hello
----- Type : plus_3 Pos : PT_F40 -----
There are 1 faults will be injected in faulttable...
100986 microseconds
Fault on PT_F40(0X7fea6e3adee0 -> 0X7fea6e3adee3)
3000075 microseconds
timeout
[2016-10-27 12:39:46]Process 25943 termed with signal 14(SIGALRM)
PT_F40-plus_3-250 Test Num : 130
Inject into ../bin/hello
----- Type : plus_3 Pos : PT_F40 -----
There are 1 faults will be injected in faulttable...
101162 microseconds
Fault on PT_F40(0X7f6f179f8ee0 -> 0X7f6f179f8ee3)
3000096 microseconds
timeout
[2016-10-27 12:39:49]Process 25945 termed with signal 14(SIGALRM)
PT_F40-plus_3-250 Test Num : 131
Inject into ../bin/hello
----- Type : plus_3 Pos : PT_F40 -----
There are 1 faults will be injected in faulttable...
101598 microseconds
Fault on PT_F40(0X7f4672245ee0 -> 0X7f4672245ee3)
3000124 microseconds
timeout
[2016-10-27 12:39:52]Process 25947 termed with signal 14(SIGALRM)
PT_F40-plus_3-250 Test Num : 132
Inject into ../bin/hello
----- Type : plus_3 Pos : PT_F40 -----
There are 1 faults will be injected in faulttable...
101120 microseconds
Fault on PT_F40(0X7fad9faacee0 -> 0X7fad9faacee3)
3000143 microseconds
timeout
[2016-10-27 12:39:55]Process 25949 termed with signal 14(SIGALRM)
PT_F40-plus_3-250 Test Num : 133
Inject into ../bin/hello
----- Type : plus_3 Pos : PT_F40 -----
There are 1 faults will be injected in faulttable...
101495 microseconds
Fault on PT_F40(0X7fafcc071ee0 -> 0X7fafcc071ee3)
3000115 microseconds
timeout
[2016-10-27 12:39:58]Process 25951 termed with signal 14(SIGALRM)
PT_F40-plus_3-250 Test Num : 134
Inject into ../bin/hello
----- Type : plus_3 Pos : PT_F40 -----
There are 1 faults will be injected in faulttable...
100993 microseconds
Fault on PT_F40(0X7f8114e26ee0 -> 0X7f8114e26ee3)
3000127 microseconds
timeout
[ 2016-10-27 12:40:1]Process 25953 termed with signal 14(SIGALRM)
PT_F40-plus_3-250 Test Num : 135
Inject into ../bin/hello
----- Type : plus_3 Pos : PT_F40 -----
There are 1 faults will be injected in faulttable...
101186 microseconds
Fault on PT_F40(0X7f8df7aaeee0 -> 0X7f8df7aaeee3)
3000151 microseconds
timeout
[ 2016-10-27 12:40:5]Process 25955 termed with signal 14(SIGALRM)
PT_F40-plus_3-250 Test Num : 136
Inject into ../bin/hello
----- Type : plus_3 Pos : PT_F40 -----
There are 1 faults will be injected in faulttable...
101095 microseconds
Fault on PT_F40(0X7f9219147ee0 -> 0X7f9219147ee3)
3000103 microseconds
timeout
[ 2016-10-27 12:40:8]Process 25957 termed with signal 14(SIGALRM)
PT_F40-plus_3-250 Test Num : 137
Inject into ../bin/hello
----- Type : plus_3 Pos : PT_F40 -----
There are 1 faults will be injected in faulttable...
101164 microseconds
Fault on PT_F40(0X7fdefde7aee0 -> 0X7fdefde7aee3)
3000098 microseconds
timeout
[2016-10-27 12:40:11]Process 25959 termed with signal 14(SIGALRM)
PT_F40-plus_3-250 Test Num : 138
Inject into ../bin/hello
----- Type : plus_3 Pos : PT_F40 -----
There are 1 faults will be injected in faulttable...
100111 microseconds
Fault on PT_F40(0X7ff24184eee0 -> 0X7ff24184eee3)
3000070 microseconds
timeout
[2016-10-27 12:40:14]Process 25961 termed with signal 14(SIGALRM)
PT_F40-plus_3-250 Test Num : 139
Inject into ../bin/hello
----- Type : plus_3 Pos : PT_F40 -----
There are 1 faults will be injected in faulttable...
101282 microseconds
Fault on PT_F40(0X7f399ea44ee0 -> 0X7f399ea44ee3)
3000089 microseconds
timeout
[2016-10-27 12:40:17]Process 25963 termed with signal 14(SIGALRM)
PT_F40-plus_3-250 Test Num : 140
Inject into ../bin/hello
----- Type : plus_3 Pos : PT_F40 -----
There are 1 faults will be injected in faulttable...
101068 microseconds
Fault on PT_F40(0X7f530ad68ee0 -> 0X7f530ad68ee3)
3000102 microseconds
timeout
[2016-10-27 12:40:20]Process 25965 termed with signal 14(SIGALRM)
PT_F40-plus_3-250 Test Num : 141
Inject into ../bin/hello
----- Type : plus_3 Pos : PT_F40 -----
There are 1 faults will be injected in faulttable...
100089 microseconds
Fault on PT_F40(0X7f70a16dcee0 -> 0X7f70a16dcee3)
3000060 microseconds
timeout
[2016-10-27 12:40:23]Process 25967 termed with signal 14(SIGALRM)
PT_F40-plus_3-250 Test Num : 142
Inject into ../bin/hello
----- Type : plus_3 Pos : PT_F40 -----
There are 1 faults will be injected in faulttable...
100970 microseconds
Fault on PT_F40(0X7fda7c54bee0 -> 0X7fda7c54bee3)
3000087 microseconds
timeout
[2016-10-27 12:40:26]Process 25969 termed with signal 14(SIGALRM)
PT_F40-plus_3-250 Test Num : 143
Inject into ../bin/hello
----- Type : plus_3 Pos : PT_F40 -----
There are 1 faults will be injected in faulttable...
101343 microseconds
Fault on PT_F40(0X7fe56a387ee0 -> 0X7fe56a387ee3)
3000092 microseconds
timeout
[2016-10-27 12:40:29]Process 25971 termed with signal 14(SIGALRM)
PT_F40-plus_3-250 Test Num : 144
Inject into ../bin/hello
----- Type : plus_3 Pos : PT_F40 -----
There are 1 faults will be injected in faulttable...
101064 microseconds
Fault on PT_F40(0X7f8889cf0ee0 -> 0X7f8889cf0ee3)
3000146 microseconds
timeout
[2016-10-27 12:40:33]Process 25973 termed with signal 14(SIGALRM)
PT_F40-plus_3-250 Test Num : 145
Inject into ../bin/hello
----- Type : plus_3 Pos : PT_F40 -----
There are 1 faults will be injected in faulttable...
100982 microseconds
Fault on PT_F40(0X7f6b2744dee0 -> 0X7f6b2744dee3)
3000097 microseconds
timeout
[2016-10-27 12:40:36]Process 25975 termed with signal 14(SIGALRM)
PT_F40-plus_3-250 Test Num : 146
Inject into ../bin/hello
----- Type : plus_3 Pos : PT_F40 -----
There are 1 faults will be injected in faulttable...
100072 microseconds
Fault on PT_F40(0X7f1ed16a3ee0 -> 0X7f1ed16a3ee3)
3000064 microseconds
timeout
[2016-10-27 12:40:39]Process 25977 termed with signal 14(SIGALRM)
PT_F40-plus_3-250 Test Num : 147
Inject into ../bin/hello
----- Type : plus_3 Pos : PT_F40 -----
There are 1 faults will be injected in faulttable...
101032 microseconds
Fault on PT_F40(0X7f8762f12ee0 -> 0X7f8762f12ee3)
3000157 microseconds
timeout
[2016-10-27 12:40:42]Process 25979 termed with signal 14(SIGALRM)
PT_F40-plus_3-250 Test Num : 148
Inject into ../bin/hello
----- Type : plus_3 Pos : PT_F40 -----
There are 1 faults will be injected in faulttable...
101110 microseconds
Fault on PT_F40(0X7f394198eee0 -> 0X7f394198eee3)
3000130 microseconds
timeout
[2016-10-27 12:40:45]Process 25981 termed with signal 14(SIGALRM)
PT_F40-plus_3-250 Test Num : 149
Inject into ../bin/hello
----- Type : plus_3 Pos : PT_F40 -----
There are 1 faults will be injected in faulttable...
100129 microseconds
Fault on PT_F40(0X7f65946c2ee0 -> 0X7f65946c2ee3)
3000109 microseconds
timeout
[2016-10-27 12:40:48]Process 25983 termed with signal 14(SIGALRM)
PT_F40-plus_3-250 Test Num : 150
Inject into ../bin/hello
----- Type : plus_3 Pos : PT_F40 -----
There are 1 faults will be injected in faulttable...
101415 microseconds
Fault on PT_F40(0X7fd23c388ee0 -> 0X7fd23c388ee3)
3000075 microseconds
timeout
[2016-10-27 12:40:51]Process 25985 termed with signal 14(SIGALRM)
PT_F40-plus_3-250 Test Num : 151
Inject into ../bin/hello
----- Type : plus_3 Pos : PT_F40 -----
There are 1 faults will be injected in faulttable...
101030 microseconds
Fault on PT_F40(0X7f6f33f29ee0 -> 0X7f6f33f29ee3)
3000091 microseconds
timeout
[2016-10-27 12:40:54]Process 25987 termed with signal 14(SIGALRM)
PT_F40-plus_3-250 Test Num : 152
Inject into ../bin/hello
----- Type : plus_3 Pos : PT_F40 -----
There are 1 faults will be injected in faulttable...
101077 microseconds
Fault on PT_F40(0X7f50364e1ee0 -> 0X7f50364e1ee3)
3000196 microseconds
timeout
[2016-10-27 12:40:57]Process 25989 termed with signal 14(SIGALRM)
PT_F40-plus_3-250 Test Num : 153
Inject into ../bin/hello
----- Type : plus_3 Pos : PT_F40 -----
There are 1 faults will be injected in faulttable...
101095 microseconds
Fault on PT_F40(0X7f65826bbee0 -> 0X7f65826bbee3)
3000104 microseconds
timeout
[ 2016-10-27 12:41:1]Process 25991 termed with signal 14(SIGALRM)
PT_F40-plus_3-250 Test Num : 154
Inject into ../bin/hello
----- Type : plus_3 Pos : PT_F40 -----
There are 1 faults will be injected in faulttable...
101035 microseconds
Fault on PT_F40(0X7fd9422beee0 -> 0X7fd9422beee3)
3000133 microseconds
timeout
[ 2016-10-27 12:41:4]Process 25994 termed with signal 14(SIGALRM)
PT_F40-plus_3-250 Test Num : 155
Inject into ../bin/hello
----- Type : plus_3 Pos : PT_F40 -----
There are 1 faults will be injected in faulttable...
101144 microseconds
Fault on PT_F40(0X7fdab4a66ee0 -> 0X7fdab4a66ee3)
3000081 microseconds
timeout
[ 2016-10-27 12:41:7]Process 25996 termed with signal 14(SIGALRM)
PT_F40-plus_3-250 Test Num : 156
Inject into ../bin/hello
----- Type : plus_3 Pos : PT_F40 -----
There are 1 faults will be injected in faulttable...
100926 microseconds
Fault on PT_F40(0X7fed229c5ee0 -> 0X7fed229c5ee3)
3000118 microseconds
timeout
[2016-10-27 12:41:10]Process 25999 termed with signal 14(SIGALRM)
PT_F40-plus_3-250 Test Num : 157
Inject into ../bin/hello
----- Type : plus_3 Pos : PT_F40 -----
There are 1 faults will be injected in faulttable...
101226 microseconds
Fault on PT_F40(0X7fef174faee0 -> 0X7fef174faee3)
3000105 microseconds
timeout
[2016-10-27 12:41:13]Process 26001 termed with signal 14(SIGALRM)
PT_F40-plus_3-250 Test Num : 158
Inject into ../bin/hello
----- Type : plus_3 Pos : PT_F40 -----
There are 1 faults will be injected in faulttable...
101011 microseconds
Fault on PT_F40(0X7f94a7b8cee0 -> 0X7f94a7b8cee3)
3000162 microseconds
timeout
[2016-10-27 12:41:16]Process 26004 termed with signal 14(SIGALRM)
PT_F40-plus_3-250 Test Num : 159
Inject into ../bin/hello
----- Type : plus_3 Pos : PT_F40 -----
There are 1 faults will be injected in faulttable...
101094 microseconds
Fault on PT_F40(0X7f1d7f781ee0 -> 0X7f1d7f781ee3)
3000153 microseconds
timeout
[2016-10-27 12:41:19]Process 26006 termed with signal 14(SIGALRM)
PT_F40-plus_3-250 Test Num : 160
Inject into ../bin/hello
----- Type : plus_3 Pos : PT_F40 -----
There are 1 faults will be injected in faulttable...
100231 microseconds
Fault on PT_F40(0X7f3242db7ee0 -> 0X7f3242db7ee3)
3000123 microseconds
timeout
[2016-10-27 12:41:22]Process 26008 termed with signal 14(SIGALRM)
PT_F40-plus_3-250 Test Num : 161
Inject into ../bin/hello
----- Type : plus_3 Pos : PT_F40 -----
There are 1 faults will be injected in faulttable...
101059 microseconds
Fault on PT_F40(0X7fdc2c60dee0 -> 0X7fdc2c60dee3)
3000085 microseconds
timeout
[2016-10-27 12:41:25]Process 26010 termed with signal 14(SIGALRM)
PT_F40-plus_3-250 Test Num : 162
Inject into ../bin/hello
----- Type : plus_3 Pos : PT_F40 -----
There are 1 faults will be injected in faulttable...
100109 microseconds
Fault on PT_F40(0X7f13d3332ee0 -> 0X7f13d3332ee3)
3000105 microseconds
timeout
[2016-10-27 12:41:29]Process 26012 termed with signal 14(SIGALRM)
PT_F40-plus_3-250 Test Num : 163
Inject into ../bin/hello
----- Type : plus_3 Pos : PT_F40 -----
There are 1 faults will be injected in faulttable...
101401 microseconds
Fault on PT_F40(0X7fd3e7de7ee0 -> 0X7fd3e7de7ee3)
3000067 microseconds
timeout
[2016-10-27 12:41:32]Process 26014 termed with signal 14(SIGALRM)
PT_F40-plus_3-250 Test Num : 164
Inject into ../bin/hello
----- Type : plus_3 Pos : PT_F40 -----
There are 1 faults will be injected in faulttable...
100979 microseconds
Fault on PT_F40(0X7f54b4981ee0 -> 0X7f54b4981ee3)
3000084 microseconds
timeout
[2016-10-27 12:41:35]Process 26016 termed with signal 14(SIGALRM)
PT_F40-plus_3-250 Test Num : 165
Inject into ../bin/hello
----- Type : plus_3 Pos : PT_F40 -----
There are 1 faults will be injected in faulttable...
100977 microseconds
Fault on PT_F40(0X7fd0aec4dee0 -> 0X7fd0aec4dee3)
3000142 microseconds
timeout
[2016-10-27 12:41:38]Process 26019 termed with signal 14(SIGALRM)
PT_F40-plus_3-250 Test Num : 166
Inject into ../bin/hello
----- Type : plus_3 Pos : PT_F40 -----
There are 1 faults will be injected in faulttable...
101207 microseconds
Fault on PT_F40(0X7f5a86523ee0 -> 0X7f5a86523ee3)
3000111 microseconds
timeout
[2016-10-27 12:41:41]Process 26021 termed with signal 14(SIGALRM)
PT_F40-plus_3-250 Test Num : 167
Inject into ../bin/hello
----- Type : plus_3 Pos : PT_F40 -----
There are 1 faults will be injected in faulttable...
100117 microseconds
Fault on PT_F40(0X7ff562591ee0 -> 0X7ff562591ee3)
3000076 microseconds
timeout
[2016-10-27 12:41:44]Process 26023 termed with signal 14(SIGALRM)
PT_F40-plus_3-250 Test Num : 168
Inject into ../bin/hello
----- Type : plus_3 Pos : PT_F40 -----
There are 1 faults will be injected in faulttable...
101331 microseconds
Fault on PT_F40(0X7f5b4685fee0 -> 0X7f5b4685fee3)
3000105 microseconds
timeout
[2016-10-27 12:41:47]Process 26026 termed with signal 14(SIGALRM)
PT_F40-plus_3-250 Test Num : 169
Inject into ../bin/hello
----- Type : plus_3 Pos : PT_F40 -----
There are 1 faults will be injected in faulttable...
101140 microseconds
Fault on PT_F40(0X7f8ce6c3eee0 -> 0X7f8ce6c3eee3)
3000247 microseconds
timeout
[2016-10-27 12:41:50]Process 26028 termed with signal 14(SIGALRM)
PT_F40-plus_3-250 Test Num : 170
Inject into ../bin/hello
----- Type : plus_3 Pos : PT_F40 -----
There are 1 faults will be injected in faulttable...
101194 microseconds
Fault on PT_F40(0X7ff6716d8ee0 -> 0X7ff6716d8ee3)
3000139 microseconds
timeout
[2016-10-27 12:41:53]Process 26031 termed with signal 14(SIGALRM)
PT_F40-plus_3-250 Test Num : 171
Inject into ../bin/hello
----- Type : plus_3 Pos : PT_F40 -----
There are 1 faults will be injected in faulttable...
101068 microseconds
Fault on PT_F40(0X7fe68139bee0 -> 0X7fe68139bee3)
3000089 microseconds
timeout
[2016-10-27 12:41:57]Process 26033 termed with signal 14(SIGALRM)
PT_F40-plus_3-250 Test Num : 172
Inject into ../bin/hello
----- Type : plus_3 Pos : PT_F40 -----
There are 1 faults will be injected in faulttable...
101173 microseconds
Fault on PT_F40(0X7f4443265ee0 -> 0X7f4443265ee3)
3000137 microseconds
timeout
[ 2016-10-27 12:42:0]Process 26035 termed with signal 14(SIGALRM)
PT_F40-plus_3-250 Test Num : 173
Inject into ../bin/hello
----- Type : plus_3 Pos : PT_F40 -----
There are 1 faults will be injected in faulttable...
101092 microseconds
Fault on PT_F40(0X7f11a6e10ee0 -> 0X7f11a6e10ee3)
3000310 microseconds
timeout
[ 2016-10-27 12:42:3]Process 26038 termed with signal 14(SIGALRM)
PT_F40-plus_3-250 Test Num : 174
Inject into ../bin/hello
----- Type : plus_3 Pos : PT_F40 -----
There are 1 faults will be injected in faulttable...
101284 microseconds
Fault on PT_F40(0X7f73dc33fee0 -> 0X7f73dc33fee3)
3000130 microseconds
timeout
[ 2016-10-27 12:42:6]Process 26040 termed with signal 14(SIGALRM)
PT_F40-plus_3-250 Test Num : 175
Inject into ../bin/hello
----- Type : plus_3 Pos : PT_F40 -----
There are 1 faults will be injected in faulttable...
101055 microseconds
Fault on PT_F40(0X7fbb11fddee0 -> 0X7fbb11fddee3)
3000141 microseconds
timeout
[ 2016-10-27 12:42:9]Process 26042 termed with signal 14(SIGALRM)
PT_F40-plus_3-250 Test Num : 176
Inject into ../bin/hello
----- Type : plus_3 Pos : PT_F40 -----
There are 1 faults will be injected in faulttable...
101721 microseconds
Fault on PT_F40(0X7f984e22eee0 -> 0X7f984e22eee3)
3000082 microseconds
timeout
[2016-10-27 12:42:12]Process 26044 termed with signal 14(SIGALRM)
PT_F40-plus_3-250 Test Num : 177
Inject into ../bin/hello
----- Type : plus_3 Pos : PT_F40 -----
There are 1 faults will be injected in faulttable...
100944 microseconds
Fault on PT_F40(0X7fc3b56dfee0 -> 0X7fc3b56dfee3)
3000169 microseconds
timeout
[2016-10-27 12:42:15]Process 26047 termed with signal 14(SIGALRM)
PT_F40-plus_3-250 Test Num : 178
Inject into ../bin/hello
----- Type : plus_3 Pos : PT_F40 -----
There are 1 faults will be injected in faulttable...
101220 microseconds
Fault on PT_F40(0X7f817ccdfee0 -> 0X7f817ccdfee3)
3000081 microseconds
timeout
[2016-10-27 12:42:18]Process 26049 termed with signal 14(SIGALRM)
PT_F40-plus_3-250 Test Num : 179
Inject into ../bin/hello
----- Type : plus_3 Pos : PT_F40 -----
There are 1 faults will be injected in faulttable...
101009 microseconds
Fault on PT_F40(0X7f13fc1d8ee0 -> 0X7f13fc1d8ee3)
3000096 microseconds
timeout
[2016-10-27 12:42:21]Process 26051 termed with signal 14(SIGALRM)
PT_F40-plus_3-250 Test Num : 180
Inject into ../bin/hello
----- Type : plus_3 Pos : PT_F40 -----
There are 1 faults will be injected in faulttable...
100956 microseconds
Fault on PT_F40(0X7f593d68fee0 -> 0X7f593d68fee3)
3000060 microseconds
timeout
[2016-10-27 12:42:25]Process 26053 termed with signal 14(SIGALRM)
PT_F40-plus_3-250 Test Num : 181
Inject into ../bin/hello
----- Type : plus_3 Pos : PT_F40 -----
There are 1 faults will be injected in faulttable...
101164 microseconds
Fault on PT_F40(0X7f7ac7c93ee0 -> 0X7f7ac7c93ee3)
3000162 microseconds
timeout
[2016-10-27 12:42:28]Process 26056 termed with signal 14(SIGALRM)
PT_F40-plus_3-250 Test Num : 182
Inject into ../bin/hello
----- Type : plus_3 Pos : PT_F40 -----
There are 1 faults will be injected in faulttable...
101290 microseconds
Fault on PT_F40(0X7f41aadcfee0 -> 0X7f41aadcfee3)
3000106 microseconds
timeout
[2016-10-27 12:42:31]Process 26058 termed with signal 14(SIGALRM)
PT_F40-plus_3-250 Test Num : 183
Inject into ../bin/hello
----- Type : plus_3 Pos : PT_F40 -----
There are 1 faults will be injected in faulttable...
101750 microseconds
Fault on PT_F40(0X7f4cedd4eee0 -> 0X7f4cedd4eee3)
3000135 microseconds
timeout
[2016-10-27 12:42:34]Process 26060 termed with signal 14(SIGALRM)
PT_F40-plus_3-250 Test Num : 184
Inject into ../bin/hello
----- Type : plus_3 Pos : PT_F40 -----
There are 1 faults will be injected in faulttable...
100104 microseconds
Fault on PT_F40(0X7f846b8a9ee0 -> 0X7f846b8a9ee3)
3000100 microseconds
timeout
[2016-10-27 12:42:37]Process 26062 termed with signal 14(SIGALRM)
PT_F40-plus_3-250 Test Num : 185
Inject into ../bin/hello
----- Type : plus_3 Pos : PT_F40 -----
There are 1 faults will be injected in faulttable...
101128 microseconds
Fault on PT_F40(0X7f7223cf7ee0 -> 0X7f7223cf7ee3)
3000119 microseconds
timeout
[2016-10-27 12:42:40]Process 26064 termed with signal 14(SIGALRM)
PT_F40-plus_3-250 Test Num : 186
Inject into ../bin/hello
----- Type : plus_3 Pos : PT_F40 -----
There are 1 faults will be injected in faulttable...
101203 microseconds
Fault on PT_F40(0X7f9570085ee0 -> 0X7f9570085ee3)
3000145 microseconds
timeout
[2016-10-27 12:42:43]Process 26066 termed with signal 14(SIGALRM)
PT_F40-plus_3-250 Test Num : 187
Inject into ../bin/hello
----- Type : plus_3 Pos : PT_F40 -----
There are 1 faults will be injected in faulttable...
101252 microseconds
Fault on PT_F40(0X7fe033ce7ee0 -> 0X7fe033ce7ee3)
3000173 microseconds
timeout
[2016-10-27 12:42:46]Process 26068 termed with signal 14(SIGALRM)
PT_F40-plus_3-250 Test Num : 188
Inject into ../bin/hello
----- Type : plus_3 Pos : PT_F40 -----
There are 1 faults will be injected in faulttable...
101140 microseconds
Fault on PT_F40(0X7f455be99ee0 -> 0X7f455be99ee3)
3000132 microseconds
timeout
[2016-10-27 12:42:50]Process 26070 termed with signal 14(SIGALRM)
PT_F40-plus_3-250 Test Num : 189
Inject into ../bin/hello
----- Type : plus_3 Pos : PT_F40 -----
There are 1 faults will be injected in faulttable...
101088 microseconds
Fault on PT_F40(0X7f02295a7ee0 -> 0X7f02295a7ee3)
3000172 microseconds
timeout
[2016-10-27 12:42:53]Process 26072 termed with signal 14(SIGALRM)
PT_F40-plus_3-250 Test Num : 190
Inject into ../bin/hello
----- Type : plus_3 Pos : PT_F40 -----
There are 1 faults will be injected in faulttable...
101083 microseconds
Fault on PT_F40(0X7ff835900ee0 -> 0X7ff835900ee3)
3000124 microseconds
timeout
[2016-10-27 12:42:56]Process 26074 termed with signal 14(SIGALRM)
PT_F40-plus_3-250 Test Num : 191
Inject into ../bin/hello
----- Type : plus_3 Pos : PT_F40 -----
There are 1 faults will be injected in faulttable...
100074 microseconds
Fault on PT_F40(0X7fe8ef80bee0 -> 0X7fe8ef80bee3)
3000077 microseconds
timeout
[2016-10-27 12:42:59]Process 26076 termed with signal 14(SIGALRM)
PT_F40-plus_3-250 Test Num : 192
Inject into ../bin/hello
----- Type : plus_3 Pos : PT_F40 -----
There are 1 faults will be injected in faulttable...
101362 microseconds
Fault on PT_F40(0X7f48d5af1ee0 -> 0X7f48d5af1ee3)
3000075 microseconds
timeout
[ 2016-10-27 12:43:2]Process 26078 termed with signal 14(SIGALRM)
PT_F40-plus_3-250 Test Num : 193
Inject into ../bin/hello
----- Type : plus_3 Pos : PT_F40 -----
There are 1 faults will be injected in faulttable...
100074 microseconds
Fault on PT_F40(0X7f87a25ceee0 -> 0X7f87a25ceee3)
3000120 microseconds
timeout
[ 2016-10-27 12:43:5]Process 26080 termed with signal 14(SIGALRM)
PT_F40-plus_3-250 Test Num : 194
Inject into ../bin/hello
----- Type : plus_3 Pos : PT_F40 -----
There are 1 faults will be injected in faulttable...
100268 microseconds
Fault on PT_F40(0X7f654eddbee0 -> 0X7f654eddbee3)
3000136 microseconds
timeout
[ 2016-10-27 12:43:8]Process 26082 termed with signal 14(SIGALRM)
PT_F40-plus_3-250 Test Num : 195
Inject into ../bin/hello
----- Type : plus_3 Pos : PT_F40 -----
There are 1 faults will be injected in faulttable...
101140 microseconds
Fault on PT_F40(0X7fb414409ee0 -> 0X7fb414409ee3)
3000110 microseconds
timeout
[2016-10-27 12:43:11]Process 26084 termed with signal 14(SIGALRM)
PT_F40-plus_3-250 Test Num : 196
Inject into ../bin/hello
----- Type : plus_3 Pos : PT_F40 -----
There are 1 faults will be injected in faulttable...
101267 microseconds
Fault on PT_F40(0X7f813f631ee0 -> 0X7f813f631ee3)
3000155 microseconds
timeout
[2016-10-27 12:43:14]Process 26086 termed with signal 14(SIGALRM)
PT_F40-plus_3-250 Test Num : 197
Inject into ../bin/hello
----- Type : plus_3 Pos : PT_F40 -----
There are 1 faults will be injected in faulttable...
100994 microseconds
Fault on PT_F40(0X7f98a6ed3ee0 -> 0X7f98a6ed3ee3)
3000106 microseconds
timeout
[2016-10-27 12:43:18]Process 26088 termed with signal 14(SIGALRM)
PT_F40-plus_3-250 Test Num : 198
Inject into ../bin/hello
----- Type : plus_3 Pos : PT_F40 -----
There are 1 faults will be injected in faulttable...
101426 microseconds
Fault on PT_F40(0X7f641fd3eee0 -> 0X7f641fd3eee3)
3000097 microseconds
timeout
[2016-10-27 12:43:21]Process 26090 termed with signal 14(SIGALRM)
PT_F40-plus_3-250 Test Num : 199
Inject into ../bin/hello
----- Type : plus_3 Pos : PT_F40 -----
There are 1 faults will be injected in faulttable...
100188 microseconds
Fault on PT_F40(0X7fb8370d0ee0 -> 0X7fb8370d0ee3)
3000134 microseconds
timeout
[2016-10-27 12:43:24]Process 26092 termed with signal 14(SIGALRM)
PT_F40-plus_3-250 Test Num : 200
Inject into ../bin/hello
----- Type : plus_3 Pos : PT_F40 -----
There are 1 faults will be injected in faulttable...
101356 microseconds
Fault on PT_F40(0X7ff3aa249ee0 -> 0X7ff3aa249ee3)
3000052 microseconds
timeout
[2016-10-27 12:43:27]Process 26094 termed with signal 14(SIGALRM)
PT_F40-plus_3-250 Test Num : 201
Inject into ../bin/hello
----- Type : plus_3 Pos : PT_F40 -----
There are 1 faults will be injected in faulttable...
101141 microseconds
Fault on PT_F40(0X7fd3b6f77ee0 -> 0X7fd3b6f77ee3)
3000114 microseconds
timeout
[2016-10-27 12:43:30]Process 26096 termed with signal 14(SIGALRM)
PT_F40-plus_3-250 Test Num : 202
Inject into ../bin/hello
----- Type : plus_3 Pos : PT_F40 -----
There are 1 faults will be injected in faulttable...
101463 microseconds
Fault on PT_F40(0X7f892cc62ee0 -> 0X7f892cc62ee3)
3000181 microseconds
timeout
[2016-10-27 12:43:33]Process 26098 termed with signal 14(SIGALRM)
PT_F40-plus_3-250 Test Num : 203
Inject into ../bin/hello
----- Type : plus_3 Pos : PT_F40 -----
There are 1 faults will be injected in faulttable...
100136 microseconds
Fault on PT_F40(0X7fbaf2036ee0 -> 0X7fbaf2036ee3)
3000097 microseconds
timeout
[2016-10-27 12:43:36]Process 26100 termed with signal 14(SIGALRM)
PT_F40-plus_3-250 Test Num : 204
Inject into ../bin/hello
----- Type : plus_3 Pos : PT_F40 -----
There are 1 faults will be injected in faulttable...
101209 microseconds
Fault on PT_F40(0X7fea15380ee0 -> 0X7fea15380ee3)
3000164 microseconds
timeout
[2016-10-27 12:43:39]Process 26102 termed with signal 14(SIGALRM)
PT_F40-plus_3-250 Test Num : 205
Inject into ../bin/hello
----- Type : plus_3 Pos : PT_F40 -----
There are 1 faults will be injected in faulttable...
100085 microseconds
Fault on PT_F40(0X7fc933d85ee0 -> 0X7fc933d85ee3)
3000072 microseconds
timeout
[2016-10-27 12:43:42]Process 26104 termed with signal 14(SIGALRM)
PT_F40-plus_3-250 Test Num : 206
Inject into ../bin/hello
----- Type : plus_3 Pos : PT_F40 -----
There are 1 faults will be injected in faulttable...
101240 microseconds
Fault on PT_F40(0X7f496b44fee0 -> 0X7f496b44fee3)
3000135 microseconds
timeout
[2016-10-27 12:43:46]Process 26106 termed with signal 14(SIGALRM)
PT_F40-plus_3-250 Test Num : 207
Inject into ../bin/hello
----- Type : plus_3 Pos : PT_F40 -----
There are 1 faults will be injected in faulttable...
101503 microseconds
Fault on PT_F40(0X7f1d8f105ee0 -> 0X7f1d8f105ee3)
3000090 microseconds
timeout
[2016-10-27 12:43:49]Process 26108 termed with signal 14(SIGALRM)
PT_F40-plus_3-250 Test Num : 208
Inject into ../bin/hello
----- Type : plus_3 Pos : PT_F40 -----
There are 1 faults will be injected in faulttable...
101167 microseconds
Fault on PT_F40(0X7fca3c754ee0 -> 0X7fca3c754ee3)
3000115 microseconds
timeout
[2016-10-27 12:43:52]Process 26110 termed with signal 14(SIGALRM)
PT_F40-plus_3-250 Test Num : 209
Inject into ../bin/hello
----- Type : plus_3 Pos : PT_F40 -----
There are 1 faults will be injected in faulttable...
100071 microseconds
Fault on PT_F40(0X7fbf163e3ee0 -> 0X7fbf163e3ee3)
3000088 microseconds
timeout
[2016-10-27 12:43:55]Process 26112 termed with signal 14(SIGALRM)
PT_F40-plus_3-250 Test Num : 210
Inject into ../bin/hello
----- Type : plus_3 Pos : PT_F40 -----
There are 1 faults will be injected in faulttable...
101027 microseconds
Fault on PT_F40(0X7f7c41cf0ee0 -> 0X7f7c41cf0ee3)
3000116 microseconds
timeout
[2016-10-27 12:43:58]Process 26114 termed with signal 14(SIGALRM)
PT_F40-plus_3-250 Test Num : 211
Inject into ../bin/hello
----- Type : plus_3 Pos : PT_F40 -----
There are 1 faults will be injected in faulttable...
101497 microseconds
Fault on PT_F40(0X7f14d3087ee0 -> 0X7f14d3087ee3)
3000081 microseconds
timeout
[ 2016-10-27 12:44:1]Process 26116 termed with signal 14(SIGALRM)
PT_F40-plus_3-250 Test Num : 212
Inject into ../bin/hello
----- Type : plus_3 Pos : PT_F40 -----
There are 1 faults will be injected in faulttable...
101183 microseconds
Fault on PT_F40(0X7f8aa2e2aee0 -> 0X7f8aa2e2aee3)
3000070 microseconds
timeout
[ 2016-10-27 12:44:4]Process 26118 termed with signal 14(SIGALRM)
PT_F40-plus_3-250 Test Num : 213
Inject into ../bin/hello
----- Type : plus_3 Pos : PT_F40 -----
There are 1 faults will be injected in faulttable...
101083 microseconds
Fault on PT_F40(0X7f9ee2783ee0 -> 0X7f9ee2783ee3)
3000073 microseconds
timeout
[ 2016-10-27 12:44:7]Process 26120 termed with signal 14(SIGALRM)
PT_F40-plus_3-250 Test Num : 214
Inject into ../bin/hello
----- Type : plus_3 Pos : PT_F40 -----
There are 1 faults will be injected in faulttable...
101062 microseconds
Fault on PT_F40(0X7f8dab492ee0 -> 0X7f8dab492ee3)
3000088 microseconds
timeout
[2016-10-27 12:44:10]Process 26122 termed with signal 14(SIGALRM)
PT_F40-plus_3-250 Test Num : 215
Inject into ../bin/hello
----- Type : plus_3 Pos : PT_F40 -----
There are 1 faults will be injected in faulttable...
101833 microseconds
Fault on PT_F40(0X7f30f9033ee0 -> 0X7f30f9033ee3)
3000561 microseconds
timeout
[2016-10-27 12:44:14]Process 26124 termed with signal 14(SIGALRM)
PT_F40-plus_3-250 Test Num : 216
Inject into ../bin/hello
----- Type : plus_3 Pos : PT_F40 -----
There are 1 faults will be injected in faulttable...
100955 microseconds
Fault on PT_F40(0X7f4dcb269ee0 -> 0X7f4dcb269ee3)
3000124 microseconds
timeout
[2016-10-27 12:44:17]Process 26126 termed with signal 14(SIGALRM)
PT_F40-plus_3-250 Test Num : 217
Inject into ../bin/hello
----- Type : plus_3 Pos : PT_F40 -----
There are 1 faults will be injected in faulttable...
100276 microseconds
Fault on PT_F40(0X7f78bad89ee0 -> 0X7f78bad89ee3)
3000182 microseconds
timeout
[2016-10-27 12:44:20]Process 26128 termed with signal 14(SIGALRM)
PT_F40-plus_3-250 Test Num : 218
Inject into ../bin/hello
----- Type : plus_3 Pos : PT_F40 -----
There are 1 faults will be injected in faulttable...
100976 microseconds
Fault on PT_F40(0X7f89bef8fee0 -> 0X7f89bef8fee3)
3000090 microseconds
timeout
[2016-10-27 12:44:23]Process 26130 termed with signal 14(SIGALRM)
PT_F40-plus_3-250 Test Num : 219
Inject into ../bin/hello
----- Type : plus_3 Pos : PT_F40 -----
There are 1 faults will be injected in faulttable...
101184 microseconds
Fault on PT_F40(0X7fe15dee5ee0 -> 0X7fe15dee5ee3)
3000121 microseconds
timeout
[2016-10-27 12:44:26]Process 26132 termed with signal 14(SIGALRM)
PT_F40-plus_3-250 Test Num : 220
Inject into ../bin/hello
----- Type : plus_3 Pos : PT_F40 -----
There are 1 faults will be injected in faulttable...
100992 microseconds
Fault on PT_F40(0X7ff9cf121ee0 -> 0X7ff9cf121ee3)
3000090 microseconds
timeout
[2016-10-27 12:44:29]Process 26134 termed with signal 14(SIGALRM)
PT_F40-plus_3-250 Test Num : 221
Inject into ../bin/hello
----- Type : plus_3 Pos : PT_F40 -----
There are 1 faults will be injected in faulttable...
101138 microseconds
Fault on PT_F40(0X7fb34a004ee0 -> 0X7fb34a004ee3)
3000113 microseconds
timeout
[2016-10-27 12:44:32]Process 26136 termed with signal 14(SIGALRM)
PT_F40-plus_3-250 Test Num : 222
Inject into ../bin/hello
----- Type : plus_3 Pos : PT_F40 -----
There are 1 faults will be injected in faulttable...
100947 microseconds
Fault on PT_F40(0X7f827f2abee0 -> 0X7f827f2abee3)
3000101 microseconds
timeout
[2016-10-27 12:44:35]Process 26138 termed with signal 14(SIGALRM)
PT_F40-plus_3-250 Test Num : 223
Inject into ../bin/hello
----- Type : plus_3 Pos : PT_F40 -----
There are 1 faults will be injected in faulttable...
100966 microseconds
Fault on PT_F40(0X7f1e8be8cee0 -> 0X7f1e8be8cee3)
3000136 microseconds
timeout
[2016-10-27 12:44:38]Process 26140 termed with signal 14(SIGALRM)
PT_F40-plus_3-250 Test Num : 224
Inject into ../bin/hello
----- Type : plus_3 Pos : PT_F40 -----
There are 1 faults will be injected in faulttable...
101080 microseconds
Fault on PT_F40(0X7f1f0e545ee0 -> 0X7f1f0e545ee3)
3000100 microseconds
timeout
[2016-10-27 12:44:42]Process 26142 termed with signal 14(SIGALRM)
PT_F40-plus_3-250 Test Num : 225
Inject into ../bin/hello
----- Type : plus_3 Pos : PT_F40 -----
There are 1 faults will be injected in faulttable...
101274 microseconds
Fault on PT_F40(0X7fb7d1bf5ee0 -> 0X7fb7d1bf5ee3)
3000106 microseconds
timeout
[2016-10-27 12:44:45]Process 26144 termed with signal 14(SIGALRM)
PT_F40-plus_3-250 Test Num : 226
Inject into ../bin/hello
----- Type : plus_3 Pos : PT_F40 -----
There are 1 faults will be injected in faulttable...
101419 microseconds
Fault on PT_F40(0X7f9c85d4fee0 -> 0X7f9c85d4fee3)
3000065 microseconds
timeout
[2016-10-27 12:44:48]Process 26146 termed with signal 14(SIGALRM)
PT_F40-plus_3-250 Test Num : 227
Inject into ../bin/hello
----- Type : plus_3 Pos : PT_F40 -----
There are 1 faults will be injected in faulttable...
101086 microseconds
Fault on PT_F40(0X7f566a135ee0 -> 0X7f566a135ee3)
3000107 microseconds
timeout
[2016-10-27 12:44:51]Process 26148 termed with signal 14(SIGALRM)
PT_F40-plus_3-250 Test Num : 228
Inject into ../bin/hello
----- Type : plus_3 Pos : PT_F40 -----
There are 1 faults will be injected in faulttable...
101156 microseconds
Fault on PT_F40(0X7fd24ca81ee0 -> 0X7fd24ca81ee3)
3000133 microseconds
timeout
[2016-10-27 12:44:54]Process 26150 termed with signal 14(SIGALRM)
PT_F40-plus_3-250 Test Num : 229
Inject into ../bin/hello
----- Type : plus_3 Pos : PT_F40 -----
There are 1 faults will be injected in faulttable...
101007 microseconds
Fault on PT_F40(0X7ff02bb27ee0 -> 0X7ff02bb27ee3)
3000074 microseconds
timeout
[2016-10-27 12:44:57]Process 26152 termed with signal 14(SIGALRM)
PT_F40-plus_3-250 Test Num : 230
Inject into ../bin/hello
----- Type : plus_3 Pos : PT_F40 -----
There are 1 faults will be injected in faulttable...
101107 microseconds
Fault on PT_F40(0X7f0435325ee0 -> 0X7f0435325ee3)
3000098 microseconds
timeout
[ 2016-10-27 12:45:0]Process 26154 termed with signal 14(SIGALRM)
PT_F40-plus_3-250 Test Num : 231
Inject into ../bin/hello
----- Type : plus_3 Pos : PT_F40 -----
There are 1 faults will be injected in faulttable...
101167 microseconds
Fault on PT_F40(0X7f3a32201ee0 -> 0X7f3a32201ee3)
3000088 microseconds
timeout
[ 2016-10-27 12:45:3]Process 26156 termed with signal 14(SIGALRM)
PT_F40-plus_3-250 Test Num : 232
Inject into ../bin/hello
----- Type : plus_3 Pos : PT_F40 -----
There are 1 faults will be injected in faulttable...
100150 microseconds
Fault on PT_F40(0X7f696ca9dee0 -> 0X7f696ca9dee3)
3000097 microseconds
timeout
[ 2016-10-27 12:45:6]Process 26158 termed with signal 14(SIGALRM)
PT_F40-plus_3-250 Test Num : 233
Inject into ../bin/hello
----- Type : plus_3 Pos : PT_F40 -----
There are 1 faults will be injected in faulttable...
101235 microseconds
Fault on PT_F40(0X7f52fca04ee0 -> 0X7f52fca04ee3)
3000090 microseconds
timeout
[2016-10-27 12:45:10]Process 26160 termed with signal 14(SIGALRM)
PT_F40-plus_3-250 Test Num : 234
Inject into ../bin/hello
----- Type : plus_3 Pos : PT_F40 -----
There are 1 faults will be injected in faulttable...
101116 microseconds
Fault on PT_F40(0X7fe81dff0ee0 -> 0X7fe81dff0ee3)
3000134 microseconds
timeout
[2016-10-27 12:45:13]Process 26162 termed with signal 14(SIGALRM)
PT_F40-plus_3-250 Test Num : 235
Inject into ../bin/hello
----- Type : plus_3 Pos : PT_F40 -----
There are 1 faults will be injected in faulttable...
101043 microseconds
Fault on PT_F40(0X7f5c75544ee0 -> 0X7f5c75544ee3)
3000106 microseconds
timeout
[2016-10-27 12:45:16]Process 26164 termed with signal 14(SIGALRM)
PT_F40-plus_3-250 Test Num : 236
Inject into ../bin/hello
----- Type : plus_3 Pos : PT_F40 -----
There are 1 faults will be injected in faulttable...
101141 microseconds
Fault on PT_F40(0X7fa52bbb9ee0 -> 0X7fa52bbb9ee3)
3000109 microseconds
timeout
[2016-10-27 12:45:19]Process 26166 termed with signal 14(SIGALRM)
PT_F40-plus_3-250 Test Num : 237
Inject into ../bin/hello
----- Type : plus_3 Pos : PT_F40 -----
There are 1 faults will be injected in faulttable...
100976 microseconds
Fault on PT_F40(0X7f1435f2bee0 -> 0X7f1435f2bee3)
3000121 microseconds
timeout
[2016-10-27 12:45:22]Process 26168 termed with signal 14(SIGALRM)
PT_F40-plus_3-250 Test Num : 238
Inject into ../bin/hello
----- Type : plus_3 Pos : PT_F40 -----
There are 1 faults will be injected in faulttable...
101122 microseconds
Fault on PT_F40(0X7f6ca6664ee0 -> 0X7f6ca6664ee3)
3000100 microseconds
timeout
[2016-10-27 12:45:25]Process 26170 termed with signal 14(SIGALRM)
PT_F40-plus_3-250 Test Num : 239
Inject into ../bin/hello
----- Type : plus_3 Pos : PT_F40 -----
There are 1 faults will be injected in faulttable...
101042 microseconds
Fault on PT_F40(0X7fd91f943ee0 -> 0X7fd91f943ee3)
3000143 microseconds
timeout
[2016-10-27 12:45:28]Process 26172 termed with signal 14(SIGALRM)
PT_F40-plus_3-250 Test Num : 240
Inject into ../bin/hello
----- Type : plus_3 Pos : PT_F40 -----
There are 1 faults will be injected in faulttable...
101459 microseconds
Fault on PT_F40(0X7fdbc9c97ee0 -> 0X7fdbc9c97ee3)
3000063 microseconds
timeout
[2016-10-27 12:45:31]Process 26174 termed with signal 14(SIGALRM)
PT_F40-plus_3-250 Test Num : 241
Inject into ../bin/hello
----- Type : plus_3 Pos : PT_F40 -----
There are 1 faults will be injected in faulttable...
101066 microseconds
Fault on PT_F40(0X7f4fb597eee0 -> 0X7f4fb597eee3)
3000186 microseconds
timeout
[2016-10-27 12:45:34]Process 26176 termed with signal 14(SIGALRM)
PT_F40-plus_3-250 Test Num : 242
Inject into ../bin/hello
----- Type : plus_3 Pos : PT_F40 -----
There are 1 faults will be injected in faulttable...
101057 microseconds
Fault on PT_F40(0X7fb6230ccee0 -> 0X7fb6230ccee3)
3000061 microseconds
timeout
[2016-10-27 12:45:38]Process 26178 termed with signal 14(SIGALRM)
PT_F40-plus_3-250 Test Num : 243
Inject into ../bin/hello
----- Type : plus_3 Pos : PT_F40 -----
There are 1 faults will be injected in faulttable...
101131 microseconds
Fault on PT_F40(0X7f91106f3ee0 -> 0X7f91106f3ee3)
3000114 microseconds
timeout
[2016-10-27 12:45:41]Process 26180 termed with signal 14(SIGALRM)
PT_F40-plus_3-250 Test Num : 244
Inject into ../bin/hello
----- Type : plus_3 Pos : PT_F40 -----
There are 1 faults will be injected in faulttable...
101261 microseconds
Fault on PT_F40(0X7f4491bafee0 -> 0X7f4491bafee3)
3000182 microseconds
timeout
[2016-10-27 12:45:44]Process 26182 termed with signal 14(SIGALRM)
PT_F40-plus_3-250 Test Num : 245
Inject into ../bin/hello
----- Type : plus_3 Pos : PT_F40 -----
There are 1 faults will be injected in faulttable...
101046 microseconds
Fault on PT_F40(0X7f102e670ee0 -> 0X7f102e670ee3)
3000105 microseconds
timeout
[2016-10-27 12:45:47]Process 26184 termed with signal 14(SIGALRM)
PT_F40-plus_3-250 Test Num : 246
Inject into ../bin/hello
----- Type : plus_3 Pos : PT_F40 -----
There are 1 faults will be injected in faulttable...
101337 microseconds
Fault on PT_F40(0X7f0e01837ee0 -> 0X7f0e01837ee3)
3000152 microseconds
timeout
[2016-10-27 12:45:50]Process 26186 termed with signal 14(SIGALRM)
PT_F40-plus_3-250 Test Num : 247
Inject into ../bin/hello
----- Type : plus_3 Pos : PT_F40 -----
There are 1 faults will be injected in faulttable...
101135 microseconds
Fault on PT_F40(0X7f876077bee0 -> 0X7f876077bee3)
3000132 microseconds
timeout
[2016-10-27 12:45:53]Process 26188 termed with signal 14(SIGALRM)
PT_F40-plus_3-250 Test Num : 248
Inject into ../bin/hello
----- Type : plus_3 Pos : PT_F40 -----
There are 1 faults will be injected in faulttable...
101476 microseconds
Fault on PT_F40(0X7f3742809ee0 -> 0X7f3742809ee3)
3000067 microseconds
timeout
[2016-10-27 12:45:56]Process 26190 termed with signal 14(SIGALRM)
PT_F40-plus_3-250 Test Num : 249
Inject into ../bin/hello
----- Type : plus_3 Pos : PT_F40 -----
There are 1 faults will be injected in faulttable...
101240 microseconds
Fault on PT_F40(0X7f8855c1dee0 -> 0X7f8855c1dee3)
3000127 microseconds
timeout
[2016-10-27 12:45:59]Process 26192 termed with signal 14(SIGALRM)
PT_F40-plus_3-250 Test Num : 250
Inject into ../bin/hello
----- Type : plus_3 Pos : PT_F40 -----
There are 1 faults will be injected in faulttable...
101088 microseconds
Fault on PT_F40(0X7f20f7bb0ee0 -> 0X7f20f7bb0ee3)
3000172 microseconds
timeout
[ 2016-10-27 12:46:2]Process 26194 termed with signal 14(SIGALRM)
