PT_F40-1_bit_1-250 Test Num : 1
Inject into ../bin/hello
----- Type : 1_bit_1 Pos : PT_F40 -----
There are 1 faults will be injected in faulttable...
101131 microseconds
Fault on PT_F40(0X7faffb3beee0 -> 0X10007faffb3beee0)
18 microseconds
[2016-10-27 12:14:48]Process 21894 termed with signal 11(SIGSEGV)
PT_F40-1_bit_1-250 Test Num : 2
Inject into ../bin/hello
----- Type : 1_bit_1 Pos : PT_F40 -----
There are 1 faults will be injected in faulttable...
101452 microseconds
Fault on PT_F40(0X7ff672ed8ee0 -> 0X10007ff672ed8ee0)
21 microseconds
[2016-10-27 12:14:48]Process 21896 termed with signal 11(SIGSEGV)
PT_F40-1_bit_1-250 Test Num : 3
Inject into ../bin/hello
----- Type : 1_bit_1 Pos : PT_F40 -----
There are 1 faults will be injected in faulttable...
101620 microseconds
Fault on PT_F40(0X7fa3a86baee0 -> 0X10007fa3a86baee0)
17 microseconds
[2016-10-27 12:14:48]Process 21898 termed with signal 11(SIGSEGV)
PT_F40-1_bit_1-250 Test Num : 4
Inject into ../bin/hello
----- Type : 1_bit_1 Pos : PT_F40 -----
There are 1 faults will be injected in faulttable...
101199 microseconds
Fault on PT_F40(0X7f26237b3ee0 -> 0X10007f26237b3ee0)
12 microseconds
[2016-10-27 12:14:48]Process 21900 termed with signal 11(SIGSEGV)
PT_F40-1_bit_1-250 Test Num : 5
Inject into ../bin/hello
----- Type : 1_bit_1 Pos : PT_F40 -----
There are 1 faults will be injected in faulttable...
100986 microseconds
Fault on PT_F40(0X7f698335bee0 -> 0X10007f698335bee0)
15 microseconds
[2016-10-27 12:14:48]Process 21902 termed with signal 11(SIGSEGV)
PT_F40-1_bit_1-250 Test Num : 6
Inject into ../bin/hello
----- Type : 1_bit_1 Pos : PT_F40 -----
There are 1 faults will be injected in faulttable...
101090 microseconds
Fault on PT_F40(0X7fe8f0c94ee0 -> 0X10007fe8f0c94ee0)
12 microseconds
[2016-10-27 12:14:48]Process 21904 termed with signal 11(SIGSEGV)
PT_F40-1_bit_1-250 Test Num : 7
Inject into ../bin/hello
----- Type : 1_bit_1 Pos : PT_F40 -----
There are 1 faults will be injected in faulttable...
101205 microseconds
Fault on PT_F40(0X7fd12656aee0 -> 0X10007fd12656aee0)
20 microseconds
[2016-10-27 12:14:48]Process 21906 termed with signal 11(SIGSEGV)
PT_F40-1_bit_1-250 Test Num : 8
Inject into ../bin/hello
----- Type : 1_bit_1 Pos : PT_F40 -----
There are 1 faults will be injected in faulttable...
101500 microseconds
Fault on PT_F40(0X7f1dfa449ee0 -> 0X10007f1dfa449ee0)
20 microseconds
[2016-10-27 12:14:48]Process 21908 termed with signal 11(SIGSEGV)
PT_F40-1_bit_1-250 Test Num : 9
Inject into ../bin/hello
----- Type : 1_bit_1 Pos : PT_F40 -----
There are 1 faults will be injected in faulttable...
101037 microseconds
Fault on PT_F40(0X7f49e536bee0 -> 0X10007f49e536bee0)
11 microseconds
[2016-10-27 12:14:48]Process 21910 termed with signal 11(SIGSEGV)
PT_F40-1_bit_1-250 Test Num : 10
Inject into ../bin/hello
----- Type : 1_bit_1 Pos : PT_F40 -----
There are 1 faults will be injected in faulttable...
101035 microseconds
Fault on PT_F40(0X7f8fa22e7ee0 -> 0X7f8fa23e7ee0)
13 microseconds
[2016-10-27 12:14:49]Process 21912 termed with signal 11(SIGSEGV)
PT_F40-1_bit_1-250 Test Num : 11
Inject into ../bin/hello
----- Type : 1_bit_1 Pos : PT_F40 -----
There are 1 faults will be injected in faulttable...
101469 microseconds
Fault on PT_F40(0X7f0573205ee0 -> 0X7f0573305ee0)
18 microseconds
[2016-10-27 12:14:49]Process 21914 termed with signal 11(SIGSEGV)
PT_F40-1_bit_1-250 Test Num : 12
Inject into ../bin/hello
----- Type : 1_bit_1 Pos : PT_F40 -----
There are 1 faults will be injected in faulttable...
101031 microseconds
Fault on PT_F40(0X7fc19831aee0 -> 0X7fc19831aee0)
3000122 microseconds
timeout
[2016-10-27 12:14:52]Process 21916 termed with signal 14(SIGALRM)
PT_F40-1_bit_1-250 Test Num : 13
Inject into ../bin/hello
----- Type : 1_bit_1 Pos : PT_F40 -----
There are 1 faults will be injected in faulttable...
101225 microseconds
Fault on PT_F40(0X7fdaa7e30ee0 -> 0X7fdaa7e30ee0)
3000288 microseconds
timeout
[2016-10-27 12:14:55]Process 21918 termed with signal 14(SIGALRM)
PT_F40-1_bit_1-250 Test Num : 14
Inject into ../bin/hello
----- Type : 1_bit_1 Pos : PT_F40 -----
There are 1 faults will be injected in faulttable...
101136 microseconds
Fault on PT_F40(0X7fa636726ee0 -> 0X7fa636726ee0)
3000155 microseconds
timeout
[2016-10-27 12:14:58]Process 21920 termed with signal 14(SIGALRM)
PT_F40-1_bit_1-250 Test Num : 15
Inject into ../bin/hello
----- Type : 1_bit_1 Pos : PT_F40 -----
There are 1 faults will be injected in faulttable...
101105 microseconds
Fault on PT_F40(0X7f5272008ee0 -> 0X7f5272008ee0)
3000077 microseconds
timeout
[ 2016-10-27 12:15:1]Process 21922 termed with signal 14(SIGALRM)
PT_F40-1_bit_1-250 Test Num : 16
Inject into ../bin/hello
----- Type : 1_bit_1 Pos : PT_F40 -----
There are 1 faults will be injected in faulttable...
101065 microseconds
Fault on PT_F40(0X7fa3e9be6ee0 -> 0X7fa3e9be6ee0)
3000088 microseconds
timeout
[ 2016-10-27 12:15:4]Process 21924 termed with signal 14(SIGALRM)
PT_F40-1_bit_1-250 Test Num : 17
Inject into ../bin/hello
----- Type : 1_bit_1 Pos : PT_F40 -----
There are 1 faults will be injected in faulttable...
101024 microseconds
Fault on PT_F40(0X7ffa3375aee0 -> 0X7ffa3375afe0)
28 microseconds
[ 2016-10-27 12:15:4]Process 21926 termed with signal 4(SIGILL)
PT_F40-1_bit_1-250 Test Num : 18
Inject into ../bin/hello
----- Type : 1_bit_1 Pos : PT_F40 -----
There are 1 faults will be injected in faulttable...
101388 microseconds
Fault on PT_F40(0X7f0d4ad17ee0 -> 0X7f0d4ad17fe0)
21 microseconds
[ 2016-10-27 12:15:4]Process 21928 termed with signal 4(SIGILL)
PT_F40-1_bit_1-250 Test Num : 19
Inject into ../bin/hello
----- Type : 1_bit_1 Pos : PT_F40 -----
There are 1 faults will be injected in faulttable...
100982 microseconds
Fault on PT_F40(0X7f898e015ee0 -> 0X7f898e815ee0)
15 microseconds
[ 2016-10-27 12:15:5]Process 21930 termed with signal 11(SIGSEGV)
PT_F40-1_bit_1-250 Test Num : 20
Inject into ../bin/hello
----- Type : 1_bit_1 Pos : PT_F40 -----
There are 1 faults will be injected in faulttable...
100276 microseconds
Fault on PT_F40(0X7f5119efeee0 -> 0X7f5119efeee0)
3000131 microseconds
timeout
[ 2016-10-27 12:15:8]Process 21932 termed with signal 14(SIGALRM)
PT_F40-1_bit_1-250 Test Num : 21
Inject into ../bin/hello
----- Type : 1_bit_1 Pos : PT_F40 -----
There are 1 faults will be injected in faulttable...
101266 microseconds
Fault on PT_F40(0X7efd8dc79ee0 -> 0X7efd8dc79ee0)
3000118 microseconds
timeout
[2016-10-27 12:15:11]Process 21934 termed with signal 14(SIGALRM)
PT_F40-1_bit_1-250 Test Num : 22
Inject into ../bin/hello
----- Type : 1_bit_1 Pos : PT_F40 -----
There are 1 faults will be injected in faulttable...
101390 microseconds
Fault on PT_F40(0X7f140f1f5ee0 -> 0X80007f140f1f5ee0)
18 microseconds
[2016-10-27 12:15:11]Process 21936 termed with signal 11(SIGSEGV)
PT_F40-1_bit_1-250 Test Num : 23
Inject into ../bin/hello
----- Type : 1_bit_1 Pos : PT_F40 -----
There are 1 faults will be injected in faulttable...
101628 microseconds
Fault on PT_F40(0X7f4c69b77ee0 -> 0X80007f4c69b77ee0)
13 microseconds
[2016-10-27 12:15:11]Process 21938 termed with signal 11(SIGSEGV)
PT_F40-1_bit_1-250 Test Num : 24
Inject into ../bin/hello
----- Type : 1_bit_1 Pos : PT_F40 -----
There are 1 faults will be injected in faulttable...
101515 microseconds
Fault on PT_F40(0X7fd5cc1e6ee0 -> 0X80007fd5cc1e6ee0)
20 microseconds
[2016-10-27 12:15:11]Process 21940 termed with signal 11(SIGSEGV)
PT_F40-1_bit_1-250 Test Num : 25
Inject into ../bin/hello
----- Type : 1_bit_1 Pos : PT_F40 -----
There are 1 faults will be injected in faulttable...
101472 microseconds
Fault on PT_F40(0X7f8019fa4ee0 -> 0X80007f8019fa4ee0)
17 microseconds
[2016-10-27 12:15:11]Process 21942 termed with signal 11(SIGSEGV)
PT_F40-1_bit_1-250 Test Num : 26
Inject into ../bin/hello
----- Type : 1_bit_1 Pos : PT_F40 -----
There are 1 faults will be injected in faulttable...
101196 microseconds
Fault on PT_F40(0X7f1bd308eee0 -> 0X80007f1bd308eee0)
27 microseconds
[2016-10-27 12:15:11]Process 21944 termed with signal 11(SIGSEGV)
PT_F40-1_bit_1-250 Test Num : 27
Inject into ../bin/hello
----- Type : 1_bit_1 Pos : PT_F40 -----
There are 1 faults will be injected in faulttable...
101118 microseconds
Fault on PT_F40(0X7ff1a7abaee0 -> 0X80007ff1a7abaee0)
16 microseconds
[2016-10-27 12:15:11]Process 21946 termed with signal 11(SIGSEGV)
PT_F40-1_bit_1-250 Test Num : 28
Inject into ../bin/hello
----- Type : 1_bit_1 Pos : PT_F40 -----
There are 1 faults will be injected in faulttable...
100102 microseconds
Fault on PT_F40(0X7f228c93bee0 -> 0Xff228c93bee0)
18 microseconds
[2016-10-27 12:15:12]Process 21948 termed with signal 11(SIGSEGV)
PT_F40-1_bit_1-250 Test Num : 29
Inject into ../bin/hello
----- Type : 1_bit_1 Pos : PT_F40 -----
There are 1 faults will be injected in faulttable...
100084 microseconds
Fault on PT_F40(0X7f7a5ce2bee0 -> 0Xff7a5ce2bee0)
15 microseconds
[2016-10-27 12:15:12]Process 21950 termed with signal 11(SIGSEGV)
PT_F40-1_bit_1-250 Test Num : 30
Inject into ../bin/hello
----- Type : 1_bit_1 Pos : PT_F40 -----
There are 1 faults will be injected in faulttable...
101041 microseconds
Fault on PT_F40(0X7fc9217e1ee0 -> 0Xffc9217e1ee0)
17 microseconds
[2016-10-27 12:15:12]Process 21952 termed with signal 11(SIGSEGV)
PT_F40-1_bit_1-250 Test Num : 31
Inject into ../bin/hello
----- Type : 1_bit_1 Pos : PT_F40 -----
There are 1 faults will be injected in faulttable...
101131 microseconds
Fault on PT_F40(0X7f7d4dd17ee0 -> 0Xff7d4dd17ee0)
16 microseconds
[2016-10-27 12:15:12]Process 21954 termed with signal 11(SIGSEGV)
PT_F40-1_bit_1-250 Test Num : 32
Inject into ../bin/hello
----- Type : 1_bit_1 Pos : PT_F40 -----
There are 1 faults will be injected in faulttable...
100947 microseconds
Fault on PT_F40(0X7fadb70b0ee0 -> 0Xffadb70b0ee0)
13 microseconds
[2016-10-27 12:15:12]Process 21956 termed with signal 11(SIGSEGV)
PT_F40-1_bit_1-250 Test Num : 33
Inject into ../bin/hello
----- Type : 1_bit_1 Pos : PT_F40 -----
There are 1 faults will be injected in faulttable...
101031 microseconds
Fault on PT_F40(0X7fcb4a330ee0 -> 0Xffcb4a330ee0)
11 microseconds
[2016-10-27 12:15:12]Process 21958 termed with signal 11(SIGSEGV)
PT_F40-1_bit_1-250 Test Num : 34
Inject into ../bin/hello
----- Type : 1_bit_1 Pos : PT_F40 -----
There are 1 faults will be injected in faulttable...
100302 microseconds
Fault on PT_F40(0X7efcbed02ee0 -> 0Xfefcbed02ee0)
19 microseconds
[2016-10-27 12:15:12]Process 21960 termed with signal 11(SIGSEGV)
PT_F40-1_bit_1-250 Test Num : 35
Inject into ../bin/hello
----- Type : 1_bit_1 Pos : PT_F40 -----
There are 1 faults will be injected in faulttable...
101631 microseconds
Fault on PT_F40(0X7f0ff0fc0ee0 -> 0Xff0ff0fc0ee0)
21 microseconds
[2016-10-27 12:15:12]Process 21962 termed with signal 11(SIGSEGV)
PT_F40-1_bit_1-250 Test Num : 36
Inject into ../bin/hello
----- Type : 1_bit_1 Pos : PT_F40 -----
There are 1 faults will be injected in faulttable...
101737 microseconds
Fault on PT_F40(0X7f1ed1d29ee0 -> 0Xff1ed1d29ee0)
15 microseconds
[2016-10-27 12:15:12]Process 21964 termed with signal 11(SIGSEGV)
PT_F40-1_bit_1-250 Test Num : 37
Inject into ../bin/hello
----- Type : 1_bit_1 Pos : PT_F40 -----
There are 1 faults will be injected in faulttable...
101605 microseconds
Fault on PT_F40(0X7f89f7a81ee0 -> 0X20007f89f7a81ee0)
12 microseconds
[2016-10-27 12:15:13]Process 21966 termed with signal 11(SIGSEGV)
PT_F40-1_bit_1-250 Test Num : 38
Inject into ../bin/hello
----- Type : 1_bit_1 Pos : PT_F40 -----
There are 1 faults will be injected in faulttable...
101175 microseconds
Fault on PT_F40(0X7f8fba4fdee0 -> 0X20007f8fba4fdee0)
12 microseconds
[2016-10-27 12:15:13]Process 21968 termed with signal 11(SIGSEGV)
PT_F40-1_bit_1-250 Test Num : 39
Inject into ../bin/hello
----- Type : 1_bit_1 Pos : PT_F40 -----
There are 1 faults will be injected in faulttable...
101386 microseconds
Fault on PT_F40(0X7fdefa4c3ee0 -> 0X20007fdefa4c3ee0)
18 microseconds
[2016-10-27 12:15:13]Process 21970 termed with signal 11(SIGSEGV)
PT_F40-1_bit_1-250 Test Num : 40
Inject into ../bin/hello
----- Type : 1_bit_1 Pos : PT_F40 -----
There are 1 faults will be injected in faulttable...
101149 microseconds
Fault on PT_F40(0X7f3d1b595ee0 -> 0X20007f3d1b595ee0)
18 microseconds
[2016-10-27 12:15:13]Process 21972 termed with signal 11(SIGSEGV)
PT_F40-1_bit_1-250 Test Num : 41
Inject into ../bin/hello
----- Type : 1_bit_1 Pos : PT_F40 -----
There are 1 faults will be injected in faulttable...
101692 microseconds
Fault on PT_F40(0X7fdfab201ee0 -> 0X20007fdfab201ee0)
16 microseconds
[2016-10-27 12:15:13]Process 21974 termed with signal 11(SIGSEGV)
PT_F40-1_bit_1-250 Test Num : 42
Inject into ../bin/hello
----- Type : 1_bit_1 Pos : PT_F40 -----
There are 1 faults will be injected in faulttable...
101535 microseconds
Fault on PT_F40(0X7fbcc94ddee0 -> 0X20007fbcc94ddee0)
12 microseconds
[2016-10-27 12:15:13]Process 21976 termed with signal 11(SIGSEGV)
PT_F40-1_bit_1-250 Test Num : 43
Inject into ../bin/hello
----- Type : 1_bit_1 Pos : PT_F40 -----
There are 1 faults will be injected in faulttable...
101180 microseconds
Fault on PT_F40(0X7f5dee7d9ee0 -> 0X20007f5dee7d9ee0)
16 microseconds
[2016-10-27 12:15:13]Process 21978 termed with signal 11(SIGSEGV)
PT_F40-1_bit_1-250 Test Num : 44
Inject into ../bin/hello
----- Type : 1_bit_1 Pos : PT_F40 -----
There are 1 faults will be injected in faulttable...
101017 microseconds
Fault on PT_F40(0X7f09ed750ee0 -> 0X20007f09ed750ee0)
18 microseconds
[2016-10-27 12:15:13]Process 21980 termed with signal 11(SIGSEGV)
PT_F40-1_bit_1-250 Test Num : 45
Inject into ../bin/hello
----- Type : 1_bit_1 Pos : PT_F40 -----
There are 1 faults will be injected in faulttable...
101020 microseconds
Fault on PT_F40(0X7fb3cfc65ee0 -> 0X20007fb3cfc65ee0)
15 microseconds
[2016-10-27 12:15:13]Process 21982 termed with signal 11(SIGSEGV)
PT_F40-1_bit_1-250 Test Num : 46
Inject into ../bin/hello
----- Type : 1_bit_1 Pos : PT_F40 -----
There are 1 faults will be injected in faulttable...
101004 microseconds
Fault on PT_F40(0X7efd7b308ee0 -> 0X20007efd7b308ee0)
11 microseconds
[2016-10-27 12:15:14]Process 21984 termed with signal 11(SIGSEGV)
PT_F40-1_bit_1-250 Test Num : 47
Inject into ../bin/hello
----- Type : 1_bit_1 Pos : PT_F40 -----
There are 1 faults will be injected in faulttable...
101008 microseconds
Fault on PT_F40(0X7f2afefccee0 -> 0X20007f2afefccee0)
13 microseconds
[2016-10-27 12:15:14]Process 21986 termed with signal 11(SIGSEGV)
PT_F40-1_bit_1-250 Test Num : 48
Inject into ../bin/hello
----- Type : 1_bit_1 Pos : PT_F40 -----
There are 1 faults will be injected in faulttable...
100135 microseconds
Fault on PT_F40(0X7f99654fcee0 -> 0X20007f99654fcee0)
37 microseconds
[2016-10-27 12:15:14]Process 21988 termed with signal 11(SIGSEGV)
PT_F40-1_bit_1-250 Test Num : 49
Inject into ../bin/hello
----- Type : 1_bit_1 Pos : PT_F40 -----
There are 1 faults will be injected in faulttable...
101071 microseconds
Fault on PT_F40(0X7f2a0d7a1ee0 -> 0X20007f2a0d7a1ee0)
11 microseconds
[2016-10-27 12:15:14]Process 21990 termed with signal 11(SIGSEGV)
PT_F40-1_bit_1-250 Test Num : 50
Inject into ../bin/hello
----- Type : 1_bit_1 Pos : PT_F40 -----
There are 1 faults will be injected in faulttable...
101171 microseconds
Fault on PT_F40(0X7f556ec48ee0 -> 0X20007f556ec48ee0)
11 microseconds
[2016-10-27 12:15:14]Process 21992 termed with signal 11(SIGSEGV)
PT_F40-1_bit_1-250 Test Num : 51
Inject into ../bin/hello
----- Type : 1_bit_1 Pos : PT_F40 -----
There are 1 faults will be injected in faulttable...
101132 microseconds
Fault on PT_F40(0X7ff94039bee0 -> 0X20007ff94039bee0)
11 microseconds
[2016-10-27 12:15:14]Process 21994 termed with signal 11(SIGSEGV)
PT_F40-1_bit_1-250 Test Num : 52
Inject into ../bin/hello
----- Type : 1_bit_1 Pos : PT_F40 -----
There are 1 faults will be injected in faulttable...
100980 microseconds
Fault on PT_F40(0X7fca9288eee0 -> 0X20007fca9288eee0)
13 microseconds
[2016-10-27 12:15:14]Process 21996 termed with signal 11(SIGSEGV)
PT_F40-1_bit_1-250 Test Num : 53
Inject into ../bin/hello
----- Type : 1_bit_1 Pos : PT_F40 -----
There are 1 faults will be injected in faulttable...
100124 microseconds
Fault on PT_F40(0X7fa96375bee0 -> 0X20007fa96375bee0)
18 microseconds
[2016-10-27 12:15:14]Process 21998 termed with signal 11(SIGSEGV)
PT_F40-1_bit_1-250 Test Num : 54
Inject into ../bin/hello
----- Type : 1_bit_1 Pos : PT_F40 -----
There are 1 faults will be injected in faulttable...
101372 microseconds
Fault on PT_F40(0X7febced36ee0 -> 0X20007febced36ee0)
12 microseconds
[2016-10-27 12:15:14]Process 22000 termed with signal 11(SIGSEGV)
PT_F40-1_bit_1-250 Test Num : 55
Inject into ../bin/hello
----- Type : 1_bit_1 Pos : PT_F40 -----
There are 1 faults will be injected in faulttable...
100962 microseconds
Fault on PT_F40(0X7f7da6195ee0 -> 0X20007f7da6195ee0)
15 microseconds
[2016-10-27 12:15:14]Process 22002 termed with signal 11(SIGSEGV)
PT_F40-1_bit_1-250 Test Num : 56
Inject into ../bin/hello
----- Type : 1_bit_1 Pos : PT_F40 -----
There are 1 faults will be injected in faulttable...
100096 microseconds
Fault on PT_F40(0X7f1f41497ee0 -> 0X7f1f41497ee0)
3000090 microseconds
timeout
[2016-10-27 12:15:18]Process 22004 termed with signal 14(SIGALRM)
PT_F40-1_bit_1-250 Test Num : 57
Inject into ../bin/hello
----- Type : 1_bit_1 Pos : PT_F40 -----
There are 1 faults will be injected in faulttable...
101128 microseconds
Fault on PT_F40(0X7f2239992ee0 -> 0X7f2239992ee4)
23 microseconds
[2016-10-27 12:15:18]Process 22006 termed with signal 4(SIGILL)
PT_F40-1_bit_1-250 Test Num : 58
Inject into ../bin/hello
----- Type : 1_bit_1 Pos : PT_F40 -----
There are 1 faults will be injected in faulttable...
101108 microseconds
Fault on PT_F40(0X7f4bcac69ee0 -> 0X7f4bcac69ee4)
23 microseconds
[2016-10-27 12:15:18]Process 22008 termed with signal 4(SIGILL)
PT_F40-1_bit_1-250 Test Num : 59
Inject into ../bin/hello
----- Type : 1_bit_1 Pos : PT_F40 -----
There are 1 faults will be injected in faulttable...
100081 microseconds
Fault on PT_F40(0X7f22bef3eee0 -> 0X7f22bef3eee4)
26 microseconds
[2016-10-27 12:15:18]Process 22010 termed with signal 4(SIGILL)
PT_F40-1_bit_1-250 Test Num : 60
Inject into ../bin/hello
----- Type : 1_bit_1 Pos : PT_F40 -----
There are 1 faults will be injected in faulttable...
101290 microseconds
Fault on PT_F40(0X7f6d3443fee0 -> 0X7f6d3443fee4)
31 microseconds
[2016-10-27 12:15:18]Process 22012 termed with signal 4(SIGILL)
PT_F40-1_bit_1-250 Test Num : 61
Inject into ../bin/hello
----- Type : 1_bit_1 Pos : PT_F40 -----
There are 1 faults will be injected in faulttable...
101359 microseconds
Fault on PT_F40(0X7ff940df4ee0 -> 0X7ff940df4ee4)
29 microseconds
[2016-10-27 12:15:18]Process 22014 termed with signal 4(SIGILL)
PT_F40-1_bit_1-250 Test Num : 62
Inject into ../bin/hello
----- Type : 1_bit_1 Pos : PT_F40 -----
There are 1 faults will be injected in faulttable...
100084 microseconds
Fault on PT_F40(0X7fba4f1e5ee0 -> 0X7fba4f1e5ee4)
20 microseconds
[2016-10-27 12:15:18]Process 22016 termed with signal 4(SIGILL)
PT_F40-1_bit_1-250 Test Num : 63
Inject into ../bin/hello
----- Type : 1_bit_1 Pos : PT_F40 -----
There are 1 faults will be injected in faulttable...
101311 microseconds
Fault on PT_F40(0X7f039fb8eee0 -> 0X7f039fb8eee4)
23 microseconds
[2016-10-27 12:15:18]Process 22018 termed with signal 4(SIGILL)
PT_F40-1_bit_1-250 Test Num : 64
Inject into ../bin/hello
----- Type : 1_bit_1 Pos : PT_F40 -----
There are 1 faults will be injected in faulttable...
101138 microseconds
Fault on PT_F40(0X7f33825d0ee0 -> 0X7f33825d0ee4)
25 microseconds
[2016-10-27 12:15:18]Process 22020 termed with signal 4(SIGILL)
PT_F40-1_bit_1-250 Test Num : 65
Inject into ../bin/hello
----- Type : 1_bit_1 Pos : PT_F40 -----
There are 1 faults will be injected in faulttable...
101221 microseconds
Fault on PT_F40(0X7fa826741ee0 -> 0X7fa826741ee0)
3000070 microseconds
timeout
[2016-10-27 12:15:22]Process 22022 termed with signal 14(SIGALRM)
PT_F40-1_bit_1-250 Test Num : 66
Inject into ../bin/hello
----- Type : 1_bit_1 Pos : PT_F40 -----
There are 1 faults will be injected in faulttable...
100970 microseconds
Fault on PT_F40(0X7f0264cdeee0 -> 0X7f0264cdeee0)
3000059 microseconds
timeout
[2016-10-27 12:15:25]Process 22024 termed with signal 14(SIGALRM)
PT_F40-1_bit_1-250 Test Num : 67
Inject into ../bin/hello
----- Type : 1_bit_1 Pos : PT_F40 -----
There are 1 faults will be injected in faulttable...
101054 microseconds
Fault on PT_F40(0X7f8e20570ee0 -> 0X47f8e20570ee0)
16 microseconds
[2016-10-27 12:15:25]Process 22026 termed with signal 11(SIGSEGV)
PT_F40-1_bit_1-250 Test Num : 68
Inject into ../bin/hello
----- Type : 1_bit_1 Pos : PT_F40 -----
There are 1 faults will be injected in faulttable...
100924 microseconds
Fault on PT_F40(0X7f525f83cee0 -> 0X47f525f83cee0)
12 microseconds
[2016-10-27 12:15:25]Process 22028 termed with signal 11(SIGSEGV)
PT_F40-1_bit_1-250 Test Num : 69
Inject into ../bin/hello
----- Type : 1_bit_1 Pos : PT_F40 -----
There are 1 faults will be injected in faulttable...
100974 microseconds
Fault on PT_F40(0X7f956f0feee0 -> 0X47f956f0feee0)
14 microseconds
[2016-10-27 12:15:25]Process 22030 termed with signal 11(SIGSEGV)
PT_F40-1_bit_1-250 Test Num : 70
Inject into ../bin/hello
----- Type : 1_bit_1 Pos : PT_F40 -----
There are 1 faults will be injected in faulttable...
101240 microseconds
Fault on PT_F40(0X7fc77a9d2ee0 -> 0X47fc77a9d2ee0)
19 microseconds
[2016-10-27 12:15:25]Process 22032 termed with signal 11(SIGSEGV)
PT_F40-1_bit_1-250 Test Num : 71
Inject into ../bin/hello
----- Type : 1_bit_1 Pos : PT_F40 -----
There are 1 faults will be injected in faulttable...
101440 microseconds
Fault on PT_F40(0X7fca52c97ee0 -> 0X47fca52c97ee0)
18 microseconds
[2016-10-27 12:15:25]Process 22034 termed with signal 11(SIGSEGV)
PT_F40-1_bit_1-250 Test Num : 72
Inject into ../bin/hello
----- Type : 1_bit_1 Pos : PT_F40 -----
There are 1 faults will be injected in faulttable...
101163 microseconds
Fault on PT_F40(0X7fe77e29aee0 -> 0X47fe77e29aee0)
18 microseconds
[2016-10-27 12:15:25]Process 22036 termed with signal 11(SIGSEGV)
PT_F40-1_bit_1-250 Test Num : 73
Inject into ../bin/hello
----- Type : 1_bit_1 Pos : PT_F40 -----
There are 1 faults will be injected in faulttable...
100948 microseconds
Fault on PT_F40(0X7f3c90e71ee0 -> 0X47f3c90e71ee0)
9 microseconds
[2016-10-27 12:15:25]Process 22038 termed with signal 11(SIGSEGV)
PT_F40-1_bit_1-250 Test Num : 74
Inject into ../bin/hello
----- Type : 1_bit_1 Pos : PT_F40 -----
There are 1 faults will be injected in faulttable...
101158 microseconds
Fault on PT_F40(0X7fc0cceecee0 -> 0X7fd0cceecee0)
20 microseconds
[2016-10-27 12:15:26]Process 22040 termed with signal 11(SIGSEGV)
PT_F40-1_bit_1-250 Test Num : 75
Inject into ../bin/hello
----- Type : 1_bit_1 Pos : PT_F40 -----
There are 1 faults will be injected in faulttable...
101658 microseconds
Fault on PT_F40(0X7f52b6150ee0 -> 0X7f52b6150ee0)
3000069 microseconds
timeout
[2016-10-27 12:15:29]Process 22042 termed with signal 14(SIGALRM)
PT_F40-1_bit_1-250 Test Num : 76
Inject into ../bin/hello
----- Type : 1_bit_1 Pos : PT_F40 -----
There are 1 faults will be injected in faulttable...
101256 microseconds
Fault on PT_F40(0X7f0915744ee0 -> 0X7f8915744ee0)
18 microseconds
[2016-10-27 12:15:29]Process 22044 termed with signal 11(SIGSEGV)
PT_F40-1_bit_1-250 Test Num : 77
Inject into ../bin/hello
----- Type : 1_bit_1 Pos : PT_F40 -----
There are 1 faults will be injected in faulttable...
100113 microseconds
Fault on PT_F40(0X7f74a41d3ee0 -> 0X7ff4a41d3ee0)
17 microseconds
[2016-10-27 12:15:29]Process 22046 termed with signal 11(SIGSEGV)
PT_F40-1_bit_1-250 Test Num : 78
Inject into ../bin/hello
----- Type : 1_bit_1 Pos : PT_F40 -----
There are 1 faults will be injected in faulttable...
100980 microseconds
Fault on PT_F40(0X7f54aa6f0ee0 -> 0X7fd4aa6f0ee0)
16 microseconds
[2016-10-27 12:15:29]Process 22048 termed with signal 11(SIGSEGV)
PT_F40-1_bit_1-250 Test Num : 79
Inject into ../bin/hello
----- Type : 1_bit_1 Pos : PT_F40 -----
There are 1 faults will be injected in faulttable...
100966 microseconds
Fault on PT_F40(0X7f52e5c15ee0 -> 0X7fd2e5c15ee0)
13 microseconds
[2016-10-27 12:15:29]Process 22050 termed with signal 11(SIGSEGV)
PT_F40-1_bit_1-250 Test Num : 80
Inject into ../bin/hello
----- Type : 1_bit_1 Pos : PT_F40 -----
There are 1 faults will be injected in faulttable...
100931 microseconds
Fault on PT_F40(0X7fe65167cee0 -> 0X7fe65167cee0)
3000076 microseconds
timeout
[2016-10-27 12:15:32]Process 22052 termed with signal 14(SIGALRM)
PT_F40-1_bit_1-250 Test Num : 81
Inject into ../bin/hello
----- Type : 1_bit_1 Pos : PT_F40 -----
There are 1 faults will be injected in faulttable...
100071 microseconds
Fault on PT_F40(0X7fef3c06dee0 -> 0X7fef3c46dee0)
22 microseconds
[2016-10-27 12:15:32]Process 22054 termed with signal 11(SIGSEGV)
PT_F40-1_bit_1-250 Test Num : 82
Inject into ../bin/hello
----- Type : 1_bit_1 Pos : PT_F40 -----
There are 1 faults will be injected in faulttable...
101057 microseconds
Fault on PT_F40(0X7f7f20017ee0 -> 0X7f7f20417ee0)
14 microseconds
[2016-10-27 12:15:32]Process 22056 termed with signal 11(SIGSEGV)
PT_F40-1_bit_1-250 Test Num : 83
Inject into ../bin/hello
----- Type : 1_bit_1 Pos : PT_F40 -----
There are 1 faults will be injected in faulttable...
101020 microseconds
Fault on PT_F40(0X7fe3586b0ee0 -> 0X807fe3586b0ee0)
16 microseconds
[2016-10-27 12:15:33]Process 22058 termed with signal 11(SIGSEGV)
PT_F40-1_bit_1-250 Test Num : 84
Inject into ../bin/hello
----- Type : 1_bit_1 Pos : PT_F40 -----
There are 1 faults will be injected in faulttable...
100972 microseconds
Fault on PT_F40(0X7f81a9737ee0 -> 0X807f81a9737ee0)
12 microseconds
[2016-10-27 12:15:33]Process 22060 termed with signal 11(SIGSEGV)
PT_F40-1_bit_1-250 Test Num : 85
Inject into ../bin/hello
----- Type : 1_bit_1 Pos : PT_F40 -----
There are 1 faults will be injected in faulttable...
100099 microseconds
Fault on PT_F40(0X7f51947c4ee0 -> 0X807f51947c4ee0)
13 microseconds
[2016-10-27 12:15:33]Process 22062 termed with signal 11(SIGSEGV)
PT_F40-1_bit_1-250 Test Num : 86
Inject into ../bin/hello
----- Type : 1_bit_1 Pos : PT_F40 -----
There are 1 faults will be injected in faulttable...
101001 microseconds
Fault on PT_F40(0X7fd9e236cee0 -> 0X807fd9e236cee0)
13 microseconds
[2016-10-27 12:15:33]Process 22064 termed with signal 11(SIGSEGV)
PT_F40-1_bit_1-250 Test Num : 87
Inject into ../bin/hello
----- Type : 1_bit_1 Pos : PT_F40 -----
There are 1 faults will be injected in faulttable...
100897 microseconds
Fault on PT_F40(0X7f7ac0174ee0 -> 0X807f7ac0174ee0)
11 microseconds
[2016-10-27 12:15:33]Process 22066 termed with signal 11(SIGSEGV)
PT_F40-1_bit_1-250 Test Num : 88
Inject into ../bin/hello
----- Type : 1_bit_1 Pos : PT_F40 -----
There are 1 faults will be injected in faulttable...
101133 microseconds
Fault on PT_F40(0X7f2829fa9ee0 -> 0X807f2829fa9ee0)
19 microseconds
[2016-10-27 12:15:33]Process 22068 termed with signal 11(SIGSEGV)
PT_F40-1_bit_1-250 Test Num : 89
Inject into ../bin/hello
----- Type : 1_bit_1 Pos : PT_F40 -----
There are 1 faults will be injected in faulttable...
100095 microseconds
Fault on PT_F40(0X7f0596acbee0 -> 0X807f0596acbee0)
17 microseconds
[2016-10-27 12:15:33]Process 22070 termed with signal 11(SIGSEGV)
PT_F40-1_bit_1-250 Test Num : 90
Inject into ../bin/hello
----- Type : 1_bit_1 Pos : PT_F40 -----
There are 1 faults will be injected in faulttable...
100947 microseconds
Fault on PT_F40(0X7f1ce68b6ee0 -> 0X807f1ce68b6ee0)
11 microseconds
[2016-10-27 12:15:33]Process 22072 termed with signal 11(SIGSEGV)
PT_F40-1_bit_1-250 Test Num : 91
Inject into ../bin/hello
----- Type : 1_bit_1 Pos : PT_F40 -----
There are 1 faults will be injected in faulttable...
100997 microseconds
Fault on PT_F40(0X7f6467b0dee0 -> 0X807f6467b0dee0)
15 microseconds
[2016-10-27 12:15:33]Process 22074 termed with signal 11(SIGSEGV)
PT_F40-1_bit_1-250 Test Num : 92
Inject into ../bin/hello
----- Type : 1_bit_1 Pos : PT_F40 -----
There are 1 faults will be injected in faulttable...
100270 microseconds
Fault on PT_F40(0X7f07df8d5ee0 -> 0X7f07df8d5ee8)
3000070 microseconds
timeout
[2016-10-27 12:15:37]Process 22076 termed with signal 14(SIGALRM)
PT_F40-1_bit_1-250 Test Num : 93
Inject into ../bin/hello
----- Type : 1_bit_1 Pos : PT_F40 -----
There are 1 faults will be injected in faulttable...
101054 microseconds
Fault on PT_F40(0X7f5d1381fee0 -> 0X7f5d1381fee0)
3000106 microseconds
timeout
[2016-10-27 12:15:40]Process 22078 termed with signal 14(SIGALRM)
PT_F40-1_bit_1-250 Test Num : 94
Inject into ../bin/hello
----- Type : 1_bit_1 Pos : PT_F40 -----
There are 1 faults will be injected in faulttable...
101553 microseconds
Fault on PT_F40(0X7f9863aa1ee0 -> 0X7f9963aa1ee0)
20 microseconds
[2016-10-27 12:15:40]Process 22080 termed with signal 11(SIGSEGV)
PT_F40-1_bit_1-250 Test Num : 95
Inject into ../bin/hello
----- Type : 1_bit_1 Pos : PT_F40 -----
There are 1 faults will be injected in faulttable...
100120 microseconds
Fault on PT_F40(0X7fab7d43cee0 -> 0X7fab7d43cee0)
3000086 microseconds
timeout
[2016-10-27 12:15:43]Process 22082 termed with signal 14(SIGALRM)
PT_F40-1_bit_1-250 Test Num : 96
Inject into ../bin/hello
----- Type : 1_bit_1 Pos : PT_F40 -----
There are 1 faults will be injected in faulttable...
101020 microseconds
Fault on PT_F40(0X7f8a1e6e5ee0 -> 0X7f8a1e6e7ee0)
29 microseconds
[2016-10-27 12:15:43]Process 22084 termed with signal 4(SIGILL)
PT_F40-1_bit_1-250 Test Num : 97
Inject into ../bin/hello
----- Type : 1_bit_1 Pos : PT_F40 -----
There are 1 faults will be injected in faulttable...
101021 microseconds
Fault on PT_F40(0X7feb5b1a9ee0 -> 0X7feb5b1abee0)
28 microseconds
[2016-10-27 12:15:43]Process 22086 termed with signal 4(SIGILL)
PT_F40-1_bit_1-250 Test Num : 98
Inject into ../bin/hello
----- Type : 1_bit_1 Pos : PT_F40 -----
There are 1 faults will be injected in faulttable...
100995 microseconds
Fault on PT_F40(0X7f18e8ec6ee0 -> 0X7f18e8ec6ee0)
3000065 microseconds
timeout
[2016-10-27 12:15:46]Process 22088 termed with signal 14(SIGALRM)
PT_F40-1_bit_1-250 Test Num : 99
Inject into ../bin/hello
----- Type : 1_bit_1 Pos : PT_F40 -----
There are 1 faults will be injected in faulttable...
101516 microseconds
Fault on PT_F40(0X7fd9efca1ee0 -> 0X7fd9efca9ee0)
23 microseconds
[2016-10-27 12:15:46]Process 22090 termed with signal 11(SIGSEGV)
PT_F40-1_bit_1-250 Test Num : 100
Inject into ../bin/hello
----- Type : 1_bit_1 Pos : PT_F40 -----
There are 1 faults will be injected in faulttable...
101014 microseconds
Fault on PT_F40(0X7fc0a1de5ee0 -> 0X7fc0a1dedee0)
22 microseconds
[2016-10-27 12:15:46]Process 22092 termed with signal 11(SIGSEGV)
PT_F40-1_bit_1-250 Test Num : 101
Inject into ../bin/hello
----- Type : 1_bit_1 Pos : PT_F40 -----
There are 1 faults will be injected in faulttable...
100999 microseconds
Fault on PT_F40(0X7f506ab9bee0 -> 0X7f506af9bee0)
19 microseconds
[2016-10-27 12:15:47]Process 22094 termed with signal 11(SIGSEGV)
PT_F40-1_bit_1-250 Test Num : 102
Inject into ../bin/hello
----- Type : 1_bit_1 Pos : PT_F40 -----
There are 1 faults will be injected in faulttable...
101147 microseconds
Fault on PT_F40(0X7f4898097ee0 -> 0X7f4898497ee0)
20 microseconds
[2016-10-27 12:15:47]Process 22096 termed with signal 11(SIGSEGV)
PT_F40-1_bit_1-250 Test Num : 103
Inject into ../bin/hello
----- Type : 1_bit_1 Pos : PT_F40 -----
There are 1 faults will be injected in faulttable...
101050 microseconds
Fault on PT_F40(0X7f450eb33ee0 -> 0X7f450ef33ee0)
38 microseconds
[2016-10-27 12:15:47]Process 22098 termed with signal 11(SIGSEGV)
PT_F40-1_bit_1-250 Test Num : 104
Inject into ../bin/hello
----- Type : 1_bit_1 Pos : PT_F40 -----
There are 1 faults will be injected in faulttable...
102692 microseconds
Fault on PT_F40(0X7f2d8f267ee0 -> 0X7f2d8f667ee0)
16 microseconds
[2016-10-27 12:15:47]Process 22100 termed with signal 11(SIGSEGV)
PT_F40-1_bit_1-250 Test Num : 105
Inject into ../bin/hello
----- Type : 1_bit_1 Pos : PT_F40 -----
There are 1 faults will be injected in faulttable...
101032 microseconds
Fault on PT_F40(0X7f7fd690bee0 -> 0X7f7fd6d0bee0)
13 microseconds
[2016-10-27 12:15:47]Process 22102 termed with signal 11(SIGSEGV)
PT_F40-1_bit_1-250 Test Num : 106
Inject into ../bin/hello
----- Type : 1_bit_1 Pos : PT_F40 -----
There are 1 faults will be injected in faulttable...
101585 microseconds
Fault on PT_F40(0X7f68eb178ee0 -> 0X7f68eb578ee0)
25 microseconds
[2016-10-27 12:15:47]Process 22104 termed with signal 11(SIGSEGV)
PT_F40-1_bit_1-250 Test Num : 107
Inject into ../bin/hello
----- Type : 1_bit_1 Pos : PT_F40 -----
There are 1 faults will be injected in faulttable...
101772 microseconds
Fault on PT_F40(0X7fdb2d30aee0 -> 0X7fdb2d70aee0)
21 microseconds
[2016-10-27 12:15:47]Process 22106 termed with signal 11(SIGSEGV)
PT_F40-1_bit_1-250 Test Num : 108
Inject into ../bin/hello
----- Type : 1_bit_1 Pos : PT_F40 -----
There are 1 faults will be injected in faulttable...
100077 microseconds
Fault on PT_F40(0X7f7ca607aee0 -> 0X7f7ca647aee0)
17 microseconds
[2016-10-27 12:15:47]Process 22108 termed with signal 11(SIGSEGV)
PT_F40-1_bit_1-250 Test Num : 109
Inject into ../bin/hello
----- Type : 1_bit_1 Pos : PT_F40 -----
There are 1 faults will be injected in faulttable...
101447 microseconds
Fault on PT_F40(0X7faac11b0ee0 -> 0X7faac15b0ee0)
21 microseconds
[2016-10-27 12:15:47]Process 22110 termed with signal 11(SIGSEGV)
PT_F40-1_bit_1-250 Test Num : 110
Inject into ../bin/hello
----- Type : 1_bit_1 Pos : PT_F40 -----
There are 1 faults will be injected in faulttable...
101218 microseconds
Fault on PT_F40(0X7f06bc445ee0 -> 0X7f06fc445ee0)
20 microseconds
[2016-10-27 12:15:48]Process 22112 termed with signal 11(SIGSEGV)
PT_F40-1_bit_1-250 Test Num : 111
Inject into ../bin/hello
----- Type : 1_bit_1 Pos : PT_F40 -----
There are 1 faults will be injected in faulttable...
101301 microseconds
Fault on PT_F40(0X7f8259852ee0 -> 0X7f8259852ee0)
3000093 microseconds
timeout
[2016-10-27 12:15:51]Process 22114 termed with signal 14(SIGALRM)
PT_F40-1_bit_1-250 Test Num : 112
Inject into ../bin/hello
----- Type : 1_bit_1 Pos : PT_F40 -----
There are 1 faults will be injected in faulttable...
101112 microseconds
Fault on PT_F40(0X7f1ba4052ee0 -> 0X7f1ba4052ee0)
3000060 microseconds
timeout
[2016-10-27 12:15:54]Process 22116 termed with signal 14(SIGALRM)
PT_F40-1_bit_1-250 Test Num : 113
Inject into ../bin/hello
----- Type : 1_bit_1 Pos : PT_F40 -----
There are 1 faults will be injected in faulttable...
100962 microseconds
Fault on PT_F40(0X7f028d57cee0 -> 0X7f028d57cee0)
3000097 microseconds
timeout
[2016-10-27 12:15:57]Process 22118 termed with signal 14(SIGALRM)
PT_F40-1_bit_1-250 Test Num : 114
Inject into ../bin/hello
----- Type : 1_bit_1 Pos : PT_F40 -----
There are 1 faults will be injected in faulttable...
101882 microseconds
Fault on PT_F40(0X7f8dfd00dee0 -> 0X47f8dfd00dee0)
8 microseconds
[2016-10-27 12:15:57]Process 22120 termed with signal 11(SIGSEGV)
PT_F40-1_bit_1-250 Test Num : 115
Inject into ../bin/hello
----- Type : 1_bit_1 Pos : PT_F40 -----
There are 1 faults will be injected in faulttable...
100936 microseconds
Fault on PT_F40(0X7fdf063b8ee0 -> 0X47fdf063b8ee0)
186 microseconds
[2016-10-27 12:15:57]Process 22122 termed with signal 11(SIGSEGV)
PT_F40-1_bit_1-250 Test Num : 116
Inject into ../bin/hello
----- Type : 1_bit_1 Pos : PT_F40 -----
There are 1 faults will be injected in faulttable...
101130 microseconds
Fault on PT_F40(0X7f65ad1e4ee0 -> 0X47f65ad1e4ee0)
9 microseconds
[2016-10-27 12:15:57]Process 22124 termed with signal 11(SIGSEGV)
PT_F40-1_bit_1-250 Test Num : 117
Inject into ../bin/hello
----- Type : 1_bit_1 Pos : PT_F40 -----
There are 1 faults will be injected in faulttable...
100967 microseconds
Fault on PT_F40(0X7f6ce4291ee0 -> 0X47f6ce4291ee0)
18 microseconds
[2016-10-27 12:15:57]Process 22126 termed with signal 11(SIGSEGV)
PT_F40-1_bit_1-250 Test Num : 118
Inject into ../bin/hello
----- Type : 1_bit_1 Pos : PT_F40 -----
There are 1 faults will be injected in faulttable...
101486 microseconds
Fault on PT_F40(0X7fe77ddefee0 -> 0X47fe77ddefee0)
14 microseconds
[2016-10-27 12:15:57]Process 22128 termed with signal 11(SIGSEGV)
PT_F40-1_bit_1-250 Test Num : 119
Inject into ../bin/hello
----- Type : 1_bit_1 Pos : PT_F40 -----
There are 1 faults will be injected in faulttable...
101213 microseconds
Fault on PT_F40(0X7f8fbf70aee0 -> 0X4007f8fbf70aee0)
11 microseconds
[2016-10-27 12:15:58]Process 22130 termed with signal 11(SIGSEGV)
PT_F40-1_bit_1-250 Test Num : 120
Inject into ../bin/hello
----- Type : 1_bit_1 Pos : PT_F40 -----
There are 1 faults will be injected in faulttable...
101057 microseconds
Fault on PT_F40(0X7f9918d4fee0 -> 0X4007f9918d4fee0)
9 microseconds
[2016-10-27 12:15:58]Process 22132 termed with signal 11(SIGSEGV)
PT_F40-1_bit_1-250 Test Num : 121
Inject into ../bin/hello
----- Type : 1_bit_1 Pos : PT_F40 -----
There are 1 faults will be injected in faulttable...
100073 microseconds
Fault on PT_F40(0X7f6c0c4bcee0 -> 0X4007f6c0c4bcee0)
12 microseconds
[2016-10-27 12:15:58]Process 22134 termed with signal 11(SIGSEGV)
PT_F40-1_bit_1-250 Test Num : 122
Inject into ../bin/hello
----- Type : 1_bit_1 Pos : PT_F40 -----
There are 1 faults will be injected in faulttable...
100910 microseconds
Fault on PT_F40(0X7f0052c07ee0 -> 0X4007f0052c07ee0)
12 microseconds
[2016-10-27 12:15:58]Process 22136 termed with signal 11(SIGSEGV)
PT_F40-1_bit_1-250 Test Num : 123
Inject into ../bin/hello
----- Type : 1_bit_1 Pos : PT_F40 -----
There are 1 faults will be injected in faulttable...
101071 microseconds
Fault on PT_F40(0X7f1acdaafee0 -> 0X4007f1acdaafee0)
12 microseconds
[2016-10-27 12:15:58]Process 22138 termed with signal 11(SIGSEGV)
PT_F40-1_bit_1-250 Test Num : 124
Inject into ../bin/hello
----- Type : 1_bit_1 Pos : PT_F40 -----
There are 1 faults will be injected in faulttable...
100093 microseconds
Fault on PT_F40(0X7f93b256eee0 -> 0X4007f93b256eee0)
12 microseconds
[2016-10-27 12:15:58]Process 22140 termed with signal 11(SIGSEGV)
PT_F40-1_bit_1-250 Test Num : 125
Inject into ../bin/hello
----- Type : 1_bit_1 Pos : PT_F40 -----
There are 1 faults will be injected in faulttable...
101011 microseconds
Fault on PT_F40(0X7f47312f3ee0 -> 0X4007f47312f3ee0)
14 microseconds
[2016-10-27 12:15:58]Process 22142 termed with signal 11(SIGSEGV)
PT_F40-1_bit_1-250 Test Num : 126
Inject into ../bin/hello
----- Type : 1_bit_1 Pos : PT_F40 -----
There are 1 faults will be injected in faulttable...
101049 microseconds
Fault on PT_F40(0X7f6d1f8ebee0 -> 0X4007f6d1f8ebee0)
14 microseconds
[2016-10-27 12:15:58]Process 22144 termed with signal 11(SIGSEGV)
PT_F40-1_bit_1-250 Test Num : 127
Inject into ../bin/hello
----- Type : 1_bit_1 Pos : PT_F40 -----
There are 1 faults will be injected in faulttable...
101196 microseconds
Fault on PT_F40(0X7f118cc98ee0 -> 0X4007f118cc98ee0)
14 microseconds
[2016-10-27 12:15:58]Process 22146 termed with signal 11(SIGSEGV)
PT_F40-1_bit_1-250 Test Num : 128
Inject into ../bin/hello
----- Type : 1_bit_1 Pos : PT_F40 -----
There are 1 faults will be injected in faulttable...
102292 microseconds
Fault on PT_F40(0X7f27efd55ee0 -> 0X7fa7efd55ee0)
14 microseconds
[2016-10-27 12:15:59]Process 22148 termed with signal 11(SIGSEGV)
PT_F40-1_bit_1-250 Test Num : 129
Inject into ../bin/hello
----- Type : 1_bit_1 Pos : PT_F40 -----
There are 1 faults will be injected in faulttable...
101361 microseconds
Fault on PT_F40(0X7ff621fb5ee0 -> 0X7ff621fb5ee0)
3000083 microseconds
timeout
[ 2016-10-27 12:16:2]Process 22150 termed with signal 14(SIGALRM)
PT_F40-1_bit_1-250 Test Num : 130
Inject into ../bin/hello
----- Type : 1_bit_1 Pos : PT_F40 -----
There are 1 faults will be injected in faulttable...
101013 microseconds
Fault on PT_F40(0X7f4548cfcee0 -> 0X7f4548cfcee0)
3000111 microseconds
timeout
[ 2016-10-27 12:16:5]Process 22152 termed with signal 14(SIGALRM)
PT_F40-1_bit_1-250 Test Num : 131
Inject into ../bin/hello
----- Type : 1_bit_1 Pos : PT_F40 -----
There are 1 faults will be injected in faulttable...
100968 microseconds
Fault on PT_F40(0X7f6a6fd0cee0 -> 0X7f6a6fd0cee0)
3000135 microseconds
timeout
[ 2016-10-27 12:16:8]Process 22154 termed with signal 14(SIGALRM)
PT_F40-1_bit_1-250 Test Num : 132
Inject into ../bin/hello
----- Type : 1_bit_1 Pos : PT_F40 -----
There are 1 faults will be injected in faulttable...
101224 microseconds
Fault on PT_F40(0X7fdd41db0ee0 -> 0X20007fdd41db0ee0)
18 microseconds
[ 2016-10-27 12:16:8]Process 22156 termed with signal 11(SIGSEGV)
PT_F40-1_bit_1-250 Test Num : 133
Inject into ../bin/hello
----- Type : 1_bit_1 Pos : PT_F40 -----
There are 1 faults will be injected in faulttable...
101190 microseconds
Fault on PT_F40(0X7fb4f3ca8ee0 -> 0X20007fb4f3ca8ee0)
11 microseconds
[ 2016-10-27 12:16:8]Process 22158 termed with signal 11(SIGSEGV)
PT_F40-1_bit_1-250 Test Num : 134
Inject into ../bin/hello
----- Type : 1_bit_1 Pos : PT_F40 -----
There are 1 faults will be injected in faulttable...
100958 microseconds
Fault on PT_F40(0X7f69d7f3fee0 -> 0X20007f69d7f3fee0)
17 microseconds
[ 2016-10-27 12:16:8]Process 22160 termed with signal 11(SIGSEGV)
PT_F40-1_bit_1-250 Test Num : 135
Inject into ../bin/hello
----- Type : 1_bit_1 Pos : PT_F40 -----
There are 1 faults will be injected in faulttable...
101067 microseconds
Fault on PT_F40(0X7f4755026ee0 -> 0X20007f4755026ee0)
18 microseconds
[ 2016-10-27 12:16:8]Process 22162 termed with signal 11(SIGSEGV)
PT_F40-1_bit_1-250 Test Num : 136
Inject into ../bin/hello
----- Type : 1_bit_1 Pos : PT_F40 -----
There are 1 faults will be injected in faulttable...
101281 microseconds
Fault on PT_F40(0X7fc5a2dceee0 -> 0X20007fc5a2dceee0)
16 microseconds
[ 2016-10-27 12:16:8]Process 22164 termed with signal 11(SIGSEGV)
PT_F40-1_bit_1-250 Test Num : 137
Inject into ../bin/hello
----- Type : 1_bit_1 Pos : PT_F40 -----
There are 1 faults will be injected in faulttable...
101013 microseconds
Fault on PT_F40(0X7f7ddd979ee0 -> 0X27f7ddd979ee0)
15 microseconds
[ 2016-10-27 12:16:9]Process 22166 termed with signal 11(SIGSEGV)
PT_F40-1_bit_1-250 Test Num : 138
Inject into ../bin/hello
----- Type : 1_bit_1 Pos : PT_F40 -----
There are 1 faults will be injected in faulttable...
100995 microseconds
Fault on PT_F40(0X7f6495235ee0 -> 0X27f6495235ee0)
9 microseconds
[ 2016-10-27 12:16:9]Process 22168 termed with signal 11(SIGSEGV)
PT_F40-1_bit_1-250 Test Num : 139
Inject into ../bin/hello
----- Type : 1_bit_1 Pos : PT_F40 -----
There are 1 faults will be injected in faulttable...
100965 microseconds
Fault on PT_F40(0X7fc2c3b30ee0 -> 0X27fc2c3b30ee0)
12 microseconds
[ 2016-10-27 12:16:9]Process 22170 termed with signal 11(SIGSEGV)
PT_F40-1_bit_1-250 Test Num : 140
Inject into ../bin/hello
----- Type : 1_bit_1 Pos : PT_F40 -----
There are 1 faults will be injected in faulttable...
100964 microseconds
Fault on PT_F40(0X7fb604a33ee0 -> 0X27fb604a33ee0)
17 microseconds
[ 2016-10-27 12:16:9]Process 22172 termed with signal 11(SIGSEGV)
PT_F40-1_bit_1-250 Test Num : 141
Inject into ../bin/hello
----- Type : 1_bit_1 Pos : PT_F40 -----
There are 1 faults will be injected in faulttable...
101017 microseconds
Fault on PT_F40(0X7ff155a58ee0 -> 0X27ff155a58ee0)
13 microseconds
[ 2016-10-27 12:16:9]Process 22174 termed with signal 11(SIGSEGV)
PT_F40-1_bit_1-250 Test Num : 142
Inject into ../bin/hello
----- Type : 1_bit_1 Pos : PT_F40 -----
There are 1 faults will be injected in faulttable...
100078 microseconds
Fault on PT_F40(0X7f5c63df0ee0 -> 0X27f5c63df0ee0)
9 microseconds
[ 2016-10-27 12:16:9]Process 22176 termed with signal 11(SIGSEGV)
PT_F40-1_bit_1-250 Test Num : 143
Inject into ../bin/hello
----- Type : 1_bit_1 Pos : PT_F40 -----
There are 1 faults will be injected in faulttable...
100902 microseconds
Fault on PT_F40(0X7fbfa398cee0 -> 0X27fbfa398cee0)
16 microseconds
[ 2016-10-27 12:16:9]Process 22178 termed with signal 11(SIGSEGV)
PT_F40-1_bit_1-250 Test Num : 144
Inject into ../bin/hello
----- Type : 1_bit_1 Pos : PT_F40 -----
There are 1 faults will be injected in faulttable...
101200 microseconds
Fault on PT_F40(0X7f42cbf28ee0 -> 0X27f42cbf28ee0)
10 microseconds
[ 2016-10-27 12:16:9]Process 22180 termed with signal 11(SIGSEGV)
PT_F40-1_bit_1-250 Test Num : 145
Inject into ../bin/hello
----- Type : 1_bit_1 Pos : PT_F40 -----
There are 1 faults will be injected in faulttable...
100963 microseconds
Fault on PT_F40(0X7fcd2d56eee0 -> 0X27fcd2d56eee0)
12 microseconds
[ 2016-10-27 12:16:9]Process 22182 termed with signal 11(SIGSEGV)
PT_F40-1_bit_1-250 Test Num : 146
Inject into ../bin/hello
----- Type : 1_bit_1 Pos : PT_F40 -----
There are 1 faults will be injected in faulttable...
101034 microseconds
Fault on PT_F40(0X7faae68aaee0 -> 0X27faae68aaee0)
11 microseconds
[ 2016-10-27 12:16:9]Process 22184 termed with signal 11(SIGSEGV)
PT_F40-1_bit_1-250 Test Num : 147
Inject into ../bin/hello
----- Type : 1_bit_1 Pos : PT_F40 -----
There are 1 faults will be injected in faulttable...
100985 microseconds
Fault on PT_F40(0X7fa4461dbee0 -> 0X807fa4461dbee0)
11 microseconds
[2016-10-27 12:16:10]Process 22186 termed with signal 11(SIGSEGV)
PT_F40-1_bit_1-250 Test Num : 148
Inject into ../bin/hello
----- Type : 1_bit_1 Pos : PT_F40 -----
There are 1 faults will be injected in faulttable...
101035 microseconds
Fault on PT_F40(0X7f1112453ee0 -> 0X807f1112453ee0)
18 microseconds
[2016-10-27 12:16:10]Process 22188 termed with signal 11(SIGSEGV)
PT_F40-1_bit_1-250 Test Num : 149
Inject into ../bin/hello
----- Type : 1_bit_1 Pos : PT_F40 -----
There are 1 faults will be injected in faulttable...
101117 microseconds
Fault on PT_F40(0X7fc406004ee0 -> 0X807fc406004ee0)
17 microseconds
[2016-10-27 12:16:10]Process 22190 termed with signal 11(SIGSEGV)
PT_F40-1_bit_1-250 Test Num : 150
Inject into ../bin/hello
----- Type : 1_bit_1 Pos : PT_F40 -----
There are 1 faults will be injected in faulttable...
101175 microseconds
Fault on PT_F40(0X7f4080b5bee0 -> 0X807f4080b5bee0)
15 microseconds
[2016-10-27 12:16:10]Process 22192 termed with signal 11(SIGSEGV)
PT_F40-1_bit_1-250 Test Num : 151
Inject into ../bin/hello
----- Type : 1_bit_1 Pos : PT_F40 -----
There are 1 faults will be injected in faulttable...
101355 microseconds
Fault on PT_F40(0X7f9a57627ee0 -> 0X807f9a57627ee0)
14 microseconds
[2016-10-27 12:16:10]Process 22194 termed with signal 11(SIGSEGV)
PT_F40-1_bit_1-250 Test Num : 152
Inject into ../bin/hello
----- Type : 1_bit_1 Pos : PT_F40 -----
There are 1 faults will be injected in faulttable...
101108 microseconds
Fault on PT_F40(0X7f16ed6daee0 -> 0X807f16ed6daee0)
14 microseconds
[2016-10-27 12:16:10]Process 22196 termed with signal 11(SIGSEGV)
PT_F40-1_bit_1-250 Test Num : 153
Inject into ../bin/hello
----- Type : 1_bit_1 Pos : PT_F40 -----
There are 1 faults will be injected in faulttable...
100992 microseconds
Fault on PT_F40(0X7f06380a6ee0 -> 0X807f06380a6ee0)
14 microseconds
[2016-10-27 12:16:10]Process 22198 termed with signal 11(SIGSEGV)
PT_F40-1_bit_1-250 Test Num : 154
Inject into ../bin/hello
----- Type : 1_bit_1 Pos : PT_F40 -----
There are 1 faults will be injected in faulttable...
101031 microseconds
Fault on PT_F40(0X7f7fd255aee0 -> 0X807f7fd255aee0)
18 microseconds
[2016-10-27 12:16:10]Process 22200 termed with signal 11(SIGSEGV)
PT_F40-1_bit_1-250 Test Num : 155
Inject into ../bin/hello
----- Type : 1_bit_1 Pos : PT_F40 -----
There are 1 faults will be injected in faulttable...
100308 microseconds
Fault on PT_F40(0X7f43c6849ee0 -> 0X807f43c6849ee0)
15 microseconds
[2016-10-27 12:16:10]Process 22202 termed with signal 11(SIGSEGV)
PT_F40-1_bit_1-250 Test Num : 156
Inject into ../bin/hello
----- Type : 1_bit_1 Pos : PT_F40 -----
There are 1 faults will be injected in faulttable...
100078 microseconds
Fault on PT_F40(0X7f0b1c732ee0 -> 0X7f0b1c732ee0)
3000105 microseconds
timeout
[2016-10-27 12:16:14]Process 22204 termed with signal 14(SIGALRM)
PT_F40-1_bit_1-250 Test Num : 157
Inject into ../bin/hello
----- Type : 1_bit_1 Pos : PT_F40 -----
There are 1 faults will be injected in faulttable...
101248 microseconds
Fault on PT_F40(0X7fd752c41ee0 -> 0X7fd752c41ee0)
3000120 microseconds
timeout
[2016-10-27 12:16:17]Process 22206 termed with signal 14(SIGALRM)
PT_F40-1_bit_1-250 Test Num : 158
Inject into ../bin/hello
----- Type : 1_bit_1 Pos : PT_F40 -----
There are 1 faults will be injected in faulttable...
101165 microseconds
Fault on PT_F40(0X7ff26abc7ee0 -> 0X7ff26abc7ee0)
3000072 microseconds
timeout
[2016-10-27 12:16:20]Process 22208 termed with signal 14(SIGALRM)
PT_F40-1_bit_1-250 Test Num : 159
Inject into ../bin/hello
----- Type : 1_bit_1 Pos : PT_F40 -----
There are 1 faults will be injected in faulttable...
101150 microseconds
Fault on PT_F40(0X7fc6dfacdee0 -> 0X7fc6dfecdee0)
16 microseconds
[2016-10-27 12:16:20]Process 22210 termed with signal 11(SIGSEGV)
PT_F40-1_bit_1-250 Test Num : 160
Inject into ../bin/hello
----- Type : 1_bit_1 Pos : PT_F40 -----
There are 1 faults will be injected in faulttable...
100078 microseconds
Fault on PT_F40(0X7fad91b3eee0 -> 0X7fad91f3eee0)
18 microseconds
[2016-10-27 12:16:20]Process 22212 termed with signal 11(SIGSEGV)
PT_F40-1_bit_1-250 Test Num : 161
Inject into ../bin/hello
----- Type : 1_bit_1 Pos : PT_F40 -----
There are 1 faults will be injected in faulttable...
101369 microseconds
Fault on PT_F40(0X7fb055949ee0 -> 0X7fb055d49ee0)
12 microseconds
[2016-10-27 12:16:20]Process 22214 termed with signal 11(SIGSEGV)
PT_F40-1_bit_1-250 Test Num : 162
Inject into ../bin/hello
----- Type : 1_bit_1 Pos : PT_F40 -----
There are 1 faults will be injected in faulttable...
101023 microseconds
Fault on PT_F40(0X7f5e63d7aee0 -> 0X7f5e63d7aee0)
3000076 microseconds
timeout
[2016-10-27 12:16:23]Process 22216 termed with signal 14(SIGALRM)
PT_F40-1_bit_1-250 Test Num : 163
Inject into ../bin/hello
----- Type : 1_bit_1 Pos : PT_F40 -----
There are 1 faults will be injected in faulttable...
100117 microseconds
Fault on PT_F40(0X7f616b84fee0 -> 0X7f616b84fee0)
3000122 microseconds
timeout
[2016-10-27 12:16:26]Process 22218 termed with signal 14(SIGALRM)
PT_F40-1_bit_1-250 Test Num : 164
Inject into ../bin/hello
----- Type : 1_bit_1 Pos : PT_F40 -----
There are 1 faults will be injected in faulttable...
101149 microseconds
Fault on PT_F40(0X7f472e53fee0 -> 0X7f472e53fee0)
3000141 microseconds
timeout
[2016-10-27 12:16:29]Process 22220 termed with signal 14(SIGALRM)
PT_F40-1_bit_1-250 Test Num : 165
Inject into ../bin/hello
----- Type : 1_bit_1 Pos : PT_F40 -----
There are 1 faults will be injected in faulttable...
101162 microseconds
Fault on PT_F40(0X7f582c3d9ee0 -> 0X7f582d3d9ee0)
16 microseconds
[2016-10-27 12:16:30]Process 22223 termed with signal 11(SIGSEGV)
PT_F40-1_bit_1-250 Test Num : 166
Inject into ../bin/hello
----- Type : 1_bit_1 Pos : PT_F40 -----
There are 1 faults will be injected in faulttable...
101200 microseconds
Fault on PT_F40(0X7f6e1399dee0 -> 0X7f6e1399dee0)
3000082 microseconds
timeout
[2016-10-27 12:16:33]Process 22225 termed with signal 14(SIGALRM)
PT_F40-1_bit_1-250 Test Num : 167
Inject into ../bin/hello
----- Type : 1_bit_1 Pos : PT_F40 -----
There are 1 faults will be injected in faulttable...
100129 microseconds
Fault on PT_F40(0X7fe214234ee0 -> 0X7fe214234ee0)
3000063 microseconds
timeout
[2016-10-27 12:16:36]Process 22227 termed with signal 14(SIGALRM)
PT_F40-1_bit_1-250 Test Num : 168
Inject into ../bin/hello
----- Type : 1_bit_1 Pos : PT_F40 -----
There are 1 faults will be injected in faulttable...
100917 microseconds
Fault on PT_F40(0X7fc6adac1ee0 -> 0X7fc6adac1ee0)
3000095 microseconds
timeout
[2016-10-27 12:16:39]Process 22229 termed with signal 14(SIGALRM)
PT_F40-1_bit_1-250 Test Num : 169
Inject into ../bin/hello
----- Type : 1_bit_1 Pos : PT_F40 -----
There are 1 faults will be injected in faulttable...
101050 microseconds
Fault on PT_F40(0X7f541dd06ee0 -> 0X7f541dd06ee0)
3000112 microseconds
timeout
[2016-10-27 12:16:42]Process 22231 termed with signal 14(SIGALRM)
PT_F40-1_bit_1-250 Test Num : 170
Inject into ../bin/hello
----- Type : 1_bit_1 Pos : PT_F40 -----
There are 1 faults will be injected in faulttable...
101606 microseconds
Fault on PT_F40(0X7f9e53629ee0 -> 0X7f9e53729ee0)
19 microseconds
[2016-10-27 12:16:42]Process 22233 termed with signal 11(SIGSEGV)
PT_F40-1_bit_1-250 Test Num : 171
Inject into ../bin/hello
----- Type : 1_bit_1 Pos : PT_F40 -----
There are 1 faults will be injected in faulttable...
101172 microseconds
Fault on PT_F40(0X7fbdb47deee0 -> 0X7fbdb47deee0)
3000086 microseconds
timeout
[2016-10-27 12:16:45]Process 22235 termed with signal 14(SIGALRM)
PT_F40-1_bit_1-250 Test Num : 172
Inject into ../bin/hello
----- Type : 1_bit_1 Pos : PT_F40 -----
There are 1 faults will be injected in faulttable...
101260 microseconds
Fault on PT_F40(0X7f5150ab0ee0 -> 0X1007f5150ab0ee0)
16 microseconds
[2016-10-27 12:16:45]Process 22237 termed with signal 11(SIGSEGV)
PT_F40-1_bit_1-250 Test Num : 173
Inject into ../bin/hello
----- Type : 1_bit_1 Pos : PT_F40 -----
There are 1 faults will be injected in faulttable...
101129 microseconds
Fault on PT_F40(0X7fa99a532ee0 -> 0X1007fa99a532ee0)
11 microseconds
[2016-10-27 12:16:45]Process 22239 termed with signal 11(SIGSEGV)
PT_F40-1_bit_1-250 Test Num : 174
Inject into ../bin/hello
----- Type : 1_bit_1 Pos : PT_F40 -----
There are 1 faults will be injected in faulttable...
100938 microseconds
Fault on PT_F40(0X7fb635735ee0 -> 0X7fb635735ee0)
3000080 microseconds
timeout
[2016-10-27 12:16:49]Process 22241 termed with signal 14(SIGALRM)
PT_F40-1_bit_1-250 Test Num : 175
Inject into ../bin/hello
----- Type : 1_bit_1 Pos : PT_F40 -----
There are 1 faults will be injected in faulttable...
101188 microseconds
Fault on PT_F40(0X7f2d032a3ee0 -> 0X7f2d032a3ee0)
3000087 microseconds
timeout
[2016-10-27 12:16:52]Process 22243 termed with signal 14(SIGALRM)
PT_F40-1_bit_1-250 Test Num : 176
Inject into ../bin/hello
----- Type : 1_bit_1 Pos : PT_F40 -----
There are 1 faults will be injected in faulttable...
101014 microseconds
Fault on PT_F40(0X7f70bc08bee0 -> 0X7f70bc08bee1)
24 microseconds
[2016-10-27 12:16:52]Process 22245 termed with signal 4(SIGILL)
PT_F40-1_bit_1-250 Test Num : 177
Inject into ../bin/hello
----- Type : 1_bit_1 Pos : PT_F40 -----
There are 1 faults will be injected in faulttable...
101037 microseconds
Fault on PT_F40(0X7f7ecdea2ee0 -> 0X7f7ecdea2ee1)
24 microseconds
[2016-10-27 12:16:52]Process 22247 termed with signal 4(SIGILL)
PT_F40-1_bit_1-250 Test Num : 178
Inject into ../bin/hello
----- Type : 1_bit_1 Pos : PT_F40 -----
There are 1 faults will be injected in faulttable...
101056 microseconds
Fault on PT_F40(0X7ffa6a687ee0 -> 0X7ffa6a687ee1)
30 microseconds
[2016-10-27 12:16:52]Process 22249 termed with signal 4(SIGILL)
PT_F40-1_bit_1-250 Test Num : 179
Inject into ../bin/hello
----- Type : 1_bit_1 Pos : PT_F40 -----
There are 1 faults will be injected in faulttable...
101276 microseconds
Fault on PT_F40(0X7fe830139ee0 -> 0X7fe830139ee1)
28 microseconds
[2016-10-27 12:16:52]Process 22251 termed with signal 4(SIGILL)
PT_F40-1_bit_1-250 Test Num : 180
Inject into ../bin/hello
----- Type : 1_bit_1 Pos : PT_F40 -----
There are 1 faults will be injected in faulttable...
100918 microseconds
Fault on PT_F40(0X7f9b4060cee0 -> 0X7f9b4060cee1)
19 microseconds
[2016-10-27 12:16:52]Process 22253 termed with signal 4(SIGILL)
PT_F40-1_bit_1-250 Test Num : 181
Inject into ../bin/hello
----- Type : 1_bit_1 Pos : PT_F40 -----
There are 1 faults will be injected in faulttable...
100114 microseconds
Fault on PT_F40(0X7ff36ff68ee0 -> 0X7ff36ff68ee1)
37 microseconds
[2016-10-27 12:16:52]Process 22255 termed with signal 4(SIGILL)
PT_F40-1_bit_1-250 Test Num : 182
Inject into ../bin/hello
----- Type : 1_bit_1 Pos : PT_F40 -----
There are 1 faults will be injected in faulttable...
100939 microseconds
Fault on PT_F40(0X7f82f4ccbee0 -> 0X7f82f4ccbee1)
26 microseconds
[2016-10-27 12:16:52]Process 22257 termed with signal 4(SIGILL)
PT_F40-1_bit_1-250 Test Num : 183
Inject into ../bin/hello
----- Type : 1_bit_1 Pos : PT_F40 -----
There are 1 faults will be injected in faulttable...
101440 microseconds
Fault on PT_F40(0X7fadfa74aee0 -> 0X80007fadfa74aee0)
16 microseconds
[2016-10-27 12:16:53]Process 22259 termed with signal 11(SIGSEGV)
PT_F40-1_bit_1-250 Test Num : 184
Inject into ../bin/hello
----- Type : 1_bit_1 Pos : PT_F40 -----
There are 1 faults will be injected in faulttable...
100951 microseconds
Fault on PT_F40(0X7fd1f8d44ee0 -> 0X80007fd1f8d44ee0)
18 microseconds
[2016-10-27 12:16:53]Process 22261 termed with signal 11(SIGSEGV)
PT_F40-1_bit_1-250 Test Num : 185
Inject into ../bin/hello
----- Type : 1_bit_1 Pos : PT_F40 -----
There are 1 faults will be injected in faulttable...
100992 microseconds
Fault on PT_F40(0X7f05311b3ee0 -> 0X80007f05311b3ee0)
10 microseconds
[2016-10-27 12:16:53]Process 22263 termed with signal 11(SIGSEGV)
PT_F40-1_bit_1-250 Test Num : 186
Inject into ../bin/hello
----- Type : 1_bit_1 Pos : PT_F40 -----
There are 1 faults will be injected in faulttable...
100971 microseconds
Fault on PT_F40(0X7fba2a7ccee0 -> 0X80007fba2a7ccee0)
12 microseconds
[2016-10-27 12:16:53]Process 22265 termed with signal 11(SIGSEGV)
PT_F40-1_bit_1-250 Test Num : 187
Inject into ../bin/hello
----- Type : 1_bit_1 Pos : PT_F40 -----
There are 1 faults will be injected in faulttable...
101096 microseconds
Fault on PT_F40(0X7fc2052faee0 -> 0X80007fc2052faee0)
18 microseconds
[2016-10-27 12:16:53]Process 22267 termed with signal 11(SIGSEGV)
PT_F40-1_bit_1-250 Test Num : 188
Inject into ../bin/hello
----- Type : 1_bit_1 Pos : PT_F40 -----
There are 1 faults will be injected in faulttable...
101103 microseconds
Fault on PT_F40(0X7fe96a442ee0 -> 0X80007fe96a442ee0)
12 microseconds
[2016-10-27 12:16:53]Process 22269 termed with signal 11(SIGSEGV)
PT_F40-1_bit_1-250 Test Num : 189
Inject into ../bin/hello
----- Type : 1_bit_1 Pos : PT_F40 -----
There are 1 faults will be injected in faulttable...
100999 microseconds
Fault on PT_F40(0X7f0c1cf3aee0 -> 0X80007f0c1cf3aee0)
13 microseconds
[2016-10-27 12:16:53]Process 22271 termed with signal 11(SIGSEGV)
PT_F40-1_bit_1-250 Test Num : 190
Inject into ../bin/hello
----- Type : 1_bit_1 Pos : PT_F40 -----
There are 1 faults will be injected in faulttable...
100107 microseconds
Fault on PT_F40(0X7f342480fee0 -> 0X80007f342480fee0)
13 microseconds
[2016-10-27 12:16:53]Process 22273 termed with signal 11(SIGSEGV)
PT_F40-1_bit_1-250 Test Num : 191
Inject into ../bin/hello
----- Type : 1_bit_1 Pos : PT_F40 -----
There are 1 faults will be injected in faulttable...
101202 microseconds
Fault on PT_F40(0X7fa42b6abee0 -> 0X80007fa42b6abee0)
10 microseconds
[2016-10-27 12:16:53]Process 22275 termed with signal 11(SIGSEGV)
PT_F40-1_bit_1-250 Test Num : 192
Inject into ../bin/hello
----- Type : 1_bit_1 Pos : PT_F40 -----
There are 1 faults will be injected in faulttable...
101070 microseconds
Fault on PT_F40(0X7f490d870ee0 -> 0X7f490d870ee0)
3000103 microseconds
timeout
[2016-10-27 12:16:57]Process 22277 termed with signal 14(SIGALRM)
PT_F40-1_bit_1-250 Test Num : 193
Inject into ../bin/hello
----- Type : 1_bit_1 Pos : PT_F40 -----
There are 1 faults will be injected in faulttable...
100081 microseconds
Fault on PT_F40(0X7f3122043ee0 -> 0X8007f3122043ee0)
16 microseconds
[2016-10-27 12:16:57]Process 22279 termed with signal 11(SIGSEGV)
PT_F40-1_bit_1-250 Test Num : 194
Inject into ../bin/hello
----- Type : 1_bit_1 Pos : PT_F40 -----
There are 1 faults will be injected in faulttable...
101090 microseconds
Fault on PT_F40(0X7f6ada540ee0 -> 0X8007f6ada540ee0)
16 microseconds
[2016-10-27 12:16:57]Process 22281 termed with signal 11(SIGSEGV)
PT_F40-1_bit_1-250 Test Num : 195
Inject into ../bin/hello
----- Type : 1_bit_1 Pos : PT_F40 -----
There are 1 faults will be injected in faulttable...
101097 microseconds
Fault on PT_F40(0X7f2f5d6c4ee0 -> 0X8007f2f5d6c4ee0)
14 microseconds
[2016-10-27 12:16:57]Process 22283 termed with signal 11(SIGSEGV)
PT_F40-1_bit_1-250 Test Num : 196
Inject into ../bin/hello
----- Type : 1_bit_1 Pos : PT_F40 -----
There are 1 faults will be injected in faulttable...
101040 microseconds
Fault on PT_F40(0X7fa9a64b5ee0 -> 0X8007fa9a64b5ee0)
12 microseconds
[2016-10-27 12:16:57]Process 22285 termed with signal 11(SIGSEGV)
PT_F40-1_bit_1-250 Test Num : 197
Inject into ../bin/hello
----- Type : 1_bit_1 Pos : PT_F40 -----
There are 1 faults will be injected in faulttable...
101123 microseconds
Fault on PT_F40(0X7fe2a4a40ee0 -> 0X8007fe2a4a40ee0)
13 microseconds
[2016-10-27 12:16:57]Process 22287 termed with signal 11(SIGSEGV)
PT_F40-1_bit_1-250 Test Num : 198
Inject into ../bin/hello
----- Type : 1_bit_1 Pos : PT_F40 -----
There are 1 faults will be injected in faulttable...
101136 microseconds
Fault on PT_F40(0X7f721112aee0 -> 0X8007f721112aee0)
16 microseconds
[2016-10-27 12:16:57]Process 22289 termed with signal 11(SIGSEGV)
PT_F40-1_bit_1-250 Test Num : 199
Inject into ../bin/hello
----- Type : 1_bit_1 Pos : PT_F40 -----
There are 1 faults will be injected in faulttable...
101002 microseconds
Fault on PT_F40(0X7f1cb70d2ee0 -> 0X8007f1cb70d2ee0)
11 microseconds
[2016-10-27 12:16:57]Process 22291 termed with signal 11(SIGSEGV)
PT_F40-1_bit_1-250 Test Num : 200
Inject into ../bin/hello
----- Type : 1_bit_1 Pos : PT_F40 -----
There are 1 faults will be injected in faulttable...
100987 microseconds
Fault on PT_F40(0X7fa301b47ee0 -> 0X8007fa301b47ee0)
13 microseconds
[2016-10-27 12:16:57]Process 22293 termed with signal 11(SIGSEGV)
PT_F40-1_bit_1-250 Test Num : 201
Inject into ../bin/hello
----- Type : 1_bit_1 Pos : PT_F40 -----
There are 1 faults will be injected in faulttable...
101041 microseconds
Fault on PT_F40(0X7f6b5aaa8ee0 -> 0X80007f6b5aaa8ee0)
10 microseconds
[2016-10-27 12:16:58]Process 22295 termed with signal 11(SIGSEGV)
PT_F40-1_bit_1-250 Test Num : 202
Inject into ../bin/hello
----- Type : 1_bit_1 Pos : PT_F40 -----
There are 1 faults will be injected in faulttable...
101099 microseconds
Fault on PT_F40(0X7f9453a6dee0 -> 0X80007f9453a6dee0)
19 microseconds
[2016-10-27 12:16:58]Process 22297 termed with signal 11(SIGSEGV)
PT_F40-1_bit_1-250 Test Num : 203
Inject into ../bin/hello
----- Type : 1_bit_1 Pos : PT_F40 -----
There are 1 faults will be injected in faulttable...
101055 microseconds
Fault on PT_F40(0X7f0be2407ee0 -> 0X80007f0be2407ee0)
16 microseconds
[2016-10-27 12:16:58]Process 22299 termed with signal 11(SIGSEGV)
PT_F40-1_bit_1-250 Test Num : 204
Inject into ../bin/hello
----- Type : 1_bit_1 Pos : PT_F40 -----
There are 1 faults will be injected in faulttable...
101105 microseconds
Fault on PT_F40(0X7effb3e06ee0 -> 0X80007effb3e06ee0)
21 microseconds
[2016-10-27 12:16:58]Process 22301 termed with signal 11(SIGSEGV)
PT_F40-1_bit_1-250 Test Num : 205
Inject into ../bin/hello
----- Type : 1_bit_1 Pos : PT_F40 -----
There are 1 faults will be injected in faulttable...
101311 microseconds
Fault on PT_F40(0X7f0220b5cee0 -> 0X80007f0220b5cee0)
16 microseconds
[2016-10-27 12:16:58]Process 22303 termed with signal 11(SIGSEGV)
PT_F40-1_bit_1-250 Test Num : 206
Inject into ../bin/hello
----- Type : 1_bit_1 Pos : PT_F40 -----
There are 1 faults will be injected in faulttable...
101424 microseconds
Fault on PT_F40(0X7fbe11243ee0 -> 0X80007fbe11243ee0)
20 microseconds
[2016-10-27 12:16:58]Process 22305 termed with signal 11(SIGSEGV)
PT_F40-1_bit_1-250 Test Num : 207
Inject into ../bin/hello
----- Type : 1_bit_1 Pos : PT_F40 -----
There are 1 faults will be injected in faulttable...
101381 microseconds
Fault on PT_F40(0X7f30d40bbee0 -> 0X80007f30d40bbee0)
22 microseconds
[2016-10-27 12:16:58]Process 22307 termed with signal 11(SIGSEGV)
PT_F40-1_bit_1-250 Test Num : 208
Inject into ../bin/hello
----- Type : 1_bit_1 Pos : PT_F40 -----
There are 1 faults will be injected in faulttable...
101152 microseconds
Fault on PT_F40(0X7f397f3a7ee0 -> 0X80007f397f3a7ee0)
13 microseconds
[2016-10-27 12:16:58]Process 22309 termed with signal 11(SIGSEGV)
PT_F40-1_bit_1-250 Test Num : 209
Inject into ../bin/hello
----- Type : 1_bit_1 Pos : PT_F40 -----
There are 1 faults will be injected in faulttable...
100260 microseconds
Fault on PT_F40(0X7f30d7ac0ee0 -> 0X80007f30d7ac0ee0)
11 microseconds
[2016-10-27 12:16:58]Process 22311 termed with signal 11(SIGSEGV)
PT_F40-1_bit_1-250 Test Num : 210
Inject into ../bin/hello
----- Type : 1_bit_1 Pos : PT_F40 -----
There are 1 faults will be injected in faulttable...
101129 microseconds
Fault on PT_F40(0X7fbf1d178ee0 -> 0Xffbf1d178ee0)
11 microseconds
[2016-10-27 12:16:59]Process 22313 termed with signal 11(SIGSEGV)
PT_F40-1_bit_1-250 Test Num : 211
Inject into ../bin/hello
----- Type : 1_bit_1 Pos : PT_F40 -----
There are 1 faults will be injected in faulttable...
100970 microseconds
Fault on PT_F40(0X7f7c092ccee0 -> 0Xff7c092ccee0)
14 microseconds
[2016-10-27 12:16:59]Process 22315 termed with signal 11(SIGSEGV)
PT_F40-1_bit_1-250 Test Num : 212
Inject into ../bin/hello
----- Type : 1_bit_1 Pos : PT_F40 -----
There are 1 faults will be injected in faulttable...
101068 microseconds
Fault on PT_F40(0X7f73aa352ee0 -> 0Xff73aa352ee0)
14 microseconds
[2016-10-27 12:16:59]Process 22317 termed with signal 11(SIGSEGV)
PT_F40-1_bit_1-250 Test Num : 213
Inject into ../bin/hello
----- Type : 1_bit_1 Pos : PT_F40 -----
There are 1 faults will be injected in faulttable...
101088 microseconds
Fault on PT_F40(0X7fbbb5589ee0 -> 0Xffbbb5589ee0)
13 microseconds
[2016-10-27 12:16:59]Process 22319 termed with signal 11(SIGSEGV)
PT_F40-1_bit_1-250 Test Num : 214
Inject into ../bin/hello
----- Type : 1_bit_1 Pos : PT_F40 -----
There are 1 faults will be injected in faulttable...
100071 microseconds
Fault on PT_F40(0X7f3b4c848ee0 -> 0Xff3b4c848ee0)
14 microseconds
[2016-10-27 12:16:59]Process 22321 termed with signal 11(SIGSEGV)
PT_F40-1_bit_1-250 Test Num : 215
Inject into ../bin/hello
----- Type : 1_bit_1 Pos : PT_F40 -----
There are 1 faults will be injected in faulttable...
100971 microseconds
Fault on PT_F40(0X7f93d96c2ee0 -> 0Xff93d96c2ee0)
12 microseconds
[2016-10-27 12:16:59]Process 22323 termed with signal 11(SIGSEGV)
PT_F40-1_bit_1-250 Test Num : 216
Inject into ../bin/hello
----- Type : 1_bit_1 Pos : PT_F40 -----
There are 1 faults will be injected in faulttable...
101015 microseconds
Fault on PT_F40(0X7fc2c0b44ee0 -> 0Xffc2c0b44ee0)
12 microseconds
[2016-10-27 12:16:59]Process 22325 termed with signal 11(SIGSEGV)
PT_F40-1_bit_1-250 Test Num : 217
Inject into ../bin/hello
----- Type : 1_bit_1 Pos : PT_F40 -----
There are 1 faults will be injected in faulttable...
101067 microseconds
Fault on PT_F40(0X7f6556d30ee0 -> 0Xff6556d30ee0)
13 microseconds
[2016-10-27 12:16:59]Process 22327 termed with signal 11(SIGSEGV)
PT_F40-1_bit_1-250 Test Num : 218
Inject into ../bin/hello
----- Type : 1_bit_1 Pos : PT_F40 -----
There are 1 faults will be injected in faulttable...
100978 microseconds
Fault on PT_F40(0X7f8d623c1ee0 -> 0Xff8d623c1ee0)
10 microseconds
[2016-10-27 12:16:59]Process 22329 termed with signal 11(SIGSEGV)
PT_F40-1_bit_1-250 Test Num : 219
Inject into ../bin/hello
----- Type : 1_bit_1 Pos : PT_F40 -----
There are 1 faults will be injected in faulttable...
100942 microseconds
Fault on PT_F40(0X7f42efcfdee0 -> 0X7f42efcfdee0)
3000070 microseconds
timeout
[ 2016-10-27 12:17:3]Process 22331 termed with signal 14(SIGALRM)
PT_F40-1_bit_1-250 Test Num : 220
Inject into ../bin/hello
----- Type : 1_bit_1 Pos : PT_F40 -----
There are 1 faults will be injected in faulttable...
100095 microseconds
Fault on PT_F40(0X7efebff4fee0 -> 0Xfefebff4fee0)
11 microseconds
[ 2016-10-27 12:17:3]Process 22333 termed with signal 11(SIGSEGV)
PT_F40-1_bit_1-250 Test Num : 221
Inject into ../bin/hello
----- Type : 1_bit_1 Pos : PT_F40 -----
There are 1 faults will be injected in faulttable...
101084 microseconds
Fault on PT_F40(0X7f3018e2dee0 -> 0Xff3018e2dee0)
13 microseconds
[ 2016-10-27 12:17:3]Process 22335 termed with signal 11(SIGSEGV)
PT_F40-1_bit_1-250 Test Num : 222
Inject into ../bin/hello
----- Type : 1_bit_1 Pos : PT_F40 -----
There are 1 faults will be injected in faulttable...
101173 microseconds
Fault on PT_F40(0X7f52e925fee0 -> 0Xff52e925fee0)
19 microseconds
[ 2016-10-27 12:17:3]Process 22337 termed with signal 11(SIGSEGV)
PT_F40-1_bit_1-250 Test Num : 223
Inject into ../bin/hello
----- Type : 1_bit_1 Pos : PT_F40 -----
There are 1 faults will be injected in faulttable...
101080 microseconds
Fault on PT_F40(0X7fa4e44d4ee0 -> 0Xffa4e44d4ee0)
20 microseconds
[ 2016-10-27 12:17:3]Process 22339 termed with signal 11(SIGSEGV)
PT_F40-1_bit_1-250 Test Num : 224
Inject into ../bin/hello
----- Type : 1_bit_1 Pos : PT_F40 -----
There are 1 faults will be injected in faulttable...
101113 microseconds
Fault on PT_F40(0X7fc6c4416ee0 -> 0Xffc6c4416ee0)
19 microseconds
[ 2016-10-27 12:17:3]Process 22341 termed with signal 11(SIGSEGV)
PT_F40-1_bit_1-250 Test Num : 225
Inject into ../bin/hello
----- Type : 1_bit_1 Pos : PT_F40 -----
There are 1 faults will be injected in faulttable...
101585 microseconds
Fault on PT_F40(0X7f196b42eee0 -> 0Xff196b42eee0)
20 microseconds
[ 2016-10-27 12:17:3]Process 22343 termed with signal 11(SIGSEGV)
PT_F40-1_bit_1-250 Test Num : 226
Inject into ../bin/hello
----- Type : 1_bit_1 Pos : PT_F40 -----
There are 1 faults will be injected in faulttable...
101145 microseconds
Fault on PT_F40(0X7f9191546ee0 -> 0Xff9191546ee0)
19 microseconds
[ 2016-10-27 12:17:3]Process 22345 termed with signal 11(SIGSEGV)
PT_F40-1_bit_1-250 Test Num : 227
Inject into ../bin/hello
----- Type : 1_bit_1 Pos : PT_F40 -----
There are 1 faults will be injected in faulttable...
101449 microseconds
Fault on PT_F40(0X7f51ad3cdee0 -> 0Xff51ad3cdee0)
18 microseconds
[ 2016-10-27 12:17:3]Process 22347 termed with signal 11(SIGSEGV)
PT_F40-1_bit_1-250 Test Num : 228
Inject into ../bin/hello
----- Type : 1_bit_1 Pos : PT_F40 -----
There are 1 faults will be injected in faulttable...
101557 microseconds
Fault on PT_F40(0X7fa4bceb2ee0 -> 0X40007fa4bceb2ee0)
11 microseconds
[ 2016-10-27 12:17:4]Process 22349 termed with signal 11(SIGSEGV)
PT_F40-1_bit_1-250 Test Num : 229
Inject into ../bin/hello
----- Type : 1_bit_1 Pos : PT_F40 -----
There are 1 faults will be injected in faulttable...
101063 microseconds
Fault on PT_F40(0X7f40b366eee0 -> 0X40007f40b366eee0)
18 microseconds
[ 2016-10-27 12:17:4]Process 22351 termed with signal 11(SIGSEGV)
PT_F40-1_bit_1-250 Test Num : 230
Inject into ../bin/hello
----- Type : 1_bit_1 Pos : PT_F40 -----
There are 1 faults will be injected in faulttable...
101783 microseconds
Fault on PT_F40(0X7f55b546eee0 -> 0X40007f55b546eee0)
15 microseconds
[ 2016-10-27 12:17:4]Process 22353 termed with signal 11(SIGSEGV)
PT_F40-1_bit_1-250 Test Num : 231
Inject into ../bin/hello
----- Type : 1_bit_1 Pos : PT_F40 -----
There are 1 faults will be injected in faulttable...
101127 microseconds
Fault on PT_F40(0X7fadd63baee0 -> 0X40007fadd63baee0)
15 microseconds
[ 2016-10-27 12:17:4]Process 22355 termed with signal 11(SIGSEGV)
PT_F40-1_bit_1-250 Test Num : 232
Inject into ../bin/hello
----- Type : 1_bit_1 Pos : PT_F40 -----
There are 1 faults will be injected in faulttable...
101120 microseconds
Fault on PT_F40(0X7fe34f35eee0 -> 0X40007fe34f35eee0)
14 microseconds
[ 2016-10-27 12:17:4]Process 22357 termed with signal 11(SIGSEGV)
PT_F40-1_bit_1-250 Test Num : 233
Inject into ../bin/hello
----- Type : 1_bit_1 Pos : PT_F40 -----
There are 1 faults will be injected in faulttable...
100133 microseconds
Fault on PT_F40(0X7f5c6e700ee0 -> 0X40007f5c6e700ee0)
18 microseconds
[ 2016-10-27 12:17:4]Process 22359 termed with signal 11(SIGSEGV)
PT_F40-1_bit_1-250 Test Num : 234
Inject into ../bin/hello
----- Type : 1_bit_1 Pos : PT_F40 -----
There are 1 faults will be injected in faulttable...
101104 microseconds
Fault on PT_F40(0X7fa1420bbee0 -> 0X40007fa1420bbee0)
19 microseconds
[ 2016-10-27 12:17:4]Process 22361 termed with signal 11(SIGSEGV)
PT_F40-1_bit_1-250 Test Num : 235
Inject into ../bin/hello
----- Type : 1_bit_1 Pos : PT_F40 -----
There are 1 faults will be injected in faulttable...
101053 microseconds
Fault on PT_F40(0X7f8271b94ee0 -> 0X40007f8271b94ee0)
10 microseconds
[ 2016-10-27 12:17:4]Process 22363 termed with signal 11(SIGSEGV)
PT_F40-1_bit_1-250 Test Num : 236
Inject into ../bin/hello
----- Type : 1_bit_1 Pos : PT_F40 -----
There are 1 faults will be injected in faulttable...
101073 microseconds
Fault on PT_F40(0X7fa341db4ee0 -> 0X40007fa341db4ee0)
15 microseconds
[ 2016-10-27 12:17:4]Process 22365 termed with signal 11(SIGSEGV)
PT_F40-1_bit_1-250 Test Num : 237
Inject into ../bin/hello
----- Type : 1_bit_1 Pos : PT_F40 -----
There are 1 faults will be injected in faulttable...
101365 microseconds
Fault on PT_F40(0X7fcb65329ee0 -> 0X40007fcb65329ee0)
22 microseconds
[ 2016-10-27 12:17:4]Process 22367 termed with signal 11(SIGSEGV)
PT_F40-1_bit_1-250 Test Num : 238
Inject into ../bin/hello
----- Type : 1_bit_1 Pos : PT_F40 -----
There are 1 faults will be injected in faulttable...
102126 microseconds
Fault on PT_F40(0X7f7885fb7ee0 -> 0X7f7885fb7ee0)
3000105 microseconds
timeout
[ 2016-10-27 12:17:8]Process 22369 termed with signal 14(SIGALRM)
PT_F40-1_bit_1-250 Test Num : 239
Inject into ../bin/hello
----- Type : 1_bit_1 Pos : PT_F40 -----
There are 1 faults will be injected in faulttable...
101038 microseconds
Fault on PT_F40(0X7f2ba5954ee0 -> 0X7f2ba5954ee0)
3000085 microseconds
timeout
[2016-10-27 12:17:11]Process 22371 termed with signal 14(SIGALRM)
PT_F40-1_bit_1-250 Test Num : 240
Inject into ../bin/hello
----- Type : 1_bit_1 Pos : PT_F40 -----
There are 1 faults will be injected in faulttable...
100866 microseconds
Fault on PT_F40(0X7f0aeaecaee0 -> 0X7f0aeaecaee4)
20 microseconds
[2016-10-27 12:17:11]Process 22373 termed with signal 4(SIGILL)
PT_F40-1_bit_1-250 Test Num : 241
Inject into ../bin/hello
----- Type : 1_bit_1 Pos : PT_F40 -----
There are 1 faults will be injected in faulttable...
101077 microseconds
Fault on PT_F40(0X7f2a07f52ee0 -> 0X7f2a07f52ee4)
20 microseconds
[2016-10-27 12:17:11]Process 22375 termed with signal 4(SIGILL)
PT_F40-1_bit_1-250 Test Num : 242
Inject into ../bin/hello
----- Type : 1_bit_1 Pos : PT_F40 -----
There are 1 faults will be injected in faulttable...
100945 microseconds
Fault on PT_F40(0X7fb045b6aee0 -> 0X7fb045b6aee4)
20 microseconds
[2016-10-27 12:17:11]Process 22377 termed with signal 4(SIGILL)
PT_F40-1_bit_1-250 Test Num : 243
Inject into ../bin/hello
----- Type : 1_bit_1 Pos : PT_F40 -----
There are 1 faults will be injected in faulttable...
100902 microseconds
Fault on PT_F40(0X7f3d4f06dee0 -> 0X7f3d4f06dee4)
27 microseconds
[2016-10-27 12:17:11]Process 22379 termed with signal 4(SIGILL)
PT_F40-1_bit_1-250 Test Num : 244
Inject into ../bin/hello
----- Type : 1_bit_1 Pos : PT_F40 -----
There are 1 faults will be injected in faulttable...
101289 microseconds
Fault on PT_F40(0X7f0ef98e9ee0 -> 0X7f0ef98e9ee4)
32 microseconds
[2016-10-27 12:17:11]Process 22381 termed with signal 4(SIGILL)
PT_F40-1_bit_1-250 Test Num : 245
Inject into ../bin/hello
----- Type : 1_bit_1 Pos : PT_F40 -----
There are 1 faults will be injected in faulttable...
100877 microseconds
Fault on PT_F40(0X7f5365952ee0 -> 0X7f5365952ee4)
21 microseconds
[2016-10-27 12:17:11]Process 22383 termed with signal 4(SIGILL)
PT_F40-1_bit_1-250 Test Num : 246
Inject into ../bin/hello
----- Type : 1_bit_1 Pos : PT_F40 -----
There are 1 faults will be injected in faulttable...
100995 microseconds
Fault on PT_F40(0X7fae35eeaee0 -> 0X7fae35eeaee4)
30 microseconds
[2016-10-27 12:17:11]Process 22385 termed with signal 4(SIGILL)
PT_F40-1_bit_1-250 Test Num : 247
Inject into ../bin/hello
----- Type : 1_bit_1 Pos : PT_F40 -----
There are 1 faults will be injected in faulttable...
101312 microseconds
Fault on PT_F40(0X7f3febe55ee0 -> 0X8007f3febe55ee0)
17 microseconds
[2016-10-27 12:17:12]Process 22387 termed with signal 11(SIGSEGV)
PT_F40-1_bit_1-250 Test Num : 248
Inject into ../bin/hello
----- Type : 1_bit_1 Pos : PT_F40 -----
There are 1 faults will be injected in faulttable...
101086 microseconds
Fault on PT_F40(0X7fa5f5f21ee0 -> 0X8007fa5f5f21ee0)
12 microseconds
[2016-10-27 12:17:12]Process 22389 termed with signal 11(SIGSEGV)
PT_F40-1_bit_1-250 Test Num : 249
Inject into ../bin/hello
----- Type : 1_bit_1 Pos : PT_F40 -----
There are 1 faults will be injected in faulttable...
101031 microseconds
Fault on PT_F40(0X7fb9d2fffee0 -> 0X8007fb9d2fffee0)
13 microseconds
[2016-10-27 12:17:12]Process 22391 termed with signal 11(SIGSEGV)
PT_F40-1_bit_1-250 Test Num : 250
Inject into ../bin/hello
----- Type : 1_bit_1 Pos : PT_F40 -----
There are 1 faults will be injected in faulttable...
101077 microseconds
Fault on PT_F40(0X7fa567d0cee0 -> 0X8007fa567d0cee0)
16 microseconds
[2016-10-27 12:17:12]Process 22393 termed with signal 11(SIGSEGV)
