PT_F40-plus_4-250 Test Num : 1
Inject into ../bin/hello
----- Type : plus_4 Pos : PT_F40 -----
There are 1 faults will be injected in faulttable...
100268 microseconds
Fault on PT_F40(0X7fd09d265ee0 -> 0X7fd09d265ee4)
24 microseconds
[ 2016-10-27 12:46:3]Process 26197 termed with signal 4(SIGILL)
PT_F40-plus_4-250 Test Num : 2
Inject into ../bin/hello
----- Type : plus_4 Pos : PT_F40 -----
There are 1 faults will be injected in faulttable...
100937 microseconds
Fault on PT_F40(0X7fc7b5d85ee0 -> 0X7fc7b5d85ee4)
31 microseconds
[ 2016-10-27 12:46:3]Process 26199 termed with signal 4(SIGILL)
PT_F40-plus_4-250 Test Num : 3
Inject into ../bin/hello
----- Type : plus_4 Pos : PT_F40 -----
There are 1 faults will be injected in faulttable...
101009 microseconds
Fault on PT_F40(0X7f9b11726ee0 -> 0X7f9b11726ee4)
22 microseconds
[ 2016-10-27 12:46:3]Process 26201 termed with signal 4(SIGILL)
PT_F40-plus_4-250 Test Num : 4
Inject into ../bin/hello
----- Type : plus_4 Pos : PT_F40 -----
There are 1 faults will be injected in faulttable...
100987 microseconds
Fault on PT_F40(0X7f6a79357ee0 -> 0X7f6a79357ee4)
29 microseconds
[ 2016-10-27 12:46:3]Process 26203 termed with signal 4(SIGILL)
PT_F40-plus_4-250 Test Num : 5
Inject into ../bin/hello
----- Type : plus_4 Pos : PT_F40 -----
There are 1 faults will be injected in faulttable...
100102 microseconds
Fault on PT_F40(0X7faa6431eee0 -> 0X7faa6431eee4)
29 microseconds
[ 2016-10-27 12:46:3]Process 26205 termed with signal 4(SIGILL)
PT_F40-plus_4-250 Test Num : 6
Inject into ../bin/hello
----- Type : plus_4 Pos : PT_F40 -----
There are 1 faults will be injected in faulttable...
101490 microseconds
Fault on PT_F40(0X7fc0d3a7bee0 -> 0X7fc0d3a7bee4)
43 microseconds
[ 2016-10-27 12:46:3]Process 26207 termed with signal 4(SIGILL)
PT_F40-plus_4-250 Test Num : 7
Inject into ../bin/hello
----- Type : plus_4 Pos : PT_F40 -----
There are 1 faults will be injected in faulttable...
101533 microseconds
Fault on PT_F40(0X7f6c5fcc4ee0 -> 0X7f6c5fcc4ee4)
23 microseconds
[ 2016-10-27 12:46:3]Process 26209 termed with signal 4(SIGILL)
PT_F40-plus_4-250 Test Num : 8
Inject into ../bin/hello
----- Type : plus_4 Pos : PT_F40 -----
There are 1 faults will be injected in faulttable...
101133 microseconds
Fault on PT_F40(0X7fe04efa4ee0 -> 0X7fe04efa4ee4)
21 microseconds
[ 2016-10-27 12:46:3]Process 26211 termed with signal 4(SIGILL)
PT_F40-plus_4-250 Test Num : 9
Inject into ../bin/hello
----- Type : plus_4 Pos : PT_F40 -----
There are 1 faults will be injected in faulttable...
101485 microseconds
Fault on PT_F40(0X7fac6b067ee0 -> 0X7fac6b067ee4)
26 microseconds
[ 2016-10-27 12:46:4]Process 26213 termed with signal 4(SIGILL)
PT_F40-plus_4-250 Test Num : 10
Inject into ../bin/hello
----- Type : plus_4 Pos : PT_F40 -----
There are 1 faults will be injected in faulttable...
101105 microseconds
Fault on PT_F40(0X7ff442d4cee0 -> 0X7ff442d4cee4)
22 microseconds
[ 2016-10-27 12:46:4]Process 26215 termed with signal 4(SIGILL)
PT_F40-plus_4-250 Test Num : 11
Inject into ../bin/hello
----- Type : plus_4 Pos : PT_F40 -----
There are 1 faults will be injected in faulttable...
101126 microseconds
Fault on PT_F40(0X7f8ab99c0ee0 -> 0X7f8ab99c0ee4)
30 microseconds
[ 2016-10-27 12:46:4]Process 26217 termed with signal 4(SIGILL)
PT_F40-plus_4-250 Test Num : 12
Inject into ../bin/hello
----- Type : plus_4 Pos : PT_F40 -----
There are 1 faults will be injected in faulttable...
101051 microseconds
Fault on PT_F40(0X7f5dc0cddee0 -> 0X7f5dc0cddee4)
19 microseconds
[ 2016-10-27 12:46:4]Process 26219 termed with signal 4(SIGILL)
PT_F40-plus_4-250 Test Num : 13
Inject into ../bin/hello
----- Type : plus_4 Pos : PT_F40 -----
There are 1 faults will be injected in faulttable...
100086 microseconds
Fault on PT_F40(0X7f5d6ea0bee0 -> 0X7f5d6ea0bee4)
35 microseconds
[ 2016-10-27 12:46:4]Process 26221 termed with signal 4(SIGILL)
PT_F40-plus_4-250 Test Num : 14
Inject into ../bin/hello
----- Type : plus_4 Pos : PT_F40 -----
There are 1 faults will be injected in faulttable...
101208 microseconds
Fault on PT_F40(0X7f238b933ee0 -> 0X7f238b933ee4)
22 microseconds
[ 2016-10-27 12:46:4]Process 26223 termed with signal 4(SIGILL)
PT_F40-plus_4-250 Test Num : 15
Inject into ../bin/hello
----- Type : plus_4 Pos : PT_F40 -----
There are 1 faults will be injected in faulttable...
100099 microseconds
Fault on PT_F40(0X7fc186f2eee0 -> 0X7fc186f2eee4)
34 microseconds
[ 2016-10-27 12:46:4]Process 26225 termed with signal 4(SIGILL)
PT_F40-plus_4-250 Test Num : 16
Inject into ../bin/hello
----- Type : plus_4 Pos : PT_F40 -----
There are 1 faults will be injected in faulttable...
101053 microseconds
Fault on PT_F40(0X7f435a32cee0 -> 0X7f435a32cee4)
29 microseconds
[ 2016-10-27 12:46:4]Process 26227 termed with signal 4(SIGILL)
PT_F40-plus_4-250 Test Num : 17
Inject into ../bin/hello
----- Type : plus_4 Pos : PT_F40 -----
There are 1 faults will be injected in faulttable...
101413 microseconds
Fault on PT_F40(0X7f73613f5ee0 -> 0X7f73613f5ee4)
28 microseconds
[ 2016-10-27 12:46:4]Process 26229 termed with signal 4(SIGILL)
PT_F40-plus_4-250 Test Num : 18
Inject into ../bin/hello
----- Type : plus_4 Pos : PT_F40 -----
There are 1 faults will be injected in faulttable...
101318 microseconds
Fault on PT_F40(0X7f7b286aeee0 -> 0X7f7b286aeee4)
23 microseconds
[ 2016-10-27 12:46:5]Process 26231 termed with signal 4(SIGILL)
PT_F40-plus_4-250 Test Num : 19
Inject into ../bin/hello
----- Type : plus_4 Pos : PT_F40 -----
There are 1 faults will be injected in faulttable...
100093 microseconds
Fault on PT_F40(0X7f2ad7c96ee0 -> 0X7f2ad7c96ee4)
25 microseconds
[ 2016-10-27 12:46:5]Process 26233 termed with signal 4(SIGILL)
PT_F40-plus_4-250 Test Num : 20
Inject into ../bin/hello
----- Type : plus_4 Pos : PT_F40 -----
There are 1 faults will be injected in faulttable...
101251 microseconds
Fault on PT_F40(0X7f233254fee0 -> 0X7f233254fee4)
21 microseconds
[ 2016-10-27 12:46:5]Process 26235 termed with signal 4(SIGILL)
PT_F40-plus_4-250 Test Num : 21
Inject into ../bin/hello
----- Type : plus_4 Pos : PT_F40 -----
There are 1 faults will be injected in faulttable...
101189 microseconds
Fault on PT_F40(0X7f1609b1eee0 -> 0X7f1609b1eee4)
21 microseconds
[ 2016-10-27 12:46:5]Process 26237 termed with signal 4(SIGILL)
PT_F40-plus_4-250 Test Num : 22
Inject into ../bin/hello
----- Type : plus_4 Pos : PT_F40 -----
There are 1 faults will be injected in faulttable...
101148 microseconds
Fault on PT_F40(0X7fbeefb55ee0 -> 0X7fbeefb55ee4)
33 microseconds
[ 2016-10-27 12:46:5]Process 26239 termed with signal 4(SIGILL)
PT_F40-plus_4-250 Test Num : 23
Inject into ../bin/hello
----- Type : plus_4 Pos : PT_F40 -----
There are 1 faults will be injected in faulttable...
100930 microseconds
Fault on PT_F40(0X7f1027c61ee0 -> 0X7f1027c61ee4)
19 microseconds
[ 2016-10-27 12:46:5]Process 26241 termed with signal 4(SIGILL)
PT_F40-plus_4-250 Test Num : 24
Inject into ../bin/hello
----- Type : plus_4 Pos : PT_F40 -----
There are 1 faults will be injected in faulttable...
101129 microseconds
Fault on PT_F40(0X7fc2093ceee0 -> 0X7fc2093ceee4)
52 microseconds
[ 2016-10-27 12:46:5]Process 26243 termed with signal 4(SIGILL)
PT_F40-plus_4-250 Test Num : 25
Inject into ../bin/hello
----- Type : plus_4 Pos : PT_F40 -----
There are 1 faults will be injected in faulttable...
101130 microseconds
Fault on PT_F40(0X7f5fc8ccaee0 -> 0X7f5fc8ccaee4)
21 microseconds
[ 2016-10-27 12:46:5]Process 26245 termed with signal 4(SIGILL)
PT_F40-plus_4-250 Test Num : 26
Inject into ../bin/hello
----- Type : plus_4 Pos : PT_F40 -----
There are 1 faults will be injected in faulttable...
101138 microseconds
Fault on PT_F40(0X7f0ccb7cfee0 -> 0X7f0ccb7cfee4)
29 microseconds
[ 2016-10-27 12:46:5]Process 26247 termed with signal 4(SIGILL)
PT_F40-plus_4-250 Test Num : 27
Inject into ../bin/hello
----- Type : plus_4 Pos : PT_F40 -----
There are 1 faults will be injected in faulttable...
100093 microseconds
Fault on PT_F40(0X7f6e68916ee0 -> 0X7f6e68916ee4)
35 microseconds
[ 2016-10-27 12:46:6]Process 26249 termed with signal 4(SIGILL)
PT_F40-plus_4-250 Test Num : 28
Inject into ../bin/hello
----- Type : plus_4 Pos : PT_F40 -----
There are 1 faults will be injected in faulttable...
101189 microseconds
Fault on PT_F40(0X7fd343c96ee0 -> 0X7fd343c96ee4)
29 microseconds
[ 2016-10-27 12:46:6]Process 26251 termed with signal 4(SIGILL)
PT_F40-plus_4-250 Test Num : 29
Inject into ../bin/hello
----- Type : plus_4 Pos : PT_F40 -----
There are 1 faults will be injected in faulttable...
101502 microseconds
Fault on PT_F40(0X7f2cab702ee0 -> 0X7f2cab702ee4)
31 microseconds
[ 2016-10-27 12:46:6]Process 26253 termed with signal 4(SIGILL)
PT_F40-plus_4-250 Test Num : 30
Inject into ../bin/hello
----- Type : plus_4 Pos : PT_F40 -----
There are 1 faults will be injected in faulttable...
100090 microseconds
Fault on PT_F40(0X7fde7c6bfee0 -> 0X7fde7c6bfee4)
24 microseconds
[ 2016-10-27 12:46:6]Process 26255 termed with signal 4(SIGILL)
PT_F40-plus_4-250 Test Num : 31
Inject into ../bin/hello
----- Type : plus_4 Pos : PT_F40 -----
There are 1 faults will be injected in faulttable...
101587 microseconds
Fault on PT_F40(0X7fdf55ef9ee0 -> 0X7fdf55ef9ee4)
20 microseconds
[ 2016-10-27 12:46:6]Process 26257 termed with signal 4(SIGILL)
PT_F40-plus_4-250 Test Num : 32
Inject into ../bin/hello
----- Type : plus_4 Pos : PT_F40 -----
There are 1 faults will be injected in faulttable...
101156 microseconds
Fault on PT_F40(0X7f2d8396bee0 -> 0X7f2d8396bee4)
27 microseconds
[ 2016-10-27 12:46:6]Process 26259 termed with signal 4(SIGILL)
PT_F40-plus_4-250 Test Num : 33
Inject into ../bin/hello
----- Type : plus_4 Pos : PT_F40 -----
There are 1 faults will be injected in faulttable...
101131 microseconds
Fault on PT_F40(0X7f1d6bc2aee0 -> 0X7f1d6bc2aee4)
23 microseconds
[ 2016-10-27 12:46:6]Process 26261 termed with signal 4(SIGILL)
PT_F40-plus_4-250 Test Num : 34
Inject into ../bin/hello
----- Type : plus_4 Pos : PT_F40 -----
There are 1 faults will be injected in faulttable...
101204 microseconds
Fault on PT_F40(0X7f86e8adeee0 -> 0X7f86e8adeee4)
25 microseconds
[ 2016-10-27 12:46:6]Process 26263 termed with signal 4(SIGILL)
PT_F40-plus_4-250 Test Num : 35
Inject into ../bin/hello
----- Type : plus_4 Pos : PT_F40 -----
There are 1 faults will be injected in faulttable...
101564 microseconds
Fault on PT_F40(0X7ff9a410cee0 -> 0X7ff9a410cee4)
118 microseconds
[ 2016-10-27 12:46:6]Process 26266 termed with signal 4(SIGILL)
PT_F40-plus_4-250 Test Num : 36
Inject into ../bin/hello
----- Type : plus_4 Pos : PT_F40 -----
There are 1 faults will be injected in faulttable...
101264 microseconds
Fault on PT_F40(0X7f5c96fd3ee0 -> 0X7f5c96fd3ee4)
31 microseconds
[ 2016-10-27 12:46:6]Process 26268 termed with signal 4(SIGILL)
PT_F40-plus_4-250 Test Num : 37
Inject into ../bin/hello
----- Type : plus_4 Pos : PT_F40 -----
There are 1 faults will be injected in faulttable...
101405 microseconds
Fault on PT_F40(0X7f9d823a4ee0 -> 0X7f9d823a4ee4)
31 microseconds
[ 2016-10-27 12:46:7]Process 26270 termed with signal 4(SIGILL)
PT_F40-plus_4-250 Test Num : 38
Inject into ../bin/hello
----- Type : plus_4 Pos : PT_F40 -----
There are 1 faults will be injected in faulttable...
101390 microseconds
Fault on PT_F40(0X7f7a93deeee0 -> 0X7f7a93deeee4)
35 microseconds
[ 2016-10-27 12:46:7]Process 26272 termed with signal 4(SIGILL)
PT_F40-plus_4-250 Test Num : 39
Inject into ../bin/hello
----- Type : plus_4 Pos : PT_F40 -----
There are 1 faults will be injected in faulttable...
101519 microseconds
Fault on PT_F40(0X7f8d772c2ee0 -> 0X7f8d772c2ee4)
27 microseconds
[ 2016-10-27 12:46:7]Process 26274 termed with signal 4(SIGILL)
PT_F40-plus_4-250 Test Num : 40
Inject into ../bin/hello
----- Type : plus_4 Pos : PT_F40 -----
There are 1 faults will be injected in faulttable...
101285 microseconds
Fault on PT_F40(0X7f5951d11ee0 -> 0X7f5951d11ee4)
20 microseconds
[ 2016-10-27 12:46:7]Process 26276 termed with signal 4(SIGILL)
PT_F40-plus_4-250 Test Num : 41
Inject into ../bin/hello
----- Type : plus_4 Pos : PT_F40 -----
There are 1 faults will be injected in faulttable...
101146 microseconds
Fault on PT_F40(0X7f2e73695ee0 -> 0X7f2e73695ee4)
22 microseconds
[ 2016-10-27 12:46:7]Process 26278 termed with signal 4(SIGILL)
PT_F40-plus_4-250 Test Num : 42
Inject into ../bin/hello
----- Type : plus_4 Pos : PT_F40 -----
There are 1 faults will be injected in faulttable...
101015 microseconds
Fault on PT_F40(0X7f1f7bf0dee0 -> 0X7f1f7bf0dee4)
22 microseconds
[ 2016-10-27 12:46:7]Process 26280 termed with signal 4(SIGILL)
PT_F40-plus_4-250 Test Num : 43
Inject into ../bin/hello
----- Type : plus_4 Pos : PT_F40 -----
There are 1 faults will be injected in faulttable...
101028 microseconds
Fault on PT_F40(0X7f468b32cee0 -> 0X7f468b32cee4)
22 microseconds
[ 2016-10-27 12:46:7]Process 26282 termed with signal 4(SIGILL)
PT_F40-plus_4-250 Test Num : 44
Inject into ../bin/hello
----- Type : plus_4 Pos : PT_F40 -----
There are 1 faults will be injected in faulttable...
101105 microseconds
Fault on PT_F40(0X7fc0390a3ee0 -> 0X7fc0390a3ee4)
29 microseconds
[ 2016-10-27 12:46:7]Process 26284 termed with signal 4(SIGILL)
PT_F40-plus_4-250 Test Num : 45
Inject into ../bin/hello
----- Type : plus_4 Pos : PT_F40 -----
There are 1 faults will be injected in faulttable...
101156 microseconds
Fault on PT_F40(0X7f76771d4ee0 -> 0X7f76771d4ee4)
26 microseconds
[ 2016-10-27 12:46:7]Process 26286 termed with signal 4(SIGILL)
PT_F40-plus_4-250 Test Num : 46
Inject into ../bin/hello
----- Type : plus_4 Pos : PT_F40 -----
There are 1 faults will be injected in faulttable...
101399 microseconds
Fault on PT_F40(0X7f74d9bbaee0 -> 0X7f74d9bbaee4)
21 microseconds
[ 2016-10-27 12:46:8]Process 26288 termed with signal 4(SIGILL)
PT_F40-plus_4-250 Test Num : 47
Inject into ../bin/hello
----- Type : plus_4 Pos : PT_F40 -----
There are 1 faults will be injected in faulttable...
101096 microseconds
Fault on PT_F40(0X7ff9ef37dee0 -> 0X7ff9ef37dee4)
22 microseconds
[ 2016-10-27 12:46:8]Process 26290 termed with signal 4(SIGILL)
PT_F40-plus_4-250 Test Num : 48
Inject into ../bin/hello
----- Type : plus_4 Pos : PT_F40 -----
There are 1 faults will be injected in faulttable...
101164 microseconds
Fault on PT_F40(0X7fde90c35ee0 -> 0X7fde90c35ee4)
32 microseconds
[ 2016-10-27 12:46:8]Process 26292 termed with signal 4(SIGILL)
PT_F40-plus_4-250 Test Num : 49
Inject into ../bin/hello
----- Type : plus_4 Pos : PT_F40 -----
There are 1 faults will be injected in faulttable...
100096 microseconds
Fault on PT_F40(0X7f8d5c8e4ee0 -> 0X7f8d5c8e4ee4)
27 microseconds
[ 2016-10-27 12:46:8]Process 26294 termed with signal 4(SIGILL)
PT_F40-plus_4-250 Test Num : 50
Inject into ../bin/hello
----- Type : plus_4 Pos : PT_F40 -----
There are 1 faults will be injected in faulttable...
100079 microseconds
Fault on PT_F40(0X7f4aa28eaee0 -> 0X7f4aa28eaee4)
32 microseconds
[ 2016-10-27 12:46:8]Process 26296 termed with signal 4(SIGILL)
PT_F40-plus_4-250 Test Num : 51
Inject into ../bin/hello
----- Type : plus_4 Pos : PT_F40 -----
There are 1 faults will be injected in faulttable...
100219 microseconds
Fault on PT_F40(0X7f7a4c06cee0 -> 0X7f7a4c06cee4)
25 microseconds
[ 2016-10-27 12:46:8]Process 26298 termed with signal 4(SIGILL)
PT_F40-plus_4-250 Test Num : 52
Inject into ../bin/hello
----- Type : plus_4 Pos : PT_F40 -----
There are 1 faults will be injected in faulttable...
101292 microseconds
Fault on PT_F40(0X7fdf55051ee0 -> 0X7fdf55051ee4)
28 microseconds
[ 2016-10-27 12:46:8]Process 26300 termed with signal 4(SIGILL)
PT_F40-plus_4-250 Test Num : 53
Inject into ../bin/hello
----- Type : plus_4 Pos : PT_F40 -----
There are 1 faults will be injected in faulttable...
101293 microseconds
Fault on PT_F40(0X7f15ec629ee0 -> 0X7f15ec629ee4)
22 microseconds
[ 2016-10-27 12:46:8]Process 26302 termed with signal 4(SIGILL)
PT_F40-plus_4-250 Test Num : 54
Inject into ../bin/hello
----- Type : plus_4 Pos : PT_F40 -----
There are 1 faults will be injected in faulttable...
100996 microseconds
Fault on PT_F40(0X7f9c22bffee0 -> 0X7f9c22bffee4)
34 microseconds
[ 2016-10-27 12:46:8]Process 26304 termed with signal 4(SIGILL)
PT_F40-plus_4-250 Test Num : 55
Inject into ../bin/hello
----- Type : plus_4 Pos : PT_F40 -----
There are 1 faults will be injected in faulttable...
101396 microseconds
Fault on PT_F40(0X7fd262f3bee0 -> 0X7fd262f3bee4)
51 microseconds
[ 2016-10-27 12:46:9]Process 26306 termed with signal 4(SIGILL)
PT_F40-plus_4-250 Test Num : 56
Inject into ../bin/hello
----- Type : plus_4 Pos : PT_F40 -----
There are 1 faults will be injected in faulttable...
101370 microseconds
Fault on PT_F40(0X7f734be34ee0 -> 0X7f734be34ee4)
32 microseconds
[ 2016-10-27 12:46:9]Process 26308 termed with signal 4(SIGILL)
PT_F40-plus_4-250 Test Num : 57
Inject into ../bin/hello
----- Type : plus_4 Pos : PT_F40 -----
There are 1 faults will be injected in faulttable...
101801 microseconds
Fault on PT_F40(0X7fa5981d7ee0 -> 0X7fa5981d7ee4)
21 microseconds
[ 2016-10-27 12:46:9]Process 26310 termed with signal 4(SIGILL)
PT_F40-plus_4-250 Test Num : 58
Inject into ../bin/hello
----- Type : plus_4 Pos : PT_F40 -----
There are 1 faults will be injected in faulttable...
101165 microseconds
Fault on PT_F40(0X7f261bbedee0 -> 0X7f261bbedee4)
31 microseconds
[ 2016-10-27 12:46:9]Process 26312 termed with signal 4(SIGILL)
PT_F40-plus_4-250 Test Num : 59
Inject into ../bin/hello
----- Type : plus_4 Pos : PT_F40 -----
There are 1 faults will be injected in faulttable...
101307 microseconds
Fault on PT_F40(0X7f03073b7ee0 -> 0X7f03073b7ee4)
25 microseconds
[ 2016-10-27 12:46:9]Process 26314 termed with signal 4(SIGILL)
PT_F40-plus_4-250 Test Num : 60
Inject into ../bin/hello
----- Type : plus_4 Pos : PT_F40 -----
There are 1 faults will be injected in faulttable...
101060 microseconds
Fault on PT_F40(0X7fd01f846ee0 -> 0X7fd01f846ee4)
27 microseconds
[ 2016-10-27 12:46:9]Process 26316 termed with signal 4(SIGILL)
PT_F40-plus_4-250 Test Num : 61
Inject into ../bin/hello
----- Type : plus_4 Pos : PT_F40 -----
There are 1 faults will be injected in faulttable...
101068 microseconds
Fault on PT_F40(0X7fd1b309dee0 -> 0X7fd1b309dee4)
26 microseconds
[ 2016-10-27 12:46:9]Process 26318 termed with signal 4(SIGILL)
PT_F40-plus_4-250 Test Num : 62
Inject into ../bin/hello
----- Type : plus_4 Pos : PT_F40 -----
There are 1 faults will be injected in faulttable...
101129 microseconds
Fault on PT_F40(0X7f0f482faee0 -> 0X7f0f482faee4)
20 microseconds
[ 2016-10-27 12:46:9]Process 26320 termed with signal 4(SIGILL)
PT_F40-plus_4-250 Test Num : 63
Inject into ../bin/hello
----- Type : plus_4 Pos : PT_F40 -----
There are 1 faults will be injected in faulttable...
101037 microseconds
Fault on PT_F40(0X7f6c914b0ee0 -> 0X7f6c914b0ee4)
80 microseconds
[ 2016-10-27 12:46:9]Process 26323 termed with signal 4(SIGILL)
PT_F40-plus_4-250 Test Num : 64
Inject into ../bin/hello
----- Type : plus_4 Pos : PT_F40 -----
There are 1 faults will be injected in faulttable...
101482 microseconds
Fault on PT_F40(0X7f2c55f4aee0 -> 0X7f2c55f4aee4)
30 microseconds
[2016-10-27 12:46:10]Process 26325 termed with signal 4(SIGILL)
PT_F40-plus_4-250 Test Num : 65
Inject into ../bin/hello
----- Type : plus_4 Pos : PT_F40 -----
There are 1 faults will be injected in faulttable...
101698 microseconds
Fault on PT_F40(0X7f6c98c27ee0 -> 0X7f6c98c27ee4)
25 microseconds
[2016-10-27 12:46:10]Process 26327 termed with signal 4(SIGILL)
PT_F40-plus_4-250 Test Num : 66
Inject into ../bin/hello
----- Type : plus_4 Pos : PT_F40 -----
There are 1 faults will be injected in faulttable...
100914 microseconds
Fault on PT_F40(0X7f8657a7aee0 -> 0X7f8657a7aee4)
21 microseconds
[2016-10-27 12:46:10]Process 26330 termed with signal 4(SIGILL)
PT_F40-plus_4-250 Test Num : 67
Inject into ../bin/hello
----- Type : plus_4 Pos : PT_F40 -----
There are 1 faults will be injected in faulttable...
100101 microseconds
Fault on PT_F40(0X7fd886128ee0 -> 0X7fd886128ee4)
25 microseconds
[2016-10-27 12:46:10]Process 26332 termed with signal 4(SIGILL)
PT_F40-plus_4-250 Test Num : 68
Inject into ../bin/hello
----- Type : plus_4 Pos : PT_F40 -----
There are 1 faults will be injected in faulttable...
101343 microseconds
Fault on PT_F40(0X7f1e733acee0 -> 0X7f1e733acee4)
26 microseconds
[2016-10-27 12:46:10]Process 26334 termed with signal 4(SIGILL)
PT_F40-plus_4-250 Test Num : 69
Inject into ../bin/hello
----- Type : plus_4 Pos : PT_F40 -----
There are 1 faults will be injected in faulttable...
101120 microseconds
Fault on PT_F40(0X7fc4ceafdee0 -> 0X7fc4ceafdee4)
27 microseconds
[2016-10-27 12:46:10]Process 26336 termed with signal 4(SIGILL)
PT_F40-plus_4-250 Test Num : 70
Inject into ../bin/hello
----- Type : plus_4 Pos : PT_F40 -----
There are 1 faults will be injected in faulttable...
100114 microseconds
Fault on PT_F40(0X7fe706cd2ee0 -> 0X7fe706cd2ee4)
29 microseconds
[2016-10-27 12:46:10]Process 26338 termed with signal 4(SIGILL)
PT_F40-plus_4-250 Test Num : 71
Inject into ../bin/hello
----- Type : plus_4 Pos : PT_F40 -----
There are 1 faults will be injected in faulttable...
100088 microseconds
Fault on PT_F40(0X7f6c7c3bbee0 -> 0X7f6c7c3bbee4)
20 microseconds
[2016-10-27 12:46:10]Process 26340 termed with signal 4(SIGILL)
PT_F40-plus_4-250 Test Num : 72
Inject into ../bin/hello
----- Type : plus_4 Pos : PT_F40 -----
There are 1 faults will be injected in faulttable...
101135 microseconds
Fault on PT_F40(0X7f805e60dee0 -> 0X7f805e60dee4)
28 microseconds
[2016-10-27 12:46:10]Process 26342 termed with signal 4(SIGILL)
PT_F40-plus_4-250 Test Num : 73
Inject into ../bin/hello
----- Type : plus_4 Pos : PT_F40 -----
There are 1 faults will be injected in faulttable...
101012 microseconds
Fault on PT_F40(0X7f775ff8cee0 -> 0X7f775ff8cee4)
27 microseconds
[2016-10-27 12:46:11]Process 26345 termed with signal 4(SIGILL)
PT_F40-plus_4-250 Test Num : 74
Inject into ../bin/hello
----- Type : plus_4 Pos : PT_F40 -----
There are 1 faults will be injected in faulttable...
101061 microseconds
Fault on PT_F40(0X7fd351586ee0 -> 0X7fd351586ee4)
21 microseconds
[2016-10-27 12:46:11]Process 26347 termed with signal 4(SIGILL)
PT_F40-plus_4-250 Test Num : 75
Inject into ../bin/hello
----- Type : plus_4 Pos : PT_F40 -----
There are 1 faults will be injected in faulttable...
101053 microseconds
Fault on PT_F40(0X7fea58a28ee0 -> 0X7fea58a28ee4)
28 microseconds
[2016-10-27 12:46:11]Process 26349 termed with signal 4(SIGILL)
PT_F40-plus_4-250 Test Num : 76
Inject into ../bin/hello
----- Type : plus_4 Pos : PT_F40 -----
There are 1 faults will be injected in faulttable...
101073 microseconds
Fault on PT_F40(0X7f62d4746ee0 -> 0X7f62d4746ee4)
20 microseconds
[2016-10-27 12:46:11]Process 26351 termed with signal 4(SIGILL)
PT_F40-plus_4-250 Test Num : 77
Inject into ../bin/hello
----- Type : plus_4 Pos : PT_F40 -----
There are 1 faults will be injected in faulttable...
101028 microseconds
Fault on PT_F40(0X7ffa239e1ee0 -> 0X7ffa239e1ee4)
28 microseconds
[2016-10-27 12:46:11]Process 26353 termed with signal 4(SIGILL)
PT_F40-plus_4-250 Test Num : 78
Inject into ../bin/hello
----- Type : plus_4 Pos : PT_F40 -----
There are 1 faults will be injected in faulttable...
101181 microseconds
Fault on PT_F40(0X7fbfe8ca7ee0 -> 0X7fbfe8ca7ee4)
24 microseconds
[2016-10-27 12:46:11]Process 26355 termed with signal 4(SIGILL)
PT_F40-plus_4-250 Test Num : 79
Inject into ../bin/hello
----- Type : plus_4 Pos : PT_F40 -----
There are 1 faults will be injected in faulttable...
101529 microseconds
Fault on PT_F40(0X7fbeb5582ee0 -> 0X7fbeb5582ee4)
25 microseconds
[2016-10-27 12:46:11]Process 26358 termed with signal 4(SIGILL)
PT_F40-plus_4-250 Test Num : 80
Inject into ../bin/hello
----- Type : plus_4 Pos : PT_F40 -----
There are 1 faults will be injected in faulttable...
101048 microseconds
Fault on PT_F40(0X7f473b3d7ee0 -> 0X7f473b3d7ee4)
20 microseconds
[2016-10-27 12:46:11]Process 26360 termed with signal 4(SIGILL)
PT_F40-plus_4-250 Test Num : 81
Inject into ../bin/hello
----- Type : plus_4 Pos : PT_F40 -----
There are 1 faults will be injected in faulttable...
101053 microseconds
Fault on PT_F40(0X7f5ea673cee0 -> 0X7f5ea673cee4)
32 microseconds
[2016-10-27 12:46:11]Process 26362 termed with signal 4(SIGILL)
PT_F40-plus_4-250 Test Num : 82
Inject into ../bin/hello
----- Type : plus_4 Pos : PT_F40 -----
There are 1 faults will be injected in faulttable...
101347 microseconds
Fault on PT_F40(0X7fe5da1b8ee0 -> 0X7fe5da1b8ee4)
27 microseconds
[2016-10-27 12:46:12]Process 26364 termed with signal 4(SIGILL)
PT_F40-plus_4-250 Test Num : 83
Inject into ../bin/hello
----- Type : plus_4 Pos : PT_F40 -----
There are 1 faults will be injected in faulttable...
101055 microseconds
Fault on PT_F40(0X7f6438894ee0 -> 0X7f6438894ee4)
29 microseconds
[2016-10-27 12:46:12]Process 26366 termed with signal 4(SIGILL)
PT_F40-plus_4-250 Test Num : 84
Inject into ../bin/hello
----- Type : plus_4 Pos : PT_F40 -----
There are 1 faults will be injected in faulttable...
101260 microseconds
Fault on PT_F40(0X7f8a1519aee0 -> 0X7f8a1519aee4)
20 microseconds
[2016-10-27 12:46:12]Process 26368 termed with signal 4(SIGILL)
PT_F40-plus_4-250 Test Num : 85
Inject into ../bin/hello
----- Type : plus_4 Pos : PT_F40 -----
There are 1 faults will be injected in faulttable...
101204 microseconds
Fault on PT_F40(0X7fe0e67d6ee0 -> 0X7fe0e67d6ee4)
18 microseconds
[2016-10-27 12:46:12]Process 26370 termed with signal 4(SIGILL)
PT_F40-plus_4-250 Test Num : 86
Inject into ../bin/hello
----- Type : plus_4 Pos : PT_F40 -----
There are 1 faults will be injected in faulttable...
100962 microseconds
Fault on PT_F40(0X7f0b900daee0 -> 0X7f0b900daee4)
22 microseconds
[2016-10-27 12:46:12]Process 26372 termed with signal 4(SIGILL)
PT_F40-plus_4-250 Test Num : 87
Inject into ../bin/hello
----- Type : plus_4 Pos : PT_F40 -----
There are 1 faults will be injected in faulttable...
100080 microseconds
Fault on PT_F40(0X7f473fd27ee0 -> 0X7f473fd27ee4)
32 microseconds
[2016-10-27 12:46:12]Process 26374 termed with signal 4(SIGILL)
PT_F40-plus_4-250 Test Num : 88
Inject into ../bin/hello
----- Type : plus_4 Pos : PT_F40 -----
There are 1 faults will be injected in faulttable...
101057 microseconds
Fault on PT_F40(0X7fc37767aee0 -> 0X7fc37767aee4)
30 microseconds
[2016-10-27 12:46:12]Process 26376 termed with signal 4(SIGILL)
PT_F40-plus_4-250 Test Num : 89
Inject into ../bin/hello
----- Type : plus_4 Pos : PT_F40 -----
There are 1 faults will be injected in faulttable...
100128 microseconds
Fault on PT_F40(0X7fa0a6745ee0 -> 0X7fa0a6745ee4)
31 microseconds
[2016-10-27 12:46:12]Process 26378 termed with signal 4(SIGILL)
PT_F40-plus_4-250 Test Num : 90
Inject into ../bin/hello
----- Type : plus_4 Pos : PT_F40 -----
There are 1 faults will be injected in faulttable...
100069 microseconds
Fault on PT_F40(0X7f9a3d47eee0 -> 0X7f9a3d47eee4)
20 microseconds
[2016-10-27 12:46:12]Process 26380 termed with signal 4(SIGILL)
PT_F40-plus_4-250 Test Num : 91
Inject into ../bin/hello
----- Type : plus_4 Pos : PT_F40 -----
There are 1 faults will be injected in faulttable...
101631 microseconds
Fault on PT_F40(0X7fa757aa0ee0 -> 0X7fa757aa0ee4)
28 microseconds
[2016-10-27 12:46:13]Process 26382 termed with signal 4(SIGILL)
PT_F40-plus_4-250 Test Num : 92
Inject into ../bin/hello
----- Type : plus_4 Pos : PT_F40 -----
There are 1 faults will be injected in faulttable...
101266 microseconds
Fault on PT_F40(0X7fb60b7ccee0 -> 0X7fb60b7ccee4)
34 microseconds
[2016-10-27 12:46:13]Process 26384 termed with signal 4(SIGILL)
PT_F40-plus_4-250 Test Num : 93
Inject into ../bin/hello
----- Type : plus_4 Pos : PT_F40 -----
There are 1 faults will be injected in faulttable...
101253 microseconds
Fault on PT_F40(0X7f1cb804cee0 -> 0X7f1cb804cee4)
25 microseconds
[2016-10-27 12:46:13]Process 26386 termed with signal 4(SIGILL)
PT_F40-plus_4-250 Test Num : 94
Inject into ../bin/hello
----- Type : plus_4 Pos : PT_F40 -----
There are 1 faults will be injected in faulttable...
100191 microseconds
Fault on PT_F40(0X7f2e01877ee0 -> 0X7f2e01877ee4)
31 microseconds
[2016-10-27 12:46:13]Process 26388 termed with signal 4(SIGILL)
PT_F40-plus_4-250 Test Num : 95
Inject into ../bin/hello
----- Type : plus_4 Pos : PT_F40 -----
There are 1 faults will be injected in faulttable...
100141 microseconds
Fault on PT_F40(0X7f4cb5e2bee0 -> 0X7f4cb5e2bee4)
26 microseconds
[2016-10-27 12:46:13]Process 26390 termed with signal 4(SIGILL)
PT_F40-plus_4-250 Test Num : 96
Inject into ../bin/hello
----- Type : plus_4 Pos : PT_F40 -----
There are 1 faults will be injected in faulttable...
101366 microseconds
Fault on PT_F40(0X7f2f59121ee0 -> 0X7f2f59121ee4)
31 microseconds
[2016-10-27 12:46:13]Process 26392 termed with signal 4(SIGILL)
PT_F40-plus_4-250 Test Num : 97
Inject into ../bin/hello
----- Type : plus_4 Pos : PT_F40 -----
There are 1 faults will be injected in faulttable...
101563 microseconds
Fault on PT_F40(0X7fd5a7e16ee0 -> 0X7fd5a7e16ee4)
25 microseconds
[2016-10-27 12:46:13]Process 26394 termed with signal 4(SIGILL)
PT_F40-plus_4-250 Test Num : 98
Inject into ../bin/hello
----- Type : plus_4 Pos : PT_F40 -----
There are 1 faults will be injected in faulttable...
101133 microseconds
Fault on PT_F40(0X7fdac22dfee0 -> 0X7fdac22dfee4)
21 microseconds
[2016-10-27 12:46:13]Process 26396 termed with signal 4(SIGILL)
PT_F40-plus_4-250 Test Num : 99
Inject into ../bin/hello
----- Type : plus_4 Pos : PT_F40 -----
There are 1 faults will be injected in faulttable...
101034 microseconds
Fault on PT_F40(0X7f335c59cee0 -> 0X7f335c59cee4)
22 microseconds
[2016-10-27 12:46:13]Process 26398 termed with signal 4(SIGILL)
PT_F40-plus_4-250 Test Num : 100
Inject into ../bin/hello
----- Type : plus_4 Pos : PT_F40 -----
There are 1 faults will be injected in faulttable...
101154 microseconds
Fault on PT_F40(0X7f90c7322ee0 -> 0X7f90c7322ee4)
22 microseconds
[2016-10-27 12:46:14]Process 26400 termed with signal 4(SIGILL)
PT_F40-plus_4-250 Test Num : 101
Inject into ../bin/hello
----- Type : plus_4 Pos : PT_F40 -----
There are 1 faults will be injected in faulttable...
101091 microseconds
Fault on PT_F40(0X7f9b7ef51ee0 -> 0X7f9b7ef51ee4)
20 microseconds
[2016-10-27 12:46:14]Process 26402 termed with signal 4(SIGILL)
PT_F40-plus_4-250 Test Num : 102
Inject into ../bin/hello
----- Type : plus_4 Pos : PT_F40 -----
There are 1 faults will be injected in faulttable...
101024 microseconds
Fault on PT_F40(0X7ff8a964aee0 -> 0X7ff8a964aee4)
21 microseconds
[2016-10-27 12:46:14]Process 26404 termed with signal 4(SIGILL)
PT_F40-plus_4-250 Test Num : 103
Inject into ../bin/hello
----- Type : plus_4 Pos : PT_F40 -----
There are 1 faults will be injected in faulttable...
101037 microseconds
Fault on PT_F40(0X7f48840b1ee0 -> 0X7f48840b1ee4)
21 microseconds
[2016-10-27 12:46:14]Process 26406 termed with signal 4(SIGILL)
PT_F40-plus_4-250 Test Num : 104
Inject into ../bin/hello
----- Type : plus_4 Pos : PT_F40 -----
There are 1 faults will be injected in faulttable...
101348 microseconds
Fault on PT_F40(0X7f0830de8ee0 -> 0X7f0830de8ee4)
21 microseconds
[2016-10-27 12:46:14]Process 26408 termed with signal 4(SIGILL)
PT_F40-plus_4-250 Test Num : 105
Inject into ../bin/hello
----- Type : plus_4 Pos : PT_F40 -----
There are 1 faults will be injected in faulttable...
101059 microseconds
Fault on PT_F40(0X7f8f3c2e2ee0 -> 0X7f8f3c2e2ee4)
21 microseconds
[2016-10-27 12:46:14]Process 26410 termed with signal 4(SIGILL)
PT_F40-plus_4-250 Test Num : 106
Inject into ../bin/hello
----- Type : plus_4 Pos : PT_F40 -----
There are 1 faults will be injected in faulttable...
101001 microseconds
Fault on PT_F40(0X7fdb73de1ee0 -> 0X7fdb73de1ee4)
19 microseconds
[2016-10-27 12:46:14]Process 26412 termed with signal 4(SIGILL)
PT_F40-plus_4-250 Test Num : 107
Inject into ../bin/hello
----- Type : plus_4 Pos : PT_F40 -----
There are 1 faults will be injected in faulttable...
100964 microseconds
Fault on PT_F40(0X7f2496bf3ee0 -> 0X7f2496bf3ee4)
18 microseconds
[2016-10-27 12:46:14]Process 26415 termed with signal 4(SIGILL)
PT_F40-plus_4-250 Test Num : 108
Inject into ../bin/hello
----- Type : plus_4 Pos : PT_F40 -----
There are 1 faults will be injected in faulttable...
101029 microseconds
Fault on PT_F40(0X7f36de772ee0 -> 0X7f36de772ee4)
21 microseconds
[2016-10-27 12:46:14]Process 26417 termed with signal 4(SIGILL)
PT_F40-plus_4-250 Test Num : 109
Inject into ../bin/hello
----- Type : plus_4 Pos : PT_F40 -----
There are 1 faults will be injected in faulttable...
101124 microseconds
Fault on PT_F40(0X7f1130fb6ee0 -> 0X7f1130fb6ee4)
30 microseconds
[2016-10-27 12:46:14]Process 26419 termed with signal 4(SIGILL)
PT_F40-plus_4-250 Test Num : 110
Inject into ../bin/hello
----- Type : plus_4 Pos : PT_F40 -----
There are 1 faults will be injected in faulttable...
101039 microseconds
Fault on PT_F40(0X7fdfe7ea7ee0 -> 0X7fdfe7ea7ee4)
27 microseconds
[2016-10-27 12:46:15]Process 26421 termed with signal 4(SIGILL)
PT_F40-plus_4-250 Test Num : 111
Inject into ../bin/hello
----- Type : plus_4 Pos : PT_F40 -----
There are 1 faults will be injected in faulttable...
100957 microseconds
Fault on PT_F40(0X7f397f40eee0 -> 0X7f397f40eee4)
19 microseconds
[2016-10-27 12:46:15]Process 26423 termed with signal 4(SIGILL)
PT_F40-plus_4-250 Test Num : 112
Inject into ../bin/hello
----- Type : plus_4 Pos : PT_F40 -----
There are 1 faults will be injected in faulttable...
101052 microseconds
Fault on PT_F40(0X7f9f4d156ee0 -> 0X7f9f4d156ee4)
23 microseconds
[2016-10-27 12:46:15]Process 26425 termed with signal 4(SIGILL)
PT_F40-plus_4-250 Test Num : 113
Inject into ../bin/hello
----- Type : plus_4 Pos : PT_F40 -----
There are 1 faults will be injected in faulttable...
101097 microseconds
Fault on PT_F40(0X7fc7b970eee0 -> 0X7fc7b970eee4)
27 microseconds
[2016-10-27 12:46:15]Process 26427 termed with signal 4(SIGILL)
PT_F40-plus_4-250 Test Num : 114
Inject into ../bin/hello
----- Type : plus_4 Pos : PT_F40 -----
There are 1 faults will be injected in faulttable...
101006 microseconds
Fault on PT_F40(0X7fbb07a2fee0 -> 0X7fbb07a2fee4)
28 microseconds
[2016-10-27 12:46:15]Process 26429 termed with signal 4(SIGILL)
PT_F40-plus_4-250 Test Num : 115
Inject into ../bin/hello
----- Type : plus_4 Pos : PT_F40 -----
There are 1 faults will be injected in faulttable...
100995 microseconds
Fault on PT_F40(0X7fb2d9e68ee0 -> 0X7fb2d9e68ee4)
22 microseconds
[2016-10-27 12:46:15]Process 26431 termed with signal 4(SIGILL)
PT_F40-plus_4-250 Test Num : 116
Inject into ../bin/hello
----- Type : plus_4 Pos : PT_F40 -----
There are 1 faults will be injected in faulttable...
101073 microseconds
Fault on PT_F40(0X7ff47cbc7ee0 -> 0X7ff47cbc7ee4)
20 microseconds
[2016-10-27 12:46:15]Process 26433 termed with signal 4(SIGILL)
PT_F40-plus_4-250 Test Num : 117
Inject into ../bin/hello
----- Type : plus_4 Pos : PT_F40 -----
There are 1 faults will be injected in faulttable...
101005 microseconds
Fault on PT_F40(0X7f355262fee0 -> 0X7f355262fee4)
19 microseconds
[2016-10-27 12:46:15]Process 26435 termed with signal 4(SIGILL)
PT_F40-plus_4-250 Test Num : 118
Inject into ../bin/hello
----- Type : plus_4 Pos : PT_F40 -----
There are 1 faults will be injected in faulttable...
101018 microseconds
Fault on PT_F40(0X7f7bdf27dee0 -> 0X7f7bdf27dee4)
35 microseconds
[2016-10-27 12:46:15]Process 26437 termed with signal 4(SIGILL)
PT_F40-plus_4-250 Test Num : 119
Inject into ../bin/hello
----- Type : plus_4 Pos : PT_F40 -----
There are 1 faults will be injected in faulttable...
101110 microseconds
Fault on PT_F40(0X7fabebaa4ee0 -> 0X7fabebaa4ee4)
30 microseconds
[2016-10-27 12:46:16]Process 26439 termed with signal 4(SIGILL)
PT_F40-plus_4-250 Test Num : 120
Inject into ../bin/hello
----- Type : plus_4 Pos : PT_F40 -----
There are 1 faults will be injected in faulttable...
101272 microseconds
Fault on PT_F40(0X7fa8627cdee0 -> 0X7fa8627cdee4)
30 microseconds
[2016-10-27 12:46:16]Process 26441 termed with signal 4(SIGILL)
PT_F40-plus_4-250 Test Num : 121
Inject into ../bin/hello
----- Type : plus_4 Pos : PT_F40 -----
There are 1 faults will be injected in faulttable...
101086 microseconds
Fault on PT_F40(0X7f9e2597bee0 -> 0X7f9e2597bee4)
22 microseconds
[2016-10-27 12:46:16]Process 26443 termed with signal 4(SIGILL)
PT_F40-plus_4-250 Test Num : 122
Inject into ../bin/hello
----- Type : plus_4 Pos : PT_F40 -----
There are 1 faults will be injected in faulttable...
101419 microseconds
Fault on PT_F40(0X7f809b9dbee0 -> 0X7f809b9dbee4)
34 microseconds
[2016-10-27 12:46:16]Process 26445 termed with signal 4(SIGILL)
PT_F40-plus_4-250 Test Num : 123
Inject into ../bin/hello
----- Type : plus_4 Pos : PT_F40 -----
There are 1 faults will be injected in faulttable...
100071 microseconds
Fault on PT_F40(0X7f65ea3a0ee0 -> 0X7f65ea3a0ee4)
26 microseconds
[2016-10-27 12:46:16]Process 26447 termed with signal 4(SIGILL)
PT_F40-plus_4-250 Test Num : 124
Inject into ../bin/hello
----- Type : plus_4 Pos : PT_F40 -----
There are 1 faults will be injected in faulttable...
101365 microseconds
Fault on PT_F40(0X7f739cd1cee0 -> 0X7f739cd1cee4)
19 microseconds
[2016-10-27 12:46:16]Process 26449 termed with signal 4(SIGILL)
PT_F40-plus_4-250 Test Num : 125
Inject into ../bin/hello
----- Type : plus_4 Pos : PT_F40 -----
There are 1 faults will be injected in faulttable...
100992 microseconds
Fault on PT_F40(0X7fb52131aee0 -> 0X7fb52131aee4)
31 microseconds
[2016-10-27 12:46:16]Process 26451 termed with signal 4(SIGILL)
PT_F40-plus_4-250 Test Num : 126
Inject into ../bin/hello
----- Type : plus_4 Pos : PT_F40 -----
There are 1 faults will be injected in faulttable...
100218 microseconds
Fault on PT_F40(0X7f9e063b8ee0 -> 0X7f9e063b8ee4)
21 microseconds
[2016-10-27 12:46:16]Process 26453 termed with signal 4(SIGILL)
PT_F40-plus_4-250 Test Num : 127
Inject into ../bin/hello
----- Type : plus_4 Pos : PT_F40 -----
There are 1 faults will be injected in faulttable...
101272 microseconds
Fault on PT_F40(0X7fca938f5ee0 -> 0X7fca938f5ee4)
25 microseconds
[2016-10-27 12:46:16]Process 26455 termed with signal 4(SIGILL)
PT_F40-plus_4-250 Test Num : 128
Inject into ../bin/hello
----- Type : plus_4 Pos : PT_F40 -----
There are 1 faults will be injected in faulttable...
101475 microseconds
Fault on PT_F40(0X7f5ee602cee0 -> 0X7f5ee602cee4)
34 microseconds
[2016-10-27 12:46:17]Process 26457 termed with signal 4(SIGILL)
PT_F40-plus_4-250 Test Num : 129
Inject into ../bin/hello
----- Type : plus_4 Pos : PT_F40 -----
There are 1 faults will be injected in faulttable...
101008 microseconds
Fault on PT_F40(0X7fec049fdee0 -> 0X7fec049fdee4)
23 microseconds
[2016-10-27 12:46:17]Process 26459 termed with signal 4(SIGILL)
PT_F40-plus_4-250 Test Num : 130
Inject into ../bin/hello
----- Type : plus_4 Pos : PT_F40 -----
There are 1 faults will be injected in faulttable...
101361 microseconds
Fault on PT_F40(0X7f104611bee0 -> 0X7f104611bee4)
25 microseconds
[2016-10-27 12:46:17]Process 26461 termed with signal 4(SIGILL)
PT_F40-plus_4-250 Test Num : 131
Inject into ../bin/hello
----- Type : plus_4 Pos : PT_F40 -----
There are 1 faults will be injected in faulttable...
101434 microseconds
Fault on PT_F40(0X7f911a0e2ee0 -> 0X7f911a0e2ee4)
30 microseconds
[2016-10-27 12:46:17]Process 26463 termed with signal 4(SIGILL)
PT_F40-plus_4-250 Test Num : 132
Inject into ../bin/hello
----- Type : plus_4 Pos : PT_F40 -----
There are 1 faults will be injected in faulttable...
101760 microseconds
Fault on PT_F40(0X7fbbd8ee3ee0 -> 0X7fbbd8ee3ee4)
31 microseconds
[2016-10-27 12:46:17]Process 26465 termed with signal 4(SIGILL)
PT_F40-plus_4-250 Test Num : 133
Inject into ../bin/hello
----- Type : plus_4 Pos : PT_F40 -----
There are 1 faults will be injected in faulttable...
101520 microseconds
Fault on PT_F40(0X7f0a6a9a3ee0 -> 0X7f0a6a9a3ee4)
19 microseconds
[2016-10-27 12:46:17]Process 26467 termed with signal 4(SIGILL)
PT_F40-plus_4-250 Test Num : 134
Inject into ../bin/hello
----- Type : plus_4 Pos : PT_F40 -----
There are 1 faults will be injected in faulttable...
101087 microseconds
Fault on PT_F40(0X7f07f9d17ee0 -> 0X7f07f9d17ee4)
26 microseconds
[2016-10-27 12:46:17]Process 26469 termed with signal 4(SIGILL)
PT_F40-plus_4-250 Test Num : 135
Inject into ../bin/hello
----- Type : plus_4 Pos : PT_F40 -----
There are 1 faults will be injected in faulttable...
101367 microseconds
Fault on PT_F40(0X7f63ae773ee0 -> 0X7f63ae773ee4)
36 microseconds
[2016-10-27 12:46:17]Process 26471 termed with signal 4(SIGILL)
PT_F40-plus_4-250 Test Num : 136
Inject into ../bin/hello
----- Type : plus_4 Pos : PT_F40 -----
There are 1 faults will be injected in faulttable...
101474 microseconds
Fault on PT_F40(0X7fbb54b9bee0 -> 0X7fbb54b9bee4)
36 microseconds
[2016-10-27 12:46:17]Process 26473 termed with signal 4(SIGILL)
PT_F40-plus_4-250 Test Num : 137
Inject into ../bin/hello
----- Type : plus_4 Pos : PT_F40 -----
There are 1 faults will be injected in faulttable...
101176 microseconds
Fault on PT_F40(0X7f3871704ee0 -> 0X7f3871704ee4)
23 microseconds
[2016-10-27 12:46:18]Process 26475 termed with signal 4(SIGILL)
PT_F40-plus_4-250 Test Num : 138
Inject into ../bin/hello
----- Type : plus_4 Pos : PT_F40 -----
There are 1 faults will be injected in faulttable...
101561 microseconds
Fault on PT_F40(0X7fde512fcee0 -> 0X7fde512fcee4)
51 microseconds
[2016-10-27 12:46:18]Process 26477 termed with signal 4(SIGILL)
PT_F40-plus_4-250 Test Num : 139
Inject into ../bin/hello
----- Type : plus_4 Pos : PT_F40 -----
There are 1 faults will be injected in faulttable...
100098 microseconds
Fault on PT_F40(0X7f9d6c52bee0 -> 0X7f9d6c52bee4)
28 microseconds
[2016-10-27 12:46:18]Process 26479 termed with signal 4(SIGILL)
PT_F40-plus_4-250 Test Num : 140
Inject into ../bin/hello
----- Type : plus_4 Pos : PT_F40 -----
There are 1 faults will be injected in faulttable...
101125 microseconds
Fault on PT_F40(0X7fcbbaee6ee0 -> 0X7fcbbaee6ee4)
31 microseconds
[2016-10-27 12:46:18]Process 26481 termed with signal 4(SIGILL)
PT_F40-plus_4-250 Test Num : 141
Inject into ../bin/hello
----- Type : plus_4 Pos : PT_F40 -----
There are 1 faults will be injected in faulttable...
101176 microseconds
Fault on PT_F40(0X7f76a42c8ee0 -> 0X7f76a42c8ee4)
23 microseconds
[2016-10-27 12:46:18]Process 26483 termed with signal 4(SIGILL)
PT_F40-plus_4-250 Test Num : 142
Inject into ../bin/hello
----- Type : plus_4 Pos : PT_F40 -----
There are 1 faults will be injected in faulttable...
101186 microseconds
Fault on PT_F40(0X7f8cdd8e2ee0 -> 0X7f8cdd8e2ee4)
21 microseconds
[2016-10-27 12:46:18]Process 26485 termed with signal 4(SIGILL)
PT_F40-plus_4-250 Test Num : 143
Inject into ../bin/hello
----- Type : plus_4 Pos : PT_F40 -----
There are 1 faults will be injected in faulttable...
102243 microseconds
Fault on PT_F40(0X7f86edf84ee0 -> 0X7f86edf84ee4)
29 microseconds
[2016-10-27 12:46:18]Process 26487 termed with signal 4(SIGILL)
PT_F40-plus_4-250 Test Num : 144
Inject into ../bin/hello
----- Type : plus_4 Pos : PT_F40 -----
There are 1 faults will be injected in faulttable...
100974 microseconds
Fault on PT_F40(0X7f988cad3ee0 -> 0X7f988cad3ee4)
20 microseconds
[2016-10-27 12:46:18]Process 26489 termed with signal 4(SIGILL)
PT_F40-plus_4-250 Test Num : 145
Inject into ../bin/hello
----- Type : plus_4 Pos : PT_F40 -----
There are 1 faults will be injected in faulttable...
101197 microseconds
Fault on PT_F40(0X7fe817bd9ee0 -> 0X7fe817bd9ee4)
21 microseconds
[2016-10-27 12:46:18]Process 26491 termed with signal 4(SIGILL)
PT_F40-plus_4-250 Test Num : 146
Inject into ../bin/hello
----- Type : plus_4 Pos : PT_F40 -----
There are 1 faults will be injected in faulttable...
101008 microseconds
Fault on PT_F40(0X7f702c16cee0 -> 0X7f702c16cee4)
20 microseconds
[2016-10-27 12:46:19]Process 26493 termed with signal 4(SIGILL)
PT_F40-plus_4-250 Test Num : 147
Inject into ../bin/hello
----- Type : plus_4 Pos : PT_F40 -----
There are 1 faults will be injected in faulttable...
101073 microseconds
Fault on PT_F40(0X7faef98b8ee0 -> 0X7faef98b8ee4)
20 microseconds
[2016-10-27 12:46:19]Process 26495 termed with signal 4(SIGILL)
PT_F40-plus_4-250 Test Num : 148
Inject into ../bin/hello
----- Type : plus_4 Pos : PT_F40 -----
There are 1 faults will be injected in faulttable...
100985 microseconds
Fault on PT_F40(0X7f709b6beee0 -> 0X7f709b6beee4)
21 microseconds
[2016-10-27 12:46:19]Process 26497 termed with signal 4(SIGILL)
PT_F40-plus_4-250 Test Num : 149
Inject into ../bin/hello
----- Type : plus_4 Pos : PT_F40 -----
There are 1 faults will be injected in faulttable...
101461 microseconds
Fault on PT_F40(0X7fa61b56eee0 -> 0X7fa61b56eee4)
20 microseconds
[2016-10-27 12:46:19]Process 26499 termed with signal 4(SIGILL)
PT_F40-plus_4-250 Test Num : 150
Inject into ../bin/hello
----- Type : plus_4 Pos : PT_F40 -----
There are 1 faults will be injected in faulttable...
100958 microseconds
Fault on PT_F40(0X7fa0331bdee0 -> 0X7fa0331bdee4)
21 microseconds
[2016-10-27 12:46:19]Process 26501 termed with signal 4(SIGILL)
PT_F40-plus_4-250 Test Num : 151
Inject into ../bin/hello
----- Type : plus_4 Pos : PT_F40 -----
There are 1 faults will be injected in faulttable...
100105 microseconds
Fault on PT_F40(0X7ffa1fd88ee0 -> 0X7ffa1fd88ee4)
78 microseconds
[2016-10-27 12:46:19]Process 26503 termed with signal 4(SIGILL)
PT_F40-plus_4-250 Test Num : 152
Inject into ../bin/hello
----- Type : plus_4 Pos : PT_F40 -----
There are 1 faults will be injected in faulttable...
100069 microseconds
Fault on PT_F40(0X7f1bfe767ee0 -> 0X7f1bfe767ee4)
20 microseconds
[2016-10-27 12:46:19]Process 26505 termed with signal 4(SIGILL)
PT_F40-plus_4-250 Test Num : 153
Inject into ../bin/hello
----- Type : plus_4 Pos : PT_F40 -----
There are 1 faults will be injected in faulttable...
100942 microseconds
Fault on PT_F40(0X7fe1cc423ee0 -> 0X7fe1cc423ee4)
18 microseconds
[2016-10-27 12:46:19]Process 26507 termed with signal 4(SIGILL)
PT_F40-plus_4-250 Test Num : 154
Inject into ../bin/hello
----- Type : plus_4 Pos : PT_F40 -----
There are 1 faults will be injected in faulttable...
100926 microseconds
Fault on PT_F40(0X7fa5809e2ee0 -> 0X7fa5809e2ee4)
19 microseconds
[2016-10-27 12:46:19]Process 26509 termed with signal 4(SIGILL)
PT_F40-plus_4-250 Test Num : 155
Inject into ../bin/hello
----- Type : plus_4 Pos : PT_F40 -----
There are 1 faults will be injected in faulttable...
100992 microseconds
Fault on PT_F40(0X7fcd04855ee0 -> 0X7fcd04855ee4)
22 microseconds
[2016-10-27 12:46:20]Process 26511 termed with signal 4(SIGILL)
PT_F40-plus_4-250 Test Num : 156
Inject into ../bin/hello
----- Type : plus_4 Pos : PT_F40 -----
There are 1 faults will be injected in faulttable...
100990 microseconds
Fault on PT_F40(0X7f43151cfee0 -> 0X7f43151cfee4)
23 microseconds
[2016-10-27 12:46:20]Process 26513 termed with signal 4(SIGILL)
PT_F40-plus_4-250 Test Num : 157
Inject into ../bin/hello
----- Type : plus_4 Pos : PT_F40 -----
There are 1 faults will be injected in faulttable...
101290 microseconds
Fault on PT_F40(0X7f1c5abe9ee0 -> 0X7f1c5abe9ee4)
22 microseconds
[2016-10-27 12:46:20]Process 26515 termed with signal 4(SIGILL)
PT_F40-plus_4-250 Test Num : 158
Inject into ../bin/hello
----- Type : plus_4 Pos : PT_F40 -----
There are 1 faults will be injected in faulttable...
101077 microseconds
Fault on PT_F40(0X7f67e00b5ee0 -> 0X7f67e00b5ee4)
25 microseconds
[2016-10-27 12:46:20]Process 26517 termed with signal 4(SIGILL)
PT_F40-plus_4-250 Test Num : 159
Inject into ../bin/hello
----- Type : plus_4 Pos : PT_F40 -----
There are 1 faults will be injected in faulttable...
101069 microseconds
Fault on PT_F40(0X7fbbeeb1bee0 -> 0X7fbbeeb1bee4)
20 microseconds
[2016-10-27 12:46:20]Process 26519 termed with signal 4(SIGILL)
PT_F40-plus_4-250 Test Num : 160
Inject into ../bin/hello
----- Type : plus_4 Pos : PT_F40 -----
There are 1 faults will be injected in faulttable...
101005 microseconds
Fault on PT_F40(0X7fa9c97d6ee0 -> 0X7fa9c97d6ee4)
21 microseconds
[2016-10-27 12:46:20]Process 26521 termed with signal 4(SIGILL)
PT_F40-plus_4-250 Test Num : 161
Inject into ../bin/hello
----- Type : plus_4 Pos : PT_F40 -----
There are 1 faults will be injected in faulttable...
100983 microseconds
Fault on PT_F40(0X7fc1d8f66ee0 -> 0X7fc1d8f66ee4)
26 microseconds
[2016-10-27 12:46:20]Process 26523 termed with signal 4(SIGILL)
PT_F40-plus_4-250 Test Num : 162
Inject into ../bin/hello
----- Type : plus_4 Pos : PT_F40 -----
There are 1 faults will be injected in faulttable...
101292 microseconds
Fault on PT_F40(0X7fb22a9e4ee0 -> 0X7fb22a9e4ee4)
29 microseconds
[2016-10-27 12:46:20]Process 26525 termed with signal 4(SIGILL)
PT_F40-plus_4-250 Test Num : 163
Inject into ../bin/hello
----- Type : plus_4 Pos : PT_F40 -----
There are 1 faults will be injected in faulttable...
100073 microseconds
Fault on PT_F40(0X7fbc5bffcee0 -> 0X7fbc5bffcee4)
20 microseconds
[2016-10-27 12:46:20]Process 26527 termed with signal 4(SIGILL)
PT_F40-plus_4-250 Test Num : 164
Inject into ../bin/hello
----- Type : plus_4 Pos : PT_F40 -----
There are 1 faults will be injected in faulttable...
101049 microseconds
Fault on PT_F40(0X7f4d6bf24ee0 -> 0X7f4d6bf24ee4)
20 microseconds
[2016-10-27 12:46:21]Process 26529 termed with signal 4(SIGILL)
PT_F40-plus_4-250 Test Num : 165
Inject into ../bin/hello
----- Type : plus_4 Pos : PT_F40 -----
There are 1 faults will be injected in faulttable...
100969 microseconds
Fault on PT_F40(0X7f13de1d7ee0 -> 0X7f13de1d7ee4)
29 microseconds
[2016-10-27 12:46:21]Process 26531 termed with signal 4(SIGILL)
PT_F40-plus_4-250 Test Num : 166
Inject into ../bin/hello
----- Type : plus_4 Pos : PT_F40 -----
There are 1 faults will be injected in faulttable...
100071 microseconds
Fault on PT_F40(0X7fbf420edee0 -> 0X7fbf420edee4)
21 microseconds
[2016-10-27 12:46:21]Process 26533 termed with signal 4(SIGILL)
PT_F40-plus_4-250 Test Num : 167
Inject into ../bin/hello
----- Type : plus_4 Pos : PT_F40 -----
There are 1 faults will be injected in faulttable...
101539 microseconds
Fault on PT_F40(0X7fc598d3cee0 -> 0X7fc598d3cee4)
48 microseconds
[2016-10-27 12:46:21]Process 26535 termed with signal 4(SIGILL)
PT_F40-plus_4-250 Test Num : 168
Inject into ../bin/hello
----- Type : plus_4 Pos : PT_F40 -----
There are 1 faults will be injected in faulttable...
102067 microseconds
Fault on PT_F40(0X7f6320299ee0 -> 0X7f6320299ee4)
21 microseconds
[2016-10-27 12:46:21]Process 26537 termed with signal 4(SIGILL)
PT_F40-plus_4-250 Test Num : 169
Inject into ../bin/hello
----- Type : plus_4 Pos : PT_F40 -----
There are 1 faults will be injected in faulttable...
101119 microseconds
Fault on PT_F40(0X7fd1b9cc3ee0 -> 0X7fd1b9cc3ee4)
25 microseconds
[2016-10-27 12:46:21]Process 26539 termed with signal 4(SIGILL)
PT_F40-plus_4-250 Test Num : 170
Inject into ../bin/hello
----- Type : plus_4 Pos : PT_F40 -----
There are 1 faults will be injected in faulttable...
101167 microseconds
Fault on PT_F40(0X7effb9ae6ee0 -> 0X7effb9ae6ee4)
31 microseconds
[2016-10-27 12:46:21]Process 26543 termed with signal 4(SIGILL)
PT_F40-plus_4-250 Test Num : 171
Inject into ../bin/hello
----- Type : plus_4 Pos : PT_F40 -----
There are 1 faults will be injected in faulttable...
101511 microseconds
Fault on PT_F40(0X7f245e923ee0 -> 0X7f245e923ee4)
32 microseconds
[2016-10-27 12:46:21]Process 26546 termed with signal 4(SIGILL)
PT_F40-plus_4-250 Test Num : 172
Inject into ../bin/hello
----- Type : plus_4 Pos : PT_F40 -----
There are 1 faults will be injected in faulttable...
101090 microseconds
Fault on PT_F40(0X7f0c64103ee0 -> 0X7f0c64103ee4)
18 microseconds
[2016-10-27 12:46:21]Process 26549 termed with signal 4(SIGILL)
PT_F40-plus_4-250 Test Num : 173
Inject into ../bin/hello
----- Type : plus_4 Pos : PT_F40 -----
There are 1 faults will be injected in faulttable...
101248 microseconds
Fault on PT_F40(0X7f1a68df8ee0 -> 0X7f1a68df8ee4)
21 microseconds
[2016-10-27 12:46:22]Process 26551 termed with signal 4(SIGILL)
PT_F40-plus_4-250 Test Num : 174
Inject into ../bin/hello
----- Type : plus_4 Pos : PT_F40 -----
There are 1 faults will be injected in faulttable...
101162 microseconds
Fault on PT_F40(0X7f3f80824ee0 -> 0X7f3f80824ee4)
23 microseconds
[2016-10-27 12:46:22]Process 26553 termed with signal 4(SIGILL)
PT_F40-plus_4-250 Test Num : 175
Inject into ../bin/hello
----- Type : plus_4 Pos : PT_F40 -----
There are 1 faults will be injected in faulttable...
101039 microseconds
Fault on PT_F40(0X7f8bed834ee0 -> 0X7f8bed834ee4)
24 microseconds
[2016-10-27 12:46:22]Process 26555 termed with signal 4(SIGILL)
PT_F40-plus_4-250 Test Num : 176
Inject into ../bin/hello
----- Type : plus_4 Pos : PT_F40 -----
There are 1 faults will be injected in faulttable...
101273 microseconds
Fault on PT_F40(0X7f2b31eb6ee0 -> 0X7f2b31eb6ee4)
31 microseconds
[2016-10-27 12:46:22]Process 26557 termed with signal 4(SIGILL)
PT_F40-plus_4-250 Test Num : 177
Inject into ../bin/hello
----- Type : plus_4 Pos : PT_F40 -----
There are 1 faults will be injected in faulttable...
101104 microseconds
Fault on PT_F40(0X7fb954685ee0 -> 0X7fb954685ee4)
24 microseconds
[2016-10-27 12:46:22]Process 26559 termed with signal 4(SIGILL)
PT_F40-plus_4-250 Test Num : 178
Inject into ../bin/hello
----- Type : plus_4 Pos : PT_F40 -----
There are 1 faults will be injected in faulttable...
101019 microseconds
Fault on PT_F40(0X7fda50f19ee0 -> 0X7fda50f19ee4)
21 microseconds
[2016-10-27 12:46:22]Process 26561 termed with signal 4(SIGILL)
PT_F40-plus_4-250 Test Num : 179
Inject into ../bin/hello
----- Type : plus_4 Pos : PT_F40 -----
There are 1 faults will be injected in faulttable...
100122 microseconds
Fault on PT_F40(0X7f5905f92ee0 -> 0X7f5905f92ee4)
22 microseconds
[2016-10-27 12:46:22]Process 26563 termed with signal 4(SIGILL)
PT_F40-plus_4-250 Test Num : 180
Inject into ../bin/hello
----- Type : plus_4 Pos : PT_F40 -----
There are 1 faults will be injected in faulttable...
101003 microseconds
Fault on PT_F40(0X7f49f8161ee0 -> 0X7f49f8161ee4)
19 microseconds
[2016-10-27 12:46:22]Process 26565 termed with signal 4(SIGILL)
PT_F40-plus_4-250 Test Num : 181
Inject into ../bin/hello
----- Type : plus_4 Pos : PT_F40 -----
There are 1 faults will be injected in faulttable...
101224 microseconds
Fault on PT_F40(0X7f3a8ae1eee0 -> 0X7f3a8ae1eee4)
29 microseconds
[2016-10-27 12:46:22]Process 26567 termed with signal 4(SIGILL)
PT_F40-plus_4-250 Test Num : 182
Inject into ../bin/hello
----- Type : plus_4 Pos : PT_F40 -----
There are 1 faults will be injected in faulttable...
101220 microseconds
Fault on PT_F40(0X7f8ed9378ee0 -> 0X7f8ed9378ee4)
30 microseconds
[2016-10-27 12:46:23]Process 26569 termed with signal 4(SIGILL)
PT_F40-plus_4-250 Test Num : 183
Inject into ../bin/hello
----- Type : plus_4 Pos : PT_F40 -----
There are 1 faults will be injected in faulttable...
101509 microseconds
Fault on PT_F40(0X7fe6b3cfdee0 -> 0X7fe6b3cfdee4)
20 microseconds
[2016-10-27 12:46:23]Process 26571 termed with signal 4(SIGILL)
PT_F40-plus_4-250 Test Num : 184
Inject into ../bin/hello
----- Type : plus_4 Pos : PT_F40 -----
There are 1 faults will be injected in faulttable...
100095 microseconds
Fault on PT_F40(0X7fd390871ee0 -> 0X7fd390871ee4)
27 microseconds
[2016-10-27 12:46:23]Process 26573 termed with signal 4(SIGILL)
PT_F40-plus_4-250 Test Num : 185
Inject into ../bin/hello
----- Type : plus_4 Pos : PT_F40 -----
There are 1 faults will be injected in faulttable...
100968 microseconds
Fault on PT_F40(0X7fd6f4146ee0 -> 0X7fd6f4146ee4)
28 microseconds
[2016-10-27 12:46:23]Process 26575 termed with signal 4(SIGILL)
PT_F40-plus_4-250 Test Num : 186
Inject into ../bin/hello
----- Type : plus_4 Pos : PT_F40 -----
There are 1 faults will be injected in faulttable...
101035 microseconds
Fault on PT_F40(0X7f0658e24ee0 -> 0X7f0658e24ee4)
22 microseconds
[2016-10-27 12:46:23]Process 26577 termed with signal 4(SIGILL)
PT_F40-plus_4-250 Test Num : 187
Inject into ../bin/hello
----- Type : plus_4 Pos : PT_F40 -----
There are 1 faults will be injected in faulttable...
101166 microseconds
Fault on PT_F40(0X7f7c33feaee0 -> 0X7f7c33feaee4)
22 microseconds
[2016-10-27 12:46:23]Process 26579 termed with signal 4(SIGILL)
PT_F40-plus_4-250 Test Num : 188
Inject into ../bin/hello
----- Type : plus_4 Pos : PT_F40 -----
There are 1 faults will be injected in faulttable...
100957 microseconds
Fault on PT_F40(0X7fcc588e4ee0 -> 0X7fcc588e4ee4)
28 microseconds
[2016-10-27 12:46:23]Process 26581 termed with signal 4(SIGILL)
PT_F40-plus_4-250 Test Num : 189
Inject into ../bin/hello
----- Type : plus_4 Pos : PT_F40 -----
There are 1 faults will be injected in faulttable...
101093 microseconds
Fault on PT_F40(0X7f0f038b1ee0 -> 0X7f0f038b1ee4)
28 microseconds
[2016-10-27 12:46:23]Process 26583 termed with signal 4(SIGILL)
PT_F40-plus_4-250 Test Num : 190
Inject into ../bin/hello
----- Type : plus_4 Pos : PT_F40 -----
There are 1 faults will be injected in faulttable...
100075 microseconds
Fault on PT_F40(0X7fcc09f39ee0 -> 0X7fcc09f39ee4)
26 microseconds
[2016-10-27 12:46:23]Process 26585 termed with signal 4(SIGILL)
PT_F40-plus_4-250 Test Num : 191
Inject into ../bin/hello
----- Type : plus_4 Pos : PT_F40 -----
There are 1 faults will be injected in faulttable...
100972 microseconds
Fault on PT_F40(0X7fbf37487ee0 -> 0X7fbf37487ee4)
28 microseconds
[2016-10-27 12:46:23]Process 26587 termed with signal 4(SIGILL)
PT_F40-plus_4-250 Test Num : 192
Inject into ../bin/hello
----- Type : plus_4 Pos : PT_F40 -----
There are 1 faults will be injected in faulttable...
101012 microseconds
Fault on PT_F40(0X7fceb8a4eee0 -> 0X7fceb8a4eee4)
23 microseconds
[2016-10-27 12:46:24]Process 26589 termed with signal 4(SIGILL)
PT_F40-plus_4-250 Test Num : 193
Inject into ../bin/hello
----- Type : plus_4 Pos : PT_F40 -----
There are 1 faults will be injected in faulttable...
101061 microseconds
Fault on PT_F40(0X7f713137eee0 -> 0X7f713137eee4)
30 microseconds
[2016-10-27 12:46:24]Process 26591 termed with signal 4(SIGILL)
PT_F40-plus_4-250 Test Num : 194
Inject into ../bin/hello
----- Type : plus_4 Pos : PT_F40 -----
There are 1 faults will be injected in faulttable...
100135 microseconds
Fault on PT_F40(0X7f02d91c1ee0 -> 0X7f02d91c1ee4)
32 microseconds
[2016-10-27 12:46:24]Process 26593 termed with signal 4(SIGILL)
PT_F40-plus_4-250 Test Num : 195
Inject into ../bin/hello
----- Type : plus_4 Pos : PT_F40 -----
There are 1 faults will be injected in faulttable...
101215 microseconds
Fault on PT_F40(0X7f1e1f97cee0 -> 0X7f1e1f97cee4)
19 microseconds
[2016-10-27 12:46:24]Process 26595 termed with signal 4(SIGILL)
PT_F40-plus_4-250 Test Num : 196
Inject into ../bin/hello
----- Type : plus_4 Pos : PT_F40 -----
There are 1 faults will be injected in faulttable...
101042 microseconds
Fault on PT_F40(0X7fc7d9023ee0 -> 0X7fc7d9023ee4)
18 microseconds
[2016-10-27 12:46:24]Process 26597 termed with signal 4(SIGILL)
PT_F40-plus_4-250 Test Num : 197
Inject into ../bin/hello
----- Type : plus_4 Pos : PT_F40 -----
There are 1 faults will be injected in faulttable...
101017 microseconds
Fault on PT_F40(0X7fc269eb6ee0 -> 0X7fc269eb6ee4)
27 microseconds
[2016-10-27 12:46:24]Process 26599 termed with signal 4(SIGILL)
PT_F40-plus_4-250 Test Num : 198
Inject into ../bin/hello
----- Type : plus_4 Pos : PT_F40 -----
There are 1 faults will be injected in faulttable...
101180 microseconds
Fault on PT_F40(0X7f0e640eaee0 -> 0X7f0e640eaee4)
39 microseconds
[2016-10-27 12:46:24]Process 26601 termed with signal 4(SIGILL)
PT_F40-plus_4-250 Test Num : 199
Inject into ../bin/hello
----- Type : plus_4 Pos : PT_F40 -----
There are 1 faults will be injected in faulttable...
101137 microseconds
Fault on PT_F40(0X7fdee95a3ee0 -> 0X7fdee95a3ee4)
25 microseconds
[2016-10-27 12:46:24]Process 26603 termed with signal 4(SIGILL)
PT_F40-plus_4-250 Test Num : 200
Inject into ../bin/hello
----- Type : plus_4 Pos : PT_F40 -----
There are 1 faults will be injected in faulttable...
101077 microseconds
Fault on PT_F40(0X7f6842478ee0 -> 0X7f6842478ee4)
26 microseconds
[2016-10-27 12:46:24]Process 26605 termed with signal 4(SIGILL)
PT_F40-plus_4-250 Test Num : 201
Inject into ../bin/hello
----- Type : plus_4 Pos : PT_F40 -----
There are 1 faults will be injected in faulttable...
101084 microseconds
Fault on PT_F40(0X7fa0b3a81ee0 -> 0X7fa0b3a81ee4)
19 microseconds
[2016-10-27 12:46:25]Process 26607 termed with signal 4(SIGILL)
PT_F40-plus_4-250 Test Num : 202
Inject into ../bin/hello
----- Type : plus_4 Pos : PT_F40 -----
There are 1 faults will be injected in faulttable...
101004 microseconds
Fault on PT_F40(0X7f9e1f223ee0 -> 0X7f9e1f223ee4)
22 microseconds
[2016-10-27 12:46:25]Process 26609 termed with signal 4(SIGILL)
PT_F40-plus_4-250 Test Num : 203
Inject into ../bin/hello
----- Type : plus_4 Pos : PT_F40 -----
There are 1 faults will be injected in faulttable...
101129 microseconds
Fault on PT_F40(0X7fdbfe7dcee0 -> 0X7fdbfe7dcee4)
21 microseconds
[2016-10-27 12:46:25]Process 26611 termed with signal 4(SIGILL)
PT_F40-plus_4-250 Test Num : 204
Inject into ../bin/hello
----- Type : plus_4 Pos : PT_F40 -----
There are 1 faults will be injected in faulttable...
101043 microseconds
Fault on PT_F40(0X7fc175857ee0 -> 0X7fc175857ee4)
22 microseconds
[2016-10-27 12:46:25]Process 26613 termed with signal 4(SIGILL)
PT_F40-plus_4-250 Test Num : 205
Inject into ../bin/hello
----- Type : plus_4 Pos : PT_F40 -----
There are 1 faults will be injected in faulttable...
100088 microseconds
Fault on PT_F40(0X7fc5b1759ee0 -> 0X7fc5b1759ee4)
22 microseconds
[2016-10-27 12:46:25]Process 26615 termed with signal 4(SIGILL)
PT_F40-plus_4-250 Test Num : 206
Inject into ../bin/hello
----- Type : plus_4 Pos : PT_F40 -----
There are 1 faults will be injected in faulttable...
100073 microseconds
Fault on PT_F40(0X7fc51589aee0 -> 0X7fc51589aee4)
19 microseconds
[2016-10-27 12:46:25]Process 26617 termed with signal 4(SIGILL)
PT_F40-plus_4-250 Test Num : 207
Inject into ../bin/hello
----- Type : plus_4 Pos : PT_F40 -----
There are 1 faults will be injected in faulttable...
100075 microseconds
Fault on PT_F40(0X7f3731a2fee0 -> 0X7f3731a2fee4)
21 microseconds
[2016-10-27 12:46:25]Process 26619 termed with signal 4(SIGILL)
PT_F40-plus_4-250 Test Num : 208
Inject into ../bin/hello
----- Type : plus_4 Pos : PT_F40 -----
There are 1 faults will be injected in faulttable...
101195 microseconds
Fault on PT_F40(0X7f2a81d47ee0 -> 0X7f2a81d47ee4)
27 microseconds
[2016-10-27 12:46:25]Process 26621 termed with signal 4(SIGILL)
PT_F40-plus_4-250 Test Num : 209
Inject into ../bin/hello
----- Type : plus_4 Pos : PT_F40 -----
There are 1 faults will be injected in faulttable...
100092 microseconds
Fault on PT_F40(0X7efc84606ee0 -> 0X7efc84606ee4)
32 microseconds
[2016-10-27 12:46:25]Process 26623 termed with signal 4(SIGILL)
PT_F40-plus_4-250 Test Num : 210
Inject into ../bin/hello
----- Type : plus_4 Pos : PT_F40 -----
There are 1 faults will be injected in faulttable...
101132 microseconds
Fault on PT_F40(0X7f8557e7cee0 -> 0X7f8557e7cee4)
32 microseconds
[2016-10-27 12:46:26]Process 26625 termed with signal 4(SIGILL)
PT_F40-plus_4-250 Test Num : 211
Inject into ../bin/hello
----- Type : plus_4 Pos : PT_F40 -----
There are 1 faults will be injected in faulttable...
101077 microseconds
Fault on PT_F40(0X7fae6f168ee0 -> 0X7fae6f168ee4)
22 microseconds
[2016-10-27 12:46:26]Process 26627 termed with signal 4(SIGILL)
PT_F40-plus_4-250 Test Num : 212
Inject into ../bin/hello
----- Type : plus_4 Pos : PT_F40 -----
There are 1 faults will be injected in faulttable...
100087 microseconds
Fault on PT_F40(0X7f1daceeeee0 -> 0X7f1daceeeee4)
20 microseconds
[2016-10-27 12:46:26]Process 26629 termed with signal 4(SIGILL)
PT_F40-plus_4-250 Test Num : 213
Inject into ../bin/hello
----- Type : plus_4 Pos : PT_F40 -----
There are 1 faults will be injected in faulttable...
101065 microseconds
Fault on PT_F40(0X7f68f4d5dee0 -> 0X7f68f4d5dee4)
19 microseconds
[2016-10-27 12:46:26]Process 26632 termed with signal 4(SIGILL)
PT_F40-plus_4-250 Test Num : 214
Inject into ../bin/hello
----- Type : plus_4 Pos : PT_F40 -----
There are 1 faults will be injected in faulttable...
100960 microseconds
Fault on PT_F40(0X7fc1210a0ee0 -> 0X7fc1210a0ee4)
31 microseconds
[2016-10-27 12:46:26]Process 26634 termed with signal 4(SIGILL)
PT_F40-plus_4-250 Test Num : 215
Inject into ../bin/hello
----- Type : plus_4 Pos : PT_F40 -----
There are 1 faults will be injected in faulttable...
100108 microseconds
Fault on PT_F40(0X7fad4513aee0 -> 0X7fad4513aee4)
19 microseconds
[2016-10-27 12:46:26]Process 26636 termed with signal 4(SIGILL)
PT_F40-plus_4-250 Test Num : 216
Inject into ../bin/hello
----- Type : plus_4 Pos : PT_F40 -----
There are 1 faults will be injected in faulttable...
100969 microseconds
Fault on PT_F40(0X7feba3a86ee0 -> 0X7feba3a86ee4)
24 microseconds
[2016-10-27 12:46:26]Process 26638 termed with signal 4(SIGILL)
PT_F40-plus_4-250 Test Num : 217
Inject into ../bin/hello
----- Type : plus_4 Pos : PT_F40 -----
There are 1 faults will be injected in faulttable...
101309 microseconds
Fault on PT_F40(0X7f4913b70ee0 -> 0X7f4913b70ee4)
21 microseconds
[2016-10-27 12:46:26]Process 26640 termed with signal 4(SIGILL)
PT_F40-plus_4-250 Test Num : 218
Inject into ../bin/hello
----- Type : plus_4 Pos : PT_F40 -----
There are 1 faults will be injected in faulttable...
100072 microseconds
Fault on PT_F40(0X7f80dd43cee0 -> 0X7f80dd43cee4)
19 microseconds
[2016-10-27 12:46:26]Process 26642 termed with signal 4(SIGILL)
PT_F40-plus_4-250 Test Num : 219
Inject into ../bin/hello
----- Type : plus_4 Pos : PT_F40 -----
There are 1 faults will be injected in faulttable...
101085 microseconds
Fault on PT_F40(0X7f2486910ee0 -> 0X7f2486910ee4)
23 microseconds
[2016-10-27 12:46:27]Process 26644 termed with signal 4(SIGILL)
PT_F40-plus_4-250 Test Num : 220
Inject into ../bin/hello
----- Type : plus_4 Pos : PT_F40 -----
There are 1 faults will be injected in faulttable...
100971 microseconds
Fault on PT_F40(0X7fcd037c7ee0 -> 0X7fcd037c7ee4)
20 microseconds
[2016-10-27 12:46:27]Process 26646 termed with signal 4(SIGILL)
PT_F40-plus_4-250 Test Num : 221
Inject into ../bin/hello
----- Type : plus_4 Pos : PT_F40 -----
There are 1 faults will be injected in faulttable...
100939 microseconds
Fault on PT_F40(0X7f91bab76ee0 -> 0X7f91bab76ee4)
20 microseconds
[2016-10-27 12:46:27]Process 26648 termed with signal 4(SIGILL)
PT_F40-plus_4-250 Test Num : 222
Inject into ../bin/hello
----- Type : plus_4 Pos : PT_F40 -----
There are 1 faults will be injected in faulttable...
101453 microseconds
Fault on PT_F40(0X7faece700ee0 -> 0X7faece700ee4)
40 microseconds
[2016-10-27 12:46:27]Process 26650 termed with signal 4(SIGILL)
PT_F40-plus_4-250 Test Num : 223
Inject into ../bin/hello
----- Type : plus_4 Pos : PT_F40 -----
There are 1 faults will be injected in faulttable...
101081 microseconds
Fault on PT_F40(0X7f759f073ee0 -> 0X7f759f073ee4)
20 microseconds
[2016-10-27 12:46:27]Process 26652 termed with signal 4(SIGILL)
PT_F40-plus_4-250 Test Num : 224
Inject into ../bin/hello
----- Type : plus_4 Pos : PT_F40 -----
There are 1 faults will be injected in faulttable...
100951 microseconds
Fault on PT_F40(0X7f1a2f06aee0 -> 0X7f1a2f06aee4)
27 microseconds
[2016-10-27 12:46:27]Process 26654 termed with signal 4(SIGILL)
PT_F40-plus_4-250 Test Num : 225
Inject into ../bin/hello
----- Type : plus_4 Pos : PT_F40 -----
There are 1 faults will be injected in faulttable...
100909 microseconds
Fault on PT_F40(0X7f6760ee5ee0 -> 0X7f6760ee5ee4)
19 microseconds
[2016-10-27 12:46:27]Process 26656 termed with signal 4(SIGILL)
PT_F40-plus_4-250 Test Num : 226
Inject into ../bin/hello
----- Type : plus_4 Pos : PT_F40 -----
There are 1 faults will be injected in faulttable...
101023 microseconds
Fault on PT_F40(0X7f57051e4ee0 -> 0X7f57051e4ee4)
26 microseconds
[2016-10-27 12:46:27]Process 26658 termed with signal 4(SIGILL)
PT_F40-plus_4-250 Test Num : 227
Inject into ../bin/hello
----- Type : plus_4 Pos : PT_F40 -----
There are 1 faults will be injected in faulttable...
101018 microseconds
Fault on PT_F40(0X7fb064d09ee0 -> 0X7fb064d09ee4)
20 microseconds
[2016-10-27 12:46:27]Process 26660 termed with signal 4(SIGILL)
PT_F40-plus_4-250 Test Num : 228
Inject into ../bin/hello
----- Type : plus_4 Pos : PT_F40 -----
There are 1 faults will be injected in faulttable...
101103 microseconds
Fault on PT_F40(0X7f2c40fabee0 -> 0X7f2c40fabee4)
24 microseconds
[2016-10-27 12:46:28]Process 26662 termed with signal 4(SIGILL)
PT_F40-plus_4-250 Test Num : 229
Inject into ../bin/hello
----- Type : plus_4 Pos : PT_F40 -----
There are 1 faults will be injected in faulttable...
100911 microseconds
Fault on PT_F40(0X7fd9cc226ee0 -> 0X7fd9cc226ee4)
26 microseconds
[2016-10-27 12:46:28]Process 26664 termed with signal 4(SIGILL)
PT_F40-plus_4-250 Test Num : 230
Inject into ../bin/hello
----- Type : plus_4 Pos : PT_F40 -----
There are 1 faults will be injected in faulttable...
101164 microseconds
Fault on PT_F40(0X7fdb68365ee0 -> 0X7fdb68365ee4)
21 microseconds
[2016-10-27 12:46:28]Process 26666 termed with signal 4(SIGILL)
PT_F40-plus_4-250 Test Num : 231
Inject into ../bin/hello
----- Type : plus_4 Pos : PT_F40 -----
There are 1 faults will be injected in faulttable...
101172 microseconds
Fault on PT_F40(0X7fc5ee6e4ee0 -> 0X7fc5ee6e4ee4)
27 microseconds
[2016-10-27 12:46:28]Process 26668 termed with signal 4(SIGILL)
PT_F40-plus_4-250 Test Num : 232
Inject into ../bin/hello
----- Type : plus_4 Pos : PT_F40 -----
There are 1 faults will be injected in faulttable...
101423 microseconds
Fault on PT_F40(0X7f0ccb6f8ee0 -> 0X7f0ccb6f8ee4)
22 microseconds
[2016-10-27 12:46:28]Process 26670 termed with signal 4(SIGILL)
PT_F40-plus_4-250 Test Num : 233
Inject into ../bin/hello
----- Type : plus_4 Pos : PT_F40 -----
There are 1 faults will be injected in faulttable...
100967 microseconds
Fault on PT_F40(0X7fbc38171ee0 -> 0X7fbc38171ee4)
23 microseconds
[2016-10-27 12:46:28]Process 26672 termed with signal 4(SIGILL)
PT_F40-plus_4-250 Test Num : 234
Inject into ../bin/hello
----- Type : plus_4 Pos : PT_F40 -----
There are 1 faults will be injected in faulttable...
101312 microseconds
Fault on PT_F40(0X7fec41649ee0 -> 0X7fec41649ee4)
26 microseconds
[2016-10-27 12:46:28]Process 26674 termed with signal 4(SIGILL)
PT_F40-plus_4-250 Test Num : 235
Inject into ../bin/hello
----- Type : plus_4 Pos : PT_F40 -----
There are 1 faults will be injected in faulttable...
100949 microseconds
Fault on PT_F40(0X7f34ffb9fee0 -> 0X7f34ffb9fee4)
19 microseconds
[2016-10-27 12:46:28]Process 26676 termed with signal 4(SIGILL)
PT_F40-plus_4-250 Test Num : 236
Inject into ../bin/hello
----- Type : plus_4 Pos : PT_F40 -----
There are 1 faults will be injected in faulttable...
101033 microseconds
Fault on PT_F40(0X7f2b7d492ee0 -> 0X7f2b7d492ee4)
31 microseconds
[2016-10-27 12:46:28]Process 26678 termed with signal 4(SIGILL)
PT_F40-plus_4-250 Test Num : 237
Inject into ../bin/hello
----- Type : plus_4 Pos : PT_F40 -----
There are 1 faults will be injected in faulttable...
101284 microseconds
Fault on PT_F40(0X7f569ce43ee0 -> 0X7f569ce43ee4)
43 microseconds
[2016-10-27 12:46:29]Process 26680 termed with signal 4(SIGILL)
PT_F40-plus_4-250 Test Num : 238
Inject into ../bin/hello
----- Type : plus_4 Pos : PT_F40 -----
There are 1 faults will be injected in faulttable...
101410 microseconds
Fault on PT_F40(0X7ff72b087ee0 -> 0X7ff72b087ee4)
20 microseconds
[2016-10-27 12:46:29]Process 26682 termed with signal 4(SIGILL)
PT_F40-plus_4-250 Test Num : 239
Inject into ../bin/hello
----- Type : plus_4 Pos : PT_F40 -----
There are 1 faults will be injected in faulttable...
101223 microseconds
Fault on PT_F40(0X7efffbfd7ee0 -> 0X7efffbfd7ee4)
29 microseconds
[2016-10-27 12:46:29]Process 26684 termed with signal 4(SIGILL)
PT_F40-plus_4-250 Test Num : 240
Inject into ../bin/hello
----- Type : plus_4 Pos : PT_F40 -----
There are 1 faults will be injected in faulttable...
100973 microseconds
Fault on PT_F40(0X7f6daf6c0ee0 -> 0X7f6daf6c0ee4)
20 microseconds
[2016-10-27 12:46:29]Process 26686 termed with signal 4(SIGILL)
PT_F40-plus_4-250 Test Num : 241
Inject into ../bin/hello
----- Type : plus_4 Pos : PT_F40 -----
There are 1 faults will be injected in faulttable...
101022 microseconds
Fault on PT_F40(0X7fe7a38cfee0 -> 0X7fe7a38cfee4)
23 microseconds
[2016-10-27 12:46:29]Process 26688 termed with signal 4(SIGILL)
PT_F40-plus_4-250 Test Num : 242
Inject into ../bin/hello
----- Type : plus_4 Pos : PT_F40 -----
There are 1 faults will be injected in faulttable...
101039 microseconds
Fault on PT_F40(0X7f9b3136aee0 -> 0X7f9b3136aee4)
21 microseconds
[2016-10-27 12:46:29]Process 26690 termed with signal 4(SIGILL)
PT_F40-plus_4-250 Test Num : 243
Inject into ../bin/hello
----- Type : plus_4 Pos : PT_F40 -----
There are 1 faults will be injected in faulttable...
100101 microseconds
Fault on PT_F40(0X7f43893f7ee0 -> 0X7f43893f7ee4)
21 microseconds
[2016-10-27 12:46:29]Process 26692 termed with signal 4(SIGILL)
PT_F40-plus_4-250 Test Num : 244
Inject into ../bin/hello
----- Type : plus_4 Pos : PT_F40 -----
There are 1 faults will be injected in faulttable...
101044 microseconds
Fault on PT_F40(0X7f96b3a8aee0 -> 0X7f96b3a8aee4)
28 microseconds
[2016-10-27 12:46:29]Process 26694 termed with signal 4(SIGILL)
PT_F40-plus_4-250 Test Num : 245
Inject into ../bin/hello
----- Type : plus_4 Pos : PT_F40 -----
There are 1 faults will be injected in faulttable...
100076 microseconds
Fault on PT_F40(0X7f1aa78f9ee0 -> 0X7f1aa78f9ee4)
23 microseconds
[2016-10-27 12:46:29]Process 26696 termed with signal 4(SIGILL)
PT_F40-plus_4-250 Test Num : 246
Inject into ../bin/hello
----- Type : plus_4 Pos : PT_F40 -----
There are 1 faults will be injected in faulttable...
101077 microseconds
Fault on PT_F40(0X7f5821fa8ee0 -> 0X7f5821fa8ee4)
31 microseconds
[2016-10-27 12:46:29]Process 26698 termed with signal 4(SIGILL)
PT_F40-plus_4-250 Test Num : 247
Inject into ../bin/hello
----- Type : plus_4 Pos : PT_F40 -----
There are 1 faults will be injected in faulttable...
101536 microseconds
Fault on PT_F40(0X7f9949ab7ee0 -> 0X7f9949ab7ee4)
29 microseconds
[2016-10-27 12:46:30]Process 26700 termed with signal 4(SIGILL)
PT_F40-plus_4-250 Test Num : 248
Inject into ../bin/hello
----- Type : plus_4 Pos : PT_F40 -----
There are 1 faults will be injected in faulttable...
101301 microseconds
Fault on PT_F40(0X7fbf2d907ee0 -> 0X7fbf2d907ee4)
21 microseconds
[2016-10-27 12:46:30]Process 26702 termed with signal 4(SIGILL)
PT_F40-plus_4-250 Test Num : 249
Inject into ../bin/hello
----- Type : plus_4 Pos : PT_F40 -----
There are 1 faults will be injected in faulttable...
100944 microseconds
Fault on PT_F40(0X7f0e3f801ee0 -> 0X7f0e3f801ee4)
27 microseconds
[2016-10-27 12:46:30]Process 26704 termed with signal 4(SIGILL)
PT_F40-plus_4-250 Test Num : 250
Inject into ../bin/hello
----- Type : plus_4 Pos : PT_F40 -----
There are 1 faults will be injected in faulttable...
101254 microseconds
Fault on PT_F40(0X7fa5b6272ee0 -> 0X7fa5b6272ee4)
23 microseconds
[2016-10-27 12:46:30]Process 26706 termed with signal 4(SIGILL)
