PT_F40-2_bit_flip-250 Test Num : 1
Inject into ../bin/hello
----- Type : 2_bit_flip Pos : PT_F40 -----
There are 1 faults will be injected in faulttable...
100889 microseconds
Fault on PT_F40(0X7f89f1b6eee0 -> 0X8007f88f1b6eee0)
15 microseconds
[ 2016-10-27 12:5:43]Process 20389 termed with signal 11(SIGSEGV)
PT_F40-2_bit_flip-250 Test Num : 2
Inject into ../bin/hello
----- Type : 2_bit_flip Pos : PT_F40 -----
There are 1 faults will be injected in faulttable...
101094 microseconds
Fault on PT_F40(0X7f185ba25ee0 -> 0X8007f195ba25ee0)
11 microseconds
[ 2016-10-27 12:5:43]Process 20391 termed with signal 11(SIGSEGV)
PT_F40-2_bit_flip-250 Test Num : 3
Inject into ../bin/hello
----- Type : 2_bit_flip Pos : PT_F40 -----
There are 1 faults will be injected in faulttable...
101001 microseconds
Fault on PT_F40(0X7f1647f65ee0 -> 0X8007f1747f65ee0)
11 microseconds
[ 2016-10-27 12:5:43]Process 20393 termed with signal 11(SIGSEGV)
PT_F40-2_bit_flip-250 Test Num : 4
Inject into ../bin/hello
----- Type : 2_bit_flip Pos : PT_F40 -----
There are 1 faults will be injected in faulttable...
100942 microseconds
Fault on PT_F40(0X7f91d888eee0 -> 0X8007f90d888eee0)
17 microseconds
[ 2016-10-27 12:5:43]Process 20395 termed with signal 11(SIGSEGV)
PT_F40-2_bit_flip-250 Test Num : 5
Inject into ../bin/hello
----- Type : 2_bit_flip Pos : PT_F40 -----
There are 1 faults will be injected in faulttable...
100957 microseconds
Fault on PT_F40(0X7f31a5e1cee0 -> 0X8007f30a5e1cee0)
12 microseconds
[ 2016-10-27 12:5:43]Process 20397 termed with signal 11(SIGSEGV)
PT_F40-2_bit_flip-250 Test Num : 6
Inject into ../bin/hello
----- Type : 2_bit_flip Pos : PT_F40 -----
There are 1 faults will be injected in faulttable...
100512 microseconds
Fault on PT_F40(0X7f6c6dcd3ee0 -> 0X8007f6d6dcd3ee0)
9 microseconds
[ 2016-10-27 12:5:43]Process 20399 termed with signal 11(SIGSEGV)
PT_F40-2_bit_flip-250 Test Num : 7
Inject into ../bin/hello
----- Type : 2_bit_flip Pos : PT_F40 -----
There are 1 faults will be injected in faulttable...
100910 microseconds
Fault on PT_F40(0X7f22a0c2dee0 -> 0X8007f23a0c2dee0)
11 microseconds
[ 2016-10-27 12:5:43]Process 20401 termed with signal 11(SIGSEGV)
PT_F40-2_bit_flip-250 Test Num : 8
Inject into ../bin/hello
----- Type : 2_bit_flip Pos : PT_F40 -----
There are 1 faults will be injected in faulttable...
101445 microseconds
Fault on PT_F40(0X7fb8705a7ee0 -> 0X2007fb8705afee0)
14 microseconds
[ 2016-10-27 12:5:44]Process 20403 termed with signal 11(SIGSEGV)
PT_F40-2_bit_flip-250 Test Num : 9
Inject into ../bin/hello
----- Type : 2_bit_flip Pos : PT_F40 -----
There are 1 faults will be injected in faulttable...
101295 microseconds
Fault on PT_F40(0X7f796e844ee0 -> 0X2007f796e84cee0)
11 microseconds
[ 2016-10-27 12:5:44]Process 20405 termed with signal 11(SIGSEGV)
PT_F40-2_bit_flip-250 Test Num : 10
Inject into ../bin/hello
----- Type : 2_bit_flip Pos : PT_F40 -----
There are 1 faults will be injected in faulttable...
100075 microseconds
Fault on PT_F40(0X7f67c68f2ee0 -> 0X2007f67c68faee0)
20 microseconds
[ 2016-10-27 12:5:44]Process 20407 termed with signal 11(SIGSEGV)
PT_F40-2_bit_flip-250 Test Num : 11
Inject into ../bin/hello
----- Type : 2_bit_flip Pos : PT_F40 -----
There are 1 faults will be injected in faulttable...
101024 microseconds
Fault on PT_F40(0X7f7c8a452ee0 -> 0X2007f7c8a45aee0)
13 microseconds
[ 2016-10-27 12:5:44]Process 20409 termed with signal 11(SIGSEGV)
PT_F40-2_bit_flip-250 Test Num : 12
Inject into ../bin/hello
----- Type : 2_bit_flip Pos : PT_F40 -----
There are 1 faults will be injected in faulttable...
100115 microseconds
Fault on PT_F40(0X7f1959ca7ee0 -> 0X2007f1959cafee0)
11 microseconds
[ 2016-10-27 12:5:44]Process 20411 termed with signal 11(SIGSEGV)
PT_F40-2_bit_flip-250 Test Num : 13
Inject into ../bin/hello
----- Type : 2_bit_flip Pos : PT_F40 -----
There are 1 faults will be injected in faulttable...
100997 microseconds
Fault on PT_F40(0X7f290edecee0 -> 0X2007f290ede4ee0)
10 microseconds
[ 2016-10-27 12:5:44]Process 20413 termed with signal 11(SIGSEGV)
PT_F40-2_bit_flip-250 Test Num : 14
Inject into ../bin/hello
----- Type : 2_bit_flip Pos : PT_F40 -----
There are 1 faults will be injected in faulttable...
101023 microseconds
Fault on PT_F40(0X7f5542aaaee0 -> 0X2007f5542aa2ee0)
12 microseconds
[ 2016-10-27 12:5:44]Process 20415 termed with signal 11(SIGSEGV)
PT_F40-2_bit_flip-250 Test Num : 15
Inject into ../bin/hello
----- Type : 2_bit_flip Pos : PT_F40 -----
There are 1 faults will be injected in faulttable...
101077 microseconds
Fault on PT_F40(0X7fc5c7473ee0 -> 0X2007fc5c747bee0)
14 microseconds
[ 2016-10-27 12:5:44]Process 20417 termed with signal 11(SIGSEGV)
PT_F40-2_bit_flip-250 Test Num : 16
Inject into ../bin/hello
----- Type : 2_bit_flip Pos : PT_F40 -----
There are 1 faults will be injected in faulttable...
101274 microseconds
Fault on PT_F40(0X7faa21bceee0 -> 0X2007faa21bc6ee0)
12 microseconds
[ 2016-10-27 12:5:44]Process 20419 termed with signal 11(SIGSEGV)
PT_F40-2_bit_flip-250 Test Num : 17
Inject into ../bin/hello
----- Type : 2_bit_flip Pos : PT_F40 -----
There are 1 faults will be injected in faulttable...
101029 microseconds
Fault on PT_F40(0X7f3f2d28eee0 -> 0X4007f3f2d68eee0)
14 microseconds
[ 2016-10-27 12:5:45]Process 20421 termed with signal 11(SIGSEGV)
PT_F40-2_bit_flip-250 Test Num : 18
Inject into ../bin/hello
----- Type : 2_bit_flip Pos : PT_F40 -----
There are 1 faults will be injected in faulttable...
100959 microseconds
Fault on PT_F40(0X7f01c95eeee0 -> 0X4007f01c91eeee0)
12 microseconds
[ 2016-10-27 12:5:45]Process 20423 termed with signal 11(SIGSEGV)
PT_F40-2_bit_flip-250 Test Num : 19
Inject into ../bin/hello
----- Type : 2_bit_flip Pos : PT_F40 -----
There are 1 faults will be injected in faulttable...
101460 microseconds
Fault on PT_F40(0X7f86f190fee0 -> 0X4007f86f1d0fee0)
18 microseconds
[ 2016-10-27 12:5:45]Process 20425 termed with signal 11(SIGSEGV)
PT_F40-2_bit_flip-250 Test Num : 20
Inject into ../bin/hello
----- Type : 2_bit_flip Pos : PT_F40 -----
There are 1 faults will be injected in faulttable...
100923 microseconds
Fault on PT_F40(0X7f61263b6ee0 -> 0X4007f61267b6ee0)
12 microseconds
[ 2016-10-27 12:5:45]Process 20427 termed with signal 11(SIGSEGV)
PT_F40-2_bit_flip-250 Test Num : 21
Inject into ../bin/hello
----- Type : 2_bit_flip Pos : PT_F40 -----
There are 1 faults will be injected in faulttable...
100070 microseconds
Fault on PT_F40(0X7f6d3369eee0 -> 0X4007f6d3329eee0)
10 microseconds
[ 2016-10-27 12:5:45]Process 20429 termed with signal 11(SIGSEGV)
PT_F40-2_bit_flip-250 Test Num : 22
Inject into ../bin/hello
----- Type : 2_bit_flip Pos : PT_F40 -----
There are 1 faults will be injected in faulttable...
100899 microseconds
Fault on PT_F40(0X7fd8ba61aee0 -> 0X4007fd8ba21aee0)
10 microseconds
[ 2016-10-27 12:5:45]Process 20431 termed with signal 11(SIGSEGV)
PT_F40-2_bit_flip-250 Test Num : 23
Inject into ../bin/hello
----- Type : 2_bit_flip Pos : PT_F40 -----
There are 1 faults will be injected in faulttable...
100107 microseconds
Fault on PT_F40(0X7fe41b8aaee0 -> 0X4007fe41bcaaee0)
16 microseconds
[ 2016-10-27 12:5:45]Process 20433 termed with signal 11(SIGSEGV)
PT_F40-2_bit_flip-250 Test Num : 24
Inject into ../bin/hello
----- Type : 2_bit_flip Pos : PT_F40 -----
There are 1 faults will be injected in faulttable...
101382 microseconds
Fault on PT_F40(0X7f92abeedee0 -> 0X4007f92abaedee0)
11 microseconds
[ 2016-10-27 12:5:45]Process 20435 termed with signal 11(SIGSEGV)
PT_F40-2_bit_flip-250 Test Num : 25
Inject into ../bin/hello
----- Type : 2_bit_flip Pos : PT_F40 -----
There are 1 faults will be injected in faulttable...
100955 microseconds
Fault on PT_F40(0X7fbad30efee0 -> 0X4007fbad34efee0)
18 microseconds
[ 2016-10-27 12:5:45]Process 20437 termed with signal 11(SIGSEGV)
PT_F40-2_bit_flip-250 Test Num : 26
Inject into ../bin/hello
----- Type : 2_bit_flip Pos : PT_F40 -----
There are 1 faults will be injected in faulttable...
101100 microseconds
Fault on PT_F40(0X7f304ea5cee0 -> 0X4007f304ea58ee0)
12 microseconds
[ 2016-10-27 12:5:46]Process 20439 termed with signal 11(SIGSEGV)
PT_F40-2_bit_flip-250 Test Num : 27
Inject into ../bin/hello
----- Type : 2_bit_flip Pos : PT_F40 -----
There are 1 faults will be injected in faulttable...
100935 microseconds
Fault on PT_F40(0X7f5a337ebee0 -> 0X4007f5a337efee0)
10 microseconds
[ 2016-10-27 12:5:46]Process 20441 termed with signal 11(SIGSEGV)
PT_F40-2_bit_flip-250 Test Num : 28
Inject into ../bin/hello
----- Type : 2_bit_flip Pos : PT_F40 -----
There are 1 faults will be injected in faulttable...
101022 microseconds
Fault on PT_F40(0X7f48dd523ee0 -> 0X4007f48dd527ee0)
14 microseconds
[ 2016-10-27 12:5:46]Process 20443 termed with signal 11(SIGSEGV)
PT_F40-2_bit_flip-250 Test Num : 29
Inject into ../bin/hello
----- Type : 2_bit_flip Pos : PT_F40 -----
There are 1 faults will be injected in faulttable...
101166 microseconds
Fault on PT_F40(0X7fc19d203ee0 -> 0X4007fc19d207ee0)
15 microseconds
[ 2016-10-27 12:5:46]Process 20445 termed with signal 11(SIGSEGV)
PT_F40-2_bit_flip-250 Test Num : 30
Inject into ../bin/hello
----- Type : 2_bit_flip Pos : PT_F40 -----
There are 1 faults will be injected in faulttable...
100281 microseconds
Fault on PT_F40(0X7f5c7674cee0 -> 0X4007f5c76748ee0)
18 microseconds
[ 2016-10-27 12:5:46]Process 20447 termed with signal 11(SIGSEGV)
PT_F40-2_bit_flip-250 Test Num : 31
Inject into ../bin/hello
----- Type : 2_bit_flip Pos : PT_F40 -----
There are 1 faults will be injected in faulttable...
101534 microseconds
Fault on PT_F40(0X7f24b4a06ee0 -> 0X4007f24b4a02ee0)
12 microseconds
[ 2016-10-27 12:5:46]Process 20449 termed with signal 11(SIGSEGV)
PT_F40-2_bit_flip-250 Test Num : 32
Inject into ../bin/hello
----- Type : 2_bit_flip Pos : PT_F40 -----
There are 1 faults will be injected in faulttable...
101151 microseconds
Fault on PT_F40(0X7f8b3b302ee0 -> 0X4007f8b3b306ee0)
11 microseconds
[ 2016-10-27 12:5:46]Process 20451 termed with signal 11(SIGSEGV)
PT_F40-2_bit_flip-250 Test Num : 33
Inject into ../bin/hello
----- Type : 2_bit_flip Pos : PT_F40 -----
There are 1 faults will be injected in faulttable...
101029 microseconds
Fault on PT_F40(0X7fb57696fee0 -> 0X4007fb57696bee0)
18 microseconds
[ 2016-10-27 12:5:46]Process 20453 termed with signal 11(SIGSEGV)
PT_F40-2_bit_flip-250 Test Num : 34
Inject into ../bin/hello
----- Type : 2_bit_flip Pos : PT_F40 -----
There are 1 faults will be injected in faulttable...
101059 microseconds
Fault on PT_F40(0X7f9ee1357ee0 -> 0X4007f9ee1353ee0)
12 microseconds
[ 2016-10-27 12:5:46]Process 20455 termed with signal 11(SIGSEGV)
PT_F40-2_bit_flip-250 Test Num : 35
Inject into ../bin/hello
----- Type : 2_bit_flip Pos : PT_F40 -----
There are 1 faults will be injected in faulttable...
100947 microseconds
Fault on PT_F40(0X7ff610789ee0 -> 0X7ff610789ca0)
3000113 microseconds
timeout
[ 2016-10-27 12:5:50]Process 20457 termed with signal 14(SIGALRM)
PT_F40-2_bit_flip-250 Test Num : 36
Inject into ../bin/hello
----- Type : 2_bit_flip Pos : PT_F40 -----
There are 1 faults will be injected in faulttable...
101199 microseconds
Fault on PT_F40(0X7fc4193d3ee0 -> 0X7fc4993d3ce0)
20 microseconds
[ 2016-10-27 12:5:50]Process 20459 termed with signal 11(SIGSEGV)
PT_F40-2_bit_flip-250 Test Num : 37
Inject into ../bin/hello
----- Type : 2_bit_flip Pos : PT_F40 -----
There are 1 faults will be injected in faulttable...
100369 microseconds
Fault on PT_F40(0X7f274f6e8ee0 -> 0X7f27cf6e8ce0)
22 microseconds
[ 2016-10-27 12:5:50]Process 20461 termed with signal 11(SIGSEGV)
PT_F40-2_bit_flip-250 Test Num : 38
Inject into ../bin/hello
----- Type : 2_bit_flip Pos : PT_F40 -----
There are 1 faults will be injected in faulttable...
101201 microseconds
Fault on PT_F40(0X7f3946004ee0 -> 0X7f39c6004ce0)
21 microseconds
[ 2016-10-27 12:5:50]Process 20463 termed with signal 11(SIGSEGV)
PT_F40-2_bit_flip-250 Test Num : 39
Inject into ../bin/hello
----- Type : 2_bit_flip Pos : PT_F40 -----
There are 1 faults will be injected in faulttable...
101239 microseconds
Fault on PT_F40(0X7f74d3c68ee0 -> 0X7f7453c68ce0)
13 microseconds
[ 2016-10-27 12:5:50]Process 20465 termed with signal 11(SIGSEGV)
PT_F40-2_bit_flip-250 Test Num : 40
Inject into ../bin/hello
----- Type : 2_bit_flip Pos : PT_F40 -----
There are 1 faults will be injected in faulttable...
100103 microseconds
Fault on PT_F40(0X7f3a49b98ee0 -> 0X7f3ac9b98ce0)
23 microseconds
[ 2016-10-27 12:5:50]Process 20467 termed with signal 11(SIGSEGV)
PT_F40-2_bit_flip-250 Test Num : 41
Inject into ../bin/hello
----- Type : 2_bit_flip Pos : PT_F40 -----
There are 1 faults will be injected in faulttable...
101732 microseconds
Fault on PT_F40(0X7f21075d1ee0 -> 0X7f21875d1ce0)
23 microseconds
[ 2016-10-27 12:5:50]Process 20469 termed with signal 11(SIGSEGV)
PT_F40-2_bit_flip-250 Test Num : 42
Inject into ../bin/hello
----- Type : 2_bit_flip Pos : PT_F40 -----
There are 1 faults will be injected in faulttable...
101218 microseconds
Fault on PT_F40(0X7fea06d2dee0 -> 0X7fea86d2dce0)
19 microseconds
[ 2016-10-27 12:5:50]Process 20471 termed with signal 11(SIGSEGV)
PT_F40-2_bit_flip-250 Test Num : 43
Inject into ../bin/hello
----- Type : 2_bit_flip Pos : PT_F40 -----
There are 1 faults will be injected in faulttable...
101190 microseconds
Fault on PT_F40(0X7f0f57122ee0 -> 0X7f0fd7122ce0)
22 microseconds
[ 2016-10-27 12:5:50]Process 20473 termed with signal 11(SIGSEGV)
PT_F40-2_bit_flip-250 Test Num : 44
Inject into ../bin/hello
----- Type : 2_bit_flip Pos : PT_F40 -----
There are 1 faults will be injected in faulttable...
101053 microseconds
Fault on PT_F40(0X7fcf0583eee0 -> 0X7f8f0583efe0)
14 microseconds
[ 2016-10-27 12:5:51]Process 20475 termed with signal 11(SIGSEGV)
PT_F40-2_bit_flip-250 Test Num : 45
Inject into ../bin/hello
----- Type : 2_bit_flip Pos : PT_F40 -----
There are 1 faults will be injected in faulttable...
101142 microseconds
Fault on PT_F40(0X7ffb99480ee0 -> 0X7fbb99480fe0)
14 microseconds
[ 2016-10-27 12:5:51]Process 20477 termed with signal 11(SIGSEGV)
PT_F40-2_bit_flip-250 Test Num : 46
Inject into ../bin/hello
----- Type : 2_bit_flip Pos : PT_F40 -----
There are 1 faults will be injected in faulttable...
101174 microseconds
Fault on PT_F40(0X7f348b7e4ee0 -> 0X7f748b7e4fe0)
20 microseconds
[ 2016-10-27 12:5:51]Process 20479 termed with signal 11(SIGSEGV)
PT_F40-2_bit_flip-250 Test Num : 47
Inject into ../bin/hello
----- Type : 2_bit_flip Pos : PT_F40 -----
There are 1 faults will be injected in faulttable...
101296 microseconds
Fault on PT_F40(0X7f58f1ef1ee0 -> 0X7f18f1ef1fe0)
15 microseconds
[ 2016-10-27 12:5:51]Process 20481 termed with signal 11(SIGSEGV)
PT_F40-2_bit_flip-250 Test Num : 48
Inject into ../bin/hello
----- Type : 2_bit_flip Pos : PT_F40 -----
There are 1 faults will be injected in faulttable...
101300 microseconds
Fault on PT_F40(0X7f4253ff0ee0 -> 0X7f0253ff0fe0)
13 microseconds
[ 2016-10-27 12:5:51]Process 20483 termed with signal 11(SIGSEGV)
PT_F40-2_bit_flip-250 Test Num : 49
Inject into ../bin/hello
----- Type : 2_bit_flip Pos : PT_F40 -----
There are 1 faults will be injected in faulttable...
101034 microseconds
Fault on PT_F40(0X7fdbb64a6ee0 -> 0X7f9bb64a6fe0)
13 microseconds
[ 2016-10-27 12:5:51]Process 20485 termed with signal 11(SIGSEGV)
PT_F40-2_bit_flip-250 Test Num : 50
Inject into ../bin/hello
----- Type : 2_bit_flip Pos : PT_F40 -----
There are 1 faults will be injected in faulttable...
101056 microseconds
Fault on PT_F40(0X7f1baf3efee0 -> 0X7f5baf3effe0)
11 microseconds
[ 2016-10-27 12:5:51]Process 20487 termed with signal 11(SIGSEGV)
PT_F40-2_bit_flip-250 Test Num : 51
Inject into ../bin/hello
----- Type : 2_bit_flip Pos : PT_F40 -----
There are 1 faults will be injected in faulttable...
101221 microseconds
Fault on PT_F40(0X7efd821d9ee0 -> 0X7ebd821d9fe0)
14 microseconds
[ 2016-10-27 12:5:51]Process 20489 termed with signal 11(SIGSEGV)
PT_F40-2_bit_flip-250 Test Num : 52
Inject into ../bin/hello
----- Type : 2_bit_flip Pos : PT_F40 -----
There are 1 faults will be injected in faulttable...
101117 microseconds
Fault on PT_F40(0X7f26c2b55ee0 -> 0X7f66c2b55fe0)
17 microseconds
[ 2016-10-27 12:5:51]Process 20491 termed with signal 11(SIGSEGV)
PT_F40-2_bit_flip-250 Test Num : 53
Inject into ../bin/hello
----- Type : 2_bit_flip Pos : PT_F40 -----
There are 1 faults will be injected in faulttable...
100068 microseconds
Fault on PT_F40(0X7f43d9d7fee0 -> 0X27f43ddd7fee0)
11 microseconds
[ 2016-10-27 12:5:52]Process 20493 termed with signal 11(SIGSEGV)
PT_F40-2_bit_flip-250 Test Num : 54
Inject into ../bin/hello
----- Type : 2_bit_flip Pos : PT_F40 -----
There are 1 faults will be injected in faulttable...
101112 microseconds
Fault on PT_F40(0X7fe945b1bee0 -> 0X27fe941b1bee0)
16 microseconds
[ 2016-10-27 12:5:52]Process 20495 termed with signal 11(SIGSEGV)
PT_F40-2_bit_flip-250 Test Num : 55
Inject into ../bin/hello
----- Type : 2_bit_flip Pos : PT_F40 -----
There are 1 faults will be injected in faulttable...
101027 microseconds
Fault on PT_F40(0X7fc2ca9edee0 -> 0X27fc2ce9edee0)
14 microseconds
[ 2016-10-27 12:5:52]Process 20497 termed with signal 11(SIGSEGV)
PT_F40-2_bit_flip-250 Test Num : 56
Inject into ../bin/hello
----- Type : 2_bit_flip Pos : PT_F40 -----
There are 1 faults will be injected in faulttable...
101361 microseconds
Fault on PT_F40(0X7f80730f1ee0 -> 0X27f80770f1ee0)
20 microseconds
[ 2016-10-27 12:5:52]Process 20499 termed with signal 11(SIGSEGV)
PT_F40-2_bit_flip-250 Test Num : 57
Inject into ../bin/hello
----- Type : 2_bit_flip Pos : PT_F40 -----
There are 1 faults will be injected in faulttable...
101298 microseconds
Fault on PT_F40(0X7fd0012c9ee0 -> 0X27fd0052c9ee0)
20 microseconds
[ 2016-10-27 12:5:52]Process 20501 termed with signal 11(SIGSEGV)
PT_F40-2_bit_flip-250 Test Num : 58
Inject into ../bin/hello
----- Type : 2_bit_flip Pos : PT_F40 -----
There are 1 faults will be injected in faulttable...
101115 microseconds
Fault on PT_F40(0X7f12a08c0ee0 -> 0X27f12a48c0ee0)
10 microseconds
[ 2016-10-27 12:5:52]Process 20503 termed with signal 11(SIGSEGV)
PT_F40-2_bit_flip-250 Test Num : 59
Inject into ../bin/hello
----- Type : 2_bit_flip Pos : PT_F40 -----
There are 1 faults will be injected in faulttable...
101036 microseconds
Fault on PT_F40(0X7f008bc16ee0 -> 0X27f008fc16ee0)
12 microseconds
[ 2016-10-27 12:5:52]Process 20505 termed with signal 11(SIGSEGV)
PT_F40-2_bit_flip-250 Test Num : 60
Inject into ../bin/hello
----- Type : 2_bit_flip Pos : PT_F40 -----
There are 1 faults will be injected in faulttable...
100104 microseconds
Fault on PT_F40(0X7faf6fe7dee0 -> 0X27faf6be7dee0)
18 microseconds
[ 2016-10-27 12:5:52]Process 20507 termed with signal 11(SIGSEGV)
PT_F40-2_bit_flip-250 Test Num : 61
Inject into ../bin/hello
----- Type : 2_bit_flip Pos : PT_F40 -----
There are 1 faults will be injected in faulttable...
101267 microseconds
Fault on PT_F40(0X7f6150ac6ee0 -> 0X27f6154ac6ee0)
11 microseconds
[ 2016-10-27 12:5:52]Process 20509 termed with signal 11(SIGSEGV)
PT_F40-2_bit_flip-250 Test Num : 62
Inject into ../bin/hello
----- Type : 2_bit_flip Pos : PT_F40 -----
There are 1 faults will be injected in faulttable...
101087 microseconds
Fault on PT_F40(0X7fc69418bee0 -> 0X7fc69498b6e0)
26 microseconds
[ 2016-10-27 12:5:53]Process 20511 termed with signal 11(SIGSEGV)
PT_F40-2_bit_flip-250 Test Num : 63
Inject into ../bin/hello
----- Type : 2_bit_flip Pos : PT_F40 -----
There are 1 faults will be injected in faulttable...
101078 microseconds
Fault on PT_F40(0X7fe212b8cee0 -> 0X7fe21238c6e0)
13 microseconds
[ 2016-10-27 12:5:53]Process 20513 termed with signal 11(SIGSEGV)
PT_F40-2_bit_flip-250 Test Num : 64
Inject into ../bin/hello
----- Type : 2_bit_flip Pos : PT_F40 -----
There are 1 faults will be injected in faulttable...
101230 microseconds
Fault on PT_F40(0X7f7aa26b9ee0 -> 0X7f7aa2eb96e0)
13 microseconds
[ 2016-10-27 12:5:53]Process 20515 termed with signal 11(SIGSEGV)
PT_F40-2_bit_flip-250 Test Num : 65
Inject into ../bin/hello
----- Type : 2_bit_flip Pos : PT_F40 -----
There are 1 faults will be injected in faulttable...
101258 microseconds
Fault on PT_F40(0X7f4113debee0 -> 0X7f41135eb6e0)
13 microseconds
[ 2016-10-27 12:5:53]Process 20517 termed with signal 11(SIGSEGV)
PT_F40-2_bit_flip-250 Test Num : 66
Inject into ../bin/hello
----- Type : 2_bit_flip Pos : PT_F40 -----
There are 1 faults will be injected in faulttable...
101215 microseconds
Fault on PT_F40(0X7f8b6f815ee0 -> 0X7f8b6f0156e0)
12 microseconds
[ 2016-10-27 12:5:53]Process 20519 termed with signal 11(SIGSEGV)
PT_F40-2_bit_flip-250 Test Num : 67
Inject into ../bin/hello
----- Type : 2_bit_flip Pos : PT_F40 -----
There are 1 faults will be injected in faulttable...
100978 microseconds
Fault on PT_F40(0X7f7e96630ee0 -> 0X7f7e96e306e0)
10 microseconds
[ 2016-10-27 12:5:53]Process 20521 termed with signal 11(SIGSEGV)
PT_F40-2_bit_flip-250 Test Num : 68
Inject into ../bin/hello
----- Type : 2_bit_flip Pos : PT_F40 -----
There are 1 faults will be injected in faulttable...
101059 microseconds
Fault on PT_F40(0X7f1666d37ee0 -> 0X7f16665376e0)
19 microseconds
[ 2016-10-27 12:5:53]Process 20523 termed with signal 11(SIGSEGV)
PT_F40-2_bit_flip-250 Test Num : 69
Inject into ../bin/hello
----- Type : 2_bit_flip Pos : PT_F40 -----
There are 1 faults will be injected in faulttable...
101157 microseconds
Fault on PT_F40(0X7fc3070aeee0 -> 0X7fc3078ae6e0)
12 microseconds
[ 2016-10-27 12:5:53]Process 20525 termed with signal 11(SIGSEGV)
PT_F40-2_bit_flip-250 Test Num : 70
Inject into ../bin/hello
----- Type : 2_bit_flip Pos : PT_F40 -----
There are 1 faults will be injected in faulttable...
101179 microseconds
Fault on PT_F40(0X7f34cc926ee0 -> 0X7f34cc1266e0)
11 microseconds
[ 2016-10-27 12:5:53]Process 20527 termed with signal 11(SIGSEGV)
PT_F40-2_bit_flip-250 Test Num : 71
Inject into ../bin/hello
----- Type : 2_bit_flip Pos : PT_F40 -----
There are 1 faults will be injected in faulttable...
101061 microseconds
Fault on PT_F40(0X7f32dfa70ee0 -> 0X7f22dfa74ee0)
30 microseconds
[ 2016-10-27 12:5:54]Process 20529 termed with signal 11(SIGSEGV)
PT_F40-2_bit_flip-250 Test Num : 72
Inject into ../bin/hello
----- Type : 2_bit_flip Pos : PT_F40 -----
There are 1 faults will be injected in faulttable...
101094 microseconds
Fault on PT_F40(0X7fee3a917ee0 -> 0X7ffe3a913ee0)
12 microseconds
[ 2016-10-27 12:5:54]Process 20531 termed with signal 11(SIGSEGV)
PT_F40-2_bit_flip-250 Test Num : 73
Inject into ../bin/hello
----- Type : 2_bit_flip Pos : PT_F40 -----
There are 1 faults will be injected in faulttable...
101171 microseconds
Fault on PT_F40(0X7f60c34baee0 -> 0X7f70c34beee0)
20 microseconds
[ 2016-10-27 12:5:54]Process 20533 termed with signal 11(SIGSEGV)
PT_F40-2_bit_flip-250 Test Num : 74
Inject into ../bin/hello
----- Type : 2_bit_flip Pos : PT_F40 -----
There are 1 faults will be injected in faulttable...
101097 microseconds
Fault on PT_F40(0X7f62132a0ee0 -> 0X7f72132a4ee0)
23 microseconds
[ 2016-10-27 12:5:54]Process 20535 termed with signal 11(SIGSEGV)
PT_F40-2_bit_flip-250 Test Num : 75
Inject into ../bin/hello
----- Type : 2_bit_flip Pos : PT_F40 -----
There are 1 faults will be injected in faulttable...
101179 microseconds
Fault on PT_F40(0X7f726be2bee0 -> 0X7f626be2fee0)
19 microseconds
[ 2016-10-27 12:5:54]Process 20537 termed with signal 11(SIGSEGV)
PT_F40-2_bit_flip-250 Test Num : 76
Inject into ../bin/hello
----- Type : 2_bit_flip Pos : PT_F40 -----
There are 1 faults will be injected in faulttable...
101067 microseconds
Fault on PT_F40(0X7f7a3f1e7ee0 -> 0X7f6a3f1e3ee0)
24 microseconds
[ 2016-10-27 12:5:54]Process 20539 termed with signal 11(SIGSEGV)
PT_F40-2_bit_flip-250 Test Num : 77
Inject into ../bin/hello
----- Type : 2_bit_flip Pos : PT_F40 -----
There are 1 faults will be injected in faulttable...
101174 microseconds
Fault on PT_F40(0X7f805ad0dee0 -> 0X7f905ad09ee0)
14 microseconds
[ 2016-10-27 12:5:54]Process 20541 termed with signal 11(SIGSEGV)
PT_F40-2_bit_flip-250 Test Num : 78
Inject into ../bin/hello
----- Type : 2_bit_flip Pos : PT_F40 -----
There are 1 faults will be injected in faulttable...
100977 microseconds
Fault on PT_F40(0X7fc086df0ee0 -> 0X7fd086df4ee0)
15 microseconds
[ 2016-10-27 12:5:54]Process 20543 termed with signal 11(SIGSEGV)
PT_F40-2_bit_flip-250 Test Num : 79
Inject into ../bin/hello
----- Type : 2_bit_flip Pos : PT_F40 -----
There are 1 faults will be injected in faulttable...
101330 microseconds
Fault on PT_F40(0X7effda865ee0 -> 0X7eefda861ee0)
161 microseconds
[ 2016-10-27 12:5:54]Process 20545 termed with signal 11(SIGSEGV)
PT_F40-2_bit_flip-250 Test Num : 80
Inject into ../bin/hello
----- Type : 2_bit_flip Pos : PT_F40 -----
There are 1 faults will be injected in faulttable...
100123 microseconds
Fault on PT_F40(0X7f9be80edee0 -> 0X7f8be80e9ee0)
15 microseconds
[ 2016-10-27 12:5:54]Process 20547 termed with signal 11(SIGSEGV)
PT_F40-2_bit_flip-250 Test Num : 81
Inject into ../bin/hello
----- Type : 2_bit_flip Pos : PT_F40 -----
There are 1 faults will be injected in faulttable...
101063 microseconds
Fault on PT_F40(0X7f038d1abee0 -> 0X7f039d1abee1)
14 microseconds
[ 2016-10-27 12:5:55]Process 20549 termed with signal 11(SIGSEGV)
PT_F40-2_bit_flip-250 Test Num : 82
Inject into ../bin/hello
----- Type : 2_bit_flip Pos : PT_F40 -----
There are 1 faults will be injected in faulttable...
101257 microseconds
Fault on PT_F40(0X7f909637bee0 -> 0X7f908637bee1)
18 microseconds
[ 2016-10-27 12:5:55]Process 20551 termed with signal 11(SIGSEGV)
PT_F40-2_bit_flip-250 Test Num : 83
Inject into ../bin/hello
----- Type : 2_bit_flip Pos : PT_F40 -----
There are 1 faults will be injected in faulttable...
101043 microseconds
Fault on PT_F40(0X7fc930e6fee0 -> 0X7fc920e6fee1)
14 microseconds
[ 2016-10-27 12:5:55]Process 20553 termed with signal 11(SIGSEGV)
PT_F40-2_bit_flip-250 Test Num : 84
Inject into ../bin/hello
----- Type : 2_bit_flip Pos : PT_F40 -----
There are 1 faults will be injected in faulttable...
101340 microseconds
Fault on PT_F40(0X7f73135a3ee0 -> 0X7f73035a3ee1)
14 microseconds
[ 2016-10-27 12:5:55]Process 20555 termed with signal 11(SIGSEGV)
PT_F40-2_bit_flip-250 Test Num : 85
Inject into ../bin/hello
----- Type : 2_bit_flip Pos : PT_F40 -----
There are 1 faults will be injected in faulttable...
101069 microseconds
Fault on PT_F40(0X7ff91869fee0 -> 0X7ff90869fee1)
18 microseconds
[ 2016-10-27 12:5:55]Process 20557 termed with signal 11(SIGSEGV)
PT_F40-2_bit_flip-250 Test Num : 86
Inject into ../bin/hello
----- Type : 2_bit_flip Pos : PT_F40 -----
There are 1 faults will be injected in faulttable...
100932 microseconds
Fault on PT_F40(0X7f28b0814ee0 -> 0X7f28a0814ee1)
10 microseconds
[ 2016-10-27 12:5:55]Process 20559 termed with signal 11(SIGSEGV)
PT_F40-2_bit_flip-250 Test Num : 87
Inject into ../bin/hello
----- Type : 2_bit_flip Pos : PT_F40 -----
There are 1 faults will be injected in faulttable...
101026 microseconds
Fault on PT_F40(0X7f1c28635ee0 -> 0X7f1c38635ee1)
19 microseconds
[ 2016-10-27 12:5:55]Process 20561 termed with signal 11(SIGSEGV)
PT_F40-2_bit_flip-250 Test Num : 88
Inject into ../bin/hello
----- Type : 2_bit_flip Pos : PT_F40 -----
There are 1 faults will be injected in faulttable...
100103 microseconds
Fault on PT_F40(0X7f5cd1527ee0 -> 0X7f5cc1527ee1)
18 microseconds
[ 2016-10-27 12:5:55]Process 20563 termed with signal 11(SIGSEGV)
PT_F40-2_bit_flip-250 Test Num : 89
Inject into ../bin/hello
----- Type : 2_bit_flip Pos : PT_F40 -----
There are 1 faults will be injected in faulttable...
101146 microseconds
Fault on PT_F40(0X7fc4f3b21ee0 -> 0X7fc4e3b21ee1)
13 microseconds
[ 2016-10-27 12:5:55]Process 20565 termed with signal 11(SIGSEGV)
PT_F40-2_bit_flip-250 Test Num : 90
Inject into ../bin/hello
----- Type : 2_bit_flip Pos : PT_F40 -----
There are 1 faults will be injected in faulttable...
100107 microseconds
Fault on PT_F40(0X7fa1dbba1ee0 -> 0X7fa1dbba7ee0)
23 microseconds
[ 2016-10-27 12:5:56]Process 20567 termed with signal 11(SIGSEGV)
PT_F40-2_bit_flip-250 Test Num : 91
Inject into ../bin/hello
----- Type : 2_bit_flip Pos : PT_F40 -----
There are 1 faults will be injected in faulttable...
101112 microseconds
Fault on PT_F40(0X7fbe383f9ee0 -> 0X7fbe383ffee0)
28 microseconds
[ 2016-10-27 12:5:56]Process 20569 termed with signal 11(SIGSEGV)
PT_F40-2_bit_flip-250 Test Num : 92
Inject into ../bin/hello
----- Type : 2_bit_flip Pos : PT_F40 -----
There are 1 faults will be injected in faulttable...
101087 microseconds
Fault on PT_F40(0X7f8f7b74aee0 -> 0X7f8f7b74cee0)
29 microseconds
[ 2016-10-27 12:5:56]Process 20571 termed with signal 4(SIGILL)
PT_F40-2_bit_flip-250 Test Num : 93
Inject into ../bin/hello
----- Type : 2_bit_flip Pos : PT_F40 -----
There are 1 faults will be injected in faulttable...
101077 microseconds
Fault on PT_F40(0X7f7abc3b0ee0 -> 0X7f7abc3b6ee0)
22 microseconds
[ 2016-10-27 12:5:56]Process 20573 termed with signal 11(SIGSEGV)
PT_F40-2_bit_flip-250 Test Num : 94
Inject into ../bin/hello
----- Type : 2_bit_flip Pos : PT_F40 -----
There are 1 faults will be injected in faulttable...
101148 microseconds
Fault on PT_F40(0X7f8bcedbdee0 -> 0X7f8bcedbbee0)
20 microseconds
[ 2016-10-27 12:5:56]Process 20575 termed with signal 11(SIGSEGV)
PT_F40-2_bit_flip-250 Test Num : 95
Inject into ../bin/hello
----- Type : 2_bit_flip Pos : PT_F40 -----
There are 1 faults will be injected in faulttable...
101091 microseconds
Fault on PT_F40(0X7f2dd40f6ee0 -> 0X7f2dd40f0ee0)
23 microseconds
[ 2016-10-27 12:5:56]Process 20577 termed with signal 4(SIGILL)
PT_F40-2_bit_flip-250 Test Num : 96
Inject into ../bin/hello
----- Type : 2_bit_flip Pos : PT_F40 -----
There are 1 faults will be injected in faulttable...
100125 microseconds
Fault on PT_F40(0X7f0b5bd1cee0 -> 0X7f0b5bd1aee0)
20 microseconds
[ 2016-10-27 12:5:56]Process 20579 termed with signal 11(SIGSEGV)
PT_F40-2_bit_flip-250 Test Num : 97
Inject into ../bin/hello
----- Type : 2_bit_flip Pos : PT_F40 -----
There are 1 faults will be injected in faulttable...
101215 microseconds
Fault on PT_F40(0X7eff25c11ee0 -> 0X7eff25c17ee0)
33 microseconds
[ 2016-10-27 12:5:56]Process 20581 termed with signal 11(SIGSEGV)
PT_F40-2_bit_flip-250 Test Num : 98
Inject into ../bin/hello
----- Type : 2_bit_flip Pos : PT_F40 -----
There are 1 faults will be injected in faulttable...
101329 microseconds
Fault on PT_F40(0X7f857a51aee0 -> 0X7f857a51cee0)
31 microseconds
[ 2016-10-27 12:5:56]Process 20583 termed with signal 4(SIGILL)
PT_F40-2_bit_flip-250 Test Num : 99
Inject into ../bin/hello
----- Type : 2_bit_flip Pos : PT_F40 -----
There are 1 faults will be injected in faulttable...
101222 microseconds
Fault on PT_F40(0X7f2ed0696ee0 -> 0X40007f0ed0696ee0)
19 microseconds
[ 2016-10-27 12:5:57]Process 20585 termed with signal 11(SIGSEGV)
PT_F40-2_bit_flip-250 Test Num : 100
Inject into ../bin/hello
----- Type : 2_bit_flip Pos : PT_F40 -----
There are 1 faults will be injected in faulttable...
101073 microseconds
Fault on PT_F40(0X7f5dc3bc8ee0 -> 0X40007f7dc3bc8ee0)
12 microseconds
[ 2016-10-27 12:5:57]Process 20587 termed with signal 11(SIGSEGV)
PT_F40-2_bit_flip-250 Test Num : 101
Inject into ../bin/hello
----- Type : 2_bit_flip Pos : PT_F40 -----
There are 1 faults will be injected in faulttable...
101102 microseconds
Fault on PT_F40(0X7f1d0c998ee0 -> 0X40007f3d0c998ee0)
20 microseconds
[ 2016-10-27 12:5:57]Process 20589 termed with signal 11(SIGSEGV)
PT_F40-2_bit_flip-250 Test Num : 102
Inject into ../bin/hello
----- Type : 2_bit_flip Pos : PT_F40 -----
There are 1 faults will be injected in faulttable...
101434 microseconds
Fault on PT_F40(0X7f45161d6ee0 -> 0X40007f65161d6ee0)
13 microseconds
[ 2016-10-27 12:5:57]Process 20591 termed with signal 11(SIGSEGV)
PT_F40-2_bit_flip-250 Test Num : 103
Inject into ../bin/hello
----- Type : 2_bit_flip Pos : PT_F40 -----
There are 1 faults will be injected in faulttable...
100936 microseconds
Fault on PT_F40(0X7fdfbba9aee0 -> 0X40007fffbba9aee0)
13 microseconds
[ 2016-10-27 12:5:57]Process 20593 termed with signal 11(SIGSEGV)
PT_F40-2_bit_flip-250 Test Num : 104
Inject into ../bin/hello
----- Type : 2_bit_flip Pos : PT_F40 -----
There are 1 faults will be injected in faulttable...
100082 microseconds
Fault on PT_F40(0X7efdd83b1ee0 -> 0X40007eddd83b1ee0)
21 microseconds
[ 2016-10-27 12:5:57]Process 20595 termed with signal 11(SIGSEGV)
PT_F40-2_bit_flip-250 Test Num : 105
Inject into ../bin/hello
----- Type : 2_bit_flip Pos : PT_F40 -----
There are 1 faults will be injected in faulttable...
100977 microseconds
Fault on PT_F40(0X7fa97b7cdee0 -> 0X40007f897b7cdee0)
17 microseconds
[ 2016-10-27 12:5:57]Process 20597 termed with signal 11(SIGSEGV)
PT_F40-2_bit_flip-250 Test Num : 106
Inject into ../bin/hello
----- Type : 2_bit_flip Pos : PT_F40 -----
There are 1 faults will be injected in faulttable...
100992 microseconds
Fault on PT_F40(0X7f3b024d5ee0 -> 0X40007f1b024d5ee0)
20 microseconds
[ 2016-10-27 12:5:57]Process 20599 termed with signal 11(SIGSEGV)
PT_F40-2_bit_flip-250 Test Num : 107
Inject into ../bin/hello
----- Type : 2_bit_flip Pos : PT_F40 -----
There are 1 faults will be injected in faulttable...
100957 microseconds
Fault on PT_F40(0X7f7008973ee0 -> 0X40007f5008973ee0)
9 microseconds
[ 2016-10-27 12:5:57]Process 20601 termed with signal 11(SIGSEGV)
PT_F40-2_bit_flip-250 Test Num : 108
Inject into ../bin/hello
----- Type : 2_bit_flip Pos : PT_F40 -----
There are 1 faults will be injected in faulttable...
100980 microseconds
Fault on PT_F40(0X7f620b0dcee0 -> 0X2007f620f0dcee0)
11 microseconds
[ 2016-10-27 12:5:58]Process 20603 termed with signal 11(SIGSEGV)
PT_F40-2_bit_flip-250 Test Num : 109
Inject into ../bin/hello
----- Type : 2_bit_flip Pos : PT_F40 -----
There are 1 faults will be injected in faulttable...
100964 microseconds
Fault on PT_F40(0X7f5e2d714ee0 -> 0X2007f5e29714ee0)
9 microseconds
[ 2016-10-27 12:5:58]Process 20605 termed with signal 11(SIGSEGV)
PT_F40-2_bit_flip-250 Test Num : 110
Inject into ../bin/hello
----- Type : 2_bit_flip Pos : PT_F40 -----
There are 1 faults will be injected in faulttable...
101073 microseconds
Fault on PT_F40(0X7f37bfefeee0 -> 0X2007f37bbefeee0)
15 microseconds
[ 2016-10-27 12:5:58]Process 20607 termed with signal 11(SIGSEGV)
PT_F40-2_bit_flip-250 Test Num : 111
Inject into ../bin/hello
----- Type : 2_bit_flip Pos : PT_F40 -----
There are 1 faults will be injected in faulttable...
101040 microseconds
Fault on PT_F40(0X7fc681e26ee0 -> 0X2007fc685e26ee0)
17 microseconds
[ 2016-10-27 12:5:58]Process 20609 termed with signal 11(SIGSEGV)
PT_F40-2_bit_flip-250 Test Num : 112
Inject into ../bin/hello
----- Type : 2_bit_flip Pos : PT_F40 -----
There are 1 faults will be injected in faulttable...
101167 microseconds
Fault on PT_F40(0X7f75ec423ee0 -> 0X2007f75e8423ee0)
19 microseconds
[ 2016-10-27 12:5:58]Process 20611 termed with signal 11(SIGSEGV)
PT_F40-2_bit_flip-250 Test Num : 113
Inject into ../bin/hello
----- Type : 2_bit_flip Pos : PT_F40 -----
There are 1 faults will be injected in faulttable...
100113 microseconds
Fault on PT_F40(0X7f8f180b3ee0 -> 0X2007f8f1c0b3ee0)
11 microseconds
[ 2016-10-27 12:5:58]Process 20613 termed with signal 11(SIGSEGV)
PT_F40-2_bit_flip-250 Test Num : 114
Inject into ../bin/hello
----- Type : 2_bit_flip Pos : PT_F40 -----
There are 1 faults will be injected in faulttable...
100073 microseconds
Fault on PT_F40(0X7fd1435faee0 -> 0X2007fd1475faee0)
13 microseconds
[ 2016-10-27 12:5:58]Process 20615 termed with signal 11(SIGSEGV)
PT_F40-2_bit_flip-250 Test Num : 115
Inject into ../bin/hello
----- Type : 2_bit_flip Pos : PT_F40 -----
There are 1 faults will be injected in faulttable...
101111 microseconds
Fault on PT_F40(0X7f1f530f4ee0 -> 0X2007f1f570f4ee0)
14 microseconds
[ 2016-10-27 12:5:58]Process 20617 termed with signal 11(SIGSEGV)
PT_F40-2_bit_flip-250 Test Num : 116
Inject into ../bin/hello
----- Type : 2_bit_flip Pos : PT_F40 -----
There are 1 faults will be injected in faulttable...
100083 microseconds
Fault on PT_F40(0X7fc0d2f14ee0 -> 0X2007fc0d6f14ee0)
13 microseconds
[ 2016-10-27 12:5:58]Process 20619 termed with signal 11(SIGSEGV)
PT_F40-2_bit_flip-250 Test Num : 117
Inject into ../bin/hello
----- Type : 2_bit_flip Pos : PT_F40 -----
There are 1 faults will be injected in faulttable...
100966 microseconds
Fault on PT_F40(0X7f1f4a296ee0 -> 0X7f1f4a2962e0)
13 microseconds
[ 2016-10-27 12:5:59]Process 20621 termed with signal 11(SIGSEGV)
PT_F40-2_bit_flip-250 Test Num : 118
Inject into ../bin/hello
----- Type : 2_bit_flip Pos : PT_F40 -----
There are 1 faults will be injected in faulttable...
100917 microseconds
Fault on PT_F40(0X7f7c4ae4eee0 -> 0X7f7c4ae4e2e0)
18 microseconds
[ 2016-10-27 12:5:59]Process 20623 termed with signal 11(SIGSEGV)
PT_F40-2_bit_flip-250 Test Num : 119
Inject into ../bin/hello
----- Type : 2_bit_flip Pos : PT_F40 -----
There are 1 faults will be injected in faulttable...
100967 microseconds
Fault on PT_F40(0X7f453f289ee0 -> 0X7f453f2892e0)
15 microseconds
[ 2016-10-27 12:5:59]Process 20625 termed with signal 11(SIGSEGV)
PT_F40-2_bit_flip-250 Test Num : 120
Inject into ../bin/hello
----- Type : 2_bit_flip Pos : PT_F40 -----
There are 1 faults will be injected in faulttable...
100894 microseconds
Fault on PT_F40(0X7fa8696e3ee0 -> 0X7fa8696e32e0)
13 microseconds
[ 2016-10-27 12:5:59]Process 20627 termed with signal 11(SIGSEGV)
PT_F40-2_bit_flip-250 Test Num : 121
Inject into ../bin/hello
----- Type : 2_bit_flip Pos : PT_F40 -----
There are 1 faults will be injected in faulttable...
101072 microseconds
Fault on PT_F40(0X7f8643eebee0 -> 0X7f8643eeb2e0)
21 microseconds
[ 2016-10-27 12:5:59]Process 20629 termed with signal 11(SIGSEGV)
PT_F40-2_bit_flip-250 Test Num : 122
Inject into ../bin/hello
----- Type : 2_bit_flip Pos : PT_F40 -----
There are 1 faults will be injected in faulttable...
101284 microseconds
Fault on PT_F40(0X7f8e5834fee0 -> 0X7f8e5834f2e0)
14 microseconds
[ 2016-10-27 12:5:59]Process 20631 termed with signal 11(SIGSEGV)
PT_F40-2_bit_flip-250 Test Num : 123
Inject into ../bin/hello
----- Type : 2_bit_flip Pos : PT_F40 -----
There are 1 faults will be injected in faulttable...
101313 microseconds
Fault on PT_F40(0X7f8016283ee0 -> 0X7f80162832e0)
18 microseconds
[ 2016-10-27 12:5:59]Process 20633 termed with signal 11(SIGSEGV)
PT_F40-2_bit_flip-250 Test Num : 124
Inject into ../bin/hello
----- Type : 2_bit_flip Pos : PT_F40 -----
There are 1 faults will be injected in faulttable...
100897 microseconds
Fault on PT_F40(0X7fcf01c16ee0 -> 0X7fcf01c162e0)
21 microseconds
[ 2016-10-27 12:5:59]Process 20635 termed with signal 11(SIGSEGV)
PT_F40-2_bit_flip-250 Test Num : 125
Inject into ../bin/hello
----- Type : 2_bit_flip Pos : PT_F40 -----
There are 1 faults will be injected in faulttable...
101219 microseconds
Fault on PT_F40(0X7f2649fe2ee0 -> 0X7f2649fe22e0)
21 microseconds
[ 2016-10-27 12:5:59]Process 20637 termed with signal 11(SIGSEGV)
PT_F40-2_bit_flip-250 Test Num : 126
Inject into ../bin/hello
----- Type : 2_bit_flip Pos : PT_F40 -----
There are 1 faults will be injected in faulttable...
101341 microseconds
Fault on PT_F40(0X7f853731dee0 -> 0X407f853771dee0)
9 microseconds
[  2016-10-27 12:6:0]Process 20639 termed with signal 11(SIGSEGV)
PT_F40-2_bit_flip-250 Test Num : 127
Inject into ../bin/hello
----- Type : 2_bit_flip Pos : PT_F40 -----
There are 1 faults will be injected in faulttable...
100068 microseconds
Fault on PT_F40(0X7f758967fee0 -> 0X407f758927fee0)
13 microseconds
[  2016-10-27 12:6:0]Process 20641 termed with signal 11(SIGSEGV)
PT_F40-2_bit_flip-250 Test Num : 128
Inject into ../bin/hello
----- Type : 2_bit_flip Pos : PT_F40 -----
There are 1 faults will be injected in faulttable...
101046 microseconds
Fault on PT_F40(0X7f4a22b0aee0 -> 0X407f4a22f0aee0)
34 microseconds
[  2016-10-27 12:6:0]Process 20643 termed with signal 11(SIGSEGV)
PT_F40-2_bit_flip-250 Test Num : 129
Inject into ../bin/hello
----- Type : 2_bit_flip Pos : PT_F40 -----
There are 1 faults will be injected in faulttable...
101088 microseconds
Fault on PT_F40(0X7f391aa04ee0 -> 0X407f391ae04ee0)
17 microseconds
[  2016-10-27 12:6:0]Process 20645 termed with signal 11(SIGSEGV)
PT_F40-2_bit_flip-250 Test Num : 130
Inject into ../bin/hello
----- Type : 2_bit_flip Pos : PT_F40 -----
There are 1 faults will be injected in faulttable...
101076 microseconds
Fault on PT_F40(0X7f105bd08ee0 -> 0X407f105b908ee0)
14 microseconds
[  2016-10-27 12:6:0]Process 20647 termed with signal 11(SIGSEGV)
PT_F40-2_bit_flip-250 Test Num : 131
Inject into ../bin/hello
----- Type : 2_bit_flip Pos : PT_F40 -----
There are 1 faults will be injected in faulttable...
101177 microseconds
Fault on PT_F40(0X7fee87a39ee0 -> 0X407fee87e39ee0)
19 microseconds
[  2016-10-27 12:6:0]Process 20649 termed with signal 11(SIGSEGV)
PT_F40-2_bit_flip-250 Test Num : 132
Inject into ../bin/hello
----- Type : 2_bit_flip Pos : PT_F40 -----
There are 1 faults will be injected in faulttable...
101132 microseconds
Fault on PT_F40(0X7f15d21e6ee0 -> 0X407f15d25e6ee0)
11 microseconds
[  2016-10-27 12:6:0]Process 20651 termed with signal 11(SIGSEGV)
PT_F40-2_bit_flip-250 Test Num : 133
Inject into ../bin/hello
----- Type : 2_bit_flip Pos : PT_F40 -----
There are 1 faults will be injected in faulttable...
100907 microseconds
Fault on PT_F40(0X7f2d0c001ee0 -> 0X407f2d0c401ee0)
13 microseconds
[  2016-10-27 12:6:0]Process 20653 termed with signal 11(SIGSEGV)
PT_F40-2_bit_flip-250 Test Num : 134
Inject into ../bin/hello
----- Type : 2_bit_flip Pos : PT_F40 -----
There are 1 faults will be injected in faulttable...
100676 microseconds
Fault on PT_F40(0X7f78bb6aeee0 -> 0X407f78bb2aeee0)
22 microseconds
[  2016-10-27 12:6:0]Process 20655 termed with signal 11(SIGSEGV)
PT_F40-2_bit_flip-250 Test Num : 135
Inject into ../bin/hello
----- Type : 2_bit_flip Pos : PT_F40 -----
There are 1 faults will be injected in faulttable...
100969 microseconds
Fault on PT_F40(0X7f1190dcdee0 -> 0X7f51909cdee0)
16 microseconds
[  2016-10-27 12:6:1]Process 20657 termed with signal 11(SIGSEGV)
PT_F40-2_bit_flip-250 Test Num : 136
Inject into ../bin/hello
----- Type : 2_bit_flip Pos : PT_F40 -----
There are 1 faults will be injected in faulttable...
101058 microseconds
Fault on PT_F40(0X7feb6637fee0 -> 0X7fab6677fee0)
12 microseconds
[  2016-10-27 12:6:1]Process 20659 termed with signal 11(SIGSEGV)
PT_F40-2_bit_flip-250 Test Num : 137
Inject into ../bin/hello
----- Type : 2_bit_flip Pos : PT_F40 -----
There are 1 faults will be injected in faulttable...
101002 microseconds
Fault on PT_F40(0X7f5a64e55ee0 -> 0X7f1a64a55ee0)
13 microseconds
[  2016-10-27 12:6:1]Process 20661 termed with signal 11(SIGSEGV)
PT_F40-2_bit_flip-250 Test Num : 138
Inject into ../bin/hello
----- Type : 2_bit_flip Pos : PT_F40 -----
There are 1 faults will be injected in faulttable...
101108 microseconds
Fault on PT_F40(0X7ffb0a4bbee0 -> 0X7fbb0a0bbee0)
12 microseconds
[  2016-10-27 12:6:1]Process 20663 termed with signal 11(SIGSEGV)
PT_F40-2_bit_flip-250 Test Num : 139
Inject into ../bin/hello
----- Type : 2_bit_flip Pos : PT_F40 -----
There are 1 faults will be injected in faulttable...
101357 microseconds
Fault on PT_F40(0X7fd7815d7ee0 -> 0X7f97811d7ee0)
15 microseconds
[  2016-10-27 12:6:1]Process 20665 termed with signal 11(SIGSEGV)
PT_F40-2_bit_flip-250 Test Num : 140
Inject into ../bin/hello
----- Type : 2_bit_flip Pos : PT_F40 -----
There are 1 faults will be injected in faulttable...
101254 microseconds
Fault on PT_F40(0X7f36f16faee0 -> 0X7f76f12faee0)
18 microseconds
[  2016-10-27 12:6:1]Process 20667 termed with signal 11(SIGSEGV)
PT_F40-2_bit_flip-250 Test Num : 141
Inject into ../bin/hello
----- Type : 2_bit_flip Pos : PT_F40 -----
There are 1 faults will be injected in faulttable...
101131 microseconds
Fault on PT_F40(0X7fe7ba7c2ee0 -> 0X7fa7ba3c2ee0)
14 microseconds
[  2016-10-27 12:6:1]Process 20669 termed with signal 11(SIGSEGV)
PT_F40-2_bit_flip-250 Test Num : 142
Inject into ../bin/hello
----- Type : 2_bit_flip Pos : PT_F40 -----
There are 1 faults will be injected in faulttable...
101178 microseconds
Fault on PT_F40(0X7f6a8b698ee0 -> 0X7f2a8b298ee0)
22 microseconds
[  2016-10-27 12:6:1]Process 20671 termed with signal 11(SIGSEGV)
PT_F40-2_bit_flip-250 Test Num : 143
Inject into ../bin/hello
----- Type : 2_bit_flip Pos : PT_F40 -----
There are 1 faults will be injected in faulttable...
101742 microseconds
Fault on PT_F40(0X7f4096df2ee0 -> 0X7f00969f2ee0)
17 microseconds
[  2016-10-27 12:6:1]Process 20673 termed with signal 11(SIGSEGV)
PT_F40-2_bit_flip-250 Test Num : 144
Inject into ../bin/hello
----- Type : 2_bit_flip Pos : PT_F40 -----
There are 1 faults will be injected in faulttable...
100908 microseconds
Fault on PT_F40(0X7fcba9c7aee0 -> 0X7f8ba987aee0)
14 microseconds
[  2016-10-27 12:6:1]Process 20675 termed with signal 11(SIGSEGV)
PT_F40-2_bit_flip-250 Test Num : 145
Inject into ../bin/hello
----- Type : 2_bit_flip Pos : PT_F40 -----
There are 1 faults will be injected in faulttable...
100881 microseconds
Fault on PT_F40(0X7ff4ff6daee0 -> 0X100fff4ff6daee0)
15 microseconds
[  2016-10-27 12:6:2]Process 20677 termed with signal 11(SIGSEGV)
PT_F40-2_bit_flip-250 Test Num : 146
Inject into ../bin/hello
----- Type : 2_bit_flip Pos : PT_F40 -----
There are 1 faults will be injected in faulttable...
101055 microseconds
Fault on PT_F40(0X7fef84718ee0 -> 0X100ffef84718ee0)
22 microseconds
[  2016-10-27 12:6:2]Process 20679 termed with signal 11(SIGSEGV)
PT_F40-2_bit_flip-250 Test Num : 147
Inject into ../bin/hello
----- Type : 2_bit_flip Pos : PT_F40 -----
There are 1 faults will be injected in faulttable...
100945 microseconds
Fault on PT_F40(0X7f07a10f5ee0 -> 0X100ff07a10f5ee0)
10 microseconds
[  2016-10-27 12:6:2]Process 20681 termed with signal 11(SIGSEGV)
PT_F40-2_bit_flip-250 Test Num : 148
Inject into ../bin/hello
----- Type : 2_bit_flip Pos : PT_F40 -----
There are 1 faults will be injected in faulttable...
100115 microseconds
Fault on PT_F40(0X7fe410c03ee0 -> 0X100ffe410c03ee0)
13 microseconds
[  2016-10-27 12:6:2]Process 20683 termed with signal 11(SIGSEGV)
PT_F40-2_bit_flip-250 Test Num : 149
Inject into ../bin/hello
----- Type : 2_bit_flip Pos : PT_F40 -----
There are 1 faults will be injected in faulttable...
100084 microseconds
Fault on PT_F40(0X7ffb0d6a5ee0 -> 0X100fffb0d6a5ee0)
11 microseconds
[  2016-10-27 12:6:2]Process 20685 termed with signal 11(SIGSEGV)
PT_F40-2_bit_flip-250 Test Num : 150
Inject into ../bin/hello
----- Type : 2_bit_flip Pos : PT_F40 -----
There are 1 faults will be injected in faulttable...
101136 microseconds
Fault on PT_F40(0X7f2a1e614ee0 -> 0X100ff2a1e614ee0)
16 microseconds
[  2016-10-27 12:6:2]Process 20687 termed with signal 11(SIGSEGV)
PT_F40-2_bit_flip-250 Test Num : 151
Inject into ../bin/hello
----- Type : 2_bit_flip Pos : PT_F40 -----
There are 1 faults will be injected in faulttable...
100099 microseconds
Fault on PT_F40(0X7f8d71590ee0 -> 0X100ff8d71590ee0)
11 microseconds
[  2016-10-27 12:6:2]Process 20689 termed with signal 11(SIGSEGV)
PT_F40-2_bit_flip-250 Test Num : 152
Inject into ../bin/hello
----- Type : 2_bit_flip Pos : PT_F40 -----
There are 1 faults will be injected in faulttable...
101062 microseconds
Fault on PT_F40(0X7f7dbd471ee0 -> 0X100ff7dbd471ee0)
16 microseconds
[  2016-10-27 12:6:2]Process 20691 termed with signal 11(SIGSEGV)
PT_F40-2_bit_flip-250 Test Num : 153
Inject into ../bin/hello
----- Type : 2_bit_flip Pos : PT_F40 -----
There are 1 faults will be injected in faulttable...
101105 microseconds
Fault on PT_F40(0X7f9cfbeafee0 -> 0X100ff9cfbeafee0)
10 microseconds
[  2016-10-27 12:6:2]Process 20693 termed with signal 11(SIGSEGV)
PT_F40-2_bit_flip-250 Test Num : 154
Inject into ../bin/hello
----- Type : 2_bit_flip Pos : PT_F40 -----
There are 1 faults will be injected in faulttable...
101008 microseconds
Fault on PT_F40(0X7fcacba4eee0 -> 0X6fcaeba4eee0)
23 microseconds
[  2016-10-27 12:6:3]Process 20695 termed with signal 11(SIGSEGV)
PT_F40-2_bit_flip-250 Test Num : 155
Inject into ../bin/hello
----- Type : 2_bit_flip Pos : PT_F40 -----
There are 1 faults will be injected in faulttable...
101209 microseconds
Fault on PT_F40(0X7f4a3d960ee0 -> 0X6f4a1d960ee0)
13 microseconds
[  2016-10-27 12:6:3]Process 20697 termed with signal 11(SIGSEGV)
PT_F40-2_bit_flip-250 Test Num : 156
Inject into ../bin/hello
----- Type : 2_bit_flip Pos : PT_F40 -----
There are 1 faults will be injected in faulttable...
101047 microseconds
Fault on PT_F40(0X7f827f10aee0 -> 0X6f825f10aee0)
26 microseconds
[  2016-10-27 12:6:3]Process 20699 termed with signal 11(SIGSEGV)
PT_F40-2_bit_flip-250 Test Num : 157
Inject into ../bin/hello
----- Type : 2_bit_flip Pos : PT_F40 -----
There are 1 faults will be injected in faulttable...
101195 microseconds
Fault on PT_F40(0X7ffa53a38ee0 -> 0X6ffa73a38ee0)
16 microseconds
[  2016-10-27 12:6:3]Process 20701 termed with signal 11(SIGSEGV)
PT_F40-2_bit_flip-250 Test Num : 158
Inject into ../bin/hello
----- Type : 2_bit_flip Pos : PT_F40 -----
There are 1 faults will be injected in faulttable...
100082 microseconds
Fault on PT_F40(0X7f183dacbee0 -> 0X6f181dacbee0)
15 microseconds
[  2016-10-27 12:6:3]Process 20703 termed with signal 11(SIGSEGV)
PT_F40-2_bit_flip-250 Test Num : 159
Inject into ../bin/hello
----- Type : 2_bit_flip Pos : PT_F40 -----
There are 1 faults will be injected in faulttable...
100997 microseconds
Fault on PT_F40(0X7f75c82dcee0 -> 0X6f75e82dcee0)
16 microseconds
[  2016-10-27 12:6:3]Process 20705 termed with signal 11(SIGSEGV)
PT_F40-2_bit_flip-250 Test Num : 160
Inject into ../bin/hello
----- Type : 2_bit_flip Pos : PT_F40 -----
There are 1 faults will be injected in faulttable...
101563 microseconds
Fault on PT_F40(0X7f348cc9aee0 -> 0X6f34acc9aee0)
14 microseconds
[  2016-10-27 12:6:3]Process 20707 termed with signal 11(SIGSEGV)
PT_F40-2_bit_flip-250 Test Num : 161
Inject into ../bin/hello
----- Type : 2_bit_flip Pos : PT_F40 -----
There are 1 faults will be injected in faulttable...
100967 microseconds
Fault on PT_F40(0X7fc48f9f4ee0 -> 0X6fc4af9f4ee0)
17 microseconds
[  2016-10-27 12:6:3]Process 20709 termed with signal 11(SIGSEGV)
PT_F40-2_bit_flip-250 Test Num : 162
Inject into ../bin/hello
----- Type : 2_bit_flip Pos : PT_F40 -----
There are 1 faults will be injected in faulttable...
101065 microseconds
Fault on PT_F40(0X7f176d0bfee0 -> 0X6f174d0bfee0)
80 microseconds
[  2016-10-27 12:6:3]Process 20711 termed with signal 11(SIGSEGV)
PT_F40-2_bit_flip-250 Test Num : 163
Inject into ../bin/hello
----- Type : 2_bit_flip Pos : PT_F40 -----
There are 1 faults will be injected in faulttable...
101116 microseconds
Fault on PT_F40(0X7f221fcbfee0 -> 0X77221ecbfee0)
15 microseconds
[  2016-10-27 12:6:4]Process 20713 termed with signal 11(SIGSEGV)
PT_F40-2_bit_flip-250 Test Num : 164
Inject into ../bin/hello
----- Type : 2_bit_flip Pos : PT_F40 -----
There are 1 faults will be injected in faulttable...
100921 microseconds
Fault on PT_F40(0X7fc86486aee0 -> 0X77c86586aee0)
19 microseconds
[  2016-10-27 12:6:4]Process 20715 termed with signal 11(SIGSEGV)
PT_F40-2_bit_flip-250 Test Num : 165
Inject into ../bin/hello
----- Type : 2_bit_flip Pos : PT_F40 -----
There are 1 faults will be injected in faulttable...
100914 microseconds
Fault on PT_F40(0X7fda9c517ee0 -> 0X77da9d517ee0)
16 microseconds
[  2016-10-27 12:6:4]Process 20717 termed with signal 11(SIGSEGV)
PT_F40-2_bit_flip-250 Test Num : 166
Inject into ../bin/hello
----- Type : 2_bit_flip Pos : PT_F40 -----
There are 1 faults will be injected in faulttable...
100898 microseconds
Fault on PT_F40(0X7f5bdd7fcee0 -> 0X775bdc7fcee0)
14 microseconds
[  2016-10-27 12:6:4]Process 20719 termed with signal 11(SIGSEGV)
PT_F40-2_bit_flip-250 Test Num : 167
Inject into ../bin/hello
----- Type : 2_bit_flip Pos : PT_F40 -----
There are 1 faults will be injected in faulttable...
100931 microseconds
Fault on PT_F40(0X7f7fa54a6ee0 -> 0X777fa44a6ee0)
15 microseconds
[  2016-10-27 12:6:4]Process 20721 termed with signal 11(SIGSEGV)
PT_F40-2_bit_flip-250 Test Num : 168
Inject into ../bin/hello
----- Type : 2_bit_flip Pos : PT_F40 -----
There are 1 faults will be injected in faulttable...
100969 microseconds
Fault on PT_F40(0X7fdf0125aee0 -> 0X77df0025aee0)
13 microseconds
[  2016-10-27 12:6:4]Process 20723 termed with signal 11(SIGSEGV)
PT_F40-2_bit_flip-250 Test Num : 169
Inject into ../bin/hello
----- Type : 2_bit_flip Pos : PT_F40 -----
There are 1 faults will be injected in faulttable...
100085 microseconds
Fault on PT_F40(0X7f666dc87ee0 -> 0X77666cc87ee0)
15 microseconds
[  2016-10-27 12:6:4]Process 20725 termed with signal 11(SIGSEGV)
PT_F40-2_bit_flip-250 Test Num : 170
Inject into ../bin/hello
----- Type : 2_bit_flip Pos : PT_F40 -----
There are 1 faults will be injected in faulttable...
101053 microseconds
Fault on PT_F40(0X7f3fb590cee0 -> 0X773fb490cee0)
14 microseconds
[  2016-10-27 12:6:4]Process 20727 termed with signal 11(SIGSEGV)
PT_F40-2_bit_flip-250 Test Num : 171
Inject into ../bin/hello
----- Type : 2_bit_flip Pos : PT_F40 -----
There are 1 faults will be injected in faulttable...
101082 microseconds
Fault on PT_F40(0X7fef32bf1ee0 -> 0X77ef33bf1ee0)
20 microseconds
[  2016-10-27 12:6:4]Process 20729 termed with signal 11(SIGSEGV)
PT_F40-2_bit_flip-250 Test Num : 172
Inject into ../bin/hello
----- Type : 2_bit_flip Pos : PT_F40 -----
There are 1 faults will be injected in faulttable...
100982 microseconds
Fault on PT_F40(0X7f9ee6aa0ee0 -> 0X5f9ee6aa1ee0)
15 microseconds
[  2016-10-27 12:6:5]Process 20731 termed with signal 11(SIGSEGV)
PT_F40-2_bit_flip-250 Test Num : 173
Inject into ../bin/hello
----- Type : 2_bit_flip Pos : PT_F40 -----
There are 1 faults will be injected in faulttable...
101459 microseconds
Fault on PT_F40(0X7fe7d5721ee0 -> 0X5fe7d5720ee0)
23 microseconds
[  2016-10-27 12:6:5]Process 20733 termed with signal 11(SIGSEGV)
PT_F40-2_bit_flip-250 Test Num : 174
Inject into ../bin/hello
----- Type : 2_bit_flip Pos : PT_F40 -----
There are 1 faults will be injected in faulttable...
100118 microseconds
Fault on PT_F40(0X7f0918ee4ee0 -> 0X5f0918ee5ee0)
20 microseconds
[  2016-10-27 12:6:5]Process 20735 termed with signal 11(SIGSEGV)
PT_F40-2_bit_flip-250 Test Num : 175
Inject into ../bin/hello
----- Type : 2_bit_flip Pos : PT_F40 -----
There are 1 faults will be injected in faulttable...
101246 microseconds
Fault on PT_F40(0X7f31d2824ee0 -> 0X5f31d2825ee0)
13 microseconds
[  2016-10-27 12:6:5]Process 20737 termed with signal 11(SIGSEGV)
PT_F40-2_bit_flip-250 Test Num : 176
Inject into ../bin/hello
----- Type : 2_bit_flip Pos : PT_F40 -----
There are 1 faults will be injected in faulttable...
100986 microseconds
Fault on PT_F40(0X7f8a348ecee0 -> 0X5f8a348edee0)
21 microseconds
[  2016-10-27 12:6:5]Process 20739 termed with signal 11(SIGSEGV)
PT_F40-2_bit_flip-250 Test Num : 177
Inject into ../bin/hello
----- Type : 2_bit_flip Pos : PT_F40 -----
There are 1 faults will be injected in faulttable...
100113 microseconds
Fault on PT_F40(0X7fd294925ee0 -> 0X5fd294924ee0)
16 microseconds
[  2016-10-27 12:6:5]Process 20741 termed with signal 11(SIGSEGV)
PT_F40-2_bit_flip-250 Test Num : 178
Inject into ../bin/hello
----- Type : 2_bit_flip Pos : PT_F40 -----
There are 1 faults will be injected in faulttable...
101135 microseconds
Fault on PT_F40(0X7f2a833b9ee0 -> 0X5f2a833b8ee0)
18 microseconds
[  2016-10-27 12:6:5]Process 20743 termed with signal 11(SIGSEGV)
PT_F40-2_bit_flip-250 Test Num : 179
Inject into ../bin/hello
----- Type : 2_bit_flip Pos : PT_F40 -----
There are 1 faults will be injected in faulttable...
100880 microseconds
Fault on PT_F40(0X7f2ef7685ee0 -> 0X5f2ef7684ee0)
11 microseconds
[  2016-10-27 12:6:5]Process 20745 termed with signal 11(SIGSEGV)
PT_F40-2_bit_flip-250 Test Num : 180
Inject into ../bin/hello
----- Type : 2_bit_flip Pos : PT_F40 -----
There are 1 faults will be injected in faulttable...
101110 microseconds
Fault on PT_F40(0X7f08bab15ee0 -> 0X5f08bab14ee0)
16 microseconds
[  2016-10-27 12:6:5]Process 20747 termed with signal 11(SIGSEGV)
PT_F40-2_bit_flip-250 Test Num : 181
Inject into ../bin/hello
----- Type : 2_bit_flip Pos : PT_F40 -----
There are 1 faults will be injected in faulttable...
101097 microseconds
Fault on PT_F40(0X7fd84519fee0 -> 0X7fc84559fee0)
15 microseconds
[  2016-10-27 12:6:6]Process 20749 termed with signal 11(SIGSEGV)
PT_F40-2_bit_flip-250 Test Num : 182
Inject into ../bin/hello
----- Type : 2_bit_flip Pos : PT_F40 -----
There are 1 faults will be injected in faulttable...
100999 microseconds
Fault on PT_F40(0X7f126698cee0 -> 0X7f0266d8cee0)
13 microseconds
[  2016-10-27 12:6:6]Process 20751 termed with signal 11(SIGSEGV)
PT_F40-2_bit_flip-250 Test Num : 183
Inject into ../bin/hello
----- Type : 2_bit_flip Pos : PT_F40 -----
There are 1 faults will be injected in faulttable...
100973 microseconds
Fault on PT_F40(0X7f91a2d10ee0 -> 0X7f81a2910ee0)
22 microseconds
[  2016-10-27 12:6:6]Process 20753 termed with signal 11(SIGSEGV)
PT_F40-2_bit_flip-250 Test Num : 184
Inject into ../bin/hello
----- Type : 2_bit_flip Pos : PT_F40 -----
There are 1 faults will be injected in faulttable...
101186 microseconds
Fault on PT_F40(0X7fd8171f1ee0 -> 0X7fc8175f1ee0)
22 microseconds
[  2016-10-27 12:6:6]Process 20755 termed with signal 11(SIGSEGV)
PT_F40-2_bit_flip-250 Test Num : 185
Inject into ../bin/hello
----- Type : 2_bit_flip Pos : PT_F40 -----
There are 1 faults will be injected in faulttable...
101215 microseconds
Fault on PT_F40(0X7f4d9cedaee0 -> 0X7f5d9cadaee0)
18 microseconds
[  2016-10-27 12:6:6]Process 20757 termed with signal 11(SIGSEGV)
PT_F40-2_bit_flip-250 Test Num : 186
Inject into ../bin/hello
----- Type : 2_bit_flip Pos : PT_F40 -----
There are 1 faults will be injected in faulttable...
101486 microseconds
Fault on PT_F40(0X7f90e33fdee0 -> 0X7f80e37fdee0)
20 microseconds
[  2016-10-27 12:6:6]Process 20759 termed with signal 11(SIGSEGV)
PT_F40-2_bit_flip-250 Test Num : 187
Inject into ../bin/hello
----- Type : 2_bit_flip Pos : PT_F40 -----
There are 1 faults will be injected in faulttable...
101228 microseconds
Fault on PT_F40(0X7f5c19dfdee0 -> 0X7f4c199fdee0)
20 microseconds
[  2016-10-27 12:6:6]Process 20761 termed with signal 11(SIGSEGV)
PT_F40-2_bit_flip-250 Test Num : 188
Inject into ../bin/hello
----- Type : 2_bit_flip Pos : PT_F40 -----
There are 1 faults will be injected in faulttable...
101210 microseconds
Fault on PT_F40(0X7f7c6f072ee0 -> 0X7f6c6f472ee0)
15 microseconds
[  2016-10-27 12:6:6]Process 20763 termed with signal 11(SIGSEGV)
PT_F40-2_bit_flip-250 Test Num : 189
Inject into ../bin/hello
----- Type : 2_bit_flip Pos : PT_F40 -----
There are 1 faults will be injected in faulttable...
100085 microseconds
Fault on PT_F40(0X7fcbae2a2ee0 -> 0X7fdbae6a2ee0)
13 microseconds
[  2016-10-27 12:6:6]Process 20765 termed with signal 11(SIGSEGV)
PT_F40-2_bit_flip-250 Test Num : 190
Inject into ../bin/hello
----- Type : 2_bit_flip Pos : PT_F40 -----
There are 1 faults will be injected in faulttable...
100951 microseconds
Fault on PT_F40(0X7f0bbb154ee0 -> 0X7f0bbb354fe0)
13 microseconds
[  2016-10-27 12:6:7]Process 20767 termed with signal 11(SIGSEGV)
PT_F40-2_bit_flip-250 Test Num : 191
Inject into ../bin/hello
----- Type : 2_bit_flip Pos : PT_F40 -----
There are 1 faults will be injected in faulttable...
101131 microseconds
Fault on PT_F40(0X7fc6b192dee0 -> 0X7fc6b1b2dfe0)
14 microseconds
[  2016-10-27 12:6:7]Process 20769 termed with signal 11(SIGSEGV)
PT_F40-2_bit_flip-250 Test Num : 192
Inject into ../bin/hello
----- Type : 2_bit_flip Pos : PT_F40 -----
There are 1 faults will be injected in faulttable...
101054 microseconds
Fault on PT_F40(0X7fe25f196ee0 -> 0X7fe25f396fe0)
20 microseconds
[  2016-10-27 12:6:7]Process 20771 termed with signal 11(SIGSEGV)
PT_F40-2_bit_flip-250 Test Num : 193
Inject into ../bin/hello
----- Type : 2_bit_flip Pos : PT_F40 -----
There are 1 faults will be injected in faulttable...
101150 microseconds
Fault on PT_F40(0X7f342fa90ee0 -> 0X7f342f890fe0)
16 microseconds
[  2016-10-27 12:6:7]Process 20773 termed with signal 11(SIGSEGV)
PT_F40-2_bit_flip-250 Test Num : 194
Inject into ../bin/hello
----- Type : 2_bit_flip Pos : PT_F40 -----
There are 1 faults will be injected in faulttable...
100944 microseconds
Fault on PT_F40(0X7f6717247ee0 -> 0X7f6717047fe0)
14 microseconds
[  2016-10-27 12:6:7]Process 20775 termed with signal 11(SIGSEGV)
PT_F40-2_bit_flip-250 Test Num : 195
Inject into ../bin/hello
----- Type : 2_bit_flip Pos : PT_F40 -----
There are 1 faults will be injected in faulttable...
101072 microseconds
Fault on PT_F40(0X7f17ea779ee0 -> 0X7f17ea579fe0)
13 microseconds
[  2016-10-27 12:6:7]Process 20777 termed with signal 11(SIGSEGV)
PT_F40-2_bit_flip-250 Test Num : 196
Inject into ../bin/hello
----- Type : 2_bit_flip Pos : PT_F40 -----
There are 1 faults will be injected in faulttable...
100998 microseconds
Fault on PT_F40(0X7f1df1467ee0 -> 0X7f1df1667fe0)
12 microseconds
[  2016-10-27 12:6:7]Process 20779 termed with signal 11(SIGSEGV)
PT_F40-2_bit_flip-250 Test Num : 197
Inject into ../bin/hello
----- Type : 2_bit_flip Pos : PT_F40 -----
There are 1 faults will be injected in faulttable...
101325 microseconds
Fault on PT_F40(0X7f4963808ee0 -> 0X7f4963a08fe0)
14 microseconds
[  2016-10-27 12:6:7]Process 20781 termed with signal 11(SIGSEGV)
PT_F40-2_bit_flip-250 Test Num : 198
Inject into ../bin/hello
----- Type : 2_bit_flip Pos : PT_F40 -----
There are 1 faults will be injected in faulttable...
101850 microseconds
Fault on PT_F40(0X7ff79cc11ee0 -> 0X7ff79ce11fe0)
123 microseconds
[  2016-10-27 12:6:7]Process 20783 termed with signal 11(SIGSEGV)
PT_F40-2_bit_flip-250 Test Num : 199
Inject into ../bin/hello
----- Type : 2_bit_flip Pos : PT_F40 -----
There are 1 faults will be injected in faulttable...
101162 microseconds
Fault on PT_F40(0X7f091bac8ee0 -> 0X7f093baccee0)
16 microseconds
[  2016-10-27 12:6:8]Process 20785 termed with signal 11(SIGSEGV)
PT_F40-2_bit_flip-250 Test Num : 200
Inject into ../bin/hello
----- Type : 2_bit_flip Pos : PT_F40 -----
There are 1 faults will be injected in faulttable...
101025 microseconds
Fault on PT_F40(0X7f48aa478ee0 -> 0X7f488a47cee0)
19 microseconds
[  2016-10-27 12:6:8]Process 20787 termed with signal 11(SIGSEGV)
PT_F40-2_bit_flip-250 Test Num : 201
Inject into ../bin/hello
----- Type : 2_bit_flip Pos : PT_F40 -----
There are 1 faults will be injected in faulttable...
101193 microseconds
Fault on PT_F40(0X7fb0c586fee0 -> 0X7fb0e586bee0)
20 microseconds
[  2016-10-27 12:6:8]Process 20789 termed with signal 11(SIGSEGV)
PT_F40-2_bit_flip-250 Test Num : 202
Inject into ../bin/hello
----- Type : 2_bit_flip Pos : PT_F40 -----
There are 1 faults will be injected in faulttable...
101200 microseconds
Fault on PT_F40(0X7fb3d3c5cee0 -> 0X7fb3f3c58ee0)
22 microseconds
[  2016-10-27 12:6:8]Process 20791 termed with signal 11(SIGSEGV)
PT_F40-2_bit_flip-250 Test Num : 203
Inject into ../bin/hello
----- Type : 2_bit_flip Pos : PT_F40 -----
There are 1 faults will be injected in faulttable...
101047 microseconds
Fault on PT_F40(0X7f7c154dcee0 -> 0X7f7c354d8ee0)
16 microseconds
[  2016-10-27 12:6:8]Process 20793 termed with signal 11(SIGSEGV)
PT_F40-2_bit_flip-250 Test Num : 204
Inject into ../bin/hello
----- Type : 2_bit_flip Pos : PT_F40 -----
There are 1 faults will be injected in faulttable...
100962 microseconds
Fault on PT_F40(0X7f94f10f8ee0 -> 0X7f94d10fcee0)
14 microseconds
[  2016-10-27 12:6:8]Process 20795 termed with signal 11(SIGSEGV)
PT_F40-2_bit_flip-250 Test Num : 205
Inject into ../bin/hello
----- Type : 2_bit_flip Pos : PT_F40 -----
There are 1 faults will be injected in faulttable...
100214 microseconds
Fault on PT_F40(0X7f4fdd5afee0 -> 0X7f4ffd5abee0)
15 microseconds
[  2016-10-27 12:6:8]Process 20797 termed with signal 11(SIGSEGV)
PT_F40-2_bit_flip-250 Test Num : 206
Inject into ../bin/hello
----- Type : 2_bit_flip Pos : PT_F40 -----
There are 1 faults will be injected in faulttable...
100079 microseconds
Fault on PT_F40(0X7f73125a6ee0 -> 0X7f73325a2ee0)
15 microseconds
[  2016-10-27 12:6:8]Process 20799 termed with signal 11(SIGSEGV)
PT_F40-2_bit_flip-250 Test Num : 207
Inject into ../bin/hello
----- Type : 2_bit_flip Pos : PT_F40 -----
There are 1 faults will be injected in faulttable...
101269 microseconds
Fault on PT_F40(0X7f2eacf07ee0 -> 0X7f2e8cf03ee0)
17 microseconds
[  2016-10-27 12:6:8]Process 20801 termed with signal 11(SIGSEGV)
PT_F40-2_bit_flip-250 Test Num : 208
Inject into ../bin/hello
----- Type : 2_bit_flip Pos : PT_F40 -----
There are 1 faults will be injected in faulttable...
101126 microseconds
Fault on PT_F40(0X7fda7cf8cee0 -> 0X7fda5cf88ee0)
14 microseconds
[  2016-10-27 12:6:8]Process 20803 termed with signal 11(SIGSEGV)
PT_F40-2_bit_flip-250 Test Num : 209
Inject into ../bin/hello
----- Type : 2_bit_flip Pos : PT_F40 -----
There are 1 faults will be injected in faulttable...
101355 microseconds
Fault on PT_F40(0X7f6da8d2eee0 -> 0X7f6ca8f2eee0)
18 microseconds
[  2016-10-27 12:6:9]Process 20805 termed with signal 11(SIGSEGV)
PT_F40-2_bit_flip-250 Test Num : 210
Inject into ../bin/hello
----- Type : 2_bit_flip Pos : PT_F40 -----
There are 1 faults will be injected in faulttable...
101192 microseconds
Fault on PT_F40(0X7f576be32ee0 -> 0X7f566bc32ee0)
18 microseconds
[  2016-10-27 12:6:9]Process 20807 termed with signal 11(SIGSEGV)
PT_F40-2_bit_flip-250 Test Num : 211
Inject into ../bin/hello
----- Type : 2_bit_flip Pos : PT_F40 -----
There are 1 faults will be injected in faulttable...
100197 microseconds
Fault on PT_F40(0X7f28452abee0 -> 0X7f29450abee0)
18 microseconds
[  2016-10-27 12:6:9]Process 20809 termed with signal 11(SIGSEGV)
PT_F40-2_bit_flip-250 Test Num : 212
Inject into ../bin/hello
----- Type : 2_bit_flip Pos : PT_F40 -----
There are 1 faults will be injected in faulttable...
100094 microseconds
Fault on PT_F40(0X7fdda54f2ee0 -> 0X7fdca56f2ee0)
17 microseconds
[  2016-10-27 12:6:9]Process 20811 termed with signal 11(SIGSEGV)
PT_F40-2_bit_flip-250 Test Num : 213
Inject into ../bin/hello
----- Type : 2_bit_flip Pos : PT_F40 -----
There are 1 faults will be injected in faulttable...
101423 microseconds
Fault on PT_F40(0X7fbe28fb2ee0 -> 0X7fbf28db2ee0)
13 microseconds
[  2016-10-27 12:6:9]Process 20813 termed with signal 11(SIGSEGV)
PT_F40-2_bit_flip-250 Test Num : 214
Inject into ../bin/hello
----- Type : 2_bit_flip Pos : PT_F40 -----
There are 1 faults will be injected in faulttable...
100894 microseconds
Fault on PT_F40(0X7fc6f13eaee0 -> 0X7fc7f11eaee0)
11 microseconds
[  2016-10-27 12:6:9]Process 20815 termed with signal 11(SIGSEGV)
PT_F40-2_bit_flip-250 Test Num : 215
Inject into ../bin/hello
----- Type : 2_bit_flip Pos : PT_F40 -----
There are 1 faults will be injected in faulttable...
100109 microseconds
Fault on PT_F40(0X7f676121eee0 -> 0X7f666101eee0)
17 microseconds
[  2016-10-27 12:6:9]Process 20817 termed with signal 11(SIGSEGV)
PT_F40-2_bit_flip-250 Test Num : 216
Inject into ../bin/hello
----- Type : 2_bit_flip Pos : PT_F40 -----
There are 1 faults will be injected in faulttable...
101018 microseconds
Fault on PT_F40(0X7fac6638bee0 -> 0X7fad6618bee0)
17 microseconds
[  2016-10-27 12:6:9]Process 20819 termed with signal 11(SIGSEGV)
PT_F40-2_bit_flip-250 Test Num : 217
Inject into ../bin/hello
----- Type : 2_bit_flip Pos : PT_F40 -----
There are 1 faults will be injected in faulttable...
101172 microseconds
Fault on PT_F40(0X7fd6d21e7ee0 -> 0X7fd7d23e7ee0)
14 microseconds
[  2016-10-27 12:6:9]Process 20821 termed with signal 11(SIGSEGV)
PT_F40-2_bit_flip-250 Test Num : 218
Inject into ../bin/hello
----- Type : 2_bit_flip Pos : PT_F40 -----
There are 1 faults will be injected in faulttable...
100989 microseconds
Fault on PT_F40(0X7f85b3c85ee0 -> 0X7f85b3c05ea0)
22 microseconds
[ 2016-10-27 12:6:10]Process 20823 termed with signal 11(SIGSEGV)
PT_F40-2_bit_flip-250 Test Num : 219
Inject into ../bin/hello
----- Type : 2_bit_flip Pos : PT_F40 -----
There are 1 faults will be injected in faulttable...
100993 microseconds
Fault on PT_F40(0X7f497a30aee0 -> 0X7f497a38aea0)
3000102 microseconds
timeout
[ 2016-10-27 12:6:13]Process 20825 termed with signal 14(SIGALRM)
PT_F40-2_bit_flip-250 Test Num : 220
Inject into ../bin/hello
----- Type : 2_bit_flip Pos : PT_F40 -----
There are 1 faults will be injected in faulttable...
100957 microseconds
Fault on PT_F40(0X7f6d491f3ee0 -> 0X8007f6dc91f3ee0)
13 microseconds
[ 2016-10-27 12:6:13]Process 20827 termed with signal 11(SIGSEGV)
PT_F40-2_bit_flip-250 Test Num : 221
Inject into ../bin/hello
----- Type : 2_bit_flip Pos : PT_F40 -----
There are 1 faults will be injected in faulttable...
101012 microseconds
Fault on PT_F40(0X7f9df6375ee0 -> 0X8007f9d76375ee0)
12 microseconds
[ 2016-10-27 12:6:13]Process 20829 termed with signal 11(SIGSEGV)
PT_F40-2_bit_flip-250 Test Num : 222
Inject into ../bin/hello
----- Type : 2_bit_flip Pos : PT_F40 -----
There are 1 faults will be injected in faulttable...
100992 microseconds
Fault on PT_F40(0X7f712b624ee0 -> 0X8007f71ab624ee0)
15 microseconds
[ 2016-10-27 12:6:13]Process 20831 termed with signal 11(SIGSEGV)
PT_F40-2_bit_flip-250 Test Num : 223
Inject into ../bin/hello
----- Type : 2_bit_flip Pos : PT_F40 -----
There are 1 faults will be injected in faulttable...
100951 microseconds
Fault on PT_F40(0X7fa4183f3ee0 -> 0X8007fa4983f3ee0)
11 microseconds
[ 2016-10-27 12:6:13]Process 20833 termed with signal 11(SIGSEGV)
PT_F40-2_bit_flip-250 Test Num : 224
Inject into ../bin/hello
----- Type : 2_bit_flip Pos : PT_F40 -----
There are 1 faults will be injected in faulttable...
100109 microseconds
Fault on PT_F40(0X7ff991007ee0 -> 0X8007ff911007ee0)
13 microseconds
[ 2016-10-27 12:6:13]Process 20835 termed with signal 11(SIGSEGV)
PT_F40-2_bit_flip-250 Test Num : 225
Inject into ../bin/hello
----- Type : 2_bit_flip Pos : PT_F40 -----
There are 1 faults will be injected in faulttable...
101196 microseconds
Fault on PT_F40(0X7ff8e4d38ee0 -> 0X8007ff864d38ee0)
17 microseconds
[ 2016-10-27 12:6:13]Process 20837 termed with signal 11(SIGSEGV)
PT_F40-2_bit_flip-250 Test Num : 226
Inject into ../bin/hello
----- Type : 2_bit_flip Pos : PT_F40 -----
There are 1 faults will be injected in faulttable...
100951 microseconds
Fault on PT_F40(0X7f91d92d8ee0 -> 0X8007f91592d8ee0)
8 microseconds
[ 2016-10-27 12:6:13]Process 20839 termed with signal 11(SIGSEGV)
PT_F40-2_bit_flip-250 Test Num : 227
Inject into ../bin/hello
----- Type : 2_bit_flip Pos : PT_F40 -----
There are 1 faults will be injected in faulttable...
101014 microseconds
Fault on PT_F40(0X7f62232cfee0 -> 0X87f62212cfee0)
16 microseconds
[ 2016-10-27 12:6:14]Process 20841 termed with signal 11(SIGSEGV)
PT_F40-2_bit_flip-250 Test Num : 228
Inject into ../bin/hello
----- Type : 2_bit_flip Pos : PT_F40 -----
There are 1 faults will be injected in faulttable...
101029 microseconds
Fault on PT_F40(0X7fb9ada85ee0 -> 0X87fb9afa85ee0)
15 microseconds
[ 2016-10-27 12:6:14]Process 20843 termed with signal 11(SIGSEGV)
PT_F40-2_bit_flip-250 Test Num : 229
Inject into ../bin/hello
----- Type : 2_bit_flip Pos : PT_F40 -----
There are 1 faults will be injected in faulttable...
101057 microseconds
Fault on PT_F40(0X7f4218bedee0 -> 0X87f421abedee0)
17 microseconds
[ 2016-10-27 12:6:14]Process 20845 termed with signal 11(SIGSEGV)
PT_F40-2_bit_flip-250 Test Num : 230
Inject into ../bin/hello
----- Type : 2_bit_flip Pos : PT_F40 -----
There are 1 faults will be injected in faulttable...
101332 microseconds
Fault on PT_F40(0X7f935f443ee0 -> 0X87f935d443ee0)
15 microseconds
[ 2016-10-27 12:6:14]Process 20847 termed with signal 11(SIGSEGV)
PT_F40-2_bit_flip-250 Test Num : 231
Inject into ../bin/hello
----- Type : 2_bit_flip Pos : PT_F40 -----
There are 1 faults will be injected in faulttable...
100973 microseconds
Fault on PT_F40(0X7fe13c56fee0 -> 0X87fe13e56fee0)
16 microseconds
[ 2016-10-27 12:6:14]Process 20849 termed with signal 11(SIGSEGV)
PT_F40-2_bit_flip-250 Test Num : 232
Inject into ../bin/hello
----- Type : 2_bit_flip Pos : PT_F40 -----
There are 1 faults will be injected in faulttable...
100070 microseconds
Fault on PT_F40(0X7f1b30fd5ee0 -> 0X87f1b32fd5ee0)
11 microseconds
[ 2016-10-27 12:6:14]Process 20851 termed with signal 11(SIGSEGV)
PT_F40-2_bit_flip-250 Test Num : 233
Inject into ../bin/hello
----- Type : 2_bit_flip Pos : PT_F40 -----
There are 1 faults will be injected in faulttable...
101196 microseconds
Fault on PT_F40(0X7f4b23579ee0 -> 0X87f4b21579ee0)
13 microseconds
[ 2016-10-27 12:6:14]Process 20853 termed with signal 11(SIGSEGV)
PT_F40-2_bit_flip-250 Test Num : 234
Inject into ../bin/hello
----- Type : 2_bit_flip Pos : PT_F40 -----
There are 1 faults will be injected in faulttable...
101333 microseconds
Fault on PT_F40(0X7f3ab4beeee0 -> 0X87f3ab6beeee0)
10 microseconds
[ 2016-10-27 12:6:14]Process 20855 termed with signal 11(SIGSEGV)
PT_F40-2_bit_flip-250 Test Num : 235
Inject into ../bin/hello
----- Type : 2_bit_flip Pos : PT_F40 -----
There are 1 faults will be injected in faulttable...
101034 microseconds
Fault on PT_F40(0X7f62e53f5ee0 -> 0X87f62e73f5ee0)
42 microseconds
[ 2016-10-27 12:6:14]Process 20857 termed with signal 11(SIGSEGV)
PT_F40-2_bit_flip-250 Test Num : 236
Inject into ../bin/hello
----- Type : 2_bit_flip Pos : PT_F40 -----
There are 1 faults will be injected in faulttable...
101004 microseconds
Fault on PT_F40(0X7fcceb1faee0 -> 0X107fcceb1baee0)
12 microseconds
[ 2016-10-27 12:6:15]Process 20859 termed with signal 11(SIGSEGV)
PT_F40-2_bit_flip-250 Test Num : 237
Inject into ../bin/hello
----- Type : 2_bit_flip Pos : PT_F40 -----
There are 1 faults will be injected in faulttable...
100956 microseconds
Fault on PT_F40(0X7f7ce50b1ee0 -> 0X107f7ce50f1ee0)
17 microseconds
[ 2016-10-27 12:6:15]Process 20861 termed with signal 11(SIGSEGV)
PT_F40-2_bit_flip-250 Test Num : 238
Inject into ../bin/hello
----- Type : 2_bit_flip Pos : PT_F40 -----
There are 1 faults will be injected in faulttable...
100077 microseconds
Fault on PT_F40(0X7f6e73457ee0 -> 0X107f6e73417ee0)
10 microseconds
[ 2016-10-27 12:6:15]Process 20863 termed with signal 11(SIGSEGV)
PT_F40-2_bit_flip-250 Test Num : 239
Inject into ../bin/hello
----- Type : 2_bit_flip Pos : PT_F40 -----
There are 1 faults will be injected in faulttable...
101018 microseconds
Fault on PT_F40(0X7fcb94fb0ee0 -> 0X107fcb94ff0ee0)
12 microseconds
[ 2016-10-27 12:6:15]Process 20865 termed with signal 11(SIGSEGV)
PT_F40-2_bit_flip-250 Test Num : 240
Inject into ../bin/hello
----- Type : 2_bit_flip Pos : PT_F40 -----
There are 1 faults will be injected in faulttable...
101233 microseconds
Fault on PT_F40(0X7fe0f891dee0 -> 0X107fe0f895dee0)
22 microseconds
[ 2016-10-27 12:6:15]Process 20867 termed with signal 11(SIGSEGV)
PT_F40-2_bit_flip-250 Test Num : 241
Inject into ../bin/hello
----- Type : 2_bit_flip Pos : PT_F40 -----
There are 1 faults will be injected in faulttable...
101118 microseconds
Fault on PT_F40(0X7f7cb197bee0 -> 0X107f7cb193bee0)
12 microseconds
[ 2016-10-27 12:6:15]Process 20869 termed with signal 11(SIGSEGV)
PT_F40-2_bit_flip-250 Test Num : 242
Inject into ../bin/hello
----- Type : 2_bit_flip Pos : PT_F40 -----
There are 1 faults will be injected in faulttable...
100980 microseconds
Fault on PT_F40(0X7f485b32dee0 -> 0X107f485b36dee0)
17 microseconds
[ 2016-10-27 12:6:15]Process 20871 termed with signal 11(SIGSEGV)
PT_F40-2_bit_flip-250 Test Num : 243
Inject into ../bin/hello
----- Type : 2_bit_flip Pos : PT_F40 -----
There are 1 faults will be injected in faulttable...
100968 microseconds
Fault on PT_F40(0X7fe5b2e61ee0 -> 0X107fe5b2e21ee0)
10 microseconds
[ 2016-10-27 12:6:15]Process 20873 termed with signal 11(SIGSEGV)
PT_F40-2_bit_flip-250 Test Num : 244
Inject into ../bin/hello
----- Type : 2_bit_flip Pos : PT_F40 -----
There are 1 faults will be injected in faulttable...
101057 microseconds
Fault on PT_F40(0X7fe605a83ee0 -> 0X107fe605ac3ee0)
15 microseconds
[ 2016-10-27 12:6:15]Process 20875 termed with signal 11(SIGSEGV)
PT_F40-2_bit_flip-250 Test Num : 245
Inject into ../bin/hello
----- Type : 2_bit_flip Pos : PT_F40 -----
There are 1 faults will be injected in faulttable...
101033 microseconds
Fault on PT_F40(0X7f9c1c289ee0 -> 0X7f9c18689ee0)
12 microseconds
[ 2016-10-27 12:6:16]Process 20877 termed with signal 11(SIGSEGV)
PT_F40-2_bit_flip-250 Test Num : 246
Inject into ../bin/hello
----- Type : 2_bit_flip Pos : PT_F40 -----
There are 1 faults will be injected in faulttable...
101142 microseconds
Fault on PT_F40(0X7fcaf60e3ee0 -> 0X7fcaf24e3ee0)
175 microseconds
[ 2016-10-27 12:6:16]Process 20879 termed with signal 11(SIGSEGV)
PT_F40-2_bit_flip-250 Test Num : 247
Inject into ../bin/hello
----- Type : 2_bit_flip Pos : PT_F40 -----
There are 1 faults will be injected in faulttable...
101046 microseconds
Fault on PT_F40(0X7f80714adee0 -> 0X7f80750adee0)
15 microseconds
[ 2016-10-27 12:6:16]Process 20881 termed with signal 11(SIGSEGV)
PT_F40-2_bit_flip-250 Test Num : 248
Inject into ../bin/hello
----- Type : 2_bit_flip Pos : PT_F40 -----
There are 1 faults will be injected in faulttable...
100973 microseconds
Fault on PT_F40(0X7f91f4a42ee0 -> 0X7f91f0e42ee0)
16 microseconds
[ 2016-10-27 12:6:16]Process 20883 termed with signal 11(SIGSEGV)
PT_F40-2_bit_flip-250 Test Num : 249
Inject into ../bin/hello
----- Type : 2_bit_flip Pos : PT_F40 -----
There are 1 faults will be injected in faulttable...
101957 microseconds
Fault on PT_F40(0X7f0e164e4ee0 -> 0X7f0e120e4ee0)
19 microseconds
[ 2016-10-27 12:6:16]Process 20885 termed with signal 11(SIGSEGV)
PT_F40-2_bit_flip-250 Test Num : 250
Inject into ../bin/hello
----- Type : 2_bit_flip Pos : PT_F40 -----
There are 1 faults will be injected in faulttable...
101133 microseconds
Fault on PT_F40(0X7f29b4c13ee0 -> 0X7f29b0813ee0)
16 microseconds
[ 2016-10-27 12:6:16]Process 20887 termed with signal 11(SIGSEGV)
