PT_F40-8_low_error-250 Test Num : 1
Inject into ../bin/hello
----- Type : 8_low_error Pos : PT_F40 -----
There are 1 faults will be injected in faulttable...
100093 microseconds
Fault on PT_F40(0X7fd47fdc4ee0 -> 0X7fd47fdc4e6e)
19 microseconds
[2016-10-27 12:18:59]Process 23937 termed with signal 4(SIGILL)
PT_F40-8_low_error-250 Test Num : 2
Inject into ../bin/hello
----- Type : 8_low_error Pos : PT_F40 -----
There are 1 faults will be injected in faulttable...
100967 microseconds
Fault on PT_F40(0X7ff2524dfee0 -> 0X7ff2524dfe6e)
24 microseconds
[2016-10-27 12:18:59]Process 23939 termed with signal 4(SIGILL)
PT_F40-8_low_error-250 Test Num : 3
Inject into ../bin/hello
----- Type : 8_low_error Pos : PT_F40 -----
There are 1 faults will be injected in faulttable...
101054 microseconds
Fault on PT_F40(0X7efe97dbeee0 -> 0X7efe97dbee6e)
23 microseconds
[2016-10-27 12:18:59]Process 23941 termed with signal 4(SIGILL)
PT_F40-8_low_error-250 Test Num : 4
Inject into ../bin/hello
----- Type : 8_low_error Pos : PT_F40 -----
There are 1 faults will be injected in faulttable...
101019 microseconds
Fault on PT_F40(0X7f4b83a15ee0 -> 0X7f4b83a15e6e)
29 microseconds
[2016-10-27 12:18:59]Process 23943 termed with signal 4(SIGILL)
PT_F40-8_low_error-250 Test Num : 5
Inject into ../bin/hello
----- Type : 8_low_error Pos : PT_F40 -----
There are 1 faults will be injected in faulttable...
101120 microseconds
Fault on PT_F40(0X7f987b2c6ee0 -> 0X7f987b2c6e6e)
19 microseconds
[2016-10-27 12:18:59]Process 23945 termed with signal 4(SIGILL)
PT_F40-8_low_error-250 Test Num : 6
Inject into ../bin/hello
----- Type : 8_low_error Pos : PT_F40 -----
There are 1 faults will be injected in faulttable...
101041 microseconds
Fault on PT_F40(0X7fbb0de53ee0 -> 0X7fbb0de53e6e)
20 microseconds
[2016-10-27 12:18:59]Process 23947 termed with signal 4(SIGILL)
PT_F40-8_low_error-250 Test Num : 7
Inject into ../bin/hello
----- Type : 8_low_error Pos : PT_F40 -----
There are 1 faults will be injected in faulttable...
100166 microseconds
Fault on PT_F40(0X7f695f616ee0 -> 0X7f695f616e6e)
27 microseconds
[2016-10-27 12:18:59]Process 23949 termed with signal 4(SIGILL)
PT_F40-8_low_error-250 Test Num : 8
Inject into ../bin/hello
----- Type : 8_low_error Pos : PT_F40 -----
There are 1 faults will be injected in faulttable...
101112 microseconds
Fault on PT_F40(0X7f4175dfbee0 -> 0X7f4175dfbe6e)
23 microseconds
[2016-10-27 12:18:59]Process 23951 termed with signal 4(SIGILL)
PT_F40-8_low_error-250 Test Num : 9
Inject into ../bin/hello
----- Type : 8_low_error Pos : PT_F40 -----
There are 1 faults will be injected in faulttable...
101135 microseconds
Fault on PT_F40(0X7fed5af14ee0 -> 0X7fed5af14e6e)
27 microseconds
[2016-10-27 12:18:59]Process 23953 termed with signal 4(SIGILL)
PT_F40-8_low_error-250 Test Num : 10
Inject into ../bin/hello
----- Type : 8_low_error Pos : PT_F40 -----
There are 1 faults will be injected in faulttable...
100105 microseconds
Fault on PT_F40(0X7f505466eee0 -> 0X7f505466ee17)
19 microseconds
[ 2016-10-27 12:19:0]Process 23955 termed with signal 11(SIGSEGV)
PT_F40-8_low_error-250 Test Num : 11
Inject into ../bin/hello
----- Type : 8_low_error Pos : PT_F40 -----
There are 1 faults will be injected in faulttable...
101482 microseconds
Fault on PT_F40(0X7f069f197ee0 -> 0X7f069f197e17)
33 microseconds
[ 2016-10-27 12:19:0]Process 23957 termed with signal 11(SIGSEGV)
PT_F40-8_low_error-250 Test Num : 12
Inject into ../bin/hello
----- Type : 8_low_error Pos : PT_F40 -----
There are 1 faults will be injected in faulttable...
100108 microseconds
Fault on PT_F40(0X7f73bff4eee0 -> 0X7f73bff4ee17)
25 microseconds
[ 2016-10-27 12:19:0]Process 23959 termed with signal 11(SIGSEGV)
PT_F40-8_low_error-250 Test Num : 13
Inject into ../bin/hello
----- Type : 8_low_error Pos : PT_F40 -----
There are 1 faults will be injected in faulttable...
101515 microseconds
Fault on PT_F40(0X7f01e6487ee0 -> 0X7f01e6487e17)
28 microseconds
[ 2016-10-27 12:19:0]Process 23961 termed with signal 11(SIGSEGV)
PT_F40-8_low_error-250 Test Num : 14
Inject into ../bin/hello
----- Type : 8_low_error Pos : PT_F40 -----
There are 1 faults will be injected in faulttable...
100317 microseconds
Fault on PT_F40(0X7f5c711c2ee0 -> 0X7f5c711c2e17)
23 microseconds
[ 2016-10-27 12:19:0]Process 23963 termed with signal 11(SIGSEGV)
PT_F40-8_low_error-250 Test Num : 15
Inject into ../bin/hello
----- Type : 8_low_error Pos : PT_F40 -----
There are 1 faults will be injected in faulttable...
100922 microseconds
Fault on PT_F40(0X7fb94e3c9ee0 -> 0X7fb94e3c9e17)
13 microseconds
[ 2016-10-27 12:19:0]Process 23965 termed with signal 11(SIGSEGV)
PT_F40-8_low_error-250 Test Num : 16
Inject into ../bin/hello
----- Type : 8_low_error Pos : PT_F40 -----
There are 1 faults will be injected in faulttable...
101088 microseconds
Fault on PT_F40(0X7f8e15c66ee0 -> 0X7f8e15c66e17)
18 microseconds
[ 2016-10-27 12:19:0]Process 23967 termed with signal 11(SIGSEGV)
PT_F40-8_low_error-250 Test Num : 17
Inject into ../bin/hello
----- Type : 8_low_error Pos : PT_F40 -----
There are 1 faults will be injected in faulttable...
101181 microseconds
Fault on PT_F40(0X7f0b0dd4cee0 -> 0X7f0b0dd4ce17)
41 microseconds
[ 2016-10-27 12:19:0]Process 23969 termed with signal 11(SIGSEGV)
PT_F40-8_low_error-250 Test Num : 18
Inject into ../bin/hello
----- Type : 8_low_error Pos : PT_F40 -----
There are 1 faults will be injected in faulttable...
101245 microseconds
Fault on PT_F40(0X7ff21c956ee0 -> 0X7ff21c956e17)
23 microseconds
[ 2016-10-27 12:19:0]Process 23971 termed with signal 11(SIGSEGV)
PT_F40-8_low_error-250 Test Num : 19
Inject into ../bin/hello
----- Type : 8_low_error Pos : PT_F40 -----
There are 1 faults will be injected in faulttable...
101282 microseconds
Fault on PT_F40(0X7fae85bf2ee0 -> 0X7fae85bf2ebf)
16 microseconds
[ 2016-10-27 12:19:1]Process 23973 termed with signal 11(SIGSEGV)
PT_F40-8_low_error-250 Test Num : 20
Inject into ../bin/hello
----- Type : 8_low_error Pos : PT_F40 -----
There are 1 faults will be injected in faulttable...
101165 microseconds
Fault on PT_F40(0X7fedfad22ee0 -> 0X7fedfad22ebf)
12 microseconds
[ 2016-10-27 12:19:1]Process 23975 termed with signal 11(SIGSEGV)
PT_F40-8_low_error-250 Test Num : 21
Inject into ../bin/hello
----- Type : 8_low_error Pos : PT_F40 -----
There are 1 faults will be injected in faulttable...
101370 microseconds
Fault on PT_F40(0X7fa1ba83fee0 -> 0X7fa1ba83febf)
18 microseconds
[ 2016-10-27 12:19:1]Process 23977 termed with signal 11(SIGSEGV)
PT_F40-8_low_error-250 Test Num : 22
Inject into ../bin/hello
----- Type : 8_low_error Pos : PT_F40 -----
There are 1 faults will be injected in faulttable...
101289 microseconds
Fault on PT_F40(0X7f7223a43ee0 -> 0X7f7223a43ebf)
18 microseconds
[ 2016-10-27 12:19:1]Process 23979 termed with signal 11(SIGSEGV)
PT_F40-8_low_error-250 Test Num : 23
Inject into ../bin/hello
----- Type : 8_low_error Pos : PT_F40 -----
There are 1 faults will be injected in faulttable...
101314 microseconds
Fault on PT_F40(0X7f1e5ad8bee0 -> 0X7f1e5ad8bebf)
13 microseconds
[ 2016-10-27 12:19:1]Process 23981 termed with signal 11(SIGSEGV)
PT_F40-8_low_error-250 Test Num : 24
Inject into ../bin/hello
----- Type : 8_low_error Pos : PT_F40 -----
There are 1 faults will be injected in faulttable...
101289 microseconds
Fault on PT_F40(0X7f9287193ee0 -> 0X7f9287193ebf)
12 microseconds
[ 2016-10-27 12:19:1]Process 23983 termed with signal 11(SIGSEGV)
PT_F40-8_low_error-250 Test Num : 25
Inject into ../bin/hello
----- Type : 8_low_error Pos : PT_F40 -----
There are 1 faults will be injected in faulttable...
100146 microseconds
Fault on PT_F40(0X7f89b51c9ee0 -> 0X7f89b51c9ebf)
13 microseconds
[ 2016-10-27 12:19:1]Process 23985 termed with signal 11(SIGSEGV)
PT_F40-8_low_error-250 Test Num : 26
Inject into ../bin/hello
----- Type : 8_low_error Pos : PT_F40 -----
There are 1 faults will be injected in faulttable...
101156 microseconds
Fault on PT_F40(0X7fd357e07ee0 -> 0X7fd357e07ebf)
18 microseconds
[ 2016-10-27 12:19:1]Process 23987 termed with signal 11(SIGSEGV)
PT_F40-8_low_error-250 Test Num : 27
Inject into ../bin/hello
----- Type : 8_low_error Pos : PT_F40 -----
There are 1 faults will be injected in faulttable...
100120 microseconds
Fault on PT_F40(0X7f711f3bcee0 -> 0X7f711f3bcebf)
18 microseconds
[ 2016-10-27 12:19:1]Process 23989 termed with signal 11(SIGSEGV)
PT_F40-8_low_error-250 Test Num : 28
Inject into ../bin/hello
----- Type : 8_low_error Pos : PT_F40 -----
There are 1 faults will be injected in faulttable...
100143 microseconds
Fault on PT_F40(0X7f6770357ee0 -> 0X7f6770357efb)
21 microseconds
[ 2016-10-27 12:19:2]Process 23991 termed with signal 11(SIGSEGV)
PT_F40-8_low_error-250 Test Num : 29
Inject into ../bin/hello
----- Type : 8_low_error Pos : PT_F40 -----
There are 1 faults will be injected in faulttable...
101735 microseconds
Fault on PT_F40(0X7fa3be886ee0 -> 0X7fa3be886efb)
13 microseconds
[ 2016-10-27 12:19:2]Process 23993 termed with signal 11(SIGSEGV)
PT_F40-8_low_error-250 Test Num : 30
Inject into ../bin/hello
----- Type : 8_low_error Pos : PT_F40 -----
There are 1 faults will be injected in faulttable...
101036 microseconds
Fault on PT_F40(0X7f320a8bcee0 -> 0X7f320a8bcefb)
15 microseconds
[ 2016-10-27 12:19:2]Process 23995 termed with signal 11(SIGSEGV)
PT_F40-8_low_error-250 Test Num : 31
Inject into ../bin/hello
----- Type : 8_low_error Pos : PT_F40 -----
There are 1 faults will be injected in faulttable...
101141 microseconds
Fault on PT_F40(0X7f728d0bfee0 -> 0X7f728d0bfefb)
20 microseconds
[ 2016-10-27 12:19:2]Process 23997 termed with signal 11(SIGSEGV)
PT_F40-8_low_error-250 Test Num : 32
Inject into ../bin/hello
----- Type : 8_low_error Pos : PT_F40 -----
There are 1 faults will be injected in faulttable...
101526 microseconds
Fault on PT_F40(0X7f5614b19ee0 -> 0X7f5614b19efb)
44 microseconds
[ 2016-10-27 12:19:2]Process 23999 termed with signal 11(SIGSEGV)
PT_F40-8_low_error-250 Test Num : 33
Inject into ../bin/hello
----- Type : 8_low_error Pos : PT_F40 -----
There are 1 faults will be injected in faulttable...
101177 microseconds
Fault on PT_F40(0X7f73e7636ee0 -> 0X7f73e7636efb)
23 microseconds
[ 2016-10-27 12:19:2]Process 24001 termed with signal 11(SIGSEGV)
PT_F40-8_low_error-250 Test Num : 34
Inject into ../bin/hello
----- Type : 8_low_error Pos : PT_F40 -----
There are 1 faults will be injected in faulttable...
101174 microseconds
Fault on PT_F40(0X7f20065a9ee0 -> 0X7f20065a9efb)
12 microseconds
[ 2016-10-27 12:19:2]Process 24003 termed with signal 11(SIGSEGV)
PT_F40-8_low_error-250 Test Num : 35
Inject into ../bin/hello
----- Type : 8_low_error Pos : PT_F40 -----
There are 1 faults will be injected in faulttable...
100978 microseconds
Fault on PT_F40(0X7f5d704f1ee0 -> 0X7f5d704f1efb)
13 microseconds
[ 2016-10-27 12:19:2]Process 24005 termed with signal 11(SIGSEGV)
PT_F40-8_low_error-250 Test Num : 36
Inject into ../bin/hello
----- Type : 8_low_error Pos : PT_F40 -----
There are 1 faults will be injected in faulttable...
101032 microseconds
Fault on PT_F40(0X7fbd7971eee0 -> 0X7fbd7971eefb)
15 microseconds
[ 2016-10-27 12:19:2]Process 24007 termed with signal 11(SIGSEGV)
PT_F40-8_low_error-250 Test Num : 37
Inject into ../bin/hello
----- Type : 8_low_error Pos : PT_F40 -----
There are 1 faults will be injected in faulttable...
101117 microseconds
Fault on PT_F40(0X7f733c435ee0 -> 0X7f733c435efb)
22 microseconds
[ 2016-10-27 12:19:2]Process 24009 termed with signal 11(SIGSEGV)
PT_F40-8_low_error-250 Test Num : 38
Inject into ../bin/hello
----- Type : 8_low_error Pos : PT_F40 -----
There are 1 faults will be injected in faulttable...
101195 microseconds
Fault on PT_F40(0X7f0da4740ee0 -> 0X7f0da4740e85)
23 microseconds
[ 2016-10-27 12:19:3]Process 24011 termed with signal 4(SIGILL)
PT_F40-8_low_error-250 Test Num : 39
Inject into ../bin/hello
----- Type : 8_low_error Pos : PT_F40 -----
There are 1 faults will be injected in faulttable...
101355 microseconds
Fault on PT_F40(0X7fb050fdcee0 -> 0X7fb050fdce85)
27 microseconds
[ 2016-10-27 12:19:3]Process 24013 termed with signal 4(SIGILL)
PT_F40-8_low_error-250 Test Num : 40
Inject into ../bin/hello
----- Type : 8_low_error Pos : PT_F40 -----
There are 1 faults will be injected in faulttable...
101047 microseconds
Fault on PT_F40(0X7f4db291eee0 -> 0X7f4db291ee85)
28 microseconds
[ 2016-10-27 12:19:3]Process 24015 termed with signal 4(SIGILL)
PT_F40-8_low_error-250 Test Num : 41
Inject into ../bin/hello
----- Type : 8_low_error Pos : PT_F40 -----
There are 1 faults will be injected in faulttable...
100478 microseconds
Fault on PT_F40(0X7fc8b55c0ee0 -> 0X7fc8b55c0e85)
74 microseconds
[ 2016-10-27 12:19:3]Process 24017 termed with signal 4(SIGILL)
PT_F40-8_low_error-250 Test Num : 42
Inject into ../bin/hello
----- Type : 8_low_error Pos : PT_F40 -----
There are 1 faults will be injected in faulttable...
100096 microseconds
Fault on PT_F40(0X7f11681e6ee0 -> 0X7f11681e6e85)
20 microseconds
[ 2016-10-27 12:19:3]Process 24019 termed with signal 4(SIGILL)
PT_F40-8_low_error-250 Test Num : 43
Inject into ../bin/hello
----- Type : 8_low_error Pos : PT_F40 -----
There are 1 faults will be injected in faulttable...
101179 microseconds
Fault on PT_F40(0X7f64098c1ee0 -> 0X7f64098c1e85)
23 microseconds
[ 2016-10-27 12:19:3]Process 24021 termed with signal 4(SIGILL)
PT_F40-8_low_error-250 Test Num : 44
Inject into ../bin/hello
----- Type : 8_low_error Pos : PT_F40 -----
There are 1 faults will be injected in faulttable...
101136 microseconds
Fault on PT_F40(0X7f6608d4dee0 -> 0X7f6608d4de85)
30 microseconds
[ 2016-10-27 12:19:3]Process 24023 termed with signal 4(SIGILL)
PT_F40-8_low_error-250 Test Num : 45
Inject into ../bin/hello
----- Type : 8_low_error Pos : PT_F40 -----
There are 1 faults will be injected in faulttable...
101419 microseconds
Fault on PT_F40(0X7f760d876ee0 -> 0X7f760d876e85)
20 microseconds
[ 2016-10-27 12:19:3]Process 24025 termed with signal 4(SIGILL)
PT_F40-8_low_error-250 Test Num : 46
Inject into ../bin/hello
----- Type : 8_low_error Pos : PT_F40 -----
There are 1 faults will be injected in faulttable...
101133 microseconds
Fault on PT_F40(0X7f134430dee0 -> 0X7f134430de85)
22 microseconds
[ 2016-10-27 12:19:3]Process 24027 termed with signal 4(SIGILL)
PT_F40-8_low_error-250 Test Num : 47
Inject into ../bin/hello
----- Type : 8_low_error Pos : PT_F40 -----
There are 1 faults will be injected in faulttable...
100320 microseconds
Fault on PT_F40(0X7f586df65ee0 -> 0X7f586df65e12)
28 microseconds
[ 2016-10-27 12:19:4]Process 24029 termed with signal 4(SIGILL)
PT_F40-8_low_error-250 Test Num : 48
Inject into ../bin/hello
----- Type : 8_low_error Pos : PT_F40 -----
There are 1 faults will be injected in faulttable...
101208 microseconds
Fault on PT_F40(0X7efe0fab8ee0 -> 0X7efe0fab8e12)
28 microseconds
[ 2016-10-27 12:19:4]Process 24031 termed with signal 4(SIGILL)
PT_F40-8_low_error-250 Test Num : 49
Inject into ../bin/hello
----- Type : 8_low_error Pos : PT_F40 -----
There are 1 faults will be injected in faulttable...
101246 microseconds
Fault on PT_F40(0X7f51d7d61ee0 -> 0X7f51d7d61e12)
27 microseconds
[ 2016-10-27 12:19:4]Process 24033 termed with signal 4(SIGILL)
PT_F40-8_low_error-250 Test Num : 50
Inject into ../bin/hello
----- Type : 8_low_error Pos : PT_F40 -----
There are 1 faults will be injected in faulttable...
100096 microseconds
Fault on PT_F40(0X7f068e907ee0 -> 0X7f068e907e12)
23 microseconds
[ 2016-10-27 12:19:4]Process 24035 termed with signal 4(SIGILL)
PT_F40-8_low_error-250 Test Num : 51
Inject into ../bin/hello
----- Type : 8_low_error Pos : PT_F40 -----
There are 1 faults will be injected in faulttable...
101028 microseconds
Fault on PT_F40(0X7f4c7d9f2ee0 -> 0X7f4c7d9f2e12)
28 microseconds
[ 2016-10-27 12:19:4]Process 24037 termed with signal 4(SIGILL)
PT_F40-8_low_error-250 Test Num : 52
Inject into ../bin/hello
----- Type : 8_low_error Pos : PT_F40 -----
There are 1 faults will be injected in faulttable...
101560 microseconds
Fault on PT_F40(0X7fbbc3f0bee0 -> 0X7fbbc3f0be12)
29 microseconds
[ 2016-10-27 12:19:4]Process 24039 termed with signal 4(SIGILL)
PT_F40-8_low_error-250 Test Num : 53
Inject into ../bin/hello
----- Type : 8_low_error Pos : PT_F40 -----
There are 1 faults will be injected in faulttable...
100065 microseconds
Fault on PT_F40(0X7fe7ca91aee0 -> 0X7fe7ca91ae12)
19 microseconds
[ 2016-10-27 12:19:4]Process 24041 termed with signal 4(SIGILL)
PT_F40-8_low_error-250 Test Num : 54
Inject into ../bin/hello
----- Type : 8_low_error Pos : PT_F40 -----
There are 1 faults will be injected in faulttable...
101089 microseconds
Fault on PT_F40(0X7fa9988a8ee0 -> 0X7fa9988a8e12)
30 microseconds
[ 2016-10-27 12:19:4]Process 24043 termed with signal 4(SIGILL)
PT_F40-8_low_error-250 Test Num : 55
Inject into ../bin/hello
----- Type : 8_low_error Pos : PT_F40 -----
There are 1 faults will be injected in faulttable...
101235 microseconds
Fault on PT_F40(0X7f0487854ee0 -> 0X7f0487854e12)
29 microseconds
[ 2016-10-27 12:19:4]Process 24045 termed with signal 4(SIGILL)
PT_F40-8_low_error-250 Test Num : 56
Inject into ../bin/hello
----- Type : 8_low_error Pos : PT_F40 -----
There are 1 faults will be injected in faulttable...
101124 microseconds
Fault on PT_F40(0X7f71ab1b4ee0 -> 0X7f71ab1b4ee4)
21 microseconds
[ 2016-10-27 12:19:5]Process 24047 termed with signal 4(SIGILL)
PT_F40-8_low_error-250 Test Num : 57
Inject into ../bin/hello
----- Type : 8_low_error Pos : PT_F40 -----
There are 1 faults will be injected in faulttable...
100088 microseconds
Fault on PT_F40(0X7f9bb9dc3ee0 -> 0X7f9bb9dc3ee4)
24 microseconds
[ 2016-10-27 12:19:5]Process 24049 termed with signal 4(SIGILL)
PT_F40-8_low_error-250 Test Num : 58
Inject into ../bin/hello
----- Type : 8_low_error Pos : PT_F40 -----
There are 1 faults will be injected in faulttable...
101128 microseconds
Fault on PT_F40(0X7f055a419ee0 -> 0X7f055a419ee4)
31 microseconds
[ 2016-10-27 12:19:5]Process 24051 termed with signal 4(SIGILL)
PT_F40-8_low_error-250 Test Num : 59
Inject into ../bin/hello
----- Type : 8_low_error Pos : PT_F40 -----
There are 1 faults will be injected in faulttable...
101076 microseconds
Fault on PT_F40(0X7f13bab26ee0 -> 0X7f13bab26ee4)
30 microseconds
[ 2016-10-27 12:19:5]Process 24053 termed with signal 4(SIGILL)
PT_F40-8_low_error-250 Test Num : 60
Inject into ../bin/hello
----- Type : 8_low_error Pos : PT_F40 -----
There are 1 faults will be injected in faulttable...
101328 microseconds
Fault on PT_F40(0X7fd1a9919ee0 -> 0X7fd1a9919ee4)
32 microseconds
[ 2016-10-27 12:19:5]Process 24055 termed with signal 4(SIGILL)
PT_F40-8_low_error-250 Test Num : 61
Inject into ../bin/hello
----- Type : 8_low_error Pos : PT_F40 -----
There are 1 faults will be injected in faulttable...
100100 microseconds
Fault on PT_F40(0X7fe4c0267ee0 -> 0X7fe4c0267ee4)
24 microseconds
[ 2016-10-27 12:19:5]Process 24057 termed with signal 4(SIGILL)
PT_F40-8_low_error-250 Test Num : 62
Inject into ../bin/hello
----- Type : 8_low_error Pos : PT_F40 -----
There are 1 faults will be injected in faulttable...
101095 microseconds
Fault on PT_F40(0X7f90180f7ee0 -> 0X7f90180f7ee4)
28 microseconds
[ 2016-10-27 12:19:5]Process 24059 termed with signal 4(SIGILL)
PT_F40-8_low_error-250 Test Num : 63
Inject into ../bin/hello
----- Type : 8_low_error Pos : PT_F40 -----
There are 1 faults will be injected in faulttable...
101059 microseconds
Fault on PT_F40(0X7fa020f40ee0 -> 0X7fa020f40ee4)
29 microseconds
[ 2016-10-27 12:19:5]Process 24061 termed with signal 4(SIGILL)
PT_F40-8_low_error-250 Test Num : 64
Inject into ../bin/hello
----- Type : 8_low_error Pos : PT_F40 -----
There are 1 faults will be injected in faulttable...
100241 microseconds
Fault on PT_F40(0X7f19423d4ee0 -> 0X7f19423d4ee4)
21 microseconds
[ 2016-10-27 12:19:5]Process 24063 termed with signal 4(SIGILL)
PT_F40-8_low_error-250 Test Num : 65
Inject into ../bin/hello
----- Type : 8_low_error Pos : PT_F40 -----
There are 1 faults will be injected in faulttable...
100990 microseconds
Fault on PT_F40(0X7f22caae8ee0 -> 0X7f22caae8e93)
14 microseconds
[ 2016-10-27 12:19:6]Process 24065 termed with signal 11(SIGSEGV)
PT_F40-8_low_error-250 Test Num : 66
Inject into ../bin/hello
----- Type : 8_low_error Pos : PT_F40 -----
There are 1 faults will be injected in faulttable...
101011 microseconds
Fault on PT_F40(0X7f4c0953dee0 -> 0X7f4c0953de93)
16 microseconds
[ 2016-10-27 12:19:6]Process 24067 termed with signal 11(SIGSEGV)
PT_F40-8_low_error-250 Test Num : 67
Inject into ../bin/hello
----- Type : 8_low_error Pos : PT_F40 -----
There are 1 faults will be injected in faulttable...
101025 microseconds
Fault on PT_F40(0X7f31548eaee0 -> 0X7f31548eae93)
14 microseconds
[ 2016-10-27 12:19:6]Process 24069 termed with signal 11(SIGSEGV)
PT_F40-8_low_error-250 Test Num : 68
Inject into ../bin/hello
----- Type : 8_low_error Pos : PT_F40 -----
There are 1 faults will be injected in faulttable...
100082 microseconds
Fault on PT_F40(0X7f8762605ee0 -> 0X7f8762605e93)
23 microseconds
[ 2016-10-27 12:19:6]Process 24071 termed with signal 11(SIGSEGV)
PT_F40-8_low_error-250 Test Num : 69
Inject into ../bin/hello
----- Type : 8_low_error Pos : PT_F40 -----
There are 1 faults will be injected in faulttable...
101469 microseconds
Fault on PT_F40(0X7ff324387ee0 -> 0X7ff324387e93)
26 microseconds
[ 2016-10-27 12:19:6]Process 24073 termed with signal 11(SIGSEGV)
PT_F40-8_low_error-250 Test Num : 70
Inject into ../bin/hello
----- Type : 8_low_error Pos : PT_F40 -----
There are 1 faults will be injected in faulttable...
100260 microseconds
Fault on PT_F40(0X7fcca91f2ee0 -> 0X7fcca91f2e93)
20 microseconds
[ 2016-10-27 12:19:6]Process 24075 termed with signal 11(SIGSEGV)
PT_F40-8_low_error-250 Test Num : 71
Inject into ../bin/hello
----- Type : 8_low_error Pos : PT_F40 -----
There are 1 faults will be injected in faulttable...
101235 microseconds
Fault on PT_F40(0X7f1cfe0bdee0 -> 0X7f1cfe0bde93)
14 microseconds
[ 2016-10-27 12:19:6]Process 24077 termed with signal 11(SIGSEGV)
PT_F40-8_low_error-250 Test Num : 72
Inject into ../bin/hello
----- Type : 8_low_error Pos : PT_F40 -----
There are 1 faults will be injected in faulttable...
101216 microseconds
Fault on PT_F40(0X7f53c32a8ee0 -> 0X7f53c32a8e93)
17 microseconds
[ 2016-10-27 12:19:6]Process 24079 termed with signal 11(SIGSEGV)
PT_F40-8_low_error-250 Test Num : 73
Inject into ../bin/hello
----- Type : 8_low_error Pos : PT_F40 -----
There are 1 faults will be injected in faulttable...
100968 microseconds
Fault on PT_F40(0X7ff4d3f54ee0 -> 0X7ff4d3f54e93)
19 microseconds
[ 2016-10-27 12:19:6]Process 24081 termed with signal 11(SIGSEGV)
PT_F40-8_low_error-250 Test Num : 74
Inject into ../bin/hello
----- Type : 8_low_error Pos : PT_F40 -----
There are 1 faults will be injected in faulttable...
101155 microseconds
Fault on PT_F40(0X7fd76ec47ee0 -> 0X7fd76ec47e04)
17 microseconds
[ 2016-10-27 12:19:7]Process 24083 termed with signal 11(SIGSEGV)
PT_F40-8_low_error-250 Test Num : 75
Inject into ../bin/hello
----- Type : 8_low_error Pos : PT_F40 -----
There are 1 faults will be injected in faulttable...
100090 microseconds
Fault on PT_F40(0X7f1e87241ee0 -> 0X7f1e87241e04)
12 microseconds
[ 2016-10-27 12:19:7]Process 24085 termed with signal 11(SIGSEGV)
PT_F40-8_low_error-250 Test Num : 76
Inject into ../bin/hello
----- Type : 8_low_error Pos : PT_F40 -----
There are 1 faults will be injected in faulttable...
101057 microseconds
Fault on PT_F40(0X7ff619398ee0 -> 0X7ff619398e04)
18 microseconds
[ 2016-10-27 12:19:7]Process 24087 termed with signal 11(SIGSEGV)
PT_F40-8_low_error-250 Test Num : 77
Inject into ../bin/hello
----- Type : 8_low_error Pos : PT_F40 -----
There are 1 faults will be injected in faulttable...
101040 microseconds
Fault on PT_F40(0X7ff0adae7ee0 -> 0X7ff0adae7e04)
17 microseconds
[ 2016-10-27 12:19:7]Process 24089 termed with signal 11(SIGSEGV)
PT_F40-8_low_error-250 Test Num : 78
Inject into ../bin/hello
----- Type : 8_low_error Pos : PT_F40 -----
There are 1 faults will be injected in faulttable...
100071 microseconds
Fault on PT_F40(0X7f1870a65ee0 -> 0X7f1870a65e04)
12 microseconds
[ 2016-10-27 12:19:7]Process 24091 termed with signal 11(SIGSEGV)
PT_F40-8_low_error-250 Test Num : 79
Inject into ../bin/hello
----- Type : 8_low_error Pos : PT_F40 -----
There are 1 faults will be injected in faulttable...
101028 microseconds
Fault on PT_F40(0X7fc955abbee0 -> 0X7fc955abbe04)
11 microseconds
[ 2016-10-27 12:19:7]Process 24093 termed with signal 11(SIGSEGV)
PT_F40-8_low_error-250 Test Num : 80
Inject into ../bin/hello
----- Type : 8_low_error Pos : PT_F40 -----
There are 1 faults will be injected in faulttable...
101124 microseconds
Fault on PT_F40(0X7f0a5b7abee0 -> 0X7f0a5b7abe04)
17 microseconds
[ 2016-10-27 12:19:7]Process 24095 termed with signal 11(SIGSEGV)
PT_F40-8_low_error-250 Test Num : 81
Inject into ../bin/hello
----- Type : 8_low_error Pos : PT_F40 -----
There are 1 faults will be injected in faulttable...
101074 microseconds
Fault on PT_F40(0X7f3dd67b0ee0 -> 0X7f3dd67b0e04)
11 microseconds
[ 2016-10-27 12:19:7]Process 24097 termed with signal 11(SIGSEGV)
PT_F40-8_low_error-250 Test Num : 82
Inject into ../bin/hello
----- Type : 8_low_error Pos : PT_F40 -----
There are 1 faults will be injected in faulttable...
100964 microseconds
Fault on PT_F40(0X7f23a4b38ee0 -> 0X7f23a4b38e04)
18 microseconds
[ 2016-10-27 12:19:7]Process 24099 termed with signal 11(SIGSEGV)
PT_F40-8_low_error-250 Test Num : 83
Inject into ../bin/hello
----- Type : 8_low_error Pos : PT_F40 -----
There are 1 faults will be injected in faulttable...
101081 microseconds
Fault on PT_F40(0X7f89f2715ee0 -> 0X7f89f2715e7a)
18 microseconds
[ 2016-10-27 12:19:8]Process 24101 termed with signal 11(SIGSEGV)
PT_F40-8_low_error-250 Test Num : 84
Inject into ../bin/hello
----- Type : 8_low_error Pos : PT_F40 -----
There are 1 faults will be injected in faulttable...
100087 microseconds
Fault on PT_F40(0X7f1b060d4ee0 -> 0X7f1b060d4e7a)
16 microseconds
[ 2016-10-27 12:19:8]Process 24103 termed with signal 11(SIGSEGV)
PT_F40-8_low_error-250 Test Num : 85
Inject into ../bin/hello
----- Type : 8_low_error Pos : PT_F40 -----
There are 1 faults will be injected in faulttable...
101006 microseconds
Fault on PT_F40(0X7f1b90fc4ee0 -> 0X7f1b90fc4e7a)
19 microseconds
[ 2016-10-27 12:19:8]Process 24105 termed with signal 11(SIGSEGV)
PT_F40-8_low_error-250 Test Num : 86
Inject into ../bin/hello
----- Type : 8_low_error Pos : PT_F40 -----
There are 1 faults will be injected in faulttable...
101094 microseconds
Fault on PT_F40(0X7f74436a4ee0 -> 0X7f74436a4e7a)
35 microseconds
[ 2016-10-27 12:19:8]Process 24107 termed with signal 11(SIGSEGV)
PT_F40-8_low_error-250 Test Num : 87
Inject into ../bin/hello
----- Type : 8_low_error Pos : PT_F40 -----
There are 1 faults will be injected in faulttable...
101487 microseconds
Fault on PT_F40(0X7f106bd68ee0 -> 0X7f106bd68e7a)
22 microseconds
[ 2016-10-27 12:19:8]Process 24109 termed with signal 11(SIGSEGV)
PT_F40-8_low_error-250 Test Num : 88
Inject into ../bin/hello
----- Type : 8_low_error Pos : PT_F40 -----
There are 1 faults will be injected in faulttable...
100957 microseconds
Fault on PT_F40(0X7f3d5a42fee0 -> 0X7f3d5a42fe7a)
14 microseconds
[ 2016-10-27 12:19:8]Process 24111 termed with signal 11(SIGSEGV)
PT_F40-8_low_error-250 Test Num : 89
Inject into ../bin/hello
----- Type : 8_low_error Pos : PT_F40 -----
There are 1 faults will be injected in faulttable...
101009 microseconds
Fault on PT_F40(0X7f862c561ee0 -> 0X7f862c561e7a)
37 microseconds
[ 2016-10-27 12:19:8]Process 24113 termed with signal 11(SIGSEGV)
PT_F40-8_low_error-250 Test Num : 90
Inject into ../bin/hello
----- Type : 8_low_error Pos : PT_F40 -----
There are 1 faults will be injected in faulttable...
100929 microseconds
Fault on PT_F40(0X7faf0f269ee0 -> 0X7faf0f269e7a)
13 microseconds
[ 2016-10-27 12:19:8]Process 24115 termed with signal 11(SIGSEGV)
PT_F40-8_low_error-250 Test Num : 91
Inject into ../bin/hello
----- Type : 8_low_error Pos : PT_F40 -----
There are 1 faults will be injected in faulttable...
101052 microseconds
Fault on PT_F40(0X7fa1a1872ee0 -> 0X7fa1a1872e7a)
18 microseconds
[ 2016-10-27 12:19:8]Process 24117 termed with signal 11(SIGSEGV)
PT_F40-8_low_error-250 Test Num : 92
Inject into ../bin/hello
----- Type : 8_low_error Pos : PT_F40 -----
There are 1 faults will be injected in faulttable...
101094 microseconds
Fault on PT_F40(0X7ff033628ee0 -> 0X7ff033628e98)
3000102 microseconds
timeout
[2016-10-27 12:19:12]Process 24119 termed with signal 14(SIGALRM)
PT_F40-8_low_error-250 Test Num : 93
Inject into ../bin/hello
----- Type : 8_low_error Pos : PT_F40 -----
There are 1 faults will be injected in faulttable...
101041 microseconds
Fault on PT_F40(0X7ff3f008aee0 -> 0X7ff3f008ae05)
900070 microseconds
[2016-10-27 12:19:13]Process 24121 termed with signal 11(SIGSEGV)
PT_F40-8_low_error-250 Test Num : 94
Inject into ../bin/hello
----- Type : 8_low_error Pos : PT_F40 -----
There are 1 faults will be injected in faulttable...
101291 microseconds
Fault on PT_F40(0X7f59ded14ee0 -> 0X7f59ded14e86)
30 microseconds
[2016-10-27 12:19:13]Process 24123 termed with signal 4(SIGILL)
PT_F40-8_low_error-250 Test Num : 95
Inject into ../bin/hello
----- Type : 8_low_error Pos : PT_F40 -----
There are 1 faults will be injected in faulttable...
100928 microseconds
Fault on PT_F40(0X7f74cc628ee0 -> 0X7f74cc628e86)
22 microseconds
[2016-10-27 12:19:13]Process 24125 termed with signal 4(SIGILL)
PT_F40-8_low_error-250 Test Num : 96
Inject into ../bin/hello
----- Type : 8_low_error Pos : PT_F40 -----
There are 1 faults will be injected in faulttable...
100884 microseconds
Fault on PT_F40(0X7fb759b35ee0 -> 0X7fb759b35e86)
21 microseconds
[2016-10-27 12:19:13]Process 24127 termed with signal 4(SIGILL)
PT_F40-8_low_error-250 Test Num : 97
Inject into ../bin/hello
----- Type : 8_low_error Pos : PT_F40 -----
There are 1 faults will be injected in faulttable...
100913 microseconds
Fault on PT_F40(0X7fe2166e0ee0 -> 0X7fe2166e0e86)
20 microseconds
[2016-10-27 12:19:13]Process 24129 termed with signal 4(SIGILL)
PT_F40-8_low_error-250 Test Num : 98
Inject into ../bin/hello
----- Type : 8_low_error Pos : PT_F40 -----
There are 1 faults will be injected in faulttable...
101001 microseconds
Fault on PT_F40(0X7f42e21efee0 -> 0X7f42e21efe86)
26 microseconds
[2016-10-27 12:19:13]Process 24131 termed with signal 4(SIGILL)
PT_F40-8_low_error-250 Test Num : 99
Inject into ../bin/hello
----- Type : 8_low_error Pos : PT_F40 -----
There are 1 faults will be injected in faulttable...
100925 microseconds
Fault on PT_F40(0X7fe3339ccee0 -> 0X7fe3339cce86)
26 microseconds
[2016-10-27 12:19:13]Process 24133 termed with signal 4(SIGILL)
PT_F40-8_low_error-250 Test Num : 100
Inject into ../bin/hello
----- Type : 8_low_error Pos : PT_F40 -----
There are 1 faults will be injected in faulttable...
101466 microseconds
Fault on PT_F40(0X7f23427f6ee0 -> 0X7f23427f6e86)
20 microseconds
[2016-10-27 12:19:13]Process 24135 termed with signal 4(SIGILL)
PT_F40-8_low_error-250 Test Num : 101
Inject into ../bin/hello
----- Type : 8_low_error Pos : PT_F40 -----
There are 1 faults will be injected in faulttable...
100067 microseconds
Fault on PT_F40(0X7fe36007fee0 -> 0X7fe36007fe86)
20 microseconds
[2016-10-27 12:19:13]Process 24137 termed with signal 4(SIGILL)
PT_F40-8_low_error-250 Test Num : 102
Inject into ../bin/hello
----- Type : 8_low_error Pos : PT_F40 -----
There are 1 faults will be injected in faulttable...
100885 microseconds
Fault on PT_F40(0X7f871c01eee0 -> 0X7f871c01ee86)
20 microseconds
[2016-10-27 12:19:13]Process 24139 termed with signal 4(SIGILL)
PT_F40-8_low_error-250 Test Num : 103
Inject into ../bin/hello
----- Type : 8_low_error Pos : PT_F40 -----
There are 1 faults will be injected in faulttable...
101072 microseconds
Fault on PT_F40(0X7f5b250c4ee0 -> 0X7f5b250c4e34)
22 microseconds
[2016-10-27 12:19:14]Process 24141 termed with signal 11(SIGSEGV)
PT_F40-8_low_error-250 Test Num : 104
Inject into ../bin/hello
----- Type : 8_low_error Pos : PT_F40 -----
There are 1 faults will be injected in faulttable...
101088 microseconds
Fault on PT_F40(0X7f6c5a6e6ee0 -> 0X7f6c5a6e6e34)
17 microseconds
[2016-10-27 12:19:14]Process 24143 termed with signal 11(SIGSEGV)
PT_F40-8_low_error-250 Test Num : 105
Inject into ../bin/hello
----- Type : 8_low_error Pos : PT_F40 -----
There are 1 faults will be injected in faulttable...
101031 microseconds
Fault on PT_F40(0X7fed4d115ee0 -> 0X7fed4d115e34)
18 microseconds
[2016-10-27 12:19:14]Process 24145 termed with signal 11(SIGSEGV)
PT_F40-8_low_error-250 Test Num : 106
Inject into ../bin/hello
----- Type : 8_low_error Pos : PT_F40 -----
There are 1 faults will be injected in faulttable...
100964 microseconds
Fault on PT_F40(0X7f1b2de76ee0 -> 0X7f1b2de76e34)
20 microseconds
[2016-10-27 12:19:14]Process 24147 termed with signal 11(SIGSEGV)
PT_F40-8_low_error-250 Test Num : 107
Inject into ../bin/hello
----- Type : 8_low_error Pos : PT_F40 -----
There are 1 faults will be injected in faulttable...
100971 microseconds
Fault on PT_F40(0X7f561cb9aee0 -> 0X7f561cb9ae34)
14 microseconds
[2016-10-27 12:19:14]Process 24149 termed with signal 11(SIGSEGV)
PT_F40-8_low_error-250 Test Num : 108
Inject into ../bin/hello
----- Type : 8_low_error Pos : PT_F40 -----
There are 1 faults will be injected in faulttable...
101032 microseconds
Fault on PT_F40(0X7f7d65a38ee0 -> 0X7f7d65a38e34)
18 microseconds
[2016-10-27 12:19:14]Process 24151 termed with signal 11(SIGSEGV)
PT_F40-8_low_error-250 Test Num : 109
Inject into ../bin/hello
----- Type : 8_low_error Pos : PT_F40 -----
There are 1 faults will be injected in faulttable...
100087 microseconds
Fault on PT_F40(0X7fefcb0c9ee0 -> 0X7fefcb0c9e34)
14 microseconds
[2016-10-27 12:19:14]Process 24153 termed with signal 11(SIGSEGV)
PT_F40-8_low_error-250 Test Num : 110
Inject into ../bin/hello
----- Type : 8_low_error Pos : PT_F40 -----
There are 1 faults will be injected in faulttable...
101432 microseconds
Fault on PT_F40(0X7f214ed3fee0 -> 0X7f214ed3fe34)
25 microseconds
[2016-10-27 12:19:14]Process 24155 termed with signal 11(SIGSEGV)
PT_F40-8_low_error-250 Test Num : 111
Inject into ../bin/hello
----- Type : 8_low_error Pos : PT_F40 -----
There are 1 faults will be injected in faulttable...
100248 microseconds
Fault on PT_F40(0X7f7935954ee0 -> 0X7f7935954e34)
22 microseconds
[2016-10-27 12:19:14]Process 24157 termed with signal 11(SIGSEGV)
PT_F40-8_low_error-250 Test Num : 112
Inject into ../bin/hello
----- Type : 8_low_error Pos : PT_F40 -----
There are 1 faults will be injected in faulttable...
100234 microseconds
Fault on PT_F40(0X7fdc78440ee0 -> 0X7fdc78440e5c)
12 microseconds
[2016-10-27 12:19:15]Process 24159 termed with signal 11(SIGSEGV)
PT_F40-8_low_error-250 Test Num : 113
Inject into ../bin/hello
----- Type : 8_low_error Pos : PT_F40 -----
There are 1 faults will be injected in faulttable...
101136 microseconds
Fault on PT_F40(0X7fbe73cf3ee0 -> 0X7fbe73cf3e5c)
15 microseconds
[2016-10-27 12:19:15]Process 24161 termed with signal 11(SIGSEGV)
PT_F40-8_low_error-250 Test Num : 114
Inject into ../bin/hello
----- Type : 8_low_error Pos : PT_F40 -----
There are 1 faults will be injected in faulttable...
100976 microseconds
Fault on PT_F40(0X7f697530bee0 -> 0X7f697530be5c)
16 microseconds
[2016-10-27 12:19:15]Process 24163 termed with signal 11(SIGSEGV)
PT_F40-8_low_error-250 Test Num : 115
Inject into ../bin/hello
----- Type : 8_low_error Pos : PT_F40 -----
There are 1 faults will be injected in faulttable...
100117 microseconds
Fault on PT_F40(0X7f3cfe05fee0 -> 0X7f3cfe05fe5c)
22 microseconds
[2016-10-27 12:19:15]Process 24165 termed with signal 11(SIGSEGV)
PT_F40-8_low_error-250 Test Num : 116
Inject into ../bin/hello
----- Type : 8_low_error Pos : PT_F40 -----
There are 1 faults will be injected in faulttable...
101033 microseconds
Fault on PT_F40(0X7faf0766eee0 -> 0X7faf0766ee5c)
21 microseconds
[2016-10-27 12:19:15]Process 24167 termed with signal 11(SIGSEGV)
PT_F40-8_low_error-250 Test Num : 117
Inject into ../bin/hello
----- Type : 8_low_error Pos : PT_F40 -----
There are 1 faults will be injected in faulttable...
101172 microseconds
Fault on PT_F40(0X7fe40d044ee0 -> 0X7fe40d044e5c)
17 microseconds
[2016-10-27 12:19:15]Process 24169 termed with signal 11(SIGSEGV)
PT_F40-8_low_error-250 Test Num : 118
Inject into ../bin/hello
----- Type : 8_low_error Pos : PT_F40 -----
There are 1 faults will be injected in faulttable...
100089 microseconds
Fault on PT_F40(0X7f1a68febee0 -> 0X7f1a68febe5c)
14 microseconds
[2016-10-27 12:19:15]Process 24171 termed with signal 11(SIGSEGV)
PT_F40-8_low_error-250 Test Num : 119
Inject into ../bin/hello
----- Type : 8_low_error Pos : PT_F40 -----
There are 1 faults will be injected in faulttable...
100993 microseconds
Fault on PT_F40(0X7fcc2023eee0 -> 0X7fcc2023ee5c)
18 microseconds
[2016-10-27 12:19:15]Process 24173 termed with signal 11(SIGSEGV)
PT_F40-8_low_error-250 Test Num : 120
Inject into ../bin/hello
----- Type : 8_low_error Pos : PT_F40 -----
There are 1 faults will be injected in faulttable...
101047 microseconds
Fault on PT_F40(0X7f0505e7cee0 -> 0X7f0505e7ce5c)
15 microseconds
[2016-10-27 12:19:15]Process 24175 termed with signal 11(SIGSEGV)
PT_F40-8_low_error-250 Test Num : 121
Inject into ../bin/hello
----- Type : 8_low_error Pos : PT_F40 -----
There are 1 faults will be injected in faulttable...
101080 microseconds
Fault on PT_F40(0X7f823b3deee0 -> 0X7f823b3dee16)
13 microseconds
[2016-10-27 12:19:16]Process 24177 termed with signal 11(SIGSEGV)
PT_F40-8_low_error-250 Test Num : 122
Inject into ../bin/hello
----- Type : 8_low_error Pos : PT_F40 -----
There are 1 faults will be injected in faulttable...
100914 microseconds
Fault on PT_F40(0X7fa6885a0ee0 -> 0X7fa6885a0e16)
15 microseconds
[2016-10-27 12:19:16]Process 24179 termed with signal 11(SIGSEGV)
PT_F40-8_low_error-250 Test Num : 123
Inject into ../bin/hello
----- Type : 8_low_error Pos : PT_F40 -----
There are 1 faults will be injected in faulttable...
100958 microseconds
Fault on PT_F40(0X7fc6eb5a5ee0 -> 0X7fc6eb5a5e16)
24 microseconds
[2016-10-27 12:19:16]Process 24181 termed with signal 11(SIGSEGV)
PT_F40-8_low_error-250 Test Num : 124
Inject into ../bin/hello
----- Type : 8_low_error Pos : PT_F40 -----
There are 1 faults will be injected in faulttable...
100102 microseconds
Fault on PT_F40(0X7f94b67ceee0 -> 0X7f94b67cee16)
15 microseconds
[2016-10-27 12:19:16]Process 24183 termed with signal 11(SIGSEGV)
PT_F40-8_low_error-250 Test Num : 125
Inject into ../bin/hello
----- Type : 8_low_error Pos : PT_F40 -----
There are 1 faults will be injected in faulttable...
101052 microseconds
Fault on PT_F40(0X7f19ddf78ee0 -> 0X7f19ddf78e16)
13 microseconds
[2016-10-27 12:19:16]Process 24185 termed with signal 11(SIGSEGV)
PT_F40-8_low_error-250 Test Num : 126
Inject into ../bin/hello
----- Type : 8_low_error Pos : PT_F40 -----
There are 1 faults will be injected in faulttable...
101057 microseconds
Fault on PT_F40(0X7f4e12053ee0 -> 0X7f4e12053e16)
14 microseconds
[2016-10-27 12:19:16]Process 24187 termed with signal 11(SIGSEGV)
PT_F40-8_low_error-250 Test Num : 127
Inject into ../bin/hello
----- Type : 8_low_error Pos : PT_F40 -----
There are 1 faults will be injected in faulttable...
100236 microseconds
Fault on PT_F40(0X7fef3f76eee0 -> 0X7fef3f76ee16)
12 microseconds
[2016-10-27 12:19:16]Process 24189 termed with signal 11(SIGSEGV)
PT_F40-8_low_error-250 Test Num : 128
Inject into ../bin/hello
----- Type : 8_low_error Pos : PT_F40 -----
There are 1 faults will be injected in faulttable...
101019 microseconds
Fault on PT_F40(0X7f2ef2f77ee0 -> 0X7f2ef2f77e16)
14 microseconds
[2016-10-27 12:19:16]Process 24191 termed with signal 11(SIGSEGV)
PT_F40-8_low_error-250 Test Num : 129
Inject into ../bin/hello
----- Type : 8_low_error Pos : PT_F40 -----
There are 1 faults will be injected in faulttable...
101161 microseconds
Fault on PT_F40(0X7fe3b592dee0 -> 0X7fe3b592de16)
24 microseconds
[2016-10-27 12:19:16]Process 24193 termed with signal 11(SIGSEGV)
PT_F40-8_low_error-250 Test Num : 130
Inject into ../bin/hello
----- Type : 8_low_error Pos : PT_F40 -----
There are 1 faults will be injected in faulttable...
100085 microseconds
Fault on PT_F40(0X7f879f23dee0 -> 0X7f879f23de38)
15 microseconds
[2016-10-27 12:19:17]Process 24195 termed with signal 11(SIGSEGV)
PT_F40-8_low_error-250 Test Num : 131
Inject into ../bin/hello
----- Type : 8_low_error Pos : PT_F40 -----
There are 1 faults will be injected in faulttable...
101134 microseconds
Fault on PT_F40(0X7ffb48a9bee0 -> 0X7ffb48a9be38)
22 microseconds
[2016-10-27 12:19:17]Process 24197 termed with signal 11(SIGSEGV)
PT_F40-8_low_error-250 Test Num : 132
Inject into ../bin/hello
----- Type : 8_low_error Pos : PT_F40 -----
There are 1 faults will be injected in faulttable...
101050 microseconds
Fault on PT_F40(0X7fbd704b5ee0 -> 0X7fbd704b5e38)
16 microseconds
[2016-10-27 12:19:17]Process 24199 termed with signal 11(SIGSEGV)
PT_F40-8_low_error-250 Test Num : 133
Inject into ../bin/hello
----- Type : 8_low_error Pos : PT_F40 -----
There are 1 faults will be injected in faulttable...
101102 microseconds
Fault on PT_F40(0X7f8539b68ee0 -> 0X7f8539b68e38)
15 microseconds
[2016-10-27 12:19:17]Process 24201 termed with signal 11(SIGSEGV)
PT_F40-8_low_error-250 Test Num : 134
Inject into ../bin/hello
----- Type : 8_low_error Pos : PT_F40 -----
There are 1 faults will be injected in faulttable...
100999 microseconds
Fault on PT_F40(0X7f31100a2ee0 -> 0X7f31100a2e38)
20 microseconds
[2016-10-27 12:19:17]Process 24203 termed with signal 11(SIGSEGV)
PT_F40-8_low_error-250 Test Num : 135
Inject into ../bin/hello
----- Type : 8_low_error Pos : PT_F40 -----
There are 1 faults will be injected in faulttable...
101410 microseconds
Fault on PT_F40(0X7fc801dcaee0 -> 0X7fc801dcae38)
21 microseconds
[2016-10-27 12:19:17]Process 24205 termed with signal 11(SIGSEGV)
PT_F40-8_low_error-250 Test Num : 136
Inject into ../bin/hello
----- Type : 8_low_error Pos : PT_F40 -----
There are 1 faults will be injected in faulttable...
100098 microseconds
Fault on PT_F40(0X7f5063f0fee0 -> 0X7f5063f0fe38)
26 microseconds
[2016-10-27 12:19:17]Process 24207 termed with signal 11(SIGSEGV)
PT_F40-8_low_error-250 Test Num : 137
Inject into ../bin/hello
----- Type : 8_low_error Pos : PT_F40 -----
There are 1 faults will be injected in faulttable...
101270 microseconds
Fault on PT_F40(0X7fe6f7b12ee0 -> 0X7fe6f7b12e38)
19 microseconds
[2016-10-27 12:19:17]Process 24209 termed with signal 11(SIGSEGV)
PT_F40-8_low_error-250 Test Num : 138
Inject into ../bin/hello
----- Type : 8_low_error Pos : PT_F40 -----
There are 1 faults will be injected in faulttable...
101271 microseconds
Fault on PT_F40(0X7fb7095b9ee0 -> 0X7fb7095b9e38)
32 microseconds
[2016-10-27 12:19:17]Process 24211 termed with signal 11(SIGSEGV)
PT_F40-8_low_error-250 Test Num : 139
Inject into ../bin/hello
----- Type : 8_low_error Pos : PT_F40 -----
There are 1 faults will be injected in faulttable...
101656 microseconds
Fault on PT_F40(0X7fbf71695ee0 -> 0X7fbf71695ecb)
3000103 microseconds
timeout
[2016-10-27 12:19:21]Process 24213 termed with signal 14(SIGALRM)
PT_F40-8_low_error-250 Test Num : 140
Inject into ../bin/hello
----- Type : 8_low_error Pos : PT_F40 -----
There are 1 faults will be injected in faulttable...
100091 microseconds
Fault on PT_F40(0X7f22ea43aee0 -> 0X7f22ea43ae3c)
14 microseconds
[2016-10-27 12:19:21]Process 24215 termed with signal 11(SIGSEGV)
PT_F40-8_low_error-250 Test Num : 141
Inject into ../bin/hello
----- Type : 8_low_error Pos : PT_F40 -----
There are 1 faults will be injected in faulttable...
100127 microseconds
Fault on PT_F40(0X7ffad45c5ee0 -> 0X7ffad45c5e3c)
16 microseconds
[2016-10-27 12:19:21]Process 24217 termed with signal 11(SIGSEGV)
PT_F40-8_low_error-250 Test Num : 142
Inject into ../bin/hello
----- Type : 8_low_error Pos : PT_F40 -----
There are 1 faults will be injected in faulttable...
100086 microseconds
Fault on PT_F40(0X7f2ec8ba8ee0 -> 0X7f2ec8ba8e3c)
18 microseconds
[2016-10-27 12:19:21]Process 24219 termed with signal 11(SIGSEGV)
PT_F40-8_low_error-250 Test Num : 143
Inject into ../bin/hello
----- Type : 8_low_error Pos : PT_F40 -----
There are 1 faults will be injected in faulttable...
101028 microseconds
Fault on PT_F40(0X7fe2c456aee0 -> 0X7fe2c456ae3c)
17 microseconds
[2016-10-27 12:19:21]Process 24221 termed with signal 11(SIGSEGV)
PT_F40-8_low_error-250 Test Num : 144
Inject into ../bin/hello
----- Type : 8_low_error Pos : PT_F40 -----
There are 1 faults will be injected in faulttable...
100259 microseconds
Fault on PT_F40(0X7f2db7473ee0 -> 0X7f2db7473e3c)
19 microseconds
[2016-10-27 12:19:21]Process 24223 termed with signal 11(SIGSEGV)
PT_F40-8_low_error-250 Test Num : 145
Inject into ../bin/hello
----- Type : 8_low_error Pos : PT_F40 -----
There are 1 faults will be injected in faulttable...
101041 microseconds
Fault on PT_F40(0X7fbc8142aee0 -> 0X7fbc8142ae3c)
13 microseconds
[2016-10-27 12:19:21]Process 24225 termed with signal 11(SIGSEGV)
PT_F40-8_low_error-250 Test Num : 146
Inject into ../bin/hello
----- Type : 8_low_error Pos : PT_F40 -----
There are 1 faults will be injected in faulttable...
101080 microseconds
Fault on PT_F40(0X7f847698aee0 -> 0X7f847698ae3c)
19 microseconds
[2016-10-27 12:19:21]Process 24227 termed with signal 11(SIGSEGV)
PT_F40-8_low_error-250 Test Num : 147
Inject into ../bin/hello
----- Type : 8_low_error Pos : PT_F40 -----
There are 1 faults will be injected in faulttable...
100135 microseconds
Fault on PT_F40(0X7fe36414cee0 -> 0X7fe36414ce3c)
23 microseconds
[2016-10-27 12:19:21]Process 24229 termed with signal 11(SIGSEGV)
PT_F40-8_low_error-250 Test Num : 148
Inject into ../bin/hello
----- Type : 8_low_error Pos : PT_F40 -----
There are 1 faults will be injected in faulttable...
100117 microseconds
Fault on PT_F40(0X7fe442c43ee0 -> 0X7fe442c43eed)
11 microseconds
[2016-10-27 12:19:22]Process 24231 termed with signal 11(SIGSEGV)
PT_F40-8_low_error-250 Test Num : 149
Inject into ../bin/hello
----- Type : 8_low_error Pos : PT_F40 -----
There are 1 faults will be injected in faulttable...
101184 microseconds
Fault on PT_F40(0X7f81b6849ee0 -> 0X7f81b6849eed)
12 microseconds
[2016-10-27 12:19:22]Process 24233 termed with signal 11(SIGSEGV)
PT_F40-8_low_error-250 Test Num : 150
Inject into ../bin/hello
----- Type : 8_low_error Pos : PT_F40 -----
There are 1 faults will be injected in faulttable...
100103 microseconds
Fault on PT_F40(0X7f6b203e4ee0 -> 0X7f6b203e4eed)
18 microseconds
[2016-10-27 12:19:22]Process 24235 termed with signal 11(SIGSEGV)
PT_F40-8_low_error-250 Test Num : 151
Inject into ../bin/hello
----- Type : 8_low_error Pos : PT_F40 -----
There are 1 faults will be injected in faulttable...
101236 microseconds
Fault on PT_F40(0X7f57135f6ee0 -> 0X7f57135f6eed)
37 microseconds
[2016-10-27 12:19:22]Process 24237 termed with signal 11(SIGSEGV)
PT_F40-8_low_error-250 Test Num : 152
Inject into ../bin/hello
----- Type : 8_low_error Pos : PT_F40 -----
There are 1 faults will be injected in faulttable...
101608 microseconds
Fault on PT_F40(0X7f1a1c76eee0 -> 0X7f1a1c76eeed)
13 microseconds
[2016-10-27 12:19:22]Process 24239 termed with signal 11(SIGSEGV)
PT_F40-8_low_error-250 Test Num : 153
Inject into ../bin/hello
----- Type : 8_low_error Pos : PT_F40 -----
There are 1 faults will be injected in faulttable...
101184 microseconds
Fault on PT_F40(0X7fde69835ee0 -> 0X7fde69835eed)
12 microseconds
[2016-10-27 12:19:22]Process 24241 termed with signal 11(SIGSEGV)
PT_F40-8_low_error-250 Test Num : 154
Inject into ../bin/hello
----- Type : 8_low_error Pos : PT_F40 -----
There are 1 faults will be injected in faulttable...
101270 microseconds
Fault on PT_F40(0X7f9c2e027ee0 -> 0X7f9c2e027eed)
35 microseconds
[2016-10-27 12:19:22]Process 24243 termed with signal 11(SIGSEGV)
PT_F40-8_low_error-250 Test Num : 155
Inject into ../bin/hello
----- Type : 8_low_error Pos : PT_F40 -----
There are 1 faults will be injected in faulttable...
100103 microseconds
Fault on PT_F40(0X7fd702a98ee0 -> 0X7fd702a98eed)
10 microseconds
[2016-10-27 12:19:22]Process 24245 termed with signal 11(SIGSEGV)
PT_F40-8_low_error-250 Test Num : 156
Inject into ../bin/hello
----- Type : 8_low_error Pos : PT_F40 -----
There are 1 faults will be injected in faulttable...
101102 microseconds
Fault on PT_F40(0X7fdc8d142ee0 -> 0X7fdc8d142eed)
10 microseconds
[2016-10-27 12:19:22]Process 24247 termed with signal 11(SIGSEGV)
PT_F40-8_low_error-250 Test Num : 157
Inject into ../bin/hello
----- Type : 8_low_error Pos : PT_F40 -----
There are 1 faults will be injected in faulttable...
101081 microseconds
Fault on PT_F40(0X7f75d3a27ee0 -> 0X7f75d3a27eed)
12 microseconds
[2016-10-27 12:19:22]Process 24249 termed with signal 11(SIGSEGV)
PT_F40-8_low_error-250 Test Num : 158
Inject into ../bin/hello
----- Type : 8_low_error Pos : PT_F40 -----
There are 1 faults will be injected in faulttable...
101210 microseconds
Fault on PT_F40(0X7ff55e6c4ee0 -> 0X7ff55e6c4e6e)
30 microseconds
[2016-10-27 12:19:23]Process 24251 termed with signal 4(SIGILL)
PT_F40-8_low_error-250 Test Num : 159
Inject into ../bin/hello
----- Type : 8_low_error Pos : PT_F40 -----
There are 1 faults will be injected in faulttable...
101204 microseconds
Fault on PT_F40(0X7ff913bc6ee0 -> 0X7ff913bc6e6e)
20 microseconds
[2016-10-27 12:19:23]Process 24253 termed with signal 4(SIGILL)
PT_F40-8_low_error-250 Test Num : 160
Inject into ../bin/hello
----- Type : 8_low_error Pos : PT_F40 -----
There are 1 faults will be injected in faulttable...
101008 microseconds
Fault on PT_F40(0X7fe8aabd5ee0 -> 0X7fe8aabd5e6e)
20 microseconds
[2016-10-27 12:19:23]Process 24255 termed with signal 4(SIGILL)
PT_F40-8_low_error-250 Test Num : 161
Inject into ../bin/hello
----- Type : 8_low_error Pos : PT_F40 -----
There are 1 faults will be injected in faulttable...
100991 microseconds
Fault on PT_F40(0X7fc85c2f7ee0 -> 0X7fc85c2f7e6e)
24 microseconds
[2016-10-27 12:19:23]Process 24257 termed with signal 4(SIGILL)
PT_F40-8_low_error-250 Test Num : 162
Inject into ../bin/hello
----- Type : 8_low_error Pos : PT_F40 -----
There are 1 faults will be injected in faulttable...
101016 microseconds
Fault on PT_F40(0X7f4c5df5cee0 -> 0X7f4c5df5ce6e)
31 microseconds
[2016-10-27 12:19:23]Process 24259 termed with signal 4(SIGILL)
PT_F40-8_low_error-250 Test Num : 163
Inject into ../bin/hello
----- Type : 8_low_error Pos : PT_F40 -----
There are 1 faults will be injected in faulttable...
101666 microseconds
Fault on PT_F40(0X7fb6c61e6ee0 -> 0X7fb6c61e6e6e)
22 microseconds
[2016-10-27 12:19:23]Process 24261 termed with signal 4(SIGILL)
PT_F40-8_low_error-250 Test Num : 164
Inject into ../bin/hello
----- Type : 8_low_error Pos : PT_F40 -----
There are 1 faults will be injected in faulttable...
101093 microseconds
Fault on PT_F40(0X7f383eb6aee0 -> 0X7f383eb6ae6e)
30 microseconds
[2016-10-27 12:19:23]Process 24263 termed with signal 4(SIGILL)
PT_F40-8_low_error-250 Test Num : 165
Inject into ../bin/hello
----- Type : 8_low_error Pos : PT_F40 -----
There are 1 faults will be injected in faulttable...
101041 microseconds
Fault on PT_F40(0X7fe67644bee0 -> 0X7fe67644be6e)
20 microseconds
[2016-10-27 12:19:23]Process 24265 termed with signal 4(SIGILL)
PT_F40-8_low_error-250 Test Num : 166
Inject into ../bin/hello
----- Type : 8_low_error Pos : PT_F40 -----
There are 1 faults will be injected in faulttable...
100098 microseconds
Fault on PT_F40(0X7ff57023cee0 -> 0X7ff57023ce6e)
29 microseconds
[2016-10-27 12:19:23]Process 24267 termed with signal 4(SIGILL)
PT_F40-8_low_error-250 Test Num : 167
Inject into ../bin/hello
----- Type : 8_low_error Pos : PT_F40 -----
There are 1 faults will be injected in faulttable...
101070 microseconds
Fault on PT_F40(0X7f908b81bee0 -> 0X7f908b81befc)
16 microseconds
[2016-10-27 12:19:24]Process 24269 termed with signal 11(SIGSEGV)
PT_F40-8_low_error-250 Test Num : 168
Inject into ../bin/hello
----- Type : 8_low_error Pos : PT_F40 -----
There are 1 faults will be injected in faulttable...
100102 microseconds
Fault on PT_F40(0X7f3a5d927ee0 -> 0X7f3a5d927efc)
14 microseconds
[2016-10-27 12:19:24]Process 24271 termed with signal 11(SIGSEGV)
PT_F40-8_low_error-250 Test Num : 169
Inject into ../bin/hello
----- Type : 8_low_error Pos : PT_F40 -----
There are 1 faults will be injected in faulttable...
101169 microseconds
Fault on PT_F40(0X7f6208dbaee0 -> 0X7f6208dbaefc)
25 microseconds
[2016-10-27 12:19:24]Process 24273 termed with signal 11(SIGSEGV)
PT_F40-8_low_error-250 Test Num : 170
Inject into ../bin/hello
----- Type : 8_low_error Pos : PT_F40 -----
There are 1 faults will be injected in faulttable...
101035 microseconds
Fault on PT_F40(0X7f502ae63ee0 -> 0X7f502ae63efc)
21 microseconds
[2016-10-27 12:19:24]Process 24275 termed with signal 11(SIGSEGV)
PT_F40-8_low_error-250 Test Num : 171
Inject into ../bin/hello
----- Type : 8_low_error Pos : PT_F40 -----
There are 1 faults will be injected in faulttable...
101300 microseconds
Fault on PT_F40(0X7f02c18ecee0 -> 0X7f02c18ecefc)
16 microseconds
[2016-10-27 12:19:24]Process 24277 termed with signal 11(SIGSEGV)
PT_F40-8_low_error-250 Test Num : 172
Inject into ../bin/hello
----- Type : 8_low_error Pos : PT_F40 -----
There are 1 faults will be injected in faulttable...
101127 microseconds
Fault on PT_F40(0X7f37f34d1ee0 -> 0X7f37f34d1efc)
25 microseconds
[2016-10-27 12:19:24]Process 24279 termed with signal 11(SIGSEGV)
PT_F40-8_low_error-250 Test Num : 173
Inject into ../bin/hello
----- Type : 8_low_error Pos : PT_F40 -----
There are 1 faults will be injected in faulttable...
101012 microseconds
Fault on PT_F40(0X7f47e7e0cee0 -> 0X7f47e7e0cefc)
24 microseconds
[2016-10-27 12:19:24]Process 24281 termed with signal 11(SIGSEGV)
PT_F40-8_low_error-250 Test Num : 174
Inject into ../bin/hello
----- Type : 8_low_error Pos : PT_F40 -----
There are 1 faults will be injected in faulttable...
101011 microseconds
Fault on PT_F40(0X7f649c282ee0 -> 0X7f649c282efc)
17 microseconds
[2016-10-27 12:19:24]Process 24283 termed with signal 11(SIGSEGV)
PT_F40-8_low_error-250 Test Num : 175
Inject into ../bin/hello
----- Type : 8_low_error Pos : PT_F40 -----
There are 1 faults will be injected in faulttable...
101120 microseconds
Fault on PT_F40(0X7fdc8f027ee0 -> 0X7fdc8f027efc)
19 microseconds
[2016-10-27 12:19:24]Process 24285 termed with signal 11(SIGSEGV)
PT_F40-8_low_error-250 Test Num : 176
Inject into ../bin/hello
----- Type : 8_low_error Pos : PT_F40 -----
There are 1 faults will be injected in faulttable...
101043 microseconds
Fault on PT_F40(0X7efc84892ee0 -> 0X7efc84892ef7)
13 microseconds
[2016-10-27 12:19:25]Process 24287 termed with signal 11(SIGSEGV)
PT_F40-8_low_error-250 Test Num : 177
Inject into ../bin/hello
----- Type : 8_low_error Pos : PT_F40 -----
There are 1 faults will be injected in faulttable...
101070 microseconds
Fault on PT_F40(0X7f12cbc91ee0 -> 0X7f12cbc91ef7)
18 microseconds
[2016-10-27 12:19:25]Process 24289 termed with signal 11(SIGSEGV)
PT_F40-8_low_error-250 Test Num : 178
Inject into ../bin/hello
----- Type : 8_low_error Pos : PT_F40 -----
There are 1 faults will be injected in faulttable...
100257 microseconds
Fault on PT_F40(0X7fa045772ee0 -> 0X7fa045772ef7)
14 microseconds
[2016-10-27 12:19:25]Process 24291 termed with signal 11(SIGSEGV)
PT_F40-8_low_error-250 Test Num : 179
Inject into ../bin/hello
----- Type : 8_low_error Pos : PT_F40 -----
There are 1 faults will be injected in faulttable...
101105 microseconds
Fault on PT_F40(0X7f30ca2b3ee0 -> 0X7f30ca2b3ef7)
21 microseconds
[2016-10-27 12:19:25]Process 24293 termed with signal 11(SIGSEGV)
PT_F40-8_low_error-250 Test Num : 180
Inject into ../bin/hello
----- Type : 8_low_error Pos : PT_F40 -----
There are 1 faults will be injected in faulttable...
101107 microseconds
Fault on PT_F40(0X7f7d029fcee0 -> 0X7f7d029fcef7)
19 microseconds
[2016-10-27 12:19:25]Process 24295 termed with signal 11(SIGSEGV)
PT_F40-8_low_error-250 Test Num : 181
Inject into ../bin/hello
----- Type : 8_low_error Pos : PT_F40 -----
There are 1 faults will be injected in faulttable...
100116 microseconds
Fault on PT_F40(0X7f462b89cee0 -> 0X7f462b89cef7)
23 microseconds
[2016-10-27 12:19:25]Process 24297 termed with signal 11(SIGSEGV)
PT_F40-8_low_error-250 Test Num : 182
Inject into ../bin/hello
----- Type : 8_low_error Pos : PT_F40 -----
There are 1 faults will be injected in faulttable...
101530 microseconds
Fault on PT_F40(0X7f4cdb129ee0 -> 0X7f4cdb129ef7)
19 microseconds
[2016-10-27 12:19:25]Process 24299 termed with signal 11(SIGSEGV)
PT_F40-8_low_error-250 Test Num : 183
Inject into ../bin/hello
----- Type : 8_low_error Pos : PT_F40 -----
There are 1 faults will be injected in faulttable...
101169 microseconds
Fault on PT_F40(0X7f9bd0c09ee0 -> 0X7f9bd0c09ef7)
16 microseconds
[2016-10-27 12:19:25]Process 24301 termed with signal 11(SIGSEGV)
PT_F40-8_low_error-250 Test Num : 184
Inject into ../bin/hello
----- Type : 8_low_error Pos : PT_F40 -----
There are 1 faults will be injected in faulttable...
100112 microseconds
Fault on PT_F40(0X7f0e15c09ee0 -> 0X7f0e15c09ef7)
21 microseconds
[2016-10-27 12:19:25]Process 24303 termed with signal 11(SIGSEGV)
PT_F40-8_low_error-250 Test Num : 185
Inject into ../bin/hello
----- Type : 8_low_error Pos : PT_F40 -----
There are 1 faults will be injected in faulttable...
101450 microseconds
Fault on PT_F40(0X7fc57ddc9ee0 -> 0X7fc57ddc9ea5)
15 microseconds
[2016-10-27 12:19:26]Process 24305 termed with signal 11(SIGSEGV)
PT_F40-8_low_error-250 Test Num : 186
Inject into ../bin/hello
----- Type : 8_low_error Pos : PT_F40 -----
There are 1 faults will be injected in faulttable...
100097 microseconds
Fault on PT_F40(0X7f52c7a3aee0 -> 0X7f52c7a3aea5)
15 microseconds
[2016-10-27 12:19:26]Process 24307 termed with signal 11(SIGSEGV)
PT_F40-8_low_error-250 Test Num : 187
Inject into ../bin/hello
----- Type : 8_low_error Pos : PT_F40 -----
There are 1 faults will be injected in faulttable...
101038 microseconds
Fault on PT_F40(0X7f979033aee0 -> 0X7f979033aea5)
26 microseconds
[2016-10-27 12:19:26]Process 24309 termed with signal 11(SIGSEGV)
PT_F40-8_low_error-250 Test Num : 188
Inject into ../bin/hello
----- Type : 8_low_error Pos : PT_F40 -----
There are 1 faults will be injected in faulttable...
101075 microseconds
Fault on PT_F40(0X7f74922e6ee0 -> 0X7f74922e6ea5)
14 microseconds
[2016-10-27 12:19:26]Process 24311 termed with signal 11(SIGSEGV)
PT_F40-8_low_error-250 Test Num : 189
Inject into ../bin/hello
----- Type : 8_low_error Pos : PT_F40 -----
There are 1 faults will be injected in faulttable...
101130 microseconds
Fault on PT_F40(0X7fba29386ee0 -> 0X7fba29386ea5)
18 microseconds
[2016-10-27 12:19:26]Process 24313 termed with signal 11(SIGSEGV)
PT_F40-8_low_error-250 Test Num : 190
Inject into ../bin/hello
----- Type : 8_low_error Pos : PT_F40 -----
There are 1 faults will be injected in faulttable...
100107 microseconds
Fault on PT_F40(0X7f1e54e8dee0 -> 0X7f1e54e8dea5)
18 microseconds
[2016-10-27 12:19:26]Process 24315 termed with signal 11(SIGSEGV)
PT_F40-8_low_error-250 Test Num : 191
Inject into ../bin/hello
----- Type : 8_low_error Pos : PT_F40 -----
There are 1 faults will be injected in faulttable...
101200 microseconds
Fault on PT_F40(0X7f3732eaaee0 -> 0X7f3732eaaea5)
19 microseconds
[2016-10-27 12:19:26]Process 24317 termed with signal 11(SIGSEGV)
PT_F40-8_low_error-250 Test Num : 192
Inject into ../bin/hello
----- Type : 8_low_error Pos : PT_F40 -----
There are 1 faults will be injected in faulttable...
101100 microseconds
Fault on PT_F40(0X7f51f383bee0 -> 0X7f51f383bea5)
18 microseconds
[2016-10-27 12:19:26]Process 24319 termed with signal 11(SIGSEGV)
PT_F40-8_low_error-250 Test Num : 193
Inject into ../bin/hello
----- Type : 8_low_error Pos : PT_F40 -----
There are 1 faults will be injected in faulttable...
101228 microseconds
Fault on PT_F40(0X7f210147bee0 -> 0X7f210147bea5)
15 microseconds
[2016-10-27 12:19:26]Process 24321 termed with signal 11(SIGSEGV)
PT_F40-8_low_error-250 Test Num : 194
Inject into ../bin/hello
----- Type : 8_low_error Pos : PT_F40 -----
There are 1 faults will be injected in faulttable...
100760 microseconds
Fault on PT_F40(0X7fca54de7ee0 -> 0X7fca54de7ea6)
14 microseconds
[2016-10-27 12:19:27]Process 24323 termed with signal 11(SIGSEGV)
PT_F40-8_low_error-250 Test Num : 195
Inject into ../bin/hello
----- Type : 8_low_error Pos : PT_F40 -----
There are 1 faults will be injected in faulttable...
101391 microseconds
Fault on PT_F40(0X7fc99f756ee0 -> 0X7fc99f756ea6)
24 microseconds
[2016-10-27 12:19:27]Process 24325 termed with signal 11(SIGSEGV)
PT_F40-8_low_error-250 Test Num : 196
Inject into ../bin/hello
----- Type : 8_low_error Pos : PT_F40 -----
There are 1 faults will be injected in faulttable...
101120 microseconds
Fault on PT_F40(0X7f1ecb7adee0 -> 0X7f1ecb7adea6)
24 microseconds
[2016-10-27 12:19:27]Process 24327 termed with signal 11(SIGSEGV)
PT_F40-8_low_error-250 Test Num : 197
Inject into ../bin/hello
----- Type : 8_low_error Pos : PT_F40 -----
There are 1 faults will be injected in faulttable...
100138 microseconds
Fault on PT_F40(0X7f9c8782cee0 -> 0X7f9c8782cea6)
18 microseconds
[2016-10-27 12:19:27]Process 24329 termed with signal 11(SIGSEGV)
PT_F40-8_low_error-250 Test Num : 198
Inject into ../bin/hello
----- Type : 8_low_error Pos : PT_F40 -----
There are 1 faults will be injected in faulttable...
100094 microseconds
Fault on PT_F40(0X7fc26e411ee0 -> 0X7fc26e411ea6)
26 microseconds
[2016-10-27 12:19:27]Process 24331 termed with signal 11(SIGSEGV)
PT_F40-8_low_error-250 Test Num : 199
Inject into ../bin/hello
----- Type : 8_low_error Pos : PT_F40 -----
There are 1 faults will be injected in faulttable...
100079 microseconds
Fault on PT_F40(0X7f113d901ee0 -> 0X7f113d901ea6)
15 microseconds
[2016-10-27 12:19:27]Process 24333 termed with signal 11(SIGSEGV)
PT_F40-8_low_error-250 Test Num : 200
Inject into ../bin/hello
----- Type : 8_low_error Pos : PT_F40 -----
There are 1 faults will be injected in faulttable...
101181 microseconds
Fault on PT_F40(0X7fa75dfcbee0 -> 0X7fa75dfcbea6)
27 microseconds
[2016-10-27 12:19:27]Process 24335 termed with signal 11(SIGSEGV)
PT_F40-8_low_error-250 Test Num : 201
Inject into ../bin/hello
----- Type : 8_low_error Pos : PT_F40 -----
There are 1 faults will be injected in faulttable...
101133 microseconds
Fault on PT_F40(0X7f95eb304ee0 -> 0X7f95eb304ea6)
16 microseconds
[2016-10-27 12:19:27]Process 24337 termed with signal 11(SIGSEGV)
PT_F40-8_low_error-250 Test Num : 202
Inject into ../bin/hello
----- Type : 8_low_error Pos : PT_F40 -----
There are 1 faults will be injected in faulttable...
101080 microseconds
Fault on PT_F40(0X7fe287293ee0 -> 0X7fe287293ea6)
17 microseconds
[2016-10-27 12:19:27]Process 24339 termed with signal 11(SIGSEGV)
PT_F40-8_low_error-250 Test Num : 203
Inject into ../bin/hello
----- Type : 8_low_error Pos : PT_F40 -----
There are 1 faults will be injected in faulttable...
101142 microseconds
Fault on PT_F40(0X7f44c3d51ee0 -> 0X7f44c3d51e24)
30 microseconds
[2016-10-27 12:19:28]Process 24341 termed with signal 11(SIGSEGV)
PT_F40-8_low_error-250 Test Num : 204
Inject into ../bin/hello
----- Type : 8_low_error Pos : PT_F40 -----
There are 1 faults will be injected in faulttable...
101070 microseconds
Fault on PT_F40(0X7fd594db6ee0 -> 0X7fd594db6e24)
16 microseconds
[2016-10-27 12:19:28]Process 24343 termed with signal 11(SIGSEGV)
PT_F40-8_low_error-250 Test Num : 205
Inject into ../bin/hello
----- Type : 8_low_error Pos : PT_F40 -----
There are 1 faults will be injected in faulttable...
101002 microseconds
Fault on PT_F40(0X7f7f9dfeaee0 -> 0X7f7f9dfeae24)
25 microseconds
[2016-10-27 12:19:28]Process 24345 termed with signal 11(SIGSEGV)
PT_F40-8_low_error-250 Test Num : 206
Inject into ../bin/hello
----- Type : 8_low_error Pos : PT_F40 -----
There are 1 faults will be injected in faulttable...
101208 microseconds
Fault on PT_F40(0X7f9769694ee0 -> 0X7f9769694e24)
14 microseconds
[2016-10-27 12:19:28]Process 24347 termed with signal 11(SIGSEGV)
PT_F40-8_low_error-250 Test Num : 207
Inject into ../bin/hello
----- Type : 8_low_error Pos : PT_F40 -----
There are 1 faults will be injected in faulttable...
100216 microseconds
Fault on PT_F40(0X7fdf12c9fee0 -> 0X7fdf12c9fe24)
15 microseconds
[2016-10-27 12:19:28]Process 24349 termed with signal 11(SIGSEGV)
PT_F40-8_low_error-250 Test Num : 208
Inject into ../bin/hello
----- Type : 8_low_error Pos : PT_F40 -----
There are 1 faults will be injected in faulttable...
101155 microseconds
Fault on PT_F40(0X7f3befeeeee0 -> 0X7f3befeeee24)
24 microseconds
[2016-10-27 12:19:28]Process 24351 termed with signal 11(SIGSEGV)
PT_F40-8_low_error-250 Test Num : 209
Inject into ../bin/hello
----- Type : 8_low_error Pos : PT_F40 -----
There are 1 faults will be injected in faulttable...
100100 microseconds
Fault on PT_F40(0X7fb75b907ee0 -> 0X7fb75b907e24)
17 microseconds
[2016-10-27 12:19:28]Process 24353 termed with signal 11(SIGSEGV)
PT_F40-8_low_error-250 Test Num : 210
Inject into ../bin/hello
----- Type : 8_low_error Pos : PT_F40 -----
There are 1 faults will be injected in faulttable...
100088 microseconds
Fault on PT_F40(0X7f89ee447ee0 -> 0X7f89ee447e24)
18 microseconds
[2016-10-27 12:19:28]Process 24355 termed with signal 11(SIGSEGV)
PT_F40-8_low_error-250 Test Num : 211
Inject into ../bin/hello
----- Type : 8_low_error Pos : PT_F40 -----
There are 1 faults will be injected in faulttable...
101163 microseconds
Fault on PT_F40(0X7f5601f6aee0 -> 0X7f5601f6ae24)
16 microseconds
[2016-10-27 12:19:28]Process 24357 termed with signal 11(SIGSEGV)
PT_F40-8_low_error-250 Test Num : 212
Inject into ../bin/hello
----- Type : 8_low_error Pos : PT_F40 -----
There are 1 faults will be injected in faulttable...
101099 microseconds
Fault on PT_F40(0X7fc501b20ee0 -> 0X7fc501b20e24)
23 microseconds
[2016-10-27 12:19:28]Process 24359 termed with signal 11(SIGSEGV)
PT_F40-8_low_error-250 Test Num : 213
Inject into ../bin/hello
----- Type : 8_low_error Pos : PT_F40 -----
There are 1 faults will be injected in faulttable...
101622 microseconds
Fault on PT_F40(0X7f42806b7ee0 -> 0X7f42806b7e30)
78 microseconds
[2016-10-27 12:19:29]Process 24361 termed with signal 4(SIGILL)
PT_F40-8_low_error-250 Test Num : 214
Inject into ../bin/hello
----- Type : 8_low_error Pos : PT_F40 -----
There are 1 faults will be injected in faulttable...
101203 microseconds
Fault on PT_F40(0X7f6c93b37ee0 -> 0X7f6c93b37e30)
21 microseconds
[2016-10-27 12:19:29]Process 24363 termed with signal 4(SIGILL)
PT_F40-8_low_error-250 Test Num : 215
Inject into ../bin/hello
----- Type : 8_low_error Pos : PT_F40 -----
There are 1 faults will be injected in faulttable...
101393 microseconds
Fault on PT_F40(0X7fc68b355ee0 -> 0X7fc68b355e30)
25 microseconds
[2016-10-27 12:19:29]Process 24365 termed with signal 4(SIGILL)
PT_F40-8_low_error-250 Test Num : 216
Inject into ../bin/hello
----- Type : 8_low_error Pos : PT_F40 -----
There are 1 faults will be injected in faulttable...
101406 microseconds
Fault on PT_F40(0X7f130631eee0 -> 0X7f130631ee30)
25 microseconds
[2016-10-27 12:19:29]Process 24367 termed with signal 4(SIGILL)
PT_F40-8_low_error-250 Test Num : 217
Inject into ../bin/hello
----- Type : 8_low_error Pos : PT_F40 -----
There are 1 faults will be injected in faulttable...
101106 microseconds
Fault on PT_F40(0X7f23fa2ceee0 -> 0X7f23fa2cee30)
31 microseconds
[2016-10-27 12:19:29]Process 24369 termed with signal 4(SIGILL)
PT_F40-8_low_error-250 Test Num : 218
Inject into ../bin/hello
----- Type : 8_low_error Pos : PT_F40 -----
There are 1 faults will be injected in faulttable...
101078 microseconds
Fault on PT_F40(0X7fd6c0b45ee0 -> 0X7fd6c0b45e30)
32 microseconds
[2016-10-27 12:19:29]Process 24371 termed with signal 4(SIGILL)
PT_F40-8_low_error-250 Test Num : 219
Inject into ../bin/hello
----- Type : 8_low_error Pos : PT_F40 -----
There are 1 faults will be injected in faulttable...
101117 microseconds
Fault on PT_F40(0X7f9c2c62bee0 -> 0X7f9c2c62be30)
32 microseconds
[2016-10-27 12:19:29]Process 24373 termed with signal 4(SIGILL)
PT_F40-8_low_error-250 Test Num : 220
Inject into ../bin/hello
----- Type : 8_low_error Pos : PT_F40 -----
There are 1 faults will be injected in faulttable...
101452 microseconds
Fault on PT_F40(0X7f646bce6ee0 -> 0X7f646bce6e30)
23 microseconds
[2016-10-27 12:19:29]Process 24375 termed with signal 4(SIGILL)
PT_F40-8_low_error-250 Test Num : 221
Inject into ../bin/hello
----- Type : 8_low_error Pos : PT_F40 -----
There are 1 faults will be injected in faulttable...
101154 microseconds
Fault on PT_F40(0X7f9b9b79eee0 -> 0X7f9b9b79ee30)
22 microseconds
[2016-10-27 12:19:29]Process 24377 termed with signal 4(SIGILL)
PT_F40-8_low_error-250 Test Num : 222
Inject into ../bin/hello
----- Type : 8_low_error Pos : PT_F40 -----
There are 1 faults will be injected in faulttable...
101159 microseconds
Fault on PT_F40(0X7fc1c3ff6ee0 -> 0X7fc1c3ff6e91)
3000104 microseconds
timeout
[2016-10-27 12:19:33]Process 24379 termed with signal 14(SIGALRM)
PT_F40-8_low_error-250 Test Num : 223
Inject into ../bin/hello
----- Type : 8_low_error Pos : PT_F40 -----
There are 1 faults will be injected in faulttable...
101112 microseconds
Fault on PT_F40(0X7f9873b71ee0 -> 0X7f9873b71ec8)
3000083 microseconds
timeout
[2016-10-27 12:19:36]Process 24381 termed with signal 14(SIGALRM)
PT_F40-8_low_error-250 Test Num : 224
Inject into ../bin/hello
----- Type : 8_low_error Pos : PT_F40 -----
There are 1 faults will be injected in faulttable...
101068 microseconds
Fault on PT_F40(0X7f7fbeb02ee0 -> 0X7f7fbeb02e2b)
22 microseconds
[2016-10-27 12:19:36]Process 24383 termed with signal 11(SIGSEGV)
PT_F40-8_low_error-250 Test Num : 225
Inject into ../bin/hello
----- Type : 8_low_error Pos : PT_F40 -----
There are 1 faults will be injected in faulttable...
101297 microseconds
Fault on PT_F40(0X7f3e4f8bdee0 -> 0X7f3e4f8bde2b)
40 microseconds
[2016-10-27 12:19:36]Process 24385 termed with signal 11(SIGSEGV)
PT_F40-8_low_error-250 Test Num : 226
Inject into ../bin/hello
----- Type : 8_low_error Pos : PT_F40 -----
There are 1 faults will be injected in faulttable...
101009 microseconds
Fault on PT_F40(0X7ff7e3c71ee0 -> 0X7ff7e3c71e2b)
14 microseconds
[2016-10-27 12:19:36]Process 24387 termed with signal 11(SIGSEGV)
PT_F40-8_low_error-250 Test Num : 227
Inject into ../bin/hello
----- Type : 8_low_error Pos : PT_F40 -----
There are 1 faults will be injected in faulttable...
100972 microseconds
Fault on PT_F40(0X7fde6a6f6ee0 -> 0X7fde6a6f6e2b)
14 microseconds
[2016-10-27 12:19:36]Process 24389 termed with signal 11(SIGSEGV)
PT_F40-8_low_error-250 Test Num : 228
Inject into ../bin/hello
----- Type : 8_low_error Pos : PT_F40 -----
There are 1 faults will be injected in faulttable...
100097 microseconds
Fault on PT_F40(0X7fd522db7ee0 -> 0X7fd522db7e2b)
17 microseconds
[2016-10-27 12:19:36]Process 24391 termed with signal 11(SIGSEGV)
PT_F40-8_low_error-250 Test Num : 229
Inject into ../bin/hello
----- Type : 8_low_error Pos : PT_F40 -----
There are 1 faults will be injected in faulttable...
100132 microseconds
Fault on PT_F40(0X7fca3d306ee0 -> 0X7fca3d306e2b)
19 microseconds
[2016-10-27 12:19:36]Process 24393 termed with signal 11(SIGSEGV)
PT_F40-8_low_error-250 Test Num : 230
Inject into ../bin/hello
----- Type : 8_low_error Pos : PT_F40 -----
There are 1 faults will be injected in faulttable...
101012 microseconds
Fault on PT_F40(0X7f12544a6ee0 -> 0X7f12544a6e2b)
16 microseconds
[2016-10-27 12:19:36]Process 24395 termed with signal 11(SIGSEGV)
PT_F40-8_low_error-250 Test Num : 231
Inject into ../bin/hello
----- Type : 8_low_error Pos : PT_F40 -----
There are 1 faults will be injected in faulttable...
101369 microseconds
Fault on PT_F40(0X7f25d0913ee0 -> 0X7f25d0913e6b)
26 microseconds
[2016-10-27 12:19:37]Process 24397 termed with signal 4(SIGILL)
PT_F40-8_low_error-250 Test Num : 232
Inject into ../bin/hello
----- Type : 8_low_error Pos : PT_F40 -----
There are 1 faults will be injected in faulttable...
100986 microseconds
Fault on PT_F40(0X7fade6f76ee0 -> 0X7fade6f76e6b)
19 microseconds
[2016-10-27 12:19:37]Process 24399 termed with signal 4(SIGILL)
PT_F40-8_low_error-250 Test Num : 233
Inject into ../bin/hello
----- Type : 8_low_error Pos : PT_F40 -----
There are 1 faults will be injected in faulttable...
101404 microseconds
Fault on PT_F40(0X7f45c5aa6ee0 -> 0X7f45c5aa6e6b)
24 microseconds
[2016-10-27 12:19:37]Process 24401 termed with signal 4(SIGILL)
PT_F40-8_low_error-250 Test Num : 234
Inject into ../bin/hello
----- Type : 8_low_error Pos : PT_F40 -----
There are 1 faults will be injected in faulttable...
101060 microseconds
Fault on PT_F40(0X7fe5baa8fee0 -> 0X7fe5baa8fe6b)
22 microseconds
[2016-10-27 12:19:37]Process 24403 termed with signal 4(SIGILL)
PT_F40-8_low_error-250 Test Num : 235
Inject into ../bin/hello
----- Type : 8_low_error Pos : PT_F40 -----
There are 1 faults will be injected in faulttable...
101041 microseconds
Fault on PT_F40(0X7f038fc6aee0 -> 0X7f038fc6ae6b)
30 microseconds
[2016-10-27 12:19:37]Process 24405 termed with signal 4(SIGILL)
PT_F40-8_low_error-250 Test Num : 236
Inject into ../bin/hello
----- Type : 8_low_error Pos : PT_F40 -----
There are 1 faults will be injected in faulttable...
100076 microseconds
Fault on PT_F40(0X7f453aa2bee0 -> 0X7f453aa2be6b)
19 microseconds
[2016-10-27 12:19:37]Process 24407 termed with signal 4(SIGILL)
PT_F40-8_low_error-250 Test Num : 237
Inject into ../bin/hello
----- Type : 8_low_error Pos : PT_F40 -----
There are 1 faults will be injected in faulttable...
100965 microseconds
Fault on PT_F40(0X7effe885bee0 -> 0X7effe885be6b)
20 microseconds
[2016-10-27 12:19:37]Process 24409 termed with signal 4(SIGILL)
PT_F40-8_low_error-250 Test Num : 238
Inject into ../bin/hello
----- Type : 8_low_error Pos : PT_F40 -----
There are 1 faults will be injected in faulttable...
101009 microseconds
Fault on PT_F40(0X7f86e3d94ee0 -> 0X7f86e3d94e6b)
20 microseconds
[2016-10-27 12:19:37]Process 24411 termed with signal 4(SIGILL)
PT_F40-8_low_error-250 Test Num : 239
Inject into ../bin/hello
----- Type : 8_low_error Pos : PT_F40 -----
There are 1 faults will be injected in faulttable...
101017 microseconds
Fault on PT_F40(0X7ff772894ee0 -> 0X7ff772894e6b)
19 microseconds
[2016-10-27 12:19:37]Process 24413 termed with signal 4(SIGILL)
PT_F40-8_low_error-250 Test Num : 240
Inject into ../bin/hello
----- Type : 8_low_error Pos : PT_F40 -----
There are 1 faults will be injected in faulttable...
100979 microseconds
Fault on PT_F40(0X7f8072aefee0 -> 0X7f8072aefe49)
14 microseconds
[2016-10-27 12:19:38]Process 24415 termed with signal 11(SIGSEGV)
PT_F40-8_low_error-250 Test Num : 241
Inject into ../bin/hello
----- Type : 8_low_error Pos : PT_F40 -----
There are 1 faults will be injected in faulttable...
101026 microseconds
Fault on PT_F40(0X7f1b46472ee0 -> 0X7f1b46472e49)
13 microseconds
[2016-10-27 12:19:38]Process 24417 termed with signal 11(SIGSEGV)
PT_F40-8_low_error-250 Test Num : 242
Inject into ../bin/hello
----- Type : 8_low_error Pos : PT_F40 -----
There are 1 faults will be injected in faulttable...
101068 microseconds
Fault on PT_F40(0X7f01fa67cee0 -> 0X7f01fa67ce49)
17 microseconds
[2016-10-27 12:19:38]Process 24419 termed with signal 11(SIGSEGV)
PT_F40-8_low_error-250 Test Num : 243
Inject into ../bin/hello
----- Type : 8_low_error Pos : PT_F40 -----
There are 1 faults will be injected in faulttable...
101288 microseconds
Fault on PT_F40(0X7f828a419ee0 -> 0X7f828a419e49)
18 microseconds
[2016-10-27 12:19:38]Process 24421 termed with signal 11(SIGSEGV)
PT_F40-8_low_error-250 Test Num : 244
Inject into ../bin/hello
----- Type : 8_low_error Pos : PT_F40 -----
There are 1 faults will be injected in faulttable...
101765 microseconds
Fault on PT_F40(0X7fd3efe61ee0 -> 0X7fd3efe61e49)
20 microseconds
[2016-10-27 12:19:38]Process 24423 termed with signal 11(SIGSEGV)
PT_F40-8_low_error-250 Test Num : 245
Inject into ../bin/hello
----- Type : 8_low_error Pos : PT_F40 -----
There are 1 faults will be injected in faulttable...
101228 microseconds
Fault on PT_F40(0X7ff532c41ee0 -> 0X7ff532c41e49)
15 microseconds
[2016-10-27 12:19:38]Process 24425 termed with signal 11(SIGSEGV)
PT_F40-8_low_error-250 Test Num : 246
Inject into ../bin/hello
----- Type : 8_low_error Pos : PT_F40 -----
There are 1 faults will be injected in faulttable...
101263 microseconds
Fault on PT_F40(0X7fa08746bee0 -> 0X7fa08746be49)
21 microseconds
[2016-10-27 12:19:38]Process 24427 termed with signal 11(SIGSEGV)
PT_F40-8_low_error-250 Test Num : 247
Inject into ../bin/hello
----- Type : 8_low_error Pos : PT_F40 -----
There are 1 faults will be injected in faulttable...
101217 microseconds
Fault on PT_F40(0X7f00906daee0 -> 0X7f00906dae49)
24 microseconds
[2016-10-27 12:19:38]Process 24429 termed with signal 11(SIGSEGV)
PT_F40-8_low_error-250 Test Num : 248
Inject into ../bin/hello
----- Type : 8_low_error Pos : PT_F40 -----
There are 1 faults will be injected in faulttable...
101605 microseconds
Fault on PT_F40(0X7f12cf71cee0 -> 0X7f12cf71ce49)
19 microseconds
[2016-10-27 12:19:38]Process 24431 termed with signal 11(SIGSEGV)
PT_F40-8_low_error-250 Test Num : 249
Inject into ../bin/hello
----- Type : 8_low_error Pos : PT_F40 -----
There are 1 faults will be injected in faulttable...
101347 microseconds
Fault on PT_F40(0X7fd314143ee0 -> 0X7fd314143e0f)
20 microseconds
[2016-10-27 12:19:39]Process 24433 termed with signal 11(SIGSEGV)
PT_F40-8_low_error-250 Test Num : 250
Inject into ../bin/hello
----- Type : 8_low_error Pos : PT_F40 -----
There are 1 faults will be injected in faulttable...
101102 microseconds
Fault on PT_F40(0X7f18396aeee0 -> 0X7f18396aee0f)
22 microseconds
[2016-10-27 12:19:39]Process 24435 termed with signal 11(SIGSEGV)
