PT_F40-1_bit_0-250 Test Num : 1
Inject into ../bin/hello
----- Type : 1_bit_0 Pos : PT_F40 -----
There are 1 faults will be injected in faulttable...
100922 microseconds
Fault on PT_F40(0X7f733e2bbee0 -> 0X7f733e2bbee0)
3000164 microseconds
timeout
[ 2016-10-27 12:6:19]Process 20890 termed with signal 14(SIGALRM)
PT_F40-1_bit_0-250 Test Num : 2
Inject into ../bin/hello
----- Type : 1_bit_0 Pos : PT_F40 -----
There are 1 faults will be injected in faulttable...
100128 microseconds
Fault on PT_F40(0X7fa764c5aee0 -> 0X7fa76445aee0)
23 microseconds
[ 2016-10-27 12:6:19]Process 20892 termed with signal 11(SIGSEGV)
PT_F40-1_bit_0-250 Test Num : 3
Inject into ../bin/hello
----- Type : 1_bit_0 Pos : PT_F40 -----
There are 1 faults will be injected in faulttable...
101409 microseconds
Fault on PT_F40(0X7fd12cbb6ee0 -> 0X7fd12c3b6ee0)
16 microseconds
[ 2016-10-27 12:6:19]Process 20894 termed with signal 11(SIGSEGV)
PT_F40-1_bit_0-250 Test Num : 4
Inject into ../bin/hello
----- Type : 1_bit_0 Pos : PT_F40 -----
There are 1 faults will be injected in faulttable...
101293 microseconds
Fault on PT_F40(0X7f490bec9ee0 -> 0X7f490bec8ee0)
46 microseconds
[ 2016-10-27 12:6:20]Process 20896 termed with signal 4(SIGILL)
PT_F40-1_bit_0-250 Test Num : 5
Inject into ../bin/hello
----- Type : 1_bit_0 Pos : PT_F40 -----
There are 1 faults will be injected in faulttable...
100925 microseconds
Fault on PT_F40(0X7f8dc1516ee0 -> 0X7f8dc1516ee0)
3000160 microseconds
timeout
[ 2016-10-27 12:6:23]Process 20898 termed with signal 14(SIGALRM)
PT_F40-1_bit_0-250 Test Num : 6
Inject into ../bin/hello
----- Type : 1_bit_0 Pos : PT_F40 -----
There are 1 faults will be injected in faulttable...
101074 microseconds
Fault on PT_F40(0X7f03674ebee0 -> 0X7f03674e3ee0)
20 microseconds
[ 2016-10-27 12:6:23]Process 20900 termed with signal 11(SIGSEGV)
PT_F40-1_bit_0-250 Test Num : 7
Inject into ../bin/hello
----- Type : 1_bit_0 Pos : PT_F40 -----
There are 1 faults will be injected in faulttable...
101007 microseconds
Fault on PT_F40(0X7eff3eb93ee0 -> 0X7eff3eb93ee0)
3000125 microseconds
timeout
[ 2016-10-27 12:6:26]Process 20902 termed with signal 14(SIGALRM)
PT_F40-1_bit_0-250 Test Num : 8
Inject into ../bin/hello
----- Type : 1_bit_0 Pos : PT_F40 -----
There are 1 faults will be injected in faulttable...
101345 microseconds
Fault on PT_F40(0X7f190a200ee0 -> 0X7f190a200ee0)
3000079 microseconds
timeout
[ 2016-10-27 12:6:29]Process 20904 termed with signal 14(SIGALRM)
PT_F40-1_bit_0-250 Test Num : 9
Inject into ../bin/hello
----- Type : 1_bit_0 Pos : PT_F40 -----
There are 1 faults will be injected in faulttable...
101101 microseconds
Fault on PT_F40(0X7ff06431dee0 -> 0X7ff06431dee0)
3000077 microseconds
timeout
[ 2016-10-27 12:6:32]Process 20907 termed with signal 14(SIGALRM)
PT_F40-1_bit_0-250 Test Num : 10
Inject into ../bin/hello
----- Type : 1_bit_0 Pos : PT_F40 -----
There are 1 faults will be injected in faulttable...
101118 microseconds
Fault on PT_F40(0X7fe454d97ee0 -> 0X7fe454d97ae0)
3000110 microseconds
timeout
[ 2016-10-27 12:6:35]Process 20909 termed with signal 14(SIGALRM)
PT_F40-1_bit_0-250 Test Num : 11
Inject into ../bin/hello
----- Type : 1_bit_0 Pos : PT_F40 -----
There are 1 faults will be injected in faulttable...
101126 microseconds
Fault on PT_F40(0X7fde52c77ee0 -> 0X7fd652c77ee0)
17 microseconds
[ 2016-10-27 12:6:35]Process 20911 termed with signal 11(SIGSEGV)
PT_F40-1_bit_0-250 Test Num : 12
Inject into ../bin/hello
----- Type : 1_bit_0 Pos : PT_F40 -----
There are 1 faults will be injected in faulttable...
101196 microseconds
Fault on PT_F40(0X7f64c81afee0 -> 0X7f64c81afee0)
3000124 microseconds
timeout
[ 2016-10-27 12:6:38]Process 20913 termed with signal 14(SIGALRM)
PT_F40-1_bit_0-250 Test Num : 13
Inject into ../bin/hello
----- Type : 1_bit_0 Pos : PT_F40 -----
There are 1 faults will be injected in faulttable...
101739 microseconds
Fault on PT_F40(0X7f5bf6188ee0 -> 0X7f5bf6188ee0)
3000097 microseconds
timeout
[ 2016-10-27 12:6:42]Process 20915 termed with signal 14(SIGALRM)
PT_F40-1_bit_0-250 Test Num : 14
Inject into ../bin/hello
----- Type : 1_bit_0 Pos : PT_F40 -----
There are 1 faults will be injected in faulttable...
100079 microseconds
Fault on PT_F40(0X7fe3cfb4aee0 -> 0X7fe3cfb4aee0)
3000071 microseconds
timeout
[ 2016-10-27 12:6:45]Process 20917 termed with signal 14(SIGALRM)
PT_F40-1_bit_0-250 Test Num : 15
Inject into ../bin/hello
----- Type : 1_bit_0 Pos : PT_F40 -----
There are 1 faults will be injected in faulttable...
100097 microseconds
Fault on PT_F40(0X7f83db574ee0 -> 0X7f83d9574ee0)
14 microseconds
[ 2016-10-27 12:6:45]Process 20919 termed with signal 11(SIGSEGV)
PT_F40-1_bit_0-250 Test Num : 16
Inject into ../bin/hello
----- Type : 1_bit_0 Pos : PT_F40 -----
There are 1 faults will be injected in faulttable...
101053 microseconds
Fault on PT_F40(0X7f45492efee0 -> 0X7f45492efee0)
3000098 microseconds
timeout
[ 2016-10-27 12:6:48]Process 20921 termed with signal 14(SIGALRM)
PT_F40-1_bit_0-250 Test Num : 17
Inject into ../bin/hello
----- Type : 1_bit_0 Pos : PT_F40 -----
There are 1 faults will be injected in faulttable...
101413 microseconds
Fault on PT_F40(0X7ff4333d1ee0 -> 0X7ff4333d1ee0)
3000083 microseconds
timeout
[ 2016-10-27 12:6:51]Process 20923 termed with signal 14(SIGALRM)
PT_F40-1_bit_0-250 Test Num : 18
Inject into ../bin/hello
----- Type : 1_bit_0 Pos : PT_F40 -----
There are 1 faults will be injected in faulttable...
100968 microseconds
Fault on PT_F40(0X7fe510e9eee0 -> 0X77e510e9eee0)
12 microseconds
[ 2016-10-27 12:6:51]Process 20925 termed with signal 11(SIGSEGV)
PT_F40-1_bit_0-250 Test Num : 19
Inject into ../bin/hello
----- Type : 1_bit_0 Pos : PT_F40 -----
There are 1 faults will be injected in faulttable...
101308 microseconds
Fault on PT_F40(0X7f82f2468ee0 -> 0X7782f2468ee0)
14 microseconds
[ 2016-10-27 12:6:51]Process 20927 termed with signal 11(SIGSEGV)
PT_F40-1_bit_0-250 Test Num : 20
Inject into ../bin/hello
----- Type : 1_bit_0 Pos : PT_F40 -----
There are 1 faults will be injected in faulttable...
101057 microseconds
Fault on PT_F40(0X7f3b9da06ee0 -> 0X773b9da06ee0)
11 microseconds
[ 2016-10-27 12:6:51]Process 20929 termed with signal 11(SIGSEGV)
PT_F40-1_bit_0-250 Test Num : 21
Inject into ../bin/hello
----- Type : 1_bit_0 Pos : PT_F40 -----
There are 1 faults will be injected in faulttable...
101065 microseconds
Fault on PT_F40(0X7f4dc1a98ee0 -> 0X774dc1a98ee0)
20 microseconds
[ 2016-10-27 12:6:51]Process 20931 termed with signal 11(SIGSEGV)
PT_F40-1_bit_0-250 Test Num : 22
Inject into ../bin/hello
----- Type : 1_bit_0 Pos : PT_F40 -----
There are 1 faults will be injected in faulttable...
101264 microseconds
Fault on PT_F40(0X7fd6adbb7ee0 -> 0X7fd6adbb7ee0)
3000079 microseconds
timeout
[ 2016-10-27 12:6:55]Process 20933 termed with signal 14(SIGALRM)
PT_F40-1_bit_0-250 Test Num : 23
Inject into ../bin/hello
----- Type : 1_bit_0 Pos : PT_F40 -----
There are 1 faults will be injected in faulttable...
101065 microseconds
Fault on PT_F40(0X7f77cc57fee0 -> 0X3f77cc57fee0)
14 microseconds
[ 2016-10-27 12:6:55]Process 20935 termed with signal 11(SIGSEGV)
PT_F40-1_bit_0-250 Test Num : 24
Inject into ../bin/hello
----- Type : 1_bit_0 Pos : PT_F40 -----
There are 1 faults will be injected in faulttable...
101019 microseconds
Fault on PT_F40(0X7f0298a4aee0 -> 0X3f0298a4aee0)
11 microseconds
[ 2016-10-27 12:6:55]Process 20937 termed with signal 11(SIGSEGV)
PT_F40-1_bit_0-250 Test Num : 25
Inject into ../bin/hello
----- Type : 1_bit_0 Pos : PT_F40 -----
There are 1 faults will be injected in faulttable...
101104 microseconds
Fault on PT_F40(0X7f82d910cee0 -> 0X3f82d910cee0)
13 microseconds
[ 2016-10-27 12:6:55]Process 20939 termed with signal 11(SIGSEGV)
PT_F40-1_bit_0-250 Test Num : 26
Inject into ../bin/hello
----- Type : 1_bit_0 Pos : PT_F40 -----
There are 1 faults will be injected in faulttable...
101335 microseconds
Fault on PT_F40(0X7f91a769aee0 -> 0X3f91a769aee0)
13 microseconds
[ 2016-10-27 12:6:55]Process 20941 termed with signal 11(SIGSEGV)
PT_F40-1_bit_0-250 Test Num : 27
Inject into ../bin/hello
----- Type : 1_bit_0 Pos : PT_F40 -----
There are 1 faults will be injected in faulttable...
100072 microseconds
Fault on PT_F40(0X7f2e19466ee0 -> 0X3f2e19466ee0)
11 microseconds
[ 2016-10-27 12:6:55]Process 20943 termed with signal 11(SIGSEGV)
PT_F40-1_bit_0-250 Test Num : 28
Inject into ../bin/hello
----- Type : 1_bit_0 Pos : PT_F40 -----
There are 1 faults will be injected in faulttable...
100067 microseconds
Fault on PT_F40(0X7f810eedfee0 -> 0X3f810eedfee0)
14 microseconds
[ 2016-10-27 12:6:55]Process 20945 termed with signal 11(SIGSEGV)
PT_F40-1_bit_0-250 Test Num : 29
Inject into ../bin/hello
----- Type : 1_bit_0 Pos : PT_F40 -----
There are 1 faults will be injected in faulttable...
101032 microseconds
Fault on PT_F40(0X7fe4abd8dee0 -> 0X3fe4abd8dee0)
15 microseconds
[ 2016-10-27 12:6:55]Process 20947 termed with signal 11(SIGSEGV)
PT_F40-1_bit_0-250 Test Num : 30
Inject into ../bin/hello
----- Type : 1_bit_0 Pos : PT_F40 -----
There are 1 faults will be injected in faulttable...
101143 microseconds
Fault on PT_F40(0X7f6e1c92eee0 -> 0X3f6e1c92eee0)
22 microseconds
[ 2016-10-27 12:6:55]Process 20949 termed with signal 11(SIGSEGV)
PT_F40-1_bit_0-250 Test Num : 31
Inject into ../bin/hello
----- Type : 1_bit_0 Pos : PT_F40 -----
There are 1 faults will be injected in faulttable...
101090 microseconds
Fault on PT_F40(0X7f0d8d367ee0 -> 0X7f0d8d367ee0)
3000072 microseconds
timeout
[ 2016-10-27 12:6:59]Process 20951 termed with signal 14(SIGALRM)
PT_F40-1_bit_0-250 Test Num : 32
Inject into ../bin/hello
----- Type : 1_bit_0 Pos : PT_F40 -----
There are 1 faults will be injected in faulttable...
100974 microseconds
Fault on PT_F40(0X7f1d42f59ee0 -> 0X7e1d42f59ee0)
12 microseconds
[ 2016-10-27 12:6:59]Process 20953 termed with signal 11(SIGSEGV)
PT_F40-1_bit_0-250 Test Num : 33
Inject into ../bin/hello
----- Type : 1_bit_0 Pos : PT_F40 -----
There are 1 faults will be injected in faulttable...
100125 microseconds
Fault on PT_F40(0X7efc552f7ee0 -> 0X7efc552f7ee0)
3000075 microseconds
timeout
[  2016-10-27 12:7:2]Process 20955 termed with signal 14(SIGALRM)
PT_F40-1_bit_0-250 Test Num : 34
Inject into ../bin/hello
----- Type : 1_bit_0 Pos : PT_F40 -----
There are 1 faults will be injected in faulttable...
101093 microseconds
Fault on PT_F40(0X7f4044ae0ee0 -> 0X6f4044ae0ee0)
14 microseconds
[  2016-10-27 12:7:2]Process 20957 termed with signal 11(SIGSEGV)
PT_F40-1_bit_0-250 Test Num : 35
Inject into ../bin/hello
----- Type : 1_bit_0 Pos : PT_F40 -----
There are 1 faults will be injected in faulttable...
100998 microseconds
Fault on PT_F40(0X7f9aa7e00ee0 -> 0X6f9aa7e00ee0)
15 microseconds
[  2016-10-27 12:7:2]Process 20959 termed with signal 11(SIGSEGV)
PT_F40-1_bit_0-250 Test Num : 36
Inject into ../bin/hello
----- Type : 1_bit_0 Pos : PT_F40 -----
There are 1 faults will be injected in faulttable...
101092 microseconds
Fault on PT_F40(0X7f906bf21ee0 -> 0X6f906bf21ee0)
20 microseconds
[  2016-10-27 12:7:2]Process 20961 termed with signal 11(SIGSEGV)
PT_F40-1_bit_0-250 Test Num : 37
Inject into ../bin/hello
----- Type : 1_bit_0 Pos : PT_F40 -----
There are 1 faults will be injected in faulttable...
100075 microseconds
Fault on PT_F40(0X7fd7a48c0ee0 -> 0X6fd7a48c0ee0)
17 microseconds
[  2016-10-27 12:7:2]Process 20963 termed with signal 11(SIGSEGV)
PT_F40-1_bit_0-250 Test Num : 38
Inject into ../bin/hello
----- Type : 1_bit_0 Pos : PT_F40 -----
There are 1 faults will be injected in faulttable...
101470 microseconds
Fault on PT_F40(0X7f1b9e93aee0 -> 0X6f1b9e93aee0)
25 microseconds
[  2016-10-27 12:7:2]Process 20965 termed with signal 11(SIGSEGV)
PT_F40-1_bit_0-250 Test Num : 39
Inject into ../bin/hello
----- Type : 1_bit_0 Pos : PT_F40 -----
There are 1 faults will be injected in faulttable...
101191 microseconds
Fault on PT_F40(0X7ffaedb36ee0 -> 0X6ffaedb36ee0)
12 microseconds
[  2016-10-27 12:7:2]Process 20967 termed with signal 11(SIGSEGV)
PT_F40-1_bit_0-250 Test Num : 40
Inject into ../bin/hello
----- Type : 1_bit_0 Pos : PT_F40 -----
There are 1 faults will be injected in faulttable...
100983 microseconds
Fault on PT_F40(0X7f16c9ad0ee0 -> 0X7f16c9ad0ee0)
3000107 microseconds
timeout
[  2016-10-27 12:7:6]Process 20969 termed with signal 14(SIGALRM)
PT_F40-1_bit_0-250 Test Num : 41
Inject into ../bin/hello
----- Type : 1_bit_0 Pos : PT_F40 -----
There are 1 faults will be injected in faulttable...
101065 microseconds
Fault on PT_F40(0X7f6680677ee0 -> 0X7f6680677ee0)
3000077 microseconds
timeout
[  2016-10-27 12:7:9]Process 20971 termed with signal 14(SIGALRM)
PT_F40-1_bit_0-250 Test Num : 42
Inject into ../bin/hello
----- Type : 1_bit_0 Pos : PT_F40 -----
There are 1 faults will be injected in faulttable...
101490 microseconds
Fault on PT_F40(0X7ff428844ee0 -> 0X7ff428844ee0)
3000057 microseconds
timeout
[ 2016-10-27 12:7:12]Process 20973 termed with signal 14(SIGALRM)
PT_F40-1_bit_0-250 Test Num : 43
Inject into ../bin/hello
----- Type : 1_bit_0 Pos : PT_F40 -----
There are 1 faults will be injected in faulttable...
101043 microseconds
Fault on PT_F40(0X7fe432552ee0 -> 0X7fe432552ee0)
3000074 microseconds
timeout
[ 2016-10-27 12:7:15]Process 20975 termed with signal 14(SIGALRM)
PT_F40-1_bit_0-250 Test Num : 44
Inject into ../bin/hello
----- Type : 1_bit_0 Pos : PT_F40 -----
There are 1 faults will be injected in faulttable...
100979 microseconds
Fault on PT_F40(0X7f0fda695ee0 -> 0X7f0eda695ee0)
22 microseconds
[ 2016-10-27 12:7:15]Process 20977 termed with signal 11(SIGSEGV)
PT_F40-1_bit_0-250 Test Num : 45
Inject into ../bin/hello
----- Type : 1_bit_0 Pos : PT_F40 -----
There are 1 faults will be injected in faulttable...
101008 microseconds
Fault on PT_F40(0X7fa6ec723ee0 -> 0X7fa6ec723ee0)
3000063 microseconds
timeout
[ 2016-10-27 12:7:18]Process 20979 termed with signal 14(SIGALRM)
PT_F40-1_bit_0-250 Test Num : 46
Inject into ../bin/hello
----- Type : 1_bit_0 Pos : PT_F40 -----
There are 1 faults will be injected in faulttable...
100976 microseconds
Fault on PT_F40(0X7f6989570ee0 -> 0X7f6189570ee0)
22 microseconds
[ 2016-10-27 12:7:18]Process 20981 termed with signal 11(SIGSEGV)
PT_F40-1_bit_0-250 Test Num : 47
Inject into ../bin/hello
----- Type : 1_bit_0 Pos : PT_F40 -----
There are 1 faults will be injected in faulttable...
101010 microseconds
Fault on PT_F40(0X7f7a8223aee0 -> 0X7f728223aee0)
21 microseconds
[ 2016-10-27 12:7:18]Process 20983 termed with signal 11(SIGSEGV)
PT_F40-1_bit_0-250 Test Num : 48
Inject into ../bin/hello
----- Type : 1_bit_0 Pos : PT_F40 -----
There are 1 faults will be injected in faulttable...
100076 microseconds
Fault on PT_F40(0X7fc0e15f9ee0 -> 0X7fc0e15f9ee0)
3000130 microseconds
timeout
[ 2016-10-27 12:7:21]Process 20985 termed with signal 14(SIGALRM)
PT_F40-1_bit_0-250 Test Num : 49
Inject into ../bin/hello
----- Type : 1_bit_0 Pos : PT_F40 -----
There are 1 faults will be injected in faulttable...
100129 microseconds
Fault on PT_F40(0X7f25f263bee0 -> 0X7f25f263bee0)
3000066 microseconds
timeout
[ 2016-10-27 12:7:25]Process 20987 termed with signal 14(SIGALRM)
PT_F40-1_bit_0-250 Test Num : 50
Inject into ../bin/hello
----- Type : 1_bit_0 Pos : PT_F40 -----
There are 1 faults will be injected in faulttable...
101060 microseconds
Fault on PT_F40(0X7f55b141bee0 -> 0X3f55b141bee0)
18 microseconds
[ 2016-10-27 12:7:25]Process 20989 termed with signal 11(SIGSEGV)
PT_F40-1_bit_0-250 Test Num : 51
Inject into ../bin/hello
----- Type : 1_bit_0 Pos : PT_F40 -----
There are 1 faults will be injected in faulttable...
101084 microseconds
Fault on PT_F40(0X7f05acba9ee0 -> 0X3f05acba9ee0)
18 microseconds
[ 2016-10-27 12:7:25]Process 20991 termed with signal 11(SIGSEGV)
PT_F40-1_bit_0-250 Test Num : 52
Inject into ../bin/hello
----- Type : 1_bit_0 Pos : PT_F40 -----
There are 1 faults will be injected in faulttable...
100106 microseconds
Fault on PT_F40(0X7f0da2407ee0 -> 0X3f0da2407ee0)
15 microseconds
[ 2016-10-27 12:7:25]Process 20993 termed with signal 11(SIGSEGV)
PT_F40-1_bit_0-250 Test Num : 53
Inject into ../bin/hello
----- Type : 1_bit_0 Pos : PT_F40 -----
There are 1 faults will be injected in faulttable...
101029 microseconds
Fault on PT_F40(0X7fa010e61ee0 -> 0X3fa010e61ee0)
16 microseconds
[ 2016-10-27 12:7:25]Process 20995 termed with signal 11(SIGSEGV)
PT_F40-1_bit_0-250 Test Num : 54
Inject into ../bin/hello
----- Type : 1_bit_0 Pos : PT_F40 -----
There are 1 faults will be injected in faulttable...
101235 microseconds
Fault on PT_F40(0X7f982b281ee0 -> 0X3f982b281ee0)
13 microseconds
[ 2016-10-27 12:7:25]Process 20997 termed with signal 11(SIGSEGV)
PT_F40-1_bit_0-250 Test Num : 55
Inject into ../bin/hello
----- Type : 1_bit_0 Pos : PT_F40 -----
There are 1 faults will be injected in faulttable...
101141 microseconds
Fault on PT_F40(0X7f1192752ee0 -> 0X3f1192752ee0)
12 microseconds
[ 2016-10-27 12:7:25]Process 20999 termed with signal 11(SIGSEGV)
PT_F40-1_bit_0-250 Test Num : 56
Inject into ../bin/hello
----- Type : 1_bit_0 Pos : PT_F40 -----
There are 1 faults will be injected in faulttable...
101181 microseconds
Fault on PT_F40(0X7f606596fee0 -> 0X3f606596fee0)
13 microseconds
[ 2016-10-27 12:7:25]Process 21001 termed with signal 11(SIGSEGV)
PT_F40-1_bit_0-250 Test Num : 57
Inject into ../bin/hello
----- Type : 1_bit_0 Pos : PT_F40 -----
There are 1 faults will be injected in faulttable...
101123 microseconds
Fault on PT_F40(0X7fd0de9c5ee0 -> 0X3fd0de9c5ee0)
15 microseconds
[ 2016-10-27 12:7:25]Process 21003 termed with signal 11(SIGSEGV)
PT_F40-1_bit_0-250 Test Num : 58
Inject into ../bin/hello
----- Type : 1_bit_0 Pos : PT_F40 -----
There are 1 faults will be injected in faulttable...
101192 microseconds
Fault on PT_F40(0X7f028bc31ee0 -> 0X7f028ac31ee0)
20 microseconds
[ 2016-10-27 12:7:26]Process 21005 termed with signal 11(SIGSEGV)
PT_F40-1_bit_0-250 Test Num : 59
Inject into ../bin/hello
----- Type : 1_bit_0 Pos : PT_F40 -----
There are 1 faults will be injected in faulttable...
101701 microseconds
Fault on PT_F40(0X7f8f2f98fee0 -> 0X7f8f2e98fee0)
20 microseconds
[ 2016-10-27 12:7:26]Process 21007 termed with signal 11(SIGSEGV)
PT_F40-1_bit_0-250 Test Num : 60
Inject into ../bin/hello
----- Type : 1_bit_0 Pos : PT_F40 -----
There are 1 faults will be injected in faulttable...
101104 microseconds
Fault on PT_F40(0X7f4ea94b2ee0 -> 0X7f4ea84b2ee0)
15 microseconds
[ 2016-10-27 12:7:26]Process 21009 termed with signal 11(SIGSEGV)
PT_F40-1_bit_0-250 Test Num : 61
Inject into ../bin/hello
----- Type : 1_bit_0 Pos : PT_F40 -----
There are 1 faults will be injected in faulttable...
101445 microseconds
Fault on PT_F40(0X7f29d064fee0 -> 0X7f29d064fee0)
3000110 microseconds
timeout
[ 2016-10-27 12:7:29]Process 21011 termed with signal 14(SIGALRM)
PT_F40-1_bit_0-250 Test Num : 62
Inject into ../bin/hello
----- Type : 1_bit_0 Pos : PT_F40 -----
There are 1 faults will be injected in faulttable...
101081 microseconds
Fault on PT_F40(0X7f039510dee0 -> 0X3f039510dee0)
16 microseconds
[ 2016-10-27 12:7:29]Process 21013 termed with signal 11(SIGSEGV)
PT_F40-1_bit_0-250 Test Num : 63
Inject into ../bin/hello
----- Type : 1_bit_0 Pos : PT_F40 -----
There are 1 faults will be injected in faulttable...
100118 microseconds
Fault on PT_F40(0X7f0f1738aee0 -> 0X3f0f1738aee0)
13 microseconds
[ 2016-10-27 12:7:29]Process 21015 termed with signal 11(SIGSEGV)
PT_F40-1_bit_0-250 Test Num : 64
Inject into ../bin/hello
----- Type : 1_bit_0 Pos : PT_F40 -----
There are 1 faults will be injected in faulttable...
101278 microseconds
Fault on PT_F40(0X7f4d51442ee0 -> 0X3f4d51442ee0)
16 microseconds
[ 2016-10-27 12:7:29]Process 21017 termed with signal 11(SIGSEGV)
PT_F40-1_bit_0-250 Test Num : 65
Inject into ../bin/hello
----- Type : 1_bit_0 Pos : PT_F40 -----
There are 1 faults will be injected in faulttable...
101225 microseconds
Fault on PT_F40(0X7fa201becee0 -> 0X3fa201becee0)
22 microseconds
[ 2016-10-27 12:7:29]Process 21019 termed with signal 11(SIGSEGV)
PT_F40-1_bit_0-250 Test Num : 66
Inject into ../bin/hello
----- Type : 1_bit_0 Pos : PT_F40 -----
There are 1 faults will be injected in faulttable...
101202 microseconds
Fault on PT_F40(0X7f830e8c5ee0 -> 0X3f830e8c5ee0)
15 microseconds
[ 2016-10-27 12:7:29]Process 21021 termed with signal 11(SIGSEGV)
PT_F40-1_bit_0-250 Test Num : 67
Inject into ../bin/hello
----- Type : 1_bit_0 Pos : PT_F40 -----
There are 1 faults will be injected in faulttable...
101071 microseconds
Fault on PT_F40(0X7f5e92e1cee0 -> 0X7f5e92e1cee0)
3000069 microseconds
timeout
[ 2016-10-27 12:7:33]Process 21023 termed with signal 14(SIGALRM)
PT_F40-1_bit_0-250 Test Num : 68
Inject into ../bin/hello
----- Type : 1_bit_0 Pos : PT_F40 -----
There are 1 faults will be injected in faulttable...
101377 microseconds
Fault on PT_F40(0X7f64c275cee0 -> 0X7f64c275cee0)
3000125 microseconds
timeout
[ 2016-10-27 12:7:36]Process 21025 termed with signal 14(SIGALRM)
PT_F40-1_bit_0-250 Test Num : 69
Inject into ../bin/hello
----- Type : 1_bit_0 Pos : PT_F40 -----
There are 1 faults will be injected in faulttable...
101028 microseconds
Fault on PT_F40(0X7f011821eee0 -> 0X7f011821eee0)
3000112 microseconds
timeout
[ 2016-10-27 12:7:39]Process 21027 termed with signal 14(SIGALRM)
PT_F40-1_bit_0-250 Test Num : 70
Inject into ../bin/hello
----- Type : 1_bit_0 Pos : PT_F40 -----
There are 1 faults will be injected in faulttable...
100944 microseconds
Fault on PT_F40(0X7fcb66a0bee0 -> 0X7fcb66a0bee0)
3000068 microseconds
timeout
[ 2016-10-27 12:7:42]Process 21029 termed with signal 14(SIGALRM)
PT_F40-1_bit_0-250 Test Num : 71
Inject into ../bin/hello
----- Type : 1_bit_0 Pos : PT_F40 -----
There are 1 faults will be injected in faulttable...
100110 microseconds
Fault on PT_F40(0X7f23f3b2aee0 -> 0X7f23f3b2aee0)
3000099 microseconds
timeout
[ 2016-10-27 12:7:45]Process 21031 termed with signal 14(SIGALRM)
PT_F40-1_bit_0-250 Test Num : 72
Inject into ../bin/hello
----- Type : 1_bit_0 Pos : PT_F40 -----
There are 1 faults will be injected in faulttable...
101065 microseconds
Fault on PT_F40(0X7fdb85115ee0 -> 0X7fdb05115ee0)
14 microseconds
[ 2016-10-27 12:7:45]Process 21033 termed with signal 11(SIGSEGV)
PT_F40-1_bit_0-250 Test Num : 73
Inject into ../bin/hello
----- Type : 1_bit_0 Pos : PT_F40 -----
There are 1 faults will be injected in faulttable...
100986 microseconds
Fault on PT_F40(0X7f59638f6ee0 -> 0X7f59638f6ee0)
3000091 microseconds
timeout
[ 2016-10-27 12:7:48]Process 21035 termed with signal 14(SIGALRM)
PT_F40-1_bit_0-250 Test Num : 74
Inject into ../bin/hello
----- Type : 1_bit_0 Pos : PT_F40 -----
There are 1 faults will be injected in faulttable...
100910 microseconds
Fault on PT_F40(0X7f5b37b16ee0 -> 0X7f5b37b16ee0)
3000113 microseconds
timeout
[ 2016-10-27 12:7:51]Process 21037 termed with signal 14(SIGALRM)
PT_F40-1_bit_0-250 Test Num : 75
Inject into ../bin/hello
----- Type : 1_bit_0 Pos : PT_F40 -----
There are 1 faults will be injected in faulttable...
101314 microseconds
Fault on PT_F40(0X7f529c08dee0 -> 0X7e529c08dee0)
31 microseconds
[ 2016-10-27 12:7:51]Process 21039 termed with signal 11(SIGSEGV)
PT_F40-1_bit_0-250 Test Num : 76
Inject into ../bin/hello
----- Type : 1_bit_0 Pos : PT_F40 -----
There are 1 faults will be injected in faulttable...
101483 microseconds
Fault on PT_F40(0X7fadbe78dee0 -> 0X7fadbe78dee0)
3000065 microseconds
timeout
[ 2016-10-27 12:7:55]Process 21041 termed with signal 14(SIGALRM)
PT_F40-1_bit_0-250 Test Num : 77
Inject into ../bin/hello
----- Type : 1_bit_0 Pos : PT_F40 -----
There are 1 faults will be injected in faulttable...
101095 microseconds
Fault on PT_F40(0X7f03f63d8ee0 -> 0X7f03f63d8ae0)
3000134 microseconds
timeout
[ 2016-10-27 12:7:58]Process 21043 termed with signal 14(SIGALRM)
PT_F40-1_bit_0-250 Test Num : 78
Inject into ../bin/hello
----- Type : 1_bit_0 Pos : PT_F40 -----
There are 1 faults will be injected in faulttable...
101132 microseconds
Fault on PT_F40(0X7fdbef5f1ee0 -> 0X7fdbed5f1ee0)
16 microseconds
[ 2016-10-27 12:7:58]Process 21045 termed with signal 11(SIGSEGV)
PT_F40-1_bit_0-250 Test Num : 79
Inject into ../bin/hello
----- Type : 1_bit_0 Pos : PT_F40 -----
There are 1 faults will be injected in faulttable...
101345 microseconds
Fault on PT_F40(0X7fae03f3cee0 -> 0X7fae01f3cee0)
24 microseconds
[ 2016-10-27 12:7:58]Process 21047 termed with signal 11(SIGSEGV)
PT_F40-1_bit_0-250 Test Num : 80
Inject into ../bin/hello
----- Type : 1_bit_0 Pos : PT_F40 -----
There are 1 faults will be injected in faulttable...
101108 microseconds
Fault on PT_F40(0X7ff5cbed8ee0 -> 0X7ff5c9ed8ee0)
25 microseconds
[ 2016-10-27 12:7:58]Process 21049 termed with signal 11(SIGSEGV)
PT_F40-1_bit_0-250 Test Num : 81
Inject into ../bin/hello
----- Type : 1_bit_0 Pos : PT_F40 -----
There are 1 faults will be injected in faulttable...
101190 microseconds
Fault on PT_F40(0X7f52a7707ee0 -> 0X7f52a5707ee0)
15 microseconds
[ 2016-10-27 12:7:58]Process 21051 termed with signal 11(SIGSEGV)
PT_F40-1_bit_0-250 Test Num : 82
Inject into ../bin/hello
----- Type : 1_bit_0 Pos : PT_F40 -----
There are 1 faults will be injected in faulttable...
101302 microseconds
Fault on PT_F40(0X7f4375ab2ee0 -> 0X7f4375ab2ee0)
3000127 microseconds
timeout
[  2016-10-27 12:8:1]Process 21053 termed with signal 14(SIGALRM)
PT_F40-1_bit_0-250 Test Num : 83
Inject into ../bin/hello
----- Type : 1_bit_0 Pos : PT_F40 -----
There are 1 faults will be injected in faulttable...
100070 microseconds
Fault on PT_F40(0X7f419d2bbee0 -> 0X7f419d2abee0)
21 microseconds
[  2016-10-27 12:8:1]Process 21055 termed with signal 11(SIGSEGV)
PT_F40-1_bit_0-250 Test Num : 84
Inject into ../bin/hello
----- Type : 1_bit_0 Pos : PT_F40 -----
There are 1 faults will be injected in faulttable...
101049 microseconds
Fault on PT_F40(0X7fa18df00ee0 -> 0X7fa18df00ee0)
3000101 microseconds
timeout
[  2016-10-27 12:8:4]Process 21057 termed with signal 14(SIGALRM)
PT_F40-1_bit_0-250 Test Num : 85
Inject into ../bin/hello
----- Type : 1_bit_0 Pos : PT_F40 -----
There are 1 faults will be injected in faulttable...
101656 microseconds
Fault on PT_F40(0X7fdf3a738ee0 -> 0X7fdf3a738ee0)
3000065 microseconds
timeout
[  2016-10-27 12:8:8]Process 21059 termed with signal 14(SIGALRM)
PT_F40-1_bit_0-250 Test Num : 86
Inject into ../bin/hello
----- Type : 1_bit_0 Pos : PT_F40 -----
There are 1 faults will be injected in faulttable...
100133 microseconds
Fault on PT_F40(0X7ff0a2fa2ee0 -> 0X7ff0a2fa2ee0)
3000064 microseconds
timeout
[ 2016-10-27 12:8:11]Process 21061 termed with signal 14(SIGALRM)
PT_F40-1_bit_0-250 Test Num : 87
Inject into ../bin/hello
----- Type : 1_bit_0 Pos : PT_F40 -----
There are 1 faults will be injected in faulttable...
100082 microseconds
Fault on PT_F40(0X7f8332844ee0 -> 0X5f8332844ee0)
15 microseconds
[ 2016-10-27 12:8:11]Process 21063 termed with signal 11(SIGSEGV)
PT_F40-1_bit_0-250 Test Num : 88
Inject into ../bin/hello
----- Type : 1_bit_0 Pos : PT_F40 -----
There are 1 faults will be injected in faulttable...
101019 microseconds
Fault on PT_F40(0X7f5bc6eacee0 -> 0X5f5bc6eacee0)
24 microseconds
[ 2016-10-27 12:8:11]Process 21065 termed with signal 11(SIGSEGV)
PT_F40-1_bit_0-250 Test Num : 89
Inject into ../bin/hello
----- Type : 1_bit_0 Pos : PT_F40 -----
There are 1 faults will be injected in faulttable...
100997 microseconds
Fault on PT_F40(0X7f460cfadee0 -> 0X5f460cfadee0)
14 microseconds
[ 2016-10-27 12:8:11]Process 21067 termed with signal 11(SIGSEGV)
PT_F40-1_bit_0-250 Test Num : 90
Inject into ../bin/hello
----- Type : 1_bit_0 Pos : PT_F40 -----
There are 1 faults will be injected in faulttable...
100944 microseconds
Fault on PT_F40(0X7f9e5236eee0 -> 0X5f9e5236eee0)
16 microseconds
[ 2016-10-27 12:8:11]Process 21069 termed with signal 11(SIGSEGV)
PT_F40-1_bit_0-250 Test Num : 91
Inject into ../bin/hello
----- Type : 1_bit_0 Pos : PT_F40 -----
There are 1 faults will be injected in faulttable...
100936 microseconds
Fault on PT_F40(0X7fee38f51ee0 -> 0X5fee38f51ee0)
12 microseconds
[ 2016-10-27 12:8:11]Process 21071 termed with signal 11(SIGSEGV)
PT_F40-1_bit_0-250 Test Num : 92
Inject into ../bin/hello
----- Type : 1_bit_0 Pos : PT_F40 -----
There are 1 faults will be injected in faulttable...
100072 microseconds
Fault on PT_F40(0X7fb71491fee0 -> 0X5fb71491fee0)
20 microseconds
[ 2016-10-27 12:8:11]Process 21073 termed with signal 11(SIGSEGV)
PT_F40-1_bit_0-250 Test Num : 93
Inject into ../bin/hello
----- Type : 1_bit_0 Pos : PT_F40 -----
There are 1 faults will be injected in faulttable...
100980 microseconds
Fault on PT_F40(0X7f54ef1c9ee0 -> 0X5f54ef1c9ee0)
26 microseconds
[ 2016-10-27 12:8:11]Process 21075 termed with signal 11(SIGSEGV)
PT_F40-1_bit_0-250 Test Num : 94
Inject into ../bin/hello
----- Type : 1_bit_0 Pos : PT_F40 -----
There are 1 faults will be injected in faulttable...
100941 microseconds
Fault on PT_F40(0X7fe666e07ee0 -> 0X7fe666a07ee0)
14 microseconds
[ 2016-10-27 12:8:12]Process 21077 termed with signal 11(SIGSEGV)
PT_F40-1_bit_0-250 Test Num : 95
Inject into ../bin/hello
----- Type : 1_bit_0 Pos : PT_F40 -----
There are 1 faults will be injected in faulttable...
100074 microseconds
Fault on PT_F40(0X7f988d61eee0 -> 0X7f988d21eee0)
12 microseconds
[ 2016-10-27 12:8:12]Process 21079 termed with signal 11(SIGSEGV)
PT_F40-1_bit_0-250 Test Num : 96
Inject into ../bin/hello
----- Type : 1_bit_0 Pos : PT_F40 -----
There are 1 faults will be injected in faulttable...
100940 microseconds
Fault on PT_F40(0X7f41f51b6ee0 -> 0X7f41f51b6ee0)
3000073 microseconds
timeout
[ 2016-10-27 12:8:15]Process 21081 termed with signal 14(SIGALRM)
PT_F40-1_bit_0-250 Test Num : 97
Inject into ../bin/hello
----- Type : 1_bit_0 Pos : PT_F40 -----
There are 1 faults will be injected in faulttable...
101003 microseconds
Fault on PT_F40(0X7f7c928d5ee0 -> 0X7f7c928d5ee0)
3000088 microseconds
timeout
[ 2016-10-27 12:8:18]Process 21083 termed with signal 14(SIGALRM)
PT_F40-1_bit_0-250 Test Num : 98
Inject into ../bin/hello
----- Type : 1_bit_0 Pos : PT_F40 -----
There are 1 faults will be injected in faulttable...
101159 microseconds
Fault on PT_F40(0X7f9341ea8ee0 -> 0X7f9341ea8ee0)
3000083 microseconds
timeout
[ 2016-10-27 12:8:21]Process 21085 termed with signal 14(SIGALRM)
PT_F40-1_bit_0-250 Test Num : 99
Inject into ../bin/hello
----- Type : 1_bit_0 Pos : PT_F40 -----
There are 1 faults will be injected in faulttable...
101425 microseconds
Fault on PT_F40(0X7fccf1a7cee0 -> 0X7fccf1a7cee0)
3000080 microseconds
timeout
[ 2016-10-27 12:8:24]Process 21087 termed with signal 14(SIGALRM)
PT_F40-1_bit_0-250 Test Num : 100
Inject into ../bin/hello
----- Type : 1_bit_0 Pos : PT_F40 -----
There are 1 faults will be injected in faulttable...
101095 microseconds
Fault on PT_F40(0X7f1cd85e0ee0 -> 0X7f1cd85e0ee0)
3000091 microseconds
timeout
[ 2016-10-27 12:8:27]Process 21089 termed with signal 14(SIGALRM)
PT_F40-1_bit_0-250 Test Num : 101
Inject into ../bin/hello
----- Type : 1_bit_0 Pos : PT_F40 -----
There are 1 faults will be injected in faulttable...
100111 microseconds
Fault on PT_F40(0X7f0a76bceee0 -> 0X7f0a76bceee0)
3000074 microseconds
timeout
[ 2016-10-27 12:8:30]Process 21091 termed with signal 14(SIGALRM)
PT_F40-1_bit_0-250 Test Num : 102
Inject into ../bin/hello
----- Type : 1_bit_0 Pos : PT_F40 -----
There are 1 faults will be injected in faulttable...
101017 microseconds
Fault on PT_F40(0X7f95ae17cee0 -> 0X7f95ae17cee0)
3000110 microseconds
timeout
[ 2016-10-27 12:8:33]Process 21093 termed with signal 14(SIGALRM)
PT_F40-1_bit_0-250 Test Num : 103
Inject into ../bin/hello
----- Type : 1_bit_0 Pos : PT_F40 -----
There are 1 faults will be injected in faulttable...
100967 microseconds
Fault on PT_F40(0X7f44ff6eeee0 -> 0X7f44ff6eeee0)
3000136 microseconds
timeout
[ 2016-10-27 12:8:37]Process 21095 termed with signal 14(SIGALRM)
PT_F40-1_bit_0-250 Test Num : 104
Inject into ../bin/hello
----- Type : 1_bit_0 Pos : PT_F40 -----
There are 1 faults will be injected in faulttable...
101254 microseconds
Fault on PT_F40(0X7ffbdec1fee0 -> 0X7ffbd6c1fee0)
14 microseconds
[ 2016-10-27 12:8:37]Process 21097 termed with signal 11(SIGSEGV)
PT_F40-1_bit_0-250 Test Num : 105
Inject into ../bin/hello
----- Type : 1_bit_0 Pos : PT_F40 -----
There are 1 faults will be injected in faulttable...
101030 microseconds
Fault on PT_F40(0X7fdf263b9ee0 -> 0X7fdf263b9ee0)
3000091 microseconds
timeout
[ 2016-10-27 12:8:40]Process 21099 termed with signal 14(SIGALRM)
PT_F40-1_bit_0-250 Test Num : 106
Inject into ../bin/hello
----- Type : 1_bit_0 Pos : PT_F40 -----
There are 1 faults will be injected in faulttable...
101103 microseconds
Fault on PT_F40(0X7f36d5c9fee0 -> 0X7f36d5c9fee0)
3000087 microseconds
timeout
[ 2016-10-27 12:8:43]Process 21101 termed with signal 14(SIGALRM)
PT_F40-1_bit_0-250 Test Num : 107
Inject into ../bin/hello
----- Type : 1_bit_0 Pos : PT_F40 -----
There are 1 faults will be injected in faulttable...
100295 microseconds
Fault on PT_F40(0X7fda472b8ee0 -> 0X7fda472b8ee0)
3000125 microseconds
timeout
[ 2016-10-27 12:8:46]Process 21103 termed with signal 14(SIGALRM)
PT_F40-1_bit_0-250 Test Num : 108
Inject into ../bin/hello
----- Type : 1_bit_0 Pos : PT_F40 -----
There are 1 faults will be injected in faulttable...
101194 microseconds
Fault on PT_F40(0X7fa0e14e0ee0 -> 0X7fa0e14e0ee0)
3000102 microseconds
timeout
[ 2016-10-27 12:8:49]Process 21105 termed with signal 14(SIGALRM)
PT_F40-1_bit_0-250 Test Num : 109
Inject into ../bin/hello
----- Type : 1_bit_0 Pos : PT_F40 -----
There are 1 faults will be injected in faulttable...
100120 microseconds
Fault on PT_F40(0X7f0d605d4ee0 -> 0X7f0d605d4ee0)
3000062 microseconds
timeout
[ 2016-10-27 12:8:52]Process 21107 termed with signal 14(SIGALRM)
PT_F40-1_bit_0-250 Test Num : 110
Inject into ../bin/hello
----- Type : 1_bit_0 Pos : PT_F40 -----
There are 1 faults will be injected in faulttable...
101064 microseconds
Fault on PT_F40(0X7f59bc7a3ee0 -> 0X7f59bc7a3ee0)
3000096 microseconds
timeout
[ 2016-10-27 12:8:55]Process 21109 termed with signal 14(SIGALRM)
PT_F40-1_bit_0-250 Test Num : 111
Inject into ../bin/hello
----- Type : 1_bit_0 Pos : PT_F40 -----
There are 1 faults will be injected in faulttable...
102993 microseconds
Fault on PT_F40(0X7f3e3961fee0 -> 0X7f3e3921fee0)
16 microseconds
[ 2016-10-27 12:8:55]Process 21111 termed with signal 11(SIGSEGV)
PT_F40-1_bit_0-250 Test Num : 112
Inject into ../bin/hello
----- Type : 1_bit_0 Pos : PT_F40 -----
There are 1 faults will be injected in faulttable...
101240 microseconds
Fault on PT_F40(0X7f5a65b2fee0 -> 0X7f5a65b2fee0)
3000125 microseconds
timeout
[ 2016-10-27 12:8:59]Process 21113 termed with signal 14(SIGALRM)
PT_F40-1_bit_0-250 Test Num : 113
Inject into ../bin/hello
----- Type : 1_bit_0 Pos : PT_F40 -----
There are 1 faults will be injected in faulttable...
101180 microseconds
Fault on PT_F40(0X7fd104c42ee0 -> 0X7fd104c42ee0)
3000125 microseconds
timeout
[  2016-10-27 12:9:2]Process 21115 termed with signal 14(SIGALRM)
PT_F40-1_bit_0-250 Test Num : 114
Inject into ../bin/hello
----- Type : 1_bit_0 Pos : PT_F40 -----
There are 1 faults will be injected in faulttable...
101116 microseconds
Fault on PT_F40(0X7f8c7c6c5ee0 -> 0X7f847c6c5ee0)
16 microseconds
[  2016-10-27 12:9:2]Process 21117 termed with signal 11(SIGSEGV)
PT_F40-1_bit_0-250 Test Num : 115
Inject into ../bin/hello
----- Type : 1_bit_0 Pos : PT_F40 -----
There are 1 faults will be injected in faulttable...
101398 microseconds
Fault on PT_F40(0X7fedf2367ee0 -> 0X7fe5f2367ee0)
19 microseconds
[  2016-10-27 12:9:2]Process 21119 termed with signal 11(SIGSEGV)
PT_F40-1_bit_0-250 Test Num : 116
Inject into ../bin/hello
----- Type : 1_bit_0 Pos : PT_F40 -----
There are 1 faults will be injected in faulttable...
101297 microseconds
Fault on PT_F40(0X7f49ec396ee0 -> 0X7f41ec396ee0)
20 microseconds
[  2016-10-27 12:9:2]Process 21121 termed with signal 11(SIGSEGV)
PT_F40-1_bit_0-250 Test Num : 117
Inject into ../bin/hello
----- Type : 1_bit_0 Pos : PT_F40 -----
There are 1 faults will be injected in faulttable...
101391 microseconds
Fault on PT_F40(0X7f51aef4dee0 -> 0X7f51aef4dee0)
3000101 microseconds
timeout
[  2016-10-27 12:9:5]Process 21123 termed with signal 14(SIGALRM)
PT_F40-1_bit_0-250 Test Num : 118
Inject into ../bin/hello
----- Type : 1_bit_0 Pos : PT_F40 -----
There are 1 faults will be injected in faulttable...
101573 microseconds
Fault on PT_F40(0X7fc9d01beee0 -> 0X7fc9d01beee0)
3000103 microseconds
timeout
[  2016-10-27 12:9:8]Process 21125 termed with signal 14(SIGALRM)
PT_F40-1_bit_0-250 Test Num : 119
Inject into ../bin/hello
----- Type : 1_bit_0 Pos : PT_F40 -----
There are 1 faults will be injected in faulttable...
100961 microseconds
Fault on PT_F40(0X7f6ad4cbcee0 -> 0X7f6ad4cbcee0)
3000084 microseconds
timeout
[ 2016-10-27 12:9:11]Process 21127 termed with signal 14(SIGALRM)
PT_F40-1_bit_0-250 Test Num : 120
Inject into ../bin/hello
----- Type : 1_bit_0 Pos : PT_F40 -----
There are 1 faults will be injected in faulttable...
101009 microseconds
Fault on PT_F40(0X7f0849788ee0 -> 0X7f0849788ee0)
3000071 microseconds
timeout
[ 2016-10-27 12:9:14]Process 21129 termed with signal 14(SIGALRM)
PT_F40-1_bit_0-250 Test Num : 121
Inject into ../bin/hello
----- Type : 1_bit_0 Pos : PT_F40 -----
There are 1 faults will be injected in faulttable...
101010 microseconds
Fault on PT_F40(0X7f0cb7a2bee0 -> 0X7f0cb7a2bee0)
3000119 microseconds
timeout
[ 2016-10-27 12:9:18]Process 21131 termed with signal 14(SIGALRM)
PT_F40-1_bit_0-250 Test Num : 122
Inject into ../bin/hello
----- Type : 1_bit_0 Pos : PT_F40 -----
There are 1 faults will be injected in faulttable...
100463 microseconds
Fault on PT_F40(0X7f113a05aee0 -> 0X7f113a05aee0)
3000067 microseconds
timeout
[ 2016-10-27 12:9:21]Process 21133 termed with signal 14(SIGALRM)
PT_F40-1_bit_0-250 Test Num : 123
Inject into ../bin/hello
----- Type : 1_bit_0 Pos : PT_F40 -----
There are 1 faults will be injected in faulttable...
100995 microseconds
Fault on PT_F40(0X7fe892db0ee0 -> 0X77e892db0ee0)
16 microseconds
[ 2016-10-27 12:9:21]Process 21135 termed with signal 11(SIGSEGV)
PT_F40-1_bit_0-250 Test Num : 124
Inject into ../bin/hello
----- Type : 1_bit_0 Pos : PT_F40 -----
There are 1 faults will be injected in faulttable...
101169 microseconds
Fault on PT_F40(0X7f7299ab4ee0 -> 0X777299ab4ee0)
19 microseconds
[ 2016-10-27 12:9:21]Process 21137 termed with signal 11(SIGSEGV)
PT_F40-1_bit_0-250 Test Num : 125
Inject into ../bin/hello
----- Type : 1_bit_0 Pos : PT_F40 -----
There are 1 faults will be injected in faulttable...
101081 microseconds
Fault on PT_F40(0X7f533daaaee0 -> 0X77533daaaee0)
14 microseconds
[ 2016-10-27 12:9:21]Process 21139 termed with signal 11(SIGSEGV)
PT_F40-1_bit_0-250 Test Num : 126
Inject into ../bin/hello
----- Type : 1_bit_0 Pos : PT_F40 -----
There are 1 faults will be injected in faulttable...
101221 microseconds
Fault on PT_F40(0X7f0122671ee0 -> 0X770122671ee0)
22 microseconds
[ 2016-10-27 12:9:21]Process 21141 termed with signal 11(SIGSEGV)
PT_F40-1_bit_0-250 Test Num : 127
Inject into ../bin/hello
----- Type : 1_bit_0 Pos : PT_F40 -----
There are 1 faults will be injected in faulttable...
101717 microseconds
Fault on PT_F40(0X7f83489eeee0 -> 0X7783489eeee0)
20 microseconds
[ 2016-10-27 12:9:21]Process 21143 termed with signal 11(SIGSEGV)
PT_F40-1_bit_0-250 Test Num : 128
Inject into ../bin/hello
----- Type : 1_bit_0 Pos : PT_F40 -----
There are 1 faults will be injected in faulttable...
101152 microseconds
Fault on PT_F40(0X7f45f72e9ee0 -> 0X7745f72e9ee0)
13 microseconds
[ 2016-10-27 12:9:21]Process 21145 termed with signal 11(SIGSEGV)
PT_F40-1_bit_0-250 Test Num : 129
Inject into ../bin/hello
----- Type : 1_bit_0 Pos : PT_F40 -----
There are 1 faults will be injected in faulttable...
100282 microseconds
Fault on PT_F40(0X7f2b6c573ee0 -> 0X772b6c573ee0)
22 microseconds
[ 2016-10-27 12:9:21]Process 21147 termed with signal 11(SIGSEGV)
PT_F40-1_bit_0-250 Test Num : 130
Inject into ../bin/hello
----- Type : 1_bit_0 Pos : PT_F40 -----
There are 1 faults will be injected in faulttable...
100096 microseconds
Fault on PT_F40(0X7f919e38fee0 -> 0X7f919e38fee0)
3000116 microseconds
timeout
[ 2016-10-27 12:9:25]Process 21149 termed with signal 14(SIGALRM)
PT_F40-1_bit_0-250 Test Num : 131
Inject into ../bin/hello
----- Type : 1_bit_0 Pos : PT_F40 -----
There are 1 faults will be injected in faulttable...
100141 microseconds
Fault on PT_F40(0X7f3e248c8ee0 -> 0X7f3c248c8ee0)
19 microseconds
[ 2016-10-27 12:9:25]Process 21151 termed with signal 11(SIGSEGV)
PT_F40-1_bit_0-250 Test Num : 132
Inject into ../bin/hello
----- Type : 1_bit_0 Pos : PT_F40 -----
There are 1 faults will be injected in faulttable...
101155 microseconds
Fault on PT_F40(0X7fcfeeb18ee0 -> 0X7fcdeeb18ee0)
14 microseconds
[ 2016-10-27 12:9:25]Process 21153 termed with signal 11(SIGSEGV)
PT_F40-1_bit_0-250 Test Num : 133
Inject into ../bin/hello
----- Type : 1_bit_0 Pos : PT_F40 -----
There are 1 faults will be injected in faulttable...
101270 microseconds
Fault on PT_F40(0X7f9edfaf8ee0 -> 0X7f9cdfaf8ee0)
23 microseconds
[ 2016-10-27 12:9:25]Process 21155 termed with signal 11(SIGSEGV)
PT_F40-1_bit_0-250 Test Num : 134
Inject into ../bin/hello
----- Type : 1_bit_0 Pos : PT_F40 -----
There are 1 faults will be injected in faulttable...
101365 microseconds
Fault on PT_F40(0X7fd7de14dee0 -> 0X7fd5de14dee0)
21 microseconds
[ 2016-10-27 12:9:25]Process 21157 termed with signal 11(SIGSEGV)
PT_F40-1_bit_0-250 Test Num : 135
Inject into ../bin/hello
----- Type : 1_bit_0 Pos : PT_F40 -----
There are 1 faults will be injected in faulttable...
101513 microseconds
Fault on PT_F40(0X7f3c56c27ee0 -> 0X7f3c56c27ee0)
3000109 microseconds
timeout
[ 2016-10-27 12:9:28]Process 21159 termed with signal 14(SIGALRM)
PT_F40-1_bit_0-250 Test Num : 136
Inject into ../bin/hello
----- Type : 1_bit_0 Pos : PT_F40 -----
There are 1 faults will be injected in faulttable...
101133 microseconds
Fault on PT_F40(0X7f334f707ee0 -> 0X7f334f707ee0)
3000081 microseconds
timeout
[ 2016-10-27 12:9:31]Process 21161 termed with signal 14(SIGALRM)
PT_F40-1_bit_0-250 Test Num : 137
Inject into ../bin/hello
----- Type : 1_bit_0 Pos : PT_F40 -----
There are 1 faults will be injected in faulttable...
100146 microseconds
Fault on PT_F40(0X7effb069bee0 -> 0X7effb049bee0)
23 microseconds
[ 2016-10-27 12:9:31]Process 21163 termed with signal 11(SIGSEGV)
PT_F40-1_bit_0-250 Test Num : 138
Inject into ../bin/hello
----- Type : 1_bit_0 Pos : PT_F40 -----
There are 1 faults will be injected in faulttable...
101503 microseconds
Fault on PT_F40(0X7f9f494aaee0 -> 0X7f9f494aaee0)
3000065 microseconds
timeout
[ 2016-10-27 12:9:34]Process 21165 termed with signal 14(SIGALRM)
PT_F40-1_bit_0-250 Test Num : 139
Inject into ../bin/hello
----- Type : 1_bit_0 Pos : PT_F40 -----
There are 1 faults will be injected in faulttable...
102673 microseconds
Fault on PT_F40(0X7fb16117eee0 -> 0X7fb16117eee0)
3000118 microseconds
timeout
[ 2016-10-27 12:9:38]Process 21167 termed with signal 14(SIGALRM)
PT_F40-1_bit_0-250 Test Num : 140
Inject into ../bin/hello
----- Type : 1_bit_0 Pos : PT_F40 -----
There are 1 faults will be injected in faulttable...
100940 microseconds
Fault on PT_F40(0X7fbe52b4dee0 -> 0X7fbe52b4dee0)
3000098 microseconds
timeout
[ 2016-10-27 12:9:41]Process 21169 termed with signal 14(SIGALRM)
PT_F40-1_bit_0-250 Test Num : 141
Inject into ../bin/hello
----- Type : 1_bit_0 Pos : PT_F40 -----
There are 1 faults will be injected in faulttable...
100984 microseconds
Fault on PT_F40(0X7fc04c7c9ee0 -> 0X7fc04c7c9ee0)
3000089 microseconds
timeout
[ 2016-10-27 12:9:44]Process 21171 termed with signal 14(SIGALRM)
PT_F40-1_bit_0-250 Test Num : 142
Inject into ../bin/hello
----- Type : 1_bit_0 Pos : PT_F40 -----
There are 1 faults will be injected in faulttable...
101378 microseconds
Fault on PT_F40(0X7fafab6eeee0 -> 0X7fafab6eece0)
20 microseconds
[ 2016-10-27 12:9:44]Process 21173 termed with signal 11(SIGSEGV)
PT_F40-1_bit_0-250 Test Num : 143
Inject into ../bin/hello
----- Type : 1_bit_0 Pos : PT_F40 -----
There are 1 faults will be injected in faulttable...
101434 microseconds
Fault on PT_F40(0X7f02ed5f1ee0 -> 0X7f02ed5f1ce0)
21 microseconds
[ 2016-10-27 12:9:44]Process 21175 termed with signal 11(SIGSEGV)
PT_F40-1_bit_0-250 Test Num : 144
Inject into ../bin/hello
----- Type : 1_bit_0 Pos : PT_F40 -----
There are 1 faults will be injected in faulttable...
101045 microseconds
Fault on PT_F40(0X7fd91ed0cee0 -> 0X7fd91ed0cce0)
13 microseconds
[ 2016-10-27 12:9:44]Process 21177 termed with signal 11(SIGSEGV)
PT_F40-1_bit_0-250 Test Num : 145
Inject into ../bin/hello
----- Type : 1_bit_0 Pos : PT_F40 -----
There are 1 faults will be injected in faulttable...
101031 microseconds
Fault on PT_F40(0X7f29b6f16ee0 -> 0X7f29b6f16ce0)
14 microseconds
[ 2016-10-27 12:9:44]Process 21179 termed with signal 11(SIGSEGV)
PT_F40-1_bit_0-250 Test Num : 146
Inject into ../bin/hello
----- Type : 1_bit_0 Pos : PT_F40 -----
There are 1 faults will be injected in faulttable...
100111 microseconds
Fault on PT_F40(0X7f7491647ee0 -> 0X7f7491647ce0)
26 microseconds
[ 2016-10-27 12:9:44]Process 21181 termed with signal 11(SIGSEGV)
PT_F40-1_bit_0-250 Test Num : 147
Inject into ../bin/hello
----- Type : 1_bit_0 Pos : PT_F40 -----
There are 1 faults will be injected in faulttable...
100993 microseconds
Fault on PT_F40(0X7f56d86b3ee0 -> 0X7f56d86b3ce0)
15 microseconds
[ 2016-10-27 12:9:44]Process 21183 termed with signal 11(SIGSEGV)
PT_F40-1_bit_0-250 Test Num : 148
Inject into ../bin/hello
----- Type : 1_bit_0 Pos : PT_F40 -----
There are 1 faults will be injected in faulttable...
101082 microseconds
Fault on PT_F40(0X7f56bfbaeee0 -> 0X7e56bfbaeee0)
15 microseconds
[ 2016-10-27 12:9:45]Process 21185 termed with signal 11(SIGSEGV)
PT_F40-1_bit_0-250 Test Num : 149
Inject into ../bin/hello
----- Type : 1_bit_0 Pos : PT_F40 -----
There are 1 faults will be injected in faulttable...
101250 microseconds
Fault on PT_F40(0X7f87d0271ee0 -> 0X7e87d0271ee0)
15 microseconds
[ 2016-10-27 12:9:45]Process 21187 termed with signal 11(SIGSEGV)
PT_F40-1_bit_0-250 Test Num : 150
Inject into ../bin/hello
----- Type : 1_bit_0 Pos : PT_F40 -----
There are 1 faults will be injected in faulttable...
100295 microseconds
Fault on PT_F40(0X7fdd059e8ee0 -> 0X7edd059e8ee0)
21 microseconds
[ 2016-10-27 12:9:45]Process 21189 termed with signal 11(SIGSEGV)
PT_F40-1_bit_0-250 Test Num : 151
Inject into ../bin/hello
----- Type : 1_bit_0 Pos : PT_F40 -----
There are 1 faults will be injected in faulttable...
100065 microseconds
Fault on PT_F40(0X7f0c8122fee0 -> 0X7e0c8122fee0)
14 microseconds
[ 2016-10-27 12:9:45]Process 21191 termed with signal 11(SIGSEGV)
PT_F40-1_bit_0-250 Test Num : 152
Inject into ../bin/hello
----- Type : 1_bit_0 Pos : PT_F40 -----
There are 1 faults will be injected in faulttable...
100078 microseconds
Fault on PT_F40(0X7fd77a893ee0 -> 0X7ed77a893ee0)
12 microseconds
[ 2016-10-27 12:9:45]Process 21193 termed with signal 11(SIGSEGV)
PT_F40-1_bit_0-250 Test Num : 153
Inject into ../bin/hello
----- Type : 1_bit_0 Pos : PT_F40 -----
There are 1 faults will be injected in faulttable...
100079 microseconds
Fault on PT_F40(0X7f4266aacee0 -> 0X7e4266aacee0)
11 microseconds
[ 2016-10-27 12:9:45]Process 21195 termed with signal 11(SIGSEGV)
PT_F40-1_bit_0-250 Test Num : 154
Inject into ../bin/hello
----- Type : 1_bit_0 Pos : PT_F40 -----
There are 1 faults will be injected in faulttable...
100934 microseconds
Fault on PT_F40(0X7fa9d6b4aee0 -> 0X7ea9d6b4aee0)
18 microseconds
[ 2016-10-27 12:9:45]Process 21197 termed with signal 11(SIGSEGV)
PT_F40-1_bit_0-250 Test Num : 155
Inject into ../bin/hello
----- Type : 1_bit_0 Pos : PT_F40 -----
There are 1 faults will be injected in faulttable...
101044 microseconds
Fault on PT_F40(0X7f5f9ce9aee0 -> 0X7e5f9ce9aee0)
13 microseconds
[ 2016-10-27 12:9:45]Process 21199 termed with signal 11(SIGSEGV)
PT_F40-1_bit_0-250 Test Num : 156
Inject into ../bin/hello
----- Type : 1_bit_0 Pos : PT_F40 -----
There are 1 faults will be injected in faulttable...
100960 microseconds
Fault on PT_F40(0X7f2314fcdee0 -> 0X7e2314fcdee0)
14 microseconds
[ 2016-10-27 12:9:45]Process 21201 termed with signal 11(SIGSEGV)
PT_F40-1_bit_0-250 Test Num : 157
Inject into ../bin/hello
----- Type : 1_bit_0 Pos : PT_F40 -----
There are 1 faults will be injected in faulttable...
100920 microseconds
Fault on PT_F40(0X7f25577d9ee0 -> 0X7e25577d9ee0)
14 microseconds
[ 2016-10-27 12:9:45]Process 21203 termed with signal 11(SIGSEGV)
PT_F40-1_bit_0-250 Test Num : 158
Inject into ../bin/hello
----- Type : 1_bit_0 Pos : PT_F40 -----
There are 1 faults will be injected in faulttable...
100992 microseconds
Fault on PT_F40(0X7f0f3dab7ee0 -> 0X7f0f3da97ee0)
24 microseconds
[ 2016-10-27 12:9:46]Process 21205 termed with signal 11(SIGSEGV)
PT_F40-1_bit_0-250 Test Num : 159
Inject into ../bin/hello
----- Type : 1_bit_0 Pos : PT_F40 -----
There are 1 faults will be injected in faulttable...
100946 microseconds
Fault on PT_F40(0X7effb20b5ee0 -> 0X7effb2095ee0)
18 microseconds
[ 2016-10-27 12:9:46]Process 21207 termed with signal 11(SIGSEGV)
PT_F40-1_bit_0-250 Test Num : 160
Inject into ../bin/hello
----- Type : 1_bit_0 Pos : PT_F40 -----
There are 1 faults will be injected in faulttable...
100983 microseconds
Fault on PT_F40(0X7fc8abe01ee0 -> 0X7fc8abe01ee0)
3000095 microseconds
timeout
[ 2016-10-27 12:9:49]Process 21209 termed with signal 14(SIGALRM)
PT_F40-1_bit_0-250 Test Num : 161
Inject into ../bin/hello
----- Type : 1_bit_0 Pos : PT_F40 -----
There are 1 faults will be injected in faulttable...
100090 microseconds
Fault on PT_F40(0X7f2061766ee0 -> 0X7f2061766ee0)
3000105 microseconds
timeout
[ 2016-10-27 12:9:52]Process 21211 termed with signal 14(SIGALRM)
PT_F40-1_bit_0-250 Test Num : 162
Inject into ../bin/hello
----- Type : 1_bit_0 Pos : PT_F40 -----
There are 1 faults will be injected in faulttable...
101273 microseconds
Fault on PT_F40(0X7fb101087ee0 -> 0X7fb101087ee0)
3000131 microseconds
timeout
[ 2016-10-27 12:9:55]Process 21213 termed with signal 14(SIGALRM)
PT_F40-1_bit_0-250 Test Num : 163
Inject into ../bin/hello
----- Type : 1_bit_0 Pos : PT_F40 -----
There are 1 faults will be injected in faulttable...
101227 microseconds
Fault on PT_F40(0X7f6005f26ee0 -> 0X7f6005f26ec0)
29 microseconds
[ 2016-10-27 12:9:55]Process 21215 termed with signal 4(SIGILL)
PT_F40-1_bit_0-250 Test Num : 164
Inject into ../bin/hello
----- Type : 1_bit_0 Pos : PT_F40 -----
There are 1 faults will be injected in faulttable...
101132 microseconds
Fault on PT_F40(0X7f916b769ee0 -> 0X7f916b769ec0)
33 microseconds
[ 2016-10-27 12:9:55]Process 21217 termed with signal 4(SIGILL)
PT_F40-1_bit_0-250 Test Num : 165
Inject into ../bin/hello
----- Type : 1_bit_0 Pos : PT_F40 -----
There are 1 faults will be injected in faulttable...
100094 microseconds
Fault on PT_F40(0X7fa5c50c2ee0 -> 0X7fa5c50c2ec0)
26 microseconds
[ 2016-10-27 12:9:55]Process 21219 termed with signal 4(SIGILL)
PT_F40-1_bit_0-250 Test Num : 166
Inject into ../bin/hello
----- Type : 1_bit_0 Pos : PT_F40 -----
There are 1 faults will be injected in faulttable...
101116 microseconds
Fault on PT_F40(0X7f1cc6dbbee0 -> 0X7f1cc6dbbec0)
19 microseconds
[ 2016-10-27 12:9:55]Process 21221 termed with signal 4(SIGILL)
PT_F40-1_bit_0-250 Test Num : 167
Inject into ../bin/hello
----- Type : 1_bit_0 Pos : PT_F40 -----
There are 1 faults will be injected in faulttable...
101046 microseconds
Fault on PT_F40(0X7f8cb1d15ee0 -> 0X7f8cb1d15ee0)
3000086 microseconds
timeout
[ 2016-10-27 12:9:59]Process 21223 termed with signal 14(SIGALRM)
PT_F40-1_bit_0-250 Test Num : 168
Inject into ../bin/hello
----- Type : 1_bit_0 Pos : PT_F40 -----
There are 1 faults will be injected in faulttable...
101018 microseconds
Fault on PT_F40(0X7f8de49daee0 -> 0X7f8de49daee0)
3000073 microseconds
timeout
[ 2016-10-27 12:10:2]Process 21225 termed with signal 14(SIGALRM)
PT_F40-1_bit_0-250 Test Num : 169
Inject into ../bin/hello
----- Type : 1_bit_0 Pos : PT_F40 -----
There are 1 faults will be injected in faulttable...
101215 microseconds
Fault on PT_F40(0X7fb7d0059ee0 -> 0X7fb7d0059ee0)
3000095 microseconds
timeout
[ 2016-10-27 12:10:5]Process 21227 termed with signal 14(SIGALRM)
PT_F40-1_bit_0-250 Test Num : 170
Inject into ../bin/hello
----- Type : 1_bit_0 Pos : PT_F40 -----
There are 1 faults will be injected in faulttable...
100998 microseconds
Fault on PT_F40(0X7f23485dfee0 -> 0X7f23485dfee0)
3000144 microseconds
timeout
[ 2016-10-27 12:10:8]Process 21229 termed with signal 14(SIGALRM)
PT_F40-1_bit_0-250 Test Num : 171
Inject into ../bin/hello
----- Type : 1_bit_0 Pos : PT_F40 -----
There are 1 faults will be injected in faulttable...
101728 microseconds
Fault on PT_F40(0X7fc06f4eaee0 -> 0X7fc06f4eaee0)
3000088 microseconds
timeout
[2016-10-27 12:10:11]Process 21231 termed with signal 14(SIGALRM)
PT_F40-1_bit_0-250 Test Num : 172
Inject into ../bin/hello
----- Type : 1_bit_0 Pos : PT_F40 -----
There are 1 faults will be injected in faulttable...
101018 microseconds
Fault on PT_F40(0X7fec583edee0 -> 0X7fec583edee0)
3000117 microseconds
timeout
[2016-10-27 12:10:14]Process 21233 termed with signal 14(SIGALRM)
PT_F40-1_bit_0-250 Test Num : 173
Inject into ../bin/hello
----- Type : 1_bit_0 Pos : PT_F40 -----
There are 1 faults will be injected in faulttable...
101090 microseconds
Fault on PT_F40(0X7ff310807ee0 -> 0X77f310807ee0)
17 microseconds
[2016-10-27 12:10:14]Process 21235 termed with signal 11(SIGSEGV)
PT_F40-1_bit_0-250 Test Num : 174
Inject into ../bin/hello
----- Type : 1_bit_0 Pos : PT_F40 -----
There are 1 faults will be injected in faulttable...
101055 microseconds
Fault on PT_F40(0X7f82824d6ee0 -> 0X7782824d6ee0)
16 microseconds
[2016-10-27 12:10:14]Process 21237 termed with signal 11(SIGSEGV)
PT_F40-1_bit_0-250 Test Num : 175
Inject into ../bin/hello
----- Type : 1_bit_0 Pos : PT_F40 -----
There are 1 faults will be injected in faulttable...
100067 microseconds
Fault on PT_F40(0X7fd9050f1ee0 -> 0X77d9050f1ee0)
13 microseconds
[2016-10-27 12:10:14]Process 21239 termed with signal 11(SIGSEGV)
PT_F40-1_bit_0-250 Test Num : 176
Inject into ../bin/hello
----- Type : 1_bit_0 Pos : PT_F40 -----
There are 1 faults will be injected in faulttable...
100972 microseconds
Fault on PT_F40(0X7f1b2de31ee0 -> 0X7f1b2de31ee0)
3000086 microseconds
timeout
[2016-10-27 12:10:18]Process 21241 termed with signal 14(SIGALRM)
PT_F40-1_bit_0-250 Test Num : 177
Inject into ../bin/hello
----- Type : 1_bit_0 Pos : PT_F40 -----
There are 1 faults will be injected in faulttable...
101014 microseconds
Fault on PT_F40(0X7f018551aee0 -> 0X7f018551aae0)
3000093 microseconds
timeout
[2016-10-27 12:10:21]Process 21243 termed with signal 14(SIGALRM)
PT_F40-1_bit_0-250 Test Num : 178
Inject into ../bin/hello
----- Type : 1_bit_0 Pos : PT_F40 -----
There are 1 faults will be injected in faulttable...
101193 microseconds
Fault on PT_F40(0X7f0c72241ee0 -> 0X7f0c72241ae0)
3000111 microseconds
timeout
[2016-10-27 12:10:24]Process 21245 termed with signal 14(SIGALRM)
PT_F40-1_bit_0-250 Test Num : 179
Inject into ../bin/hello
----- Type : 1_bit_0 Pos : PT_F40 -----
There are 1 faults will be injected in faulttable...
101170 microseconds
Fault on PT_F40(0X7fba8924eee0 -> 0X7dba8924eee0)
30 microseconds
[2016-10-27 12:10:24]Process 21247 termed with signal 11(SIGSEGV)
PT_F40-1_bit_0-250 Test Num : 180
Inject into ../bin/hello
----- Type : 1_bit_0 Pos : PT_F40 -----
There are 1 faults will be injected in faulttable...
101069 microseconds
Fault on PT_F40(0X7f83714daee0 -> 0X7d83714daee0)
21 microseconds
[2016-10-27 12:10:24]Process 21249 termed with signal 11(SIGSEGV)
PT_F40-1_bit_0-250 Test Num : 181
Inject into ../bin/hello
----- Type : 1_bit_0 Pos : PT_F40 -----
There are 1 faults will be injected in faulttable...
100968 microseconds
Fault on PT_F40(0X7f4087104ee0 -> 0X7d4087104ee0)
14 microseconds
[2016-10-27 12:10:24]Process 21251 termed with signal 11(SIGSEGV)
PT_F40-1_bit_0-250 Test Num : 182
Inject into ../bin/hello
----- Type : 1_bit_0 Pos : PT_F40 -----
There are 1 faults will be injected in faulttable...
101130 microseconds
Fault on PT_F40(0X7f15a921cee0 -> 0X7d15a921cee0)
18 microseconds
[2016-10-27 12:10:24]Process 21253 termed with signal 11(SIGSEGV)
PT_F40-1_bit_0-250 Test Num : 183
Inject into ../bin/hello
----- Type : 1_bit_0 Pos : PT_F40 -----
There are 1 faults will be injected in faulttable...
101032 microseconds
Fault on PT_F40(0X7fc99e2eeee0 -> 0X7dc99e2eeee0)
18 microseconds
[2016-10-27 12:10:24]Process 21255 termed with signal 11(SIGSEGV)
PT_F40-1_bit_0-250 Test Num : 184
Inject into ../bin/hello
----- Type : 1_bit_0 Pos : PT_F40 -----
There are 1 faults will be injected in faulttable...
101062 microseconds
Fault on PT_F40(0X7fbf1a92eee0 -> 0X7dbf1a92eee0)
13 microseconds
[2016-10-27 12:10:24]Process 21257 termed with signal 11(SIGSEGV)
PT_F40-1_bit_0-250 Test Num : 185
Inject into ../bin/hello
----- Type : 1_bit_0 Pos : PT_F40 -----
There are 1 faults will be injected in faulttable...
100987 microseconds
Fault on PT_F40(0X7f5260190ee0 -> 0X7f5260190ee0)
3000110 microseconds
timeout
[2016-10-27 12:10:28]Process 21259 termed with signal 14(SIGALRM)
PT_F40-1_bit_0-250 Test Num : 186
Inject into ../bin/hello
----- Type : 1_bit_0 Pos : PT_F40 -----
There are 1 faults will be injected in faulttable...
101308 microseconds
Fault on PT_F40(0X7ffbb0d06ee0 -> 0X7ffbb0d06ee0)
3000159 microseconds
timeout
[2016-10-27 12:10:31]Process 21261 termed with signal 14(SIGALRM)
PT_F40-1_bit_0-250 Test Num : 187
Inject into ../bin/hello
----- Type : 1_bit_0 Pos : PT_F40 -----
There are 1 faults will be injected in faulttable...
101160 microseconds
Fault on PT_F40(0X7f1880ddaee0 -> 0X7f1880cdaee0)
24 microseconds
[2016-10-27 12:10:31]Process 21263 termed with signal 11(SIGSEGV)
PT_F40-1_bit_0-250 Test Num : 188
Inject into ../bin/hello
----- Type : 1_bit_0 Pos : PT_F40 -----
There are 1 faults will be injected in faulttable...
101207 microseconds
Fault on PT_F40(0X7f880d2eeee0 -> 0X7f880d2eeee0)
3000098 microseconds
timeout
[2016-10-27 12:10:34]Process 21265 termed with signal 14(SIGALRM)
PT_F40-1_bit_0-250 Test Num : 189
Inject into ../bin/hello
----- Type : 1_bit_0 Pos : PT_F40 -----
There are 1 faults will be injected in faulttable...
101074 microseconds
Fault on PT_F40(0X7fb82fd7dee0 -> 0X7fb82fd7dee0)
3000106 microseconds
timeout
[2016-10-27 12:10:37]Process 21267 termed with signal 14(SIGALRM)
PT_F40-1_bit_0-250 Test Num : 190
Inject into ../bin/hello
----- Type : 1_bit_0 Pos : PT_F40 -----
There are 1 faults will be injected in faulttable...
101067 microseconds
Fault on PT_F40(0X7f4985c42ee0 -> 0X7f4905c42ee0)
16 microseconds
[2016-10-27 12:10:37]Process 21269 termed with signal 11(SIGSEGV)
PT_F40-1_bit_0-250 Test Num : 191
Inject into ../bin/hello
----- Type : 1_bit_0 Pos : PT_F40 -----
There are 1 faults will be injected in faulttable...
101095 microseconds
Fault on PT_F40(0X7f507299bee0 -> 0X7f507299bee0)
3000128 microseconds
timeout
[2016-10-27 12:10:40]Process 21271 termed with signal 14(SIGALRM)
PT_F40-1_bit_0-250 Test Num : 192
Inject into ../bin/hello
----- Type : 1_bit_0 Pos : PT_F40 -----
There are 1 faults will be injected in faulttable...
101044 microseconds
Fault on PT_F40(0X7f89fec7cee0 -> 0X7f89fec7cee0)
3000150 microseconds
timeout
[2016-10-27 12:10:43]Process 21273 termed with signal 14(SIGALRM)
PT_F40-1_bit_0-250 Test Num : 193
Inject into ../bin/hello
----- Type : 1_bit_0 Pos : PT_F40 -----
There are 1 faults will be injected in faulttable...
101303 microseconds
Fault on PT_F40(0X7fc765ba1ee0 -> 0X7fc765ba1ee0)
3000080 microseconds
timeout
[2016-10-27 12:10:47]Process 21275 termed with signal 14(SIGALRM)
PT_F40-1_bit_0-250 Test Num : 194
Inject into ../bin/hello
----- Type : 1_bit_0 Pos : PT_F40 -----
There are 1 faults will be injected in faulttable...
100214 microseconds
Fault on PT_F40(0X7f3d661f7ee0 -> 0X7f3d661f7ee0)
3000092 microseconds
timeout
[2016-10-27 12:10:50]Process 21277 termed with signal 14(SIGALRM)
PT_F40-1_bit_0-250 Test Num : 195
Inject into ../bin/hello
----- Type : 1_bit_0 Pos : PT_F40 -----
There are 1 faults will be injected in faulttable...
100918 microseconds
Fault on PT_F40(0X7f9209c45ee0 -> 0X7f9209c44ee0)
22 microseconds
[2016-10-27 12:10:50]Process 21279 termed with signal 4(SIGILL)
PT_F40-1_bit_0-250 Test Num : 196
Inject into ../bin/hello
----- Type : 1_bit_0 Pos : PT_F40 -----
There are 1 faults will be injected in faulttable...
100923 microseconds
Fault on PT_F40(0X7f95c996aee0 -> 0X7f95c996aee0)
3000080 microseconds
timeout
[2016-10-27 12:10:53]Process 21281 termed with signal 14(SIGALRM)
PT_F40-1_bit_0-250 Test Num : 197
Inject into ../bin/hello
----- Type : 1_bit_0 Pos : PT_F40 -----
There are 1 faults will be injected in faulttable...
100084 microseconds
Fault on PT_F40(0X7ff492546ee0 -> 0X7ff482546ee0)
99 microseconds
[2016-10-27 12:10:53]Process 21283 termed with signal 11(SIGSEGV)
PT_F40-1_bit_0-250 Test Num : 198
Inject into ../bin/hello
----- Type : 1_bit_0 Pos : PT_F40 -----
There are 1 faults will be injected in faulttable...
101059 microseconds
Fault on PT_F40(0X7fe384c27ee0 -> 0X7fe384c27ee0)
3000284 microseconds
timeout
[2016-10-27 12:10:56]Process 21285 termed with signal 14(SIGALRM)
PT_F40-1_bit_0-250 Test Num : 199
Inject into ../bin/hello
----- Type : 1_bit_0 Pos : PT_F40 -----
There are 1 faults will be injected in faulttable...
101150 microseconds
Fault on PT_F40(0X7f85789a4ee0 -> 0X7f85789a46e0)
27 microseconds
[2016-10-27 12:10:56]Process 21287 termed with signal 11(SIGSEGV)
PT_F40-1_bit_0-250 Test Num : 200
Inject into ../bin/hello
----- Type : 1_bit_0 Pos : PT_F40 -----
There are 1 faults will be injected in faulttable...
101315 microseconds
Fault on PT_F40(0X7f91d3cdcee0 -> 0X7f91d3cdc6e0)
24 microseconds
[2016-10-27 12:10:56]Process 21289 termed with signal 11(SIGSEGV)
PT_F40-1_bit_0-250 Test Num : 201
Inject into ../bin/hello
----- Type : 1_bit_0 Pos : PT_F40 -----
There are 1 faults will be injected in faulttable...
101119 microseconds
Fault on PT_F40(0X7f5e44f60ee0 -> 0X7f5e44f606e0)
23 microseconds
[2016-10-27 12:10:56]Process 21291 termed with signal 11(SIGSEGV)
PT_F40-1_bit_0-250 Test Num : 202
Inject into ../bin/hello
----- Type : 1_bit_0 Pos : PT_F40 -----
There are 1 faults will be injected in faulttable...
101137 microseconds
Fault on PT_F40(0X7fc6111eaee0 -> 0X7fc6111ea6e0)
15 microseconds
[2016-10-27 12:10:56]Process 21293 termed with signal 11(SIGSEGV)
PT_F40-1_bit_0-250 Test Num : 203
Inject into ../bin/hello
----- Type : 1_bit_0 Pos : PT_F40 -----
There are 1 faults will be injected in faulttable...
100134 microseconds
Fault on PT_F40(0X7f7b74a32ee0 -> 0X7f5b74a32ee0)
16 microseconds
[2016-10-27 12:10:57]Process 21295 termed with signal 11(SIGSEGV)
PT_F40-1_bit_0-250 Test Num : 204
Inject into ../bin/hello
----- Type : 1_bit_0 Pos : PT_F40 -----
There are 1 faults will be injected in faulttable...
101094 microseconds
Fault on PT_F40(0X7f6c922ceee0 -> 0X7f4c922ceee0)
14 microseconds
[2016-10-27 12:10:57]Process 21297 termed with signal 11(SIGSEGV)
PT_F40-1_bit_0-250 Test Num : 205
Inject into ../bin/hello
----- Type : 1_bit_0 Pos : PT_F40 -----
There are 1 faults will be injected in faulttable...
101120 microseconds
Fault on PT_F40(0X7f8546ba8ee0 -> 0X7f8546ba8ee0)
3000133 microseconds
timeout
[ 2016-10-27 12:11:0]Process 21299 termed with signal 14(SIGALRM)
PT_F40-1_bit_0-250 Test Num : 206
Inject into ../bin/hello
----- Type : 1_bit_0 Pos : PT_F40 -----
There are 1 faults will be injected in faulttable...
100077 microseconds
Fault on PT_F40(0X7f8bc6aa1ee0 -> 0X7f8bc6aa1ee0)
3000078 microseconds
timeout
[ 2016-10-27 12:11:3]Process 21301 termed with signal 14(SIGALRM)
PT_F40-1_bit_0-250 Test Num : 207
Inject into ../bin/hello
----- Type : 1_bit_0 Pos : PT_F40 -----
There are 1 faults will be injected in faulttable...
101036 microseconds
Fault on PT_F40(0X7fc3d24a6ee0 -> 0X7fc3d24a6ee0)
3000123 microseconds
timeout
[ 2016-10-27 12:11:6]Process 21303 termed with signal 14(SIGALRM)
PT_F40-1_bit_0-250 Test Num : 208
Inject into ../bin/hello
----- Type : 1_bit_0 Pos : PT_F40 -----
There are 1 faults will be injected in faulttable...
100923 microseconds
Fault on PT_F40(0X7f640103aee0 -> 0X7d640103aee0)
14 microseconds
[ 2016-10-27 12:11:6]Process 21305 termed with signal 11(SIGSEGV)
PT_F40-1_bit_0-250 Test Num : 209
Inject into ../bin/hello
----- Type : 1_bit_0 Pos : PT_F40 -----
There are 1 faults will be injected in faulttable...
101361 microseconds
Fault on PT_F40(0X7f704e2c0ee0 -> 0X7d704e2c0ee0)
29 microseconds
[ 2016-10-27 12:11:6]Process 21307 termed with signal 11(SIGSEGV)
PT_F40-1_bit_0-250 Test Num : 210
Inject into ../bin/hello
----- Type : 1_bit_0 Pos : PT_F40 -----
There are 1 faults will be injected in faulttable...
101226 microseconds
Fault on PT_F40(0X7f35e9d03ee0 -> 0X7d35e9d03ee0)
16 microseconds
[ 2016-10-27 12:11:6]Process 21309 termed with signal 11(SIGSEGV)
PT_F40-1_bit_0-250 Test Num : 211
Inject into ../bin/hello
----- Type : 1_bit_0 Pos : PT_F40 -----
There are 1 faults will be injected in faulttable...
101109 microseconds
Fault on PT_F40(0X7fa7b3168ee0 -> 0X7da7b3168ee0)
13 microseconds
[ 2016-10-27 12:11:6]Process 21311 termed with signal 11(SIGSEGV)
PT_F40-1_bit_0-250 Test Num : 212
Inject into ../bin/hello
----- Type : 1_bit_0 Pos : PT_F40 -----
There are 1 faults will be injected in faulttable...
101016 microseconds
Fault on PT_F40(0X7ff0bbfceee0 -> 0X7fd0bbfceee0)
19 microseconds
[ 2016-10-27 12:11:7]Process 21313 termed with signal 11(SIGSEGV)
PT_F40-1_bit_0-250 Test Num : 213
Inject into ../bin/hello
----- Type : 1_bit_0 Pos : PT_F40 -----
There are 1 faults will be injected in faulttable...
100128 microseconds
Fault on PT_F40(0X7f3ec4020ee0 -> 0X7f1ec4020ee0)
18 microseconds
[ 2016-10-27 12:11:7]Process 21315 termed with signal 11(SIGSEGV)
PT_F40-1_bit_0-250 Test Num : 214
Inject into ../bin/hello
----- Type : 1_bit_0 Pos : PT_F40 -----
There are 1 faults will be injected in faulttable...
100998 microseconds
Fault on PT_F40(0X7fbb60ceeee0 -> 0X7f9b60ceeee0)
15 microseconds
[ 2016-10-27 12:11:7]Process 21317 termed with signal 11(SIGSEGV)
PT_F40-1_bit_0-250 Test Num : 215
Inject into ../bin/hello
----- Type : 1_bit_0 Pos : PT_F40 -----
There are 1 faults will be injected in faulttable...
101455 microseconds
Fault on PT_F40(0X7f2ca3367ee0 -> 0X7f0ca3367ee0)
12 microseconds
[ 2016-10-27 12:11:7]Process 21319 termed with signal 11(SIGSEGV)
PT_F40-1_bit_0-250 Test Num : 216
Inject into ../bin/hello
----- Type : 1_bit_0 Pos : PT_F40 -----
There are 1 faults will be injected in faulttable...
101247 microseconds
Fault on PT_F40(0X7fc80e165ee0 -> 0X7fc80e165ee0)
3000100 microseconds
timeout
[2016-10-27 12:11:10]Process 21321 termed with signal 14(SIGALRM)
PT_F40-1_bit_0-250 Test Num : 217
Inject into ../bin/hello
----- Type : 1_bit_0 Pos : PT_F40 -----
There are 1 faults will be injected in faulttable...
101390 microseconds
Fault on PT_F40(0X7febb1221ee0 -> 0X7febb1221ee0)
3000067 microseconds
timeout
[2016-10-27 12:11:13]Process 21323 termed with signal 14(SIGALRM)
PT_F40-1_bit_0-250 Test Num : 218
Inject into ../bin/hello
----- Type : 1_bit_0 Pos : PT_F40 -----
There are 1 faults will be injected in faulttable...
100991 microseconds
Fault on PT_F40(0X7f21bdc89ee0 -> 0X7721bdc89ee0)
13 microseconds
[2016-10-27 12:11:13]Process 21325 termed with signal 11(SIGSEGV)
PT_F40-1_bit_0-250 Test Num : 219
Inject into ../bin/hello
----- Type : 1_bit_0 Pos : PT_F40 -----
There are 1 faults will be injected in faulttable...
100063 microseconds
Fault on PT_F40(0X7f8690a98ee0 -> 0X778690a98ee0)
12 microseconds
[2016-10-27 12:11:13]Process 21327 termed with signal 11(SIGSEGV)
PT_F40-1_bit_0-250 Test Num : 220
Inject into ../bin/hello
----- Type : 1_bit_0 Pos : PT_F40 -----
There are 1 faults will be injected in faulttable...
100984 microseconds
Fault on PT_F40(0X7fad0dbbaee0 -> 0X77ad0dbbaee0)
14 microseconds
[2016-10-27 12:11:13]Process 21329 termed with signal 11(SIGSEGV)
PT_F40-1_bit_0-250 Test Num : 221
Inject into ../bin/hello
----- Type : 1_bit_0 Pos : PT_F40 -----
There are 1 faults will be injected in faulttable...
100938 microseconds
Fault on PT_F40(0X7fca77785ee0 -> 0X7fca77785ee0)
3000101 microseconds
timeout
[2016-10-27 12:11:17]Process 21331 termed with signal 14(SIGALRM)
PT_F40-1_bit_0-250 Test Num : 222
Inject into ../bin/hello
----- Type : 1_bit_0 Pos : PT_F40 -----
There are 1 faults will be injected in faulttable...
101079 microseconds
Fault on PT_F40(0X7f0414339ee0 -> 0X7f0414339ee0)
3000077 microseconds
timeout
[2016-10-27 12:11:20]Process 21333 termed with signal 14(SIGALRM)
PT_F40-1_bit_0-250 Test Num : 223
Inject into ../bin/hello
----- Type : 1_bit_0 Pos : PT_F40 -----
There are 1 faults will be injected in faulttable...
101152 microseconds
Fault on PT_F40(0X7faf8fba9ee0 -> 0X7faf8fba9ee0)
3000080 microseconds
timeout
[2016-10-27 12:11:23]Process 21335 termed with signal 14(SIGALRM)
PT_F40-1_bit_0-250 Test Num : 224
Inject into ../bin/hello
----- Type : 1_bit_0 Pos : PT_F40 -----
There are 1 faults will be injected in faulttable...
101171 microseconds
Fault on PT_F40(0X7f2dd42f3ee0 -> 0X7f2cd42f3ee0)
21 microseconds
[2016-10-27 12:11:23]Process 21337 termed with signal 11(SIGSEGV)
PT_F40-1_bit_0-250 Test Num : 225
Inject into ../bin/hello
----- Type : 1_bit_0 Pos : PT_F40 -----
There are 1 faults will be injected in faulttable...
101322 microseconds
Fault on PT_F40(0X7ffa6cb75ee0 -> 0X7ffa6cb75ee0)
3000098 microseconds
timeout
[2016-10-27 12:11:26]Process 21339 termed with signal 14(SIGALRM)
PT_F40-1_bit_0-250 Test Num : 226
Inject into ../bin/hello
----- Type : 1_bit_0 Pos : PT_F40 -----
There are 1 faults will be injected in faulttable...
101092 microseconds
Fault on PT_F40(0X7f4cd9cd6ee0 -> 0X7f4cd9cd6ee0)
3000110 microseconds
timeout
[2016-10-27 12:11:29]Process 21341 termed with signal 14(SIGALRM)
PT_F40-1_bit_0-250 Test Num : 227
Inject into ../bin/hello
----- Type : 1_bit_0 Pos : PT_F40 -----
There are 1 faults will be injected in faulttable...
101553 microseconds
Fault on PT_F40(0X7f125fdb4ee0 -> 0X7f125fdb4ea0)
28 microseconds
[2016-10-27 12:11:29]Process 21344 termed with signal 11(SIGSEGV)
PT_F40-1_bit_0-250 Test Num : 228
Inject into ../bin/hello
----- Type : 1_bit_0 Pos : PT_F40 -----
There are 1 faults will be injected in faulttable...
101096 microseconds
Fault on PT_F40(0X7f6fe41edee0 -> 0X7f6fe41edea0)
15 microseconds
[2016-10-27 12:11:29]Process 21346 termed with signal 11(SIGSEGV)
PT_F40-1_bit_0-250 Test Num : 229
Inject into ../bin/hello
----- Type : 1_bit_0 Pos : PT_F40 -----
There are 1 faults will be injected in faulttable...
101326 microseconds
Fault on PT_F40(0X7f71b9207ee0 -> 0X7f71b9207ea0)
22 microseconds
[2016-10-27 12:11:29]Process 21348 termed with signal 11(SIGSEGV)
PT_F40-1_bit_0-250 Test Num : 230
Inject into ../bin/hello
----- Type : 1_bit_0 Pos : PT_F40 -----
There are 1 faults will be injected in faulttable...
100082 microseconds
Fault on PT_F40(0X7f9de15c9ee0 -> 0X7f1de15c9ee0)
16 microseconds
[2016-10-27 12:11:30]Process 21350 termed with signal 11(SIGSEGV)
PT_F40-1_bit_0-250 Test Num : 231
Inject into ../bin/hello
----- Type : 1_bit_0 Pos : PT_F40 -----
There are 1 faults will be injected in faulttable...
101186 microseconds
Fault on PT_F40(0X7f1149dd4ee0 -> 0X7f1149dd4ee0)
3000128 microseconds
timeout
[2016-10-27 12:11:33]Process 21352 termed with signal 14(SIGALRM)
PT_F40-1_bit_0-250 Test Num : 232
Inject into ../bin/hello
----- Type : 1_bit_0 Pos : PT_F40 -----
There are 1 faults will be injected in faulttable...
100323 microseconds
Fault on PT_F40(0X7f3c8ba75ee0 -> 0X7f3c8ba75ee0)
3000110 microseconds
timeout
[2016-10-27 12:11:36]Process 21354 termed with signal 14(SIGALRM)
PT_F40-1_bit_0-250 Test Num : 233
Inject into ../bin/hello
----- Type : 1_bit_0 Pos : PT_F40 -----
There are 1 faults will be injected in faulttable...
101235 microseconds
Fault on PT_F40(0X7f441c2baee0 -> 0X7f441c2baee0)
3000252 microseconds
timeout
[2016-10-27 12:11:39]Process 21356 termed with signal 14(SIGALRM)
PT_F40-1_bit_0-250 Test Num : 234
Inject into ../bin/hello
----- Type : 1_bit_0 Pos : PT_F40 -----
There are 1 faults will be injected in faulttable...
101255 microseconds
Fault on PT_F40(0X7f59b1499ee0 -> 0X7f59b1499ee0)
3000066 microseconds
timeout
[2016-10-27 12:11:42]Process 21358 termed with signal 14(SIGALRM)
PT_F40-1_bit_0-250 Test Num : 235
Inject into ../bin/hello
----- Type : 1_bit_0 Pos : PT_F40 -----
There are 1 faults will be injected in faulttable...
101091 microseconds
Fault on PT_F40(0X7f97478beee0 -> 0X7f97478beee0)
3000107 microseconds
timeout
[2016-10-27 12:11:45]Process 21360 termed with signal 14(SIGALRM)
PT_F40-1_bit_0-250 Test Num : 236
Inject into ../bin/hello
----- Type : 1_bit_0 Pos : PT_F40 -----
There are 1 faults will be injected in faulttable...
101208 microseconds
Fault on PT_F40(0X7f3a300ceee0 -> 0X7d3a300ceee0)
13 microseconds
[2016-10-27 12:11:45]Process 21362 termed with signal 11(SIGSEGV)
PT_F40-1_bit_0-250 Test Num : 237
Inject into ../bin/hello
----- Type : 1_bit_0 Pos : PT_F40 -----
There are 1 faults will be injected in faulttable...
101022 microseconds
Fault on PT_F40(0X7f9e68122ee0 -> 0X7d9e68122ee0)
18 microseconds
[2016-10-27 12:11:45]Process 21364 termed with signal 11(SIGSEGV)
PT_F40-1_bit_0-250 Test Num : 238
Inject into ../bin/hello
----- Type : 1_bit_0 Pos : PT_F40 -----
There are 1 faults will be injected in faulttable...
100099 microseconds
Fault on PT_F40(0X7fef3d6c7ee0 -> 0X7def3d6c7ee0)
13 microseconds
[2016-10-27 12:11:45]Process 21366 termed with signal 11(SIGSEGV)
PT_F40-1_bit_0-250 Test Num : 239
Inject into ../bin/hello
----- Type : 1_bit_0 Pos : PT_F40 -----
There are 1 faults will be injected in faulttable...
101156 microseconds
Fault on PT_F40(0X7f00c229fee0 -> 0X7f00c221fee0)
20 microseconds
[2016-10-27 12:11:46]Process 21368 termed with signal 11(SIGSEGV)
PT_F40-1_bit_0-250 Test Num : 240
Inject into ../bin/hello
----- Type : 1_bit_0 Pos : PT_F40 -----
There are 1 faults will be injected in faulttable...
101027 microseconds
Fault on PT_F40(0X7fdc5fd4eee0 -> 0X7fdc5fd4eee0)
3000066 microseconds
timeout
[2016-10-27 12:11:49]Process 21370 termed with signal 14(SIGALRM)
PT_F40-1_bit_0-250 Test Num : 241
Inject into ../bin/hello
----- Type : 1_bit_0 Pos : PT_F40 -----
There are 1 faults will be injected in faulttable...
100995 microseconds
Fault on PT_F40(0X7fe8eba90ee0 -> 0X7fe8eba90ee0)
3000115 microseconds
timeout
[2016-10-27 12:11:52]Process 21372 termed with signal 14(SIGALRM)
PT_F40-1_bit_0-250 Test Num : 242
Inject into ../bin/hello
----- Type : 1_bit_0 Pos : PT_F40 -----
There are 1 faults will be injected in faulttable...
100064 microseconds
Fault on PT_F40(0X7f6b912ceee0 -> 0X7f6b112ceee0)
16 microseconds
[2016-10-27 12:11:52]Process 21374 termed with signal 11(SIGSEGV)
PT_F40-1_bit_0-250 Test Num : 243
Inject into ../bin/hello
----- Type : 1_bit_0 Pos : PT_F40 -----
There are 1 faults will be injected in faulttable...
100079 microseconds
Fault on PT_F40(0X7f5184120ee0 -> 0X7f5104120ee0)
13 microseconds
[2016-10-27 12:11:52]Process 21376 termed with signal 11(SIGSEGV)
PT_F40-1_bit_0-250 Test Num : 244
Inject into ../bin/hello
----- Type : 1_bit_0 Pos : PT_F40 -----
There are 1 faults will be injected in faulttable...
101121 microseconds
Fault on PT_F40(0X7fd14eeceee0 -> 0X7fd14eeceee0)
3000103 microseconds
timeout
[2016-10-27 12:11:55]Process 21378 termed with signal 14(SIGALRM)
PT_F40-1_bit_0-250 Test Num : 245
Inject into ../bin/hello
----- Type : 1_bit_0 Pos : PT_F40 -----
There are 1 faults will be injected in faulttable...
101344 microseconds
Fault on PT_F40(0X7f5e05df6ee0 -> 0X7f5e05df6ee0)
3000085 microseconds
timeout
[2016-10-27 12:11:58]Process 21380 termed with signal 14(SIGALRM)
PT_F40-1_bit_0-250 Test Num : 246
Inject into ../bin/hello
----- Type : 1_bit_0 Pos : PT_F40 -----
There are 1 faults will be injected in faulttable...
101005 microseconds
Fault on PT_F40(0X7fc40b350ee0 -> 0X7fc40b350ee0)
3000107 microseconds
timeout
[ 2016-10-27 12:12:1]Process 21382 termed with signal 14(SIGALRM)
PT_F40-1_bit_0-250 Test Num : 247
Inject into ../bin/hello
----- Type : 1_bit_0 Pos : PT_F40 -----
There are 1 faults will be injected in faulttable...
100090 microseconds
Fault on PT_F40(0X7fb063447ee0 -> 0X7fb063447ae0)
3000084 microseconds
timeout
[ 2016-10-27 12:12:4]Process 21384 termed with signal 14(SIGALRM)
PT_F40-1_bit_0-250 Test Num : 248
Inject into ../bin/hello
----- Type : 1_bit_0 Pos : PT_F40 -----
There are 1 faults will be injected in faulttable...
101216 microseconds
Fault on PT_F40(0X7f95ebc18ee0 -> 0X7f95ebc18ee0)
3000074 microseconds
timeout
[ 2016-10-27 12:12:8]Process 21386 termed with signal 14(SIGALRM)
PT_F40-1_bit_0-250 Test Num : 249
Inject into ../bin/hello
----- Type : 1_bit_0 Pos : PT_F40 -----
There are 1 faults will be injected in faulttable...
101025 microseconds
Fault on PT_F40(0X7f1012580ee0 -> 0X7f1012580ee0)
3000243 microseconds
timeout
[2016-10-27 12:12:11]Process 21388 termed with signal 14(SIGALRM)
PT_F40-1_bit_0-250 Test Num : 250
Inject into ../bin/hello
----- Type : 1_bit_0 Pos : PT_F40 -----
There are 1 faults will be injected in faulttable...
101328 microseconds
Fault on PT_F40(0X7fedb1373ee0 -> 0X7fedb1373ee0)
3000099 microseconds
timeout
[2016-10-27 12:12:14]Process 21390 termed with signal 14(SIGALRM)
