PT_F40-1_bit_0-100 Test Num : 1
Inject into ../bin/hello
----- Type : 1_bit_0 Pos : PT_F40 -----
There are 1 faults will be injected in faulttable...
101106 microseconds
Fault on PT_F40(0X7fb184e6fee0 -> 0X7fb184e6fee0)
3000063 microseconds
timeout
[ 2016-10-27 10:15:5]Process 31869 termed with signal 14(SIGALRM)
PT_F40-1_bit_0-100 Test Num : 2
Inject into ../bin/hello
----- Type : 1_bit_0 Pos : PT_F40 -----
There are 1 faults will be injected in faulttable...
101095 microseconds
Fault on PT_F40(0X7f776b62eee0 -> 0X7f776b62eee0)
3000094 microseconds
timeout
[ 2016-10-27 10:15:8]Process 31875 termed with signal 14(SIGALRM)
PT_F40-1_bit_0-100 Test Num : 3
Inject into ../bin/hello
----- Type : 1_bit_0 Pos : PT_F40 -----
There are 1 faults will be injected in faulttable...
100074 microseconds
Fault on PT_F40(0X7f42be8faee0 -> 0X7f42be8faee0)
3000081 microseconds
timeout
[2016-10-27 10:15:11]Process 31878 termed with signal 14(SIGALRM)
PT_F40-1_bit_0-100 Test Num : 4
Inject into ../bin/hello
----- Type : 1_bit_0 Pos : PT_F40 -----
There are 1 faults will be injected in faulttable...
101053 microseconds
Fault on PT_F40(0X7f00834c2ee0 -> 0X7f00834c2ee0)
3000068 microseconds
timeout
[2016-10-27 10:15:14]Process 31880 termed with signal 14(SIGALRM)
PT_F40-1_bit_0-100 Test Num : 5
Inject into ../bin/hello
----- Type : 1_bit_0 Pos : PT_F40 -----
There are 1 faults will be injected in faulttable...
100069 microseconds
Fault on PT_F40(0X7f9162014ee0 -> 0X7f9162014ee0)
3000237 microseconds
timeout
[2016-10-27 10:15:18]Process 31882 termed with signal 14(SIGALRM)
PT_F40-1_bit_0-100 Test Num : 6
Inject into ../bin/hello
----- Type : 1_bit_0 Pos : PT_F40 -----
There are 1 faults will be injected in faulttable...
100970 microseconds
Fault on PT_F40(0X7fa8c5cdfee0 -> 0X7fa8c5cdfee0)
3000080 microseconds
timeout
[2016-10-27 10:15:21]Process 31889 termed with signal 14(SIGALRM)
PT_F40-1_bit_0-100 Test Num : 7
Inject into ../bin/hello
----- Type : 1_bit_0 Pos : PT_F40 -----
There are 1 faults will be injected in faulttable...
100984 microseconds
Fault on PT_F40(0X7f38d1c4eee0 -> 0X7f38d1c4eee0)
3000061 microseconds
timeout
[2016-10-27 10:15:24]Process 31891 termed with signal 14(SIGALRM)
PT_F40-1_bit_0-100 Test Num : 8
Inject into ../bin/hello
----- Type : 1_bit_0 Pos : PT_F40 -----
There are 1 faults will be injected in faulttable...
101184 microseconds
Fault on PT_F40(0X7ff7a4f50ee0 -> 0X77f7a4f50ee0)
12 microseconds
[2016-10-27 10:15:24]Process 31897 termed with signal 11(SIGSEGV)
PT_F40-1_bit_0-100 Test Num : 9
Inject into ../bin/hello
----- Type : 1_bit_0 Pos : PT_F40 -----
There are 1 faults will be injected in faulttable...
101004 microseconds
Fault on PT_F40(0X7f241ac83ee0 -> 0X77241ac83ee0)
17 microseconds
[2016-10-27 10:15:24]Process 31899 termed with signal 11(SIGSEGV)
PT_F40-1_bit_0-100 Test Num : 10
Inject into ../bin/hello
----- Type : 1_bit_0 Pos : PT_F40 -----
There are 1 faults will be injected in faulttable...
101240 microseconds
Fault on PT_F40(0X7fb612b05ee0 -> 0X77b612b05ee0)
20 microseconds
[2016-10-27 10:15:24]Process 31901 termed with signal 11(SIGSEGV)
PT_F40-1_bit_0-100 Test Num : 11
Inject into ../bin/hello
----- Type : 1_bit_0 Pos : PT_F40 -----
There are 1 faults will be injected in faulttable...
101087 microseconds
Fault on PT_F40(0X7f5aafd50ee0 -> 0X775aafd50ee0)
15 microseconds
[2016-10-27 10:15:24]Process 31903 termed with signal 11(SIGSEGV)
PT_F40-1_bit_0-100 Test Num : 12
Inject into ../bin/hello
----- Type : 1_bit_0 Pos : PT_F40 -----
There are 1 faults will be injected in faulttable...
101333 microseconds
Fault on PT_F40(0X7f91597beee0 -> 0X7791597beee0)
14 microseconds
[2016-10-27 10:15:24]Process 31905 termed with signal 11(SIGSEGV)
PT_F40-1_bit_0-100 Test Num : 13
Inject into ../bin/hello
----- Type : 1_bit_0 Pos : PT_F40 -----
There are 1 faults will be injected in faulttable...
100974 microseconds
Fault on PT_F40(0X7f390816aee0 -> 0X77390816aee0)
17 microseconds
[2016-10-27 10:15:24]Process 31907 termed with signal 11(SIGSEGV)
PT_F40-1_bit_0-100 Test Num : 14
Inject into ../bin/hello
----- Type : 1_bit_0 Pos : PT_F40 -----
There are 1 faults will be injected in faulttable...
101282 microseconds
Fault on PT_F40(0X7f95482f1ee0 -> 0X7f95482f1ee0)
3000093 microseconds
timeout
[2016-10-27 10:15:28]Process 31909 termed with signal 14(SIGALRM)
PT_F40-1_bit_0-100 Test Num : 15
Inject into ../bin/hello
----- Type : 1_bit_0 Pos : PT_F40 -----
There are 1 faults will be injected in faulttable...
101079 microseconds
Fault on PT_F40(0X7fcdd87baee0 -> 0X7fcdd87baee0)
3000100 microseconds
timeout
[2016-10-27 10:15:31]Process 31911 termed with signal 14(SIGALRM)
PT_F40-1_bit_0-100 Test Num : 16
Inject into ../bin/hello
----- Type : 1_bit_0 Pos : PT_F40 -----
There are 1 faults will be injected in faulttable...
100072 microseconds
Fault on PT_F40(0X7ffa00cf1ee0 -> 0X7ff800cf1ee0)
16 microseconds
[2016-10-27 10:15:31]Process 31918 termed with signal 11(SIGSEGV)
PT_F40-1_bit_0-100 Test Num : 17
Inject into ../bin/hello
----- Type : 1_bit_0 Pos : PT_F40 -----
There are 1 faults will be injected in faulttable...
101133 microseconds
Fault on PT_F40(0X7f59eaa8dee0 -> 0X7f59eaa8dee0)
3000092 microseconds
timeout
[2016-10-27 10:15:34]Process 31920 termed with signal 14(SIGALRM)
PT_F40-1_bit_0-100 Test Num : 18
Inject into ../bin/hello
----- Type : 1_bit_0 Pos : PT_F40 -----
There are 1 faults will be injected in faulttable...
101165 microseconds
Fault on PT_F40(0X7f73fb19cee0 -> 0X7f73fb19cee0)
3000082 microseconds
timeout
[2016-10-27 10:15:37]Process 31922 termed with signal 14(SIGALRM)
PT_F40-1_bit_0-100 Test Num : 19
Inject into ../bin/hello
----- Type : 1_bit_0 Pos : PT_F40 -----
There are 1 faults will be injected in faulttable...
101454 microseconds
Fault on PT_F40(0X7fad74396ee0 -> 0X7f8d74396ee0)
13 microseconds
[2016-10-27 10:15:37]Process 31924 termed with signal 11(SIGSEGV)
PT_F40-1_bit_0-100 Test Num : 20
Inject into ../bin/hello
----- Type : 1_bit_0 Pos : PT_F40 -----
There are 1 faults will be injected in faulttable...
101142 microseconds
Fault on PT_F40(0X7f282cb48ee0 -> 0X7f082cb48ee0)
22 microseconds
[2016-10-27 10:15:37]Process 31926 termed with signal 11(SIGSEGV)
PT_F40-1_bit_0-100 Test Num : 21
Inject into ../bin/hello
----- Type : 1_bit_0 Pos : PT_F40 -----
There are 1 faults will be injected in faulttable...
101120 microseconds
Fault on PT_F40(0X7fcf147f7ee0 -> 0X7fcf147f7ee0)
3000077 microseconds
timeout
[2016-10-27 10:15:40]Process 31928 termed with signal 14(SIGALRM)
PT_F40-1_bit_0-100 Test Num : 22
Inject into ../bin/hello
----- Type : 1_bit_0 Pos : PT_F40 -----
There are 1 faults will be injected in faulttable...
101159 microseconds
Fault on PT_F40(0X7f4206fdbee0 -> 0X7f4206fdbee0)
3000077 microseconds
timeout
[2016-10-27 10:15:43]Process 31930 termed with signal 14(SIGALRM)
PT_F40-1_bit_0-100 Test Num : 23
Inject into ../bin/hello
----- Type : 1_bit_0 Pos : PT_F40 -----
There are 1 faults will be injected in faulttable...
100282 microseconds
Fault on PT_F40(0X7f3a57829ee0 -> 0X7f3a57829ce0)
17 microseconds
[2016-10-27 10:15:44]Process 31932 termed with signal 11(SIGSEGV)
PT_F40-1_bit_0-100 Test Num : 24
Inject into ../bin/hello
----- Type : 1_bit_0 Pos : PT_F40 -----
There are 1 faults will be injected in faulttable...
101029 microseconds
Fault on PT_F40(0X7ffa06dcdee0 -> 0X7ffa06dcdce0)
21 microseconds
[2016-10-27 10:15:44]Process 31934 termed with signal 11(SIGSEGV)
PT_F40-1_bit_0-100 Test Num : 25
Inject into ../bin/hello
----- Type : 1_bit_0 Pos : PT_F40 -----
There are 1 faults will be injected in faulttable...
101144 microseconds
Fault on PT_F40(0X7f5cbe610ee0 -> 0X7f5cbe610ce0)
19 microseconds
[2016-10-27 10:15:44]Process 31936 termed with signal 11(SIGSEGV)
PT_F40-1_bit_0-100 Test Num : 26
Inject into ../bin/hello
----- Type : 1_bit_0 Pos : PT_F40 -----
There are 1 faults will be injected in faulttable...
101716 microseconds
Fault on PT_F40(0X7fea6d48aee0 -> 0X7fea6d48ace0)
13 microseconds
[2016-10-27 10:15:44]Process 31938 termed with signal 11(SIGSEGV)
PT_F40-1_bit_0-100 Test Num : 27
Inject into ../bin/hello
----- Type : 1_bit_0 Pos : PT_F40 -----
There are 1 faults will be injected in faulttable...
101154 microseconds
Fault on PT_F40(0X7f6fa22feee0 -> 0X7f6fa22fece0)
14 microseconds
[2016-10-27 10:15:44]Process 31940 termed with signal 11(SIGSEGV)
PT_F40-1_bit_0-100 Test Num : 28
Inject into ../bin/hello
----- Type : 1_bit_0 Pos : PT_F40 -----
There are 1 faults will be injected in faulttable...
101248 microseconds
Fault on PT_F40(0X7ff123d4dee0 -> 0X7ff123d4dce0)
15 microseconds
[2016-10-27 10:15:44]Process 31942 termed with signal 11(SIGSEGV)
PT_F40-1_bit_0-100 Test Num : 29
Inject into ../bin/hello
----- Type : 1_bit_0 Pos : PT_F40 -----
There are 1 faults will be injected in faulttable...
101171 microseconds
Fault on PT_F40(0X7f0ba0105ee0 -> 0X7f0ba0105ce0)
23 microseconds
[2016-10-27 10:15:44]Process 31944 termed with signal 11(SIGSEGV)
PT_F40-1_bit_0-100 Test Num : 30
Inject into ../bin/hello
----- Type : 1_bit_0 Pos : PT_F40 -----
There are 1 faults will be injected in faulttable...
101093 microseconds
Fault on PT_F40(0X7fc527472ee0 -> 0X7fc527472ce0)
23 microseconds
[2016-10-27 10:15:44]Process 31946 termed with signal 11(SIGSEGV)
PT_F40-1_bit_0-100 Test Num : 31
Inject into ../bin/hello
----- Type : 1_bit_0 Pos : PT_F40 -----
There are 1 faults will be injected in faulttable...
101067 microseconds
Fault on PT_F40(0X7fe2d6175ee0 -> 0X7fe2d6175ce0)
15 microseconds
[2016-10-27 10:15:44]Process 31948 termed with signal 11(SIGSEGV)
PT_F40-1_bit_0-100 Test Num : 32
Inject into ../bin/hello
----- Type : 1_bit_0 Pos : PT_F40 -----
There are 1 faults will be injected in faulttable...
101185 microseconds
Fault on PT_F40(0X7ffa75d7aee0 -> 0X7ffa75d7aee0)
3000071 microseconds
timeout
[2016-10-27 10:15:48]Process 31950 termed with signal 14(SIGALRM)
PT_F40-1_bit_0-100 Test Num : 33
Inject into ../bin/hello
----- Type : 1_bit_0 Pos : PT_F40 -----
There are 1 faults will be injected in faulttable...
101215 microseconds
Fault on PT_F40(0X7fdfd7440ee0 -> 0X7fdfd7440ee0)
3000085 microseconds
timeout
[2016-10-27 10:15:51]Process 31952 termed with signal 14(SIGALRM)
PT_F40-1_bit_0-100 Test Num : 34
Inject into ../bin/hello
----- Type : 1_bit_0 Pos : PT_F40 -----
There are 1 faults will be injected in faulttable...
101148 microseconds
Fault on PT_F40(0X7f2518879ee0 -> 0X7f2518879ee0)
3000124 microseconds
timeout
[2016-10-27 10:15:54]Process 31954 termed with signal 14(SIGALRM)
PT_F40-1_bit_0-100 Test Num : 35
Inject into ../bin/hello
----- Type : 1_bit_0 Pos : PT_F40 -----
There are 1 faults will be injected in faulttable...
101147 microseconds
Fault on PT_F40(0X7fcd86feaee0 -> 0X7fcd86feaee0)
3000100 microseconds
timeout
[2016-10-27 10:15:57]Process 31961 termed with signal 14(SIGALRM)
PT_F40-1_bit_0-100 Test Num : 36
Inject into ../bin/hello
----- Type : 1_bit_0 Pos : PT_F40 -----
There are 1 faults will be injected in faulttable...
101359 microseconds
Fault on PT_F40(0X7f0e21a6bee0 -> 0X7f0e21a6bee0)
3000063 microseconds
timeout
[ 2016-10-27 10:16:0]Process 31963 termed with signal 14(SIGALRM)
PT_F40-1_bit_0-100 Test Num : 37
Inject into ../bin/hello
----- Type : 1_bit_0 Pos : PT_F40 -----
There are 1 faults will be injected in faulttable...
101125 microseconds
Fault on PT_F40(0X7f201ed5dee0 -> 0X7f201ed5dee0)
3000094 microseconds
timeout
[ 2016-10-27 10:16:3]Process 31972 termed with signal 14(SIGALRM)
PT_F40-1_bit_0-100 Test Num : 38
Inject into ../bin/hello
----- Type : 1_bit_0 Pos : PT_F40 -----
There are 1 faults will be injected in faulttable...
101392 microseconds
Fault on PT_F40(0X7ff207d17ee0 -> 0X7ff207d17ee0)
3000080 microseconds
timeout
[ 2016-10-27 10:16:6]Process 31974 termed with signal 14(SIGALRM)
PT_F40-1_bit_0-100 Test Num : 39
Inject into ../bin/hello
----- Type : 1_bit_0 Pos : PT_F40 -----
There are 1 faults will be injected in faulttable...
100076 microseconds
Fault on PT_F40(0X7f426e2edee0 -> 0X6f426e2edee0)
13 microseconds
[ 2016-10-27 10:16:6]Process 31977 termed with signal 11(SIGSEGV)
PT_F40-1_bit_0-100 Test Num : 40
Inject into ../bin/hello
----- Type : 1_bit_0 Pos : PT_F40 -----
There are 1 faults will be injected in faulttable...
100087 microseconds
Fault on PT_F40(0X7f20141c0ee0 -> 0X6f20141c0ee0)
19 microseconds
[ 2016-10-27 10:16:6]Process 31979 termed with signal 11(SIGSEGV)
PT_F40-1_bit_0-100 Test Num : 41
Inject into ../bin/hello
----- Type : 1_bit_0 Pos : PT_F40 -----
There are 1 faults will be injected in faulttable...
101372 microseconds
Fault on PT_F40(0X7f526be38ee0 -> 0X7f526be38ee0)
3000090 microseconds
timeout
[2016-10-27 10:16:10]Process 31981 termed with signal 14(SIGALRM)
PT_F40-1_bit_0-100 Test Num : 42
Inject into ../bin/hello
----- Type : 1_bit_0 Pos : PT_F40 -----
There are 1 faults will be injected in faulttable...
101093 microseconds
Fault on PT_F40(0X7fa944681ee0 -> 0X7fa944681ee0)
3000156 microseconds
timeout
[2016-10-27 10:16:13]Process 31983 termed with signal 14(SIGALRM)
PT_F40-1_bit_0-100 Test Num : 43
Inject into ../bin/hello
----- Type : 1_bit_0 Pos : PT_F40 -----
There are 1 faults will be injected in faulttable...
101176 microseconds
Fault on PT_F40(0X7fbf640adee0 -> 0X7fbf640adee0)
3000121 microseconds
timeout
[2016-10-27 10:16:16]Process 31992 termed with signal 14(SIGALRM)
PT_F40-1_bit_0-100 Test Num : 44
Inject into ../bin/hello
----- Type : 1_bit_0 Pos : PT_F40 -----
There are 1 faults will be injected in faulttable...
101135 microseconds
Fault on PT_F40(0X7f09f3c1dee0 -> 0X7f09f3c0dee0)
27 microseconds
[2016-10-27 10:16:16]Process 32015 termed with signal 11(SIGSEGV)
PT_F40-1_bit_0-100 Test Num : 45
Inject into ../bin/hello
----- Type : 1_bit_0 Pos : PT_F40 -----
There are 1 faults will be injected in faulttable...
100980 microseconds
Fault on PT_F40(0X7ff4e1ad6ee0 -> 0X7ff4e1ac6ee0)
22 microseconds
[2016-10-27 10:16:16]Process 32017 termed with signal 11(SIGSEGV)
PT_F40-1_bit_0-100 Test Num : 46
Inject into ../bin/hello
----- Type : 1_bit_0 Pos : PT_F40 -----
There are 1 faults will be injected in faulttable...
101058 microseconds
Fault on PT_F40(0X7f24afe1bee0 -> 0X7f24afe0bee0)
23 microseconds
[2016-10-27 10:16:16]Process 32019 termed with signal 11(SIGSEGV)
PT_F40-1_bit_0-100 Test Num : 47
Inject into ../bin/hello
----- Type : 1_bit_0 Pos : PT_F40 -----
There are 1 faults will be injected in faulttable...
100172 microseconds
Fault on PT_F40(0X7f96f0fd4ee0 -> 0X7f96f0fc4ee0)
36 microseconds
[2016-10-27 10:16:16]Process 32021 termed with signal 11(SIGSEGV)
PT_F40-1_bit_0-100 Test Num : 48
Inject into ../bin/hello
----- Type : 1_bit_0 Pos : PT_F40 -----
There are 1 faults will be injected in faulttable...
100985 microseconds
Fault on PT_F40(0X7f5f37e85ee0 -> 0X7f5f37e85ee0)
3000067 microseconds
timeout
[2016-10-27 10:16:19]Process 32023 termed with signal 14(SIGALRM)
PT_F40-1_bit_0-100 Test Num : 49
Inject into ../bin/hello
----- Type : 1_bit_0 Pos : PT_F40 -----
There are 1 faults will be injected in faulttable...
100152 microseconds
Fault on PT_F40(0X7f76c8905ee0 -> 0X7f74c8905ee0)
22 microseconds
[2016-10-27 10:16:19]Process 32039 termed with signal 11(SIGSEGV)
PT_F40-1_bit_0-100 Test Num : 50
Inject into ../bin/hello
----- Type : 1_bit_0 Pos : PT_F40 -----
There are 1 faults will be injected in faulttable...
100098 microseconds
Fault on PT_F40(0X7f12eb1d2ee0 -> 0X7f12eb1d2ee0)
3000105 microseconds
timeout
[2016-10-27 10:16:23]Process 32041 termed with signal 14(SIGALRM)
PT_F40-1_bit_0-100 Test Num : 51
Inject into ../bin/hello
----- Type : 1_bit_0 Pos : PT_F40 -----
There are 1 faults will be injected in faulttable...
101129 microseconds
Fault on PT_F40(0X7fc10bf9cee0 -> 0X7fc10bf9cee0)
3000069 microseconds
timeout
[2016-10-27 10:16:26]Process 32043 termed with signal 14(SIGALRM)
PT_F40-1_bit_0-100 Test Num : 52
Inject into ../bin/hello
----- Type : 1_bit_0 Pos : PT_F40 -----
There are 1 faults will be injected in faulttable...
101078 microseconds
Fault on PT_F40(0X7f906e988ee0 -> 0X7f906e988ee0)
3000172 microseconds
timeout
[2016-10-27 10:16:29]Process 32045 termed with signal 14(SIGALRM)
PT_F40-1_bit_0-100 Test Num : 53
Inject into ../bin/hello
----- Type : 1_bit_0 Pos : PT_F40 -----
There are 1 faults will be injected in faulttable...
101104 microseconds
Fault on PT_F40(0X7f359c289ee0 -> 0X7f359c289ee0)
3000079 microseconds
timeout
[2016-10-27 10:16:32]Process 32047 termed with signal 14(SIGALRM)
PT_F40-1_bit_0-100 Test Num : 54
Inject into ../bin/hello
----- Type : 1_bit_0 Pos : PT_F40 -----
There are 1 faults will be injected in faulttable...
101049 microseconds
Fault on PT_F40(0X7f7111164ee0 -> 0X7f7111164ee0)
3000101 microseconds
timeout
[2016-10-27 10:16:35]Process 32049 termed with signal 14(SIGALRM)
PT_F40-1_bit_0-100 Test Num : 55
Inject into ../bin/hello
----- Type : 1_bit_0 Pos : PT_F40 -----
There are 1 faults will be injected in faulttable...
101002 microseconds
Fault on PT_F40(0X7f695ec76ee0 -> 0X7f695ec76ee0)
3000095 microseconds
timeout
[2016-10-27 10:16:38]Process 32051 termed with signal 14(SIGALRM)
PT_F40-1_bit_0-100 Test Num : 56
Inject into ../bin/hello
----- Type : 1_bit_0 Pos : PT_F40 -----
There are 1 faults will be injected in faulttable...
101042 microseconds
Fault on PT_F40(0X7fbd61db0ee0 -> 0X7fbd61db0ae0)
3000167 microseconds
timeout
[2016-10-27 10:16:41]Process 32074 termed with signal 14(SIGALRM)
PT_F40-1_bit_0-100 Test Num : 57
Inject into ../bin/hello
----- Type : 1_bit_0 Pos : PT_F40 -----
There are 1 faults will be injected in faulttable...
100927 microseconds
Fault on PT_F40(0X7fd9afa99ee0 -> 0X7fd9afa996e0)
16 microseconds
[2016-10-27 10:16:41]Process 32076 termed with signal 11(SIGSEGV)
PT_F40-1_bit_0-100 Test Num : 58
Inject into ../bin/hello
----- Type : 1_bit_0 Pos : PT_F40 -----
There are 1 faults will be injected in faulttable...
100932 microseconds
Fault on PT_F40(0X7feeb459aee0 -> 0X7feeb459a6e0)
21 microseconds
[2016-10-27 10:16:41]Process 32078 termed with signal 11(SIGSEGV)
PT_F40-1_bit_0-100 Test Num : 59
Inject into ../bin/hello
----- Type : 1_bit_0 Pos : PT_F40 -----
There are 1 faults will be injected in faulttable...
100971 microseconds
Fault on PT_F40(0X7f3736dffee0 -> 0X7b3736dffee0)
16 microseconds
[2016-10-27 10:16:42]Process 32080 termed with signal 11(SIGSEGV)
PT_F40-1_bit_0-100 Test Num : 60
Inject into ../bin/hello
----- Type : 1_bit_0 Pos : PT_F40 -----
There are 1 faults will be injected in faulttable...
101042 microseconds
Fault on PT_F40(0X7f56f8eb7ee0 -> 0X7b56f8eb7ee0)
21 microseconds
[2016-10-27 10:16:42]Process 32082 termed with signal 11(SIGSEGV)
PT_F40-1_bit_0-100 Test Num : 61
Inject into ../bin/hello
----- Type : 1_bit_0 Pos : PT_F40 -----
There are 1 faults will be injected in faulttable...
101226 microseconds
Fault on PT_F40(0X7fbbcff51ee0 -> 0X7bbbcff51ee0)
12 microseconds
[2016-10-27 10:16:42]Process 32084 termed with signal 11(SIGSEGV)
PT_F40-1_bit_0-100 Test Num : 62
Inject into ../bin/hello
----- Type : 1_bit_0 Pos : PT_F40 -----
There are 1 faults will be injected in faulttable...
101013 microseconds
Fault on PT_F40(0X7fc2bd145ee0 -> 0X7bc2bd145ee0)
15 microseconds
[2016-10-27 10:16:42]Process 32086 termed with signal 11(SIGSEGV)
PT_F40-1_bit_0-100 Test Num : 63
Inject into ../bin/hello
----- Type : 1_bit_0 Pos : PT_F40 -----
There are 1 faults will be injected in faulttable...
100916 microseconds
Fault on PT_F40(0X7f4660fdaee0 -> 0X7b4660fdaee0)
13 microseconds
[2016-10-27 10:16:42]Process 32088 termed with signal 11(SIGSEGV)
PT_F40-1_bit_0-100 Test Num : 64
Inject into ../bin/hello
----- Type : 1_bit_0 Pos : PT_F40 -----
There are 1 faults will be injected in faulttable...
100983 microseconds
Fault on PT_F40(0X7f1e16d74ee0 -> 0X7b1e16d74ee0)
24 microseconds
[2016-10-27 10:16:42]Process 32090 termed with signal 11(SIGSEGV)
PT_F40-1_bit_0-100 Test Num : 65
Inject into ../bin/hello
----- Type : 1_bit_0 Pos : PT_F40 -----
There are 1 faults will be injected in faulttable...
101089 microseconds
Fault on PT_F40(0X7f51faca1ee0 -> 0X7b51faca1ee0)
22 microseconds
[2016-10-27 10:16:42]Process 32092 termed with signal 11(SIGSEGV)
PT_F40-1_bit_0-100 Test Num : 66
Inject into ../bin/hello
----- Type : 1_bit_0 Pos : PT_F40 -----
There are 1 faults will be injected in faulttable...
101222 microseconds
Fault on PT_F40(0X7f2ecd438ee0 -> 0X7b2ecd438ee0)
16 microseconds
[2016-10-27 10:16:42]Process 32094 termed with signal 11(SIGSEGV)
PT_F40-1_bit_0-100 Test Num : 67
Inject into ../bin/hello
----- Type : 1_bit_0 Pos : PT_F40 -----
There are 1 faults will be injected in faulttable...
101879 microseconds
Fault on PT_F40(0X7f978719fee0 -> 0X7b978719fee0)
209 microseconds
[2016-10-27 10:16:42]Process 32096 termed with signal 11(SIGSEGV)
PT_F40-1_bit_0-100 Test Num : 68
Inject into ../bin/hello
----- Type : 1_bit_0 Pos : PT_F40 -----
There are 1 faults will be injected in faulttable...
100098 microseconds
Fault on PT_F40(0X7f8327715ee0 -> 0X7f8327715ee0)
3000093 microseconds
timeout
[2016-10-27 10:16:46]Process 32098 termed with signal 14(SIGALRM)
PT_F40-1_bit_0-100 Test Num : 69
Inject into ../bin/hello
----- Type : 1_bit_0 Pos : PT_F40 -----
There are 1 faults will be injected in faulttable...
101341 microseconds
Fault on PT_F40(0X7eff174adee0 -> 0X7eff1748dee0)
64863 microseconds
[2016-10-27 10:16:46]Process 32100 termed with signal 11(SIGSEGV)
PT_F40-1_bit_0-100 Test Num : 70
Inject into ../bin/hello
----- Type : 1_bit_0 Pos : PT_F40 -----
There are 1 faults will be injected in faulttable...
100105 microseconds
Fault on PT_F40(0X7fef5e11bee0 -> 0X7fef5e11bee0)
3000098 microseconds
timeout
[2016-10-27 10:16:49]Process 32102 termed with signal 14(SIGALRM)
PT_F40-1_bit_0-100 Test Num : 71
Inject into ../bin/hello
----- Type : 1_bit_0 Pos : PT_F40 -----
There are 1 faults will be injected in faulttable...
101098 microseconds
Fault on PT_F40(0X7f267ae4bee0 -> 0X7d267ae4bee0)
20 microseconds
[2016-10-27 10:16:49]Process 32104 termed with signal 11(SIGSEGV)
PT_F40-1_bit_0-100 Test Num : 72
Inject into ../bin/hello
----- Type : 1_bit_0 Pos : PT_F40 -----
There are 1 faults will be injected in faulttable...
101171 microseconds
Fault on PT_F40(0X7f73969e3ee0 -> 0X7d73969e3ee0)
12 microseconds
[2016-10-27 10:16:49]Process 32106 termed with signal 11(SIGSEGV)
PT_F40-1_bit_0-100 Test Num : 73
Inject into ../bin/hello
----- Type : 1_bit_0 Pos : PT_F40 -----
There are 1 faults will be injected in faulttable...
101136 microseconds
Fault on PT_F40(0X7f480f8dfee0 -> 0X7d480f8dfee0)
15 microseconds
[2016-10-27 10:16:49]Process 32108 termed with signal 11(SIGSEGV)
PT_F40-1_bit_0-100 Test Num : 74
Inject into ../bin/hello
----- Type : 1_bit_0 Pos : PT_F40 -----
There are 1 faults will be injected in faulttable...
101148 microseconds
Fault on PT_F40(0X7f00d41dfee0 -> 0X7d00d41dfee0)
17 microseconds
[2016-10-27 10:16:49]Process 32110 termed with signal 11(SIGSEGV)
PT_F40-1_bit_0-100 Test Num : 75
Inject into ../bin/hello
----- Type : 1_bit_0 Pos : PT_F40 -----
There are 1 faults will be injected in faulttable...
101158 microseconds
Fault on PT_F40(0X7f6cd1060ee0 -> 0X7d6cd1060ee0)
21 microseconds
[2016-10-27 10:16:49]Process 32112 termed with signal 11(SIGSEGV)
PT_F40-1_bit_0-100 Test Num : 76
Inject into ../bin/hello
----- Type : 1_bit_0 Pos : PT_F40 -----
There are 1 faults will be injected in faulttable...
101164 microseconds
Fault on PT_F40(0X7fd1890c4ee0 -> 0X7dd1890c4ee0)
20 microseconds
[2016-10-27 10:16:49]Process 32114 termed with signal 11(SIGSEGV)
PT_F40-1_bit_0-100 Test Num : 77
Inject into ../bin/hello
----- Type : 1_bit_0 Pos : PT_F40 -----
There are 1 faults will be injected in faulttable...
101347 microseconds
Fault on PT_F40(0X7fbd2170cee0 -> 0X5fbd2170cee0)
25 microseconds
[2016-10-27 10:16:50]Process 32116 termed with signal 11(SIGSEGV)
PT_F40-1_bit_0-100 Test Num : 78
Inject into ../bin/hello
----- Type : 1_bit_0 Pos : PT_F40 -----
There are 1 faults will be injected in faulttable...
101363 microseconds
Fault on PT_F40(0X7fb075ff5ee0 -> 0X5fb075ff5ee0)
23 microseconds
[2016-10-27 10:16:50]Process 32118 termed with signal 11(SIGSEGV)
PT_F40-1_bit_0-100 Test Num : 79
Inject into ../bin/hello
----- Type : 1_bit_0 Pos : PT_F40 -----
There are 1 faults will be injected in faulttable...
101012 microseconds
Fault on PT_F40(0X7efeb22e1ee0 -> 0X5efeb22e1ee0)
23 microseconds
[2016-10-27 10:16:50]Process 32120 termed with signal 11(SIGSEGV)
PT_F40-1_bit_0-100 Test Num : 80
Inject into ../bin/hello
----- Type : 1_bit_0 Pos : PT_F40 -----
There are 1 faults will be injected in faulttable...
101072 microseconds
Fault on PT_F40(0X7f5e5582cee0 -> 0X5f5e5582cee0)
14 microseconds
[2016-10-27 10:16:50]Process 32122 termed with signal 11(SIGSEGV)
PT_F40-1_bit_0-100 Test Num : 81
Inject into ../bin/hello
----- Type : 1_bit_0 Pos : PT_F40 -----
There are 1 faults will be injected in faulttable...
101198 microseconds
Fault on PT_F40(0X7fe2e3daeee0 -> 0X5fe2e3daeee0)
16 microseconds
[2016-10-27 10:16:50]Process 32124 termed with signal 11(SIGSEGV)
PT_F40-1_bit_0-100 Test Num : 82
Inject into ../bin/hello
----- Type : 1_bit_0 Pos : PT_F40 -----
There are 1 faults will be injected in faulttable...
101199 microseconds
Fault on PT_F40(0X7fa84cfe0ee0 -> 0X5fa84cfe0ee0)
17 microseconds
[2016-10-27 10:16:50]Process 32126 termed with signal 11(SIGSEGV)
PT_F40-1_bit_0-100 Test Num : 83
Inject into ../bin/hello
----- Type : 1_bit_0 Pos : PT_F40 -----
There are 1 faults will be injected in faulttable...
100090 microseconds
Fault on PT_F40(0X7f4c5c29eee0 -> 0X5f4c5c29eee0)
15 microseconds
[2016-10-27 10:16:50]Process 32128 termed with signal 11(SIGSEGV)
PT_F40-1_bit_0-100 Test Num : 84
Inject into ../bin/hello
----- Type : 1_bit_0 Pos : PT_F40 -----
There are 1 faults will be injected in faulttable...
101205 microseconds
Fault on PT_F40(0X7f677aa45ee0 -> 0X5f677aa45ee0)
14 microseconds
[2016-10-27 10:16:50]Process 32130 termed with signal 11(SIGSEGV)
PT_F40-1_bit_0-100 Test Num : 85
Inject into ../bin/hello
----- Type : 1_bit_0 Pos : PT_F40 -----
There are 1 faults will be injected in faulttable...
101215 microseconds
Fault on PT_F40(0X7ff0183a3ee0 -> 0X5ff0183a3ee0)
23 microseconds
[2016-10-27 10:16:50]Process 32132 termed with signal 11(SIGSEGV)
PT_F40-1_bit_0-100 Test Num : 86
Inject into ../bin/hello
----- Type : 1_bit_0 Pos : PT_F40 -----
There are 1 faults will be injected in faulttable...
101095 microseconds
Fault on PT_F40(0X7f737e7f2ee0 -> 0X7f737e7f2ee0)
3000070 microseconds
timeout
[2016-10-27 10:16:54]Process 32134 termed with signal 14(SIGALRM)
PT_F40-1_bit_0-100 Test Num : 87
Inject into ../bin/hello
----- Type : 1_bit_0 Pos : PT_F40 -----
There are 1 faults will be injected in faulttable...
101197 microseconds
Fault on PT_F40(0X7fe10c30bee0 -> 0X7fe10c30bce0)
14 microseconds
[2016-10-27 10:16:54]Process 32136 termed with signal 11(SIGSEGV)
PT_F40-1_bit_0-100 Test Num : 88
Inject into ../bin/hello
----- Type : 1_bit_0 Pos : PT_F40 -----
There are 1 faults will be injected in faulttable...
101027 microseconds
Fault on PT_F40(0X7fb48b05cee0 -> 0X7fb48b05cce0)
15 microseconds
[2016-10-27 10:16:54]Process 32138 termed with signal 11(SIGSEGV)
PT_F40-1_bit_0-100 Test Num : 89
Inject into ../bin/hello
----- Type : 1_bit_0 Pos : PT_F40 -----
There are 1 faults will be injected in faulttable...
101234 microseconds
Fault on PT_F40(0X7f9c8829fee0 -> 0X7f9c8829fce0)
13 microseconds
[2016-10-27 10:16:54]Process 32140 termed with signal 11(SIGSEGV)
PT_F40-1_bit_0-100 Test Num : 90
Inject into ../bin/hello
----- Type : 1_bit_0 Pos : PT_F40 -----
There are 1 faults will be injected in faulttable...
100098 microseconds
Fault on PT_F40(0X7ff0735c8ee0 -> 0X7ff0735c8ce0)
17 microseconds
[2016-10-27 10:16:54]Process 32142 termed with signal 11(SIGSEGV)
PT_F40-1_bit_0-100 Test Num : 91
Inject into ../bin/hello
----- Type : 1_bit_0 Pos : PT_F40 -----
There are 1 faults will be injected in faulttable...
101087 microseconds
Fault on PT_F40(0X7fb7fbecfee0 -> 0X7fb7fbecfce0)
20 microseconds
[2016-10-27 10:16:54]Process 32144 termed with signal 11(SIGSEGV)
PT_F40-1_bit_0-100 Test Num : 92
Inject into ../bin/hello
----- Type : 1_bit_0 Pos : PT_F40 -----
There are 1 faults will be injected in faulttable...
101062 microseconds
Fault on PT_F40(0X7f5a31e03ee0 -> 0X7f5a31e03ce0)
23 microseconds
[2016-10-27 10:16:54]Process 32146 termed with signal 11(SIGSEGV)
PT_F40-1_bit_0-100 Test Num : 93
Inject into ../bin/hello
----- Type : 1_bit_0 Pos : PT_F40 -----
There are 1 faults will be injected in faulttable...
101471 microseconds
Fault on PT_F40(0X7fce1ee30ee0 -> 0X7fce1ee30ce0)
16 microseconds
[2016-10-27 10:16:54]Process 32148 termed with signal 11(SIGSEGV)
PT_F40-1_bit_0-100 Test Num : 94
Inject into ../bin/hello
----- Type : 1_bit_0 Pos : PT_F40 -----
There are 1 faults will be injected in faulttable...
101058 microseconds
Fault on PT_F40(0X7f0c17805ee0 -> 0X7f0c17805ce0)
21 microseconds
[2016-10-27 10:16:54]Process 32150 termed with signal 11(SIGSEGV)
PT_F40-1_bit_0-100 Test Num : 95
Inject into ../bin/hello
----- Type : 1_bit_0 Pos : PT_F40 -----
There are 1 faults will be injected in faulttable...
101474 microseconds
Fault on PT_F40(0X7efc3a5adee0 -> 0X7efc3a5adee0)
3000106 microseconds
timeout
[2016-10-27 10:16:58]Process 32152 termed with signal 14(SIGALRM)
PT_F40-1_bit_0-100 Test Num : 96
Inject into ../bin/hello
----- Type : 1_bit_0 Pos : PT_F40 -----
There are 1 faults will be injected in faulttable...
100921 microseconds
Fault on PT_F40(0X7fe238bd5ee0 -> 0X7fe230bd5ee0)
17 microseconds
[2016-10-27 10:16:58]Process 32154 termed with signal 11(SIGSEGV)
PT_F40-1_bit_0-100 Test Num : 97
Inject into ../bin/hello
----- Type : 1_bit_0 Pos : PT_F40 -----
There are 1 faults will be injected in faulttable...
100987 microseconds
Fault on PT_F40(0X7fb6a2529ee0 -> 0X7fb6a2529ee0)
3000105 microseconds
timeout
[ 2016-10-27 10:17:1]Process 32156 termed with signal 14(SIGALRM)
PT_F40-1_bit_0-100 Test Num : 98
Inject into ../bin/hello
----- Type : 1_bit_0 Pos : PT_F40 -----
There are 1 faults will be injected in faulttable...
100110 microseconds
Fault on PT_F40(0X7f352ef76ee0 -> 0X7f352ef76ee0)
3000126 microseconds
timeout
[ 2016-10-27 10:17:4]Process 32158 termed with signal 14(SIGALRM)
PT_F40-1_bit_0-100 Test Num : 99
Inject into ../bin/hello
----- Type : 1_bit_0 Pos : PT_F40 -----
There are 1 faults will be injected in faulttable...
101018 microseconds
Fault on PT_F40(0X7fbd49d41ee0 -> 0X7fbd49d41ee0)
3000095 microseconds
timeout
[ 2016-10-27 10:17:7]Process 32160 termed with signal 14(SIGALRM)
PT_F40-1_bit_0-100 Test Num : 100
Inject into ../bin/hello
----- Type : 1_bit_0 Pos : PT_F40 -----
There are 1 faults will be injected in faulttable...
101064 microseconds
Fault on PT_F40(0X7fdd5caadee0 -> 0X7fcd5caadee0)
14 microseconds
[ 2016-10-27 10:17:7]Process 32176 termed with signal 11(SIGSEGV)
