PT_F40-2_bit_1-100 Test Num : 1
Inject into ../bin/hello
----- Type : 2_bit_1 Pos : PT_F40 -----
There are 1 faults will be injected in faulttable...
101006 microseconds
Fault on PT_F40(0X7f373447eee0 -> 0X40007f37344feee0)
10 microseconds
[2016-10-27 10:19:29]Process 32710 termed with signal 11(SIGSEGV)
PT_F40-2_bit_1-100 Test Num : 2
Inject into ../bin/hello
----- Type : 2_bit_1 Pos : PT_F40 -----
There are 1 faults will be injected in faulttable...
101099 microseconds
Fault on PT_F40(0X7efe6ed91ee0 -> 0X7efe6ed91ee0)
3000092 microseconds
timeout
[2016-10-27 10:19:33]Process 32712 termed with signal 14(SIGALRM)
PT_F40-2_bit_1-100 Test Num : 3
Inject into ../bin/hello
----- Type : 2_bit_1 Pos : PT_F40 -----
There are 1 faults will be injected in faulttable...
101192 microseconds
Fault on PT_F40(0X7f87e217bee0 -> 0X207f87e217bee0)
14 microseconds
[2016-10-27 10:19:33]Process 32714 termed with signal 11(SIGSEGV)
PT_F40-2_bit_1-100 Test Num : 4
Inject into ../bin/hello
----- Type : 2_bit_1 Pos : PT_F40 -----
There are 1 faults will be injected in faulttable...
100108 microseconds
Fault on PT_F40(0X7fa2ab9c4ee0 -> 0X207fa2ab9c4ee0)
20 microseconds
[2016-10-27 10:19:33]Process 32716 termed with signal 11(SIGSEGV)
PT_F40-2_bit_1-100 Test Num : 5
Inject into ../bin/hello
----- Type : 2_bit_1 Pos : PT_F40 -----
There are 1 faults will be injected in faulttable...
101497 microseconds
Fault on PT_F40(0X7fab9a00fee0 -> 0X207fabba00fee0)
13 microseconds
[2016-10-27 10:19:33]Process 32718 termed with signal 11(SIGSEGV)
PT_F40-2_bit_1-100 Test Num : 6
Inject into ../bin/hello
----- Type : 2_bit_1 Pos : PT_F40 -----
There are 1 faults will be injected in faulttable...
101190 microseconds
Fault on PT_F40(0X7fda4c0a4ee0 -> 0X207fda6c0a4ee0)
11 microseconds
[2016-10-27 10:19:33]Process 32720 termed with signal 11(SIGSEGV)
PT_F40-2_bit_1-100 Test Num : 7
Inject into ../bin/hello
----- Type : 2_bit_1 Pos : PT_F40 -----
There are 1 faults will be injected in faulttable...
101228 microseconds
Fault on PT_F40(0X7f78a72c0ee0 -> 0X207f78a72c0ee0)
11 microseconds
[2016-10-27 10:19:33]Process 32722 termed with signal 11(SIGSEGV)
PT_F40-2_bit_1-100 Test Num : 8
Inject into ../bin/hello
----- Type : 2_bit_1 Pos : PT_F40 -----
There are 1 faults will be injected in faulttable...
101048 microseconds
Fault on PT_F40(0X7f933d1b7ee0 -> 0X207f933d1b7ee0)
12 microseconds
[2016-10-27 10:19:33]Process 32724 termed with signal 11(SIGSEGV)
PT_F40-2_bit_1-100 Test Num : 9
Inject into ../bin/hello
----- Type : 2_bit_1 Pos : PT_F40 -----
There are 1 faults will be injected in faulttable...
101163 microseconds
Fault on PT_F40(0X7f30d9d97ee0 -> 0X207f30f9d97ee0)
13 microseconds
[2016-10-27 10:19:33]Process 32726 termed with signal 11(SIGSEGV)
PT_F40-2_bit_1-100 Test Num : 10
Inject into ../bin/hello
----- Type : 2_bit_1 Pos : PT_F40 -----
There are 1 faults will be injected in faulttable...
101174 microseconds
Fault on PT_F40(0X7f0f2076cee0 -> 0X207f0f2076cee0)
18 microseconds
[2016-10-27 10:19:33]Process 32728 termed with signal 11(SIGSEGV)
PT_F40-2_bit_1-100 Test Num : 11
Inject into ../bin/hello
----- Type : 2_bit_1 Pos : PT_F40 -----
There are 1 faults will be injected in faulttable...
100964 microseconds
Fault on PT_F40(0X7f4fb8816ee0 -> 0X40087f4fb8816ee0)
20 microseconds
[2016-10-27 10:19:34]Process 32730 termed with signal 11(SIGSEGV)
PT_F40-2_bit_1-100 Test Num : 12
Inject into ../bin/hello
----- Type : 2_bit_1 Pos : PT_F40 -----
There are 1 faults will be injected in faulttable...
101276 microseconds
Fault on PT_F40(0X7f272870dee0 -> 0X40087f272870dee0)
13 microseconds
[2016-10-27 10:19:34]Process 32732 termed with signal 11(SIGSEGV)
PT_F40-2_bit_1-100 Test Num : 13
Inject into ../bin/hello
----- Type : 2_bit_1 Pos : PT_F40 -----
There are 1 faults will be injected in faulttable...
101068 microseconds
Fault on PT_F40(0X7fbc56d91ee0 -> 0X40087fbc56d91ee0)
10 microseconds
[2016-10-27 10:19:34]Process 32734 termed with signal 11(SIGSEGV)
PT_F40-2_bit_1-100 Test Num : 14
Inject into ../bin/hello
----- Type : 2_bit_1 Pos : PT_F40 -----
There are 1 faults will be injected in faulttable...
101209 microseconds
Fault on PT_F40(0X7f2e0f621ee0 -> 0X40087f2e0f621ee0)
13 microseconds
[2016-10-27 10:19:34]Process 32736 termed with signal 11(SIGSEGV)
PT_F40-2_bit_1-100 Test Num : 15
Inject into ../bin/hello
----- Type : 2_bit_1 Pos : PT_F40 -----
There are 1 faults will be injected in faulttable...
100105 microseconds
Fault on PT_F40(0X7f4ecb0d6ee0 -> 0X40087f4ecb0d6ee0)
17 microseconds
[2016-10-27 10:19:34]Process 32738 termed with signal 11(SIGSEGV)
PT_F40-2_bit_1-100 Test Num : 16
Inject into ../bin/hello
----- Type : 2_bit_1 Pos : PT_F40 -----
There are 1 faults will be injected in faulttable...
100127 microseconds
Fault on PT_F40(0X7f780ceadee0 -> 0X40087f780ceadee0)
13 microseconds
[2016-10-27 10:19:34]Process 32740 termed with signal 11(SIGSEGV)
PT_F40-2_bit_1-100 Test Num : 17
Inject into ../bin/hello
----- Type : 2_bit_1 Pos : PT_F40 -----
There are 1 faults will be injected in faulttable...
101101 microseconds
Fault on PT_F40(0X7ff761230ee0 -> 0X40087ff761230ee0)
20 microseconds
[2016-10-27 10:19:34]Process 32742 termed with signal 11(SIGSEGV)
PT_F40-2_bit_1-100 Test Num : 18
Inject into ../bin/hello
----- Type : 2_bit_1 Pos : PT_F40 -----
There are 1 faults will be injected in faulttable...
101174 microseconds
Fault on PT_F40(0X7f0b960bdee0 -> 0X40087f0b960bdee0)
10 microseconds
[2016-10-27 10:19:34]Process 32744 termed with signal 11(SIGSEGV)
PT_F40-2_bit_1-100 Test Num : 19
Inject into ../bin/hello
----- Type : 2_bit_1 Pos : PT_F40 -----
There are 1 faults will be injected in faulttable...
100977 microseconds
Fault on PT_F40(0X7f3048215ee0 -> 0X40087f3048215ee0)
12 microseconds
[2016-10-27 10:19:34]Process 32746 termed with signal 11(SIGSEGV)
PT_F40-2_bit_1-100 Test Num : 20
Inject into ../bin/hello
----- Type : 2_bit_1 Pos : PT_F40 -----
There are 1 faults will be injected in faulttable...
101007 microseconds
Fault on PT_F40(0X7f7293181ee0 -> 0X8007f7293181ee0)
12 microseconds
[2016-10-27 10:19:35]Process 32748 termed with signal 11(SIGSEGV)
PT_F40-2_bit_1-100 Test Num : 21
Inject into ../bin/hello
----- Type : 2_bit_1 Pos : PT_F40 -----
There are 1 faults will be injected in faulttable...
101100 microseconds
Fault on PT_F40(0X7fd2b4cfaee0 -> 0X8007fd2b4cfaee0)
12 microseconds
[2016-10-27 10:19:35]Process 32750 termed with signal 11(SIGSEGV)
PT_F40-2_bit_1-100 Test Num : 22
Inject into ../bin/hello
----- Type : 2_bit_1 Pos : PT_F40 -----
There are 1 faults will be injected in faulttable...
101096 microseconds
Fault on PT_F40(0X7fc2a9de4ee0 -> 0X8007fc2a9de4ee0)
13 microseconds
[2016-10-27 10:19:35]Process 32757 termed with signal 11(SIGSEGV)
PT_F40-2_bit_1-100 Test Num : 23
Inject into ../bin/hello
----- Type : 2_bit_1 Pos : PT_F40 -----
There are 1 faults will be injected in faulttable...
100140 microseconds
Fault on PT_F40(0X7f4c15589ee0 -> 0X8007f4c15589ee0)
18 microseconds
[2016-10-27 10:19:35]Process 32759 termed with signal 11(SIGSEGV)
PT_F40-2_bit_1-100 Test Num : 24
Inject into ../bin/hello
----- Type : 2_bit_1 Pos : PT_F40 -----
There are 1 faults will be injected in faulttable...
100998 microseconds
Fault on PT_F40(0X7fb425d85ee0 -> 0X8007fb425d85ee0)
11 microseconds
[2016-10-27 10:19:35]Process 32761 termed with signal 11(SIGSEGV)
PT_F40-2_bit_1-100 Test Num : 25
Inject into ../bin/hello
----- Type : 2_bit_1 Pos : PT_F40 -----
There are 1 faults will be injected in faulttable...
101845 microseconds
Fault on PT_F40(0X7f4390bc7ee0 -> 0X8007f4390bc7ee0)
529 microseconds
[2016-10-27 10:19:35]Process 32763 termed with signal 11(SIGSEGV)
PT_F40-2_bit_1-100 Test Num : 26
Inject into ../bin/hello
----- Type : 2_bit_1 Pos : PT_F40 -----
There are 1 faults will be injected in faulttable...
101275 microseconds
Fault on PT_F40(0X7fb570405ee0 -> 0X8007fb570405ee0)
12 microseconds
[2016-10-27 10:19:35]Process 301 termed with signal 11(SIGSEGV)
PT_F40-2_bit_1-100 Test Num : 27
Inject into ../bin/hello
----- Type : 2_bit_1 Pos : PT_F40 -----
There are 1 faults will be injected in faulttable...
101170 microseconds
Fault on PT_F40(0X7f062d791ee0 -> 0X8007f062d791ee0)
20 microseconds
[2016-10-27 10:19:35]Process 303 termed with signal 11(SIGSEGV)
PT_F40-2_bit_1-100 Test Num : 28
Inject into ../bin/hello
----- Type : 2_bit_1 Pos : PT_F40 -----
There are 1 faults will be injected in faulttable...
101202 microseconds
Fault on PT_F40(0X7f320000dee0 -> 0X8007f320000dee0)
21 microseconds
[2016-10-27 10:19:35]Process 305 termed with signal 11(SIGSEGV)
PT_F40-2_bit_1-100 Test Num : 29
Inject into ../bin/hello
----- Type : 2_bit_1 Pos : PT_F40 -----
There are 1 faults will be injected in faulttable...
101231 microseconds
Fault on PT_F40(0X7f80214f1ee0 -> 0X1007f80214f1ee0)
15 microseconds
[2016-10-27 10:19:36]Process 307 termed with signal 11(SIGSEGV)
PT_F40-2_bit_1-100 Test Num : 30
Inject into ../bin/hello
----- Type : 2_bit_1 Pos : PT_F40 -----
There are 1 faults will be injected in faulttable...
100935 microseconds
Fault on PT_F40(0X7f27fb40aee0 -> 0X1007f27fb40aee0)
16 microseconds
[2016-10-27 10:19:36]Process 313 termed with signal 11(SIGSEGV)
PT_F40-2_bit_1-100 Test Num : 31
Inject into ../bin/hello
----- Type : 2_bit_1 Pos : PT_F40 -----
There are 1 faults will be injected in faulttable...
101034 microseconds
Fault on PT_F40(0X7f94a1baeee0 -> 0X1007f94a1baeee0)
12 microseconds
[2016-10-27 10:19:36]Process 315 termed with signal 11(SIGSEGV)
PT_F40-2_bit_1-100 Test Num : 32
Inject into ../bin/hello
----- Type : 2_bit_1 Pos : PT_F40 -----
There are 1 faults will be injected in faulttable...
101045 microseconds
Fault on PT_F40(0X7f54fd315ee0 -> 0X1007f54fd315ee0)
16 microseconds
[2016-10-27 10:19:36]Process 317 termed with signal 11(SIGSEGV)
PT_F40-2_bit_1-100 Test Num : 33
Inject into ../bin/hello
----- Type : 2_bit_1 Pos : PT_F40 -----
There are 1 faults will be injected in faulttable...
101195 microseconds
Fault on PT_F40(0X7f6d8413dee0 -> 0X1007f6d8413dee0)
19 microseconds
[2016-10-27 10:19:36]Process 319 termed with signal 11(SIGSEGV)
PT_F40-2_bit_1-100 Test Num : 34
Inject into ../bin/hello
----- Type : 2_bit_1 Pos : PT_F40 -----
There are 1 faults will be injected in faulttable...
100094 microseconds
Fault on PT_F40(0X7ff9424b7ee0 -> 0X1007ff9424b7ee0)
12 microseconds
[2016-10-27 10:19:36]Process 321 termed with signal 11(SIGSEGV)
PT_F40-2_bit_1-100 Test Num : 35
Inject into ../bin/hello
----- Type : 2_bit_1 Pos : PT_F40 -----
There are 1 faults will be injected in faulttable...
101312 microseconds
Fault on PT_F40(0X7fef706a0ee0 -> 0X1007fef706a0ee0)
13 microseconds
[2016-10-27 10:19:36]Process 323 termed with signal 11(SIGSEGV)
PT_F40-2_bit_1-100 Test Num : 36
Inject into ../bin/hello
----- Type : 2_bit_1 Pos : PT_F40 -----
There are 1 faults will be injected in faulttable...
101200 microseconds
Fault on PT_F40(0X7f3e0106bee0 -> 0X1007f3e0106bee0)
21 microseconds
[2016-10-27 10:19:36]Process 330 termed with signal 11(SIGSEGV)
PT_F40-2_bit_1-100 Test Num : 37
Inject into ../bin/hello
----- Type : 2_bit_1 Pos : PT_F40 -----
There are 1 faults will be injected in faulttable...
100361 microseconds
Fault on PT_F40(0X7fa6c47b4ee0 -> 0X1007fa6c47b4ee0)
15 microseconds
[2016-10-27 10:19:36]Process 332 termed with signal 11(SIGSEGV)
PT_F40-2_bit_1-100 Test Num : 38
Inject into ../bin/hello
----- Type : 2_bit_1 Pos : PT_F40 -----
There are 1 faults will be injected in faulttable...
100997 microseconds
Fault on PT_F40(0X7f117cc1bee0 -> 0X7f317cc5bee0)
15 microseconds
[2016-10-27 10:19:37]Process 334 termed with signal 11(SIGSEGV)
PT_F40-2_bit_1-100 Test Num : 39
Inject into ../bin/hello
----- Type : 2_bit_1 Pos : PT_F40 -----
There are 1 faults will be injected in faulttable...
101101 microseconds
Fault on PT_F40(0X7f56a7574ee0 -> 0X7f76a7574ee0)
20 microseconds
[2016-10-27 10:19:37]Process 336 termed with signal 11(SIGSEGV)
PT_F40-2_bit_1-100 Test Num : 40
Inject into ../bin/hello
----- Type : 2_bit_1 Pos : PT_F40 -----
There are 1 faults will be injected in faulttable...
100965 microseconds
Fault on PT_F40(0X7feec1f8fee0 -> 0X7feec1fcfee0)
17 microseconds
[2016-10-27 10:19:37]Process 339 termed with signal 11(SIGSEGV)
PT_F40-2_bit_1-100 Test Num : 41
Inject into ../bin/hello
----- Type : 2_bit_1 Pos : PT_F40 -----
There are 1 faults will be injected in faulttable...
101005 microseconds
Fault on PT_F40(0X7ff071e68ee0 -> 0X7ff071e68ee0)
3000084 microseconds
timeout
[2016-10-27 10:19:40]Process 341 termed with signal 14(SIGALRM)
PT_F40-2_bit_1-100 Test Num : 42
Inject into ../bin/hello
----- Type : 2_bit_1 Pos : PT_F40 -----
There are 1 faults will be injected in faulttable...
101538 microseconds
Fault on PT_F40(0X7f2241c11ee0 -> 0X8007f2241c11ee8)
20 microseconds
[2016-10-27 10:19:40]Process 353 termed with signal 11(SIGSEGV)
PT_F40-2_bit_1-100 Test Num : 43
Inject into ../bin/hello
----- Type : 2_bit_1 Pos : PT_F40 -----
There are 1 faults will be injected in faulttable...
101289 microseconds
Fault on PT_F40(0X7fd8e3c57ee0 -> 0X8007fd8e3c57ee8)
20 microseconds
[2016-10-27 10:19:40]Process 355 termed with signal 11(SIGSEGV)
PT_F40-2_bit_1-100 Test Num : 44
Inject into ../bin/hello
----- Type : 2_bit_1 Pos : PT_F40 -----
There are 1 faults will be injected in faulttable...
101005 microseconds
Fault on PT_F40(0X7fbd0cb07ee0 -> 0X8007fbd0cb07ee8)
14 microseconds
[2016-10-27 10:19:40]Process 357 termed with signal 11(SIGSEGV)
PT_F40-2_bit_1-100 Test Num : 45
Inject into ../bin/hello
----- Type : 2_bit_1 Pos : PT_F40 -----
There are 1 faults will be injected in faulttable...
101300 microseconds
Fault on PT_F40(0X7f9e505d8ee0 -> 0X8007f9e505d8ee8)
21 microseconds
[2016-10-27 10:19:40]Process 359 termed with signal 11(SIGSEGV)
PT_F40-2_bit_1-100 Test Num : 46
Inject into ../bin/hello
----- Type : 2_bit_1 Pos : PT_F40 -----
There are 1 faults will be injected in faulttable...
101160 microseconds
Fault on PT_F40(0X7f181e279ee0 -> 0X8007f181e279ee8)
17 microseconds
[2016-10-27 10:19:40]Process 361 termed with signal 11(SIGSEGV)
PT_F40-2_bit_1-100 Test Num : 47
Inject into ../bin/hello
----- Type : 2_bit_1 Pos : PT_F40 -----
There are 1 faults will be injected in faulttable...
101232 microseconds
Fault on PT_F40(0X7f5b79407ee0 -> 0X7f5b79417ee0)
40 microseconds
[2016-10-27 10:19:41]Process 363 termed with signal 4(SIGILL)
PT_F40-2_bit_1-100 Test Num : 48
Inject into ../bin/hello
----- Type : 2_bit_1 Pos : PT_F40 -----
There are 1 faults will be injected in faulttable...
101146 microseconds
Fault on PT_F40(0X7f8d8f88dee0 -> 0X7f8d9f89dee0)
23 microseconds
[2016-10-27 10:19:41]Process 365 termed with signal 11(SIGSEGV)
PT_F40-2_bit_1-100 Test Num : 49
Inject into ../bin/hello
----- Type : 2_bit_1 Pos : PT_F40 -----
There are 1 faults will be injected in faulttable...
101648 microseconds
Fault on PT_F40(0X7fa255880ee0 -> 0X7fa255890ee0)
38 microseconds
[2016-10-27 10:19:41]Process 367 termed with signal 4(SIGILL)
PT_F40-2_bit_1-100 Test Num : 50
Inject into ../bin/hello
----- Type : 2_bit_1 Pos : PT_F40 -----
There are 1 faults will be injected in faulttable...
101431 microseconds
Fault on PT_F40(0X7f0ffb574ee0 -> 0X7f0ffb574ee0)
3000068 microseconds
timeout
[2016-10-27 10:19:44]Process 369 termed with signal 14(SIGALRM)
PT_F40-2_bit_1-100 Test Num : 51
Inject into ../bin/hello
----- Type : 2_bit_1 Pos : PT_F40 -----
There are 1 faults will be injected in faulttable...
101259 microseconds
Fault on PT_F40(0X7f436ba79ee0 -> 0X107fc36ba79ee0)
21 microseconds
[2016-10-27 10:19:44]Process 371 termed with signal 11(SIGSEGV)
PT_F40-2_bit_1-100 Test Num : 52
Inject into ../bin/hello
----- Type : 2_bit_1 Pos : PT_F40 -----
There are 1 faults will be injected in faulttable...
101130 microseconds
Fault on PT_F40(0X7f8e9b99cee0 -> 0X107f8e9b99cee0)
22 microseconds
[2016-10-27 10:19:44]Process 373 termed with signal 11(SIGSEGV)
PT_F40-2_bit_1-100 Test Num : 53
Inject into ../bin/hello
----- Type : 2_bit_1 Pos : PT_F40 -----
There are 1 faults will be injected in faulttable...
101212 microseconds
Fault on PT_F40(0X7f2b45548ee0 -> 0X107fab45548ee0)
24 microseconds
[2016-10-27 10:19:44]Process 375 termed with signal 11(SIGSEGV)
PT_F40-2_bit_1-100 Test Num : 54
Inject into ../bin/hello
----- Type : 2_bit_1 Pos : PT_F40 -----
There are 1 faults will be injected in faulttable...
101481 microseconds
Fault on PT_F40(0X7f4a9ef15ee0 -> 0X107fca9ef15ee0)
23 microseconds
[2016-10-27 10:19:44]Process 377 termed with signal 11(SIGSEGV)
PT_F40-2_bit_1-100 Test Num : 55
Inject into ../bin/hello
----- Type : 2_bit_1 Pos : PT_F40 -----
There are 1 faults will be injected in faulttable...
101515 microseconds
Fault on PT_F40(0X7f2cefaa6ee0 -> 0X107facefaa6ee0)
16 microseconds
[2016-10-27 10:19:44]Process 379 termed with signal 11(SIGSEGV)
PT_F40-2_bit_1-100 Test Num : 56
Inject into ../bin/hello
----- Type : 2_bit_1 Pos : PT_F40 -----
There are 1 faults will be injected in faulttable...
101083 microseconds
Fault on PT_F40(0X7feb61de9ee0 -> 0X7feb69de9ee0)
19 microseconds
[2016-10-27 10:19:45]Process 381 termed with signal 11(SIGSEGV)
PT_F40-2_bit_1-100 Test Num : 57
Inject into ../bin/hello
----- Type : 2_bit_1 Pos : PT_F40 -----
There are 1 faults will be injected in faulttable...
101214 microseconds
Fault on PT_F40(0X7fb162eceee0 -> 0X7fb16aeceee0)
12 microseconds
[2016-10-27 10:19:45]Process 383 termed with signal 11(SIGSEGV)
PT_F40-2_bit_1-100 Test Num : 58
Inject into ../bin/hello
----- Type : 2_bit_1 Pos : PT_F40 -----
There are 1 faults will be injected in faulttable...
101134 microseconds
Fault on PT_F40(0X7fde13dc9ee0 -> 0X7fde1bdc9ee0)
14 microseconds
[2016-10-27 10:19:45]Process 385 termed with signal 11(SIGSEGV)
PT_F40-2_bit_1-100 Test Num : 59
Inject into ../bin/hello
----- Type : 2_bit_1 Pos : PT_F40 -----
There are 1 faults will be injected in faulttable...
101186 microseconds
Fault on PT_F40(0X7f37af425ee0 -> 0X7f37af425ee0)
3000094 microseconds
timeout
[2016-10-27 10:19:48]Process 387 termed with signal 14(SIGALRM)
PT_F40-2_bit_1-100 Test Num : 60
Inject into ../bin/hello
----- Type : 2_bit_1 Pos : PT_F40 -----
There are 1 faults will be injected in faulttable...
100976 microseconds
Fault on PT_F40(0X7f98da13cee0 -> 0X7f98da13cee0)
3000083 microseconds
timeout
[2016-10-27 10:19:51]Process 389 termed with signal 14(SIGALRM)
PT_F40-2_bit_1-100 Test Num : 61
Inject into ../bin/hello
----- Type : 2_bit_1 Pos : PT_F40 -----
There are 1 faults will be injected in faulttable...
100941 microseconds
Fault on PT_F40(0X7fd9ebc90ee0 -> 0X40007fdbebc90ee0)
12 microseconds
[2016-10-27 10:19:51]Process 392 termed with signal 11(SIGSEGV)
PT_F40-2_bit_1-100 Test Num : 62
Inject into ../bin/hello
----- Type : 2_bit_1 Pos : PT_F40 -----
There are 1 faults will be injected in faulttable...
101226 microseconds
Fault on PT_F40(0X7f01d4fc8ee0 -> 0X40007f03d4fc8ee0)
11 microseconds
[2016-10-27 10:19:51]Process 394 termed with signal 11(SIGSEGV)
PT_F40-2_bit_1-100 Test Num : 63
Inject into ../bin/hello
----- Type : 2_bit_1 Pos : PT_F40 -----
There are 1 faults will be injected in faulttable...
100911 microseconds
Fault on PT_F40(0X7f319b840ee0 -> 0X40007f339b840ee0)
13 microseconds
[2016-10-27 10:19:51]Process 396 termed with signal 11(SIGSEGV)
PT_F40-2_bit_1-100 Test Num : 64
Inject into ../bin/hello
----- Type : 2_bit_1 Pos : PT_F40 -----
There are 1 faults will be injected in faulttable...
100992 microseconds
Fault on PT_F40(0X7f08a0332ee0 -> 0X40007f0aa0332ee0)
17 microseconds
[2016-10-27 10:19:51]Process 398 termed with signal 11(SIGSEGV)
PT_F40-2_bit_1-100 Test Num : 65
Inject into ../bin/hello
----- Type : 2_bit_1 Pos : PT_F40 -----
There are 1 faults will be injected in faulttable...
100948 microseconds
Fault on PT_F40(0X7fdf5a40eee0 -> 0X207fdf5a40fee0)
12 microseconds
[2016-10-27 10:19:52]Process 400 termed with signal 11(SIGSEGV)
PT_F40-2_bit_1-100 Test Num : 66
Inject into ../bin/hello
----- Type : 2_bit_1 Pos : PT_F40 -----
There are 1 faults will be injected in faulttable...
101225 microseconds
Fault on PT_F40(0X7ffb94322ee0 -> 0X207ffb94323ee0)
13 microseconds
[2016-10-27 10:19:52]Process 402 termed with signal 11(SIGSEGV)
PT_F40-2_bit_1-100 Test Num : 67
Inject into ../bin/hello
----- Type : 2_bit_1 Pos : PT_F40 -----
There are 1 faults will be injected in faulttable...
100896 microseconds
Fault on PT_F40(0X7f9eb9a09ee0 -> 0X207f9eb9a09ee0)
17 microseconds
[2016-10-27 10:19:52]Process 404 termed with signal 11(SIGSEGV)
PT_F40-2_bit_1-100 Test Num : 68
Inject into ../bin/hello
----- Type : 2_bit_1 Pos : PT_F40 -----
There are 1 faults will be injected in faulttable...
101060 microseconds
Fault on PT_F40(0X7f2640dbfee0 -> 0X207f2640dbfee0)
13 microseconds
[2016-10-27 10:19:52]Process 406 termed with signal 11(SIGSEGV)
PT_F40-2_bit_1-100 Test Num : 69
Inject into ../bin/hello
----- Type : 2_bit_1 Pos : PT_F40 -----
There are 1 faults will be injected in faulttable...
100084 microseconds
Fault on PT_F40(0X7fecfdd22ee0 -> 0X207fecfdd23ee0)
11 microseconds
[2016-10-27 10:19:52]Process 408 termed with signal 11(SIGSEGV)
PT_F40-2_bit_1-100 Test Num : 70
Inject into ../bin/hello
----- Type : 2_bit_1 Pos : PT_F40 -----
There are 1 faults will be injected in faulttable...
101050 microseconds
Fault on PT_F40(0X7f3d17230ee0 -> 0X207f3d17231ee0)
10 microseconds
[2016-10-27 10:19:52]Process 410 termed with signal 11(SIGSEGV)
PT_F40-2_bit_1-100 Test Num : 71
Inject into ../bin/hello
----- Type : 2_bit_1 Pos : PT_F40 -----
There are 1 faults will be injected in faulttable...
100970 microseconds
Fault on PT_F40(0X7f80e3859ee0 -> 0X207f80e3859ee0)
12 microseconds
[2016-10-27 10:19:52]Process 412 termed with signal 11(SIGSEGV)
PT_F40-2_bit_1-100 Test Num : 72
Inject into ../bin/hello
----- Type : 2_bit_1 Pos : PT_F40 -----
There are 1 faults will be injected in faulttable...
101035 microseconds
Fault on PT_F40(0X7f1761be0ee0 -> 0X207f1761be1ee0)
14 microseconds
[2016-10-27 10:19:52]Process 414 termed with signal 11(SIGSEGV)
PT_F40-2_bit_1-100 Test Num : 73
Inject into ../bin/hello
----- Type : 2_bit_1 Pos : PT_F40 -----
There are 1 faults will be injected in faulttable...
100993 microseconds
Fault on PT_F40(0X7ff19bd71ee0 -> 0X207ff19bd71ee0)
13 microseconds
[2016-10-27 10:19:52]Process 416 termed with signal 11(SIGSEGV)
PT_F40-2_bit_1-100 Test Num : 74
Inject into ../bin/hello
----- Type : 2_bit_1 Pos : PT_F40 -----
There are 1 faults will be injected in faulttable...
101094 microseconds
Fault on PT_F40(0X7f75f6d73ee0 -> 0X27f75f6d73ee4)
19 microseconds
[2016-10-27 10:19:53]Process 418 termed with signal 11(SIGSEGV)
PT_F40-2_bit_1-100 Test Num : 75
Inject into ../bin/hello
----- Type : 2_bit_1 Pos : PT_F40 -----
There are 1 faults will be injected in faulttable...
100109 microseconds
Fault on PT_F40(0X7f5d68fa7ee0 -> 0X27f5d68fa7ee4)
14 microseconds
[2016-10-27 10:19:53]Process 420 termed with signal 11(SIGSEGV)
PT_F40-2_bit_1-100 Test Num : 76
Inject into ../bin/hello
----- Type : 2_bit_1 Pos : PT_F40 -----
There are 1 faults will be injected in faulttable...
101311 microseconds
Fault on PT_F40(0X7f9e6f1bfee0 -> 0X27f9e6f1bfee4)
12 microseconds
[2016-10-27 10:19:53]Process 422 termed with signal 11(SIGSEGV)
PT_F40-2_bit_1-100 Test Num : 77
Inject into ../bin/hello
----- Type : 2_bit_1 Pos : PT_F40 -----
There are 1 faults will be injected in faulttable...
100197 microseconds
Fault on PT_F40(0X7f45b024fee0 -> 0X27f45b024fee4)
17 microseconds
[2016-10-27 10:19:53]Process 424 termed with signal 11(SIGSEGV)
PT_F40-2_bit_1-100 Test Num : 78
Inject into ../bin/hello
----- Type : 2_bit_1 Pos : PT_F40 -----
There are 1 faults will be injected in faulttable...
100952 microseconds
Fault on PT_F40(0X7f8f53039ee0 -> 0X27f8f53039ee4)
12 microseconds
[2016-10-27 10:19:53]Process 426 termed with signal 11(SIGSEGV)
PT_F40-2_bit_1-100 Test Num : 79
Inject into ../bin/hello
----- Type : 2_bit_1 Pos : PT_F40 -----
There are 1 faults will be injected in faulttable...
100065 microseconds
Fault on PT_F40(0X7f8120aeaee0 -> 0X27f8120aeaee4)
10 microseconds
[2016-10-27 10:19:53]Process 428 termed with signal 11(SIGSEGV)
PT_F40-2_bit_1-100 Test Num : 80
Inject into ../bin/hello
----- Type : 2_bit_1 Pos : PT_F40 -----
There are 1 faults will be injected in faulttable...
100108 microseconds
Fault on PT_F40(0X7f11ca4b6ee0 -> 0X27f11ca4b6ee4)
13 microseconds
[2016-10-27 10:19:53]Process 430 termed with signal 11(SIGSEGV)
PT_F40-2_bit_1-100 Test Num : 81
Inject into ../bin/hello
----- Type : 2_bit_1 Pos : PT_F40 -----
There are 1 faults will be injected in faulttable...
100981 microseconds
Fault on PT_F40(0X7f9d94739ee0 -> 0X27f9d94739ee4)
12 microseconds
[2016-10-27 10:19:53]Process 432 termed with signal 11(SIGSEGV)
PT_F40-2_bit_1-100 Test Num : 82
Inject into ../bin/hello
----- Type : 2_bit_1 Pos : PT_F40 -----
There are 1 faults will be injected in faulttable...
100959 microseconds
Fault on PT_F40(0X7fc2e0c52ee0 -> 0X27fc2e0c52ee4)
11 microseconds
[2016-10-27 10:19:53]Process 434 termed with signal 11(SIGSEGV)
PT_F40-2_bit_1-100 Test Num : 83
Inject into ../bin/hello
----- Type : 2_bit_1 Pos : PT_F40 -----
There are 1 faults will be injected in faulttable...
102439 microseconds
Fault on PT_F40(0X7f6e0deceee0 -> 0X27f6e0deceee4)
15 microseconds
[2016-10-27 10:19:53]Process 436 termed with signal 11(SIGSEGV)
PT_F40-2_bit_1-100 Test Num : 84
Inject into ../bin/hello
----- Type : 2_bit_1 Pos : PT_F40 -----
There are 1 faults will be injected in faulttable...
100986 microseconds
Fault on PT_F40(0X7f5562e5cee0 -> 0X7f5572e5cef0)
13 microseconds
[2016-10-27 10:19:54]Process 444 termed with signal 11(SIGSEGV)
PT_F40-2_bit_1-100 Test Num : 85
Inject into ../bin/hello
----- Type : 2_bit_1 Pos : PT_F40 -----
There are 1 faults will be injected in faulttable...
101044 microseconds
Fault on PT_F40(0X7efc9572eee0 -> 0X7efc9572eef0)
12 microseconds
[2016-10-27 10:19:54]Process 447 termed with signal 11(SIGSEGV)
PT_F40-2_bit_1-100 Test Num : 86
Inject into ../bin/hello
----- Type : 2_bit_1 Pos : PT_F40 -----
There are 1 faults will be injected in faulttable...
101031 microseconds
Fault on PT_F40(0X7fd12241dee0 -> 0X7fd13241def0)
20 microseconds
[2016-10-27 10:19:54]Process 449 termed with signal 11(SIGSEGV)
PT_F40-2_bit_1-100 Test Num : 87
Inject into ../bin/hello
----- Type : 2_bit_1 Pos : PT_F40 -----
There are 1 faults will be injected in faulttable...
101089 microseconds
Fault on PT_F40(0X7feb41ed6ee0 -> 0X7feb51ed6ef0)
15 microseconds
[2016-10-27 10:19:54]Process 451 termed with signal 11(SIGSEGV)
PT_F40-2_bit_1-100 Test Num : 88
Inject into ../bin/hello
----- Type : 2_bit_1 Pos : PT_F40 -----
There are 1 faults will be injected in faulttable...
101056 microseconds
Fault on PT_F40(0X7f8c03389ee0 -> 0X7f8c13389ef0)
18 microseconds
[2016-10-27 10:19:54]Process 453 termed with signal 11(SIGSEGV)
PT_F40-2_bit_1-100 Test Num : 89
Inject into ../bin/hello
----- Type : 2_bit_1 Pos : PT_F40 -----
There are 1 faults will be injected in faulttable...
100101 microseconds
Fault on PT_F40(0X7f4d63ad9ee0 -> 0X7f4d73ad9ef0)
18 microseconds
[2016-10-27 10:19:54]Process 455 termed with signal 11(SIGSEGV)
PT_F40-2_bit_1-100 Test Num : 90
Inject into ../bin/hello
----- Type : 2_bit_1 Pos : PT_F40 -----
There are 1 faults will be injected in faulttable...
101039 microseconds
Fault on PT_F40(0X7f3194f56ee0 -> 0X7f3194f56ef0)
16 microseconds
[2016-10-27 10:19:54]Process 457 termed with signal 11(SIGSEGV)
PT_F40-2_bit_1-100 Test Num : 91
Inject into ../bin/hello
----- Type : 2_bit_1 Pos : PT_F40 -----
There are 1 faults will be injected in faulttable...
100948 microseconds
Fault on PT_F40(0X7fe6dfec9ee0 -> 0X7fe6dfec9ef0)
10 microseconds
[2016-10-27 10:19:54]Process 459 termed with signal 11(SIGSEGV)
PT_F40-2_bit_1-100 Test Num : 92
Inject into ../bin/hello
----- Type : 2_bit_1 Pos : PT_F40 -----
There are 1 faults will be injected in faulttable...
101050 microseconds
Fault on PT_F40(0X7f0d0c2edee0 -> 0X7f0d1c2edef0)
15 microseconds
[2016-10-27 10:19:54]Process 464 termed with signal 11(SIGSEGV)
PT_F40-2_bit_1-100 Test Num : 93
Inject into ../bin/hello
----- Type : 2_bit_1 Pos : PT_F40 -----
There are 1 faults will be injected in faulttable...
100984 microseconds
Fault on PT_F40(0X7f65eebd9ee0 -> 0X40407f65eebd9ee0)
12 microseconds
[2016-10-27 10:19:55]Process 466 termed with signal 11(SIGSEGV)
PT_F40-2_bit_1-100 Test Num : 94
Inject into ../bin/hello
----- Type : 2_bit_1 Pos : PT_F40 -----
There are 1 faults will be injected in faulttable...
101239 microseconds
Fault on PT_F40(0X7f385ea04ee0 -> 0X40407f385ea04ee0)
14 microseconds
[2016-10-27 10:19:55]Process 468 termed with signal 11(SIGSEGV)
PT_F40-2_bit_1-100 Test Num : 95
Inject into ../bin/hello
----- Type : 2_bit_1 Pos : PT_F40 -----
There are 1 faults will be injected in faulttable...
101370 microseconds
Fault on PT_F40(0X7fbaf7078ee0 -> 0X40407fbaf7078ee0)
9 microseconds
[2016-10-27 10:19:55]Process 471 termed with signal 11(SIGSEGV)
PT_F40-2_bit_1-100 Test Num : 96
Inject into ../bin/hello
----- Type : 2_bit_1 Pos : PT_F40 -----
There are 1 faults will be injected in faulttable...
100901 microseconds
Fault on PT_F40(0X7f90b6535ee0 -> 0X40407f90b6535ee0)
14 microseconds
[2016-10-27 10:19:55]Process 473 termed with signal 11(SIGSEGV)
PT_F40-2_bit_1-100 Test Num : 97
Inject into ../bin/hello
----- Type : 2_bit_1 Pos : PT_F40 -----
There are 1 faults will be injected in faulttable...
101326 microseconds
Fault on PT_F40(0X7f9f00552ee0 -> 0X40407f9f00552ee0)
11 microseconds
[2016-10-27 10:19:55]Process 475 termed with signal 11(SIGSEGV)
PT_F40-2_bit_1-100 Test Num : 98
Inject into ../bin/hello
----- Type : 2_bit_1 Pos : PT_F40 -----
There are 1 faults will be injected in faulttable...
101125 microseconds
Fault on PT_F40(0X7f30ccfc1ee0 -> 0X40407f30ccfc1ee0)
9 microseconds
[2016-10-27 10:19:55]Process 477 termed with signal 11(SIGSEGV)
PT_F40-2_bit_1-100 Test Num : 99
Inject into ../bin/hello
----- Type : 2_bit_1 Pos : PT_F40 -----
There are 1 faults will be injected in faulttable...
101452 microseconds
Fault on PT_F40(0X7fdc0cde7ee0 -> 0X40407fdc0cde7ee0)
20 microseconds
[2016-10-27 10:19:55]Process 479 termed with signal 11(SIGSEGV)
PT_F40-2_bit_1-100 Test Num : 100
Inject into ../bin/hello
----- Type : 2_bit_1 Pos : PT_F40 -----
There are 1 faults will be injected in faulttable...
101386 microseconds
Fault on PT_F40(0X7f8e17a1fee0 -> 0X40407f8e17a1fee0)
11 microseconds
[2016-10-27 10:19:55]Process 481 termed with signal 11(SIGSEGV)
