PT_F40-plus_1-100 Test Num : 1
Inject into ../bin/hello
----- Type : plus_1 Pos : PT_F40 -----
There are 1 faults will be injected in faulttable...
100120 microseconds
Fault on PT_F40(0X7f0fad273ee0 -> 0X7f0fad273ee1)
28 microseconds
[2016-10-27 10:20:54]Process 1573 termed with signal 4(SIGILL)
PT_F40-plus_1-100 Test Num : 2
Inject into ../bin/hello
----- Type : plus_1 Pos : PT_F40 -----
There are 1 faults will be injected in faulttable...
101342 microseconds
Fault on PT_F40(0X7f7dbbc65ee0 -> 0X7f7dbbc65ee1)
38 microseconds
[2016-10-27 10:20:54]Process 1575 termed with signal 4(SIGILL)
PT_F40-plus_1-100 Test Num : 3
Inject into ../bin/hello
----- Type : plus_1 Pos : PT_F40 -----
There are 1 faults will be injected in faulttable...
101482 microseconds
Fault on PT_F40(0X7f800630aee0 -> 0X7f800630aee1)
39 microseconds
[2016-10-27 10:20:54]Process 1577 termed with signal 4(SIGILL)
PT_F40-plus_1-100 Test Num : 4
Inject into ../bin/hello
----- Type : plus_1 Pos : PT_F40 -----
There are 1 faults will be injected in faulttable...
101633 microseconds
Fault on PT_F40(0X7f5d42062ee0 -> 0X7f5d42062ee1)
32 microseconds
[2016-10-27 10:20:54]Process 1579 termed with signal 4(SIGILL)
PT_F40-plus_1-100 Test Num : 5
Inject into ../bin/hello
----- Type : plus_1 Pos : PT_F40 -----
There are 1 faults will be injected in faulttable...
101087 microseconds
Fault on PT_F40(0X7ffa50e87ee0 -> 0X7ffa50e87ee1)
31 microseconds
[2016-10-27 10:20:54]Process 1581 termed with signal 4(SIGILL)
PT_F40-plus_1-100 Test Num : 6
Inject into ../bin/hello
----- Type : plus_1 Pos : PT_F40 -----
There are 1 faults will be injected in faulttable...
101105 microseconds
Fault on PT_F40(0X7f0638b9eee0 -> 0X7f0638b9eee1)
24 microseconds
[2016-10-27 10:20:54]Process 1583 termed with signal 4(SIGILL)
PT_F40-plus_1-100 Test Num : 7
Inject into ../bin/hello
----- Type : plus_1 Pos : PT_F40 -----
There are 1 faults will be injected in faulttable...
101179 microseconds
Fault on PT_F40(0X7ff0e04e4ee0 -> 0X7ff0e04e4ee1)
21 microseconds
[2016-10-27 10:20:54]Process 1585 termed with signal 4(SIGILL)
PT_F40-plus_1-100 Test Num : 8
Inject into ../bin/hello
----- Type : plus_1 Pos : PT_F40 -----
There are 1 faults will be injected in faulttable...
102048 microseconds
Fault on PT_F40(0X7fe09d018ee0 -> 0X7fe09d018ee1)
29 microseconds
[2016-10-27 10:20:54]Process 1587 termed with signal 4(SIGILL)
PT_F40-plus_1-100 Test Num : 9
Inject into ../bin/hello
----- Type : plus_1 Pos : PT_F40 -----
There are 1 faults will be injected in faulttable...
100962 microseconds
Fault on PT_F40(0X7f3becb27ee0 -> 0X7f3becb27ee1)
23 microseconds
[2016-10-27 10:20:54]Process 1589 termed with signal 4(SIGILL)
PT_F40-plus_1-100 Test Num : 10
Inject into ../bin/hello
----- Type : plus_1 Pos : PT_F40 -----
There are 1 faults will be injected in faulttable...
101191 microseconds
Fault on PT_F40(0X7f6436bb3ee0 -> 0X7f6436bb3ee1)
37 microseconds
[2016-10-27 10:20:55]Process 1596 termed with signal 4(SIGILL)
PT_F40-plus_1-100 Test Num : 11
Inject into ../bin/hello
----- Type : plus_1 Pos : PT_F40 -----
There are 1 faults will be injected in faulttable...
101055 microseconds
Fault on PT_F40(0X7f2b3b38dee0 -> 0X7f2b3b38dee1)
24 microseconds
[2016-10-27 10:20:55]Process 1598 termed with signal 4(SIGILL)
PT_F40-plus_1-100 Test Num : 12
Inject into ../bin/hello
----- Type : plus_1 Pos : PT_F40 -----
There are 1 faults will be injected in faulttable...
100969 microseconds
Fault on PT_F40(0X7fe1a8cd8ee0 -> 0X7fe1a8cd8ee1)
26 microseconds
[2016-10-27 10:20:55]Process 1600 termed with signal 4(SIGILL)
PT_F40-plus_1-100 Test Num : 13
Inject into ../bin/hello
----- Type : plus_1 Pos : PT_F40 -----
There are 1 faults will be injected in faulttable...
100091 microseconds
Fault on PT_F40(0X7fed63e0eee0 -> 0X7fed63e0eee1)
22 microseconds
[2016-10-27 10:20:55]Process 1602 termed with signal 4(SIGILL)
PT_F40-plus_1-100 Test Num : 14
Inject into ../bin/hello
----- Type : plus_1 Pos : PT_F40 -----
There are 1 faults will be injected in faulttable...
101041 microseconds
Fault on PT_F40(0X7fbc23032ee0 -> 0X7fbc23032ee1)
21 microseconds
[2016-10-27 10:20:55]Process 1604 termed with signal 4(SIGILL)
PT_F40-plus_1-100 Test Num : 15
Inject into ../bin/hello
----- Type : plus_1 Pos : PT_F40 -----
There are 1 faults will be injected in faulttable...
101006 microseconds
Fault on PT_F40(0X7f2cdbe70ee0 -> 0X7f2cdbe70ee1)
20 microseconds
[2016-10-27 10:20:55]Process 1606 termed with signal 4(SIGILL)
PT_F40-plus_1-100 Test Num : 16
Inject into ../bin/hello
----- Type : plus_1 Pos : PT_F40 -----
There are 1 faults will be injected in faulttable...
100927 microseconds
Fault on PT_F40(0X7f239d629ee0 -> 0X7f239d629ee1)
19 microseconds
[2016-10-27 10:20:55]Process 1608 termed with signal 4(SIGILL)
PT_F40-plus_1-100 Test Num : 17
Inject into ../bin/hello
----- Type : plus_1 Pos : PT_F40 -----
There are 1 faults will be injected in faulttable...
100970 microseconds
Fault on PT_F40(0X7efef5e31ee0 -> 0X7efef5e31ee1)
26 microseconds
[2016-10-27 10:20:55]Process 1610 termed with signal 4(SIGILL)
PT_F40-plus_1-100 Test Num : 18
Inject into ../bin/hello
----- Type : plus_1 Pos : PT_F40 -----
There are 1 faults will be injected in faulttable...
100929 microseconds
Fault on PT_F40(0X7f5fae19bee0 -> 0X7f5fae19bee1)
23 microseconds
[2016-10-27 10:20:55]Process 1612 termed with signal 4(SIGILL)
PT_F40-plus_1-100 Test Num : 19
Inject into ../bin/hello
----- Type : plus_1 Pos : PT_F40 -----
There are 1 faults will be injected in faulttable...
100292 microseconds
Fault on PT_F40(0X7fad34130ee0 -> 0X7fad34130ee1)
24 microseconds
[2016-10-27 10:20:56]Process 1614 termed with signal 4(SIGILL)
PT_F40-plus_1-100 Test Num : 20
Inject into ../bin/hello
----- Type : plus_1 Pos : PT_F40 -----
There are 1 faults will be injected in faulttable...
101352 microseconds
Fault on PT_F40(0X7ff895834ee0 -> 0X7ff895834ee1)
22 microseconds
[2016-10-27 10:20:56]Process 1616 termed with signal 4(SIGILL)
PT_F40-plus_1-100 Test Num : 21
Inject into ../bin/hello
----- Type : plus_1 Pos : PT_F40 -----
There are 1 faults will be injected in faulttable...
101163 microseconds
Fault on PT_F40(0X7f9d4b28eee0 -> 0X7f9d4b28eee1)
31 microseconds
[2016-10-27 10:20:56]Process 1618 termed with signal 4(SIGILL)
PT_F40-plus_1-100 Test Num : 22
Inject into ../bin/hello
----- Type : plus_1 Pos : PT_F40 -----
There are 1 faults will be injected in faulttable...
100089 microseconds
Fault on PT_F40(0X7fc9433dfee0 -> 0X7fc9433dfee1)
30 microseconds
[2016-10-27 10:20:56]Process 1620 termed with signal 4(SIGILL)
PT_F40-plus_1-100 Test Num : 23
Inject into ../bin/hello
----- Type : plus_1 Pos : PT_F40 -----
There are 1 faults will be injected in faulttable...
101133 microseconds
Fault on PT_F40(0X7f87288f8ee0 -> 0X7f87288f8ee1)
28 microseconds
[2016-10-27 10:20:56]Process 1622 termed with signal 4(SIGILL)
PT_F40-plus_1-100 Test Num : 24
Inject into ../bin/hello
----- Type : plus_1 Pos : PT_F40 -----
There are 1 faults will be injected in faulttable...
101066 microseconds
Fault on PT_F40(0X7f3f4083aee0 -> 0X7f3f4083aee1)
404 microseconds
[2016-10-27 10:20:56]Process 1624 termed with signal 4(SIGILL)
PT_F40-plus_1-100 Test Num : 25
Inject into ../bin/hello
----- Type : plus_1 Pos : PT_F40 -----
There are 1 faults will be injected in faulttable...
101100 microseconds
Fault on PT_F40(0X7f8f974b0ee0 -> 0X7f8f974b0ee1)
28 microseconds
[2016-10-27 10:20:56]Process 1626 termed with signal 4(SIGILL)
PT_F40-plus_1-100 Test Num : 26
Inject into ../bin/hello
----- Type : plus_1 Pos : PT_F40 -----
There are 1 faults will be injected in faulttable...
100997 microseconds
Fault on PT_F40(0X7f16a2ab3ee0 -> 0X7f16a2ab3ee1)
28 microseconds
[2016-10-27 10:20:56]Process 1628 termed with signal 4(SIGILL)
PT_F40-plus_1-100 Test Num : 27
Inject into ../bin/hello
----- Type : plus_1 Pos : PT_F40 -----
There are 1 faults will be injected in faulttable...
101075 microseconds
Fault on PT_F40(0X7f880221bee0 -> 0X7f880221bee1)
21 microseconds
[2016-10-27 10:20:56]Process 1630 termed with signal 4(SIGILL)
PT_F40-plus_1-100 Test Num : 28
Inject into ../bin/hello
----- Type : plus_1 Pos : PT_F40 -----
There are 1 faults will be injected in faulttable...
101198 microseconds
Fault on PT_F40(0X7f4b4ab60ee0 -> 0X7f4b4ab60ee1)
20 microseconds
[2016-10-27 10:20:56]Process 1632 termed with signal 4(SIGILL)
PT_F40-plus_1-100 Test Num : 29
Inject into ../bin/hello
----- Type : plus_1 Pos : PT_F40 -----
There are 1 faults will be injected in faulttable...
101125 microseconds
Fault on PT_F40(0X7fdd6ef88ee0 -> 0X7fdd6ef88ee1)
27 microseconds
[2016-10-27 10:20:57]Process 1634 termed with signal 4(SIGILL)
PT_F40-plus_1-100 Test Num : 30
Inject into ../bin/hello
----- Type : plus_1 Pos : PT_F40 -----
There are 1 faults will be injected in faulttable...
101314 microseconds
Fault on PT_F40(0X7f4f7f893ee0 -> 0X7f4f7f893ee1)
34 microseconds
[2016-10-27 10:20:57]Process 1636 termed with signal 4(SIGILL)
PT_F40-plus_1-100 Test Num : 31
Inject into ../bin/hello
----- Type : plus_1 Pos : PT_F40 -----
There are 1 faults will be injected in faulttable...
101151 microseconds
Fault on PT_F40(0X7f0b40707ee0 -> 0X7f0b40707ee1)
33 microseconds
[2016-10-27 10:20:57]Process 1638 termed with signal 4(SIGILL)
PT_F40-plus_1-100 Test Num : 32
Inject into ../bin/hello
----- Type : plus_1 Pos : PT_F40 -----
There are 1 faults will be injected in faulttable...
101183 microseconds
Fault on PT_F40(0X7f57e8fa3ee0 -> 0X7f57e8fa3ee1)
28 microseconds
[2016-10-27 10:20:57]Process 1640 termed with signal 4(SIGILL)
PT_F40-plus_1-100 Test Num : 33
Inject into ../bin/hello
----- Type : plus_1 Pos : PT_F40 -----
There are 1 faults will be injected in faulttable...
101044 microseconds
Fault on PT_F40(0X7f11b2afcee0 -> 0X7f11b2afcee1)
36 microseconds
[2016-10-27 10:20:57]Process 1642 termed with signal 4(SIGILL)
PT_F40-plus_1-100 Test Num : 34
Inject into ../bin/hello
----- Type : plus_1 Pos : PT_F40 -----
There are 1 faults will be injected in faulttable...
100082 microseconds
Fault on PT_F40(0X7fc9c65acee0 -> 0X7fc9c65acee1)
18 microseconds
[2016-10-27 10:20:57]Process 1644 termed with signal 4(SIGILL)
PT_F40-plus_1-100 Test Num : 35
Inject into ../bin/hello
----- Type : plus_1 Pos : PT_F40 -----
There are 1 faults will be injected in faulttable...
101379 microseconds
Fault on PT_F40(0X7f254cb78ee0 -> 0X7f254cb78ee1)
35 microseconds
[2016-10-27 10:20:57]Process 1646 termed with signal 4(SIGILL)
PT_F40-plus_1-100 Test Num : 36
Inject into ../bin/hello
----- Type : plus_1 Pos : PT_F40 -----
There are 1 faults will be injected in faulttable...
100090 microseconds
Fault on PT_F40(0X7fc38778cee0 -> 0X7fc38778cee1)
29 microseconds
[2016-10-27 10:20:57]Process 1648 termed with signal 4(SIGILL)
PT_F40-plus_1-100 Test Num : 37
Inject into ../bin/hello
----- Type : plus_1 Pos : PT_F40 -----
There are 1 faults will be injected in faulttable...
101772 microseconds
Fault on PT_F40(0X7fa1bc9f9ee0 -> 0X7fa1bc9f9ee1)
31 microseconds
[2016-10-27 10:20:57]Process 1650 termed with signal 4(SIGILL)
PT_F40-plus_1-100 Test Num : 38
Inject into ../bin/hello
----- Type : plus_1 Pos : PT_F40 -----
There are 1 faults will be injected in faulttable...
101113 microseconds
Fault on PT_F40(0X7f18626c0ee0 -> 0X7f18626c0ee1)
19 microseconds
[2016-10-27 10:20:58]Process 1652 termed with signal 4(SIGILL)
PT_F40-plus_1-100 Test Num : 39
Inject into ../bin/hello
----- Type : plus_1 Pos : PT_F40 -----
There are 1 faults will be injected in faulttable...
101351 microseconds
Fault on PT_F40(0X7f91ecb1bee0 -> 0X7f91ecb1bee1)
31 microseconds
[2016-10-27 10:20:58]Process 1654 termed with signal 4(SIGILL)
PT_F40-plus_1-100 Test Num : 40
Inject into ../bin/hello
----- Type : plus_1 Pos : PT_F40 -----
There are 1 faults will be injected in faulttable...
101469 microseconds
Fault on PT_F40(0X7f0286b5bee0 -> 0X7f0286b5bee1)
44 microseconds
[2016-10-27 10:20:58]Process 1656 termed with signal 4(SIGILL)
PT_F40-plus_1-100 Test Num : 41
Inject into ../bin/hello
----- Type : plus_1 Pos : PT_F40 -----
There are 1 faults will be injected in faulttable...
100076 microseconds
Fault on PT_F40(0X7fd1c535fee0 -> 0X7fd1c535fee1)
24 microseconds
[2016-10-27 10:20:58]Process 1658 termed with signal 4(SIGILL)
PT_F40-plus_1-100 Test Num : 42
Inject into ../bin/hello
----- Type : plus_1 Pos : PT_F40 -----
There are 1 faults will be injected in faulttable...
101182 microseconds
Fault on PT_F40(0X7f2817e1bee0 -> 0X7f2817e1bee1)
23 microseconds
[2016-10-27 10:20:58]Process 1660 termed with signal 4(SIGILL)
PT_F40-plus_1-100 Test Num : 43
Inject into ../bin/hello
----- Type : plus_1 Pos : PT_F40 -----
There are 1 faults will be injected in faulttable...
101304 microseconds
Fault on PT_F40(0X7f9a1c7afee0 -> 0X7f9a1c7afee1)
20 microseconds
[2016-10-27 10:20:58]Process 1662 termed with signal 4(SIGILL)
PT_F40-plus_1-100 Test Num : 44
Inject into ../bin/hello
----- Type : plus_1 Pos : PT_F40 -----
There are 1 faults will be injected in faulttable...
101024 microseconds
Fault on PT_F40(0X7f2e3a672ee0 -> 0X7f2e3a672ee1)
30 microseconds
[2016-10-27 10:20:58]Process 1664 termed with signal 4(SIGILL)
PT_F40-plus_1-100 Test Num : 45
Inject into ../bin/hello
----- Type : plus_1 Pos : PT_F40 -----
There are 1 faults will be injected in faulttable...
101125 microseconds
Fault on PT_F40(0X7f80abcf2ee0 -> 0X7f80abcf2ee1)
27 microseconds
[2016-10-27 10:20:58]Process 1666 termed with signal 4(SIGILL)
PT_F40-plus_1-100 Test Num : 46
Inject into ../bin/hello
----- Type : plus_1 Pos : PT_F40 -----
There are 1 faults will be injected in faulttable...
101076 microseconds
Fault on PT_F40(0X7fe90ced9ee0 -> 0X7fe90ced9ee1)
19 microseconds
[2016-10-27 10:20:58]Process 1668 termed with signal 4(SIGILL)
PT_F40-plus_1-100 Test Num : 47
Inject into ../bin/hello
----- Type : plus_1 Pos : PT_F40 -----
There are 1 faults will be injected in faulttable...
101767 microseconds
Fault on PT_F40(0X7fa34028eee0 -> 0X7fa34028eee1)
18 microseconds
[2016-10-27 10:20:59]Process 1670 termed with signal 4(SIGILL)
PT_F40-plus_1-100 Test Num : 48
Inject into ../bin/hello
----- Type : plus_1 Pos : PT_F40 -----
There are 1 faults will be injected in faulttable...
100090 microseconds
Fault on PT_F40(0X7f292ec4dee0 -> 0X7f292ec4dee1)
22 microseconds
[2016-10-27 10:20:59]Process 1672 termed with signal 4(SIGILL)
PT_F40-plus_1-100 Test Num : 49
Inject into ../bin/hello
----- Type : plus_1 Pos : PT_F40 -----
There are 1 faults will be injected in faulttable...
101030 microseconds
Fault on PT_F40(0X7f0bc9e7bee0 -> 0X7f0bc9e7bee1)
27 microseconds
[2016-10-27 10:20:59]Process 1674 termed with signal 4(SIGILL)
PT_F40-plus_1-100 Test Num : 50
Inject into ../bin/hello
----- Type : plus_1 Pos : PT_F40 -----
There are 1 faults will be injected in faulttable...
101041 microseconds
Fault on PT_F40(0X7fc0b2e45ee0 -> 0X7fc0b2e45ee1)
21 microseconds
[2016-10-27 10:20:59]Process 1676 termed with signal 4(SIGILL)
PT_F40-plus_1-100 Test Num : 51
Inject into ../bin/hello
----- Type : plus_1 Pos : PT_F40 -----
There are 1 faults will be injected in faulttable...
101006 microseconds
Fault on PT_F40(0X7f0cbddcdee0 -> 0X7f0cbddcdee1)
24 microseconds
[2016-10-27 10:20:59]Process 1678 termed with signal 4(SIGILL)
PT_F40-plus_1-100 Test Num : 52
Inject into ../bin/hello
----- Type : plus_1 Pos : PT_F40 -----
There are 1 faults will be injected in faulttable...
101056 microseconds
Fault on PT_F40(0X7fd356500ee0 -> 0X7fd356500ee1)
23 microseconds
[2016-10-27 10:20:59]Process 1680 termed with signal 4(SIGILL)
PT_F40-plus_1-100 Test Num : 53
Inject into ../bin/hello
----- Type : plus_1 Pos : PT_F40 -----
There are 1 faults will be injected in faulttable...
101040 microseconds
Fault on PT_F40(0X7f70c636fee0 -> 0X7f70c636fee1)
19 microseconds
[2016-10-27 10:20:59]Process 1682 termed with signal 4(SIGILL)
PT_F40-plus_1-100 Test Num : 54
Inject into ../bin/hello
----- Type : plus_1 Pos : PT_F40 -----
There are 1 faults will be injected in faulttable...
100098 microseconds
Fault on PT_F40(0X7fcd4495eee0 -> 0X7fcd4495eee1)
22 microseconds
[2016-10-27 10:20:59]Process 1684 termed with signal 4(SIGILL)
PT_F40-plus_1-100 Test Num : 55
Inject into ../bin/hello
----- Type : plus_1 Pos : PT_F40 -----
There are 1 faults will be injected in faulttable...
100974 microseconds
Fault on PT_F40(0X7fcf6a043ee0 -> 0X7fcf6a043ee1)
30 microseconds
[2016-10-27 10:20:59]Process 1686 termed with signal 4(SIGILL)
PT_F40-plus_1-100 Test Num : 56
Inject into ../bin/hello
----- Type : plus_1 Pos : PT_F40 -----
There are 1 faults will be injected in faulttable...
100080 microseconds
Fault on PT_F40(0X7fc0ee11dee0 -> 0X7fc0ee11dee1)
24 microseconds
[ 2016-10-27 10:21:0]Process 1688 termed with signal 4(SIGILL)
PT_F40-plus_1-100 Test Num : 57
Inject into ../bin/hello
----- Type : plus_1 Pos : PT_F40 -----
There are 1 faults will be injected in faulttable...
100090 microseconds
Fault on PT_F40(0X7f4a2703cee0 -> 0X7f4a2703cee1)
31 microseconds
[ 2016-10-27 10:21:0]Process 1690 termed with signal 4(SIGILL)
PT_F40-plus_1-100 Test Num : 58
Inject into ../bin/hello
----- Type : plus_1 Pos : PT_F40 -----
There are 1 faults will be injected in faulttable...
100990 microseconds
Fault on PT_F40(0X7f8482991ee0 -> 0X7f8482991ee1)
28 microseconds
[ 2016-10-27 10:21:0]Process 1692 termed with signal 4(SIGILL)
PT_F40-plus_1-100 Test Num : 59
Inject into ../bin/hello
----- Type : plus_1 Pos : PT_F40 -----
There are 1 faults will be injected in faulttable...
101572 microseconds
Fault on PT_F40(0X7f37b08a1ee0 -> 0X7f37b08a1ee1)
20 microseconds
[ 2016-10-27 10:21:0]Process 1694 termed with signal 4(SIGILL)
PT_F40-plus_1-100 Test Num : 60
Inject into ../bin/hello
----- Type : plus_1 Pos : PT_F40 -----
There are 1 faults will be injected in faulttable...
100072 microseconds
Fault on PT_F40(0X7f459c05dee0 -> 0X7f459c05dee1)
20 microseconds
[ 2016-10-27 10:21:0]Process 1696 termed with signal 4(SIGILL)
PT_F40-plus_1-100 Test Num : 61
Inject into ../bin/hello
----- Type : plus_1 Pos : PT_F40 -----
There are 1 faults will be injected in faulttable...
101013 microseconds
Fault on PT_F40(0X7f6a67400ee0 -> 0X7f6a67400ee1)
20 microseconds
[ 2016-10-27 10:21:0]Process 1698 termed with signal 4(SIGILL)
PT_F40-plus_1-100 Test Num : 62
Inject into ../bin/hello
----- Type : plus_1 Pos : PT_F40 -----
There are 1 faults will be injected in faulttable...
101113 microseconds
Fault on PT_F40(0X7fe74bff1ee0 -> 0X7fe74bff1ee1)
21 microseconds
[ 2016-10-27 10:21:0]Process 1700 termed with signal 4(SIGILL)
PT_F40-plus_1-100 Test Num : 63
Inject into ../bin/hello
----- Type : plus_1 Pos : PT_F40 -----
There are 1 faults will be injected in faulttable...
101119 microseconds
Fault on PT_F40(0X7f08300eeee0 -> 0X7f08300eeee1)
34 microseconds
[ 2016-10-27 10:21:0]Process 1702 termed with signal 4(SIGILL)
PT_F40-plus_1-100 Test Num : 64
Inject into ../bin/hello
----- Type : plus_1 Pos : PT_F40 -----
There are 1 faults will be injected in faulttable...
101057 microseconds
Fault on PT_F40(0X7fcb3319fee0 -> 0X7fcb3319fee1)
25 microseconds
[ 2016-10-27 10:21:0]Process 1704 termed with signal 4(SIGILL)
PT_F40-plus_1-100 Test Num : 65
Inject into ../bin/hello
----- Type : plus_1 Pos : PT_F40 -----
There are 1 faults will be injected in faulttable...
101393 microseconds
Fault on PT_F40(0X7f3ac84e8ee0 -> 0X7f3ac84e8ee1)
30 microseconds
[ 2016-10-27 10:21:1]Process 1706 termed with signal 4(SIGILL)
PT_F40-plus_1-100 Test Num : 66
Inject into ../bin/hello
----- Type : plus_1 Pos : PT_F40 -----
There are 1 faults will be injected in faulttable...
101059 microseconds
Fault on PT_F40(0X7f6cd23f7ee0 -> 0X7f6cd23f7ee1)
20 microseconds
[ 2016-10-27 10:21:1]Process 1708 termed with signal 4(SIGILL)
PT_F40-plus_1-100 Test Num : 67
Inject into ../bin/hello
----- Type : plus_1 Pos : PT_F40 -----
There are 1 faults will be injected in faulttable...
100071 microseconds
Fault on PT_F40(0X7f1544b51ee0 -> 0X7f1544b51ee1)
21 microseconds
[ 2016-10-27 10:21:1]Process 1711 termed with signal 4(SIGILL)
PT_F40-plus_1-100 Test Num : 68
Inject into ../bin/hello
----- Type : plus_1 Pos : PT_F40 -----
There are 1 faults will be injected in faulttable...
101452 microseconds
Fault on PT_F40(0X7fc4a24e8ee0 -> 0X7fc4a24e8ee1)
21 microseconds
[ 2016-10-27 10:21:1]Process 1713 termed with signal 4(SIGILL)
PT_F40-plus_1-100 Test Num : 69
Inject into ../bin/hello
----- Type : plus_1 Pos : PT_F40 -----
There are 1 faults will be injected in faulttable...
101029 microseconds
Fault on PT_F40(0X7fdf03a54ee0 -> 0X7fdf03a54ee1)
20 microseconds
[ 2016-10-27 10:21:1]Process 1715 termed with signal 4(SIGILL)
PT_F40-plus_1-100 Test Num : 70
Inject into ../bin/hello
----- Type : plus_1 Pos : PT_F40 -----
There are 1 faults will be injected in faulttable...
101036 microseconds
Fault on PT_F40(0X7f7f95d0dee0 -> 0X7f7f95d0dee1)
24 microseconds
[ 2016-10-27 10:21:1]Process 1717 termed with signal 4(SIGILL)
PT_F40-plus_1-100 Test Num : 71
Inject into ../bin/hello
----- Type : plus_1 Pos : PT_F40 -----
There are 1 faults will be injected in faulttable...
100145 microseconds
Fault on PT_F40(0X7fdb24255ee0 -> 0X7fdb24255ee1)
28 microseconds
[ 2016-10-27 10:21:1]Process 1719 termed with signal 4(SIGILL)
PT_F40-plus_1-100 Test Num : 72
Inject into ../bin/hello
----- Type : plus_1 Pos : PT_F40 -----
There are 1 faults will be injected in faulttable...
101181 microseconds
Fault on PT_F40(0X7f311b479ee0 -> 0X7f311b479ee1)
28 microseconds
[ 2016-10-27 10:21:1]Process 1721 termed with signal 4(SIGILL)
PT_F40-plus_1-100 Test Num : 73
Inject into ../bin/hello
----- Type : plus_1 Pos : PT_F40 -----
There are 1 faults will be injected in faulttable...
101092 microseconds
Fault on PT_F40(0X7fe76ce5dee0 -> 0X7fe76ce5dee1)
31 microseconds
[ 2016-10-27 10:21:1]Process 1723 termed with signal 4(SIGILL)
PT_F40-plus_1-100 Test Num : 74
Inject into ../bin/hello
----- Type : plus_1 Pos : PT_F40 -----
There are 1 faults will be injected in faulttable...
101374 microseconds
Fault on PT_F40(0X7fb5cb880ee0 -> 0X7fb5cb880ee1)
32 microseconds
[ 2016-10-27 10:21:2]Process 1725 termed with signal 4(SIGILL)
PT_F40-plus_1-100 Test Num : 75
Inject into ../bin/hello
----- Type : plus_1 Pos : PT_F40 -----
There are 1 faults will be injected in faulttable...
101065 microseconds
Fault on PT_F40(0X7f2de1dabee0 -> 0X7f2de1dabee1)
33 microseconds
[ 2016-10-27 10:21:2]Process 1727 termed with signal 4(SIGILL)
PT_F40-plus_1-100 Test Num : 76
Inject into ../bin/hello
----- Type : plus_1 Pos : PT_F40 -----
There are 1 faults will be injected in faulttable...
101040 microseconds
Fault on PT_F40(0X7fc0f7006ee0 -> 0X7fc0f7006ee1)
20 microseconds
[ 2016-10-27 10:21:2]Process 1729 termed with signal 4(SIGILL)
PT_F40-plus_1-100 Test Num : 77
Inject into ../bin/hello
----- Type : plus_1 Pos : PT_F40 -----
There are 1 faults will be injected in faulttable...
100097 microseconds
Fault on PT_F40(0X7f204504dee0 -> 0X7f204504dee1)
29 microseconds
[ 2016-10-27 10:21:2]Process 1731 termed with signal 4(SIGILL)
PT_F40-plus_1-100 Test Num : 78
Inject into ../bin/hello
----- Type : plus_1 Pos : PT_F40 -----
There are 1 faults will be injected in faulttable...
101315 microseconds
Fault on PT_F40(0X7f93e9983ee0 -> 0X7f93e9983ee1)
26 microseconds
[ 2016-10-27 10:21:2]Process 1733 termed with signal 4(SIGILL)
PT_F40-plus_1-100 Test Num : 79
Inject into ../bin/hello
----- Type : plus_1 Pos : PT_F40 -----
There are 1 faults will be injected in faulttable...
101173 microseconds
Fault on PT_F40(0X7fe404999ee0 -> 0X7fe404999ee1)
31 microseconds
[ 2016-10-27 10:21:2]Process 1735 termed with signal 4(SIGILL)
PT_F40-plus_1-100 Test Num : 80
Inject into ../bin/hello
----- Type : plus_1 Pos : PT_F40 -----
There are 1 faults will be injected in faulttable...
101565 microseconds
Fault on PT_F40(0X7f56245f1ee0 -> 0X7f56245f1ee1)
51 microseconds
[ 2016-10-27 10:21:2]Process 1737 termed with signal 4(SIGILL)
PT_F40-plus_1-100 Test Num : 81
Inject into ../bin/hello
----- Type : plus_1 Pos : PT_F40 -----
There are 1 faults will be injected in faulttable...
101193 microseconds
Fault on PT_F40(0X7f65c46b6ee0 -> 0X7f65c46b6ee1)
34 microseconds
[ 2016-10-27 10:21:2]Process 1739 termed with signal 4(SIGILL)
PT_F40-plus_1-100 Test Num : 82
Inject into ../bin/hello
----- Type : plus_1 Pos : PT_F40 -----
There are 1 faults will be injected in faulttable...
101511 microseconds
Fault on PT_F40(0X7f966f544ee0 -> 0X7f966f544ee1)
21 microseconds
[ 2016-10-27 10:21:2]Process 1741 termed with signal 4(SIGILL)
PT_F40-plus_1-100 Test Num : 83
Inject into ../bin/hello
----- Type : plus_1 Pos : PT_F40 -----
There are 1 faults will be injected in faulttable...
101313 microseconds
Fault on PT_F40(0X7f09b3480ee0 -> 0X7f09b3480ee1)
21 microseconds
[ 2016-10-27 10:21:3]Process 1743 termed with signal 4(SIGILL)
PT_F40-plus_1-100 Test Num : 84
Inject into ../bin/hello
----- Type : plus_1 Pos : PT_F40 -----
There are 1 faults will be injected in faulttable...
101247 microseconds
Fault on PT_F40(0X7f462c23aee0 -> 0X7f462c23aee1)
28 microseconds
[ 2016-10-27 10:21:3]Process 1745 termed with signal 4(SIGILL)
PT_F40-plus_1-100 Test Num : 85
Inject into ../bin/hello
----- Type : plus_1 Pos : PT_F40 -----
There are 1 faults will be injected in faulttable...
101385 microseconds
Fault on PT_F40(0X7f875b61dee0 -> 0X7f875b61dee1)
34 microseconds
[ 2016-10-27 10:21:3]Process 1747 termed with signal 4(SIGILL)
PT_F40-plus_1-100 Test Num : 86
Inject into ../bin/hello
----- Type : plus_1 Pos : PT_F40 -----
There are 1 faults will be injected in faulttable...
101707 microseconds
Fault on PT_F40(0X7f73bbccaee0 -> 0X7f73bbccaee1)
30 microseconds
[ 2016-10-27 10:21:3]Process 1749 termed with signal 4(SIGILL)
PT_F40-plus_1-100 Test Num : 87
Inject into ../bin/hello
----- Type : plus_1 Pos : PT_F40 -----
There are 1 faults will be injected in faulttable...
101300 microseconds
Fault on PT_F40(0X7f5f1caabee0 -> 0X7f5f1caabee1)
21 microseconds
[ 2016-10-27 10:21:3]Process 1751 termed with signal 4(SIGILL)
PT_F40-plus_1-100 Test Num : 88
Inject into ../bin/hello
----- Type : plus_1 Pos : PT_F40 -----
There are 1 faults will be injected in faulttable...
101057 microseconds
Fault on PT_F40(0X7f3782257ee0 -> 0X7f3782257ee1)
18 microseconds
[ 2016-10-27 10:21:3]Process 1753 termed with signal 4(SIGILL)
PT_F40-plus_1-100 Test Num : 89
Inject into ../bin/hello
----- Type : plus_1 Pos : PT_F40 -----
There are 1 faults will be injected in faulttable...
101066 microseconds
Fault on PT_F40(0X7fa635982ee0 -> 0X7fa635982ee1)
22 microseconds
[ 2016-10-27 10:21:3]Process 1755 termed with signal 4(SIGILL)
PT_F40-plus_1-100 Test Num : 90
Inject into ../bin/hello
----- Type : plus_1 Pos : PT_F40 -----
There are 1 faults will be injected in faulttable...
100972 microseconds
Fault on PT_F40(0X7f9e979e0ee0 -> 0X7f9e979e0ee1)
25 microseconds
[ 2016-10-27 10:21:3]Process 1757 termed with signal 4(SIGILL)
PT_F40-plus_1-100 Test Num : 91
Inject into ../bin/hello
----- Type : plus_1 Pos : PT_F40 -----
There are 1 faults will be injected in faulttable...
100992 microseconds
Fault on PT_F40(0X7effa09fcee0 -> 0X7effa09fcee1)
25 microseconds
[ 2016-10-27 10:21:3]Process 1759 termed with signal 4(SIGILL)
PT_F40-plus_1-100 Test Num : 92
Inject into ../bin/hello
----- Type : plus_1 Pos : PT_F40 -----
There are 1 faults will be injected in faulttable...
101150 microseconds
Fault on PT_F40(0X7f7d96541ee0 -> 0X7f7d96541ee1)
18 microseconds
[ 2016-10-27 10:21:3]Process 1761 termed with signal 4(SIGILL)
PT_F40-plus_1-100 Test Num : 93
Inject into ../bin/hello
----- Type : plus_1 Pos : PT_F40 -----
There are 1 faults will be injected in faulttable...
100931 microseconds
Fault on PT_F40(0X7fe996b61ee0 -> 0X7fe996b61ee1)
22 microseconds
[ 2016-10-27 10:21:4]Process 1763 termed with signal 4(SIGILL)
PT_F40-plus_1-100 Test Num : 94
Inject into ../bin/hello
----- Type : plus_1 Pos : PT_F40 -----
There are 1 faults will be injected in faulttable...
101280 microseconds
Fault on PT_F40(0X7f6b1c1d6ee0 -> 0X7f6b1c1d6ee1)
25 microseconds
[ 2016-10-27 10:21:4]Process 1765 termed with signal 4(SIGILL)
PT_F40-plus_1-100 Test Num : 95
Inject into ../bin/hello
----- Type : plus_1 Pos : PT_F40 -----
There are 1 faults will be injected in faulttable...
101199 microseconds
Fault on PT_F40(0X7fd52348aee0 -> 0X7fd52348aee1)
27 microseconds
[ 2016-10-27 10:21:4]Process 1767 termed with signal 4(SIGILL)
PT_F40-plus_1-100 Test Num : 96
Inject into ../bin/hello
----- Type : plus_1 Pos : PT_F40 -----
There are 1 faults will be injected in faulttable...
101236 microseconds
Fault on PT_F40(0X7fe58d67fee0 -> 0X7fe58d67fee1)
24 microseconds
[ 2016-10-27 10:21:4]Process 1769 termed with signal 4(SIGILL)
PT_F40-plus_1-100 Test Num : 97
Inject into ../bin/hello
----- Type : plus_1 Pos : PT_F40 -----
There are 1 faults will be injected in faulttable...
100968 microseconds
Fault on PT_F40(0X7fe4dc369ee0 -> 0X7fe4dc369ee1)
18 microseconds
[ 2016-10-27 10:21:4]Process 1771 termed with signal 4(SIGILL)
PT_F40-plus_1-100 Test Num : 98
Inject into ../bin/hello
----- Type : plus_1 Pos : PT_F40 -----
There are 1 faults will be injected in faulttable...
100063 microseconds
Fault on PT_F40(0X7fbdb7882ee0 -> 0X7fbdb7882ee1)
18 microseconds
[ 2016-10-27 10:21:4]Process 1773 termed with signal 4(SIGILL)
PT_F40-plus_1-100 Test Num : 99
Inject into ../bin/hello
----- Type : plus_1 Pos : PT_F40 -----
There are 1 faults will be injected in faulttable...
100070 microseconds
Fault on PT_F40(0X7f502a8a1ee0 -> 0X7f502a8a1ee1)
27 microseconds
[ 2016-10-27 10:21:4]Process 1775 termed with signal 4(SIGILL)
PT_F40-plus_1-100 Test Num : 100
Inject into ../bin/hello
----- Type : plus_1 Pos : PT_F40 -----
There are 1 faults will be injected in faulttable...
100983 microseconds
Fault on PT_F40(0X7f50b6d63ee0 -> 0X7f50b6d63ee1)
27 microseconds
[ 2016-10-27 10:21:4]Process 1777 termed with signal 4(SIGILL)
