PT_F40-2_bit_0-100 Test Num : 1
Inject into ../bin/hello
----- Type : 2_bit_0 Pos : PT_F40 -----
There are 1 faults will be injected in faulttable...
100947 microseconds
Fault on PT_F40(0X7f2a8aae8ee0 -> 0X7f288aae8ee0)
13 microseconds
[ 2016-10-27 10:17:7]Process 32179 termed with signal 11(SIGSEGV)
PT_F40-2_bit_0-100 Test Num : 2
Inject into ../bin/hello
----- Type : 2_bit_0 Pos : PT_F40 -----
There are 1 faults will be injected in faulttable...
101157 microseconds
Fault on PT_F40(0X7fe16b9f5ee0 -> 0X7fe16b9f5ee0)
3000086 microseconds
timeout
[2016-10-27 10:17:10]Process 32181 termed with signal 14(SIGALRM)
PT_F40-2_bit_0-100 Test Num : 3
Inject into ../bin/hello
----- Type : 2_bit_0 Pos : PT_F40 -----
There are 1 faults will be injected in faulttable...
101012 microseconds
Fault on PT_F40(0X7f31e2b59ee0 -> 0X5f31e2b19ee0)
18 microseconds
[2016-10-27 10:17:11]Process 32204 termed with signal 11(SIGSEGV)
PT_F40-2_bit_0-100 Test Num : 4
Inject into ../bin/hello
----- Type : 2_bit_0 Pos : PT_F40 -----
There are 1 faults will be injected in faulttable...
101089 microseconds
Fault on PT_F40(0X7f5cd11fbee0 -> 0X5f5cd11bbee0)
17 microseconds
[2016-10-27 10:17:11]Process 32206 termed with signal 11(SIGSEGV)
PT_F40-2_bit_0-100 Test Num : 5
Inject into ../bin/hello
----- Type : 2_bit_0 Pos : PT_F40 -----
There are 1 faults will be injected in faulttable...
101097 microseconds
Fault on PT_F40(0X7eff5aa5cee0 -> 0X5eff5aa1cee0)
13 microseconds
[2016-10-27 10:17:11]Process 32208 termed with signal 11(SIGSEGV)
PT_F40-2_bit_0-100 Test Num : 6
Inject into ../bin/hello
----- Type : 2_bit_0 Pos : PT_F40 -----
There are 1 faults will be injected in faulttable...
100060 microseconds
Fault on PT_F40(0X7f2bb8120ee0 -> 0X5f2bb8120ee0)
13 microseconds
[2016-10-27 10:17:11]Process 32210 termed with signal 11(SIGSEGV)
PT_F40-2_bit_0-100 Test Num : 7
Inject into ../bin/hello
----- Type : 2_bit_0 Pos : PT_F40 -----
There are 1 faults will be injected in faulttable...
100118 microseconds
Fault on PT_F40(0X7f591c21eee0 -> 0X5f591c21eee0)
100 microseconds
[2016-10-27 10:17:11]Process 32215 termed with signal 11(SIGSEGV)
PT_F40-2_bit_0-100 Test Num : 8
Inject into ../bin/hello
----- Type : 2_bit_0 Pos : PT_F40 -----
There are 1 faults will be injected in faulttable...
101016 microseconds
Fault on PT_F40(0X7fcbcda8fee0 -> 0X5fcbcda8fee0)
13 microseconds
[2016-10-27 10:17:11]Process 32221 termed with signal 11(SIGSEGV)
PT_F40-2_bit_0-100 Test Num : 9
Inject into ../bin/hello
----- Type : 2_bit_0 Pos : PT_F40 -----
There are 1 faults will be injected in faulttable...
101026 microseconds
Fault on PT_F40(0X7f5bf6810ee0 -> 0X5f5bf6810ee0)
14 microseconds
[2016-10-27 10:17:11]Process 32223 termed with signal 11(SIGSEGV)
PT_F40-2_bit_0-100 Test Num : 10
Inject into ../bin/hello
----- Type : 2_bit_0 Pos : PT_F40 -----
There are 1 faults will be injected in faulttable...
100995 microseconds
Fault on PT_F40(0X7f1a7f876ee0 -> 0X5f1a7f836ee0)
13 microseconds
[2016-10-27 10:17:11]Process 32225 termed with signal 11(SIGSEGV)
PT_F40-2_bit_0-100 Test Num : 11
Inject into ../bin/hello
----- Type : 2_bit_0 Pos : PT_F40 -----
There are 1 faults will be injected in faulttable...
100071 microseconds
Fault on PT_F40(0X7f3a54a3cee0 -> 0X5f3a54a3cee0)
11 microseconds
[2016-10-27 10:17:11]Process 32227 termed with signal 11(SIGSEGV)
PT_F40-2_bit_0-100 Test Num : 12
Inject into ../bin/hello
----- Type : 2_bit_0 Pos : PT_F40 -----
There are 1 faults will be injected in faulttable...
101194 microseconds
Fault on PT_F40(0X7fa9cb3a5ee0 -> 0X5ea9cb3a5ee0)
15 microseconds
[2016-10-27 10:17:12]Process 32229 termed with signal 11(SIGSEGV)
PT_F40-2_bit_0-100 Test Num : 13
Inject into ../bin/hello
----- Type : 2_bit_0 Pos : PT_F40 -----
There are 1 faults will be injected in faulttable...
101067 microseconds
Fault on PT_F40(0X7f20726e7ee0 -> 0X5e20726e7ee0)
15 microseconds
[2016-10-27 10:17:12]Process 32231 termed with signal 11(SIGSEGV)
PT_F40-2_bit_0-100 Test Num : 14
Inject into ../bin/hello
----- Type : 2_bit_0 Pos : PT_F40 -----
There are 1 faults will be injected in faulttable...
101061 microseconds
Fault on PT_F40(0X7fe5c454fee0 -> 0X5ee5c454fee0)
14 microseconds
[2016-10-27 10:17:12]Process 32233 termed with signal 11(SIGSEGV)
PT_F40-2_bit_0-100 Test Num : 15
Inject into ../bin/hello
----- Type : 2_bit_0 Pos : PT_F40 -----
There are 1 faults will be injected in faulttable...
100962 microseconds
Fault on PT_F40(0X7fc1e500aee0 -> 0X5ec1e500aee0)
14 microseconds
[2016-10-27 10:17:12]Process 32235 termed with signal 11(SIGSEGV)
PT_F40-2_bit_0-100 Test Num : 16
Inject into ../bin/hello
----- Type : 2_bit_0 Pos : PT_F40 -----
There are 1 faults will be injected in faulttable...
100983 microseconds
Fault on PT_F40(0X7f5630a46ee0 -> 0X5e5630a46ee0)
16 microseconds
[2016-10-27 10:17:12]Process 32237 termed with signal 11(SIGSEGV)
PT_F40-2_bit_0-100 Test Num : 17
Inject into ../bin/hello
----- Type : 2_bit_0 Pos : PT_F40 -----
There are 1 faults will be injected in faulttable...
100922 microseconds
Fault on PT_F40(0X7f80cb13fee0 -> 0X5e80cb13fee0)
16 microseconds
[2016-10-27 10:17:12]Process 32239 termed with signal 11(SIGSEGV)
PT_F40-2_bit_0-100 Test Num : 18
Inject into ../bin/hello
----- Type : 2_bit_0 Pos : PT_F40 -----
There are 1 faults will be injected in faulttable...
101008 microseconds
Fault on PT_F40(0X7f5e6fdafee0 -> 0X5e5e6fdafee0)
20 microseconds
[2016-10-27 10:17:12]Process 32241 termed with signal 11(SIGSEGV)
PT_F40-2_bit_0-100 Test Num : 19
Inject into ../bin/hello
----- Type : 2_bit_0 Pos : PT_F40 -----
There are 1 faults will be injected in faulttable...
101488 microseconds
Fault on PT_F40(0X7f88b72feee0 -> 0X5e88b72feee0)
14 microseconds
[2016-10-27 10:17:12]Process 32243 termed with signal 11(SIGSEGV)
PT_F40-2_bit_0-100 Test Num : 20
Inject into ../bin/hello
----- Type : 2_bit_0 Pos : PT_F40 -----
There are 1 faults will be injected in faulttable...
100978 microseconds
Fault on PT_F40(0X7f022d587ee0 -> 0X5e022d587ee0)
11 microseconds
[2016-10-27 10:17:12]Process 32245 termed with signal 11(SIGSEGV)
PT_F40-2_bit_0-100 Test Num : 21
Inject into ../bin/hello
----- Type : 2_bit_0 Pos : PT_F40 -----
There are 1 faults will be injected in faulttable...
100881 microseconds
Fault on PT_F40(0X7f2b45fd0ee0 -> 0X7f2b45fd0ee0)
3000080 microseconds
timeout
[2016-10-27 10:17:16]Process 32247 termed with signal 14(SIGALRM)
PT_F40-2_bit_0-100 Test Num : 22
Inject into ../bin/hello
----- Type : 2_bit_0 Pos : PT_F40 -----
There are 1 faults will be injected in faulttable...
101402 microseconds
Fault on PT_F40(0X7f626b191ee0 -> 0X7f626b191ee0)
3000096 microseconds
timeout
[2016-10-27 10:17:19]Process 32249 termed with signal 14(SIGALRM)
PT_F40-2_bit_0-100 Test Num : 23
Inject into ../bin/hello
----- Type : 2_bit_0 Pos : PT_F40 -----
There are 1 faults will be injected in faulttable...
101442 microseconds
Fault on PT_F40(0X7f347a2f9ee0 -> 0X7f347a2f9ee0)
3000120 microseconds
timeout
[2016-10-27 10:17:22]Process 32251 termed with signal 14(SIGALRM)
PT_F40-2_bit_0-100 Test Num : 24
Inject into ../bin/hello
----- Type : 2_bit_0 Pos : PT_F40 -----
There are 1 faults will be injected in faulttable...
101622 microseconds
Fault on PT_F40(0X7f1684adcee0 -> 0X7f1684ad8ee0)
19 microseconds
[2016-10-27 10:17:22]Process 32265 termed with signal 11(SIGSEGV)
PT_F40-2_bit_0-100 Test Num : 25
Inject into ../bin/hello
----- Type : 2_bit_0 Pos : PT_F40 -----
There are 1 faults will be injected in faulttable...
101145 microseconds
Fault on PT_F40(0X7f5474b35ee0 -> 0X7f5474b31ee0)
21 microseconds
[2016-10-27 10:17:22]Process 32267 termed with signal 11(SIGSEGV)
PT_F40-2_bit_0-100 Test Num : 26
Inject into ../bin/hello
----- Type : 2_bit_0 Pos : PT_F40 -----
There are 1 faults will be injected in faulttable...
101512 microseconds
Fault on PT_F40(0X7fa548033ee0 -> 0X7fa548033ee0)
3000111 microseconds
timeout
[2016-10-27 10:17:25]Process 32269 termed with signal 14(SIGALRM)
PT_F40-2_bit_0-100 Test Num : 27
Inject into ../bin/hello
----- Type : 2_bit_0 Pos : PT_F40 -----
There are 1 faults will be injected in faulttable...
101228 microseconds
Fault on PT_F40(0X7efde087dee0 -> 0X7efde087dae0)
3000077 microseconds
timeout
[2016-10-27 10:17:28]Process 32271 termed with signal 14(SIGALRM)
PT_F40-2_bit_0-100 Test Num : 28
Inject into ../bin/hello
----- Type : 2_bit_0 Pos : PT_F40 -----
There are 1 faults will be injected in faulttable...
101080 microseconds
Fault on PT_F40(0X7f3ecefceee0 -> 0X7f3ecefceee0)
3000080 microseconds
timeout
[2016-10-27 10:17:31]Process 32280 termed with signal 14(SIGALRM)
PT_F40-2_bit_0-100 Test Num : 29
Inject into ../bin/hello
----- Type : 2_bit_0 Pos : PT_F40 -----
There are 1 faults will be injected in faulttable...
101215 microseconds
Fault on PT_F40(0X7f2a8ef5aee0 -> 0X7f2a8ed5aee0)
13 microseconds
[2016-10-27 10:17:31]Process 32289 termed with signal 11(SIGSEGV)
PT_F40-2_bit_0-100 Test Num : 30
Inject into ../bin/hello
----- Type : 2_bit_0 Pos : PT_F40 -----
There are 1 faults will be injected in faulttable...
101021 microseconds
Fault on PT_F40(0X7f310bf18ee0 -> 0X7b310bf18ee0)
14 microseconds
[2016-10-27 10:17:32]Process 32291 termed with signal 11(SIGSEGV)
PT_F40-2_bit_0-100 Test Num : 31
Inject into ../bin/hello
----- Type : 2_bit_0 Pos : PT_F40 -----
There are 1 faults will be injected in faulttable...
101105 microseconds
Fault on PT_F40(0X7f18275baee0 -> 0X7b18275baee0)
11 microseconds
[2016-10-27 10:17:32]Process 32293 termed with signal 11(SIGSEGV)
PT_F40-2_bit_0-100 Test Num : 32
Inject into ../bin/hello
----- Type : 2_bit_0 Pos : PT_F40 -----
There are 1 faults will be injected in faulttable...
101055 microseconds
Fault on PT_F40(0X7f3eca70bee0 -> 0X7b3eca70bee0)
20 microseconds
[2016-10-27 10:17:32]Process 32295 termed with signal 11(SIGSEGV)
PT_F40-2_bit_0-100 Test Num : 33
Inject into ../bin/hello
----- Type : 2_bit_0 Pos : PT_F40 -----
There are 1 faults will be injected in faulttable...
100964 microseconds
Fault on PT_F40(0X7f0dee183ee0 -> 0X7b0dee183ee0)
11 microseconds
[2016-10-27 10:17:32]Process 32297 termed with signal 11(SIGSEGV)
PT_F40-2_bit_0-100 Test Num : 34
Inject into ../bin/hello
----- Type : 2_bit_0 Pos : PT_F40 -----
There are 1 faults will be injected in faulttable...
101223 microseconds
Fault on PT_F40(0X7fdb370b7ee0 -> 0X7bdb370b7ee0)
13 microseconds
[2016-10-27 10:17:32]Process 32299 termed with signal 11(SIGSEGV)
PT_F40-2_bit_0-100 Test Num : 35
Inject into ../bin/hello
----- Type : 2_bit_0 Pos : PT_F40 -----
There are 1 faults will be injected in faulttable...
100113 microseconds
Fault on PT_F40(0X7ff4e4abaee0 -> 0X7bf4e4abaee0)
20 microseconds
[2016-10-27 10:17:32]Process 32301 termed with signal 11(SIGSEGV)
PT_F40-2_bit_0-100 Test Num : 36
Inject into ../bin/hello
----- Type : 2_bit_0 Pos : PT_F40 -----
There are 1 faults will be injected in faulttable...
100966 microseconds
Fault on PT_F40(0X7fefb9c51ee0 -> 0X7befb9c51ee0)
20 microseconds
[2016-10-27 10:17:32]Process 32303 termed with signal 11(SIGSEGV)
PT_F40-2_bit_0-100 Test Num : 37
Inject into ../bin/hello
----- Type : 2_bit_0 Pos : PT_F40 -----
There are 1 faults will be injected in faulttable...
100960 microseconds
Fault on PT_F40(0X7fc0ee6a2ee0 -> 0X7bc0ee6a2ee0)
15 microseconds
[2016-10-27 10:17:32]Process 32305 termed with signal 11(SIGSEGV)
PT_F40-2_bit_0-100 Test Num : 38
Inject into ../bin/hello
----- Type : 2_bit_0 Pos : PT_F40 -----
There are 1 faults will be injected in faulttable...
101333 microseconds
Fault on PT_F40(0X7f1463784ee0 -> 0X7b1463784ee0)
19 microseconds
[2016-10-27 10:17:32]Process 32307 termed with signal 11(SIGSEGV)
PT_F40-2_bit_0-100 Test Num : 39
Inject into ../bin/hello
----- Type : 2_bit_0 Pos : PT_F40 -----
There are 1 faults will be injected in faulttable...
101165 microseconds
Fault on PT_F40(0X7f7f712b7ee0 -> 0X7f7f710b3ee0)
23 microseconds
[2016-10-27 10:17:33]Process 32309 termed with signal 11(SIGSEGV)
PT_F40-2_bit_0-100 Test Num : 40
Inject into ../bin/hello
----- Type : 2_bit_0 Pos : PT_F40 -----
There are 1 faults will be injected in faulttable...
100128 microseconds
Fault on PT_F40(0X7f9d9a121ee0 -> 0X7f9d9a121ee0)
3000100 microseconds
timeout
[2016-10-27 10:17:36]Process 32311 termed with signal 14(SIGALRM)
PT_F40-2_bit_0-100 Test Num : 41
Inject into ../bin/hello
----- Type : 2_bit_0 Pos : PT_F40 -----
There are 1 faults will be injected in faulttable...
101136 microseconds
Fault on PT_F40(0X7fdd54122ee0 -> 0X7fdd54122ea0)
16 microseconds
[2016-10-27 10:17:36]Process 32313 termed with signal 11(SIGSEGV)
PT_F40-2_bit_0-100 Test Num : 42
Inject into ../bin/hello
----- Type : 2_bit_0 Pos : PT_F40 -----
There are 1 faults will be injected in faulttable...
100971 microseconds
Fault on PT_F40(0X7f45f7a5fee0 -> 0X7f45f7a5fea0)
18 microseconds
[2016-10-27 10:17:36]Process 32315 termed with signal 11(SIGSEGV)
PT_F40-2_bit_0-100 Test Num : 43
Inject into ../bin/hello
----- Type : 2_bit_0 Pos : PT_F40 -----
There are 1 faults will be injected in faulttable...
101066 microseconds
Fault on PT_F40(0X7f0eb3332ee0 -> 0X7f0eb3332ea0)
21 microseconds
[2016-10-27 10:17:36]Process 32317 termed with signal 11(SIGSEGV)
PT_F40-2_bit_0-100 Test Num : 44
Inject into ../bin/hello
----- Type : 2_bit_0 Pos : PT_F40 -----
There are 1 faults will be injected in faulttable...
100067 microseconds
Fault on PT_F40(0X7f55f3f41ee0 -> 0X7f55f3f41ea0)
17 microseconds
[2016-10-27 10:17:36]Process 32319 termed with signal 11(SIGSEGV)
PT_F40-2_bit_0-100 Test Num : 45
Inject into ../bin/hello
----- Type : 2_bit_0 Pos : PT_F40 -----
There are 1 faults will be injected in faulttable...
100082 microseconds
Fault on PT_F40(0X7fd91626eee0 -> 0X7fd91626eea0)
19 microseconds
[2016-10-27 10:17:36]Process 32321 termed with signal 11(SIGSEGV)
PT_F40-2_bit_0-100 Test Num : 46
Inject into ../bin/hello
----- Type : 2_bit_0 Pos : PT_F40 -----
There are 1 faults will be injected in faulttable...
100944 microseconds
Fault on PT_F40(0X7f5b822cbee0 -> 0X7f5b822cbea0)
17 microseconds
[2016-10-27 10:17:36]Process 32323 termed with signal 11(SIGSEGV)
PT_F40-2_bit_0-100 Test Num : 47
Inject into ../bin/hello
----- Type : 2_bit_0 Pos : PT_F40 -----
There are 1 faults will be injected in faulttable...
101070 microseconds
Fault on PT_F40(0X7fb46caa1ee0 -> 0X7fb46caa1ea0)
23 microseconds
[2016-10-27 10:17:36]Process 32325 termed with signal 11(SIGSEGV)
PT_F40-2_bit_0-100 Test Num : 48
Inject into ../bin/hello
----- Type : 2_bit_0 Pos : PT_F40 -----
There are 1 faults will be injected in faulttable...
100975 microseconds
Fault on PT_F40(0X7f3b5acaaee0 -> 0X7f3b5acaaea0)
17 microseconds
[2016-10-27 10:17:36]Process 32327 termed with signal 11(SIGSEGV)
PT_F40-2_bit_0-100 Test Num : 49
Inject into ../bin/hello
----- Type : 2_bit_0 Pos : PT_F40 -----
There are 1 faults will be injected in faulttable...
101167 microseconds
Fault on PT_F40(0X7f6964dc8ee0 -> 0X5f6964dc8ee0)
18 microseconds
[2016-10-27 10:17:37]Process 32329 termed with signal 11(SIGSEGV)
PT_F40-2_bit_0-100 Test Num : 50
Inject into ../bin/hello
----- Type : 2_bit_0 Pos : PT_F40 -----
There are 1 faults will be injected in faulttable...
100067 microseconds
Fault on PT_F40(0X7f87b78b2ee0 -> 0X5f87b78b2ee0)
14 microseconds
[2016-10-27 10:17:37]Process 32331 termed with signal 11(SIGSEGV)
PT_F40-2_bit_0-100 Test Num : 51
Inject into ../bin/hello
----- Type : 2_bit_0 Pos : PT_F40 -----
There are 1 faults will be injected in faulttable...
101237 microseconds
Fault on PT_F40(0X7f2e8e7e3ee0 -> 0X5f2e8e7e3ee0)
19 microseconds
[2016-10-27 10:17:37]Process 32333 termed with signal 11(SIGSEGV)
PT_F40-2_bit_0-100 Test Num : 52
Inject into ../bin/hello
----- Type : 2_bit_0 Pos : PT_F40 -----
There are 1 faults will be injected in faulttable...
101007 microseconds
Fault on PT_F40(0X7fbb7d943ee0 -> 0X5fbb7d943ee0)
10 microseconds
[2016-10-27 10:17:37]Process 32335 termed with signal 11(SIGSEGV)
PT_F40-2_bit_0-100 Test Num : 53
Inject into ../bin/hello
----- Type : 2_bit_0 Pos : PT_F40 -----
There are 1 faults will be injected in faulttable...
101200 microseconds
Fault on PT_F40(0X7fa766ceaee0 -> 0X5fa766ceaee0)
21 microseconds
[2016-10-27 10:17:37]Process 32337 termed with signal 11(SIGSEGV)
PT_F40-2_bit_0-100 Test Num : 54
Inject into ../bin/hello
----- Type : 2_bit_0 Pos : PT_F40 -----
There are 1 faults will be injected in faulttable...
101578 microseconds
Fault on PT_F40(0X7fa8d0d06ee0 -> 0X5fa8d0d06ee0)
15 microseconds
[2016-10-27 10:17:37]Process 32339 termed with signal 11(SIGSEGV)
PT_F40-2_bit_0-100 Test Num : 55
Inject into ../bin/hello
----- Type : 2_bit_0 Pos : PT_F40 -----
There are 1 faults will be injected in faulttable...
101806 microseconds
Fault on PT_F40(0X7fa148c9aee0 -> 0X5fa148c9aee0)
21 microseconds
[2016-10-27 10:17:37]Process 32341 termed with signal 11(SIGSEGV)
PT_F40-2_bit_0-100 Test Num : 56
Inject into ../bin/hello
----- Type : 2_bit_0 Pos : PT_F40 -----
There are 1 faults will be injected in faulttable...
101339 microseconds
Fault on PT_F40(0X7f43b7822ee0 -> 0X5f43b7822ee0)
18 microseconds
[2016-10-27 10:17:37]Process 32343 termed with signal 11(SIGSEGV)
PT_F40-2_bit_0-100 Test Num : 57
Inject into ../bin/hello
----- Type : 2_bit_0 Pos : PT_F40 -----
There are 1 faults will be injected in faulttable...
101398 microseconds
Fault on PT_F40(0X7f1c72f48ee0 -> 0X5f1c72f48ee0)
20 microseconds
[2016-10-27 10:17:37]Process 32345 termed with signal 11(SIGSEGV)
PT_F40-2_bit_0-100 Test Num : 58
Inject into ../bin/hello
----- Type : 2_bit_0 Pos : PT_F40 -----
There are 1 faults will be injected in faulttable...
101277 microseconds
Fault on PT_F40(0X7f63ab247ee0 -> 0X7f63ab247e40)
15 microseconds
[2016-10-27 10:17:38]Process 32347 termed with signal 11(SIGSEGV)
PT_F40-2_bit_0-100 Test Num : 59
Inject into ../bin/hello
----- Type : 2_bit_0 Pos : PT_F40 -----
There are 1 faults will be injected in faulttable...
101214 microseconds
Fault on PT_F40(0X7f306990bee0 -> 0X7f306990be40)
15 microseconds
[2016-10-27 10:17:38]Process 32349 termed with signal 11(SIGSEGV)
PT_F40-2_bit_0-100 Test Num : 60
Inject into ../bin/hello
----- Type : 2_bit_0 Pos : PT_F40 -----
There are 1 faults will be injected in faulttable...
101209 microseconds
Fault on PT_F40(0X7f1a07cabee0 -> 0X7f1a07cabe40)
18 microseconds
[2016-10-27 10:17:38]Process 32351 termed with signal 11(SIGSEGV)
PT_F40-2_bit_0-100 Test Num : 61
Inject into ../bin/hello
----- Type : 2_bit_0 Pos : PT_F40 -----
There are 1 faults will be injected in faulttable...
101317 microseconds
Fault on PT_F40(0X7f63a53b6ee0 -> 0X7f63a53b6e40)
15 microseconds
[2016-10-27 10:17:38]Process 32353 termed with signal 11(SIGSEGV)
PT_F40-2_bit_0-100 Test Num : 62
Inject into ../bin/hello
----- Type : 2_bit_0 Pos : PT_F40 -----
There are 1 faults will be injected in faulttable...
100081 microseconds
Fault on PT_F40(0X7f31e6485ee0 -> 0X7f31e6485e40)
15 microseconds
[2016-10-27 10:17:38]Process 32355 termed with signal 11(SIGSEGV)
PT_F40-2_bit_0-100 Test Num : 63
Inject into ../bin/hello
----- Type : 2_bit_0 Pos : PT_F40 -----
There are 1 faults will be injected in faulttable...
101156 microseconds
Fault on PT_F40(0X7f76e615dee0 -> 0X7f76e615de40)
15 microseconds
[2016-10-27 10:17:38]Process 32357 termed with signal 11(SIGSEGV)
PT_F40-2_bit_0-100 Test Num : 64
Inject into ../bin/hello
----- Type : 2_bit_0 Pos : PT_F40 -----
There are 1 faults will be injected in faulttable...
101138 microseconds
Fault on PT_F40(0X7f0551872ee0 -> 0X7f0551872e40)
23 microseconds
[2016-10-27 10:17:38]Process 32359 termed with signal 11(SIGSEGV)
PT_F40-2_bit_0-100 Test Num : 65
Inject into ../bin/hello
----- Type : 2_bit_0 Pos : PT_F40 -----
There are 1 faults will be injected in faulttable...
101484 microseconds
Fault on PT_F40(0X7f6a76fd6ee0 -> 0X7f6a76fd6e40)
15 microseconds
[2016-10-27 10:17:38]Process 32361 termed with signal 11(SIGSEGV)
PT_F40-2_bit_0-100 Test Num : 66
Inject into ../bin/hello
----- Type : 2_bit_0 Pos : PT_F40 -----
There are 1 faults will be injected in faulttable...
101166 microseconds
Fault on PT_F40(0X7f7137a6dee0 -> 0X7f7137a6de40)
12 microseconds
[2016-10-27 10:17:38]Process 32363 termed with signal 11(SIGSEGV)
PT_F40-2_bit_0-100 Test Num : 67
Inject into ../bin/hello
----- Type : 2_bit_0 Pos : PT_F40 -----
There are 1 faults will be injected in faulttable...
101222 microseconds
Fault on PT_F40(0X7f032d94bee0 -> 0X7f032d94bee0)
3000076 microseconds
timeout
[2016-10-27 10:17:42]Process 32365 termed with signal 14(SIGALRM)
PT_F40-2_bit_0-100 Test Num : 68
Inject into ../bin/hello
----- Type : 2_bit_0 Pos : PT_F40 -----
There are 1 faults will be injected in faulttable...
100911 microseconds
Fault on PT_F40(0X7f485a6aeee0 -> 0X7f485a6aeee0)
3000093 microseconds
timeout
[2016-10-27 10:17:45]Process 32367 termed with signal 14(SIGALRM)
PT_F40-2_bit_0-100 Test Num : 69
Inject into ../bin/hello
----- Type : 2_bit_0 Pos : PT_F40 -----
There are 1 faults will be injected in faulttable...
101072 microseconds
Fault on PT_F40(0X7fdaeeee5ee0 -> 0X7fdaeeee4ee0)
36 microseconds
[2016-10-27 10:17:45]Process 32369 termed with signal 4(SIGILL)
PT_F40-2_bit_0-100 Test Num : 70
Inject into ../bin/hello
----- Type : 2_bit_0 Pos : PT_F40 -----
There are 1 faults will be injected in faulttable...
101079 microseconds
Fault on PT_F40(0X7f23b5788ee0 -> 0X7f23b5788ee0)
3000127 microseconds
timeout
[2016-10-27 10:17:48]Process 32371 termed with signal 14(SIGALRM)
PT_F40-2_bit_0-100 Test Num : 71
Inject into ../bin/hello
----- Type : 2_bit_0 Pos : PT_F40 -----
There are 1 faults will be injected in faulttable...
101165 microseconds
Fault on PT_F40(0X7fd681483ee0 -> 0X5fc681483ee0)
25 microseconds
[2016-10-27 10:17:48]Process 32373 termed with signal 11(SIGSEGV)
PT_F40-2_bit_0-100 Test Num : 72
Inject into ../bin/hello
----- Type : 2_bit_0 Pos : PT_F40 -----
There are 1 faults will be injected in faulttable...
101022 microseconds
Fault on PT_F40(0X7ff172345ee0 -> 0X5fe172345ee0)
13 microseconds
[2016-10-27 10:17:48]Process 32375 termed with signal 11(SIGSEGV)
PT_F40-2_bit_0-100 Test Num : 73
Inject into ../bin/hello
----- Type : 2_bit_0 Pos : PT_F40 -----
There are 1 faults will be injected in faulttable...
100986 microseconds
Fault on PT_F40(0X7f68813e6ee0 -> 0X5f68813e6ee0)
12 microseconds
[2016-10-27 10:17:48]Process 32377 termed with signal 11(SIGSEGV)
PT_F40-2_bit_0-100 Test Num : 74
Inject into ../bin/hello
----- Type : 2_bit_0 Pos : PT_F40 -----
There are 1 faults will be injected in faulttable...
101008 microseconds
Fault on PT_F40(0X7f30539e2ee0 -> 0X5f20539e2ee0)
12 microseconds
[2016-10-27 10:17:48]Process 32379 termed with signal 11(SIGSEGV)
PT_F40-2_bit_0-100 Test Num : 75
Inject into ../bin/hello
----- Type : 2_bit_0 Pos : PT_F40 -----
There are 1 faults will be injected in faulttable...
101062 microseconds
Fault on PT_F40(0X7fddb10a1ee0 -> 0X5fcdb10a1ee0)
17 microseconds
[2016-10-27 10:17:48]Process 32381 termed with signal 11(SIGSEGV)
PT_F40-2_bit_0-100 Test Num : 76
Inject into ../bin/hello
----- Type : 2_bit_0 Pos : PT_F40 -----
There are 1 faults will be injected in faulttable...
100321 microseconds
Fault on PT_F40(0X7fbae1c19ee0 -> 0X7fbae1c18ee0)
27 microseconds
[2016-10-27 10:17:49]Process 32383 termed with signal 4(SIGILL)
PT_F40-2_bit_0-100 Test Num : 77
Inject into ../bin/hello
----- Type : 2_bit_0 Pos : PT_F40 -----
There are 1 faults will be injected in faulttable...
100066 microseconds
Fault on PT_F40(0X7f1399128ee0 -> 0X7f1399128ee0)
3000115 microseconds
timeout
[2016-10-27 10:17:52]Process 32385 termed with signal 14(SIGALRM)
PT_F40-2_bit_0-100 Test Num : 78
Inject into ../bin/hello
----- Type : 2_bit_0 Pos : PT_F40 -----
There are 1 faults will be injected in faulttable...
100204 microseconds
Fault on PT_F40(0X7f0074142ee0 -> 0X7f0070142ee0)
12 microseconds
[2016-10-27 10:17:52]Process 32387 termed with signal 11(SIGSEGV)
PT_F40-2_bit_0-100 Test Num : 79
Inject into ../bin/hello
----- Type : 2_bit_0 Pos : PT_F40 -----
There are 1 faults will be injected in faulttable...
100961 microseconds
Fault on PT_F40(0X7efd3efb3ee0 -> 0X7efd3afb3ee0)
22 microseconds
[2016-10-27 10:17:52]Process 32389 termed with signal 11(SIGSEGV)
PT_F40-2_bit_0-100 Test Num : 80
Inject into ../bin/hello
----- Type : 2_bit_0 Pos : PT_F40 -----
There are 1 faults will be injected in faulttable...
101015 microseconds
Fault on PT_F40(0X7f5fb0c43ee0 -> 0X7f5fb0c43ee0)
3000059 microseconds
timeout
[2016-10-27 10:17:55]Process 32391 termed with signal 14(SIGALRM)
PT_F40-2_bit_0-100 Test Num : 81
Inject into ../bin/hello
----- Type : 2_bit_0 Pos : PT_F40 -----
There are 1 faults will be injected in faulttable...
100996 microseconds
Fault on PT_F40(0X7f117194aee0 -> 0X7f113194aee0)
14 microseconds
[2016-10-27 10:17:55]Process 32393 termed with signal 11(SIGSEGV)
PT_F40-2_bit_0-100 Test Num : 82
Inject into ../bin/hello
----- Type : 2_bit_0 Pos : PT_F40 -----
There are 1 faults will be injected in faulttable...
101094 microseconds
Fault on PT_F40(0X7ff6d8d08ee0 -> 0X7ff698d08ee0)
16 microseconds
[2016-10-27 10:17:55]Process 32395 termed with signal 11(SIGSEGV)
PT_F40-2_bit_0-100 Test Num : 83
Inject into ../bin/hello
----- Type : 2_bit_0 Pos : PT_F40 -----
There are 1 faults will be injected in faulttable...
101078 microseconds
Fault on PT_F40(0X7fda971d8ee0 -> 0X7fda971d8ee0)
3000074 microseconds
timeout
[2016-10-27 10:17:58]Process 32397 termed with signal 14(SIGALRM)
PT_F40-2_bit_0-100 Test Num : 84
Inject into ../bin/hello
----- Type : 2_bit_0 Pos : PT_F40 -----
There are 1 faults will be injected in faulttable...
100982 microseconds
Fault on PT_F40(0X7f44636e8ee0 -> 0X3f44636e8ee0)
12 microseconds
[2016-10-27 10:17:58]Process 32399 termed with signal 11(SIGSEGV)
PT_F40-2_bit_0-100 Test Num : 85
Inject into ../bin/hello
----- Type : 2_bit_0 Pos : PT_F40 -----
There are 1 faults will be injected in faulttable...
100981 microseconds
Fault on PT_F40(0X7efe1818aee0 -> 0X7efe1818aee0)
3000086 microseconds
timeout
[ 2016-10-27 10:18:2]Process 32401 termed with signal 14(SIGALRM)
PT_F40-2_bit_0-100 Test Num : 86
Inject into ../bin/hello
----- Type : 2_bit_0 Pos : PT_F40 -----
There are 1 faults will be injected in faulttable...
101098 microseconds
Fault on PT_F40(0X7f3e73edfee0 -> 0X7f3e73cdfee0)
18 microseconds
[ 2016-10-27 10:18:2]Process 32403 termed with signal 11(SIGSEGV)
PT_F40-2_bit_0-100 Test Num : 87
Inject into ../bin/hello
----- Type : 2_bit_0 Pos : PT_F40 -----
There are 1 faults will be injected in faulttable...
101028 microseconds
Fault on PT_F40(0X7f8327d35ee0 -> 0X7f8327d35ee0)
3000277 microseconds
timeout
[ 2016-10-27 10:18:5]Process 32405 termed with signal 14(SIGALRM)
PT_F40-2_bit_0-100 Test Num : 88
Inject into ../bin/hello
----- Type : 2_bit_0 Pos : PT_F40 -----
There are 1 faults will be injected in faulttable...
101039 microseconds
Fault on PT_F40(0X7f0a367dbee0 -> 0X7f0a367dbea0)
25 microseconds
[ 2016-10-27 10:18:5]Process 32407 termed with signal 11(SIGSEGV)
PT_F40-2_bit_0-100 Test Num : 89
Inject into ../bin/hello
----- Type : 2_bit_0 Pos : PT_F40 -----
There are 1 faults will be injected in faulttable...
100068 microseconds
Fault on PT_F40(0X7f41e431dee0 -> 0X7f41e431dea0)
15 microseconds
[ 2016-10-27 10:18:5]Process 32409 termed with signal 11(SIGSEGV)
PT_F40-2_bit_0-100 Test Num : 90
Inject into ../bin/hello
----- Type : 2_bit_0 Pos : PT_F40 -----
There are 1 faults will be injected in faulttable...
101232 microseconds
Fault on PT_F40(0X7f9636e27ee0 -> 0X7f9636e27ea0)
19 microseconds
[ 2016-10-27 10:18:5]Process 32411 termed with signal 11(SIGSEGV)
PT_F40-2_bit_0-100 Test Num : 91
Inject into ../bin/hello
----- Type : 2_bit_0 Pos : PT_F40 -----
There are 1 faults will be injected in faulttable...
101103 microseconds
Fault on PT_F40(0X7f6e39b31ee0 -> 0X7f6e39b31ea0)
22 microseconds
[ 2016-10-27 10:18:5]Process 32413 termed with signal 11(SIGSEGV)
PT_F40-2_bit_0-100 Test Num : 92
Inject into ../bin/hello
----- Type : 2_bit_0 Pos : PT_F40 -----
There are 1 faults will be injected in faulttable...
101214 microseconds
Fault on PT_F40(0X7fc956194ee0 -> 0X7fc956194ea0)
16 microseconds
[ 2016-10-27 10:18:5]Process 32415 termed with signal 11(SIGSEGV)
PT_F40-2_bit_0-100 Test Num : 93
Inject into ../bin/hello
----- Type : 2_bit_0 Pos : PT_F40 -----
There are 1 faults will be injected in faulttable...
101152 microseconds
Fault on PT_F40(0X7f0b08a22ee0 -> 0X7f0b08a22ea0)
26 microseconds
[ 2016-10-27 10:18:5]Process 32417 termed with signal 11(SIGSEGV)
PT_F40-2_bit_0-100 Test Num : 94
Inject into ../bin/hello
----- Type : 2_bit_0 Pos : PT_F40 -----
There are 1 faults will be injected in faulttable...
101093 microseconds
Fault on PT_F40(0X7fab0bfe7ee0 -> 0X7bab0bfe7ee0)
19 microseconds
[ 2016-10-27 10:18:6]Process 32426 termed with signal 11(SIGSEGV)
PT_F40-2_bit_0-100 Test Num : 95
Inject into ../bin/hello
----- Type : 2_bit_0 Pos : PT_F40 -----
There are 1 faults will be injected in faulttable...
101172 microseconds
Fault on PT_F40(0X7f656309dee0 -> 0X7b656309dee0)
23 microseconds
[ 2016-10-27 10:18:6]Process 32428 termed with signal 11(SIGSEGV)
PT_F40-2_bit_0-100 Test Num : 96
Inject into ../bin/hello
----- Type : 2_bit_0 Pos : PT_F40 -----
There are 1 faults will be injected in faulttable...
101050 microseconds
Fault on PT_F40(0X7fc729596ee0 -> 0X7bc729596ee0)
21 microseconds
[ 2016-10-27 10:18:6]Process 32430 termed with signal 11(SIGSEGV)
PT_F40-2_bit_0-100 Test Num : 97
Inject into ../bin/hello
----- Type : 2_bit_0 Pos : PT_F40 -----
There are 1 faults will be injected in faulttable...
101116 microseconds
Fault on PT_F40(0X7f1714f19ee0 -> 0X7b1714f19ee0)
13 microseconds
[ 2016-10-27 10:18:6]Process 32432 termed with signal 11(SIGSEGV)
PT_F40-2_bit_0-100 Test Num : 98
Inject into ../bin/hello
----- Type : 2_bit_0 Pos : PT_F40 -----
There are 1 faults will be injected in faulttable...
101039 microseconds
Fault on PT_F40(0X7f29d086eee0 -> 0X7b29d086eee0)
14 microseconds
[ 2016-10-27 10:18:6]Process 32434 termed with signal 11(SIGSEGV)
PT_F40-2_bit_0-100 Test Num : 99
Inject into ../bin/hello
----- Type : 2_bit_0 Pos : PT_F40 -----
There are 1 faults will be injected in faulttable...
101041 microseconds
Fault on PT_F40(0X7f77b1025ee0 -> 0X7b77b1025ee0)
13 microseconds
[ 2016-10-27 10:18:6]Process 32436 termed with signal 11(SIGSEGV)
PT_F40-2_bit_0-100 Test Num : 100
Inject into ../bin/hello
----- Type : 2_bit_0 Pos : PT_F40 -----
There are 1 faults will be injected in faulttable...
100104 microseconds
Fault on PT_F40(0X7f925972cee0 -> 0X7b925972cee0)
22 microseconds
[ 2016-10-27 10:18:6]Process 32438 termed with signal 11(SIGSEGV)
