PT_F40-8_low_1-100 Test Num : 1
Inject into ../bin/hello
----- Type : 8_low_1 Pos : PT_F40 -----
There are 1 faults will be injected in faulttable...
101182 microseconds
Fault on PT_F40(0X7f9744e75ee0 -> 0X7f9744e75eff)
12 microseconds
[2016-10-27 10:19:56]Process 485 termed with signal 11(SIGSEGV)
PT_F40-8_low_1-100 Test Num : 2
Inject into ../bin/hello
----- Type : 8_low_1 Pos : PT_F40 -----
There are 1 faults will be injected in faulttable...
100978 microseconds
Fault on PT_F40(0X7f81cfee2ee0 -> 0X7f81cfee2eff)
21 microseconds
[2016-10-27 10:19:56]Process 487 termed with signal 11(SIGSEGV)
PT_F40-8_low_1-100 Test Num : 3
Inject into ../bin/hello
----- Type : 8_low_1 Pos : PT_F40 -----
There are 1 faults will be injected in faulttable...
101053 microseconds
Fault on PT_F40(0X7fbaa1e8aee0 -> 0X7fbaa1e8aeff)
22 microseconds
[2016-10-27 10:19:56]Process 489 termed with signal 11(SIGSEGV)
PT_F40-8_low_1-100 Test Num : 4
Inject into ../bin/hello
----- Type : 8_low_1 Pos : PT_F40 -----
There are 1 faults will be injected in faulttable...
100955 microseconds
Fault on PT_F40(0X7fa8c3f4dee0 -> 0X7fa8c3f4deff)
25 microseconds
[2016-10-27 10:19:56]Process 491 termed with signal 11(SIGSEGV)
PT_F40-8_low_1-100 Test Num : 5
Inject into ../bin/hello
----- Type : 8_low_1 Pos : PT_F40 -----
There are 1 faults will be injected in faulttable...
100894 microseconds
Fault on PT_F40(0X7f65dae04ee0 -> 0X7f65dae04eff)
16 microseconds
[2016-10-27 10:19:56]Process 493 termed with signal 11(SIGSEGV)
PT_F40-8_low_1-100 Test Num : 6
Inject into ../bin/hello
----- Type : 8_low_1 Pos : PT_F40 -----
There are 1 faults will be injected in faulttable...
100956 microseconds
Fault on PT_F40(0X7fedb1412ee0 -> 0X7fedb1412eff)
16 microseconds
[2016-10-27 10:19:56]Process 495 termed with signal 11(SIGSEGV)
PT_F40-8_low_1-100 Test Num : 7
Inject into ../bin/hello
----- Type : 8_low_1 Pos : PT_F40 -----
There are 1 faults will be injected in faulttable...
101097 microseconds
Fault on PT_F40(0X7ff91f122ee0 -> 0X7ff91f122eff)
16 microseconds
[2016-10-27 10:19:56]Process 497 termed with signal 11(SIGSEGV)
PT_F40-8_low_1-100 Test Num : 8
Inject into ../bin/hello
----- Type : 8_low_1 Pos : PT_F40 -----
There are 1 faults will be injected in faulttable...
101015 microseconds
Fault on PT_F40(0X7f4dbf228ee0 -> 0X7f4dbf228eff)
16 microseconds
[2016-10-27 10:19:56]Process 499 termed with signal 11(SIGSEGV)
PT_F40-8_low_1-100 Test Num : 9
Inject into ../bin/hello
----- Type : 8_low_1 Pos : PT_F40 -----
There are 1 faults will be injected in faulttable...
101065 microseconds
Fault on PT_F40(0X7f91e7217ee0 -> 0X7f91e7217eff)
16 microseconds
[2016-10-27 10:19:56]Process 501 termed with signal 11(SIGSEGV)
PT_F40-8_low_1-100 Test Num : 10
Inject into ../bin/hello
----- Type : 8_low_1 Pos : PT_F40 -----
There are 1 faults will be injected in faulttable...
100991 microseconds
Fault on PT_F40(0X7f27c5143ee0 -> 0X7f27c5143eff)
17 microseconds
[2016-10-27 10:19:57]Process 503 termed with signal 11(SIGSEGV)
PT_F40-8_low_1-100 Test Num : 11
Inject into ../bin/hello
----- Type : 8_low_1 Pos : PT_F40 -----
There are 1 faults will be injected in faulttable...
100064 microseconds
Fault on PT_F40(0X7f8bfe91aee0 -> 0X7f8bfe91aeff)
14 microseconds
[2016-10-27 10:19:57]Process 505 termed with signal 11(SIGSEGV)
PT_F40-8_low_1-100 Test Num : 12
Inject into ../bin/hello
----- Type : 8_low_1 Pos : PT_F40 -----
There are 1 faults will be injected in faulttable...
100077 microseconds
Fault on PT_F40(0X7f1058553ee0 -> 0X7f1058553eff)
15 microseconds
[2016-10-27 10:19:57]Process 510 termed with signal 11(SIGSEGV)
PT_F40-8_low_1-100 Test Num : 13
Inject into ../bin/hello
----- Type : 8_low_1 Pos : PT_F40 -----
There are 1 faults will be injected in faulttable...
100950 microseconds
Fault on PT_F40(0X7f8df0aafee0 -> 0X7f8df0aafeff)
14 microseconds
[2016-10-27 10:19:57]Process 516 termed with signal 11(SIGSEGV)
PT_F40-8_low_1-100 Test Num : 14
Inject into ../bin/hello
----- Type : 8_low_1 Pos : PT_F40 -----
There are 1 faults will be injected in faulttable...
100968 microseconds
Fault on PT_F40(0X7fe14c7c2ee0 -> 0X7fe14c7c2eff)
15 microseconds
[2016-10-27 10:19:57]Process 518 termed with signal 11(SIGSEGV)
PT_F40-8_low_1-100 Test Num : 15
Inject into ../bin/hello
----- Type : 8_low_1 Pos : PT_F40 -----
There are 1 faults will be injected in faulttable...
100956 microseconds
Fault on PT_F40(0X7f77d4ba7ee0 -> 0X7f77d4ba7eff)
13 microseconds
[2016-10-27 10:19:57]Process 520 termed with signal 11(SIGSEGV)
PT_F40-8_low_1-100 Test Num : 16
Inject into ../bin/hello
----- Type : 8_low_1 Pos : PT_F40 -----
There are 1 faults will be injected in faulttable...
100990 microseconds
Fault on PT_F40(0X7fb289377ee0 -> 0X7fb289377eff)
24 microseconds
[2016-10-27 10:19:57]Process 522 termed with signal 11(SIGSEGV)
PT_F40-8_low_1-100 Test Num : 17
Inject into ../bin/hello
----- Type : 8_low_1 Pos : PT_F40 -----
There are 1 faults will be injected in faulttable...
100096 microseconds
Fault on PT_F40(0X7f9520a48ee0 -> 0X7f9520a48eff)
22 microseconds
[2016-10-27 10:19:57]Process 524 termed with signal 11(SIGSEGV)
PT_F40-8_low_1-100 Test Num : 18
Inject into ../bin/hello
----- Type : 8_low_1 Pos : PT_F40 -----
There are 1 faults will be injected in faulttable...
101147 microseconds
Fault on PT_F40(0X7fb19beacee0 -> 0X7fb19beaceff)
15 microseconds
[2016-10-27 10:19:57]Process 526 termed with signal 11(SIGSEGV)
PT_F40-8_low_1-100 Test Num : 19
Inject into ../bin/hello
----- Type : 8_low_1 Pos : PT_F40 -----
There are 1 faults will be injected in faulttable...
100984 microseconds
Fault on PT_F40(0X7fbd51586ee0 -> 0X7fbd51586eff)
13 microseconds
[2016-10-27 10:19:57]Process 528 termed with signal 11(SIGSEGV)
PT_F40-8_low_1-100 Test Num : 20
Inject into ../bin/hello
----- Type : 8_low_1 Pos : PT_F40 -----
There are 1 faults will be injected in faulttable...
100954 microseconds
Fault on PT_F40(0X7fb6d927bee0 -> 0X7fb6d927beff)
14 microseconds
[2016-10-27 10:19:58]Process 530 termed with signal 11(SIGSEGV)
PT_F40-8_low_1-100 Test Num : 21
Inject into ../bin/hello
----- Type : 8_low_1 Pos : PT_F40 -----
There are 1 faults will be injected in faulttable...
100970 microseconds
Fault on PT_F40(0X7f6d1baf3ee0 -> 0X7f6d1baf3eff)
14 microseconds
[2016-10-27 10:19:58]Process 532 termed with signal 11(SIGSEGV)
PT_F40-8_low_1-100 Test Num : 22
Inject into ../bin/hello
----- Type : 8_low_1 Pos : PT_F40 -----
There are 1 faults will be injected in faulttable...
100117 microseconds
Fault on PT_F40(0X7f3338383ee0 -> 0X7f3338383eff)
23 microseconds
[2016-10-27 10:19:58]Process 541 termed with signal 11(SIGSEGV)
PT_F40-8_low_1-100 Test Num : 23
Inject into ../bin/hello
----- Type : 8_low_1 Pos : PT_F40 -----
There are 1 faults will be injected in faulttable...
101248 microseconds
Fault on PT_F40(0X7ff17fcddee0 -> 0X7ff17fcddeff)
16 microseconds
[2016-10-27 10:19:58]Process 543 termed with signal 11(SIGSEGV)
PT_F40-8_low_1-100 Test Num : 24
Inject into ../bin/hello
----- Type : 8_low_1 Pos : PT_F40 -----
There are 1 faults will be injected in faulttable...
100488 microseconds
Fault on PT_F40(0X7fd3394a8ee0 -> 0X7fd3394a8eff)
12 microseconds
[2016-10-27 10:19:58]Process 545 termed with signal 11(SIGSEGV)
PT_F40-8_low_1-100 Test Num : 25
Inject into ../bin/hello
----- Type : 8_low_1 Pos : PT_F40 -----
There are 1 faults will be injected in faulttable...
101220 microseconds
Fault on PT_F40(0X7f0de3065ee0 -> 0X7f0de3065eff)
23 microseconds
[2016-10-27 10:19:58]Process 547 termed with signal 11(SIGSEGV)
PT_F40-8_low_1-100 Test Num : 26
Inject into ../bin/hello
----- Type : 8_low_1 Pos : PT_F40 -----
There are 1 faults will be injected in faulttable...
101226 microseconds
Fault on PT_F40(0X7fe212b89ee0 -> 0X7fe212b89eff)
20 microseconds
[2016-10-27 10:19:58]Process 549 termed with signal 11(SIGSEGV)
PT_F40-8_low_1-100 Test Num : 27
Inject into ../bin/hello
----- Type : 8_low_1 Pos : PT_F40 -----
There are 1 faults will be injected in faulttable...
101412 microseconds
Fault on PT_F40(0X7f7a10efaee0 -> 0X7f7a10efaeff)
17 microseconds
[2016-10-27 10:19:58]Process 551 termed with signal 11(SIGSEGV)
PT_F40-8_low_1-100 Test Num : 28
Inject into ../bin/hello
----- Type : 8_low_1 Pos : PT_F40 -----
There are 1 faults will be injected in faulttable...
100051 microseconds
Fault on PT_F40(0X7fa467e33ee0 -> 0X7fa467e33eff)
24 microseconds
[2016-10-27 10:19:58]Process 553 termed with signal 11(SIGSEGV)
PT_F40-8_low_1-100 Test Num : 29
Inject into ../bin/hello
----- Type : 8_low_1 Pos : PT_F40 -----
There are 1 faults will be injected in faulttable...
100252 microseconds
Fault on PT_F40(0X7f317a89fee0 -> 0X7f317a89feff)
20 microseconds
[2016-10-27 10:19:59]Process 562 termed with signal 11(SIGSEGV)
PT_F40-8_low_1-100 Test Num : 30
Inject into ../bin/hello
----- Type : 8_low_1 Pos : PT_F40 -----
There are 1 faults will be injected in faulttable...
101156 microseconds
Fault on PT_F40(0X7fddab766ee0 -> 0X7fddab766eff)
24 microseconds
[2016-10-27 10:19:59]Process 564 termed with signal 11(SIGSEGV)
PT_F40-8_low_1-100 Test Num : 31
Inject into ../bin/hello
----- Type : 8_low_1 Pos : PT_F40 -----
There are 1 faults will be injected in faulttable...
101047 microseconds
Fault on PT_F40(0X7f718bbddee0 -> 0X7f718bbddeff)
16 microseconds
[2016-10-27 10:19:59]Process 566 termed with signal 11(SIGSEGV)
PT_F40-8_low_1-100 Test Num : 32
Inject into ../bin/hello
----- Type : 8_low_1 Pos : PT_F40 -----
There are 1 faults will be injected in faulttable...
101094 microseconds
Fault on PT_F40(0X7ff78d455ee0 -> 0X7ff78d455eff)
24 microseconds
[2016-10-27 10:19:59]Process 568 termed with signal 11(SIGSEGV)
PT_F40-8_low_1-100 Test Num : 33
Inject into ../bin/hello
----- Type : 8_low_1 Pos : PT_F40 -----
There are 1 faults will be injected in faulttable...
101108 microseconds
Fault on PT_F40(0X7f4e8d43bee0 -> 0X7f4e8d43beff)
19 microseconds
[2016-10-27 10:19:59]Process 570 termed with signal 11(SIGSEGV)
PT_F40-8_low_1-100 Test Num : 34
Inject into ../bin/hello
----- Type : 8_low_1 Pos : PT_F40 -----
There are 1 faults will be injected in faulttable...
100136 microseconds
Fault on PT_F40(0X7f3fa3d1cee0 -> 0X7f3fa3d1ceff)
23 microseconds
[2016-10-27 10:19:59]Process 572 termed with signal 11(SIGSEGV)
PT_F40-8_low_1-100 Test Num : 35
Inject into ../bin/hello
----- Type : 8_low_1 Pos : PT_F40 -----
There are 1 faults will be injected in faulttable...
101268 microseconds
Fault on PT_F40(0X7f8778884ee0 -> 0X7f8778884eff)
17 microseconds
[2016-10-27 10:19:59]Process 574 termed with signal 11(SIGSEGV)
PT_F40-8_low_1-100 Test Num : 36
Inject into ../bin/hello
----- Type : 8_low_1 Pos : PT_F40 -----
There are 1 faults will be injected in faulttable...
101038 microseconds
Fault on PT_F40(0X7f12e6926ee0 -> 0X7f12e6926eff)
14 microseconds
[2016-10-27 10:19:59]Process 576 termed with signal 11(SIGSEGV)
PT_F40-8_low_1-100 Test Num : 37
Inject into ../bin/hello
----- Type : 8_low_1 Pos : PT_F40 -----
There are 1 faults will be injected in faulttable...
101056 microseconds
Fault on PT_F40(0X7f6ae4713ee0 -> 0X7f6ae4713eff)
15 microseconds
[2016-10-27 10:19:59]Process 585 termed with signal 11(SIGSEGV)
PT_F40-8_low_1-100 Test Num : 38
Inject into ../bin/hello
----- Type : 8_low_1 Pos : PT_F40 -----
There are 1 faults will be injected in faulttable...
101127 microseconds
Fault on PT_F40(0X7faed667cee0 -> 0X7faed667ceff)
19 microseconds
[ 2016-10-27 10:20:0]Process 587 termed with signal 11(SIGSEGV)
PT_F40-8_low_1-100 Test Num : 39
Inject into ../bin/hello
----- Type : 8_low_1 Pos : PT_F40 -----
There are 1 faults will be injected in faulttable...
101690 microseconds
Fault on PT_F40(0X7fd8e9de3ee0 -> 0X7fd8e9de3eff)
17 microseconds
[ 2016-10-27 10:20:0]Process 589 termed with signal 11(SIGSEGV)
PT_F40-8_low_1-100 Test Num : 40
Inject into ../bin/hello
----- Type : 8_low_1 Pos : PT_F40 -----
There are 1 faults will be injected in faulttable...
101108 microseconds
Fault on PT_F40(0X7f0997e1bee0 -> 0X7f0997e1beff)
16 microseconds
[ 2016-10-27 10:20:0]Process 591 termed with signal 11(SIGSEGV)
PT_F40-8_low_1-100 Test Num : 41
Inject into ../bin/hello
----- Type : 8_low_1 Pos : PT_F40 -----
There are 1 faults will be injected in faulttable...
101032 microseconds
Fault on PT_F40(0X7f89526c1ee0 -> 0X7f89526c1eff)
15 microseconds
[ 2016-10-27 10:20:0]Process 593 termed with signal 11(SIGSEGV)
PT_F40-8_low_1-100 Test Num : 42
Inject into ../bin/hello
----- Type : 8_low_1 Pos : PT_F40 -----
There are 1 faults will be injected in faulttable...
101250 microseconds
Fault on PT_F40(0X7f8e30e92ee0 -> 0X7f8e30e92eff)
23 microseconds
[ 2016-10-27 10:20:0]Process 595 termed with signal 11(SIGSEGV)
PT_F40-8_low_1-100 Test Num : 43
Inject into ../bin/hello
----- Type : 8_low_1 Pos : PT_F40 -----
There are 1 faults will be injected in faulttable...
100973 microseconds
Fault on PT_F40(0X7fb2f2f99ee0 -> 0X7fb2f2f99eff)
22 microseconds
[ 2016-10-27 10:20:0]Process 597 termed with signal 11(SIGSEGV)
PT_F40-8_low_1-100 Test Num : 44
Inject into ../bin/hello
----- Type : 8_low_1 Pos : PT_F40 -----
There are 1 faults will be injected in faulttable...
100093 microseconds
Fault on PT_F40(0X7fdfdcb01ee0 -> 0X7fdfdcb01eff)
15 microseconds
[ 2016-10-27 10:20:0]Process 599 termed with signal 11(SIGSEGV)
PT_F40-8_low_1-100 Test Num : 45
Inject into ../bin/hello
----- Type : 8_low_1 Pos : PT_F40 -----
There are 1 faults will be injected in faulttable...
101004 microseconds
Fault on PT_F40(0X7fd4caa8eee0 -> 0X7fd4caa8eeff)
25 microseconds
[ 2016-10-27 10:20:0]Process 608 termed with signal 11(SIGSEGV)
PT_F40-8_low_1-100 Test Num : 46
Inject into ../bin/hello
----- Type : 8_low_1 Pos : PT_F40 -----
There are 1 faults will be injected in faulttable...
100999 microseconds
Fault on PT_F40(0X7f9351ae1ee0 -> 0X7f9351ae1eff)
20 microseconds
[ 2016-10-27 10:20:0]Process 610 termed with signal 11(SIGSEGV)
PT_F40-8_low_1-100 Test Num : 47
Inject into ../bin/hello
----- Type : 8_low_1 Pos : PT_F40 -----
There are 1 faults will be injected in faulttable...
101019 microseconds
Fault on PT_F40(0X7f90ae2bfee0 -> 0X7f90ae2bfeff)
23 microseconds
[ 2016-10-27 10:20:1]Process 612 termed with signal 11(SIGSEGV)
PT_F40-8_low_1-100 Test Num : 48
Inject into ../bin/hello
----- Type : 8_low_1 Pos : PT_F40 -----
There are 1 faults will be injected in faulttable...
100992 microseconds
Fault on PT_F40(0X7f0ef910fee0 -> 0X7f0ef910feff)
23 microseconds
[ 2016-10-27 10:20:1]Process 614 termed with signal 11(SIGSEGV)
PT_F40-8_low_1-100 Test Num : 49
Inject into ../bin/hello
----- Type : 8_low_1 Pos : PT_F40 -----
There are 1 faults will be injected in faulttable...
101129 microseconds
Fault on PT_F40(0X7f7112ceeee0 -> 0X7f7112ceeeff)
16 microseconds
[ 2016-10-27 10:20:1]Process 616 termed with signal 11(SIGSEGV)
PT_F40-8_low_1-100 Test Num : 50
Inject into ../bin/hello
----- Type : 8_low_1 Pos : PT_F40 -----
There are 1 faults will be injected in faulttable...
101269 microseconds
Fault on PT_F40(0X7f3a13d36ee0 -> 0X7f3a13d36eff)
15 microseconds
[ 2016-10-27 10:20:1]Process 618 termed with signal 11(SIGSEGV)
PT_F40-8_low_1-100 Test Num : 51
Inject into ../bin/hello
----- Type : 8_low_1 Pos : PT_F40 -----
There are 1 faults will be injected in faulttable...
100076 microseconds
Fault on PT_F40(0X7fce2d34bee0 -> 0X7fce2d34beff)
15 microseconds
[ 2016-10-27 10:20:1]Process 627 termed with signal 11(SIGSEGV)
PT_F40-8_low_1-100 Test Num : 52
Inject into ../bin/hello
----- Type : 8_low_1 Pos : PT_F40 -----
There are 1 faults will be injected in faulttable...
100086 microseconds
Fault on PT_F40(0X7f0b90265ee0 -> 0X7f0b90265eff)
16 microseconds
[ 2016-10-27 10:20:1]Process 633 termed with signal 11(SIGSEGV)
PT_F40-8_low_1-100 Test Num : 53
Inject into ../bin/hello
----- Type : 8_low_1 Pos : PT_F40 -----
There are 1 faults will be injected in faulttable...
101125 microseconds
Fault on PT_F40(0X7f1cf5da2ee0 -> 0X7f1cf5da2eff)
14 microseconds
[ 2016-10-27 10:20:1]Process 635 termed with signal 11(SIGSEGV)
PT_F40-8_low_1-100 Test Num : 54
Inject into ../bin/hello
----- Type : 8_low_1 Pos : PT_F40 -----
There are 1 faults will be injected in faulttable...
100926 microseconds
Fault on PT_F40(0X7fecb34abee0 -> 0X7fecb34abeff)
20 microseconds
[ 2016-10-27 10:20:1]Process 637 termed with signal 11(SIGSEGV)
PT_F40-8_low_1-100 Test Num : 55
Inject into ../bin/hello
----- Type : 8_low_1 Pos : PT_F40 -----
There are 1 faults will be injected in faulttable...
101043 microseconds
Fault on PT_F40(0X7f2ac2c96ee0 -> 0X7f2ac2c96eff)
18 microseconds
[ 2016-10-27 10:20:1]Process 639 termed with signal 11(SIGSEGV)
PT_F40-8_low_1-100 Test Num : 56
Inject into ../bin/hello
----- Type : 8_low_1 Pos : PT_F40 -----
There are 1 faults will be injected in faulttable...
101392 microseconds
Fault on PT_F40(0X7fe3f3ae7ee0 -> 0X7fe3f3ae7eff)
15 microseconds
[ 2016-10-27 10:20:2]Process 641 termed with signal 11(SIGSEGV)
PT_F40-8_low_1-100 Test Num : 57
Inject into ../bin/hello
----- Type : 8_low_1 Pos : PT_F40 -----
There are 1 faults will be injected in faulttable...
100118 microseconds
Fault on PT_F40(0X7f72c658dee0 -> 0X7f72c658deff)
16 microseconds
[ 2016-10-27 10:20:2]Process 643 termed with signal 11(SIGSEGV)
PT_F40-8_low_1-100 Test Num : 58
Inject into ../bin/hello
----- Type : 8_low_1 Pos : PT_F40 -----
There are 1 faults will be injected in faulttable...
101089 microseconds
Fault on PT_F40(0X7f68757a8ee0 -> 0X7f68757a8eff)
17 microseconds
[ 2016-10-27 10:20:2]Process 645 termed with signal 11(SIGSEGV)
PT_F40-8_low_1-100 Test Num : 59
Inject into ../bin/hello
----- Type : 8_low_1 Pos : PT_F40 -----
There are 1 faults will be injected in faulttable...
101097 microseconds
Fault on PT_F40(0X7f4a82a09ee0 -> 0X7f4a82a09eff)
15 microseconds
[ 2016-10-27 10:20:2]Process 647 termed with signal 11(SIGSEGV)
PT_F40-8_low_1-100 Test Num : 60
Inject into ../bin/hello
----- Type : 8_low_1 Pos : PT_F40 -----
There are 1 faults will be injected in faulttable...
101039 microseconds
Fault on PT_F40(0X7f4540468ee0 -> 0X7f4540468eff)
18 microseconds
[ 2016-10-27 10:20:2]Process 649 termed with signal 11(SIGSEGV)
PT_F40-8_low_1-100 Test Num : 61
Inject into ../bin/hello
----- Type : 8_low_1 Pos : PT_F40 -----
There are 1 faults will be injected in faulttable...
101021 microseconds
Fault on PT_F40(0X7f07daabcee0 -> 0X7f07daabceff)
16 microseconds
[ 2016-10-27 10:20:2]Process 651 termed with signal 11(SIGSEGV)
PT_F40-8_low_1-100 Test Num : 62
Inject into ../bin/hello
----- Type : 8_low_1 Pos : PT_F40 -----
There are 1 faults will be injected in faulttable...
101060 microseconds
Fault on PT_F40(0X7fbefd429ee0 -> 0X7fbefd429eff)
19 microseconds
[ 2016-10-27 10:20:2]Process 653 termed with signal 11(SIGSEGV)
PT_F40-8_low_1-100 Test Num : 63
Inject into ../bin/hello
----- Type : 8_low_1 Pos : PT_F40 -----
There are 1 faults will be injected in faulttable...
101297 microseconds
Fault on PT_F40(0X7fdae0731ee0 -> 0X7fdae0731eff)
29 microseconds
[ 2016-10-27 10:20:2]Process 655 termed with signal 11(SIGSEGV)
PT_F40-8_low_1-100 Test Num : 64
Inject into ../bin/hello
----- Type : 8_low_1 Pos : PT_F40 -----
There are 1 faults will be injected in faulttable...
101036 microseconds
Fault on PT_F40(0X7f3d4cf90ee0 -> 0X7f3d4cf90eff)
20 microseconds
[ 2016-10-27 10:20:2]Process 657 termed with signal 11(SIGSEGV)
PT_F40-8_low_1-100 Test Num : 65
Inject into ../bin/hello
----- Type : 8_low_1 Pos : PT_F40 -----
There are 1 faults will be injected in faulttable...
101128 microseconds
Fault on PT_F40(0X7f2ed1814ee0 -> 0X7f2ed1814eff)
13 microseconds
[ 2016-10-27 10:20:3]Process 659 termed with signal 11(SIGSEGV)
PT_F40-8_low_1-100 Test Num : 66
Inject into ../bin/hello
----- Type : 8_low_1 Pos : PT_F40 -----
There are 1 faults will be injected in faulttable...
101030 microseconds
Fault on PT_F40(0X7fe93da69ee0 -> 0X7fe93da69eff)
15 microseconds
[ 2016-10-27 10:20:3]Process 661 termed with signal 11(SIGSEGV)
PT_F40-8_low_1-100 Test Num : 67
Inject into ../bin/hello
----- Type : 8_low_1 Pos : PT_F40 -----
There are 1 faults will be injected in faulttable...
101233 microseconds
Fault on PT_F40(0X7fbc3c07fee0 -> 0X7fbc3c07feff)
13 microseconds
[ 2016-10-27 10:20:3]Process 663 termed with signal 11(SIGSEGV)
PT_F40-8_low_1-100 Test Num : 68
Inject into ../bin/hello
----- Type : 8_low_1 Pos : PT_F40 -----
There are 1 faults will be injected in faulttable...
100080 microseconds
Fault on PT_F40(0X7fc2077b7ee0 -> 0X7fc2077b7eff)
62 microseconds
[ 2016-10-27 10:20:3]Process 668 termed with signal 11(SIGSEGV)
PT_F40-8_low_1-100 Test Num : 69
Inject into ../bin/hello
----- Type : 8_low_1 Pos : PT_F40 -----
There are 1 faults will be injected in faulttable...
100945 microseconds
Fault on PT_F40(0X7f1956676ee0 -> 0X7f1956676eff)
17 microseconds
[ 2016-10-27 10:20:3]Process 674 termed with signal 11(SIGSEGV)
PT_F40-8_low_1-100 Test Num : 70
Inject into ../bin/hello
----- Type : 8_low_1 Pos : PT_F40 -----
There are 1 faults will be injected in faulttable...
100114 microseconds
Fault on PT_F40(0X7f2ae7af8ee0 -> 0X7f2ae7af8eff)
16 microseconds
[ 2016-10-27 10:20:3]Process 676 termed with signal 11(SIGSEGV)
PT_F40-8_low_1-100 Test Num : 71
Inject into ../bin/hello
----- Type : 8_low_1 Pos : PT_F40 -----
There are 1 faults will be injected in faulttable...
100915 microseconds
Fault on PT_F40(0X7f167d3e1ee0 -> 0X7f167d3e1eff)
14 microseconds
[ 2016-10-27 10:20:3]Process 678 termed with signal 11(SIGSEGV)
PT_F40-8_low_1-100 Test Num : 72
Inject into ../bin/hello
----- Type : 8_low_1 Pos : PT_F40 -----
There are 1 faults will be injected in faulttable...
100910 microseconds
Fault on PT_F40(0X7fee4ca3eee0 -> 0X7fee4ca3eeff)
13 microseconds
[ 2016-10-27 10:20:3]Process 680 termed with signal 11(SIGSEGV)
PT_F40-8_low_1-100 Test Num : 73
Inject into ../bin/hello
----- Type : 8_low_1 Pos : PT_F40 -----
There are 1 faults will be injected in faulttable...
101047 microseconds
Fault on PT_F40(0X7f1ee2139ee0 -> 0X7f1ee2139eff)
15 microseconds
[ 2016-10-27 10:20:3]Process 682 termed with signal 11(SIGSEGV)
PT_F40-8_low_1-100 Test Num : 74
Inject into ../bin/hello
----- Type : 8_low_1 Pos : PT_F40 -----
There are 1 faults will be injected in faulttable...
101016 microseconds
Fault on PT_F40(0X7f0bf631fee0 -> 0X7f0bf631feff)
16 microseconds
[ 2016-10-27 10:20:4]Process 684 termed with signal 11(SIGSEGV)
PT_F40-8_low_1-100 Test Num : 75
Inject into ../bin/hello
----- Type : 8_low_1 Pos : PT_F40 -----
There are 1 faults will be injected in faulttable...
100976 microseconds
Fault on PT_F40(0X7fa074d1fee0 -> 0X7fa074d1feff)
22 microseconds
[ 2016-10-27 10:20:4]Process 686 termed with signal 11(SIGSEGV)
PT_F40-8_low_1-100 Test Num : 76
Inject into ../bin/hello
----- Type : 8_low_1 Pos : PT_F40 -----
There are 1 faults will be injected in faulttable...
101092 microseconds
Fault on PT_F40(0X7f64679cbee0 -> 0X7f64679cbeff)
17 microseconds
[ 2016-10-27 10:20:4]Process 688 termed with signal 11(SIGSEGV)
PT_F40-8_low_1-100 Test Num : 77
Inject into ../bin/hello
----- Type : 8_low_1 Pos : PT_F40 -----
There are 1 faults will be injected in faulttable...
101035 microseconds
Fault on PT_F40(0X7f2bb8232ee0 -> 0X7f2bb8232eff)
22 microseconds
[ 2016-10-27 10:20:4]Process 690 termed with signal 11(SIGSEGV)
PT_F40-8_low_1-100 Test Num : 78
Inject into ../bin/hello
----- Type : 8_low_1 Pos : PT_F40 -----
There are 1 faults will be injected in faulttable...
101591 microseconds
Fault on PT_F40(0X7f187624aee0 -> 0X7f187624aeff)
13 microseconds
[ 2016-10-27 10:20:4]Process 692 termed with signal 11(SIGSEGV)
PT_F40-8_low_1-100 Test Num : 79
Inject into ../bin/hello
----- Type : 8_low_1 Pos : PT_F40 -----
There are 1 faults will be injected in faulttable...
101370 microseconds
Fault on PT_F40(0X7ff95ce3eee0 -> 0X7ff95ce3eeff)
14 microseconds
[ 2016-10-27 10:20:4]Process 694 termed with signal 11(SIGSEGV)
PT_F40-8_low_1-100 Test Num : 80
Inject into ../bin/hello
----- Type : 8_low_1 Pos : PT_F40 -----
There are 1 faults will be injected in faulttable...
101273 microseconds
Fault on PT_F40(0X7fd81af60ee0 -> 0X7fd81af60eff)
14 microseconds
[ 2016-10-27 10:20:4]Process 696 termed with signal 11(SIGSEGV)
PT_F40-8_low_1-100 Test Num : 81
Inject into ../bin/hello
----- Type : 8_low_1 Pos : PT_F40 -----
There are 1 faults will be injected in faulttable...
100924 microseconds
Fault on PT_F40(0X7f96c629eee0 -> 0X7f96c629eeff)
19 microseconds
[ 2016-10-27 10:20:4]Process 698 termed with signal 11(SIGSEGV)
PT_F40-8_low_1-100 Test Num : 82
Inject into ../bin/hello
----- Type : 8_low_1 Pos : PT_F40 -----
There are 1 faults will be injected in faulttable...
100966 microseconds
Fault on PT_F40(0X7f3368ae8ee0 -> 0X7f3368ae8eff)
17 microseconds
[ 2016-10-27 10:20:4]Process 700 termed with signal 11(SIGSEGV)
PT_F40-8_low_1-100 Test Num : 83
Inject into ../bin/hello
----- Type : 8_low_1 Pos : PT_F40 -----
There are 1 faults will be injected in faulttable...
101098 microseconds
Fault on PT_F40(0X7f8bfa782ee0 -> 0X7f8bfa782eff)
18 microseconds
[ 2016-10-27 10:20:4]Process 702 termed with signal 11(SIGSEGV)
PT_F40-8_low_1-100 Test Num : 84
Inject into ../bin/hello
----- Type : 8_low_1 Pos : PT_F40 -----
There are 1 faults will be injected in faulttable...
101011 microseconds
Fault on PT_F40(0X7f728e791ee0 -> 0X7f728e791eff)
24 microseconds
[ 2016-10-27 10:20:5]Process 704 termed with signal 11(SIGSEGV)
PT_F40-8_low_1-100 Test Num : 85
Inject into ../bin/hello
----- Type : 8_low_1 Pos : PT_F40 -----
There are 1 faults will be injected in faulttable...
100990 microseconds
Fault on PT_F40(0X7f6e2274eee0 -> 0X7f6e2274eeff)
15 microseconds
[ 2016-10-27 10:20:5]Process 706 termed with signal 11(SIGSEGV)
PT_F40-8_low_1-100 Test Num : 86
Inject into ../bin/hello
----- Type : 8_low_1 Pos : PT_F40 -----
There are 1 faults will be injected in faulttable...
100967 microseconds
Fault on PT_F40(0X7fe9c70b2ee0 -> 0X7fe9c70b2eff)
20 microseconds
[ 2016-10-27 10:20:5]Process 715 termed with signal 11(SIGSEGV)
PT_F40-8_low_1-100 Test Num : 87
Inject into ../bin/hello
----- Type : 8_low_1 Pos : PT_F40 -----
There are 1 faults will be injected in faulttable...
100957 microseconds
Fault on PT_F40(0X7f49800efee0 -> 0X7f49800efeff)
20 microseconds
[ 2016-10-27 10:20:5]Process 717 termed with signal 11(SIGSEGV)
PT_F40-8_low_1-100 Test Num : 88
Inject into ../bin/hello
----- Type : 8_low_1 Pos : PT_F40 -----
There are 1 faults will be injected in faulttable...
101065 microseconds
Fault on PT_F40(0X7fa4ea397ee0 -> 0X7fa4ea397eff)
19 microseconds
[ 2016-10-27 10:20:5]Process 719 termed with signal 11(SIGSEGV)
PT_F40-8_low_1-100 Test Num : 89
Inject into ../bin/hello
----- Type : 8_low_1 Pos : PT_F40 -----
There are 1 faults will be injected in faulttable...
100979 microseconds
Fault on PT_F40(0X7f446b148ee0 -> 0X7f446b148eff)
15 microseconds
[ 2016-10-27 10:20:5]Process 721 termed with signal 11(SIGSEGV)
PT_F40-8_low_1-100 Test Num : 90
Inject into ../bin/hello
----- Type : 8_low_1 Pos : PT_F40 -----
There are 1 faults will be injected in faulttable...
100101 microseconds
Fault on PT_F40(0X7f2e1618fee0 -> 0X7f2e1618feff)
22 microseconds
[ 2016-10-27 10:20:5]Process 723 termed with signal 11(SIGSEGV)
PT_F40-8_low_1-100 Test Num : 91
Inject into ../bin/hello
----- Type : 8_low_1 Pos : PT_F40 -----
There are 1 faults will be injected in faulttable...
101250 microseconds
Fault on PT_F40(0X7f2d58673ee0 -> 0X7f2d58673eff)
22 microseconds
[ 2016-10-27 10:20:5]Process 725 termed with signal 11(SIGSEGV)
PT_F40-8_low_1-100 Test Num : 92
Inject into ../bin/hello
----- Type : 8_low_1 Pos : PT_F40 -----
There are 1 faults will be injected in faulttable...
100072 microseconds
Fault on PT_F40(0X7f1287133ee0 -> 0X7f1287133eff)
14 microseconds
[ 2016-10-27 10:20:5]Process 727 termed with signal 11(SIGSEGV)
PT_F40-8_low_1-100 Test Num : 93
Inject into ../bin/hello
----- Type : 8_low_1 Pos : PT_F40 -----
There are 1 faults will be injected in faulttable...
101079 microseconds
Fault on PT_F40(0X7f48196e1ee0 -> 0X7f48196e1eff)
16 microseconds
[ 2016-10-27 10:20:6]Process 729 termed with signal 11(SIGSEGV)
PT_F40-8_low_1-100 Test Num : 94
Inject into ../bin/hello
----- Type : 8_low_1 Pos : PT_F40 -----
There are 1 faults will be injected in faulttable...
100088 microseconds
Fault on PT_F40(0X7f3b5b87dee0 -> 0X7f3b5b87deff)
19 microseconds
[ 2016-10-27 10:20:6]Process 734 termed with signal 11(SIGSEGV)
PT_F40-8_low_1-100 Test Num : 95
Inject into ../bin/hello
----- Type : 8_low_1 Pos : PT_F40 -----
There are 1 faults will be injected in faulttable...
100303 microseconds
Fault on PT_F40(0X7fbb027c5ee0 -> 0X7fbb027c5eff)
22 microseconds
[ 2016-10-27 10:20:6]Process 740 termed with signal 11(SIGSEGV)
PT_F40-8_low_1-100 Test Num : 96
Inject into ../bin/hello
----- Type : 8_low_1 Pos : PT_F40 -----
There are 1 faults will be injected in faulttable...
101035 microseconds
Fault on PT_F40(0X7f8d771b1ee0 -> 0X7f8d771b1eff)
16 microseconds
[ 2016-10-27 10:20:6]Process 742 termed with signal 11(SIGSEGV)
PT_F40-8_low_1-100 Test Num : 97
Inject into ../bin/hello
----- Type : 8_low_1 Pos : PT_F40 -----
There are 1 faults will be injected in faulttable...
101268 microseconds
Fault on PT_F40(0X7f63f538bee0 -> 0X7f63f538beff)
37 microseconds
[ 2016-10-27 10:20:6]Process 744 termed with signal 11(SIGSEGV)
PT_F40-8_low_1-100 Test Num : 98
Inject into ../bin/hello
----- Type : 8_low_1 Pos : PT_F40 -----
There are 1 faults will be injected in faulttable...
100081 microseconds
Fault on PT_F40(0X7ff5f4f22ee0 -> 0X7ff5f4f22eff)
15 microseconds
[ 2016-10-27 10:20:6]Process 746 termed with signal 11(SIGSEGV)
PT_F40-8_low_1-100 Test Num : 99
Inject into ../bin/hello
----- Type : 8_low_1 Pos : PT_F40 -----
There are 1 faults will be injected in faulttable...
101080 microseconds
Fault on PT_F40(0X7f5d71b14ee0 -> 0X7f5d71b14eff)
15 microseconds
[ 2016-10-27 10:20:6]Process 748 termed with signal 11(SIGSEGV)
PT_F40-8_low_1-100 Test Num : 100
Inject into ../bin/hello
----- Type : 8_low_1 Pos : PT_F40 -----
There are 1 faults will be injected in faulttable...
100123 microseconds
Fault on PT_F40(0X7faffa031ee0 -> 0X7faffa031eff)
21 microseconds
[ 2016-10-27 10:20:6]Process 753 termed with signal 11(SIGSEGV)
