PT_F40-plus_3-100 Test Num : 1
Inject into ../bin/hello
----- Type : plus_3 Pos : PT_F40 -----
There are 1 faults will be injected in faulttable...
100945 microseconds
Fault on PT_F40(0X7f996f32cee0 -> 0X7f996f32cee3)
3000123 microseconds
timeout
[2016-10-27 10:26:19]Process 2672 termed with signal 14(SIGALRM)
PT_F40-plus_3-100 Test Num : 2
Inject into ../bin/hello
----- Type : plus_3 Pos : PT_F40 -----
There are 1 faults will be injected in faulttable...
100930 microseconds
Fault on PT_F40(0X7fb9d417eee0 -> 0X7fb9d417eee3)
3000067 microseconds
timeout
[2016-10-27 10:26:22]Process 2678 termed with signal 14(SIGALRM)
PT_F40-plus_3-100 Test Num : 3
Inject into ../bin/hello
----- Type : plus_3 Pos : PT_F40 -----
There are 1 faults will be injected in faulttable...
100979 microseconds
Fault on PT_F40(0X7ff51ce6dee0 -> 0X7ff51ce6dee3)
3000069 microseconds
timeout
[2016-10-27 10:26:25]Process 2694 termed with signal 14(SIGALRM)
PT_F40-plus_3-100 Test Num : 4
Inject into ../bin/hello
----- Type : plus_3 Pos : PT_F40 -----
There are 1 faults will be injected in faulttable...
100944 microseconds
Fault on PT_F40(0X7fc9cd446ee0 -> 0X7fc9cd446ee3)
3000054 microseconds
timeout
[2016-10-27 10:26:28]Process 2717 termed with signal 14(SIGALRM)
PT_F40-plus_3-100 Test Num : 5
Inject into ../bin/hello
----- Type : plus_3 Pos : PT_F40 -----
There are 1 faults will be injected in faulttable...
101016 microseconds
Fault on PT_F40(0X7efd6ba66ee0 -> 0X7efd6ba66ee3)
3000106 microseconds
timeout
[2016-10-27 10:26:31]Process 2747 termed with signal 14(SIGALRM)
PT_F40-plus_3-100 Test Num : 6
Inject into ../bin/hello
----- Type : plus_3 Pos : PT_F40 -----
There are 1 faults will be injected in faulttable...
100099 microseconds
Fault on PT_F40(0X7fe3a88a4ee0 -> 0X7fe3a88a4ee3)
3000076 microseconds
timeout
[2016-10-27 10:26:34]Process 2777 termed with signal 14(SIGALRM)
PT_F40-plus_3-100 Test Num : 7
Inject into ../bin/hello
----- Type : plus_3 Pos : PT_F40 -----
There are 1 faults will be injected in faulttable...
100307 microseconds
Fault on PT_F40(0X7f3a1ffe6ee0 -> 0X7f3a1ffe6ee3)
3000105 microseconds
timeout
[2016-10-27 10:26:38]Process 2800 termed with signal 14(SIGALRM)
PT_F40-plus_3-100 Test Num : 8
Inject into ../bin/hello
----- Type : plus_3 Pos : PT_F40 -----
There are 1 faults will be injected in faulttable...
101224 microseconds
Fault on PT_F40(0X7f0206084ee0 -> 0X7f0206084ee3)
3000145 microseconds
timeout
[2016-10-27 10:26:41]Process 2810 termed with signal 14(SIGALRM)
PT_F40-plus_3-100 Test Num : 9
Inject into ../bin/hello
----- Type : plus_3 Pos : PT_F40 -----
There are 1 faults will be injected in faulttable...
101262 microseconds
Fault on PT_F40(0X7f9770461ee0 -> 0X7f9770461ee3)
3000174 microseconds
timeout
[2016-10-27 10:26:44]Process 2812 termed with signal 14(SIGALRM)
PT_F40-plus_3-100 Test Num : 10
Inject into ../bin/hello
----- Type : plus_3 Pos : PT_F40 -----
There are 1 faults will be injected in faulttable...
100318 microseconds
Fault on PT_F40(0X7fa42a749ee0 -> 0X7fa42a749ee3)
3000125 microseconds
timeout
[2016-10-27 10:26:47]Process 2818 termed with signal 14(SIGALRM)
PT_F40-plus_3-100 Test Num : 11
Inject into ../bin/hello
----- Type : plus_3 Pos : PT_F40 -----
There are 1 faults will be injected in faulttable...
101431 microseconds
Fault on PT_F40(0X7f81d078aee0 -> 0X7f81d078aee3)
3000101 microseconds
timeout
[2016-10-27 10:26:50]Process 2827 termed with signal 14(SIGALRM)
PT_F40-plus_3-100 Test Num : 12
Inject into ../bin/hello
----- Type : plus_3 Pos : PT_F40 -----
There are 1 faults will be injected in faulttable...
100090 microseconds
Fault on PT_F40(0X7f2af5214ee0 -> 0X7f2af5214ee3)
3000320 microseconds
timeout
[2016-10-27 10:26:53]Process 2829 termed with signal 14(SIGALRM)
PT_F40-plus_3-100 Test Num : 13
Inject into ../bin/hello
----- Type : plus_3 Pos : PT_F40 -----
There are 1 faults will be injected in faulttable...
101193 microseconds
Fault on PT_F40(0X7f20de7fcee0 -> 0X7f20de7fcee3)
3000132 microseconds
timeout
[2016-10-27 10:26:56]Process 2850 termed with signal 14(SIGALRM)
PT_F40-plus_3-100 Test Num : 14
Inject into ../bin/hello
----- Type : plus_3 Pos : PT_F40 -----
There are 1 faults will be injected in faulttable...
101187 microseconds
Fault on PT_F40(0X7f1f94557ee0 -> 0X7f1f94557ee3)
3000125 microseconds
timeout
[2016-10-27 10:26:59]Process 2866 termed with signal 14(SIGALRM)
PT_F40-plus_3-100 Test Num : 15
Inject into ../bin/hello
----- Type : plus_3 Pos : PT_F40 -----
There are 1 faults will be injected in faulttable...
101456 microseconds
Fault on PT_F40(0X7f92d8c30ee0 -> 0X7f92d8c30ee3)
3000184 microseconds
timeout
[ 2016-10-27 10:27:2]Process 2875 termed with signal 14(SIGALRM)
PT_F40-plus_3-100 Test Num : 16
Inject into ../bin/hello
----- Type : plus_3 Pos : PT_F40 -----
There are 1 faults will be injected in faulttable...
101190 microseconds
Fault on PT_F40(0X7f43b89b7ee0 -> 0X7f43b89b7ee3)
3000093 microseconds
timeout
[ 2016-10-27 10:27:6]Process 2877 termed with signal 14(SIGALRM)
PT_F40-plus_3-100 Test Num : 17
Inject into ../bin/hello
----- Type : plus_3 Pos : PT_F40 -----
There are 1 faults will be injected in faulttable...
101043 microseconds
Fault on PT_F40(0X7f35f2932ee0 -> 0X7f35f2932ee3)
3000064 microseconds
timeout
[ 2016-10-27 10:27:9]Process 2879 termed with signal 14(SIGALRM)
PT_F40-plus_3-100 Test Num : 18
Inject into ../bin/hello
----- Type : plus_3 Pos : PT_F40 -----
There are 1 faults will be injected in faulttable...
101008 microseconds
Fault on PT_F40(0X7f2050575ee0 -> 0X7f2050575ee3)
3000102 microseconds
timeout
[2016-10-27 10:27:12]Process 2886 termed with signal 14(SIGALRM)
PT_F40-plus_3-100 Test Num : 19
Inject into ../bin/hello
----- Type : plus_3 Pos : PT_F40 -----
There are 1 faults will be injected in faulttable...
101120 microseconds
Fault on PT_F40(0X7fdae24bdee0 -> 0X7fdae24bdee3)
3000101 microseconds
timeout
[2016-10-27 10:27:15]Process 2888 termed with signal 14(SIGALRM)
PT_F40-plus_3-100 Test Num : 20
Inject into ../bin/hello
----- Type : plus_3 Pos : PT_F40 -----
There are 1 faults will be injected in faulttable...
101553 microseconds
Fault on PT_F40(0X7fe96e324ee0 -> 0X7fe96e324ee3)
3000076 microseconds
timeout
[2016-10-27 10:27:18]Process 2897 termed with signal 14(SIGALRM)
PT_F40-plus_3-100 Test Num : 21
Inject into ../bin/hello
----- Type : plus_3 Pos : PT_F40 -----
There are 1 faults will be injected in faulttable...
100964 microseconds
Fault on PT_F40(0X7fe9a9fb7ee0 -> 0X7fe9a9fb7ee3)
3000110 microseconds
timeout
[2016-10-27 10:27:21]Process 2899 termed with signal 14(SIGALRM)
PT_F40-plus_3-100 Test Num : 22
Inject into ../bin/hello
----- Type : plus_3 Pos : PT_F40 -----
There are 1 faults will be injected in faulttable...
100931 microseconds
Fault on PT_F40(0X7fe029ccbee0 -> 0X7fe029ccbee3)
3000078 microseconds
timeout
[2016-10-27 10:27:24]Process 2901 termed with signal 14(SIGALRM)
PT_F40-plus_3-100 Test Num : 23
Inject into ../bin/hello
----- Type : plus_3 Pos : PT_F40 -----
There are 1 faults will be injected in faulttable...
100100 microseconds
Fault on PT_F40(0X7fba7c3b3ee0 -> 0X7fba7c3b3ee3)
3000130 microseconds
timeout
[2016-10-27 10:27:27]Process 2903 termed with signal 14(SIGALRM)
PT_F40-plus_3-100 Test Num : 24
Inject into ../bin/hello
----- Type : plus_3 Pos : PT_F40 -----
There are 1 faults will be injected in faulttable...
101061 microseconds
Fault on PT_F40(0X7f3819308ee0 -> 0X7f3819308ee3)
3000119 microseconds
timeout
[2016-10-27 10:27:30]Process 2905 termed with signal 14(SIGALRM)
PT_F40-plus_3-100 Test Num : 25
Inject into ../bin/hello
----- Type : plus_3 Pos : PT_F40 -----
There are 1 faults will be injected in faulttable...
101026 microseconds
Fault on PT_F40(0X7f8a695bfee0 -> 0X7f8a695bfee3)
3000106 microseconds
timeout
[2016-10-27 10:27:34]Process 2907 termed with signal 14(SIGALRM)
PT_F40-plus_3-100 Test Num : 26
Inject into ../bin/hello
----- Type : plus_3 Pos : PT_F40 -----
There are 1 faults will be injected in faulttable...
101071 microseconds
Fault on PT_F40(0X7f1c90819ee0 -> 0X7f1c90819ee3)
3000106 microseconds
timeout
[2016-10-27 10:27:37]Process 2909 termed with signal 14(SIGALRM)
PT_F40-plus_3-100 Test Num : 27
Inject into ../bin/hello
----- Type : plus_3 Pos : PT_F40 -----
There are 1 faults will be injected in faulttable...
101004 microseconds
Fault on PT_F40(0X7fe11dbf3ee0 -> 0X7fe11dbf3ee3)
3000117 microseconds
timeout
[2016-10-27 10:27:40]Process 2934 termed with signal 14(SIGALRM)
PT_F40-plus_3-100 Test Num : 28
Inject into ../bin/hello
----- Type : plus_3 Pos : PT_F40 -----
There are 1 faults will be injected in faulttable...
100957 microseconds
Fault on PT_F40(0X7fb817631ee0 -> 0X7fb817631ee3)
3000141 microseconds
timeout
[2016-10-27 10:27:43]Process 2957 termed with signal 14(SIGALRM)
PT_F40-plus_3-100 Test Num : 29
Inject into ../bin/hello
----- Type : plus_3 Pos : PT_F40 -----
There are 1 faults will be injected in faulttable...
101046 microseconds
Fault on PT_F40(0X7f89806b4ee0 -> 0X7f89806b4ee3)
3000081 microseconds
timeout
[2016-10-27 10:27:46]Process 2981 termed with signal 14(SIGALRM)
PT_F40-plus_3-100 Test Num : 30
Inject into ../bin/hello
----- Type : plus_3 Pos : PT_F40 -----
There are 1 faults will be injected in faulttable...
100398 microseconds
Fault on PT_F40(0X7f45aff75ee0 -> 0X7f45aff75ee3)
3000302 microseconds
timeout
[2016-10-27 10:27:49]Process 3083 termed with signal 14(SIGALRM)
PT_F40-plus_3-100 Test Num : 31
Inject into ../bin/hello
----- Type : plus_3 Pos : PT_F40 -----
There are 1 faults will be injected in faulttable...
101503 microseconds
Fault on PT_F40(0X7f180bf69ee0 -> 0X7f180bf69ee3)
3000054 microseconds
timeout
[2016-10-27 10:27:52]Process 3120 termed with signal 14(SIGALRM)
PT_F40-plus_3-100 Test Num : 32
Inject into ../bin/hello
----- Type : plus_3 Pos : PT_F40 -----
There are 1 faults will be injected in faulttable...
100080 microseconds
Fault on PT_F40(0X7fa8fc595ee0 -> 0X7fa8fc595ee3)
3000095 microseconds
timeout
[2016-10-27 10:27:55]Process 3191 termed with signal 14(SIGALRM)
PT_F40-plus_3-100 Test Num : 33
Inject into ../bin/hello
----- Type : plus_3 Pos : PT_F40 -----
There are 1 faults will be injected in faulttable...
101179 microseconds
Fault on PT_F40(0X7ffb26a0fee0 -> 0X7ffb26a0fee3)
3000077 microseconds
timeout
[2016-10-27 10:27:58]Process 3218 termed with signal 14(SIGALRM)
PT_F40-plus_3-100 Test Num : 34
Inject into ../bin/hello
----- Type : plus_3 Pos : PT_F40 -----
There are 1 faults will be injected in faulttable...
101118 microseconds
Fault on PT_F40(0X7faa03d46ee0 -> 0X7faa03d46ee3)
3000121 microseconds
timeout
[ 2016-10-27 10:28:2]Process 3239 termed with signal 14(SIGALRM)
PT_F40-plus_3-100 Test Num : 35
Inject into ../bin/hello
----- Type : plus_3 Pos : PT_F40 -----
There are 1 faults will be injected in faulttable...
101545 microseconds
Fault on PT_F40(0X7fb51ea8bee0 -> 0X7fb51ea8bee3)
3000084 microseconds
timeout
[ 2016-10-27 10:28:5]Process 3241 termed with signal 14(SIGALRM)
PT_F40-plus_3-100 Test Num : 36
Inject into ../bin/hello
----- Type : plus_3 Pos : PT_F40 -----
There are 1 faults will be injected in faulttable...
101102 microseconds
Fault on PT_F40(0X7f5537b1dee0 -> 0X7f5537b1dee3)
3000125 microseconds
timeout
[ 2016-10-27 10:28:8]Process 3248 termed with signal 14(SIGALRM)
PT_F40-plus_3-100 Test Num : 37
Inject into ../bin/hello
----- Type : plus_3 Pos : PT_F40 -----
There are 1 faults will be injected in faulttable...
100103 microseconds
Fault on PT_F40(0X7f8f862e8ee0 -> 0X7f8f862e8ee3)
3000067 microseconds
timeout
[2016-10-27 10:28:11]Process 3250 termed with signal 14(SIGALRM)
PT_F40-plus_3-100 Test Num : 38
Inject into ../bin/hello
----- Type : plus_3 Pos : PT_F40 -----
There are 1 faults will be injected in faulttable...
100966 microseconds
Fault on PT_F40(0X7fd49b813ee0 -> 0X7fd49b813ee3)
3000119 microseconds
timeout
[2016-10-27 10:28:14]Process 3252 termed with signal 14(SIGALRM)
PT_F40-plus_3-100 Test Num : 39
Inject into ../bin/hello
----- Type : plus_3 Pos : PT_F40 -----
There are 1 faults will be injected in faulttable...
101015 microseconds
Fault on PT_F40(0X7fa17b0c7ee0 -> 0X7fa17b0c7ee3)
3000111 microseconds
timeout
[2016-10-27 10:28:17]Process 3254 termed with signal 14(SIGALRM)
PT_F40-plus_3-100 Test Num : 40
Inject into ../bin/hello
----- Type : plus_3 Pos : PT_F40 -----
There are 1 faults will be injected in faulttable...
100092 microseconds
Fault on PT_F40(0X7f89273d0ee0 -> 0X7f89273d0ee3)
3000087 microseconds
timeout
[2016-10-27 10:28:20]Process 3256 termed with signal 14(SIGALRM)
PT_F40-plus_3-100 Test Num : 41
Inject into ../bin/hello
----- Type : plus_3 Pos : PT_F40 -----
There are 1 faults will be injected in faulttable...
101139 microseconds
Fault on PT_F40(0X7fdbe0521ee0 -> 0X7fdbe0521ee3)
3000119 microseconds
timeout
[2016-10-27 10:28:23]Process 3286 termed with signal 14(SIGALRM)
PT_F40-plus_3-100 Test Num : 42
Inject into ../bin/hello
----- Type : plus_3 Pos : PT_F40 -----
There are 1 faults will be injected in faulttable...
100991 microseconds
Fault on PT_F40(0X7fb45a305ee0 -> 0X7fb45a305ee3)
3000085 microseconds
timeout
[2016-10-27 10:28:26]Process 3323 termed with signal 14(SIGALRM)
PT_F40-plus_3-100 Test Num : 43
Inject into ../bin/hello
----- Type : plus_3 Pos : PT_F40 -----
There are 1 faults will be injected in faulttable...
101094 microseconds
Fault on PT_F40(0X7f8149d8dee0 -> 0X7f8149d8dee3)
3000143 microseconds
timeout
[2016-10-27 10:28:30]Process 3360 termed with signal 14(SIGALRM)
PT_F40-plus_3-100 Test Num : 44
Inject into ../bin/hello
----- Type : plus_3 Pos : PT_F40 -----
There are 1 faults will be injected in faulttable...
101093 microseconds
Fault on PT_F40(0X7fae981b4ee0 -> 0X7fae981b4ee3)
3000068 microseconds
timeout
[2016-10-27 10:28:33]Process 3390 termed with signal 14(SIGALRM)
PT_F40-plus_3-100 Test Num : 45
Inject into ../bin/hello
----- Type : plus_3 Pos : PT_F40 -----
There are 1 faults will be injected in faulttable...
101127 microseconds
Fault on PT_F40(0X7f7670a4aee0 -> 0X7f7670a4aee3)
3000124 microseconds
timeout
[2016-10-27 10:28:36]Process 3493 termed with signal 14(SIGALRM)
PT_F40-plus_3-100 Test Num : 46
Inject into ../bin/hello
----- Type : plus_3 Pos : PT_F40 -----
There are 1 faults will be injected in faulttable...
101313 microseconds
Fault on PT_F40(0X7fd8a1336ee0 -> 0X7fd8a1336ee3)
3000059 microseconds
timeout
[2016-10-27 10:28:39]Process 3523 termed with signal 14(SIGALRM)
PT_F40-plus_3-100 Test Num : 47
Inject into ../bin/hello
----- Type : plus_3 Pos : PT_F40 -----
There are 1 faults will be injected in faulttable...
100899 microseconds
Fault on PT_F40(0X7f3e23be9ee0 -> 0X7f3e23be9ee3)
3000062 microseconds
timeout
[2016-10-27 10:28:42]Process 3539 termed with signal 14(SIGALRM)
PT_F40-plus_3-100 Test Num : 48
Inject into ../bin/hello
----- Type : plus_3 Pos : PT_F40 -----
There are 1 faults will be injected in faulttable...
101007 microseconds
Fault on PT_F40(0X7fc943cd8ee0 -> 0X7fc943cd8ee3)
3000055 microseconds
timeout
[2016-10-27 10:28:45]Process 3549 termed with signal 14(SIGALRM)
PT_F40-plus_3-100 Test Num : 49
Inject into ../bin/hello
----- Type : plus_3 Pos : PT_F40 -----
There are 1 faults will be injected in faulttable...
101115 microseconds
Fault on PT_F40(0X7f3393ba1ee0 -> 0X7f3393ba1ee3)
3000092 microseconds
timeout
[2016-10-27 10:28:48]Process 3551 termed with signal 14(SIGALRM)
PT_F40-plus_3-100 Test Num : 50
Inject into ../bin/hello
----- Type : plus_3 Pos : PT_F40 -----
There are 1 faults will be injected in faulttable...
101163 microseconds
Fault on PT_F40(0X7f1a55568ee0 -> 0X7f1a55568ee3)
3000109 microseconds
timeout
[2016-10-27 10:28:51]Process 3553 termed with signal 14(SIGALRM)
PT_F40-plus_3-100 Test Num : 51
Inject into ../bin/hello
----- Type : plus_3 Pos : PT_F40 -----
There are 1 faults will be injected in faulttable...
100269 microseconds
Fault on PT_F40(0X7f95f3297ee0 -> 0X7f95f3297ee3)
3000101 microseconds
timeout
[2016-10-27 10:28:54]Process 3555 termed with signal 14(SIGALRM)
PT_F40-plus_3-100 Test Num : 52
Inject into ../bin/hello
----- Type : plus_3 Pos : PT_F40 -----
There are 1 faults will be injected in faulttable...
101239 microseconds
Fault on PT_F40(0X7f3e31c90ee0 -> 0X7f3e31c90ee3)
3000092 microseconds
timeout
[2016-10-27 10:28:58]Process 3557 termed with signal 14(SIGALRM)
PT_F40-plus_3-100 Test Num : 53
Inject into ../bin/hello
----- Type : plus_3 Pos : PT_F40 -----
There are 1 faults will be injected in faulttable...
100957 microseconds
Fault on PT_F40(0X7f9682ff2ee0 -> 0X7f9682ff2ee3)
3000196 microseconds
timeout
[ 2016-10-27 10:29:1]Process 3559 termed with signal 14(SIGALRM)
PT_F40-plus_3-100 Test Num : 54
Inject into ../bin/hello
----- Type : plus_3 Pos : PT_F40 -----
There are 1 faults will be injected in faulttable...
101008 microseconds
Fault on PT_F40(0X7f6b4e381ee0 -> 0X7f6b4e381ee3)
3000111 microseconds
timeout
[ 2016-10-27 10:29:4]Process 3561 termed with signal 14(SIGALRM)
PT_F40-plus_3-100 Test Num : 55
Inject into ../bin/hello
----- Type : plus_3 Pos : PT_F40 -----
There are 1 faults will be injected in faulttable...
101101 microseconds
Fault on PT_F40(0X7f0088c00ee0 -> 0X7f0088c00ee3)
3000096 microseconds
timeout
[ 2016-10-27 10:29:7]Process 3563 termed with signal 14(SIGALRM)
PT_F40-plus_3-100 Test Num : 56
Inject into ../bin/hello
----- Type : plus_3 Pos : PT_F40 -----
There are 1 faults will be injected in faulttable...
101081 microseconds
Fault on PT_F40(0X7fab5db0eee0 -> 0X7fab5db0eee3)
3000111 microseconds
timeout
[2016-10-27 10:29:10]Process 3569 termed with signal 14(SIGALRM)
PT_F40-plus_3-100 Test Num : 57
Inject into ../bin/hello
----- Type : plus_3 Pos : PT_F40 -----
There are 1 faults will be injected in faulttable...
101038 microseconds
Fault on PT_F40(0X7ffb35e22ee0 -> 0X7ffb35e22ee3)
3000114 microseconds
timeout
[2016-10-27 10:29:13]Process 3572 termed with signal 14(SIGALRM)
PT_F40-plus_3-100 Test Num : 58
Inject into ../bin/hello
----- Type : plus_3 Pos : PT_F40 -----
There are 1 faults will be injected in faulttable...
101092 microseconds
Fault on PT_F40(0X7f6076c7dee0 -> 0X7f6076c7dee3)
3000078 microseconds
timeout
[2016-10-27 10:29:16]Process 3592 termed with signal 14(SIGALRM)
PT_F40-plus_3-100 Test Num : 59
Inject into ../bin/hello
----- Type : plus_3 Pos : PT_F40 -----
There are 1 faults will be injected in faulttable...
100084 microseconds
Fault on PT_F40(0X7fc095c88ee0 -> 0X7fc095c88ee3)
3000087 microseconds
timeout
[2016-10-27 10:29:19]Process 3608 termed with signal 14(SIGALRM)
PT_F40-plus_3-100 Test Num : 60
Inject into ../bin/hello
----- Type : plus_3 Pos : PT_F40 -----
There are 1 faults will be injected in faulttable...
101190 microseconds
Fault on PT_F40(0X7f5a4ec30ee0 -> 0X7f5a4ec30ee3)
3000101 microseconds
timeout
[2016-10-27 10:29:22]Process 3610 termed with signal 14(SIGALRM)
PT_F40-plus_3-100 Test Num : 61
Inject into ../bin/hello
----- Type : plus_3 Pos : PT_F40 -----
There are 1 faults will be injected in faulttable...
101400 microseconds
Fault on PT_F40(0X7f4afd246ee0 -> 0X7f4afd246ee3)
3000077 microseconds
timeout
[2016-10-27 10:29:26]Process 3612 termed with signal 14(SIGALRM)
PT_F40-plus_3-100 Test Num : 62
Inject into ../bin/hello
----- Type : plus_3 Pos : PT_F40 -----
There are 1 faults will be injected in faulttable...
101228 microseconds
Fault on PT_F40(0X7f0e10459ee0 -> 0X7f0e10459ee3)
3000167 microseconds
timeout
[2016-10-27 10:29:29]Process 3614 termed with signal 14(SIGALRM)
PT_F40-plus_3-100 Test Num : 63
Inject into ../bin/hello
----- Type : plus_3 Pos : PT_F40 -----
There are 1 faults will be injected in faulttable...
100961 microseconds
Fault on PT_F40(0X7f031b348ee0 -> 0X7f031b348ee3)
3000135 microseconds
timeout
[2016-10-27 10:29:32]Process 3616 termed with signal 14(SIGALRM)
PT_F40-plus_3-100 Test Num : 64
Inject into ../bin/hello
----- Type : plus_3 Pos : PT_F40 -----
There are 1 faults will be injected in faulttable...
101036 microseconds
Fault on PT_F40(0X7fa12f787ee0 -> 0X7fa12f787ee3)
3001727 microseconds
timeout
[2016-10-27 10:29:35]Process 3618 termed with signal 14(SIGALRM)
PT_F40-plus_3-100 Test Num : 65
Inject into ../bin/hello
----- Type : plus_3 Pos : PT_F40 -----
There are 1 faults will be injected in faulttable...
100329 microseconds
Fault on PT_F40(0X7f013df6aee0 -> 0X7f013df6aee3)
3000109 microseconds
timeout
[2016-10-27 10:29:38]Process 3620 termed with signal 14(SIGALRM)
PT_F40-plus_3-100 Test Num : 66
Inject into ../bin/hello
----- Type : plus_3 Pos : PT_F40 -----
There are 1 faults will be injected in faulttable...
101040 microseconds
Fault on PT_F40(0X7f7078c45ee0 -> 0X7f7078c45ee3)
3000133 microseconds
timeout
[2016-10-27 10:29:41]Process 3622 termed with signal 14(SIGALRM)
PT_F40-plus_3-100 Test Num : 67
Inject into ../bin/hello
----- Type : plus_3 Pos : PT_F40 -----
There are 1 faults will be injected in faulttable...
101176 microseconds
Fault on PT_F40(0X7fd6a74cdee0 -> 0X7fd6a74cdee3)
3000083 microseconds
timeout
[2016-10-27 10:29:44]Process 3624 termed with signal 14(SIGALRM)
PT_F40-plus_3-100 Test Num : 68
Inject into ../bin/hello
----- Type : plus_3 Pos : PT_F40 -----
There are 1 faults will be injected in faulttable...
100111 microseconds
Fault on PT_F40(0X7f6eb814eee0 -> 0X7f6eb814eee3)
3000066 microseconds
timeout
[2016-10-27 10:29:47]Process 3626 termed with signal 14(SIGALRM)
PT_F40-plus_3-100 Test Num : 69
Inject into ../bin/hello
----- Type : plus_3 Pos : PT_F40 -----
There are 1 faults will be injected in faulttable...
101050 microseconds
Fault on PT_F40(0X7ff4cf19fee0 -> 0X7ff4cf19fee3)
3000167 microseconds
timeout
[2016-10-27 10:29:50]Process 3628 termed with signal 14(SIGALRM)
PT_F40-plus_3-100 Test Num : 70
Inject into ../bin/hello
----- Type : plus_3 Pos : PT_F40 -----
There are 1 faults will be injected in faulttable...
101043 microseconds
Fault on PT_F40(0X7f49d100cee0 -> 0X7f49d100cee3)
3000110 microseconds
timeout
[2016-10-27 10:29:54]Process 3630 termed with signal 14(SIGALRM)
PT_F40-plus_3-100 Test Num : 71
Inject into ../bin/hello
----- Type : plus_3 Pos : PT_F40 -----
There are 1 faults will be injected in faulttable...
101491 microseconds
Fault on PT_F40(0X7f40a1539ee0 -> 0X7f40a1539ee3)
3000127 microseconds
timeout
[2016-10-27 10:29:57]Process 3632 termed with signal 14(SIGALRM)
PT_F40-plus_3-100 Test Num : 72
Inject into ../bin/hello
----- Type : plus_3 Pos : PT_F40 -----
There are 1 faults will be injected in faulttable...
100993 microseconds
Fault on PT_F40(0X7faf838b1ee0 -> 0X7faf838b1ee3)
3000070 microseconds
timeout
[ 2016-10-27 10:30:0]Process 3634 termed with signal 14(SIGALRM)
PT_F40-plus_3-100 Test Num : 73
Inject into ../bin/hello
----- Type : plus_3 Pos : PT_F40 -----
There are 1 faults will be injected in faulttable...
101361 microseconds
Fault on PT_F40(0X7fa1a21e2ee0 -> 0X7fa1a21e2ee3)
3000116 microseconds
timeout
[ 2016-10-27 10:30:3]Process 3636 termed with signal 14(SIGALRM)
PT_F40-plus_3-100 Test Num : 74
Inject into ../bin/hello
----- Type : plus_3 Pos : PT_F40 -----
There are 1 faults will be injected in faulttable...
101220 microseconds
Fault on PT_F40(0X7fc993601ee0 -> 0X7fc993601ee3)
3000094 microseconds
timeout
[ 2016-10-27 10:30:6]Process 3638 termed with signal 14(SIGALRM)
PT_F40-plus_3-100 Test Num : 75
Inject into ../bin/hello
----- Type : plus_3 Pos : PT_F40 -----
There are 1 faults will be injected in faulttable...
100955 microseconds
Fault on PT_F40(0X7f80da29dee0 -> 0X7f80da29dee3)
3000146 microseconds
timeout
[ 2016-10-27 10:30:9]Process 3640 termed with signal 14(SIGALRM)
PT_F40-plus_3-100 Test Num : 76
Inject into ../bin/hello
----- Type : plus_3 Pos : PT_F40 -----
There are 1 faults will be injected in faulttable...
101098 microseconds
Fault on PT_F40(0X7f271d8e2ee0 -> 0X7f271d8e2ee3)
3000085 microseconds
timeout
[2016-10-27 10:30:12]Process 3642 termed with signal 14(SIGALRM)
PT_F40-plus_3-100 Test Num : 77
Inject into ../bin/hello
----- Type : plus_3 Pos : PT_F40 -----
There are 1 faults will be injected in faulttable...
100259 microseconds
Fault on PT_F40(0X7f1623d24ee0 -> 0X7f1623d24ee3)
3000116 microseconds
timeout
[2016-10-27 10:30:15]Process 3644 termed with signal 14(SIGALRM)
PT_F40-plus_3-100 Test Num : 78
Inject into ../bin/hello
----- Type : plus_3 Pos : PT_F40 -----
There are 1 faults will be injected in faulttable...
101172 microseconds
Fault on PT_F40(0X7f6a1117eee0 -> 0X7f6a1117eee3)
3000172 microseconds
timeout
[2016-10-27 10:30:18]Process 3696 termed with signal 14(SIGALRM)
PT_F40-plus_3-100 Test Num : 79
Inject into ../bin/hello
----- Type : plus_3 Pos : PT_F40 -----
There are 1 faults will be injected in faulttable...
101224 microseconds
Fault on PT_F40(0X7f74b1930ee0 -> 0X7f74b1930ee3)
3000069 microseconds
timeout
[2016-10-27 10:30:22]Process 3699 termed with signal 14(SIGALRM)
PT_F40-plus_3-100 Test Num : 80
Inject into ../bin/hello
----- Type : plus_3 Pos : PT_F40 -----
There are 1 faults will be injected in faulttable...
101028 microseconds
Fault on PT_F40(0X7fcb6ccd9ee0 -> 0X7fcb6ccd9ee3)
3000098 microseconds
timeout
[2016-10-27 10:30:25]Process 3705 termed with signal 14(SIGALRM)
PT_F40-plus_3-100 Test Num : 81
Inject into ../bin/hello
----- Type : plus_3 Pos : PT_F40 -----
There are 1 faults will be injected in faulttable...
101151 microseconds
Fault on PT_F40(0X7faa986adee0 -> 0X7faa986adee3)
3000128 microseconds
timeout
[2016-10-27 10:30:28]Process 3707 termed with signal 14(SIGALRM)
PT_F40-plus_3-100 Test Num : 82
Inject into ../bin/hello
----- Type : plus_3 Pos : PT_F40 -----
There are 1 faults will be injected in faulttable...
101298 microseconds
Fault on PT_F40(0X7f1c39733ee0 -> 0X7f1c39733ee3)
3000124 microseconds
timeout
[2016-10-27 10:30:31]Process 3709 termed with signal 14(SIGALRM)
PT_F40-plus_3-100 Test Num : 83
Inject into ../bin/hello
----- Type : plus_3 Pos : PT_F40 -----
There are 1 faults will be injected in faulttable...
101276 microseconds
Fault on PT_F40(0X7f3319c09ee0 -> 0X7f3319c09ee3)
3000090 microseconds
timeout
[2016-10-27 10:30:34]Process 3711 termed with signal 14(SIGALRM)
PT_F40-plus_3-100 Test Num : 84
Inject into ../bin/hello
----- Type : plus_3 Pos : PT_F40 -----
There are 1 faults will be injected in faulttable...
101033 microseconds
Fault on PT_F40(0X7f0d468afee0 -> 0X7f0d468afee3)
3000138 microseconds
timeout
[2016-10-27 10:30:37]Process 3713 termed with signal 14(SIGALRM)
PT_F40-plus_3-100 Test Num : 85
Inject into ../bin/hello
----- Type : plus_3 Pos : PT_F40 -----
There are 1 faults will be injected in faulttable...
100994 microseconds
Fault on PT_F40(0X7fec4e2deee0 -> 0X7fec4e2deee3)
3000097 microseconds
timeout
[2016-10-27 10:30:40]Process 3715 termed with signal 14(SIGALRM)
PT_F40-plus_3-100 Test Num : 86
Inject into ../bin/hello
----- Type : plus_3 Pos : PT_F40 -----
There are 1 faults will be injected in faulttable...
100983 microseconds
Fault on PT_F40(0X7f9a99e3cee0 -> 0X7f9a99e3cee3)
3000107 microseconds
timeout
[2016-10-27 10:30:43]Process 3799 termed with signal 14(SIGALRM)
PT_F40-plus_3-100 Test Num : 87
Inject into ../bin/hello
----- Type : plus_3 Pos : PT_F40 -----
There are 1 faults will be injected in faulttable...
101454 microseconds
Fault on PT_F40(0X7f2e2883fee0 -> 0X7f2e2883fee3)
3000105 microseconds
timeout
[2016-10-27 10:30:47]Process 3808 termed with signal 14(SIGALRM)
PT_F40-plus_3-100 Test Num : 88
Inject into ../bin/hello
----- Type : plus_3 Pos : PT_F40 -----
There are 1 faults will be injected in faulttable...
100950 microseconds
Fault on PT_F40(0X7f7b9eaadee0 -> 0X7f7b9eaadee3)
3000153 microseconds
timeout
[2016-10-27 10:30:50]Process 3810 termed with signal 14(SIGALRM)
PT_F40-plus_3-100 Test Num : 89
Inject into ../bin/hello
----- Type : plus_3 Pos : PT_F40 -----
There are 1 faults will be injected in faulttable...
100072 microseconds
Fault on PT_F40(0X7f1ff705eee0 -> 0X7f1ff705eee3)
3000109 microseconds
timeout
[2016-10-27 10:30:53]Process 3812 termed with signal 14(SIGALRM)
PT_F40-plus_3-100 Test Num : 90
Inject into ../bin/hello
----- Type : plus_3 Pos : PT_F40 -----
There are 1 faults will be injected in faulttable...
100207 microseconds
Fault on PT_F40(0X7f82f57f1ee0 -> 0X7f82f57f1ee3)
3000067 microseconds
timeout
[2016-10-27 10:30:56]Process 3814 termed with signal 14(SIGALRM)
PT_F40-plus_3-100 Test Num : 91
Inject into ../bin/hello
----- Type : plus_3 Pos : PT_F40 -----
There are 1 faults will be injected in faulttable...
101166 microseconds
Fault on PT_F40(0X7fba93faaee0 -> 0X7fba93faaee3)
3000107 microseconds
timeout
[2016-10-27 10:30:59]Process 3816 termed with signal 14(SIGALRM)
PT_F40-plus_3-100 Test Num : 92
Inject into ../bin/hello
----- Type : plus_3 Pos : PT_F40 -----
There are 1 faults will be injected in faulttable...
100086 microseconds
Fault on PT_F40(0X7fd1df542ee0 -> 0X7fd1df542ee3)
3000056 microseconds
timeout
[ 2016-10-27 10:31:2]Process 3818 termed with signal 14(SIGALRM)
PT_F40-plus_3-100 Test Num : 93
Inject into ../bin/hello
----- Type : plus_3 Pos : PT_F40 -----
There are 1 faults will be injected in faulttable...
101233 microseconds
Fault on PT_F40(0X7fb84a6dcee0 -> 0X7fb84a6dcee3)
3000113 microseconds
timeout
[ 2016-10-27 10:31:5]Process 3820 termed with signal 14(SIGALRM)
PT_F40-plus_3-100 Test Num : 94
Inject into ../bin/hello
----- Type : plus_3 Pos : PT_F40 -----
There are 1 faults will be injected in faulttable...
101146 microseconds
Fault on PT_F40(0X7fadde537ee0 -> 0X7fadde537ee3)
3000074 microseconds
timeout
[ 2016-10-27 10:31:8]Process 3822 termed with signal 14(SIGALRM)
PT_F40-plus_3-100 Test Num : 95
Inject into ../bin/hello
----- Type : plus_3 Pos : PT_F40 -----
There are 1 faults will be injected in faulttable...
101391 microseconds
Fault on PT_F40(0X7fe112af1ee0 -> 0X7fe112af1ee3)
3000098 microseconds
timeout
[2016-10-27 10:31:11]Process 3825 termed with signal 14(SIGALRM)
PT_F40-plus_3-100 Test Num : 96
Inject into ../bin/hello
----- Type : plus_3 Pos : PT_F40 -----
There are 1 faults will be injected in faulttable...
101045 microseconds
Fault on PT_F40(0X7efd95318ee0 -> 0X7efd95318ee3)
3000095 microseconds
timeout
[2016-10-27 10:31:15]Process 3827 termed with signal 14(SIGALRM)
PT_F40-plus_3-100 Test Num : 97
Inject into ../bin/hello
----- Type : plus_3 Pos : PT_F40 -----
There are 1 faults will be injected in faulttable...
101046 microseconds
Fault on PT_F40(0X7f1189693ee0 -> 0X7f1189693ee3)
3000120 microseconds
timeout
[2016-10-27 10:31:18]Process 3829 termed with signal 14(SIGALRM)
PT_F40-plus_3-100 Test Num : 98
Inject into ../bin/hello
----- Type : plus_3 Pos : PT_F40 -----
There are 1 faults will be injected in faulttable...
101130 microseconds
Fault on PT_F40(0X7f5ad1f8eee0 -> 0X7f5ad1f8eee3)
3000095 microseconds
timeout
[2016-10-27 10:31:21]Process 3831 termed with signal 14(SIGALRM)
PT_F40-plus_3-100 Test Num : 99
Inject into ../bin/hello
----- Type : plus_3 Pos : PT_F40 -----
There are 1 faults will be injected in faulttable...
100990 microseconds
Fault on PT_F40(0X7f86ffc96ee0 -> 0X7f86ffc96ee3)
3000083 microseconds
timeout
[2016-10-27 10:31:24]Process 3833 termed with signal 14(SIGALRM)
PT_F40-plus_3-100 Test Num : 100
Inject into ../bin/hello
----- Type : plus_3 Pos : PT_F40 -----
There are 1 faults will be injected in faulttable...
101181 microseconds
Fault on PT_F40(0X7fa84957fee0 -> 0X7fa84957fee3)
3000141 microseconds
timeout
[2016-10-27 10:31:27]Process 3842 termed with signal 14(SIGALRM)
